"../../../PropNavigationGame/Content/StarterContent/Excelsior_Skeleton.uasset" 0
"../../../Engine/Content/Functions/Engine_MaterialFunctions02/Utility/BreakOutFloat2Components.uasset" 1
"../../../Engine/Content/Functions/Engine_MaterialFunctions01/Texturing/ScaleUVsByCenter.uasset" 2
"../../../Engine/Content/Functions/Engine_MaterialFunctions02/ScreenResolution.uasset" 3
"../../../Engine/Content/Functions/Engine_MaterialFunctions02/Texturing/ScreenAlignedUVs.uasset" 4
"../../../PropNavigationGame/Content/StarterContent/Gradient.uasset" 5
"../../../PropNavigationGame/Content/StarterContent/EngineTrailMaterial.uasset" 6
"../../../PropNavigationGame/Content/StarterContent/TrailParticleSystem.uasset" 7
"../../../PropNavigationGame/Content/TrailAnimation.uasset" 8
"../../../Engine/Content/BasicShapes/BasicShapeMaterial.uasset" 9
"../../../Engine/Content/Functions/Engine_MaterialFunctions01/Opacity/CameraDepthFade.uasset" 10
"../../../Engine/Content/EngineMaterials/T_Default_Material_Grid_M.uasset" 11
"../../../Engine/Content/EngineMaterials/T_Default_Material_Grid_N.uasset" 12
"../../../Engine/Content/EngineMaterials/WorldGridMaterial.uasset" 13
"../../../Engine/Content/BasicShapes/Cube.uasset" 14
"../../../PropNavigationGame/Content/Blueprints/ShieldMesh.uasset" 15
"../../../PropNavigationGame/Content/StarterContent/BaseBeam.uasset" 16
"../../../PropNavigationGame/Content/StarterContent/NewMaterial.uasset" 17
"../../../PropNavigationGame/Content/StarterContent/BeamParticleSystem.uasset" 18
"../../../PropNavigationGame/Content/StarterContent/ShieldMaterial.uasset" 19
"../../../PropNavigationGame/Content/StarterContent/TrailParticleSystemBlue.uasset" 20
"../../../PropNavigationGame/Content/StarterContent/Materials/M_Basic_Wall.uasset" 21
"../../../PropNavigationGame/Content/StarterContent/Architecture/Pillar_50x500.uasset" 22
"../../../PropNavigationGame/Content/StarterContent/Architecture/Wall_400x300.uasset" 23
"../../../PropNavigationGame/Content/StarterContent/Architecture/Wall_400x400.uasset" 24
"../../../PropNavigationGame/Content/StarterContent/Architecture/Wall_500x500.uasset" 25
"../../../PropNavigationGame/Content/StarterContent/Architecture/Wall_Door_400x400.uasset" 26
"../../../PropNavigationGame/Content/StarterContent/Architecture/Wall_Window_400x400.uasset" 27
"../../../PropNavigationGame/Content/StarterContent/Audio/Light01_Cue.uasset" 28
"../../../PropNavigationGame/Content/StarterContent/Audio/Light02_Cue.uasset" 29
"../../../PropNavigationGame/Content/StarterContent/Audio/Explosion_Cue.uasset" 30
"../../../PropNavigationGame/Content/StarterContent/Textures/T_Burst_M.uasset" 31
"../../../PropNavigationGame/Content/StarterContent/Particles/Materials/M_Burst.uasset" 32
"../../../PropNavigationGame/Content/StarterContent/Textures/T_Explosion_SubUV.uasset" 33
"../../../PropNavigationGame/Content/StarterContent/Particles/Materials/M_explosion_subUV.uasset" 34
"../../../PropNavigationGame/Content/StarterContent/Particles/Materials/m_flare_01.uasset" 35
"../../../Engine/Content/Functions/Engine_MaterialFunctions01/Gradient/RadialGradient.uasset" 36
"../../../PropNavigationGame/Content/StarterContent/Particles/Materials/M_radial_ramp.uasset" 37
"../../../PropNavigationGame/Content/StarterContent/Textures/T_Smoke_SubUV.uasset" 38
"../../../PropNavigationGame/Content/StarterContent/Textures/T_Smoke_Tiled_D.uasset" 39
"../../../PropNavigationGame/Content/StarterContent/Particles/Materials/M_smoke_subUV.uasset" 40
"../../../PropNavigationGame/Content/StarterContent/Particles/P_Explosion.uasset" 41
"../../../PropNavigationGame/Content/StarterContent/Blueprints/Blueprint_Effect_Explosion.uasset" 42
"../../../Engine/Content/EditorMeshes/ColorCalibrator/T_ColorGrid.uasset" 43
"../../../PropNavigationGame/Content/StarterContent/Materials/M_ColorGrid_LowSpec.uasset" 44
"../../../PropNavigationGame/Content/StarterContent/Materials/SpaceMaterial.uasset" 45
"../../../PropNavigationGame/Content/StarterContent/Textures/T_Bush_D.uasset" 46
"../../../PropNavigationGame/Content/StarterContent/Textures/T_Bush_N.uasset" 47
"../../../PropNavigationGame/Content/StarterContent/Props/Materials/M_Bush.uasset" 48
"../../../PropNavigationGame/Content/StarterContent/Props/SM_Bush.uasset" 49
"../../../PropNavigationGame/Content/StarterContent/Textures/T_Chair_M.uasset" 50
"../../../PropNavigationGame/Content/StarterContent/Textures/T_Chair_N.uasset" 51
"../../../PropNavigationGame/Content/StarterContent/Props/Materials/M_Chair.uasset" 52
"../../../PropNavigationGame/Content/StarterContent/Props/SM_Couch.uasset" 53
"../../../PropNavigationGame/Content/StarterContent/Materials/M_Glass.uasset" 54
"../../../PropNavigationGame/Content/StarterContent/Textures/T_Door_M.uasset" 55
"../../../PropNavigationGame/Content/StarterContent/Textures/T_Door_N.uasset" 56
"../../../PropNavigationGame/Content/StarterContent/Props/Materials/M_Door.uasset" 57
"../../../PropNavigationGame/Content/StarterContent/Props/SM_Door.uasset" 58
"../../../PropNavigationGame/Content/StarterContent/Props/Materials/M_MaterialSphere.uasset" 59
"../../../PropNavigationGame/Content/StarterContent/Props/Materials/M_MaterialSphere_Plain.uasset" 60
"../../../PropNavigationGame/Content/StarterContent/Props/SM_MatPreviewMesh_02.uasset" 61
"../../../Engine/Content/Functions/Engine_MaterialFunctions02/Utility/BlendAngleCorrectedNormals.uasset" 62
"../../../PropNavigationGame/Content/StarterContent/Textures/T_Detail_Rocky_N.uasset" 63
"../../../PropNavigationGame/Content/StarterContent/Textures/T_Rock_Basalt_D.uasset" 64
"../../../PropNavigationGame/Content/StarterContent/Textures/T_RockMesh_M.uasset" 65
"../../../PropNavigationGame/Content/StarterContent/Textures/T_RockMesh_N.uasset" 66
"../../../PropNavigationGame/Content/StarterContent/Props/Materials/M_Rock.uasset" 67
"../../../PropNavigationGame/Content/StarterContent/Props/SM_Rock.uasset" 68
"../../../PropNavigationGame/Content/StarterContent/Textures/T_Shelf_M.uasset" 69
"../../../PropNavigationGame/Content/StarterContent/Textures/T_Shelf_N.uasset" 70
"../../../PropNavigationGame/Content/StarterContent/Props/Materials/M_Shelf.uasset" 71
"../../../PropNavigationGame/Content/StarterContent/Props/SM_Shelf.uasset" 72
"../../../PropNavigationGame/Content/StarterContent/Materials/M_Basic_Floor.uasset" 73
"../../../PropNavigationGame/Content/StarterContent/Props/SM_Stairs.uasset" 74
"../../../PropNavigationGame/Content/StarterContent/Shapes/Shape_Cone.uasset" 75
"../../../PropNavigationGame/Content/StarterContent/Shapes/Shape_Cylinder.uasset" 76
"../../../PropNavigationGame/Content/StarterContent/Shapes/Shape_NarrowCapsule.uasset" 77
"../../../PropNavigationGame/Content/StarterContent/Shapes/Shape_Pipe.uasset" 78
"../../../PropNavigationGame/Content/StarterContent/Shapes/Shape_Pipe_180.uasset" 79
"../../../PropNavigationGame/Content/StarterContent/Shapes/Shape_Pipe_90.uasset" 80
"../../../PropNavigationGame/Content/StarterContent/Shapes/Shape_Plane.uasset" 81
"../../../PropNavigationGame/Content/StarterContent/Shapes/Shape_Torus.uasset" 82
"../../../PropNavigationGame/Content/StarterContent/Shapes/Shape_Trim.uasset" 83
"../../../PropNavigationGame/Content/StarterContent/Shapes/Shape_Trim_90_In.uasset" 84
"../../../PropNavigationGame/Content/StarterContent/Shapes/Shape_Trim_90_Out.uasset" 85
"../../../PropNavigationGame/Content/StarterContent/Shapes/Shape_TriPyramid.uasset" 86
"../../../PropNavigationGame/Content/StarterContent/Shapes/Shape_Tube.uasset" 87
"../../../PropNavigationGame/Content/StarterContent/Shapes/Shape_Wedge_A.uasset" 88
"../../../PropNavigationGame/Content/StarterContent/Shapes/Shape_Wedge_B.uasset" 89
"../../../PropNavigationGame/Content/StarterContent/Shapes/Shape_WideCapsule.uasset" 90
"../../../PropNavigationGame/Content/Textures/Angle_gradient.uasset" 91
"../../../PropNavigationGame/Content/Textures/bkg1_back6.uasset" 92
"../../../PropNavigationGame/Content/Textures/bkg1_bottom4.uasset" 93
"../../../PropNavigationGame/Content/Textures/bkg1_front5.uasset" 94
"../../../PropNavigationGame/Content/Textures/bkg1_left2.uasset" 95
"../../../PropNavigationGame/Content/Textures/bkg1_right1.uasset" 96
"../../../PropNavigationGame/Content/Textures/bkg1_top3.uasset" 97
"../../../PropNavigationGame/Content/Textures/bkg2_back6.uasset" 98
"../../../PropNavigationGame/Content/Textures/bkg2_bottom4.uasset" 99
"../../../PropNavigationGame/Content/Textures/bkg2_front5.uasset" 100
"../../../PropNavigationGame/Content/Textures/bkg2_left2.uasset" 101
"../../../PropNavigationGame/Content/Textures/bkg2_right1.uasset" 102
"../../../PropNavigationGame/Content/Textures/bkg2_top3.uasset" 103
"../../../PropNavigationGame/Content/Textures/bkg3_back6.uasset" 104
"../../../PropNavigationGame/Content/Textures/bkg3_bottom4.uasset" 105
"../../../PropNavigationGame/Content/Textures/bkg3_front5.uasset" 106
"../../../PropNavigationGame/Content/Textures/bkg3_left2.uasset" 107
"../../../PropNavigationGame/Content/Textures/bkg3_right1.uasset" 108
"../../../PropNavigationGame/Content/Textures/bkg3_top3.uasset" 109
"../../../PropNavigationGame/Content/Textures/Curve.uasset" 110
"../../../Engine/Content/EngineMaterials/DefaultMaterial.uasset" 111
"../../../Engine/Content/BasicShapes/Cone.uasset" 112
"../../../Engine/Content/BasicShapes/Cylinder.uasset" 113
"../../../Engine/Content/BasicShapes/Plane.uasset" 114
"../../../Engine/Content/BasicShapes/Sphere.uasset" 115
"../../../Engine/Content/EditorLandscapeResources/DataLayer.uasset" 116
"../../../Engine/Content/EditorMaterials/GizmoMaterial.uasset" 117
"../../../Engine/Content/EditorMaterials/MAT_Groups_Toggle.uasset" 118
"../../../Engine/Content/EditorMaterials/MAT_Groups_Visibility.uasset" 119
"../../../Engine/Content/EditorMaterials/PreviewShadowIndicator.uasset" 120
"../../../Engine/Content/EditorMaterials/PreviewShadowIndicatorMaterial.uasset" 121
"../../../Engine/Content/EditorMaterials/AssetViewer/EpicQuadPanorama_CC+EV1.uasset" 122
"../../../Engine/Content/EditorMaterials/MatineeGroups/MAT_ColorTrack.uasset" 123
"../../../Engine/Content/EditorMaterials/MatineeGroups/MAT_Groups_Anim.uasset" 124
"../../../Engine/Content/EditorMaterials/MatineeGroups/MAT_Groups_AudioMaster.uasset" 125
"../../../Engine/Content/EditorMaterials/MatineeGroups/MAT_Groups_Director.uasset" 126
"../../../Engine/Content/EditorMaterials/MatineeGroups/MAT_Groups_Event.uasset" 127
"../../../Engine/Content/EditorMaterials/MatineeGroups/MAT_Groups_Fade.uasset" 128
"../../../Engine/Content/EditorMaterials/MatineeGroups/MAT_Groups_Float.uasset" 129
"../../../Engine/Content/EditorMaterials/MatineeGroups/MAT_Groups_Move.uasset" 130
"../../../Engine/Content/EditorMaterials/MatineeGroups/MAT_Groups_Slomo.uasset" 131
"../../../Engine/Content/EditorMaterials/MatineeGroups/MAT_Groups_Sound.uasset" 132
"../../../Engine/Content/EditorMaterials/MatineeGroups/MAT_Groups_Vector.uasset" 133
"../../../Engine/Content/EditorMaterials/ParticleSystems/PSysThumbnail_NoImage.uasset" 134
"../../../Engine/Content/EditorMaterials/ParticleSystems/PSysThumbnail_OOD.uasset" 135
"../../../Engine/Content/EditorMaterials/Camera/CineMat.uasset" 136
"../../../Engine/Content/EditorMaterials/Camera/MI_CineMat_Rig.uasset" 137
"../../../Engine/Content/EditorMeshes/Camera/SM_CraneRig_Arm.uasset" 138
"../../../Engine/Content/EditorMeshes/Camera/SM_CraneRig_Base.uasset" 139
"../../../Engine/Content/EditorMeshes/Camera/SM_CraneRig_Body.uasset" 140
"../../../Engine/Content/EditorMeshes/Camera/SM_CraneRig_Mount.uasset" 141
"../../../Engine/Content/EditorMeshes/Camera/SM_RailRig_Mount.uasset" 142
"../../../Engine/Content/EditorMeshes/Camera/SM_RailRig_Track.uasset" 143
"../../../Engine/Content/EditorResources/BSPVertex.uasset" 144
"../../../Engine/Content/EditorResources/EmptyActor.uasset" 145
"../../../Engine/Content/EditorResources/S_Actor.uasset" 146
"../../../Engine/Content/EditorResources/S_Trigger.uasset" 147
"../../../Engine/Content/EditorResources/AudioIcons/S_AudioComponent.uasset" 148
"../../../Engine/Content/EditorResources/AudioIcons/S_AudioComponent_AutoActivate.uasset" 149
"../../../Engine/Content/EditorResources/LightIcons/S_LightError.uasset" 150
"../../../Engine/Content/EditorResources/SequenceRecorder/Countdown.uasset" 151
"../../../Engine/Content/EditorResources/SequenceRecorder/RecordingIndicator.uasset" 152
"../../../Engine/Content/EditorSounds/Notifications/CompileFailed.uasset" 153
"../../../Engine/Content/EditorSounds/Notifications/CompileFailed_Cue.uasset" 154
"../../../Engine/Content/EditorSounds/Notifications/CompileSuccess.uasset" 155
"../../../Engine/Content/EditorSounds/Notifications/CompileStart_Cue.uasset" 156
"../../../Engine/Content/EditorSounds/Notifications/CompileSuccess_Cue.uasset" 157
"../../../Engine/Content/EngineDamageTypes/DmgTypeBP_Environmental.uasset" 158
"../../../Engine/Content/EngineDebugMaterials/HeatmapGradient.uasset" 159
"../../../Engine/Content/EngineDebugMaterials/BoneWeightMaterial.uasset" 160
"../../../Engine/Content/EngineDebugMaterials/ClothMaterial.uasset" 161
"../../../Engine/Content/EngineDebugMaterials/ClothMaterial_WF.uasset" 162
"../../../Engine/Content/EngineDebugMaterials/DebugEditorMaterial.uasset" 163
"../../../Engine/Content/EngineDebugMaterials/DebugMeshMaterial.uasset" 164
"../../../Engine/Content/EngineDebugMaterials/GeomMaterial.uasset" 165
"../../../Engine/Content/EngineFonts/Faces/RobotoBold.uasset" 166
"../../../Engine/Content/EngineFonts/Faces/RobotoBoldItalic.uasset" 167
"../../../Engine/Content/EngineFonts/Faces/RobotoItalic.uasset" 168
"../../../Engine/Content/EngineFonts/Faces/RobotoLight.uasset" 169
"../../../Engine/Content/EngineFonts/Faces/RobotoRegular.uasset" 170
"../../../Engine/Content/EngineFonts/Roboto.uasset" 171
"../../../Engine/Content/EngineFonts/Faces/RobotoTiny.uasset" 172
"../../../Engine/Content/EngineFonts/RobotoTiny.uasset" 173
"../../../Engine/Content/EngineMaterials/DefaultBloomKernel.uasset" 174
"../../../Engine/Content/EngineMaterials/DefaultBokeh.uasset" 175
"../../../Engine/Content/EngineMaterials/DefaultDiffuse.uasset" 176
"../../../Engine/Content/EngineMaterials/DefaultDeferredDecalMaterial.uasset" 177
"../../../Engine/Content/EngineMaterials/DefaultLightFunctionMaterial.uasset" 178
"../../../Engine/Content/EngineMaterials/DefaultPhysicalMaterial.uasset" 179
"../../../Engine/Content/EngineMaterials/DefaultPostProcessMaterial.uasset" 180
"../../../Engine/Content/EngineFonts/RobotoDistanceField.uasset" 181
"../../../Engine/Content/EngineMaterials/DefaultTextMaterialOpaque.uasset" 182
"../../../Engine/Content/EngineMaterials/DefaultWhiteGrid.uasset" 183
"../../../Engine/Content/EngineMaterials/EditorBrushMaterial.uasset" 184
"../../../Engine/Content/EngineMaterials/Good64x64TilingNoiseHighFreq.uasset" 185
"../../../Engine/Content/EngineMaterials/MiniFont.uasset" 186
"../../../Engine/Content/EngineMaterials/InvalidLightmapSettings.uasset" 187
"../../../Engine/Content/EngineMaterials/M_InvalidLightmapSettings.uasset" 188
"../../../Engine/Content/EngineMaterials/PhAT_JointLimitMaterial.uasset" 189
"../../../Engine/Content/EngineMaterials/PreintegratedSkinBRDF.uasset" 190
"../../../Engine/Content/EngineMaterials/RemoveSurfaceMaterial.uasset" 191
"../../../Engine/Content/EngineMaterials/WeightMapPlaceholderTexture.uasset" 192
"../../../Engine/Content/EngineResources/WhiteSquareTexture.uasset" 193
"../../../Engine/Content/EngineMaterials/Widget3DPassThrough.uasset" 194
"../../../Engine/Content/EngineMaterials/Widget3DPassThrough_Masked.uasset" 195
"../../../Engine/Content/EngineMaterials/Widget3DPassThrough_Opaque.uasset" 196
"../../../Engine/Content/EngineMaterials/Widget3DPassThrough_Masked_OneSided.uasset" 197
"../../../Engine/Content/EngineMaterials/Widget3DPassThrough_Opaque_OneSided.uasset" 198
"../../../Engine/Content/EngineMaterials/Widget3DPassThrough_Translucent.uasset" 199
"../../../Engine/Content/EngineMaterials/Widget3DPassThrough_Translucent_OneSided.uasset" 200
"../../../Engine/Content/EngineMeshes/Cube.uasset" 201
"../../../Engine/Content/EngineMeshes/Cylinder.uasset" 202
"../../../Engine/Content/EngineMeshes/Sphere.uasset" 203
"../../../Engine/Content/EngineResources/Black.uasset" 204
"../../../Engine/Content/EngineResources/DefaultTexture.uasset" 205
"../../../Engine/Content/EngineResources/DefaultTextureCube.uasset" 206
"../../../Engine/Content/EngineResources/GradientTexture0.uasset" 207
"../../../Engine/Content/EngineSounds/Master.uasset" 208
"../../../Engine/Content/Functions/Engine_MaterialFunctions01/Shading/ConvertFromDiffSpec.uasset" 209
"../../../Engine/Content/Functions/Engine_MaterialFunctions01/Shading/PowerToRoughness.uasset" 210
"../../../Engine/Content/Maps/Templates/Thumbnails/Default.uasset" 211
"../../../Engine/Content/Maps/Templates/Thumbnails/VR-Basic.uasset" 212
"../../../Engine/Content/MobileResources/T_MobileControls_texture.uasset" 213
"../../../Engine/Content/MobileResources/T_MobileMenu2.uasset" 214
"../../../Engine/Content/MobileResources/HUD/AnalogHat.uasset" 215
"../../../Engine/Content/MobileResources/HUD/VirtualJoystick_Background.uasset" 216
"../../../Engine/Content/MobileResources/HUD/VirtualJoystick_Thumb.uasset" 217
"../../../Engine/Content/MobileResources/HUD/DefaultVirtualJoysticks.uasset" 218
"../../../Engine/Content/MobileResources/HUD/LeftVirtualJoystickOnly.uasset" 219
"../../../Engine/Content/MobileResources/HUD/MobileHUDButton1_off.uasset" 220
"../../../Engine/Content/MobileResources/HUD/MobileHUDButton1_on.uasset" 221
"../../../Engine/Content/MobileResources/HUD/MobileHUDButton2_off.uasset" 222
"../../../Engine/Content/MobileResources/HUD/MobileHUDButton2_on.uasset" 223
"../../../Engine/Content/MobileResources/HUD/MobileHUDButton3.uasset" 224
"../../../Engine/Content/MobileResources/HUD/MobileHUDButtonFire.uasset" 225
"../../../Engine/Content/MobileResources/HUD/MobileHUDDirectionPad.uasset" 226
"../../../Engine/Content/MobileResources/HUD/MobileHUDDirectionPad2.uasset" 227
"../../../Engine/Content/MobileResources/HUD/MobileHUDDirectionPad3.uasset" 228
"../../../Engine/Content/MobileResources/HUD/MobileHUDDirectionStick.uasset" 229
"../../../Engine/Content/MobileResources/HUD/T_Castle_ThumbstickInner.uasset" 230
"../../../Engine/Content/MobileResources/HUD/T_Castle_ThumbstickOutter.uasset" 231
"../../../Engine/Content/Tutorial/ContentIntroCurve.uasset" 232
"../../../Engine/Content/Tutorial/Basics/TutorialAssets/icon_tab_Levels_40x.uasset" 233
"../../../Engine/Content/Tutorial/BlueprintTutorials/TutorialAssets/BlueprintInterface_64x.uasset" 234
"../../../Engine/Content/Tutorial/BlueprintTutorials/TutorialAssets/BlueprintMacroLibrary_64x.uasset" 235
"../../../Engine/Content/Tutorial/BlueprintTutorials/TutorialAssets/Blueprint_64x.uasset" 236
"../../../Engine/Content/Tutorial/BlueprintTutorials/TutorialAssets/Tutorial_BP_Interface.uasset" 237
"../../../Engine/Content/Tutorial/Foliage/TutorialAssets/Foliage.uasset" 238
"../../../Engine/Content/Tutorial/Landscape/TutorialAssets/Landscape.uasset" 239
"../../../Engine/Content/Tutorial/Paper2D/TutorialAssets/Paper2DFlipbook_TutorialIcon.uasset" 240
"../../../Engine/Content/Tutorial/Paper2D/TutorialAssets/Paper2DSprite_TutorialIcon.uasset" 241
"../../../Engine/Content/Tutorial/SubEditors/TutorialAssets/icon_Editor_Preferences_General_40x.uasset" 242
"../../../Engine/Content/Tutorial/SubEditors/TutorialAssets/icon_ShowSkeletalMeshes_40x.uasset" 243
"../../../Engine/Content/Tutorial/SubEditors/TutorialAssets/TutorialMaterial.uasset" 244
"../../../Engine/Content/Tutorial/SubEditors/TutorialAssets/T_SmokeSubUV_8X8.uasset" 245
"../../../Engine/Content/Tutorial/SubEditors/TutorialAssets/T_soft_smoke.uasset" 246
"../../../Engine/Content/Tutorial/SubEditors/TutorialAssets/M_smoke_subUV_blackbody.uasset" 247
"../../../Engine/Content/Tutorial/SubEditors/TutorialAssets/TutorialParticleSystem.uasset" 248
"../../../Engine/Content/EditorMeshes/EditorCube.uasset" 249
"../../../Engine/Content/Tutorial/SubEditors/TutorialAssets/Tutorial_DM.uasset" 250
"../../../Engine/Content/VREditor/Devices/Generic/GenericHMDMaterial.uasset" 251
"../../../Engine/Content/VREditor/Devices/Generic/GenericHMD.uasset" 252
"../../../Engine/Content/VREditor/FloatingText/LineMaterial.uasset" 253
"../../../Engine/Content/VREditor/FloatingText/JointSphere.uasset" 254
"../../../Engine/Content/VREditor/FloatingText/LineSegmentCylinder.uasset" 255
"../../../Engine/Content/VREditor/Fonts/VRText_RobotoLarge.uasset" 256
"../../../Engine/Content/VREditor/Fonts/VRTextMaterial.uasset" 257
"../../../Engine/Content/VREditor/Fonts/TranslucentVRTextMaterial.uasset" 258
"../../../Engine/Content/VREditor/LaserPointer/CursorPointer.uasset" 259
"../../../Engine/Content/VREditor/LaserPointer/VR_LaserPower_01.uasset" 260
"../../../Engine/Content/VREditor/TransformGizmo/TransformGizmoMaterial.uasset" 261
"../../../Engine/Content/VREditor/LaserPointer/HoverMaterial.uasset" 262
"../../../Engine/Content/VREditor/TransformGizmo/TranslucentTransformGizmoMaterial.uasset" 263
"../../../Engine/Content/VREditor/LaserPointer/TranslucentHoverMaterial.uasset" 264
"../../../Engine/Content/VREditor/LaserPointer/HoverMesh.uasset" 265
"../../../Engine/Content/VREditor/LaserPointer/LaserPointerMaterial.uasset" 266
"../../../Engine/Content/VREditor/LaserPointer/LaserPointerMaterialInst.uasset" 267
"../../../Engine/Content/VREditor/LaserPointer/TranslucentLaserPointerMaterialInst.uasset" 268
"../../../Engine/Content/VREditor/LaserPointer/LaserPointerMesh.uasset" 269
"../../../Engine/Content/VREditor/LaserPointer/LaserPointerMesh_End.uasset" 270
"../../../Engine/Content/VREditor/LaserPointer/LaserPointerMesh_Start.uasset" 271
"../../../Engine/Content/Functions/Engine_MaterialFunctions02/Utility/BreakOutFloat3Components.uasset" 272
"../../../Engine/Content/Functions/Engine_MaterialFunctions02/Math/Transform3x3Matrix.uasset" 273
"../../../Engine/Content/Functions/Engine_MaterialFunctions02/SplitComponents.uasset" 274
"../../../Engine/Content/Functions/Engine_MaterialFunctions02/Utility/MakeFloat3.uasset" 275
"../../../Engine/Content/VREditor/SnapGrid/SnapGridMaterial.uasset" 276
"../../../Engine/Content/VREditor/SnapGrid/SnapGridPlaneMesh.uasset" 277
"../../../Engine/Content/VREditor/Sounds/VR_teleport.uasset" 278
"../../../Engine/Content/VREditor/Sounds/UI/Click_on_Button_Cue.uasset" 279
"../../../Engine/Content/VREditor/Sounds/UI/Dockable_Window_Close.uasset" 280
"../../../Engine/Content/VREditor/Sounds/UI/Dockable_Window_Drop.uasset" 281
"../../../Engine/Content/VREditor/Sounds/UI/Dockable_Window_Open.uasset" 282
"../../../Engine/Content/VREditor/Sounds/UI/Dockable_Window_Pick_Up.uasset" 283
"../../../Engine/Content/VREditor/Sounds/UI/Drop_Item_From_ContentBrowser.uasset" 284
"../../../Engine/Content/VREditor/Sounds/UI/Floating_UI_Open-001.uasset" 285
"../../../Engine/Content/VREditor/Sounds/UI/Gizmo_Handle_Clicked.uasset" 286
"../../../Engine/Content/VREditor/Sounds/UI/Object_PickUp.uasset" 287
"../../../Engine/Content/VREditor/Sounds/UI/Object_Snaps_To_Another_Actor.uasset" 288
"../../../Engine/Content/VREditor/Sounds/UI/Object_Snaps_To_Grid.uasset" 289
"../../../Engine/Content/VREditor/Sounds/UI/Radial_Menu_FadeOut.uasset" 290
"../../../Engine/Content/VREditor/Sounds/UI/Scaling_Down.uasset" 291
"../../../Engine/Content/VREditor/Sounds/UI/Scaling_Up.uasset" 292
"../../../Engine/Content/VREditor/Sounds/UI/Selection_Changes.uasset" 293
"../../../Engine/Content/VREditor/Sounds/UI/Teleport_Mode_Entered.uasset" 294
"../../../Engine/Content/VREditor/Teleport/TeleportDirectionMaterial.uasset" 295
"../../../Engine/Content/VREditor/Teleport/TeleportDirectionMaterial_Inst.uasset" 296
"../../../Engine/Content/VREditor/Teleport/TeleportDirectionMesh.uasset" 297
"../../../Engine/Content/VREditor/TransformGizmo/BoundingBoxCorner.uasset" 298
"../../../Engine/Content/VREditor/TransformGizmo/BoundingBoxEdge.uasset" 299
"../../../Engine/Content/VREditor/TransformGizmo/PlaneTranslationHandle.uasset" 300
"../../../Engine/Content/VREditor/TransformGizmo/RotationHandleFull.uasset" 301
"../../../Engine/Content/VREditor/TransformGizmo/RotationHandleIndicator.uasset" 302
"../../../Engine/Content/VREditor/TransformGizmo/RotationHandleQuarter.uasset" 303
"../../../Engine/Content/VREditor/TransformGizmo/Main.uasset" 304
"../../../Engine/Content/VREditor/TransformGizmo/Xray.uasset" 305
"../../../Engine/Content/VREditor/TransformGizmo/SM_Dialog_Close.uasset" 306
"../../../Engine/Content/VREditor/TransformGizmo/SM_Dialog_Move.uasset" 307
"../../../Engine/Content/VREditor/TransformGizmo/SM_Sequencer_Key.uasset" 308
"../../../Engine/Content/VREditor/TransformGizmo/StartRotationHandleIndicator.uasset" 309
"../../../Engine/Content/VREditor/TransformGizmo/TranslucentTransformGizmoMaterial_Inst.uasset" 310
"../../../Engine/Content/VREditor/TransformGizmo/TransformGizmoFreeRotation.uasset" 311
"../../../Engine/Content/VREditor/TransformGizmo/TransformGizmoMaterial_Inst.uasset" 312
"../../../Engine/Content/VREditor/TransformGizmo/TranslateArrowHandle.uasset" 313
"../../../Engine/Content/VREditor/TransformGizmo/UniformScaleHandle.uasset" 314
"../../../Engine/Content/VREditor/UI/KeyDiskMaterial.uasset" 315
"../../../Engine/Content/VREditor/UI/DiscMaterial.uasset" 316
"../../../Engine/Content/VREditor/UI/SM_Radial_Disk.uasset" 317
"../../../Engine/Content/VREditor/WorldMovementGrid/SimpleGrid.uasset" 318
"../../../Engine/Content/VREditor/WorldMovementGrid/GridMaterial.uasset" 319
"../../../Engine/Content/Functions/Engine_MaterialFunctions01/Density/ExponentialDensity.uasset" 320
"../../../Engine/Content/VREditor/WorldMovementGrid/GridPostProcess.uasset" 321
"../../../Engine/Content/EditorLandscapeResources/FlattenHeightMat.uasset" 322
"../../../Engine/Content/VREditor/WorldMovementGrid/PlaneMesh.uasset" 323
"../../../Engine/Plugins/2D/Paper2D/Content/PlaceholderTextures/DummySpriteTexture.uasset" 324
"../../../Engine/Plugins/2D/Paper2D/Content/DummySprite.uasset" 325
"../../../Engine/Plugins/2D/Paper2D/Content/DefaultPaperTerrainMaterial.uasset" 326
"../../../Engine/Plugins/2D/Paper2D/Content/DefaultSpriteMaterial.uasset" 327
"../../../Engine/Plugins/2D/Paper2D/Content/MaskedUnlitSpriteMaterial.uasset" 328
"../../../Engine/Plugins/2D/Paper2D/Content/OpaqueUnlitSpriteMaterial.uasset" 329
"../../../Engine/Plugins/Runtime/Oculus/OculusVR/Content/Textures/GearVRController_AO.uasset" 330
"../../../Engine/Plugins/Runtime/Oculus/OculusVR/Content/Textures/GearVRController_Color.uasset" 331
"../../../Engine/Plugins/Runtime/Oculus/OculusVR/Content/Textures/GearVRController_Normal.uasset" 332
"../../../Engine/Plugins/Runtime/Oculus/OculusVR/Content/Materials/GearVRControllerMaterial.uasset" 333
"../../../Engine/Plugins/Runtime/Oculus/OculusVR/Content/Meshes/GearVrController.uasset" 334
"../../../PropNavigationGame/Content/Textures/SpaceCubeMap2048.uasset" 335
"../../../PropNavigationGame/Content/Materials/SkyboxMaterial.uasset" 336
"../../../Engine/Content/EngineSky/T_Sky_Blue.uasset" 337
"../../../Engine/Content/EngineSky/T_Sky_Clouds_M.uasset" 338
"../../../Engine/Content/EngineSky/T_Sky_Stars.uasset" 339
"../../../Engine/Content/EngineSky/M_Sky_Panning_Clouds2.uasset" 340
"../../../Engine/Content/EngineSky/SM_SkySphere.uasset" 341
"../../../PropNavigationGame/Content/Blueprints/Skybox_BP.uasset" 342
"../../../PropNavigationGame/Content/StarterContent/Excelsior.uasset" 343
"../../../PropNavigationGame/Content/D-7C_3.uasset" 344
"../../../PropNavigationGame/Content/d_7c_10.uasset" 345
"../../../PropNavigationGame/Content/D-7C_6.uasset" 346
"../../../PropNavigationGame/Content/d_7c_12.uasset" 347
"../../../PropNavigationGame/Content/D-7C_4.uasset" 348
"../../../PropNavigationGame/Content/d_7c_5.uasset" 349
"../../../PropNavigationGame/Content/D-7C_2.uasset" 350
"../../../PropNavigationGame/Content/d_7c_6.uasset" 351
"../../../PropNavigationGame/Content/D-7C_1.uasset" 352
"../../../PropNavigationGame/Content/d_7c_7.uasset" 353
"../../../PropNavigationGame/Content/D-7C_5.uasset" 354
"../../../PropNavigationGame/Content/d_7c_9.uasset" 355
"../../../PropNavigationGame/Content/lambert1.uasset" 356
"../../../PropNavigationGame/Content/KlingonBattlecruiser_Skeleton.uasset" 357
"../../../PropNavigationGame/Content/KlingonBattlecruiser.uasset" 358
"../../../PropNavigationGame/Content/Blueprints/TestBlueprintEnemy.uasset" 359
"../../../Engine/Content/Functions/Engine_MaterialFunctions01/Gradient/RadialGradientExponential.uasset" 360
"../../../Engine/Content/Functions/Engine_MaterialFunctions02/Texturing/CustomRotator.uasset" 361
"../../../Engine/Content/Functions/Engine_MaterialFunctions02/Utility/VectorToRadialValue.uasset" 362
"../../../PropNavigationGame/Content/Textures/gradientMiddle.uasset" 363
"../../../PropNavigationGame/Content/Materials/ShieldCircleMaterial.uasset" 364
"../../../PropNavigationGame/Content/Materials/FrontShieldMat.uasset" 365
"../../../PropNavigationGame/Content/Materials/LeftShieldMat.uasset" 366
"../../../PropNavigationGame/Content/Materials/ReerShieldMat.uasset" 367
"../../../PropNavigationGame/Content/Materials/RightShieldMat.uasset" 368
"../../../PropNavigationGame/Content/UIAndWidgets/HUDOnCharacter.uasset" 369
"../../../PropNavigationGame/Content/Blueprints/StarTrekPlayerShip.uasset" 370
"../../../PropNavigationGame/Content/57d0488a295555b9425252a5755880e9.uasset" 371
"../../../PropNavigationGame/Content/Textures/Circle.uasset" 372
"../../../PropNavigationGame/Content/Textures/klingon.uasset" 373
"../../../PropNavigationGame/Content/Textures/shield.uasset" 374
"../../../PropNavigationGame/Content/UIAndWidgets/SpaceUI.uasset" 375
"../../../PropNavigationGame/Content/UIAndWidgets/MyStarTrekHUD.uasset" 376
"../../../PropNavigationGame/Content/MySpaceGameMode.uasset" 377
"../../../PropNavigationGame/Content/StarTrekMap_BuiltData.uasset" 378
"../../../PropNavigationGame/Content/StarTrekMap.umap" 379
"../../../PropNavigationGame/Content/StarterContent/Blueprints/Assets/FogBrightnessLUT.uasset" 380
"../../../PropNavigationGame/Content/StarterContent/Blueprints/Assets/SunlightColorLUT.uasset" 381
"../../../PropNavigationGame/Content/StarterContent/Blueprints/Assets/M_LightStage_Arrows.uasset" 382
"../../../Engine/Content/MapTemplates/Sky/DaylightAmbientCubemap.uasset" 383
"../../../PropNavigationGame/Content/StarterContent/Blueprints/Assets/M_LightStage_Skybox_Master.uasset" 384
"../../../PropNavigationGame/Content/StarterContent/Blueprints/Assets/M_LightStage_Skybox_Black.uasset" 385
"../../../PropNavigationGame/Content/StarterContent/Blueprints/Assets/M_LightStage_Skybox_HDRI.uasset" 386
"../../../Engine/Content/EditorMaterials/Thumbnails/SkySphereMaterial.uasset" 387
"../../../PropNavigationGame/Content/StarterContent/Blueprints/Assets/Skybox.uasset" 388
"../../../PropNavigationGame/Content/StarterContent/Blueprints/Assets/SM_Arrows.uasset" 389
"../../../PropNavigationGame/Content/StarterContent/HDRI/HDRI_Epic_Courtyard_Daylight.uasset" 390
"../../../PropNavigationGame/Content/StarterContent/Blueprints/BP_LightStudio.uasset" 391
"../../../PropNavigationGame/Content/StarterContent/Materials/M_AssetPlatform.uasset" 392
"../../../Engine/Content/EditorMeshes/ColorCalibrator/M_ChromeBall.uasset" 393
"../../../Engine/Content/EditorMeshes/ColorCalibrator/M_ClearCoat.uasset" 394
"../../../Engine/Content/EditorMeshes/ColorCalibrator/M_ClearCoatBlack.uasset" 395
"../../../Engine/Content/EditorMeshes/ColorCalibrator/M_ColorGrid.uasset" 396
"../../../Engine/Content/EditorMeshes/ColorCalibrator/M_GreyBall.uasset" 397
"../../../Engine/Content/EditorMeshes/ColorCalibrator/SM_ColorCalibrator.uasset" 398
"../../../PropNavigationGame/Content/StarterContent/Architecture/SM_AssetPlatform.uasset" 399
"../../../PropNavigationGame/Content/StarterContent/Maps/Advanced_Lighting.umap" 400
"../../../Engine/Content/EditorBlueprintResources/StandardMacros.uasset" 401
"../../../Engine/Content/EngineSky/C_Sky_Cloud_Color.uasset" 402
"../../../Engine/Content/EngineSky/C_Sky_Horizon_Color.uasset" 403
"../../../Engine/Content/EngineSky/C_Sky_Zenith_Color.uasset" 404
"../../../Engine/Content/EngineSky/BP_Sky_Sphere.uasset" 405
"../../../PropNavigationGame/Content/StarterContent/Textures/T_MacroVariation.uasset" 406
"../../../PropNavigationGame/Content/StarterContent/Materials/M_Metal_Brushed_Nickel.uasset" 407
"../../../PropNavigationGame/Content/StarterContent/Textures/T_Metal_Aluminum_D.uasset" 408
"../../../PropNavigationGame/Content/StarterContent/Textures/T_Metal_Gold_N.uasset" 409
"../../../PropNavigationGame/Content/StarterContent/Materials/M_Metal_Burnished_Steel.uasset" 410
"../../../PropNavigationGame/Content/StarterContent/Textures/T_Metal_Copper_D.uasset" 411
"../../../PropNavigationGame/Content/StarterContent/Materials/M_Metal_Copper.uasset" 412
"../../../PropNavigationGame/Content/StarterContent/Textures/T_Statue_M.uasset" 413
"../../../PropNavigationGame/Content/StarterContent/Textures/T_Statue_N.uasset" 414
"../../../PropNavigationGame/Content/StarterContent/Props/Materials/M_StatueGlass.uasset" 415
"../../../PropNavigationGame/Content/StarterContent/Architecture/Floor_400x400.uasset" 416
"../../../PropNavigationGame/Content/StarterContent/Audio/Starter_Background_Cue.uasset" 417
"../../../PropNavigationGame/Content/StarterContent/Props/SM_Chair.uasset" 418
"../../../PropNavigationGame/Content/StarterContent/Props/Materials/M_Statue.uasset" 419
"../../../PropNavigationGame/Content/StarterContent/Props/SM_Statue.uasset" 420
"../../../PropNavigationGame/Content/StarterContent/Textures/T_TableRound_M.uasset" 421
"../../../PropNavigationGame/Content/StarterContent/Textures/T_TableRound_N.uasset" 422
"../../../PropNavigationGame/Content/StarterContent/Props/Materials/M_TableRound.uasset" 423
"../../../PropNavigationGame/Content/StarterContent/Props/SM_TableRound.uasset" 424
"../../../PropNavigationGame/Content/StarterContent/Maps/Minimal_Default.umap" 425
"../../../PropNavigationGame/Content/StarterContent/Audio/Fire01_Cue.uasset" 426
"../../../PropNavigationGame/Content/StarterContent/Textures/T_Fire_SubUV.uasset" 427
"../../../PropNavigationGame/Content/StarterContent/Textures/T_Fire_Tiled_D.uasset" 428
"../../../PropNavigationGame/Content/StarterContent/Particles/Materials/M_Fire_SubUV.uasset" 429
"../../../PropNavigationGame/Content/StarterContent/Textures/T_Water_N.uasset" 430
"../../../PropNavigationGame/Content/StarterContent/Particles/Materials/M_Heat_Distortion.uasset" 431
"../../../PropNavigationGame/Content/StarterContent/Particles/Materials/M_Radial_Gradient.uasset" 432
"../../../PropNavigationGame/Content/StarterContent/Particles/P_Fire.uasset" 433
"../../../PropNavigationGame/Content/StarterContent/Blueprints/Blueprint_Effect_Fire.uasset" 434
"../../../PropNavigationGame/Content/StarterContent/Audio/Smoke01_Cue.uasset" 435
"../../../PropNavigationGame/Content/StarterContent/Particles/P_Smoke.uasset" 436
"../../../PropNavigationGame/Content/StarterContent/Blueprints/Blueprint_Effect_Smoke.uasset" 437
"../../../PropNavigationGame/Content/StarterContent/Audio/Fire_Sparks01_Cue.uasset" 438
"../../../PropNavigationGame/Content/StarterContent/Textures/T_Spark_Core.uasset" 439
"../../../PropNavigationGame/Content/StarterContent/Particles/Materials/M_Spark.uasset" 440
"../../../PropNavigationGame/Content/StarterContent/Particles/P_Sparks.uasset" 441
"../../../PropNavigationGame/Content/StarterContent/Blueprints/Blueprint_Effect_Sparks.uasset" 442
"../../../PropNavigationGame/Content/StarterContent/Audio/Steam01_Cue.uasset" 443
"../../../PropNavigationGame/Content/StarterContent/Particles/P_Steam_Lit.uasset" 444
"../../../PropNavigationGame/Content/StarterContent/Blueprints/Blueprint_Effect_Steam.uasset" 445
"../../../PropNavigationGame/Content/StarterContent/Textures/T_Lamp_M.uasset" 446
"../../../PropNavigationGame/Content/StarterContent/Textures/T_Lamp_N.uasset" 447
"../../../PropNavigationGame/Content/StarterContent/Props/Materials/M_Lamp.uasset" 448
"../../../PropNavigationGame/Content/StarterContent/Props/SM_Lamp_Ceiling.uasset" 449
"../../../PropNavigationGame/Content/StarterContent/Blueprints/Blueprint_CeilingLight.uasset" 450
"../../../PropNavigationGame/Content/StarterContent/Props/SM_Lamp_Wall.uasset" 451
"../../../PropNavigationGame/Content/StarterContent/Blueprints/Blueprint_WallSconce.uasset" 452
"../../../Engine/Content/Functions/Engine_MaterialFunctions03/Procedurals/ComputeFilterWidth.uasset" 453
"../../../Engine/Content/EngineMaterials/AntiAliasedTextMaterialTranslucent.uasset" 454
"../../../PropNavigationGame/Content/StarterContent/Textures/T_Brick_Clay_Beveled_D.uasset" 455
"../../../PropNavigationGame/Content/StarterContent/Textures/T_Brick_Clay_Beveled_M.uasset" 456
"../../../PropNavigationGame/Content/StarterContent/Textures/T_Brick_Clay_Beveled_N.uasset" 457
"../../../PropNavigationGame/Content/StarterContent/Materials/M_Brick_Clay_Beveled.uasset" 458
"../../../PropNavigationGame/Content/StarterContent/Textures/T_Brick_Clay_New_D.uasset" 459
"../../../PropNavigationGame/Content/StarterContent/Textures/T_Brick_Clay_New_M.uasset" 460
"../../../PropNavigationGame/Content/StarterContent/Textures/T_Brick_Clay_New_N.uasset" 461
"../../../PropNavigationGame/Content/StarterContent/Materials/M_Brick_Clay_New.uasset" 462
"../../../PropNavigationGame/Content/StarterContent/Textures/T_Brick_Clay_Old_D.uasset" 463
"../../../PropNavigationGame/Content/StarterContent/Textures/T_Brick_Clay_Old_N.uasset" 464
"../../../PropNavigationGame/Content/StarterContent/Textures/T_Perlin_Noise_M.uasset" 465
"../../../PropNavigationGame/Content/StarterContent/Materials/M_Brick_Clay_Old.uasset" 466
"../../../PropNavigationGame/Content/StarterContent/Textures/T_Brick_Cut_Stone_D.uasset" 467
"../../../PropNavigationGame/Content/StarterContent/Textures/T_Brick_Cut_Stone_N.uasset" 468
"../../../PropNavigationGame/Content/StarterContent/Materials/M_Brick_Cut_Stone.uasset" 469
"../../../PropNavigationGame/Content/StarterContent/Textures/T_Brick_Hewn_Stone_D.uasset" 470
"../../../PropNavigationGame/Content/StarterContent/Textures/T_Brick_Hewn_Stone_M.uasset" 471
"../../../PropNavigationGame/Content/StarterContent/Textures/T_Brick_Hewn_Stone_N.uasset" 472
"../../../PropNavigationGame/Content/StarterContent/Materials/M_Brick_Hewn_Stone.uasset" 473
"../../../PropNavigationGame/Content/StarterContent/Textures/T_Ceramic_Tile_M.uasset" 474
"../../../PropNavigationGame/Content/StarterContent/Textures/T_Ceramic_Tile_N.uasset" 475
"../../../PropNavigationGame/Content/StarterContent/Textures/T_Rock_Marble_Polished_D.uasset" 476
"../../../PropNavigationGame/Content/StarterContent/Materials/M_Ceramic_Tile_Checker.uasset" 477
"../../../PropNavigationGame/Content/StarterContent/Textures/T_CobbleStone_Pebble_D.uasset" 478
"../../../PropNavigationGame/Content/StarterContent/Textures/T_CobbleStone_Pebble_M.uasset" 479
"../../../PropNavigationGame/Content/StarterContent/Textures/T_CobbleStone_Pebble_N.uasset" 480
"../../../PropNavigationGame/Content/StarterContent/Materials/M_CobbleStone_Pebble.uasset" 481
"../../../PropNavigationGame/Content/StarterContent/Textures/T_CobbleStone_Rough_D.uasset" 482
"../../../PropNavigationGame/Content/StarterContent/Textures/T_CobbleStone_Rough_N.uasset" 483
"../../../PropNavigationGame/Content/StarterContent/Textures/T_Gradinet_01.uasset" 484
"../../../PropNavigationGame/Content/StarterContent/Textures/T_Rock_Smooth_Granite_D.uasset" 485
"../../../PropNavigationGame/Content/StarterContent/Materials/M_CobbleStone_Rough.uasset" 486
"../../../PropNavigationGame/Content/StarterContent/Textures/T_CobbleStone_Smooth_D.uasset" 487
"../../../PropNavigationGame/Content/StarterContent/Textures/T_CobbleStone_Smooth_M.uasset" 488
"../../../PropNavigationGame/Content/StarterContent/Textures/T_CobbleStone_Smooth_N.uasset" 489
"../../../PropNavigationGame/Content/StarterContent/Materials/M_CobbleStone_Smooth.uasset" 490
"../../../PropNavigationGame/Content/StarterContent/Textures/T_Concrete_Grime_D.uasset" 491
"../../../PropNavigationGame/Content/StarterContent/Textures/T_Metal_Rust_N.uasset" 492
"../../../PropNavigationGame/Content/StarterContent/Materials/M_Concrete_Grime.uasset" 493
"../../../PropNavigationGame/Content/StarterContent/Textures/T_Concrete_Panels_D.uasset" 494
"../../../PropNavigationGame/Content/StarterContent/Textures/T_Concrete_Panels_N.uasset" 495
"../../../PropNavigationGame/Content/StarterContent/Materials/M_Concrete_Panels.uasset" 496
"../../../PropNavigationGame/Content/StarterContent/Textures/T_Concrete_Poured_D.uasset" 497
"../../../PropNavigationGame/Content/StarterContent/Textures/T_Concrete_Poured_N.uasset" 498
"../../../PropNavigationGame/Content/StarterContent/Materials/M_Concrete_Poured.uasset" 499
"../../../PropNavigationGame/Content/StarterContent/Textures/T_Concrete_Tiles_D.uasset" 500
"../../../PropNavigationGame/Content/StarterContent/Textures/T_Concrete_Tiles_M.uasset" 501
"../../../PropNavigationGame/Content/StarterContent/Textures/T_Concrete_Tiles_N.uasset" 502
"../../../PropNavigationGame/Content/StarterContent/Textures/T_Concrete_Tiles_Variation_M.uasset" 503
"../../../PropNavigationGame/Content/StarterContent/Materials/M_Concrete_Tiles.uasset" 504
"../../../PropNavigationGame/Content/StarterContent/Textures/T_Ground_Grass_D.uasset" 505
"../../../PropNavigationGame/Content/StarterContent/Textures/T_Ground_Grass_N.uasset" 506
"../../../PropNavigationGame/Content/StarterContent/Materials/M_Ground_Grass.uasset" 507
"../../../PropNavigationGame/Content/StarterContent/Textures/T_Ground_Gravel_D.uasset" 508
"../../../PropNavigationGame/Content/StarterContent/Textures/T_Ground_Gravel_N.uasset" 509
"../../../PropNavigationGame/Content/StarterContent/Materials/M_Ground_Gravel.uasset" 510
"../../../PropNavigationGame/Content/StarterContent/Textures/T_ground_Moss_D.uasset" 511
"../../../PropNavigationGame/Content/StarterContent/Textures/T_Ground_Moss_N.uasset" 512
"../../../PropNavigationGame/Content/StarterContent/Materials/M_Ground_Moss.uasset" 513
"../../../PropNavigationGame/Content/StarterContent/Materials/M_Metal_Chrome.uasset" 514
"../../../PropNavigationGame/Content/StarterContent/Textures/T_Metal_Gold_D.uasset" 515
"../../../PropNavigationGame/Content/StarterContent/Materials/M_Metal_Gold.uasset" 516
"../../../PropNavigationGame/Content/StarterContent/Textures/T_Metal_Rust_D.uasset" 517
"../../../PropNavigationGame/Content/StarterContent/Materials/M_Metal_Rust.uasset" 518
"../../../PropNavigationGame/Content/StarterContent/Textures/T_Metal_Steel_D.uasset" 519
"../../../PropNavigationGame/Content/StarterContent/Textures/T_Metal_Steel_N.uasset" 520
"../../../PropNavigationGame/Content/StarterContent/Materials/M_Metal_Steel.uasset" 521
"../../../PropNavigationGame/Content/StarterContent/Textures/T_Rock_Basalt_N.uasset" 522
"../../../PropNavigationGame/Content/StarterContent/Materials/M_Rock_Basalt.uasset" 523
"../../../PropNavigationGame/Content/StarterContent/Materials/M_Rock_Marble_Polished.uasset" 524
"../../../PropNavigationGame/Content/StarterContent/Textures/T_Rock_Sandstone_D.uasset" 525
"../../../PropNavigationGame/Content/StarterContent/Textures/T_Rock_Sandstone_N.uasset" 526
"../../../PropNavigationGame/Content/StarterContent/Materials/M_Rock_Sandstone.uasset" 527
"../../../PropNavigationGame/Content/StarterContent/Textures/T_Rock_Slate_D.uasset" 528
"../../../PropNavigationGame/Content/StarterContent/Textures/T_Rock_Slate_N.uasset" 529
"../../../PropNavigationGame/Content/StarterContent/Materials/M_Rock_Slate.uasset" 530
"../../../PropNavigationGame/Content/StarterContent/Textures/T_Checker_Noise_M.uasset" 531
"../../../PropNavigationGame/Content/StarterContent/Textures/T_Single_Tile_N.uasset" 532
"../../../PropNavigationGame/Content/StarterContent/Textures/T_Tech_Dot_M.uasset" 533
"../../../PropNavigationGame/Content/StarterContent/Textures/T_Tech_Dot_N.uasset" 534
"../../../PropNavigationGame/Content/StarterContent/Materials/M_Tech_Checker_Dot.uasset" 535
"../../../PropNavigationGame/Content/StarterContent/Textures/T_Tech_Hex_Tile_M.uasset" 536
"../../../PropNavigationGame/Content/StarterContent/Textures/T_Tech_Hex_Tile_N.uasset" 537
"../../../PropNavigationGame/Content/StarterContent/Materials/M_Tech_Hex_Tile.uasset" 538
"../../../PropNavigationGame/Content/StarterContent/Materials/M_Tech_Hex_Tile_Pulse.uasset" 539
"../../../PropNavigationGame/Content/StarterContent/Textures/T_Tech_Panel_M.uasset" 540
"../../../PropNavigationGame/Content/StarterContent/Textures/T_Tech_Panel_N.uasset" 541
"../../../PropNavigationGame/Content/StarterContent/Materials/M_Tech_Panel.uasset" 542
"../../../PropNavigationGame/Content/StarterContent/Materials/M_Water_Lake.uasset" 543
"../../../PropNavigationGame/Content/StarterContent/Textures/T_Water_M.uasset" 544
"../../../PropNavigationGame/Content/StarterContent/Materials/M_Water_Ocean.uasset" 545
"../../../PropNavigationGame/Content/StarterContent/Textures/T_Wood_Floor_Walnut_D.uasset" 546
"../../../PropNavigationGame/Content/StarterContent/Textures/T_Wood_Floor_Walnut_M.uasset" 547
"../../../PropNavigationGame/Content/StarterContent/Textures/T_Wood_Floor_Walnut_N.uasset" 548
"../../../PropNavigationGame/Content/StarterContent/Materials/M_Wood_Floor_Walnut_Polished.uasset" 549
"../../../Engine/Content/Functions/Engine_MaterialFunctions01/Opacity/AlphaOffset.uasset" 550
"../../../PropNavigationGame/Content/StarterContent/Materials/M_Wood_Floor_Walnut_Worn.uasset" 551
"../../../PropNavigationGame/Content/StarterContent/Textures/T_Wood_Oak_D.uasset" 552
"../../../PropNavigationGame/Content/StarterContent/Textures/T_Wood_Oak_N.uasset" 553
"../../../PropNavigationGame/Content/StarterContent/Materials/M_Wood_Oak.uasset" 554
"../../../PropNavigationGame/Content/StarterContent/Textures/T_Wood_Pine_D.uasset" 555
"../../../PropNavigationGame/Content/StarterContent/Textures/T_Wood_Pine_N.uasset" 556
"../../../PropNavigationGame/Content/StarterContent/Materials/M_Wood_Pine.uasset" 557
"../../../PropNavigationGame/Content/StarterContent/Textures/T_Wood_Walnut_D.uasset" 558
"../../../PropNavigationGame/Content/StarterContent/Textures/T_Wood_Walnut_N.uasset" 559
"../../../PropNavigationGame/Content/StarterContent/Materials/M_Wood_Walnut.uasset" 560
"../../../PropNavigationGame/Content/StarterContent/Architecture/Wall_400x200.uasset" 561
"../../../PropNavigationGame/Content/StarterContent/Architecture/Wall_Door_400x300.uasset" 562
"../../../PropNavigationGame/Content/StarterContent/Architecture/Wall_Window_400x300.uasset" 563
"../../../PropNavigationGame/Content/StarterContent/Audio/Collapse_Cue.uasset" 564
"../../../PropNavigationGame/Content/StarterContent/Audio/Starter_Music_Cue.uasset" 565
"../../../PropNavigationGame/Content/StarterContent/Textures/T_Dust_Particle_D.uasset" 566
"../../../PropNavigationGame/Content/StarterContent/Particles/Materials/M_Dust_Particle.uasset" 567
"../../../PropNavigationGame/Content/StarterContent/Particles/P_Ambient_Dust.uasset" 568
"../../../PropNavigationGame/Content/StarterContent/Props/MaterialSphere.uasset" 569
"../../../PropNavigationGame/Content/StarterContent/Textures/T_Frame_M.uasset" 570
"../../../PropNavigationGame/Content/StarterContent/Textures/T_Frame_N.uasset" 571
"../../../PropNavigationGame/Content/StarterContent/Props/Materials/M_Frame.uasset" 572
"../../../PropNavigationGame/Content/StarterContent/Props/SM_CornerFrame.uasset" 573
"../../../PropNavigationGame/Content/StarterContent/Props/SM_DoorFrame.uasset" 574
"../../../PropNavigationGame/Content/StarterContent/Props/SM_GlassWindow.uasset" 575
"../../../PropNavigationGame/Content/StarterContent/Props/SM_PillarFrame.uasset" 576
"../../../PropNavigationGame/Content/StarterContent/Props/SM_PillarFrame300.uasset" 577
"../../../PropNavigationGame/Content/StarterContent/Props/SM_WindowFrame.uasset" 578
"../../../PropNavigationGame/Content/StarterContent/Shapes/Shape_Cube.uasset" 579
"../../../PropNavigationGame/Content/StarterContent/Shapes/Shape_QuadPyramid.uasset" 580
"../../../PropNavigationGame/Content/StarterContent/Shapes/Shape_Sphere.uasset" 581
"../../../PropNavigationGame/Content/StarterContent/Maps/StarterMap.umap" 582
"../../../Engine/Content/Maps/Entry.umap" 583
