Log file open, 03/06/18 13:49:49
LogWindows: LoadLibraryWithSearchPaths failed for file aqProf.dll. GetLastError=0
LogWindows: LoadLibraryWithSearchPaths failed for file VSPerf140.dll. GetLastError=0
LogWindows: LoadLibraryWithSearchPaths failed for file VtuneApi.dll. GetLastError=0
LogWindows: LoadLibraryWithSearchPaths failed for file VtuneApi32e.dll. GetLastError=0
LogInit: Display: Running engine for game: PropNavigationGame
LogPlatformFile: Not using cached read wrapper
LogInit: Display: RandInit(952331583) SRandInit(952331583).
LogTaskGraph: Started task graph with 5 named threads and 14 total threads with 3 sets of task threads.
LogStats: Stats thread started at 0.170037
LogD3D11RHI: Aftermath initialized
LogPluginManager: Mounting plugin Paper2D
LogPluginManager: Mounting plugin LightPropagationVolume
LogPluginManager: Mounting plugin CodeLiteSourceCodeAccess
LogPluginManager: Mounting plugin GitSourceControl
LogPluginManager: Mounting plugin KDevelopSourceCodeAccess
LogPluginManager: Mounting plugin NullSourceCodeAccess
LogPluginManager: Mounting plugin PerforceSourceControl
LogPluginManager: Mounting plugin SubversionSourceControl
LogPluginManager: Mounting plugin UObjectPlugin
LogPluginManager: Mounting plugin VisualStudioSourceCodeAccess
LogPluginManager: Mounting plugin XCodeSourceCodeAccess
LogPluginManager: Mounting plugin AssetManagerEditor
LogPluginManager: Mounting plugin AudioCapture
LogPluginManager: Mounting plugin FacialAnimation
LogPluginManager: Mounting plugin GameplayTagsEditor
LogPluginManager: Mounting plugin MobileLauncherProfileWizard
LogPluginManager: Mounting plugin PluginBrowser
LogPluginManager: Mounting plugin SpeedTreeImporter
LogPluginManager: Mounting plugin AlembicImporter
LogPluginManager: Mounting plugin CharacterAI
LogPluginManager: Mounting plugin HTML5Networking
LogPluginManager: Mounting plugin AndroidMedia
LogPluginManager: Mounting plugin AvfMedia
LogPluginManager: Mounting plugin MediaPlayerEditor
LogPluginManager: Mounting plugin WmfMedia
LogPluginManager: Mounting plugin TcpMessaging
LogPluginManager: Mounting plugin UdpMessaging
LogPluginManager: Mounting plugin LevelSequenceEditor
LogPluginManager: Mounting plugin MatineeToLevelSequence
LogPluginManager: Mounting plugin OnlineSubsystemGooglePlay
LogPluginManager: Mounting plugin OnlineSubsystemIOS
LogPluginManager: Mounting plugin OnlineSubsystem
LogPluginManager: Mounting plugin OnlineSubsystemNull
LogPluginManager: Mounting plugin OnlineSubsystemUtils
LogPluginManager: Mounting plugin AndroidDeviceProfileSelector
LogPluginManager: Mounting plugin AndroidMoviePlayer
LogPluginManager: Mounting plugin AndroidPermission
LogPluginManager: Mounting plugin AppleMoviePlayer
LogPluginManager: Mounting plugin ArchVisCharacter
LogPluginManager: Mounting plugin CableComponent
LogPluginManager: Mounting plugin CustomMeshComponent
LogPluginManager: Mounting plugin ExampleDeviceProfileSelector
LogPluginManager: Mounting plugin GoogleCloudMessaging
LogPluginManager: Mounting plugin ImmediatePhysics
LogPluginManager: Mounting plugin IOSDeviceProfileSelector
LogPluginManager: Mounting plugin LinuxDeviceProfileSelector
LogPluginManager: Mounting plugin LocationServicesBPLibrary
LogPluginManager: Mounting plugin MobilePatchingUtils
LogPluginManager: Mounting plugin OculusVR
LogPluginManager: Mounting plugin PhysXVehicles
LogPluginManager: Mounting plugin ProceduralMeshComponent
LogPluginManager: Mounting plugin RuntimePhysXCooking
LogPluginManager: Mounting plugin SteamVR
LogPluginManager: Mounting plugin WindowsMoviePlayer
LogInit: Using libcurl 7.47.1
LogInit:  - built for x86_64-pc-win32
LogInit:  - supports SSL with OpenSSL/1.0.2g
LogInit:  - supports HTTP deflate (compression) using libz 1.2.8
LogInit:  - other features:
LogInit:      CURL_VERSION_SSL
LogInit:      CURL_VERSION_LIBZ
LogInit:      CURL_VERSION_IPV6
LogInit:      CURL_VERSION_ASYNCHDNS
LogInit:      CURL_VERSION_LARGEFILE
LogInit:      CURL_VERSION_IDN
LogInit:  CurlRequestOptions (configurable via config and command line):
LogInit:  - bVerifyPeer = false  - Libcurl will NOT verify peer certificate
LogInit:  - bUseHttpProxy = false  - Libcurl will NOT use HTTP proxy
LogInit:  - bDontReuseConnections = false  - Libcurl will reuse connections
LogInit:  - CertBundlePath = nullptr  - Libcurl will use whatever was configured at build time.
LogInit: Build: ++UE4+Release-4.17-CL-3573198
LogInit: Engine Version: 4.17.0-3573198+++UE4+Release-4.17
LogInit: Compatible Engine Version: 4.17.0-3573198+++UE4+Release-4.17
LogInit: Net CL: 3573198
LogDevObjectVersion: Number of dev versions registered: 16
LogDevObjectVersion:   Dev-Blueprints (B0D832E4-1F89-4F0D-ACCF-7EB736FD4AA2): 10
LogDevObjectVersion:   Dev-Build (E1C64328-A22C-4D53-A36C-8E866417BD8C): 0
LogDevObjectVersion:   Dev-Core (375EC13C-06E4-48FB-B500-84F0262A717E): 2
LogDevObjectVersion:   Dev-Editor (E4B068ED-F494-42E9-A231-DA0B2E46BB41): 20
LogDevObjectVersion:   Dev-Framework (CFFC743F-43B0-4480-9391-14DF171D2073): 28
LogDevObjectVersion:   Dev-Mobile (B02B49B5-BB20-44E9-A304-32B752E40360): 0
LogDevObjectVersion:   Dev-Networking (A4E4105C-59A1-49B5-A7C5-40C4547EDFEE): 0
LogDevObjectVersion:   Dev-Online (39C831C9-5AE6-47DC-9A44-9C173E1C8E7C): 0
LogDevObjectVersion:   Dev-Physics (78F01B33-EBEA-4F98-B9B4-84EACCB95AA2): 0
LogDevObjectVersion:   Dev-Platform (6631380F-2D4D-43E0-8009-CF276956A95A): 0
LogDevObjectVersion:   Dev-Rendering (12F88B9F-8875-4AFC-A67C-D90C383ABD29): 19
LogDevObjectVersion:   Dev-Sequencer (7B5AE74C-D270-4C10-A958-57980B212A5A): 4
LogDevObjectVersion:   Dev-VR (D7296918-1DD6-4BDD-9DE2-64A83CC13884): 0
LogDevObjectVersion:   Dev-LoadTimes (C2A15278-BFE7-4AFE-6C17-90FF531DF755): 1
LogDevObjectVersion:   Private-Geometry (6EACA3D4-40EC-4CC1-B786-8BED09428FC5): 1
LogDevObjectVersion:   Dev-AnimPhys (29E575DD-E0A3-4627-9D10-D276232CDCEA): 7
LogInit: Compiled (64-bit): Aug  4 2017 16:30:33
LogInit: Compiled with Visual C++: 19.00.24215.01
LogInit: Build Configuration: Development
LogInit: Branch Name: ++UE4+Release-4.17
LogInit: Command line: 
LogInit: Base directory: C:/Program Files (x86)/Epic Games/UE_4.17/Engine/Binaries/Win64/
LogInit: Installed Engine Build: 1
LogInit: Presizing for max 8388607 objects, including 0 objects not considered by GC, pre-allocating 0 bytes for permanent pool.
LogInit: Object subsystem initialized
[2018.03.06-13.49.51:348][  0]LogInit: Selected Device Profile: [Windows]
[2018.03.06-13.49.51:348][  0]LogInit: Applying CVar settings loaded from the selected device profile: [Windows]
[2018.03.06-13.49.51:383][  0]LogInit: Computer: MC11594
[2018.03.06-13.49.51:383][  0]LogInit: User: 1503395
[2018.03.06-13.49.51:383][  0]LogInit: CPU Page size=4096, Cores=4
[2018.03.06-13.49.51:383][  0]LogInit: High frequency timer resolution =3.328123 MHz
[2018.03.06-13.49.51:384][  0]LogMemory: Memory total: Physical=31.9GB (32GB approx)
[2018.03.06-13.49.51:384][  0]LogMemory: Platform Memory Stats for Windows
[2018.03.06-13.49.51:384][  0]LogMemory: Process Physical Memory: 279.69 MB used, 279.69 MB peak
[2018.03.06-13.49.51:384][  0]LogMemory: Process Virtual Memory: 282.23 MB used, 282.23 MB peak
[2018.03.06-13.49.51:384][  0]LogMemory: Physical Memory: 4195.27 MB used,  28513.02 MB free, 32708.29 MB total
[2018.03.06-13.49.51:384][  0]LogMemory: Virtual Memory: 709.63 MB used,  28513.02 MB free, 134217728.00 MB total
[2018.03.06-13.49.51:664][  0]LogInit: Using OS detected language (en-US).
[2018.03.06-13.49.51:664][  0]LogInit: Using OS detected locale (en-GB).
[2018.03.06-13.49.51:667][  0]LogTextLocalizationManager: No specific localization for 'en-US' exists, so the 'en' localization will be used.
[2018.03.06-13.49.52:366][  0]LogD3D11RHI: D3D11 adapters:
[2018.03.06-13.49.52:413][  0]LogD3D11RHI:    0. 'NVIDIA GeForce GTX 1070' (Feature Level 11_0)
[2018.03.06-13.49.52:413][  0]LogD3D11RHI:       8088/0/16354 MB DedicatedVideo/DedicatedSystem/SharedSystem, Outputs:2, VendorId:0x10de
[2018.03.06-13.49.52:416][  0]LogD3D11RHI:    1. 'Microsoft Basic Render Driver' (Feature Level 11_0)
[2018.03.06-13.49.52:416][  0]LogD3D11RHI:       0/0/16354 MB DedicatedVideo/DedicatedSystem/SharedSystem, Outputs:0, VendorId:0x1414
[2018.03.06-13.49.52:416][  0]LogD3D11RHI: Chosen D3D11 Adapter: 0
[2018.03.06-13.49.52:420][  0]LogD3D11RHI: Creating new Direct3DDevice
[2018.03.06-13.49.52:420][  0]LogD3D11RHI:     GPU DeviceId: 0x1b81 (for the marketing name, search the web for "GPU Device Id")
[2018.03.06-13.49.52:420][  0]LogWindows: EnumDisplayDevices:
[2018.03.06-13.49.52:420][  0]LogWindows:    0. 'NVIDIA GeForce GTX 1070' (P:1 D:1)
[2018.03.06-13.49.52:420][  0]LogWindows:    1. 'NVIDIA GeForce GTX 1070' (P:0 D:1)
[2018.03.06-13.49.52:421][  0]LogWindows:    2. 'NVIDIA GeForce GTX 1070' (P:0 D:0)
[2018.03.06-13.49.52:421][  0]LogWindows:    3. 'NVIDIA GeForce GTX 1070' (P:0 D:0)
[2018.03.06-13.49.52:421][  0]LogWindows: DebugString: GetVideoDriverDetailsInvalid PrimaryIsNotTheChoosenAdapter GetVideoDriverDetailsInvalid PrimaryIsNotTheChoosenAdapter GetVideoDriverDetailsInvalid PrimaryIsNotTheChoosenAdapter GetVideoDriverDetailsInvalid PrimaryIsNotTheChoosenAdapter FoundDriverCount:0 
[2018.03.06-13.49.52:421][  0]LogD3D11RHI:     Adapter Name: NVIDIA GeForce GTX 1070
[2018.03.06-13.49.52:421][  0]LogD3D11RHI:   Driver Version: Unknown (internal:Unknown, unified:Unknown)
[2018.03.06-13.49.52:421][  0]LogD3D11RHI:      Driver Date: Unknown
[2018.03.06-13.49.52:421][  0]LogRHI: Texture pool is 1361 MB (70% of 1945 MB)
[2018.03.06-13.49.52:441][  0]LogD3D11RHI: Async texture creation enabled
[2018.03.06-13.49.52:457][  0]LogD3D11RHI: GPU Timing Frequency: 1000.000000 (Debug: 2 2)
[2018.03.06-13.49.52:542][  0]LogShaderCompilers: Guid format shader working directory is 1 characters bigger than the processId version (M:/GitHub/Gameplay-Mechanics/PropNavigationGame/Intermediate/Shaders/WorkingDirectory/7288/).
[2018.03.06-13.49.52:542][  0]LogShaderCompilers: Cleaned the shader compiler working directory 'C:/Users/1503395/AppData/Local/Temp/UnrealShaderWorkingDir/ADF66C8C4A1E6FC4BDC3FEBCD25A18B8/'.
[2018.03.06-13.49.52:542][  0]LogShaderCompilers: Display: Using Local Shader Compiler.
[2018.03.06-13.49.53:444][  0]LogTemp: Display: Loaded TP AllDesktopTargetPlatform
[2018.03.06-13.49.53:522][  0]LogTemp: Display: Loaded TP MacClientTargetPlatform
[2018.03.06-13.49.53:601][  0]LogTemp: Display: Loaded TP MacNoEditorTargetPlatform
[2018.03.06-13.49.53:681][  0]LogTemp: Display: Loaded TP MacServerTargetPlatform
[2018.03.06-13.49.53:758][  0]LogTemp: Display: Loaded TP MacTargetPlatform
[2018.03.06-13.49.53:837][  0]LogTemp: Display: Loaded TP WindowsClientTargetPlatform
[2018.03.06-13.49.53:930][  0]LogTemp: Display: Loaded TP WindowsNoEditorTargetPlatform
[2018.03.06-13.49.54:011][  0]LogTemp: Display: Loaded TP WindowsServerTargetPlatform
[2018.03.06-13.49.54:089][  0]LogTemp: Display: Loaded TP WindowsTargetPlatform
[2018.03.06-13.49.54:174][  0]LogTemp: Display: Loaded TP AndroidTargetPlatform
[2018.03.06-13.49.54:256][  0]LogTemp: Display: Loaded TP Android_ASTCTargetPlatform
[2018.03.06-13.49.54:336][  0]LogTemp: Display: Loaded TP Android_ATCTargetPlatform
[2018.03.06-13.49.54:413][  0]LogTemp: Display: Loaded TP Android_DXTTargetPlatform
[2018.03.06-13.49.54:489][  0]LogTemp: Display: Loaded TP Android_ETC1TargetPlatform
[2018.03.06-13.49.54:566][  0]LogTemp: Display: Loaded TP Android_ETC2TargetPlatform
[2018.03.06-13.49.54:733][  0]LogTemp: Display: Loaded TP Android_MultiTargetPlatform
[2018.03.06-13.49.54:733][  0]LogTemp: Display: Loaded TP Android_PVRTCTargetPlatform
[2018.03.06-13.49.54:804][  0]LogTemp: Display: Loaded TP HTML5TargetPlatform
[2018.03.06-13.49.54:947][  0]LogTemp: Display: Loaded TP IOSTargetPlatform
[2018.03.06-13.49.54:995][  0]LogTemp: Display: Loaded TP TVOSTargetPlatform
[2018.03.06-13.49.55:076][  0]LogTemp: Display: Loaded TP LinuxClientTargetPlatform
[2018.03.06-13.49.55:157][  0]LogTemp: Display: Loaded TP LinuxNoEditorTargetPlatform
[2018.03.06-13.49.55:232][  0]LogTemp: Display: Loaded TP LinuxServerTargetPlatform
[2018.03.06-13.49.55:306][  0]LogTemp: Display: Loaded TP LinuxTargetPlatform
[2018.03.06-13.49.55:306][  0]LogTargetPlatformManager: Display: Building Assets For Windows
[2018.03.06-13.49.56:069][  0]LogDerivedDataCache: Display: Max Cache Size: 512 MB
[2018.03.06-13.49.56:139][  0]LogDerivedDataCache: Loaded boot cache 0.07s 93MB C:/Users/1503395/AppData/Local/UnrealEngine/4.17/DerivedDataCache/Boot.ddc.
[2018.03.06-13.49.56:139][  0]LogDerivedDataCache: Display: Loaded Boot cache: C:/Users/1503395/AppData/Local/UnrealEngine/4.17/DerivedDataCache/Boot.ddc
[2018.03.06-13.49.56:140][  0]LogDerivedDataCache: FDerivedDataBackendGraph:  Pak pak cache file M:/GitHub/Gameplay-Mechanics/PropNavigationGame/DerivedDataCache/DDC.ddp not found, will not use a pak cache.
[2018.03.06-13.49.56:140][  0]LogDerivedDataCache: Unable to find inner node Pak for hierarchical cache Hierarchy.
[2018.03.06-13.49.56:141][  0]LogDerivedDataCache: FDerivedDataBackendGraph:  CompressedPak pak cache file M:/GitHub/Gameplay-Mechanics/PropNavigationGame/DerivedDataCache/Compressed.ddp not found, will not use a pak cache.
[2018.03.06-13.49.56:141][  0]LogDerivedDataCache: Unable to find inner node CompressedPak for hierarchical cache Hierarchy.
[2018.03.06-13.49.56:154][  0]LogDerivedDataCache: Display: Pak cache opened for reading ../../../Engine/DerivedDataCache/Compressed.ddp.
[2018.03.06-13.49.56:167][  0]LogDerivedDataCache: Using Local data cache path C:/Users/1503395/AppData/Local/UnrealEngine/Common/DerivedDataCache: Writable
[2018.03.06-13.49.56:177][  0]LogMaterial: Verifying Global Shaders for PCD3D_SM5
[2018.03.06-13.49.56:177][  0]LogSlate: Using Freetype 2.6.0
[2018.03.06-13.49.56:178][  0]LogSlate: SlateFontCache - WITH_FREETYPE: 1, WITH_HARFBUZZ: 1
[2018.03.06-13.49.56:178][  0]LogSlate: SlateFontCache - WITH_FREETYPE: 1, WITH_HARFBUZZ: 1
[2018.03.06-13.49.56:448][  0]LogAssetRegistry: FAssetRegistry took 0.0265 seconds to start up
[2018.03.06-13.49.56:644][  0]LogInit: Selected Device Profile: [Windows]
[2018.03.06-13.49.57:205][  0]LogSimplygon: Simplygon DLL not present - disabling.
[2018.03.06-13.49.57:281][  0]LogMeshReduction: Using SimplygonSwarm for distributed automatic mesh merging
[2018.03.06-13.49.57:281][  0]LogMeshReduction: Using QuadricMeshReduction for automatic static mesh reduction
[2018.03.06-13.49.57:281][  0]LogMeshReduction: No automatic skeletal mesh reduction module available
[2018.03.06-13.49.57:281][  0]LogMeshReduction: No automatic mesh merging module available
[2018.03.06-13.49.57:281][  0]LogMeshMerging: No automatic mesh merging module available
[2018.03.06-13.49.57:282][  0]LogContentStreaming: Texture pool size is 0.00 MB
[2018.03.06-13.49.57:803][  0]LogNetVersion: PropNavigationGame , NetCL: 3573198, EngineNetVer: 2, GameNetVer: 0 (Checksum: 1685960384)
[2018.03.06-13.49.58:259][  0]LogPackageLocalizationCache: Processed 5 localized package path(s) for 2 prioritized culture(s) in 0.205023 seconds
[2018.03.06-13.49.58:265][  0]LogUObjectArray: 35825 objects as part of root set at end of initial load.
[2018.03.06-13.49.58:265][  0]LogUObjectAllocator: 7529104 out of 0 bytes used by permanent object pool.
[2018.03.06-13.49.58:265][  0]LogUObjectArray: CloseDisregardForGC: 0/0 objects in disregard for GC pool
[2018.03.06-13.49.58:380][  0]LogInit: WinSock: version 1.1 (2.2), MaxSocks=32767, MaxUdp=65467
[2018.03.06-13.50.02:021][  0]LogTcpMessaging: Initializing TcpMessaging bridge
[2018.03.06-13.50.02:076][  0]LogUdpMessaging: Initializing bridge on interface 0.0.0.0:0 to multicast group 230.0.0.1:6666.
[2018.03.06-13.50.02:077][  0]LogDirectoryWatcher: A directory notification failed for 'M:/GitHub/Gameplay-Mechanics/PropNavigationGame/Content/' because it was empty or there was a buffer overflow. Attemping another request...
[2018.03.06-13.50.02:832][  0]LogScriptCore: Error: Script Msg: A null object was passed as a world context object to UEngine::GetWorldFromContextObject().
[2018.03.06-13.50.02:832][  0]LogScriptCore: Error: Script call stack:
	[Empty] (FFrame::GetScriptCallstack() called from native code)
[2018.03.06-13.50.03:046][  0]LogStats: FPlatformStackWalk::StackWalkAndDump -  0.180 s
[2018.03.06-13.50.03:046][  0]LogOutputDevice: Error: === Handled ensure: ===
[2018.03.06-13.50.03:046][  0]LogOutputDevice: Error: 
[2018.03.06-13.50.03:046][  0]LogOutputDevice: Error: Ensure condition failed: AttachmentRules.LocationRule == EAttachmentRule::KeepRelative && AttachmentRules.RotationRule == EAttachmentRule::KeepRelative && AttachmentRules.ScaleRule == EAttachmentRule::KeepRelative [File:D:\Build\++UE4+Release-4.17+Compile\Sync\Engine\Source\Runtime\Engine\Private\Components\SceneComponent.cpp] [Line: 1672]
[2018.03.06-13.50.03:046][  0]LogOutputDevice: Error: AttachToComponent when called from a constructor is only setting up attachment and will always be treated as KeepRelative. Consider calling SetupAttachment directly instead.
[2018.03.06-13.50.03:046][  0]LogOutputDevice: Error: Stack: 
[2018.03.06-13.50.03:046][  0]LogOutputDevice: Error: UE4Editor-Core.dll!0x00000000928D35F6
[2018.03.06-13.50.03:046][  0]LogOutputDevice: Error: UE4Editor-Core.dll!0x000000009265C2C2
[2018.03.06-13.50.03:046][  0]LogOutputDevice: Error: UE4Editor-Core.dll!0x0000000092674736
[2018.03.06-13.50.03:046][  0]LogOutputDevice: Error: UE4Editor-Engine.dll!0x0000000087192438
[2018.03.06-13.50.03:046][  0]LogOutputDevice: Error: UE4Editor-PropNavigationGame-9387.dll!APlayerShip::APlayerShip() [m:\github\gameplay-mechanics\propnavigationgame\source\propnavigationgame\playership.cpp:27]
[2018.03.06-13.50.03:046][  0]LogOutputDevice: Error: UE4Editor-CoreUObject.dll!0x00000000ABDAA442
[2018.03.06-13.50.03:046][  0]LogOutputDevice: Error: UE4Editor-CoreUObject.dll!0x00000000AC01324B
[2018.03.06-13.50.03:046][  0]LogOutputDevice: Error: UE4Editor-CoreUObject.dll!0x00000000ABFF6C73
[2018.03.06-13.50.03:046][  0]LogOutputDevice: Error: UE4Editor-CoreUObject.dll!0x00000000ABDAC157
[2018.03.06-13.50.03:047][  0]LogOutputDevice: Error: UE4Editor-Core.dll!0x00000000924F8210
[2018.03.06-13.50.03:047][  0]LogOutputDevice: Error: UE4Editor-Core.dll!0x00000000927468C0
[2018.03.06-13.50.03:047][  0]LogOutputDevice: Error: UE4Editor-Projects.dll!0x00000000AC59E06D
[2018.03.06-13.50.03:047][  0]LogOutputDevice: Error: UE4Editor-Projects.dll!0x00000000AC59E37E
[2018.03.06-13.50.03:047][  0]LogOutputDevice: Error: UE4Editor.exe!0x00000000BE9E64B1
[2018.03.06-13.50.03:047][  0]LogOutputDevice: Error: UE4Editor.exe!0x00000000BE9EA7BD
[2018.03.06-13.50.03:047][  0]LogOutputDevice: Error: UE4Editor.exe!0x00000000BE9E379A
[2018.03.06-13.50.03:047][  0]LogOutputDevice: Error: UE4Editor.exe!0x00000000BE9E39EA
[2018.03.06-13.50.03:047][  0]LogOutputDevice: Error: UE4Editor.exe!0x00000000BE9F02D9
[2018.03.06-13.50.03:047][  0]LogOutputDevice: Error: UE4Editor.exe!0x00000000BE9F1C47
[2018.03.06-13.50.03:047][  0]LogOutputDevice: Error: KERNEL32.DLL!0x00000000C2F51FE4
[2018.03.06-13.50.03:047][  0]LogOutputDevice: Error: ntdll.dll!0x00000000C3E0EF91
[2018.03.06-13.50.03:047][  0]LogOutputDevice: Error: 
[2018.03.06-13.50.03:050][  0]LogStats:                SubmitErrorReport -  0.000 s
[2018.03.06-13.50.04:098][  0]LogStats:                    SendNewReport -  1.049 s
[2018.03.06-13.50.04:098][  0]LogStats:             FDebug::EnsureFailed -  1.232 s
[2018.03.06-13.50.04:505][  0]LogMaterial: Uniform references updated for custom material expression Custom.
[2018.03.06-13.50.05:244][  0]SourceControl: Source control is disabled
[2018.03.06-13.50.05:244][  0]SourceControl: Source control is disabled
[2018.03.06-13.50.05:337][  0]SourceControl: Source control is disabled
[2018.03.06-13.50.05:415][  0]SourceControl: Source control is disabled
[2018.03.06-13.50.06:333][  0]LogAndroidPermission: UAndroidPermissionCallbackProxy::GetInstance
[2018.03.06-13.50.06:731][  0]LogOcInput: OculusInput pre-init called
[2018.03.06-13.50.07:117][  0]LogEngine: Initializing Engine...
[2018.03.06-13.50.07:119][  0]LogHMD: Failed to initialize OpenVR with code 110
[2018.03.06-13.50.07:311][  0]LogStats: UGameplayTagsManager::ConstructGameplayTagTree: Construct from data asset -  0.000 s
[2018.03.06-13.50.07:311][  0]LogStats: UGameplayTagsManager::ConstructGameplayTagTree: GameplayTagTreeChangedEvent.Broadcast -  0.000 s
[2018.03.06-13.50.07:520][  0]LogAIModule: Creating AISystem for world Untitled
[2018.03.06-13.50.07:526][  0]LogInit: XAudio2 using 'Realtek Digital Output (Realtek High Definition Audio)' : 2 channels at 48 kHz using 16 bits per sample (channel mask 0x3)
[2018.03.06-13.50.07:573][  0]LogInit: FAudioDevice initialized.
[2018.03.06-13.50.07:656][  0]LogDerivedDataCache: Saved boot cache 0.08s 93MB C:/Users/1503395/AppData/Local/UnrealEngine/4.17/DerivedDataCache/Boot.ddc.
[2018.03.06-13.50.07:662][  0]LogInit: Texture streaming: Enabled
[2018.03.06-13.50.07:867][  0]LogEngineSessionManager: EngineSessionManager initialized
[2018.03.06-13.50.08:237][  0]LogInit: Transaction tracking system initialized
[2018.03.06-13.50.08:756][  0]BlueprintLog: New page: Editor Load
[2018.03.06-13.50.10:207][  0]LocalizationService: Localization service is disabled
[2018.03.06-13.50.11:288][  0]LogConsoleResponse: Display: 
[2018.03.06-13.50.11:491][  0]LogCook: Display: Max memory allowance for cook 16384mb min free memory 0mb
[2018.03.06-13.50.11:491][  0]LogCook: Display: Mobile HDR setting 1
[2018.03.06-13.50.11:491][  0]LogGameplayTags: Display: UGameplayTagsManager::DoneAddingNativeTags. DelegateIsBound: 0
[2018.03.06-13.50.12:161][  0]LogFileCache: Scanning file cache for directory 'M:/GitHub/Gameplay-Mechanics/PropNavigationGame/Content/' took 0.02s
[2018.03.06-13.50.13:144][  0]SourceControl: Source control is disabled
[2018.03.06-13.50.13:144][  0]Cmd: MAP LOAD FILE="M:/GitHub/Gameplay-Mechanics/PropNavigationGame/Content/StarterContent/Maps/Minimal_Default.umap" TEMPLATE=0 SHOWPROGRESS=1 FEATURELEVEL=3
[2018.03.06-13.50.13:148][  0]LightingResults: New page: Lighting Build
[2018.03.06-13.50.13:212][  0]MapCheck: New page: Map Check
[2018.03.06-13.50.13:212][  0]LightingResults: New page: Lighting Build
[2018.03.06-13.50.13:750][  0]LogAIModule: Creating AISystem for world Minimal_Default
[2018.03.06-13.50.13:760][  0]LogEditorServer: Finished looking for orphan Actors (0.000 secs)
[2018.03.06-13.50.13:771][  0]Cmd: MAP CHECKDEP NOCLEARLOG
[2018.03.06-13.50.13:854][  0]MapCheck: Map check complete: 0 Error(s), 0 Warning(s), took 83ms to complete.
[2018.03.06-13.50.13:854][  0]LogFileHelpers: Loading map 'Minimal_Default' took 0.710
[2018.03.06-13.50.14:062][  0]LogCollectionManager: Loaded 0 collections in 0.001511 seconds
[2018.03.06-13.50.14:199][  0]LogFileCache: Scanning file cache for directory 'M:/GitHub/Gameplay-Mechanics/PropNavigationGame/Saved/Collections/' took 0.01s
[2018.03.06-13.50.14:199][  0]LogFileCache: Scanning file cache for directory 'M:/GitHub/Gameplay-Mechanics/PropNavigationGame/Content/Developers/1503395/Collections/' took 0.01s
[2018.03.06-13.50.14:199][  0]LogFileCache: Scanning file cache for directory 'M:/GitHub/Gameplay-Mechanics/PropNavigationGame/Content/Collections/' took 0.01s
[2018.03.06-13.50.14:199][  0]LogCollectionManager: Rebuilt the GUID cache for 0 collections in 0.000000 seconds
[2018.03.06-13.50.14:210][  0]LogContentBrowser: Native class hierarchy populated in 0.0106 seconds. Added 2396 classes and 502 folders.
[2018.03.06-13.50.14:311][  0]LogContentBrowser: Native class hierarchy updated for 'WidgetCarousel' in 0.0028 seconds. Added 0 classes and 0 folders.
[2018.03.06-13.50.14:356][  0]LogContentBrowser: Native class hierarchy updated for 'AddContentDialog' in 0.0029 seconds. Added 0 classes and 0 folders.
[2018.03.06-13.50.14:424][  0]LogContentBrowser: Native class hierarchy updated for 'SceneOutliner' in 0.0027 seconds. Added 1 classes and 2 folders.
[2018.03.06-13.50.15:335][  0]LogSlate: Took 0.000254 seconds to synchronously load lazily loaded font '../../../Engine/Content/Slate/Fonts/Roboto-Regular.ttf' (155K)
[2018.03.06-13.50.15:338][  0]LogSlate: Took 0.000248 seconds to synchronously load lazily loaded font '../../../Engine/Content/Slate/Fonts/Roboto-Bold.ttf' (160K)
[2018.03.06-13.50.15:344][  0]LogSlate: Took 0.000177 seconds to synchronously load lazily loaded font '../../../Engine/Content/Editor/Slate/Fonts/FontAwesome.ttf' (139K)
[2018.03.06-13.50.15:451][  0]LogTemp: Executing iPhonePackager certificates Engine -bundlename com.YourCompany.PropNavigationGame
[2018.03.06-13.50.15:451][  0]LogTemp: CWD: C:\Program Files (x86)\Epic Games\UE_4.17\Engine\Binaries\DotNET\IOS
[2018.03.06-13.50.15:451][  0]LogTemp: Initial Dir: C:\Program Files (x86)\Epic Games\UE_4.17
[2018.03.06-13.50.15:451][  0]LogTemp: Env CWD: C:\Program Files (x86)\Epic Games\UE_4.17\Engine\Binaries\DotNET\IOS
[2018.03.06-13.50.15:451][  0]LogTemp: BranchPath = MC11594/C/Program Files (x86)/Epic Games/UE_4.17/Engine/Binaries --- GameBranchPath = MC11594/C/Program Files (x86)/Epic Games/UE_4.17/Engine/Binaries
[2018.03.06-13.50.15:451][  0]LogTemp: IPP ERROR: Could not find provision directory 'C:\Users\1503395\AppData\Local/Apple Computer/MobileDevice/Provisioning Profiles/'.
[2018.03.06-13.50.15:451][  0]LogRenderer: Reallocating scene render targets to support 1208x576 Format 10 NumSamples 1 (Frame:1).
[2018.03.06-13.50.15:504][  0]LogSlate: Took 0.000184 seconds to synchronously load lazily loaded font '../../../Engine/Content/Slate/Fonts/Roboto-Light.ttf' (159K)
[2018.03.06-13.50.15:711][  0]LogContentBrowser: Native class hierarchy updated for 'HierarchicalLODOutliner' in 0.0034 seconds. Added 1 classes and 2 folders.
[2018.03.06-13.50.15:711][  0]LogLoad: (Engine Initialization) Total time: 27.35 seconds
[2018.03.06-13.50.15:711][  0]LogLoad: (Engine Initialization) Total Blueprint compile time: 0.00 seconds
[2018.03.06-13.50.15:711][  0]LogExternalProfiler: No external profilers were discovered.  External profiling features will not be available.
[2018.03.06-13.50.16:080][  0]LogDirectoryWatcher: A directory notification failed for 'M:/GitHub/Gameplay-Mechanics/PropNavigationGame/Content/' because it was empty or there was a buffer overflow. Attemping another request...
[2018.03.06-13.50.16:081][  0]LogDirectoryWatcher: A directory notification failed for 'M:/GitHub/Gameplay-Mechanics/PropNavigationGame/Content/', and we were unable to create a new request.
[2018.03.06-13.50.16:081][  0]LogDirectoryWatcher: A directory notification failed for 'M:/GitHub/Gameplay-Mechanics/PropNavigationGame/Binaries/Win64' because it was empty or there was a buffer overflow. Attemping another request...
[2018.03.06-13.50.16:081][  0]LogDirectoryWatcher: A directory notification failed for 'M:/GitHub/Gameplay-Mechanics/PropNavigationGame/Saved/Collections/' because it was empty or there was a buffer overflow. Attemping another request...
[2018.03.06-13.50.16:081][  0]LogDirectoryWatcher: A directory notification failed for 'M:/GitHub/Gameplay-Mechanics/PropNavigationGame/Content/Developers/1503395/Collections/' because it was empty or there was a buffer overflow. Attemping another request...
[2018.03.06-13.50.16:081][  0]LogDirectoryWatcher: A directory notification failed for 'M:/GitHub/Gameplay-Mechanics/PropNavigationGame/Content/Collections/' because it was empty or there was a buffer overflow. Attemping another request...
[2018.03.06-13.50.16:085][  0]LogContentStreaming: Texture pool size now 1000 MB
[2018.03.06-13.50.16:408][  1]LogDirectoryWatcher: A directory notification failed for 'M:/GitHub/Gameplay-Mechanics/PropNavigationGame/Saved/Collections/' because it was empty or there was a buffer overflow. Attemping another request...
[2018.03.06-13.50.16:409][  1]LogDirectoryWatcher: A directory notification failed for 'M:/GitHub/Gameplay-Mechanics/PropNavigationGame/Saved/Collections/', and we were unable to create a new request.
[2018.03.06-13.50.16:409][  1]LogDirectoryWatcher: A directory notification failed for 'M:/GitHub/Gameplay-Mechanics/PropNavigationGame/Binaries/Win64' because it was empty or there was a buffer overflow. Attemping another request...
[2018.03.06-13.50.16:410][  1]LogDirectoryWatcher: A directory notification failed for 'M:/GitHub/Gameplay-Mechanics/PropNavigationGame/Binaries/Win64', and we were unable to create a new request.
[2018.03.06-13.50.16:410][  1]LogDirectoryWatcher: A directory notification failed for 'M:/GitHub/Gameplay-Mechanics/PropNavigationGame/Content/Developers/1503395/Collections/' because it was empty or there was a buffer overflow. Attemping another request...
[2018.03.06-13.50.16:410][  1]LogDirectoryWatcher: A directory notification failed for 'M:/GitHub/Gameplay-Mechanics/PropNavigationGame/Content/Developers/1503395/Collections/', and we were unable to create a new request.
[2018.03.06-13.50.16:410][  1]LogDirectoryWatcher: A directory notification failed for 'M:/GitHub/Gameplay-Mechanics/PropNavigationGame/Content/Collections/' because it was empty or there was a buffer overflow. Attemping another request...
[2018.03.06-13.50.16:411][  1]LogDirectoryWatcher: A directory notification failed for 'M:/GitHub/Gameplay-Mechanics/PropNavigationGame/Content/Collections/', and we were unable to create a new request.
[2018.03.06-13.50.16:736][  2]LogAssetRegistry: Asset discovery search completed in 20.3101 seconds
[2018.03.06-13.50.16:739][  2]LogCollectionManager: Rebuilt the object cache for 0 collections in 0.000001 seconds (found 0 objects)
[2018.03.06-13.50.16:739][  2]LogCollectionManager: Fixed up redirectors for 0 collections in 0.000088 seconds (updated 0 objects)
[2018.03.06-13.50.25:031][766]LogSlate: Took 0.000164 seconds to synchronously load lazily loaded font '../../../Engine/Content/Slate/Fonts/Roboto-Light.ttf' (159K)
[2018.03.06-13.50.29:888][ 24]LogVSAccessor: Warning: Couldn't goto line number '0' in 'M:/GitHub/Gameplay-Mechanics/PropNavigationGame/Source/PropNavigationGame/PlayerShip.h'
[2018.03.06-13.50.30:098][ 24]LogVSAccessor: Warning: Couldn't goto line number '0' in 'M:/GitHub/Gameplay-Mechanics/PropNavigationGame/Source/PropNavigationGame/PlayerShip.cpp'
[2018.03.06-13.54.11:577][689]LogWindowsTextInputMethodSystem: Display: IME system now deactivated.
[2018.03.06-13.54.11:793][690]Cmd: QUIT_EDITOR
[2018.03.06-13.54.11:829][690]LogExit: Preparing to exit.
[2018.03.06-13.54.12:330][690]LogExit: Editor shut down
[2018.03.06-13.54.12:351][690]LogExit: Transaction tracking system shut down
[2018.03.06-13.54.12:813][690]LogDirectoryWatcher: A directory notification for '../../../Engine/Content/' was aborted.
[2018.03.06-13.54.12:813][690]LogDirectoryWatcher: A directory notification for '../../../Engine/Plugins/2D/Paper2D/Content/' was aborted.
[2018.03.06-13.54.12:813][690]LogDirectoryWatcher: A directory notification for '../../../Engine/Plugins/Runtime/Oculus/OculusVR/Content/' was aborted.
[2018.03.06-13.54.12:813][690]LogDirectoryWatcher: A directory notification for '../../../Engine/Plugins/Runtime/Steam/SteamVR/Content/' was aborted.
[2018.03.06-13.54.12:863][690]LogExit: Object subsystem successfully closed.
[2018.03.06-13.54.12:889][690]LogD3D11RHI: Shutdown
[2018.03.06-13.54.12:890][690]LogD3D11RHI: CleanupD3DDevice
[2018.03.06-13.54.12:958][690]LogD3D11RHI: ~FD3D11DynamicRHI
[2018.03.06-13.54.12:977][690]LogModuleManager: Shutting down and abandoning module HierarchicalLODOutliner (534)
[2018.03.06-13.54.12:977][690]LogModuleManager: Shutting down and abandoning module ExternalImagePicker (532)
[2018.03.06-13.54.12:977][690]LogModuleManager: Shutting down and abandoning module SceneOutliner (530)
[2018.03.06-13.54.12:977][690]LogModuleManager: Shutting down and abandoning module AddContentDialog (528)
[2018.03.06-13.54.12:977][690]LogDirectoryWatcher: A directory notification for 'C:/Program Files (x86)/Epic Games/UE_4.17/FeaturePacks/' was aborted.
[2018.03.06-13.54.12:981][690]LogModuleManager: Shutting down and abandoning module WidgetCarousel (527)
[2018.03.06-13.54.12:981][690]LogModuleManager: Shutting down and abandoning module EditorWidgets (524)
[2018.03.06-13.54.12:981][690]LogModuleManager: Shutting down and abandoning module CollectionManager (522)
[2018.03.06-13.54.12:981][690]LogModuleManager: Shutting down and abandoning module StatsViewer (520)
[2018.03.06-13.54.12:981][690]LogModuleManager: Shutting down and abandoning module FoliageEdit (518)
[2018.03.06-13.54.12:981][690]LogModuleManager: Shutting down and abandoning module LandscapeEditor (516)
[2018.03.06-13.54.12:982][690]LogModuleManager: Shutting down and abandoning module MeshPaintMode (514)
[2018.03.06-13.54.12:982][690]LogModuleManager: Shutting down and abandoning module SceneDepthPickerMode (512)
[2018.03.06-13.54.12:982][690]LogModuleManager: Shutting down and abandoning module ActorPickerMode (510)
[2018.03.06-13.54.12:982][690]LogModuleManager: Shutting down and abandoning module GeometryMode (508)
[2018.03.06-13.54.12:982][690]LogModuleManager: Shutting down and abandoning module TextureAlignMode (506)
[2018.03.06-13.54.12:982][690]LogModuleManager: Shutting down and abandoning module BspMode (504)
[2018.03.06-13.54.12:982][690]LogModuleManager: Shutting down and abandoning module PIEPreviewDeviceProfileSelector (502)
[2018.03.06-13.54.12:982][690]LogModuleManager: Shutting down and abandoning module HardwareSurvey (500)
[2018.03.06-13.54.12:982][690]LogModuleManager: Shutting down and abandoning module SequenceRecorderSections (498)
[2018.03.06-13.54.12:982][690]LogModuleManager: Shutting down and abandoning module AutomationWorker (496)
[2018.03.06-13.54.12:982][690]LogModuleManager: Shutting down and abandoning module MatineeToLevelSequence (494)
[2018.03.06-13.54.12:982][690]LogModuleManager: Shutting down and abandoning module LevelSequenceEditor (492)
[2018.03.06-13.54.12:982][690]LogModuleManager: Shutting down and abandoning module PlacementMode (491)
[2018.03.06-13.54.12:982][690]LogModuleManager: Shutting down and abandoning module WmfMediaFactory (488)
[2018.03.06-13.54.12:982][690]LogModuleManager: Shutting down and abandoning module WmfMediaEditor (486)
[2018.03.06-13.54.12:982][690]LogModuleManager: Shutting down and abandoning module AvfMediaFactory (484)
[2018.03.06-13.54.12:982][690]LogModuleManager: Shutting down and abandoning module AvfMediaEditor (482)
[2018.03.06-13.54.12:982][690]LogModuleManager: Shutting down and abandoning module AndroidMediaFactory (480)
[2018.03.06-13.54.12:982][690]LogModuleManager: Shutting down and abandoning module Media (479)
[2018.03.06-13.54.12:982][690]LogModuleManager: Shutting down and abandoning module AndroidMediaEditor (476)
[2018.03.06-13.54.12:982][690]LogModuleManager: Shutting down and abandoning module CharacterAI (474)
[2018.03.06-13.54.12:982][690]LogModuleManager: Shutting down and abandoning module AudioCapture (472)
[2018.03.06-13.54.12:982][690]LogModuleManager: Shutting down and abandoning module SequenceRecorder (471)
[2018.03.06-13.54.12:982][690]LogModuleManager: Shutting down and abandoning module SmartSnapping (468)
[2018.03.06-13.54.12:982][690]LogModuleManager: Shutting down and abandoning module SessionServices (466)
[2018.03.06-13.54.12:982][690]LogModuleManager: Shutting down and abandoning module ViewportSnapping (464)
[2018.03.06-13.54.12:982][690]LogModuleManager: Shutting down and abandoning module ViewportInteraction (462)
[2018.03.06-13.54.12:982][690]LogModuleManager: Shutting down and abandoning module ClothPainter (460)
[2018.03.06-13.54.12:982][690]LogModuleManager: Shutting down and abandoning module LogVisualizer (458)
[2018.03.06-13.54.12:982][690]LogModuleManager: Shutting down and abandoning module IntroTutorials (456)
[2018.03.06-13.54.12:982][690]LogModuleManager: Shutting down and abandoning module GameProjectGeneration (455)
[2018.03.06-13.54.12:982][690]LogModuleManager: Shutting down and abandoning module IOSPlatformEditor (452)
[2018.03.06-13.54.12:982][690]LogModuleManager: Shutting down and abandoning module HTML5PlatformEditor (450)
[2018.03.06-13.54.12:982][690]LogModuleManager: Shutting down and abandoning module AndroidPlatformEditor (448)
[2018.03.06-13.54.12:982][690]LogModuleManager: Shutting down and abandoning module AndroidDeviceDetection (447)
[2018.03.06-13.54.13:880][690]LogModuleManager: Shutting down and abandoning module WindowsPlatformEditor (444)
[2018.03.06-13.54.13:880][690]LogModuleManager: Shutting down and abandoning module IOSRuntimeSettings (442)
[2018.03.06-13.54.13:880][690]LogModuleManager: Shutting down and abandoning module AndroidRuntimeSettings (440)
[2018.03.06-13.54.13:880][690]LogModuleManager: Shutting down and abandoning module InputBindingEditor (438)
[2018.03.06-13.54.13:880][690]LogModuleManager: Shutting down and abandoning module MergeActors (436)
[2018.03.06-13.54.13:880][690]LogModuleManager: Shutting down and abandoning module SizeMap (434)
[2018.03.06-13.54.13:880][690]LogModuleManager: Shutting down and abandoning module TreeMap (432)
[2018.03.06-13.54.13:880][690]LogModuleManager: Shutting down and abandoning module ReferenceViewer (430)
[2018.03.06-13.54.13:880][690]LogModuleManager: Shutting down and abandoning module LocalizationDashboard (428)
[2018.03.06-13.54.13:881][690]LogModuleManager: Shutting down and abandoning module LocalizationService (427)
[2018.03.06-13.54.13:881][690]LogModuleManager: Shutting down and abandoning module HardwareTargeting (424)
[2018.03.06-13.54.13:881][690]LogModuleManager: Shutting down and abandoning module DeviceProfileEditor (422)
[2018.03.06-13.54.13:881][690]LogModuleManager: Shutting down and abandoning module UndoHistory (420)
[2018.03.06-13.54.13:881][690]LogModuleManager: Shutting down and abandoning module XmlParser (418)
[2018.03.06-13.54.13:881][690]LogModuleManager: Shutting down and abandoning module Blutility (416)
[2018.03.06-13.54.13:881][690]LogModuleManager: Shutting down and abandoning module ProjectSettingsViewer (414)
[2018.03.06-13.54.13:881][690]LogModuleManager: Shutting down and abandoning module ProjectTargetPlatformEditor (413)
[2018.03.06-13.54.13:882][690]LogModuleManager: Shutting down and abandoning module EditorSettingsViewer (410)
[2018.03.06-13.54.13:882][690]LogModuleManager: Shutting down and abandoning module SettingsEditor (408)
[2018.03.06-13.54.13:882][690]LogModuleManager: Shutting down and abandoning module ProjectLauncher (406)
[2018.03.06-13.54.13:882][690]LogModuleManager: Shutting down and abandoning module SessionFrontend (404)
[2018.03.06-13.54.13:882][690]LogModuleManager: Shutting down and abandoning module ProfilerClient (402)
[2018.03.06-13.54.13:882][690]LogModuleManager: Shutting down and abandoning module DeviceManager (400)
[2018.03.06-13.54.13:883][690]LogModuleManager: Shutting down and abandoning module TargetDeviceServices (399)
[2018.03.06-13.54.13:937][690]LogModuleManager: Shutting down and abandoning module AutomationController (396)
[2018.03.06-13.54.13:937][690]LogModuleManager: Shutting down and abandoning module AutomationWindow (394)
[2018.03.06-13.54.13:937][690]LogModuleManager: Shutting down and abandoning module Layers (392)
[2018.03.06-13.54.13:937][690]LogModuleManager: Shutting down and abandoning module ComponentVisualizers (390)
[2018.03.06-13.54.13:937][690]LogModuleManager: Shutting down and abandoning module DetailCustomizations (388)
[2018.03.06-13.54.13:937][690]LogModuleManager: Shutting down and abandoning module PackagesDialog (386)
[2018.03.06-13.54.13:937][690]LogModuleManager: Shutting down and abandoning module Persona (384)
[2018.03.06-13.54.13:937][690]LogModuleManager: Shutting down and abandoning module AdvancedPreviewScene (383)
[2018.03.06-13.54.13:937][690]LogModuleManager: Shutting down and abandoning module AnimGraph (381)
[2018.03.06-13.54.13:937][690]LogModuleManager: Shutting down and abandoning module Kismet (378)
[2018.03.06-13.54.13:937][690]LogModuleManager: Shutting down and abandoning module ClassViewer (376)
[2018.03.06-13.54.13:937][690]LogModuleManager: Shutting down and abandoning module Toolbox (374)
[2018.03.06-13.54.13:937][690]LogModuleManager: Shutting down and abandoning module ModuleUI (372)
[2018.03.06-13.54.13:937][690]LogModuleManager: Shutting down and abandoning module MovieSceneTools (370)
[2018.03.06-13.54.13:937][690]LogModuleManager: Shutting down and abandoning module OutputLog (368)
[2018.03.06-13.54.13:937][690]LogModuleManager: Shutting down and abandoning module GammaUI (366)
[2018.03.06-13.54.13:937][690]LogModuleManager: Shutting down and abandoning module Documentation (364)
[2018.03.06-13.54.13:939][690]LogModuleManager: Shutting down and abandoning module MovieSceneTracks (362)
[2018.03.06-13.54.13:939][690]LogModuleManager: Shutting down and abandoning module MovieScene (360)
[2018.03.06-13.54.13:939][690]LogModuleManager: Shutting down and abandoning module Niagara (358)
[2018.03.06-13.54.13:939][690]LogModuleManager: Shutting down and abandoning module NiagaraEditor (357)
[2018.03.06-13.54.13:939][690]LogModuleManager: Shutting down and abandoning module StreamingPauseRendering (354)
[2018.03.06-13.54.13:939][690]LogModuleManager: Shutting down and abandoning module LauncherPlatform (352)
[2018.03.06-13.54.13:939][690]LogModuleManager: Shutting down and abandoning module AnalyticsET (350)
[2018.03.06-13.54.13:939][690]LogModuleManager: Shutting down and abandoning module PortalServices (348)
[2018.03.06-13.54.13:939][690]LogModuleManager: Shutting down and abandoning module PortalRpc (346)
[2018.03.06-13.54.13:939][690]LogModuleManager: Shutting down and abandoning module MessagingRpc (344)
[2018.03.06-13.54.13:939][690]LogModuleManager: Shutting down and abandoning module AIModule (342)
[2018.03.06-13.54.13:939][690]LogModuleManager: Shutting down and abandoning module GameplayDebugger (341)
[2018.03.06-13.54.13:939][690]LogModuleManager: Shutting down and abandoning module AITestSuite (339)
[2018.03.06-13.54.13:939][690]LogModuleManager: Shutting down and abandoning module ProfilerService (336)
[2018.03.06-13.54.14:084][690]LogModuleManager: Shutting down and abandoning module TaskGraph (334)
[2018.03.06-13.54.14:084][690]LogModuleManager: Shutting down and abandoning module SteamVRController (332)
[2018.03.06-13.54.14:084][690]LogModuleManager: Shutting down and abandoning module ProceduralMeshComponentEditor (330)
[2018.03.06-13.54.14:084][690]LogModuleManager: Shutting down and abandoning module ProceduralMeshComponent (328)
[2018.03.06-13.54.14:084][690]LogModuleManager: Shutting down and abandoning module OculusInput (326)
[2018.03.06-13.54.14:084][690]LogModuleManager: Shutting down and abandoning module MobilePatchingUtils (324)
[2018.03.06-13.54.14:084][690]LogModuleManager: Shutting down and abandoning module CustomMeshComponent (322)
[2018.03.06-13.54.14:084][690]LogModuleManager: Shutting down and abandoning module CableComponent (320)
[2018.03.06-13.54.14:084][690]LogModuleManager: Shutting down and abandoning module ArchVisCharacter (318)
[2018.03.06-13.54.14:084][690]LogModuleManager: Shutting down and abandoning module AndroidPermission (316)
[2018.03.06-13.54.14:084][690]LogModuleManager: Shutting down and abandoning module MediaPlayerEditor (312)
[2018.03.06-13.54.14:084][690]LogModuleManager: Shutting down and abandoning module HTML5Networking (310)
[2018.03.06-13.54.14:084][690]LogModuleManager: Shutting down and abandoning module AlembicImporter (308)
[2018.03.06-13.54.14:084][690]LogModuleManager: Shutting down and abandoning module AlembicLibrary (307)
[2018.03.06-13.54.14:084][690]LogModuleManager: Shutting down and abandoning module GeometryCache (306)
[2018.03.06-13.54.14:084][690]LogModuleManager: Shutting down and abandoning module GeometryCacheEd (305)
[2018.03.06-13.54.14:084][690]LogModuleManager: Shutting down and abandoning module SpeedTreeImporter (300)
[2018.03.06-13.54.14:084][690]LogModuleManager: Shutting down and abandoning module PluginBrowser (298)
[2018.03.06-13.54.14:084][690]LogModuleManager: Shutting down and abandoning module MobileLauncherProfileWizard (296)
[2018.03.06-13.54.14:084][690]LogModuleManager: Shutting down and abandoning module VisualStudioSourceCodeAccess (294)
[2018.03.06-13.54.14:085][690]LogModuleManager: Shutting down and abandoning module DesktopPlatform (293)
[2018.03.06-13.54.14:085][690]LogModuleManager: Shutting down and abandoning module UObjectPlugin (290)
[2018.03.06-13.54.14:085][690]LogModuleManager: Shutting down and abandoning module SubversionSourceControl (288)
[2018.03.06-13.54.14:085][690]LogModuleManager: Shutting down and abandoning module PerforceSourceControl (286)
[2018.03.06-13.54.14:085][690]LogModuleManager: Shutting down and abandoning module GitSourceControl (284)
[2018.03.06-13.54.14:085][690]LogModuleManager: Shutting down and abandoning module SourceControl (283)
[2018.03.06-13.54.14:085][690]LogModuleManager: Shutting down and abandoning module LightPropagationVolumeEditor (280)
[2018.03.06-13.54.14:085][690]LogModuleManager: Shutting down and abandoning module PaperTiledImporter (278)
[2018.03.06-13.54.14:085][690]LogModuleManager: Shutting down and abandoning module PaperSpriteSheetImporter (276)
[2018.03.06-13.54.14:085][690]LogModuleManager: Shutting down and abandoning module Paper2DEditor (274)
[2018.03.06-13.54.14:085][690]LogModuleManager: Shutting down and abandoning module MeshPaint (273)
[2018.03.06-13.54.14:085][690]LogModuleManager: Shutting down and abandoning module LevelEditor (271)
[2018.03.06-13.54.14:086][690]LogModuleManager: Shutting down and abandoning module PixelInspectorModule (270)
[2018.03.06-13.54.14:086][690]LogModuleManager: Shutting down and abandoning module MainFrame (268)
[2018.03.06-13.54.14:087][690]LogModuleManager: Shutting down and abandoning module HotReload (267)
[2018.03.06-13.54.14:087][690]LogModuleManager: Shutting down and abandoning module PropNavigationGame (262)
[2018.03.06-13.54.14:087][690]LogModuleManager: Shutting down and abandoning module RuntimePhysXCooking (260)
[2018.03.06-13.54.14:087][690]LogModuleManager: Shutting down and abandoning module PhysXVehiclesEditor (258)
[2018.03.06-13.54.14:087][690]LogModuleManager: Shutting down and abandoning module PhysXVehicles (256)
[2018.03.06-13.54.14:087][690]LogModuleManager: Shutting down and abandoning module OculusEditor (254)
[2018.03.06-13.54.14:087][690]LogModuleManager: Shutting down and abandoning module LocationServicesBPLibrary (252)
[2018.03.06-13.54.14:087][690]LogModuleManager: Shutting down and abandoning module ImmediatePhysicsEditor (250)
[2018.03.06-13.54.14:087][690]LogModuleManager: Shutting down and abandoning module ImmediatePhysics (248)
[2018.03.06-13.54.14:087][690]LogModuleManager: Shutting down and abandoning module UdpMessaging (246)
[2018.03.06-13.54.14:188][690]LogModuleManager: Shutting down and abandoning module TcpMessaging (244)
[2018.03.06-13.54.14:288][690]LogModuleManager: Shutting down and abandoning module GameplayTagsEditor (242)
[2018.03.06-13.54.14:288][690]LogModuleManager: Shutting down and abandoning module FacialAnimationEditor (240)
[2018.03.06-13.54.14:288][690]LogModuleManager: Shutting down and abandoning module FacialAnimation (238)
[2018.03.06-13.54.14:288][690]LogModuleManager: Shutting down and abandoning module AssetManagerEditor (236)
[2018.03.06-13.54.14:288][690]LogModuleManager: Shutting down and abandoning module GraphEditor (235)
[2018.03.06-13.54.14:288][690]LogModuleManager: Shutting down and abandoning module ContentBrowser (233)
[2018.03.06-13.54.14:289][690]LogModuleManager: Shutting down and abandoning module LightPropagationVolumeRuntime (230)
[2018.03.06-13.54.14:289][690]LogModuleManager: Shutting down and abandoning module Paper2D (228)
[2018.03.06-13.54.14:289][690]LogModuleManager: Shutting down and abandoning module WindowsMoviePlayer (226)
[2018.03.06-13.54.14:289][690]LogModuleManager: Shutting down and abandoning module WmfMedia (224)
[2018.03.06-13.54.14:291][690]LogModuleManager: Shutting down and abandoning module PacketHandler (222)
[2018.03.06-13.54.14:291][690]LogModuleManager: Shutting down and abandoning module ClothingSystemEditor (220)
[2018.03.06-13.54.14:291][690]LogModuleManager: Shutting down and abandoning module ClothingSystemRuntime (218)
[2018.03.06-13.54.14:291][690]LogModuleManager: Shutting down and abandoning module Overlay (216)
[2018.03.06-13.54.14:291][690]LogModuleManager: Shutting down and abandoning module OverlayEditor (215)
[2018.03.06-13.54.14:291][690]LogModuleManager: Shutting down and abandoning module MediaAssets (212)
[2018.03.06-13.54.14:291][690]LogModuleManager: Shutting down and abandoning module VREditor (210)
[2018.03.06-13.54.14:291][690]LogModuleManager: Shutting down and abandoning module StringTableEditor (208)
[2018.03.06-13.54.14:291][690]LogModuleManager: Shutting down and abandoning module GameplayTasksEditor (206)
[2018.03.06-13.54.14:291][690]LogModuleManager: Shutting down and abandoning module BehaviorTreeEditor (204)
[2018.03.06-13.54.14:291][690]LogModuleManager: Shutting down and abandoning module FunctionalTesting (202)
[2018.03.06-13.54.14:291][690]LogModuleManager: Shutting down and abandoning module CollisionAnalyzer (200)
[2018.03.06-13.54.14:291][690]LogModuleManager: Shutting down and abandoning module WorkspaceMenuStructure (199)
[2018.03.06-13.54.14:291][690]LogModuleManager: Shutting down and abandoning module UMG (196)
[2018.03.06-13.54.14:291][690]LogModuleManager: Shutting down and abandoning module UMGEditor (195)
[2018.03.06-13.54.14:291][690]LogModuleManager: Shutting down and abandoning module Sequencer (194)
[2018.03.06-13.54.14:291][690]LogModuleManager: Shutting down and abandoning module MessageLog (191)
[2018.03.06-13.54.14:292][690]LogModuleManager: Shutting down and abandoning module SlateReflector (186)
[2018.03.06-13.54.14:292][690]LogModuleManager: Shutting down and abandoning module Slate (184)
[2018.03.06-13.54.14:292][690]LogModuleManager: Shutting down and abandoning module EditorStyle (182)
[2018.03.06-13.54.14:294][690]LogModuleManager: Shutting down and abandoning module MRMesh (180)
[2018.03.06-13.54.14:294][690]LogModuleManager: Shutting down and abandoning module SourceCodeAccess (178)
[2018.03.06-13.54.14:294][690]LogModuleManager: Shutting down and abandoning module HeadMountedDisplay (176)
[2018.03.06-13.54.14:294][690]LogModuleManager: Shutting down and abandoning module XAudio2 (174)
[2018.03.06-13.54.14:294][690]LogModuleManager: Shutting down and abandoning module Networking (172)
[2018.03.06-13.54.14:294][690]LogModuleManager: Shutting down and abandoning module Core (168)
[2018.03.06-13.54.14:294][690]LogModuleManager: Shutting down and abandoning module KismetCompiler (164)
[2018.03.06-13.54.14:294][690]LogModuleManager: Shutting down and abandoning module LevelSequence (162)
[2018.03.06-13.54.14:294][690]LogModuleManager: Shutting down and abandoning module MeshUtilities (160)
[2018.03.06-13.54.14:294][690]LogModuleManager: Shutting down and abandoning module MeshMergeUtilities (159)
[2018.03.06-13.54.14:294][690]LogModuleManager: Shutting down and abandoning module MeshReductionInterface (158)
[2018.03.06-13.54.14:294][690]LogModuleManager: Shutting down and abandoning module SimplygonSwarm (157)
[2018.03.06-13.54.14:294][690]LogModuleManager: Shutting down and abandoning module SimplygonMeshReduction (155)
[2018.03.06-13.54.14:294][690]LogModuleManager: Shutting down and abandoning module QuadricMeshReduction (153)
[2018.03.06-13.54.14:294][690]LogModuleManager: Shutting down and abandoning module MaterialBaking (149)
[2018.03.06-13.54.14:294][690]LogModuleManager: Shutting down and abandoning module DirectoryWatcher (146)
[2018.03.06-13.54.14:295][690]LogModuleManager: Shutting down and abandoning module DerivedDataCache (144)
[2018.03.06-13.54.14:369][690]LogDerivedDataCache: Shutdown
[2018.03.06-13.54.14:369][690]LogModuleManager: Shutting down and abandoning module TargetPlatform (142)
[2018.03.06-13.54.14:369][690]LogModuleManager: Shutting down and abandoning module VulkanShaderFormat (141)
[2018.03.06-13.54.14:369][690]LogModuleManager: Shutting down and abandoning module ShaderFormatVectorVM (139)
[2018.03.06-13.54.14:369][690]LogModuleManager: Shutting down and abandoning module ShaderFormatOpenGL (137)
[2018.03.06-13.54.14:369][690]LogModuleManager: Shutting down and abandoning module ShaderFormatD3D (135)
[2018.03.06-13.54.14:369][690]LogModuleManager: Shutting down and abandoning module MetalShaderFormat (133)
[2018.03.06-13.54.14:369][690]LogModuleManager: Shutting down and abandoning module TextureFormatUncompressed (131)
[2018.03.06-13.54.14:369][690]LogModuleManager: Shutting down and abandoning module TextureFormatPVR (129)
[2018.03.06-13.54.14:369][690]LogModuleManager: Shutting down and abandoning module TextureFormatDXT (127)
[2018.03.06-13.54.14:369][690]LogModuleManager: Shutting down and abandoning module TextureFormatIntelISPCTexComp (125)
[2018.03.06-13.54.14:369][690]LogModuleManager: Shutting down and abandoning module TextureFormatASTC (123)
[2018.03.06-13.54.14:370][690]LogModuleManager: Shutting down and abandoning module ImageWrapper (122)
[2018.03.06-13.54.14:370][690]LogModuleManager: Shutting down and abandoning module TextureFormatAndroid (119)
[2018.03.06-13.54.14:370][690]LogModuleManager: Shutting down and abandoning module AudioFormatOpus (117)
[2018.03.06-13.54.14:370][690]LogModuleManager: Shutting down and abandoning module AudioFormatOgg (115)
[2018.03.06-13.54.14:370][690]LogModuleManager: Shutting down and abandoning module AudioFormatADPCM (113)
[2018.03.06-13.54.14:370][690]LogModuleManager: Shutting down and abandoning module LinuxTargetPlatform (111)
[2018.03.06-13.54.14:370][690]LogModuleManager: Shutting down and abandoning module LinuxServerTargetPlatform (109)
[2018.03.06-13.54.14:370][690]LogModuleManager: Shutting down and abandoning module LinuxNoEditorTargetPlatform (107)
[2018.03.06-13.54.14:370][690]LogModuleManager: Shutting down and abandoning module LinuxClientTargetPlatform (105)
[2018.03.06-13.54.14:370][690]LogModuleManager: Shutting down and abandoning module TVOSTargetPlatform (103)
[2018.03.06-13.54.14:370][690]LogModuleManager: Shutting down and abandoning module Messaging (101)
[2018.03.06-13.54.14:370][690]LogModuleManager: Shutting down and abandoning module IOSTargetPlatform (99)
[2018.03.06-13.54.14:370][690]LogModuleManager: Shutting down and abandoning module HTML5TargetPlatform (97)
[2018.03.06-13.54.14:370][690]LogModuleManager: Shutting down and abandoning module Android_PVRTCTargetPlatform (95)
[2018.03.06-13.54.14:370][690]LogModuleManager: Shutting down and abandoning module Android_MultiTargetPlatform (93)
[2018.03.06-13.54.14:370][690]LogModuleManager: Shutting down and abandoning module Android_ETC2TargetPlatform (91)
[2018.03.06-13.54.14:370][690]LogModuleManager: Shutting down and abandoning module Android_ETC1TargetPlatform (89)
[2018.03.06-13.54.14:370][690]LogModuleManager: Shutting down and abandoning module Android_DXTTargetPlatform (87)
[2018.03.06-13.54.14:370][690]LogModuleManager: Shutting down and abandoning module Android_ATCTargetPlatform (85)
[2018.03.06-13.54.14:370][690]LogModuleManager: Shutting down and abandoning module Android_ASTCTargetPlatform (83)
[2018.03.06-13.54.14:370][690]LogModuleManager: Shutting down and abandoning module AndroidTargetPlatform (81)
[2018.03.06-13.54.14:370][690]LogModuleManager: Shutting down and abandoning module WindowsTargetPlatform (79)
[2018.03.06-13.54.14:370][690]LogModuleManager: Shutting down and abandoning module WindowsServerTargetPlatform (77)
[2018.03.06-13.54.14:370][690]LogModuleManager: Shutting down and abandoning module WindowsNoEditorTargetPlatform (75)
[2018.03.06-13.54.14:370][690]LogModuleManager: Shutting down and abandoning module WindowsClientTargetPlatform (73)
[2018.03.06-13.54.14:370][690]LogModuleManager: Shutting down and abandoning module MacTargetPlatform (71)
[2018.03.06-13.54.14:370][690]LogModuleManager: Shutting down and abandoning module MacServerTargetPlatform (69)
[2018.03.06-13.54.14:370][690]LogModuleManager: Shutting down and abandoning module MacNoEditorTargetPlatform (67)
[2018.03.06-13.54.14:370][690]LogModuleManager: Shutting down and abandoning module MacClientTargetPlatform (65)
[2018.03.06-13.54.14:370][690]LogModuleManager: Shutting down and abandoning module AllDesktopTargetPlatform (63)
[2018.03.06-13.54.14:370][690]LogModuleManager: Shutting down and abandoning module InputCore (60)
[2018.03.06-13.54.14:370][690]LogModuleManager: Shutting down and abandoning module Settings (58)
[2018.03.06-13.54.14:370][690]LogModuleManager: Shutting down and abandoning module PhysXCooking (56)
[2018.03.06-13.54.14:370][690]LogModuleManager: Shutting down and abandoning module SteamVR (54)
[2018.03.06-13.54.14:370][690]LogModuleManager: Shutting down and abandoning module OculusHMD (52)
[2018.03.06-13.54.14:370][690]LogModuleManager: Shutting down and abandoning module ExampleDeviceProfileSelector (50)
[2018.03.06-13.54.14:370][690]LogModuleManager: Shutting down and abandoning module OnlineBlueprintSupport (48)
[2018.03.06-13.54.14:370][690]LogModuleManager: Shutting down and abandoning module OnlineSubsystem (44)
[2018.03.06-13.54.14:370][690]LogOnline: Display: Unloading online subsystem: NULL
[2018.03.06-13.54.14:370][690]LogModuleManager: Shutting down and abandoning module XMPP (43)
[2018.03.06-13.54.14:370][690]LogModuleManager: Shutting down and abandoning module HTTP (41)
[2018.03.06-13.54.14:370][690]LogHttp: Display: Http module shutting down, but needs to wait on 1 outstanding Http requests:
[2018.03.06-13.54.14:370][690]LogHttp: Display: 	verb=[POST] url=[https://datarouter.ol.epicgames.com/datarouter/api/v1/public/data?SessionID=%7B73C2073B-4524-3F8D-E5C2-4EA9B40D9254%7D&AppID=UEEditor.Rocket.Release&AppVersion=4.17.0-3573198%2B%2B%2BUE4%2BRelease-4.17&UserID=6eebddb64fa1a0ddae57beb12db38d37%7C%7C1b560120-6a73-4e26-9c43-3a66c01d4c06&AppEnvironment=datacollector-binary&UploadType=eteventstream] status=Processing
[2018.03.06-13.54.14:382][690]LogModuleManager: Shutting down and abandoning module SSL (40)
[2018.03.06-13.54.14:383][690]LogModuleManager: Shutting down and abandoning module AnimationModifiers (36)
[2018.03.06-13.54.14:383][690]LogModuleManager: Shutting down and abandoning module PropertyEditor (35)
[2018.03.06-13.54.14:383][690]LogModuleManager: Shutting down and abandoning module AudioEditor (32)
[2018.03.06-13.54.14:383][690]LogModuleManager: Shutting down and abandoning module TextureCompressor (30)
[2018.03.06-13.54.14:384][690]LogModuleManager: Shutting down and abandoning module ShaderCore (28)
[2018.03.06-13.54.14:384][690]LogModuleManager: Shutting down and abandoning module Landscape (26)
[2018.03.06-13.54.14:384][690]LogModuleManager: Shutting down and abandoning module SlateRHIRenderer (24)
[2018.03.06-13.54.14:389][690]LogModuleManager: Shutting down and abandoning module OpenGLDrv (22)
[2018.03.06-13.54.14:389][690]LogModuleManager: Shutting down and abandoning module D3D11RHI (20)
[2018.03.06-13.54.14:389][690]LogModuleManager: Shutting down and abandoning module AnimGraphRuntime (18)
[2018.03.06-13.54.14:389][690]LogModuleManager: Shutting down and abandoning module Renderer (16)
[2018.03.06-13.54.14:389][690]LogModuleManager: Shutting down and abandoning module Engine (14)
[2018.03.06-13.54.14:389][690]LogModuleManager: Shutting down and abandoning module CoreUObject (12)
[2018.03.06-13.54.14:389][690]LogModuleManager: Shutting down and abandoning module NetworkFile (10)
[2018.03.06-13.54.14:389][690]LogModuleManager: Shutting down and abandoning module CookedIterativeFile (8)
[2018.03.06-13.54.14:389][690]LogModuleManager: Shutting down and abandoning module StreamingFile (6)
[2018.03.06-13.54.14:389][690]LogModuleManager: Shutting down and abandoning module SandboxFile (4)
[2018.03.06-13.54.14:389][690]LogModuleManager: Shutting down and abandoning module PakFile (2)
[2018.03.06-13.54.14:392][690]LogExit: Exiting.
[2018.03.06-13.54.14:406][690]Log file closed, 03/06/18 13:54:14
