Log file open, 03/12/18 16:08:29
LogWindows: LoadLibraryWithSearchPaths failed for file aqProf.dll. GetLastError=0
LogWindows: LoadLibraryWithSearchPaths failed for file VSPerf140.dll. GetLastError=0
LogWindows: LoadLibraryWithSearchPaths failed for file VtuneApi.dll. GetLastError=0
LogWindows: LoadLibraryWithSearchPaths failed for file VtuneApi32e.dll. GetLastError=0
LogInit: Display: Running engine for game: PropNavigationGame
LogPlatformFile: Not using cached read wrapper
LogInit: Display: RandInit(-1417767024) SRandInit(-1417767024).
LogTaskGraph: Started task graph with 5 named threads and 14 total threads with 3 sets of task threads.
LogStats: Stats thread started at 0.184769
LogD3D11RHI: Aftermath initialized
LogPluginManager: Mounting plugin Paper2D
LogPluginManager: Mounting plugin LightPropagationVolume
LogPluginManager: Mounting plugin CodeLiteSourceCodeAccess
LogPluginManager: Mounting plugin GitSourceControl
LogPluginManager: Mounting plugin KDevelopSourceCodeAccess
LogPluginManager: Mounting plugin NullSourceCodeAccess
LogPluginManager: Mounting plugin PerforceSourceControl
LogPluginManager: Mounting plugin SubversionSourceControl
LogPluginManager: Mounting plugin UObjectPlugin
LogPluginManager: Mounting plugin VisualStudioSourceCodeAccess
LogPluginManager: Mounting plugin XCodeSourceCodeAccess
LogPluginManager: Mounting plugin AssetManagerEditor
LogPluginManager: Mounting plugin AudioCapture
LogPluginManager: Mounting plugin FacialAnimation
LogPluginManager: Mounting plugin GameplayTagsEditor
LogPluginManager: Mounting plugin MobileLauncherProfileWizard
LogPluginManager: Mounting plugin PluginBrowser
LogPluginManager: Mounting plugin SpeedTreeImporter
LogPluginManager: Mounting plugin AlembicImporter
LogPluginManager: Mounting plugin CharacterAI
LogPluginManager: Mounting plugin HTML5Networking
LogPluginManager: Mounting plugin AndroidMedia
LogPluginManager: Mounting plugin AvfMedia
LogPluginManager: Mounting plugin MediaPlayerEditor
LogPluginManager: Mounting plugin WmfMedia
LogPluginManager: Mounting plugin TcpMessaging
LogPluginManager: Mounting plugin UdpMessaging
LogPluginManager: Mounting plugin LevelSequenceEditor
LogPluginManager: Mounting plugin MatineeToLevelSequence
LogPluginManager: Mounting plugin OnlineSubsystemGooglePlay
LogPluginManager: Mounting plugin OnlineSubsystemIOS
LogPluginManager: Mounting plugin OnlineSubsystem
LogPluginManager: Mounting plugin OnlineSubsystemNull
LogPluginManager: Mounting plugin OnlineSubsystemUtils
LogPluginManager: Mounting plugin AndroidDeviceProfileSelector
LogPluginManager: Mounting plugin AndroidMoviePlayer
LogPluginManager: Mounting plugin AndroidPermission
LogPluginManager: Mounting plugin AppleMoviePlayer
LogPluginManager: Mounting plugin ArchVisCharacter
LogPluginManager: Mounting plugin CableComponent
LogPluginManager: Mounting plugin CustomMeshComponent
LogPluginManager: Mounting plugin ExampleDeviceProfileSelector
LogPluginManager: Mounting plugin GoogleCloudMessaging
LogPluginManager: Mounting plugin ImmediatePhysics
LogPluginManager: Mounting plugin IOSDeviceProfileSelector
LogPluginManager: Mounting plugin LinuxDeviceProfileSelector
LogPluginManager: Mounting plugin LocationServicesBPLibrary
LogPluginManager: Mounting plugin MobilePatchingUtils
LogPluginManager: Mounting plugin OculusVR
LogPluginManager: Mounting plugin PhysXVehicles
LogPluginManager: Mounting plugin ProceduralMeshComponent
LogPluginManager: Mounting plugin RuntimePhysXCooking
LogPluginManager: Mounting plugin SteamVR
LogPluginManager: Mounting plugin WindowsMoviePlayer
LogInit: Warning: Incompatible or missing module: UE4Editor-PropNavigationGame.dll
Running C:/Program Files (x86)/Epic Games/UE_4.17/Engine/Binaries/DotNET/UnrealBuildTool.exe PropNavigationGame Development Win64 -project="//StuHome/HomeDrive5$/1503395/GitHub/Gameplay-Mechanics/PropNavigationGame/PropNavigationGame.uproject" -editorrecompile -progress -NoHotReloadFromIDE
Creating makefile for PropNavigationGame (game project files are newer)
@progress push 5%
Parsing headers for PropNavigationGameEditor
  Running UnrealHeaderTool "\\StuHome\HomeDrive5$\1503395\GitHub\Gameplay-Mechanics\PropNavigationGame\PropNavigationGame.uproject" "\\StuHome\HomeDrive5$\1503395\GitHub\Gameplay-Mechanics\PropNavigationGame\Intermediate\Build\Win64\PropNavigationGameEditor\Development\PropNavigationGameEditor.uhtmanifest" -LogCmds="loginit warning, logexit warning, logdatabase error" -Unattended -WarningsAsErrors -installed
Reflection code generated for PropNavigationGameEditor in 6.7376891 seconds
@progress pop
Performing 3 actions (4 in parallel)
PlayerShip.cpp
[2/3] Link UE4Editor-PropNavigationGame.dll
[3/3] Link UE4Editor-PropNavigationGame.lib
   Creating library \\StuHome\HomeDrive5$\1503395\GitHub\Gameplay-Mechanics\PropNavigationGame\Intermediate\Build\Win64\UE4Editor\Development\UE4Editor-PropNavigationGame.lib and object \\StuHome\HomeDrive5$\1503395\GitHub\Gameplay-Mechanics\PropNavigationGame\Intermediate\Build\Win64\UE4Editor\Development\UE4Editor-PropNavigationGame.exp
   Creating library \\StuHome\HomeDrive5$\1503395\GitHub\Gameplay-Mechanics\PropNavigationGame\Intermediate\Build\Win64\UE4Editor\Development\UE4Editor-PropNavigationGame.suppressed.lib and object \\StuHome\HomeDrive5$\1503395\GitHub\Gameplay-Mechanics\PropNavigationGame\Intermediate\Build\Win64\UE4Editor\Development\UE4Editor-PropNavigationGame.suppressed.exp
Total build time: 15.87 seconds (Local executor: 2.99 seconds)
LogInit: Using libcurl 7.47.1
LogInit:  - built for x86_64-pc-win32
LogInit:  - supports SSL with OpenSSL/1.0.2g
LogInit:  - supports HTTP deflate (compression) using libz 1.2.8
LogInit:  - other features:
LogInit:      CURL_VERSION_SSL
LogInit:      CURL_VERSION_LIBZ
LogInit:      CURL_VERSION_IPV6
LogInit:      CURL_VERSION_ASYNCHDNS
LogInit:      CURL_VERSION_LARGEFILE
LogInit:      CURL_VERSION_IDN
LogInit:  CurlRequestOptions (configurable via config and command line):
LogInit:  - bVerifyPeer = false  - Libcurl will NOT verify peer certificate
LogInit:  - bUseHttpProxy = false  - Libcurl will NOT use HTTP proxy
LogInit:  - bDontReuseConnections = false  - Libcurl will reuse connections
LogInit:  - CertBundlePath = nullptr  - Libcurl will use whatever was configured at build time.
LogInit: Build: ++UE4+Release-4.17-CL-3573198
LogInit: Engine Version: 4.17.0-3573198+++UE4+Release-4.17
LogInit: Compatible Engine Version: 4.17.0-3573198+++UE4+Release-4.17
LogInit: Net CL: 3573198
LogDevObjectVersion: Number of dev versions registered: 16
LogDevObjectVersion:   Dev-Blueprints (B0D832E4-1F89-4F0D-ACCF-7EB736FD4AA2): 10
LogDevObjectVersion:   Dev-Build (E1C64328-A22C-4D53-A36C-8E866417BD8C): 0
LogDevObjectVersion:   Dev-Core (375EC13C-06E4-48FB-B500-84F0262A717E): 2
LogDevObjectVersion:   Dev-Editor (E4B068ED-F494-42E9-A231-DA0B2E46BB41): 20
LogDevObjectVersion:   Dev-Framework (CFFC743F-43B0-4480-9391-14DF171D2073): 28
LogDevObjectVersion:   Dev-Mobile (B02B49B5-BB20-44E9-A304-32B752E40360): 0
LogDevObjectVersion:   Dev-Networking (A4E4105C-59A1-49B5-A7C5-40C4547EDFEE): 0
LogDevObjectVersion:   Dev-Online (39C831C9-5AE6-47DC-9A44-9C173E1C8E7C): 0
LogDevObjectVersion:   Dev-Physics (78F01B33-EBEA-4F98-B9B4-84EACCB95AA2): 0
LogDevObjectVersion:   Dev-Platform (6631380F-2D4D-43E0-8009-CF276956A95A): 0
LogDevObjectVersion:   Dev-Rendering (12F88B9F-8875-4AFC-A67C-D90C383ABD29): 19
LogDevObjectVersion:   Dev-Sequencer (7B5AE74C-D270-4C10-A958-57980B212A5A): 4
LogDevObjectVersion:   Dev-VR (D7296918-1DD6-4BDD-9DE2-64A83CC13884): 0
LogDevObjectVersion:   Dev-LoadTimes (C2A15278-BFE7-4AFE-6C17-90FF531DF755): 1
LogDevObjectVersion:   Private-Geometry (6EACA3D4-40EC-4CC1-B786-8BED09428FC5): 1
LogDevObjectVersion:   Dev-AnimPhys (29E575DD-E0A3-4627-9D10-D276232CDCEA): 7
LogInit: Compiled (64-bit): Aug  4 2017 16:30:33
LogInit: Compiled with Visual C++: 19.00.24215.01
LogInit: Build Configuration: Development
LogInit: Branch Name: ++UE4+Release-4.17
LogInit: Command line: 
LogInit: Base directory: C:/Program Files (x86)/Epic Games/UE_4.17/Engine/Binaries/Win64/
LogInit: Installed Engine Build: 1
LogInit: Presizing for max 8388607 objects, including 0 objects not considered by GC, pre-allocating 0 bytes for permanent pool.
LogInit: Object subsystem initialized
[2018.03.12-16.08.49:373][  0]LogInit: Selected Device Profile: [Windows]
[2018.03.12-16.08.49:373][  0]LogInit: Applying CVar settings loaded from the selected device profile: [Windows]
[2018.03.12-16.08.49:400][  0]LogInit: Computer: MC11594
[2018.03.12-16.08.49:400][  0]LogInit: User: 1503395
[2018.03.12-16.08.49:400][  0]LogInit: CPU Page size=4096, Cores=4
[2018.03.12-16.08.49:400][  0]LogInit: High frequency timer resolution =3.328128 MHz
[2018.03.12-16.08.49:400][  0]LogMemory: Memory total: Physical=31.9GB (32GB approx)
[2018.03.12-16.08.49:400][  0]LogMemory: Platform Memory Stats for Windows
[2018.03.12-16.08.49:400][  0]LogMemory: Process Physical Memory: 281.91 MB used, 281.91 MB peak
[2018.03.12-16.08.49:400][  0]LogMemory: Process Virtual Memory: 274.63 MB used, 274.63 MB peak
[2018.03.12-16.08.49:400][  0]LogMemory: Physical Memory: 5637.65 MB used,  27070.63 MB free, 32708.29 MB total
[2018.03.12-16.08.49:400][  0]LogMemory: Virtual Memory: 743.95 MB used,  27070.63 MB free, 134217728.00 MB total
[2018.03.12-16.08.49:677][  0]LogInit: Using OS detected language (en-US).
[2018.03.12-16.08.49:677][  0]LogInit: Using OS detected locale (en-GB).
[2018.03.12-16.08.49:680][  0]LogTextLocalizationManager: No specific localization for 'en-US' exists, so the 'en' localization will be used.
[2018.03.12-16.08.50:323][  0]LogD3D11RHI: D3D11 adapters:
[2018.03.12-16.08.50:364][  0]LogD3D11RHI:    0. 'NVIDIA GeForce GTX 1070' (Feature Level 11_0)
[2018.03.12-16.08.50:364][  0]LogD3D11RHI:       8088/0/16354 MB DedicatedVideo/DedicatedSystem/SharedSystem, Outputs:1, VendorId:0x10de
[2018.03.12-16.08.50:366][  0]LogD3D11RHI:    1. 'Microsoft Basic Render Driver' (Feature Level 11_0)
[2018.03.12-16.08.50:366][  0]LogD3D11RHI:       0/0/16354 MB DedicatedVideo/DedicatedSystem/SharedSystem, Outputs:0, VendorId:0x1414
[2018.03.12-16.08.50:366][  0]LogD3D11RHI: Chosen D3D11 Adapter: 0
[2018.03.12-16.08.50:371][  0]LogD3D11RHI: Creating new Direct3DDevice
[2018.03.12-16.08.50:371][  0]LogD3D11RHI:     GPU DeviceId: 0x1b81 (for the marketing name, search the web for "GPU Device Id")
[2018.03.12-16.08.50:371][  0]LogWindows: EnumDisplayDevices:
[2018.03.12-16.08.50:371][  0]LogWindows:    0. 'NVIDIA GeForce GTX 1070' (P:1 D:1)
[2018.03.12-16.08.50:371][  0]LogWindows:    1. 'NVIDIA GeForce GTX 1070' (P:0 D:0)
[2018.03.12-16.08.50:371][  0]LogWindows:    2. 'NVIDIA GeForce GTX 1070' (P:0 D:0)
[2018.03.12-16.08.50:371][  0]LogWindows:    3. 'NVIDIA GeForce GTX 1070' (P:0 D:0)
[2018.03.12-16.08.50:371][  0]LogWindows: DebugString: GetVideoDriverDetailsInvalid PrimaryIsNotTheChoosenAdapter GetVideoDriverDetailsInvalid PrimaryIsNotTheChoosenAdapter GetVideoDriverDetailsInvalid PrimaryIsNotTheChoosenAdapter GetVideoDriverDetailsInvalid PrimaryIsNotTheChoosenAdapter FoundDriverCount:0 
[2018.03.12-16.08.50:371][  0]LogD3D11RHI:     Adapter Name: NVIDIA GeForce GTX 1070
[2018.03.12-16.08.50:371][  0]LogD3D11RHI:   Driver Version: Unknown (internal:Unknown, unified:Unknown)
[2018.03.12-16.08.50:371][  0]LogD3D11RHI:      Driver Date: Unknown
[2018.03.12-16.08.50:371][  0]LogRHI: Texture pool is 1361 MB (70% of 1945 MB)
[2018.03.12-16.08.50:392][  0]LogD3D11RHI: Async texture creation enabled
[2018.03.12-16.08.50:406][  0]LogD3D11RHI: GPU Timing Frequency: 1000.000000 (Debug: 2 2)
[2018.03.12-16.08.50:448][  0]LogShaderCompilers: Guid format shader working directory is -26 characters bigger than the processId version (//StuHome/HomeDrive5$/1503395/GitHub/Gameplay-Mechanics/PropNavigationGame/Intermediate/Shaders/WorkingDirectory/2608/).
[2018.03.12-16.08.50:449][  0]LogShaderCompilers: Cleaned the shader compiler working directory 'C:/Users/1503395/AppData/Local/Temp/UnrealShaderWorkingDir/84F15AA44B09B8CC99FA11A5818C5599/'.
[2018.03.12-16.08.50:449][  0]LogShaderCompilers: Display: Using Local Shader Compiler.
[2018.03.12-16.08.51:381][  0]LogTemp: Display: Loaded TP AllDesktopTargetPlatform
[2018.03.12-16.08.51:466][  0]LogTemp: Display: Loaded TP MacClientTargetPlatform
[2018.03.12-16.08.51:541][  0]LogTemp: Display: Loaded TP MacNoEditorTargetPlatform
[2018.03.12-16.08.51:617][  0]LogTemp: Display: Loaded TP MacServerTargetPlatform
[2018.03.12-16.08.51:690][  0]LogTemp: Display: Loaded TP MacTargetPlatform
[2018.03.12-16.08.51:763][  0]LogTemp: Display: Loaded TP WindowsClientTargetPlatform
[2018.03.12-16.08.51:836][  0]LogTemp: Display: Loaded TP WindowsNoEditorTargetPlatform
[2018.03.12-16.08.51:915][  0]LogTemp: Display: Loaded TP WindowsServerTargetPlatform
[2018.03.12-16.08.51:987][  0]LogTemp: Display: Loaded TP WindowsTargetPlatform
[2018.03.12-16.08.52:062][  0]LogTemp: Display: Loaded TP AndroidTargetPlatform
[2018.03.12-16.08.52:133][  0]LogTemp: Display: Loaded TP Android_ASTCTargetPlatform
[2018.03.12-16.08.52:207][  0]LogTemp: Display: Loaded TP Android_ATCTargetPlatform
[2018.03.12-16.08.52:281][  0]LogTemp: Display: Loaded TP Android_DXTTargetPlatform
[2018.03.12-16.08.52:356][  0]LogTemp: Display: Loaded TP Android_ETC1TargetPlatform
[2018.03.12-16.08.52:431][  0]LogTemp: Display: Loaded TP Android_ETC2TargetPlatform
[2018.03.12-16.08.52:607][  0]LogTemp: Display: Loaded TP Android_MultiTargetPlatform
[2018.03.12-16.08.52:608][  0]LogTemp: Display: Loaded TP Android_PVRTCTargetPlatform
[2018.03.12-16.08.52:677][  0]LogTemp: Display: Loaded TP HTML5TargetPlatform
[2018.03.12-16.08.52:816][  0]LogTemp: Display: Loaded TP IOSTargetPlatform
[2018.03.12-16.08.52:865][  0]LogTemp: Display: Loaded TP TVOSTargetPlatform
[2018.03.12-16.08.52:948][  0]LogTemp: Display: Loaded TP LinuxClientTargetPlatform
[2018.03.12-16.08.53:030][  0]LogTemp: Display: Loaded TP LinuxNoEditorTargetPlatform
[2018.03.12-16.08.53:107][  0]LogTemp: Display: Loaded TP LinuxServerTargetPlatform
[2018.03.12-16.08.53:183][  0]LogTemp: Display: Loaded TP LinuxTargetPlatform
[2018.03.12-16.08.53:183][  0]LogTargetPlatformManager: Display: Building Assets For Windows
[2018.03.12-16.08.53:917][  0]LogDerivedDataCache: Display: Max Cache Size: 512 MB
[2018.03.12-16.08.53:981][  0]LogDerivedDataCache: Loaded boot cache 0.06s 93MB C:/Users/1503395/AppData/Local/UnrealEngine/4.17/DerivedDataCache/Boot.ddc.
[2018.03.12-16.08.53:981][  0]LogDerivedDataCache: Display: Loaded Boot cache: C:/Users/1503395/AppData/Local/UnrealEngine/4.17/DerivedDataCache/Boot.ddc
[2018.03.12-16.08.53:983][  0]LogDerivedDataCache: FDerivedDataBackendGraph:  Pak pak cache file //StuHome/HomeDrive5$/1503395/GitHub/Gameplay-Mechanics/PropNavigationGame/DerivedDataCache/DDC.ddp not found, will not use a pak cache.
[2018.03.12-16.08.53:983][  0]LogDerivedDataCache: Unable to find inner node Pak for hierarchical cache Hierarchy.
[2018.03.12-16.08.53:984][  0]LogDerivedDataCache: FDerivedDataBackendGraph:  CompressedPak pak cache file //StuHome/HomeDrive5$/1503395/GitHub/Gameplay-Mechanics/PropNavigationGame/DerivedDataCache/Compressed.ddp not found, will not use a pak cache.
[2018.03.12-16.08.53:984][  0]LogDerivedDataCache: Unable to find inner node CompressedPak for hierarchical cache Hierarchy.
[2018.03.12-16.08.53:999][  0]LogDerivedDataCache: Display: Pak cache opened for reading ../../../Engine/DerivedDataCache/Compressed.ddp.
[2018.03.12-16.08.54:011][  0]LogDerivedDataCache: Using Local data cache path C:/Users/1503395/AppData/Local/UnrealEngine/Common/DerivedDataCache: Writable
[2018.03.12-16.08.54:020][  0]LogMaterial: Verifying Global Shaders for PCD3D_SM5
[2018.03.12-16.08.54:020][  0]LogSlate: Using Freetype 2.6.0
[2018.03.12-16.08.54:021][  0]LogSlate: SlateFontCache - WITH_FREETYPE: 1, WITH_HARFBUZZ: 1
[2018.03.12-16.08.54:021][  0]LogSlate: SlateFontCache - WITH_FREETYPE: 1, WITH_HARFBUZZ: 1
[2018.03.12-16.08.54:297][  0]LogAssetRegistry: FAssetRegistry took 0.0257 seconds to start up
[2018.03.12-16.08.54:490][  0]LogInit: Selected Device Profile: [Windows]
[2018.03.12-16.08.54:629][  0]LogContentStreaming: Texture pool size is 0.00 MB
[2018.03.12-16.08.55:047][  0]LogSimplygon: Simplygon DLL not present - disabling.
[2018.03.12-16.08.55:109][  0]LogMeshReduction: Using SimplygonSwarm for distributed automatic mesh merging
[2018.03.12-16.08.55:109][  0]LogMeshReduction: Using QuadricMeshReduction for automatic static mesh reduction
[2018.03.12-16.08.55:109][  0]LogMeshReduction: No automatic skeletal mesh reduction module available
[2018.03.12-16.08.55:109][  0]LogMeshReduction: No automatic mesh merging module available
[2018.03.12-16.08.55:109][  0]LogMeshMerging: No automatic mesh merging module available
[2018.03.12-16.08.55:448][  0]LogNetVersion: PropNavigationGame , NetCL: 3573198, EngineNetVer: 2, GameNetVer: 0 (Checksum: 1685960384)
[2018.03.12-16.08.55:795][  0]LogPackageLocalizationCache: Processed 5 localized package path(s) for 2 prioritized culture(s) in 0.149562 seconds
[2018.03.12-16.08.55:800][  0]LogUObjectArray: 35825 objects as part of root set at end of initial load.
[2018.03.12-16.08.55:800][  0]LogUObjectAllocator: 7529104 out of 0 bytes used by permanent object pool.
[2018.03.12-16.08.55:800][  0]LogUObjectArray: CloseDisregardForGC: 0/0 objects in disregard for GC pool
[2018.03.12-16.08.55:910][  0]LogInit: WinSock: version 1.1 (2.2), MaxSocks=32767, MaxUdp=65467
[2018.03.12-16.08.59:243][  0]LogTcpMessaging: Initializing TcpMessaging bridge
[2018.03.12-16.08.59:308][  0]LogUdpMessaging: Initializing bridge on interface 0.0.0.0:0 to multicast group 230.0.0.1:6666.
[2018.03.12-16.08.59:309][  0]LogDirectoryWatcher: A directory notification failed for '//StuHome/HomeDrive5$/1503395/GitHub/Gameplay-Mechanics/PropNavigationGame/Content/' because it was empty or there was a buffer overflow. Attemping another request...
[2018.03.12-16.09.00:005][  0]LogScriptCore: Error: Script Msg: A null object was passed as a world context object to UEngine::GetWorldFromContextObject().
[2018.03.12-16.09.00:005][  0]LogScriptCore: Error: Script call stack:
	[Empty] (FFrame::GetScriptCallstack() called from native code)
[2018.03.12-16.09.00:180][  0]LogStats: FPlatformStackWalk::StackWalkAndDump -  0.160 s
[2018.03.12-16.09.00:180][  0]LogOutputDevice: Error: === Handled ensure: ===
[2018.03.12-16.09.00:180][  0]LogOutputDevice: Error: 
[2018.03.12-16.09.00:180][  0]LogOutputDevice: Error: Ensure condition failed: AttachmentRules.LocationRule == EAttachmentRule::KeepRelative && AttachmentRules.RotationRule == EAttachmentRule::KeepRelative && AttachmentRules.ScaleRule == EAttachmentRule::KeepRelative [File:D:\Build\++UE4+Release-4.17+Compile\Sync\Engine\Source\Runtime\Engine\Private\Components\SceneComponent.cpp] [Line: 1672]
[2018.03.12-16.09.00:180][  0]LogOutputDevice: Error: AttachToComponent when called from a constructor is only setting up attachment and will always be treated as KeepRelative. Consider calling SetupAttachment directly instead.
[2018.03.12-16.09.00:180][  0]LogOutputDevice: Error: Stack: 
[2018.03.12-16.09.00:180][  0]LogOutputDevice: Error: UE4Editor-Core.dll!0x00000000A47535F6
[2018.03.12-16.09.00:180][  0]LogOutputDevice: Error: UE4Editor-Core.dll!0x00000000A44DC2C2
[2018.03.12-16.09.00:180][  0]LogOutputDevice: Error: UE4Editor-Core.dll!0x00000000A44F4736
[2018.03.12-16.09.00:180][  0]LogOutputDevice: Error: UE4Editor-Engine.dll!0x00000000A13E2438
[2018.03.12-16.09.00:180][  0]LogOutputDevice: Error: UE4Editor-PropNavigationGame.dll!APlayerShip::APlayerShip() [\\stuhome\homedrive5$\1503395\github\gameplay-mechanics\propnavigationgame\source\propnavigationgame\playership.cpp:32]
[2018.03.12-16.09.00:180][  0]LogOutputDevice: Error: UE4Editor-CoreUObject.dll!0x00000000A967A442
[2018.03.12-16.09.00:180][  0]LogOutputDevice: Error: UE4Editor-CoreUObject.dll!0x00000000A98E324B
[2018.03.12-16.09.00:180][  0]LogOutputDevice: Error: UE4Editor-CoreUObject.dll!0x00000000A98C6C73
[2018.03.12-16.09.00:180][  0]LogOutputDevice: Error: UE4Editor-CoreUObject.dll!0x00000000A967C157
[2018.03.12-16.09.00:180][  0]LogOutputDevice: Error: UE4Editor-Core.dll!0x00000000A4378210
[2018.03.12-16.09.00:180][  0]LogOutputDevice: Error: UE4Editor-Core.dll!0x00000000A45C68C0
[2018.03.12-16.09.00:180][  0]LogOutputDevice: Error: UE4Editor-Projects.dll!0x00000000BFC6E06D
[2018.03.12-16.09.00:180][  0]LogOutputDevice: Error: UE4Editor-Projects.dll!0x00000000BFC6E37E
[2018.03.12-16.09.00:180][  0]LogOutputDevice: Error: UE4Editor.exe!0x0000000072F064B1
[2018.03.12-16.09.00:180][  0]LogOutputDevice: Error: UE4Editor.exe!0x0000000072F0A7BD
[2018.03.12-16.09.00:180][  0]LogOutputDevice: Error: UE4Editor.exe!0x0000000072F0379A
[2018.03.12-16.09.00:180][  0]LogOutputDevice: Error: UE4Editor.exe!0x0000000072F039EA
[2018.03.12-16.09.00:180][  0]LogOutputDevice: Error: UE4Editor.exe!0x0000000072F102D9
[2018.03.12-16.09.00:180][  0]LogOutputDevice: Error: UE4Editor.exe!0x0000000072F11C47
[2018.03.12-16.09.00:180][  0]LogOutputDevice: Error: KERNEL32.DLL!0x00000000D2041FE4
[2018.03.12-16.09.00:180][  0]LogOutputDevice: Error: ntdll.dll!0x00000000D217EF91
[2018.03.12-16.09.00:180][  0]LogOutputDevice: Error: 
[2018.03.12-16.09.00:187][  0]LogStats:                SubmitErrorReport -  0.000 s
[2018.03.12-16.09.00:927][  0]LogStats:                    SendNewReport -  0.740 s
[2018.03.12-16.09.00:927][  0]LogStats:             FDebug::EnsureFailed -  0.907 s
[2018.03.12-16.09.01:313][  0]LogMaterial: Uniform references updated for custom material expression Custom.
[2018.03.12-16.09.01:976][  0]SourceControl: Source control is disabled
[2018.03.12-16.09.01:976][  0]SourceControl: Source control is disabled
[2018.03.12-16.09.02:062][  0]SourceControl: Source control is disabled
[2018.03.12-16.09.02:139][  0]SourceControl: Source control is disabled
[2018.03.12-16.09.03:144][  0]LogAndroidPermission: UAndroidPermissionCallbackProxy::GetInstance
[2018.03.12-16.09.03:559][  0]LogOcInput: OculusInput pre-init called
[2018.03.12-16.09.03:956][  0]LogEngine: Initializing Engine...
[2018.03.12-16.09.03:958][  0]LogHMD: Failed to initialize OpenVR with code 110
[2018.03.12-16.09.04:161][  0]LogStats: UGameplayTagsManager::ConstructGameplayTagTree: Construct from data asset -  0.000 s
[2018.03.12-16.09.04:161][  0]LogStats: UGameplayTagsManager::ConstructGameplayTagTree: GameplayTagTreeChangedEvent.Broadcast -  0.000 s
[2018.03.12-16.09.04:408][  0]LogAIModule: Creating AISystem for world Untitled
[2018.03.12-16.09.04:417][  0]LogInit: XAudio2 using 'Speakers (Realtek High Definition Audio)' : 2 channels at 48 kHz using 32 bits per sample (channel mask 0x3)
[2018.03.12-16.09.04:473][  0]LogInit: FAudioDevice initialized.
[2018.03.12-16.09.04:554][  0]LogDerivedDataCache: Saved boot cache 0.08s 93MB C:/Users/1503395/AppData/Local/UnrealEngine/4.17/DerivedDataCache/Boot.ddc.
[2018.03.12-16.09.04:562][  0]LogInit: Texture streaming: Enabled
[2018.03.12-16.09.04:807][  0]LogEngineSessionManager: EngineSessionManager initialized
[2018.03.12-16.09.05:211][  0]LogInit: Transaction tracking system initialized
[2018.03.12-16.09.05:768][  0]BlueprintLog: New page: Editor Load
[2018.03.12-16.09.07:444][  0]LocalizationService: Localization service is disabled
[2018.03.12-16.09.08:743][  0]LogConsoleResponse: Display: 
[2018.03.12-16.09.08:968][  0]LogCook: Display: Max memory allowance for cook 16384mb min free memory 0mb
[2018.03.12-16.09.08:968][  0]LogCook: Display: Mobile HDR setting 1
[2018.03.12-16.09.08:968][  0]LogGameplayTags: Display: UGameplayTagsManager::DoneAddingNativeTags. DelegateIsBound: 0
[2018.03.12-16.09.09:945][  0]LogFileCache: Scanning file cache for directory '//StuHome/HomeDrive5$/1503395/GitHub/Gameplay-Mechanics/PropNavigationGame/Content/' took 0.02s
[2018.03.12-16.09.10:959][  0]SourceControl: Source control is disabled
[2018.03.12-16.09.10:959][  0]Cmd: MAP LOAD FILE="//StuHome/HomeDrive5$/1503395/GitHub/Gameplay-Mechanics/PropNavigationGame/Content/StarterContent/Maps/Minimal_Default.umap" TEMPLATE=0 SHOWPROGRESS=1 FEATURELEVEL=3
[2018.03.12-16.09.10:967][  0]LightingResults: New page: Lighting Build
[2018.03.12-16.09.11:041][  0]MapCheck: New page: Map Check
[2018.03.12-16.09.11:041][  0]LightingResults: New page: Lighting Build
[2018.03.12-16.09.11:158][  0]LogLinker: Warning: Can't find file '/Game/StarterContent/Maps/Minimal_Default_BuiltData'
[2018.03.12-16.09.11:158][  0]LogLinker: Warning: Can't find file for asset '/Game/StarterContent/Maps/Minimal_Default_BuiltData' while loading //StuHome/HomeDrive5$/1503395/GitHub/Gameplay-Mechanics/PropNavigationGame/Content/StarterContent/Maps/Minimal_Default.umap.
[2018.03.12-16.09.11:158][  0]LoadErrors: Error: /Game/StarterContent/Maps/Minimal_Default : Can't find file for asset. /Game/StarterContent/Maps/Minimal_Default_BuiltData
[2018.03.12-16.09.11:413][  0]LogLinker: Warning: Can't find file '/Game/StarterContent/Maps/Minimal_Default_BuiltData'
[2018.03.12-16.09.11:413][  0]LogLinker: Warning: Can't find file for asset '/Game/StarterContent/Maps/Minimal_Default_BuiltData' while loading //StuHome/HomeDrive5$/1503395/GitHub/Gameplay-Mechanics/PropNavigationGame/Content/StarterContent/Maps/Minimal_Default.umap.
[2018.03.12-16.09.11:413][  0]LoadErrors: Error: /Game/StarterContent/Maps/Minimal_Default : Can't find file for asset. /Game/StarterContent/Maps/Minimal_Default_BuiltData
[2018.03.12-16.09.11:557][  0]LogLinker: Warning: Can't find file '/Game/StarterContent/Maps/Minimal_Default_BuiltData'
[2018.03.12-16.09.11:558][  0]LogLinker: Warning: Can't find file for asset '/Game/StarterContent/Maps/Minimal_Default_BuiltData' while loading NULL.
[2018.03.12-16.09.11:558][  0]LogLinker: Warning: Can't find file '/Game/StarterContent/Maps/Minimal_Default_BuiltData'
[2018.03.12-16.09.11:558][  0]LogLinker: Warning: Can't find file for asset '/Game/StarterContent/Maps/Minimal_Default_BuiltData' while loading NULL.
[2018.03.12-16.09.11:563][  0]LogLinker: Warning: Can't find file '/Game/StarterContent/Maps/Minimal_Default_BuiltData'
[2018.03.12-16.09.11:563][  0]LoadErrors: Failed to load /Game/StarterContent/Maps/Minimal_Default_BuiltData.Minimal_Default_BuiltData Referenced by PersistentLevel
[2018.03.12-16.09.11:563][  0]LogLinker: Warning: Can't find file for asset '/Game/StarterContent/Maps/Minimal_Default_BuiltData' while loading NULL.
[2018.03.12-16.09.11:563][  0]LoadErrors: Failed to load /Game/StarterContent/Maps/Minimal_Default_BuiltData.Minimal_Default_BuiltData Referenced by PersistentLevel
[2018.03.12-16.09.11:824][  0]LogAIModule: Creating AISystem for world Minimal_Default
[2018.03.12-16.09.11:833][  0]LogEditorServer: Finished looking for orphan Actors (0.000 secs)
[2018.03.12-16.09.11:846][  0]Cmd: MAP CHECKDEP NOCLEARLOG
[2018.03.12-16.09.11:940][  0]MapCheck: Map check complete: 0 Error(s), 0 Warning(s), took 94.139ms to complete.
[2018.03.12-16.09.11:940][  0]LogFileHelpers: Loading map 'Minimal_Default' took 0.981
[2018.03.12-16.09.11:995][  0]LogWindowsTextInputMethodSystem: Display: IME system now deactivated.
[2018.03.12-16.09.12:099][  0]LogCollectionManager: Loaded 0 collections in 0.001867 seconds
[2018.03.12-16.09.12:220][  0]LogFileCache: Scanning file cache for directory '//StuHome/HomeDrive5$/1503395/GitHub/Gameplay-Mechanics/PropNavigationGame/Saved/Collections/' took 0.01s
[2018.03.12-16.09.12:220][  0]LogFileCache: Scanning file cache for directory '//StuHome/HomeDrive5$/1503395/GitHub/Gameplay-Mechanics/PropNavigationGame/Content/Developers/1503395/Collections/' took 0.01s
[2018.03.12-16.09.12:220][  0]LogFileCache: Scanning file cache for directory '//StuHome/HomeDrive5$/1503395/GitHub/Gameplay-Mechanics/PropNavigationGame/Content/Collections/' took 0.01s
[2018.03.12-16.09.12:220][  0]LogCollectionManager: Rebuilt the GUID cache for 0 collections in 0.000001 seconds
[2018.03.12-16.09.12:230][  0]LogContentBrowser: Native class hierarchy populated in 0.0103 seconds. Added 2396 classes and 502 folders.
[2018.03.12-16.09.12:351][  0]LogContentBrowser: Native class hierarchy updated for 'WidgetCarousel' in 0.0025 seconds. Added 0 classes and 0 folders.
[2018.03.12-16.09.12:394][  0]LogContentBrowser: Native class hierarchy updated for 'AddContentDialog' in 0.0027 seconds. Added 0 classes and 0 folders.
[2018.03.12-16.09.12:462][  0]LogContentBrowser: Native class hierarchy updated for 'SceneOutliner' in 0.0025 seconds. Added 1 classes and 2 folders.
[2018.03.12-16.09.12:482][  0]LogSlate: Took 0.000246 seconds to synchronously load lazily loaded font '../../../Engine/Content/Slate/Fonts/Roboto-Regular.ttf' (155K)
[2018.03.12-16.09.12:485][  0]LogSlate: Took 0.000335 seconds to synchronously load lazily loaded font '../../../Engine/Content/Slate/Fonts/Roboto-Bold.ttf' (160K)
[2018.03.12-16.09.12:490][  0]LogSlate: Took 0.000329 seconds to synchronously load lazily loaded font '../../../Engine/Content/Editor/Slate/Fonts/FontAwesome.ttf' (139K)
[2018.03.12-16.09.12:574][  0]LogRenderer: Reallocating scene render targets to support 1208x576 Format 10 NumSamples 1 (Frame:1).
[2018.03.12-16.09.12:754][  0]LogContentBrowser: Native class hierarchy updated for 'HierarchicalLODOutliner' in 0.0027 seconds. Added 1 classes and 2 folders.
[2018.03.12-16.09.12:755][  0]LogLoad: (Engine Initialization) Total time: 44.12 seconds
[2018.03.12-16.09.12:755][  0]LogLoad: (Engine Initialization) Total Blueprint compile time: 0.00 seconds
[2018.03.12-16.09.12:755][  0]LogExternalProfiler: No external profilers were discovered.  External profiling features will not be available.
[2018.03.12-16.09.12:779][  0]LogAssetRegistry: Asset discovery search completed in 18.5039 seconds
[2018.03.12-16.09.12:781][  0]LogCollectionManager: Rebuilt the object cache for 0 collections in 0.000000 seconds (found 0 objects)
[2018.03.12-16.09.12:781][  0]LogCollectionManager: Fixed up redirectors for 0 collections in 0.000033 seconds (updated 0 objects)
[2018.03.12-16.09.12:781][  0]LogDirectoryWatcher: A directory notification failed for '//StuHome/HomeDrive5$/1503395/GitHub/Gameplay-Mechanics/PropNavigationGame/Content/' because it was empty or there was a buffer overflow. Attemping another request...
[2018.03.12-16.09.12:781][  0]LogDirectoryWatcher: A directory notification failed for '//StuHome/HomeDrive5$/1503395/GitHub/Gameplay-Mechanics/PropNavigationGame/Content/', and we were unable to create a new request.
[2018.03.12-16.09.12:781][  0]LogDirectoryWatcher: A directory notification failed for '//StuHome/HomeDrive5$/1503395/GitHub/Gameplay-Mechanics/PropNavigationGame/Binaries/Win64' because it was empty or there was a buffer overflow. Attemping another request...
[2018.03.12-16.09.12:781][  0]LogDirectoryWatcher: A directory notification failed for '//StuHome/HomeDrive5$/1503395/GitHub/Gameplay-Mechanics/PropNavigationGame/Saved/Collections/' because it was empty or there was a buffer overflow. Attemping another request...
[2018.03.12-16.09.12:781][  0]LogDirectoryWatcher: A directory notification failed for '//StuHome/HomeDrive5$/1503395/GitHub/Gameplay-Mechanics/PropNavigationGame/Content/Developers/1503395/Collections/' because it was empty or there was a buffer overflow. Attemping another request...
[2018.03.12-16.09.12:781][  0]LogDirectoryWatcher: A directory notification failed for '//StuHome/HomeDrive5$/1503395/GitHub/Gameplay-Mechanics/PropNavigationGame/Content/Collections/' because it was empty or there was a buffer overflow. Attemping another request...
[2018.03.12-16.09.12:783][  0]LogContentStreaming: Texture pool size now 1000 MB
[2018.03.12-16.09.12:829][  0]LogSlate: Took 0.000285 seconds to synchronously load lazily loaded font '../../../Engine/Content/Slate/Fonts/Roboto-Light.ttf' (159K)
[2018.03.12-16.09.12:924][  1]LogDirectoryWatcher: A directory notification failed for '//StuHome/HomeDrive5$/1503395/GitHub/Gameplay-Mechanics/PropNavigationGame/Binaries/Win64' because it was empty or there was a buffer overflow. Attemping another request...
[2018.03.12-16.09.12:925][  1]LogDirectoryWatcher: A directory notification failed for '//StuHome/HomeDrive5$/1503395/GitHub/Gameplay-Mechanics/PropNavigationGame/Binaries/Win64', and we were unable to create a new request.
[2018.03.12-16.09.12:925][  1]LogDirectoryWatcher: A directory notification failed for '//StuHome/HomeDrive5$/1503395/GitHub/Gameplay-Mechanics/PropNavigationGame/Saved/Collections/' because it was empty or there was a buffer overflow. Attemping another request...
[2018.03.12-16.09.12:926][  1]LogDirectoryWatcher: A directory notification failed for '//StuHome/HomeDrive5$/1503395/GitHub/Gameplay-Mechanics/PropNavigationGame/Saved/Collections/', and we were unable to create a new request.
[2018.03.12-16.09.12:926][  1]LogDirectoryWatcher: A directory notification failed for '//StuHome/HomeDrive5$/1503395/GitHub/Gameplay-Mechanics/PropNavigationGame/Content/Developers/1503395/Collections/' because it was empty or there was a buffer overflow. Attemping another request...
[2018.03.12-16.09.12:926][  1]LogDirectoryWatcher: A directory notification failed for '//StuHome/HomeDrive5$/1503395/GitHub/Gameplay-Mechanics/PropNavigationGame/Content/Developers/1503395/Collections/', and we were unable to create a new request.
[2018.03.12-16.09.12:926][  1]LogDirectoryWatcher: A directory notification failed for '//StuHome/HomeDrive5$/1503395/GitHub/Gameplay-Mechanics/PropNavigationGame/Content/Collections/' because it was empty or there was a buffer overflow. Attemping another request...
[2018.03.12-16.09.12:927][  1]LogDirectoryWatcher: A directory notification failed for '//StuHome/HomeDrive5$/1503395/GitHub/Gameplay-Mechanics/PropNavigationGame/Content/Collections/', and we were unable to create a new request.
[2018.03.12-16.09.18:065][573]LogSlate: Took 0.000169 seconds to synchronously load lazily loaded font '../../../Engine/Content/Slate/Fonts/Roboto-Light.ttf' (159K)
[2018.03.12-16.09.18:193][573]LogClass: Warning: Type mismatch in phaserComponent of PlayerShip - Previous (ObjectProperty) Current(ArrayProperty) for package:  //StuHome/HomeDrive5$/1503395/GitHub/Gameplay-Mechanics/PropNavigationGame/Content/StarTrekMap.umap
[2018.03.12-16.09.18:422][573]LogAIModule: Creating AISystem for world StarTrekMap
[2018.03.12-16.09.18:462][573]Cmd: MAP LOAD FILE="//StuHome/HomeDrive5$/1503395/GitHub/Gameplay-Mechanics/PropNavigationGame/Content/StarTrekMap.umap" TEMPLATE=0 SHOWPROGRESS=1 FEATURELEVEL=3
[2018.03.12-16.09.18:462][573]LightingResults: New page: Lighting Build
[2018.03.12-16.09.18:463][573]LoadErrors: New page: Loading map: StarTrekMap.umap
[2018.03.12-16.09.18:464][573]MapCheck: New page: Map Check
[2018.03.12-16.09.18:464][573]LightingResults: New page: Lighting Build
[2018.03.12-16.09.18:478][573]LogEditorServer: Finished looking for orphan Actors (0.000 secs)
[2018.03.12-16.09.18:509][573]Cmd: MAP CHECKDEP NOCLEARLOG
[2018.03.12-16.09.18:599][573]MapCheck: Map check complete: 0 Error(s), 0 Warning(s), took 90.181ms to complete.
[2018.03.12-16.09.18:599][573]LogFileHelpers: Loading map 'StarTrekMap' took 0.138
[2018.03.12-16.09.21:641][912]LogTemp: Repeating last play command: Selected Viewport
[2018.03.12-16.09.21:757][912]LogPlayLevel: PlayLevel: No blueprints needed recompiling
[2018.03.12-16.09.21:758][912]PIE: New page: PIE session: StarTrekMap (12 Mar 2018 16:09:21)
[2018.03.12-16.09.21:758][912]LogPlayLevel: Creating play world package: /Game/UEDPIE_0_StarTrekMap
[2018.03.12-16.09.21:759][912]LogPlayLevel: PIE: StaticDuplicateObject took: (0.001572s)
[2018.03.12-16.09.21:760][912]LogAIModule: Creating AISystem for world StarTrekMap
[2018.03.12-16.09.21:760][912]LogPlayLevel: PIE: World Init took: (0.000552s)
[2018.03.12-16.09.21:760][912]LogPlayLevel: PIE: Created PIE world by copying editor world from /Game/StarTrekMap.StarTrekMap to /Game/UEDPIE_0_StarTrekMap.StarTrekMap (0.002311s)
[2018.03.12-16.09.21:771][912]LogInit: XAudio2 using 'Speakers (Realtek High Definition Audio)' : 2 channels at 48 kHz using 32 bits per sample (channel mask 0x3)
[2018.03.12-16.09.21:810][912]LogInit: FAudioDevice initialized.
[2018.03.12-16.09.21:852][912]LogLoad: Game class is 'MySpaceGameMode_C'
[2018.03.12-16.09.21:855][912]LogWorld: Bringing World /Game/UEDPIE_0_StarTrekMap.StarTrekMap up for play (max tick rate 0) at 2018.03.12-16.09.21
[2018.03.12-16.09.21:855][912]LogWorld: Bringing up level for play took: 0.001256
[2018.03.12-16.09.21:948][912]LogContentBrowser: Native class hierarchy updated for 'MovieSceneCapture' in 0.0033 seconds. Added 11 classes and 0 folders.
[2018.03.12-16.09.21:951][912]PIE: Play in editor start time for /Game/UEDPIE_0_StarTrekMap 0.39
[2018.03.12-16.09.23:354][ 74]LogTemp: Warning: Targeted Actor: EnemyShip_1.
[2018.03.12-16.09.23:687][114]LogTemp: Warning: Trace Actor EnemyShip_1.
[2018.03.12-16.09.24:104][164]LogTemp: Warning: Trace Actor EnemyShip_1.
[2018.03.12-16.09.24:448][205]LogTemp: Warning: Trace Actor EnemyShip_1.
[2018.03.12-16.10.24:330][862]Cmd: OBJ SAVEPACKAGE PACKAGE="/Game/StarTrekMap" FILE="//StuHome/HomeDrive5$/1503395/GitHub/Gameplay-Mechanics/PropNavigationGame/Content/StarTrekMap.umap" SILENT=true AUTOSAVING=false KEEPDIRTY=false
[2018.03.12-16.10.24:613][862]LogSavePackage: Save=215.47ms
[2018.03.12-16.10.24:613][862]LogSavePackage: Moving '//StuHome/HomeDrive5$/1503395/GitHub/Gameplay-Mechanics/PropNavigationGame/Saved/StarTrekMap0BD4285C47F7FA74332DF58CE5C0C89C.tmp' to '//StuHome/HomeDrive5$/1503395/GitHub/Gameplay-Mechanics/PropNavigationGame/Content/StarTrekMap.umap'
[2018.03.12-16.10.24:623][862]LogSavePackage: Display: Finished SavePackage //StuHome/HomeDrive5$/1503395/GitHub/Gameplay-Mechanics/PropNavigationGame/Content/StarTrekMap.umap
[2018.03.12-16.10.28:019][246]Candidate modules for hot reload:
[2018.03.12-16.10.28:019][246]  PropNavigationGame
[2018.03.12-16.10.28:020][246]Launching UnrealBuildTool... [C:/Program Files (x86)/Epic Games/UE_4.17/Engine/Binaries/DotNET/UnrealBuildTool.exe PropNavigationGame -ModuleWithSuffix PropNavigationGame 9482 Win64 Development -editorrecompile -canskiplink "//StuHome/HomeDrive5$/1503395/GitHub/Gameplay-Mechanics/PropNavigationGame/PropNavigationGame.uproject" ]
[2018.03.12-16.10.28:021][246]Warning: Starting HotReload took  0.0s.
[2018.03.12-16.10.47:764][592]CompilerResultsLog: New page: Compilation - 12 Mar 2018 16:10:47
[2018.03.12-16.10.47:764][592]CompilerResultsLog: Compiling game modules for hot reload
[2018.03.12-16.10.47:764][592]CompilerResultsLog: Parsing headers for PropNavigationGameEditor
[2018.03.12-16.10.47:764][592]CompilerResultsLog:   Running UnrealHeaderTool "\\StuHome\HomeDrive5$\1503395\GitHub\Gameplay-Mechanics\PropNavigationGame\PropNavigationGame.uproject" "\\StuHome\HomeDrive5$\1503395\GitHub\Gameplay-Mechanics\PropNavigationGame\Intermediate\Build\Win64\PropNavigationGameEditor\Development\PropNavigationGameEditor.uhtmanifest" -LogCmds="loginit warning, logexit warning, logdatabase error" -Unattended -WarningsAsErrors -installed
[2018.03.12-16.10.47:764][592]CompilerResultsLog: Reflection code generated for PropNavigationGameEditor in 8.7132451 seconds
[2018.03.12-16.10.47:764][592]CompilerResultsLog: Performing 3 actions (4 in parallel)
[2018.03.12-16.10.47:764][592]CompilerResultsLog: PlayerShip.cpp
[2018.03.12-16.10.47:764][592]CompilerResultsLog: [2/3] Link UE4Editor-PropNavigationGame-9482.dll
[2018.03.12-16.10.47:764][592]CompilerResultsLog: [3/3] Link UE4Editor-PropNavigationGame-9482.lib
[2018.03.12-16.10.47:764][592]CompilerResultsLog:    Creating library \\StuHome\HomeDrive5$\1503395\GitHub\Gameplay-Mechanics\PropNavigationGame\Intermediate\Build\Win64\UE4Editor\Development\UE4Editor-PropNavigationGame-9482.lib and object \\StuHome\HomeDrive5$\1503395\GitHub\Gameplay-Mechanics\PropNavigationGame\Intermediate\Build\Win64\UE4Editor\Development\UE4Editor-PropNavigationGame-9482.exp
[2018.03.12-16.10.47:764][592]CompilerResultsLog:    Creating library \\StuHome\HomeDrive5$\1503395\GitHub\Gameplay-Mechanics\PropNavigationGame\Intermediate\Build\Win64\UE4Editor\Development\UE4Editor-PropNavigationGame-9482.suppressed.lib and object \\StuHome\HomeDrive5$\1503395\GitHub\Gameplay-Mechanics\PropNavigationGame\Intermediate\Build\Win64\UE4Editor\Development\UE4Editor-PropNavigationGame-9482.suppressed.exp
[2018.03.12-16.10.47:764][592]CompilerResultsLog: Total build time: 19.54 seconds (Local executor: 3.56 seconds)
[2018.03.12-16.10.47:764][592]LogMainFrame: MainFrame: Module compiling took 19.749 seconds
[2018.03.12-16.10.48:009][592]LogScriptCore: Error: Script Msg: A null object was passed as a world context object to UEngine::GetWorldFromContextObject().
[2018.03.12-16.10.48:009][592]LogScriptCore: Error: Script call stack:
	[Empty] (FFrame::GetScriptCallstack() called from native code)
[2018.03.12-16.10.48:018][592]LogHotReload: Re-instancing EnemyShip after hot-reload.
[2018.03.12-16.10.48:080][592]LogScriptCore: Error: Script Msg: A null object was passed as a world context object to UEngine::GetWorldFromContextObject().
[2018.03.12-16.10.48:080][592]LogScriptCore: Error: Script call stack:
	[Empty] (FFrame::GetScriptCallstack() called from native code)
[2018.03.12-16.10.48:085][592]LogContentBrowser: Native class hierarchy updated for 'PropNavigationGame' in 0.0032 seconds. Added 10 classes and 2 folders.
[2018.03.12-16.10.48:086][592]Display: HotReload successful (5 functions remapped  0 scriptstructs remapped)
[2018.03.12-16.10.48:147][592]LogContentBrowser: Native class hierarchy populated in 0.0099 seconds. Added 2398 classes and 506 folders.
[2018.03.12-16.10.48:147][592]Display: HotReload took 20.1s.
[2018.03.12-16.10.49:290][727]LogTemp: Repeating last play command: Selected Viewport
[2018.03.12-16.10.49:302][727]LogPlayLevel: PlayLevel: No blueprints needed recompiling
[2018.03.12-16.10.49:302][727]PIE: New page: PIE session: StarTrekMap (12 Mar 2018 16:10:49)
[2018.03.12-16.10.49:302][727]LogPlayLevel: Creating play world package: /Game/UEDPIE_0_StarTrekMap
[2018.03.12-16.10.49:304][727]LogPlayLevel: PIE: StaticDuplicateObject took: (0.002000s)
[2018.03.12-16.10.49:305][727]LogAIModule: Creating AISystem for world StarTrekMap
[2018.03.12-16.10.49:305][727]LogPlayLevel: PIE: World Init took: (0.000891s)
[2018.03.12-16.10.49:305][727]LogPlayLevel: PIE: Created PIE world by copying editor world from /Game/StarTrekMap.StarTrekMap to /Game/UEDPIE_0_StarTrekMap.StarTrekMap (0.003218s)
[2018.03.12-16.10.49:316][727]LogInit: XAudio2 using 'Speakers (Realtek High Definition Audio)' : 2 channels at 48 kHz using 32 bits per sample (channel mask 0x3)
[2018.03.12-16.10.49:355][727]LogInit: FAudioDevice initialized.
[2018.03.12-16.10.49:386][727]LogLoad: Game class is 'MySpaceGameMode_C'
[2018.03.12-16.10.49:389][727]LogWorld: Bringing World /Game/UEDPIE_0_StarTrekMap.StarTrekMap up for play (max tick rate 0) at 2018.03.12-16.10.49
[2018.03.12-16.10.49:389][727]LogWorld: Bringing up level for play took: 0.001194
[2018.03.12-16.10.50:495][727]LogWindows: Error: === Critical error: ===
[2018.03.12-16.10.50:496][727]LogWindows: Error: 
[2018.03.12-16.10.50:496][727]LogWindows: Error: Unhandled Exception: EXCEPTION_ACCESS_VIOLATION reading address 0x00000340
[2018.03.12-16.10.50:496][727]LogWindows: Error: 
[2018.03.12-16.10.50:496][727]LogWindows: Error: UE4Editor-PropNavigationGame-9482.dll!AActor::GetComponents<USkeletalMeshComponent,FDefaultAllocator>() [c:\program files (x86)\epic games\ue_4.17\engine\source\runtime\engine\classes\gameframework\actor.h:2734]
[2018.03.12-16.10.50:496][727]LogWindows: Error: UE4Editor-PropNavigationGame-9482.dll!APlayerShip::SendSocketsToFireComponents() [\\stuhome\homedrive5$\1503395\github\gameplay-mechanics\propnavigationgame\source\propnavigationgame\playership.cpp:140]
[2018.03.12-16.10.50:496][727]LogWindows: Error: UE4Editor-PropNavigationGame-9482.dll!APlayerShip::BeginPlay() [\\stuhome\homedrive5$\1503395\github\gameplay-mechanics\propnavigationgame\source\propnavigationgame\playership.cpp:166]
[2018.03.12-16.10.50:496][727]LogWindows: Error: UE4Editor-Engine.dll!0x00000000A0EFABAB
[2018.03.12-16.10.50:496][727]LogWindows: Error: UE4Editor-Engine.dll!0x00000000A20BA421
[2018.03.12-16.10.50:496][727]LogWindows: Error: UE4Editor-Engine.dll!0x00000000A1634761
[2018.03.12-16.10.50:496][727]LogWindows: Error: UE4Editor-Engine.dll!0x00000000A20A5BCE
[2018.03.12-16.10.50:496][727]LogWindows: Error: UE4Editor-Engine.dll!0x00000000A1657AC6
[2018.03.12-16.10.50:496][727]LogWindows: Error: UE4Editor-UnrealEd.dll!0x000000009FE8A39C
[2018.03.12-16.10.50:496][727]LogWindows: Error: UE4Editor-UnrealEd.dll!0x000000009FEB4CFE
[2018.03.12-16.10.50:496][727]LogWindows: Error: UE4Editor-UnrealEd.dll!0x000000009FED0864
[2018.03.12-16.10.50:496][727]LogWindows: Error: UE4Editor-UnrealEd.dll!0x000000009F93BAA8
[2018.03.12-16.10.50:496][727]LogWindows: Error: UE4Editor-UnrealEd.dll!0x00000000A01CB0E6
[2018.03.12-16.10.50:496][727]LogWindows: Error: UE4Editor.exe!0x0000000072EF534A
[2018.03.12-16.10.50:496][727]LogWindows: Error: UE4Editor.exe!0x0000000072F03970
[2018.03.12-16.10.50:496][727]LogWindows: Error: UE4Editor.exe!0x0000000072F039EA
[2018.03.12-16.10.50:496][727]LogWindows: Error: UE4Editor.exe!0x0000000072F102D9
[2018.03.12-16.10.50:496][727]LogWindows: Error: UE4Editor.exe!0x0000000072F11C47
[2018.03.12-16.10.50:496][727]LogWindows: Error: KERNEL32.DLL!0x00000000D2041FE4
[2018.03.12-16.10.50:496][727]LogWindows: Error: ntdll.dll!0x00000000D217EF91
[2018.03.12-16.10.50:496][727]LogWindows: Error: ntdll.dll!0x00000000D217EF91
[2018.03.12-16.10.50:496][727]LogWindows: Error: 
[2018.03.12-16.10.50:507][727]LogExit: Executing StaticShutdownAfterError
[2018.03.12-16.10.50:509][727]LogWindows: FPlatformMisc::RequestExit(1)
[2018.03.12-16.10.50:509][727]Log file closed, 03/12/18 16:10:50
