Log file open, 02/26/18 15:12:58
LogWindows: LoadLibraryWithSearchPaths failed for file aqProf.dll. GetLastError=0
LogWindows: LoadLibraryWithSearchPaths failed for file VtuneApi.dll. GetLastError=0
LogWindows: LoadLibraryWithSearchPaths failed for file VtuneApi32e.dll. GetLastError=0
LogInit: Display: Running engine for game: PropNavigationGame
LogPlatformFile: Not using cached read wrapper
LogInit: Display: RandInit(373452892) SRandInit(373452892).
LogTaskGraph: Started task graph with 5 named threads and 14 total threads with 3 sets of task threads.
LogStats: Stats thread started at 0.163417
LogD3D11RHI: Aftermath initialized
LogPluginManager: Mounting plugin Paper2D
LogPluginManager: Mounting plugin LightPropagationVolume
LogPluginManager: Mounting plugin CodeLiteSourceCodeAccess
LogPluginManager: Mounting plugin GitSourceControl
LogPluginManager: Mounting plugin KDevelopSourceCodeAccess
LogPluginManager: Mounting plugin NullSourceCodeAccess
LogPluginManager: Mounting plugin PerforceSourceControl
LogPluginManager: Mounting plugin SubversionSourceControl
LogPluginManager: Mounting plugin UObjectPlugin
LogPluginManager: Mounting plugin VisualStudioSourceCodeAccess
LogPluginManager: Mounting plugin XCodeSourceCodeAccess
LogPluginManager: Mounting plugin AssetManagerEditor
LogPluginManager: Mounting plugin AudioCapture
LogPluginManager: Mounting plugin FacialAnimation
LogPluginManager: Mounting plugin GameplayTagsEditor
LogPluginManager: Mounting plugin MobileLauncherProfileWizard
LogPluginManager: Mounting plugin PluginBrowser
LogPluginManager: Mounting plugin SpeedTreeImporter
LogPluginManager: Mounting plugin AlembicImporter
LogPluginManager: Mounting plugin CharacterAI
LogPluginManager: Mounting plugin HTML5Networking
LogPluginManager: Mounting plugin AndroidMedia
LogPluginManager: Mounting plugin AvfMedia
LogPluginManager: Mounting plugin MediaPlayerEditor
LogPluginManager: Mounting plugin WmfMedia
LogPluginManager: Mounting plugin TcpMessaging
LogPluginManager: Mounting plugin UdpMessaging
LogPluginManager: Mounting plugin LevelSequenceEditor
LogPluginManager: Mounting plugin MatineeToLevelSequence
LogPluginManager: Mounting plugin OnlineSubsystemGooglePlay
LogPluginManager: Mounting plugin OnlineSubsystemIOS
LogPluginManager: Mounting plugin OnlineSubsystem
LogPluginManager: Mounting plugin OnlineSubsystemNull
LogPluginManager: Mounting plugin OnlineSubsystemUtils
LogPluginManager: Mounting plugin AndroidDeviceProfileSelector
LogPluginManager: Mounting plugin AndroidMoviePlayer
LogPluginManager: Mounting plugin AndroidPermission
LogPluginManager: Mounting plugin AppleMoviePlayer
LogPluginManager: Mounting plugin ArchVisCharacter
LogPluginManager: Mounting plugin CableComponent
LogPluginManager: Mounting plugin CustomMeshComponent
LogPluginManager: Mounting plugin ExampleDeviceProfileSelector
LogPluginManager: Mounting plugin GoogleCloudMessaging
LogPluginManager: Mounting plugin ImmediatePhysics
LogPluginManager: Mounting plugin IOSDeviceProfileSelector
LogPluginManager: Mounting plugin LinuxDeviceProfileSelector
LogPluginManager: Mounting plugin LocationServicesBPLibrary
LogPluginManager: Mounting plugin MobilePatchingUtils
LogPluginManager: Mounting plugin OculusVR
LogPluginManager: Mounting plugin PhysXVehicles
LogPluginManager: Mounting plugin ProceduralMeshComponent
LogPluginManager: Mounting plugin RuntimePhysXCooking
LogPluginManager: Mounting plugin SteamVR
LogPluginManager: Mounting plugin WindowsMoviePlayer
LogInit: Warning: Incompatible or missing module: UE4Editor-PropNavigationGame.dll
Running C:/Program Files (x86)/Epic Games/UE_4.17/Engine/Binaries/DotNET/UnrealBuildTool.exe PropNavigationGame Development Win64 -project="M:/GitHub/Gameplay-Mechanics/PropNavigationGame/PropNavigationGame.uproject" -editorrecompile -progress -NoHotReloadFromIDE
Creating makefile for PropNavigationGame (game project files are newer)
@progress push 5%
Parsing headers for PropNavigationGameEditor
  Running UnrealHeaderTool "M:\GitHub\Gameplay-Mechanics\PropNavigationGame\PropNavigationGame.uproject" "M:\GitHub\Gameplay-Mechanics\PropNavigationGame\Intermediate\Build\Win64\PropNavigationGameEditor\Development\PropNavigationGameEditor.uhtmanifest" -LogCmds="loginit warning, logexit warning, logdatabase error" -Unattended -WarningsAsErrors -installed
Reflection code generated for PropNavigationGameEditor in 6.797134 seconds
@progress pop
Performing 7 actions (4 in parallel)
SharedPCH.Engine.cpp
PropNavigationGame.init.gen.cpp
PlayerShip.gen.cpp
PlayerShip.cpp
PropNavigationGame.cpp
[6/7] Link UE4Editor-PropNavigationGame.dll
[7/7] Link UE4Editor-PropNavigationGame.lib
   Creating library M:\GitHub\Gameplay-Mechanics\PropNavigationGame\Intermediate\Build\Win64\UE4Editor\Development\UE4Editor-PropNavigationGame.lib and object M:\GitHub\Gameplay-Mechanics\PropNavigationGame\Intermediate\Build\Win64\UE4Editor\Development\UE4Editor-PropNavigationGame.exp
   Creating library M:\GitHub\Gameplay-Mechanics\PropNavigationGame\Intermediate\Build\Win64\UE4Editor\Development\UE4Editor-PropNavigationGame.suppressed.lib and object M:\GitHub\Gameplay-Mechanics\PropNavigationGame\Intermediate\Build\Win64\UE4Editor\Development\UE4Editor-PropNavigationGame.suppressed.exp
Total build time: 17.67 seconds (Local executor: 4.72 seconds)
LogInit: Using libcurl 7.47.1
LogInit:  - built for x86_64-pc-win32
LogInit:  - supports SSL with OpenSSL/1.0.2g
LogInit:  - supports HTTP deflate (compression) using libz 1.2.8
LogInit:  - other features:
LogInit:      CURL_VERSION_SSL
LogInit:      CURL_VERSION_LIBZ
LogInit:      CURL_VERSION_IPV6
LogInit:      CURL_VERSION_ASYNCHDNS
LogInit:      CURL_VERSION_LARGEFILE
LogInit:      CURL_VERSION_IDN
LogInit:  CurlRequestOptions (configurable via config and command line):
LogInit:  - bVerifyPeer = false  - Libcurl will NOT verify peer certificate
LogInit:  - bUseHttpProxy = false  - Libcurl will NOT use HTTP proxy
LogInit:  - bDontReuseConnections = false  - Libcurl will reuse connections
LogInit:  - CertBundlePath = nullptr  - Libcurl will use whatever was configured at build time.
LogInit: Build: ++UE4+Release-4.17-CL-3573198
LogInit: Engine Version: 4.17.0-3573198+++UE4+Release-4.17
LogInit: Compatible Engine Version: 4.17.0-3573198+++UE4+Release-4.17
LogInit: Net CL: 3573198
LogDevObjectVersion: Number of dev versions registered: 16
LogDevObjectVersion:   Dev-Blueprints (B0D832E4-1F89-4F0D-ACCF-7EB736FD4AA2): 10
LogDevObjectVersion:   Dev-Build (E1C64328-A22C-4D53-A36C-8E866417BD8C): 0
LogDevObjectVersion:   Dev-Core (375EC13C-06E4-48FB-B500-84F0262A717E): 2
LogDevObjectVersion:   Dev-Editor (E4B068ED-F494-42E9-A231-DA0B2E46BB41): 20
LogDevObjectVersion:   Dev-Framework (CFFC743F-43B0-4480-9391-14DF171D2073): 28
LogDevObjectVersion:   Dev-Mobile (B02B49B5-BB20-44E9-A304-32B752E40360): 0
LogDevObjectVersion:   Dev-Networking (A4E4105C-59A1-49B5-A7C5-40C4547EDFEE): 0
LogDevObjectVersion:   Dev-Online (39C831C9-5AE6-47DC-9A44-9C173E1C8E7C): 0
LogDevObjectVersion:   Dev-Physics (78F01B33-EBEA-4F98-B9B4-84EACCB95AA2): 0
LogDevObjectVersion:   Dev-Platform (6631380F-2D4D-43E0-8009-CF276956A95A): 0
LogDevObjectVersion:   Dev-Rendering (12F88B9F-8875-4AFC-A67C-D90C383ABD29): 19
LogDevObjectVersion:   Dev-Sequencer (7B5AE74C-D270-4C10-A958-57980B212A5A): 4
LogDevObjectVersion:   Dev-VR (D7296918-1DD6-4BDD-9DE2-64A83CC13884): 0
LogDevObjectVersion:   Dev-LoadTimes (C2A15278-BFE7-4AFE-6C17-90FF531DF755): 1
LogDevObjectVersion:   Private-Geometry (6EACA3D4-40EC-4CC1-B786-8BED09428FC5): 1
LogDevObjectVersion:   Dev-AnimPhys (29E575DD-E0A3-4627-9D10-D276232CDCEA): 7
LogInit: Compiled (64-bit): Aug  4 2017 16:30:33
LogInit: Compiled with Visual C++: 19.00.24215.01
LogInit: Build Configuration: Development
LogInit: Branch Name: ++UE4+Release-4.17
LogInit: Command line: 
LogInit: Base directory: C:/Program Files (x86)/Epic Games/UE_4.17/Engine/Binaries/Win64/
LogInit: Installed Engine Build: 1
LogInit: Presizing for max 8388607 objects, including 0 objects not considered by GC, pre-allocating 0 bytes for permanent pool.
LogInit: Object subsystem initialized
[2018.02.26-15.13.20:426][  0]LogInit: Selected Device Profile: [Windows]
[2018.02.26-15.13.20:426][  0]LogInit: Applying CVar settings loaded from the selected device profile: [Windows]
[2018.02.26-15.13.20:476][  0]LogInit: Computer: MC11576
[2018.02.26-15.13.20:476][  0]LogInit: User: 1503395
[2018.02.26-15.13.20:476][  0]LogInit: CPU Page size=4096, Cores=4
[2018.02.26-15.13.20:476][  0]LogInit: High frequency timer resolution =3.328222 MHz
[2018.02.26-15.13.20:476][  0]LogMemory: Memory total: Physical=31.9GB (32GB approx)
[2018.02.26-15.13.20:476][  0]LogMemory: Platform Memory Stats for Windows
[2018.02.26-15.13.20:476][  0]LogMemory: Process Physical Memory: 282.52 MB used, 282.52 MB peak
[2018.02.26-15.13.20:476][  0]LogMemory: Process Virtual Memory: 285.48 MB used, 285.48 MB peak
[2018.02.26-15.13.20:476][  0]LogMemory: Physical Memory: 4993.44 MB used,  27714.93 MB free, 32708.37 MB total
[2018.02.26-15.13.20:476][  0]LogMemory: Virtual Memory: 674.70 MB used,  27714.93 MB free, 8388608.00 MB total
[2018.02.26-15.13.20:768][  0]LogInit: Using OS detected language (en-GB).
[2018.02.26-15.13.20:768][  0]LogInit: Using OS detected locale (en-GB).
[2018.02.26-15.13.20:771][  0]LogTextLocalizationManager: No specific localization for 'en-GB' exists, so the 'en' localization will be used.
[2018.02.26-15.13.21:414][  0]LogD3D11RHI: D3D11 adapters:
[2018.02.26-15.13.21:441][  0]LogD3D11RHI:    0. 'NVIDIA GeForce GTX 1070' (Feature Level 11_0)
[2018.02.26-15.13.21:441][  0]LogD3D11RHI:       8077/0/16098 MB DedicatedVideo/DedicatedSystem/SharedSystem, Outputs:1, VendorId:0x10de
[2018.02.26-15.13.21:441][  0]LogD3D11RHI: Chosen D3D11 Adapter: 0
[2018.02.26-15.13.21:446][  0]LogD3D11RHI: Creating new Direct3DDevice
[2018.02.26-15.13.21:446][  0]LogD3D11RHI:     GPU DeviceId: 0x1b81 (for the marketing name, search the web for "GPU Device Id")
[2018.02.26-15.13.21:446][  0]LogWindows: EnumDisplayDevices:
[2018.02.26-15.13.21:447][  0]LogWindows:    0. 'NVIDIA GeForce GTX 1070' (P:1 D:1)
[2018.02.26-15.13.21:447][  0]LogWindows:    1. 'NVIDIA GeForce GTX 1070' (P:0 D:0)
[2018.02.26-15.13.21:447][  0]LogWindows:    2. 'NVIDIA GeForce GTX 1070' (P:0 D:0)
[2018.02.26-15.13.21:447][  0]LogWindows:    3. 'NVIDIA GeForce GTX 1070' (P:0 D:0)
[2018.02.26-15.13.21:447][  0]LogWindows:    4. 'RDPDD Chained DD' (P:0 D:0)
[2018.02.26-15.13.21:447][  0]LogWindows:    5. 'RDP Encoder Mirror Driver' (P:0 D:0)
[2018.02.26-15.13.21:447][  0]LogWindows:    6. 'RDP Reflector Display Driver' (P:0 D:0)
[2018.02.26-15.13.21:447][  0]LogWindows: DebugString: GetVideoDriverDetailsInvalid PrimaryIsNotTheChoosenAdapter GetVideoDriverDetailsInvalid PrimaryIsNotTheChoosenAdapter GetVideoDriverDetailsInvalid PrimaryIsNotTheChoosenAdapter FoundDriverCount:4 
[2018.02.26-15.13.21:447][  0]LogD3D11RHI:     Adapter Name: NVIDIA GeForce GTX 1070
[2018.02.26-15.13.21:448][  0]LogD3D11RHI:   Driver Version: 390.65 (internal:23.21.13.9065, unified:390.65)
[2018.02.26-15.13.21:448][  0]LogD3D11RHI:      Driver Date: 1-3-2018
[2018.02.26-15.13.21:448][  0]LogRHI: Texture pool is 1361 MB (70% of 1945 MB)
[2018.02.26-15.13.21:460][  0]LogD3D11RHI: Async texture creation enabled
[2018.02.26-15.13.21:475][  0]LogD3D11RHI: GPU Timing Frequency: 1000.000000 (Debug: 2 2)
[2018.02.26-15.13.21:517][  0]LogShaderCompilers: Guid format shader working directory is 1 characters bigger than the processId version (M:/GitHub/Gameplay-Mechanics/PropNavigationGame/Intermediate/Shaders/WorkingDirectory/6400/).
[2018.02.26-15.13.21:517][  0]LogShaderCompilers: Cleaned the shader compiler working directory 'C:/Users/1503395/AppData/Local/Temp/UnrealShaderWorkingDir/527484EE4D378ACB9E6C93A5DF8C560E/'.
[2018.02.26-15.13.21:517][  0]LogShaderCompilers: Display: Using Local Shader Compiler.
[2018.02.26-15.13.22:531][  0]LogTemp: Display: Loaded TP AllDesktopTargetPlatform
[2018.02.26-15.13.22:624][  0]LogTemp: Display: Loaded TP MacClientTargetPlatform
[2018.02.26-15.13.22:720][  0]LogTemp: Display: Loaded TP MacNoEditorTargetPlatform
[2018.02.26-15.13.22:824][  0]LogTemp: Display: Loaded TP MacServerTargetPlatform
[2018.02.26-15.13.22:925][  0]LogTemp: Display: Loaded TP MacTargetPlatform
[2018.02.26-15.13.23:018][  0]LogTemp: Display: Loaded TP WindowsClientTargetPlatform
[2018.02.26-15.13.23:115][  0]LogTemp: Display: Loaded TP WindowsNoEditorTargetPlatform
[2018.02.26-15.13.23:220][  0]LogTemp: Display: Loaded TP WindowsServerTargetPlatform
[2018.02.26-15.13.23:304][  0]LogTemp: Display: Loaded TP WindowsTargetPlatform
[2018.02.26-15.13.23:406][  0]LogTemp: Display: Loaded TP AndroidTargetPlatform
[2018.02.26-15.13.23:496][  0]LogTemp: Display: Loaded TP Android_ASTCTargetPlatform
[2018.02.26-15.13.23:584][  0]LogTemp: Display: Loaded TP Android_ATCTargetPlatform
[2018.02.26-15.13.23:672][  0]LogTemp: Display: Loaded TP Android_DXTTargetPlatform
[2018.02.26-15.13.23:760][  0]LogTemp: Display: Loaded TP Android_ETC1TargetPlatform
[2018.02.26-15.13.23:846][  0]LogTemp: Display: Loaded TP Android_ETC2TargetPlatform
[2018.02.26-15.13.24:023][  0]LogTemp: Display: Loaded TP Android_MultiTargetPlatform
[2018.02.26-15.13.24:023][  0]LogTemp: Display: Loaded TP Android_PVRTCTargetPlatform
[2018.02.26-15.13.24:099][  0]LogTemp: Display: Loaded TP HTML5TargetPlatform
[2018.02.26-15.13.24:244][  0]LogTemp: Display: Loaded TP IOSTargetPlatform
[2018.02.26-15.13.24:297][  0]LogTemp: Display: Loaded TP TVOSTargetPlatform
[2018.02.26-15.13.24:380][  0]LogTemp: Display: Loaded TP LinuxClientTargetPlatform
[2018.02.26-15.13.24:464][  0]LogTemp: Display: Loaded TP LinuxNoEditorTargetPlatform
[2018.02.26-15.13.24:548][  0]LogTemp: Display: Loaded TP LinuxServerTargetPlatform
[2018.02.26-15.13.24:633][  0]LogTemp: Display: Loaded TP LinuxTargetPlatform
[2018.02.26-15.13.24:634][  0]LogTargetPlatformManager: Display: Building Assets For Windows
[2018.02.26-15.13.25:474][  0]LogDerivedDataCache: Display: Max Cache Size: 512 MB
[2018.02.26-15.13.25:574][  0]LogDerivedDataCache: Loaded boot cache 0.10s 93MB C:/Users/1503395/AppData/Local/UnrealEngine/4.17/DerivedDataCache/Boot.ddc.
[2018.02.26-15.13.25:574][  0]LogDerivedDataCache: Display: Loaded Boot cache: C:/Users/1503395/AppData/Local/UnrealEngine/4.17/DerivedDataCache/Boot.ddc
[2018.02.26-15.13.25:575][  0]LogDerivedDataCache: FDerivedDataBackendGraph:  Pak pak cache file M:/GitHub/Gameplay-Mechanics/PropNavigationGame/DerivedDataCache/DDC.ddp not found, will not use a pak cache.
[2018.02.26-15.13.25:575][  0]LogDerivedDataCache: Unable to find inner node Pak for hierarchical cache Hierarchy.
[2018.02.26-15.13.25:576][  0]LogDerivedDataCache: FDerivedDataBackendGraph:  CompressedPak pak cache file M:/GitHub/Gameplay-Mechanics/PropNavigationGame/DerivedDataCache/Compressed.ddp not found, will not use a pak cache.
[2018.02.26-15.13.25:576][  0]LogDerivedDataCache: Unable to find inner node CompressedPak for hierarchical cache Hierarchy.
[2018.02.26-15.13.25:592][  0]LogDerivedDataCache: Display: Pak cache opened for reading ../../../Engine/DerivedDataCache/Compressed.ddp.
[2018.02.26-15.13.25:604][  0]LogDerivedDataCache: Using Local data cache path C:/Users/1503395/AppData/Local/UnrealEngine/Common/DerivedDataCache: Writable
[2018.02.26-15.13.25:613][  0]LogMaterial: Verifying Global Shaders for PCD3D_SM5
[2018.02.26-15.13.25:614][  0]LogSlate: Using Freetype 2.6.0
[2018.02.26-15.13.25:614][  0]LogSlate: SlateFontCache - WITH_FREETYPE: 1, WITH_HARFBUZZ: 1
[2018.02.26-15.13.25:614][  0]LogSlate: SlateFontCache - WITH_FREETYPE: 1, WITH_HARFBUZZ: 1
[2018.02.26-15.13.25:865][  0]LogAssetRegistry: FAssetRegistry took 0.0242 seconds to start up
[2018.02.26-15.13.26:097][  0]LogInit: Selected Device Profile: [Windows]
[2018.02.26-15.13.26:100][  0]LogContentStreaming: Texture pool size is 0.00 MB
[2018.02.26-15.13.26:740][  0]LogSimplygon: Simplygon DLL not present - disabling.
[2018.02.26-15.13.26:821][  0]LogMeshReduction: Using SimplygonSwarm for distributed automatic mesh merging
[2018.02.26-15.13.26:821][  0]LogMeshReduction: Using QuadricMeshReduction for automatic static mesh reduction
[2018.02.26-15.13.26:821][  0]LogMeshReduction: No automatic skeletal mesh reduction module available
[2018.02.26-15.13.26:821][  0]LogMeshReduction: No automatic mesh merging module available
[2018.02.26-15.13.26:821][  0]LogMeshMerging: No automatic mesh merging module available
[2018.02.26-15.13.27:200][  0]LogNetVersion: PropNavigationGame , NetCL: 3573198, EngineNetVer: 2, GameNetVer: 0 (Checksum: 1685960384)
[2018.02.26-15.13.27:630][  0]LogPackageLocalizationCache: Processed 5 localized package path(s) for 2 prioritized culture(s) in 0.222759 seconds
[2018.02.26-15.13.27:635][  0]LogUObjectArray: 35825 objects as part of root set at end of initial load.
[2018.02.26-15.13.27:635][  0]LogUObjectAllocator: 7529104 out of 0 bytes used by permanent object pool.
[2018.02.26-15.13.27:635][  0]LogUObjectArray: CloseDisregardForGC: 0/0 objects in disregard for GC pool
[2018.02.26-15.13.27:739][  0]LogInit: WinSock: version 1.1 (2.2), MaxSocks=32767, MaxUdp=65467
[2018.02.26-15.13.31:278][  0]LogTcpMessaging: Initializing TcpMessaging bridge
[2018.02.26-15.13.31:344][  0]LogUdpMessaging: Initializing bridge on interface 0.0.0.0:0 to multicast group 230.0.0.1:6666.
[2018.02.26-15.13.31:345][  0]LogDirectoryWatcher: A directory notification failed for 'M:/GitHub/Gameplay-Mechanics/PropNavigationGame/Content/' because it was empty or there was a buffer overflow. Attemping another request...
[2018.02.26-15.13.32:308][  0]LogStats: FPlatformStackWalk::StackWalkAndDump -  0.212 s
[2018.02.26-15.13.32:308][  0]LogOutputDevice: Error: === Handled ensure: ===
[2018.02.26-15.13.32:308][  0]LogOutputDevice: Error: 
[2018.02.26-15.13.32:309][  0]LogOutputDevice: Error: Ensure condition failed: AttachmentRules.LocationRule == EAttachmentRule::KeepRelative && AttachmentRules.RotationRule == EAttachmentRule::KeepRelative && AttachmentRules.ScaleRule == EAttachmentRule::KeepRelative [File:D:\Build\++UE4+Release-4.17+Compile\Sync\Engine\Source\Runtime\Engine\Private\Components\SceneComponent.cpp] [Line: 1672]
[2018.02.26-15.13.32:309][  0]LogOutputDevice: Error: AttachToComponent when called from a constructor is only setting up attachment and will always be treated as KeepRelative. Consider calling SetupAttachment directly instead.
[2018.02.26-15.13.32:309][  0]LogOutputDevice: Error: Stack: 
[2018.02.26-15.13.32:309][  0]LogOutputDevice: Error: UE4Editor-Core.dll!0x00000000E00035F6
[2018.02.26-15.13.32:309][  0]LogOutputDevice: Error: UE4Editor-Core.dll!0x00000000DFD8C2C2
[2018.02.26-15.13.32:309][  0]LogOutputDevice: Error: UE4Editor-Core.dll!0x00000000DFDA4736
[2018.02.26-15.13.32:309][  0]LogOutputDevice: Error: UE4Editor-Engine.dll!0x00000000DCC92438
[2018.02.26-15.13.32:309][  0]LogOutputDevice: Error: UE4Editor-PropNavigationGame.dll!APlayerShip::APlayerShip() [m:\github\gameplay-mechanics\propnavigationgame\source\propnavigationgame\playership.cpp:21]
[2018.02.26-15.13.32:309][  0]LogOutputDevice: Error: UE4Editor-CoreUObject.dll!0x00000000E20FA442
[2018.02.26-15.13.32:309][  0]LogOutputDevice: Error: UE4Editor-CoreUObject.dll!0x00000000E236324B
[2018.02.26-15.13.32:309][  0]LogOutputDevice: Error: UE4Editor-CoreUObject.dll!0x00000000E2346C73
[2018.02.26-15.13.32:309][  0]LogOutputDevice: Error: UE4Editor-CoreUObject.dll!0x00000000E20FC157
[2018.02.26-15.13.32:309][  0]LogOutputDevice: Error: UE4Editor-Core.dll!0x00000000DFC28210
[2018.02.26-15.13.32:309][  0]LogOutputDevice: Error: UE4Editor-Core.dll!0x00000000DFE768C0
[2018.02.26-15.13.32:309][  0]LogOutputDevice: Error: UE4Editor-Projects.dll!0x00000000ECECE06D
[2018.02.26-15.13.32:309][  0]LogOutputDevice: Error: UE4Editor-Projects.dll!0x00000000ECECE37E
[2018.02.26-15.13.32:309][  0]LogOutputDevice: Error: UE4Editor.exe!0x000000003F3C64B1
[2018.02.26-15.13.32:309][  0]LogOutputDevice: Error: UE4Editor.exe!0x000000003F3CA7BD
[2018.02.26-15.13.32:309][  0]LogOutputDevice: Error: UE4Editor.exe!0x000000003F3C379A
[2018.02.26-15.13.32:309][  0]LogOutputDevice: Error: UE4Editor.exe!0x000000003F3C39EA
[2018.02.26-15.13.32:309][  0]LogOutputDevice: Error: UE4Editor.exe!0x000000003F3D02D9
[2018.02.26-15.13.32:309][  0]LogOutputDevice: Error: UE4Editor.exe!0x000000003F3D1C47
[2018.02.26-15.13.32:309][  0]LogOutputDevice: Error: kernel32.dll!0x00000000775C59CD
[2018.02.26-15.13.32:309][  0]LogOutputDevice: Error: ntdll.dll!0x000000007782383D
[2018.02.26-15.13.32:309][  0]LogOutputDevice: Error: 
[2018.02.26-15.13.32:310][  0]LogStats:                SubmitErrorReport -  0.000 s
[2018.02.26-15.13.33:303][  0]LogStats:                    SendNewReport -  0.993 s
[2018.02.26-15.13.33:303][  0]LogStats:             FDebug::EnsureFailed -  1.206 s
[2018.02.26-15.13.33:705][  0]LogMaterial: Uniform references updated for custom material expression Custom.
[2018.02.26-15.13.34:378][  0]SourceControl: Source control is disabled
[2018.02.26-15.13.34:378][  0]SourceControl: Source control is disabled
[2018.02.26-15.13.34:466][  0]SourceControl: Source control is disabled
[2018.02.26-15.13.34:549][  0]SourceControl: Source control is disabled
[2018.02.26-15.13.35:576][  0]LogAndroidPermission: UAndroidPermissionCallbackProxy::GetInstance
[2018.02.26-15.13.36:007][  0]LogOcInput: OculusInput pre-init called
[2018.02.26-15.13.36:447][  0]LogEngine: Initializing Engine...
[2018.02.26-15.13.36:449][  0]LogHMD: Failed to initialize OpenVR with code 110
[2018.02.26-15.13.36:708][  0]LogStats: UGameplayTagsManager::ConstructGameplayTagTree: Construct from data asset -  0.000 s
[2018.02.26-15.13.36:708][  0]LogStats: UGameplayTagsManager::ConstructGameplayTagTree: GameplayTagTreeChangedEvent.Broadcast -  0.000 s
[2018.02.26-15.13.36:937][  0]LogAIModule: Creating AISystem for world Untitled
[2018.02.26-15.13.36:951][  0]LogInit: XAudio2 using 'Realtek Digital Output (Realtek High Definition Audio)' : 2 channels at 48 kHz using 16 bits per sample (channel mask 0x3)
[2018.02.26-15.13.37:003][  0]LogInit: FAudioDevice initialized.
[2018.02.26-15.13.37:095][  0]LogDerivedDataCache: Saved boot cache 0.09s 93MB C:/Users/1503395/AppData/Local/UnrealEngine/4.17/DerivedDataCache/Boot.ddc.
[2018.02.26-15.13.37:110][  0]LogInit: Texture streaming: Enabled
[2018.02.26-15.13.37:305][  0]LogEngineSessionManager: EngineSessionManager initialized
[2018.02.26-15.13.37:703][  0]LogInit: Transaction tracking system initialized
[2018.02.26-15.13.38:273][  0]BlueprintLog: New page: Editor Load
[2018.02.26-15.13.39:867][  0]LocalizationService: Localization service is disabled
[2018.02.26-15.13.41:057][  0]LogConsoleResponse: Display: 
[2018.02.26-15.13.41:252][  0]LogCook: Display: Max memory allowance for cook 16384mb min free memory 0mb
[2018.02.26-15.13.41:252][  0]LogCook: Display: Mobile HDR setting 1
[2018.02.26-15.13.41:252][  0]LogGameplayTags: Display: UGameplayTagsManager::DoneAddingNativeTags. DelegateIsBound: 0
[2018.02.26-15.13.42:082][  0]LogFileCache: Scanning file cache for directory 'M:/GitHub/Gameplay-Mechanics/PropNavigationGame/Content/' took 0.04s
[2018.02.26-15.13.42:992][  0]SourceControl: Source control is disabled
[2018.02.26-15.13.43:082][  0]LogSlate: Took 0.000239 seconds to synchronously load lazily loaded font '../../../Engine/Content/Slate/Fonts/Roboto-Regular.ttf' (155K)
[2018.02.26-15.13.59:635][  0]Cmd: MAP LOAD FILE="M:/GitHub/Gameplay-Mechanics/PropNavigationGame/Content/StarterContent/Maps/Minimal_Default.umap" TEMPLATE=0 SHOWPROGRESS=1 FEATURELEVEL=3
[2018.02.26-15.13.59:647][  0]LightingResults: New page: Lighting Build
[2018.02.26-15.13.59:770][  0]MapCheck: New page: Map Check
[2018.02.26-15.13.59:770][  0]LightingResults: New page: Lighting Build
[2018.02.26-15.13.59:880][  0]LogLinker: Warning: Can't find file '/Game/StarterContent/Maps/Minimal_Default_BuiltData'
[2018.02.26-15.13.59:880][  0]LogLinker: Warning: Can't find file for asset '/Game/StarterContent/Maps/Minimal_Default_BuiltData' while loading M:/GitHub/Gameplay-Mechanics/PropNavigationGame/Content/StarterContent/Maps/Minimal_Default.umap.
[2018.02.26-15.13.59:880][  0]LoadErrors: Error: /Game/StarterContent/Maps/Minimal_Default : Can't find file for asset. /Game/StarterContent/Maps/Minimal_Default_BuiltData
[2018.02.26-15.13.59:972][  0]LogLinker: Warning: Can't find file '/Game/StarterContent/Maps/Minimal_Default_BuiltData'
[2018.02.26-15.13.59:972][  0]LogLinker: Warning: Can't find file for asset '/Game/StarterContent/Maps/Minimal_Default_BuiltData' while loading M:/GitHub/Gameplay-Mechanics/PropNavigationGame/Content/StarterContent/Maps/Minimal_Default.umap.
[2018.02.26-15.13.59:972][  0]LoadErrors: Error: /Game/StarterContent/Maps/Minimal_Default : Can't find file for asset. /Game/StarterContent/Maps/Minimal_Default_BuiltData
[2018.02.26-15.14.00:004][  0]LogLinker: Warning: Can't find file '/Game/StarterContent/Maps/Minimal_Default_BuiltData'
[2018.02.26-15.14.00:004][  0]LogLinker: Warning: Can't find file for asset '/Game/StarterContent/Maps/Minimal_Default_BuiltData' while loading NULL.
[2018.02.26-15.14.00:005][  0]LogLinker: Warning: Can't find file '/Game/StarterContent/Maps/Minimal_Default_BuiltData'
[2018.02.26-15.14.00:005][  0]LogLinker: Warning: Can't find file for asset '/Game/StarterContent/Maps/Minimal_Default_BuiltData' while loading NULL.
[2018.02.26-15.14.00:011][  0]LogLinker: Warning: Can't find file '/Game/StarterContent/Maps/Minimal_Default_BuiltData'
[2018.02.26-15.14.00:011][  0]LoadErrors: Failed to load /Game/StarterContent/Maps/Minimal_Default_BuiltData.Minimal_Default_BuiltData Referenced by PersistentLevel
[2018.02.26-15.14.00:012][  0]LogLinker: Warning: Can't find file for asset '/Game/StarterContent/Maps/Minimal_Default_BuiltData' while loading NULL.
[2018.02.26-15.14.00:012][  0]LoadErrors: Failed to load /Game/StarterContent/Maps/Minimal_Default_BuiltData.Minimal_Default_BuiltData Referenced by PersistentLevel
[2018.02.26-15.14.00:050][  0]LogMaterial: Missing cached shader map for material Base, compiling. 
[2018.02.26-15.14.00:216][  0]LogStaticMesh: Building static mesh Floor_400x400...
[2018.02.26-15.14.00:217][  0]LogStaticMesh: Built static mesh [0.00s] /Game/StarterContent/Architecture/Floor_400x400.Floor_400x400
[2018.02.26-15.14.00:253][  0]LogMaterial: Missing cached shader map for material Black, compiling. 
[2018.02.26-15.14.00:308][  0]LogAIModule: Creating AISystem for world Minimal_Default
[2018.02.26-15.14.00:319][  0]LogEditorServer: Finished looking for orphan Actors (0.000 secs)
[2018.02.26-15.14.00:333][  0]Cmd: MAP CHECKDEP NOCLEARLOG
[2018.02.26-15.14.00:420][  0]MapCheck: Map check complete: 0 Error(s), 0 Warning(s), took 87.232ms to complete.
[2018.02.26-15.14.00:420][  0]LogFileHelpers: Loading map 'Minimal_Default' took 0.785
[2018.02.26-15.14.00:560][  0]LogStats: Warning: MetaData mismatch. Did you assign a stat to two groups? New //STATGROUP_Threads//SplashScreenThread///Thread_1b88_0///####STATCAT_Advanced#### old //STATGROUP_Threads//SplashScreenThread///Thread_1468_0///####STATCAT_Advanced####
[2018.02.26-15.14.00:560][  0]LogCollectionManager: Loaded 0 collections in 0.001604 seconds
[2018.02.26-15.14.00:712][  0]LogFileCache: Scanning file cache for directory 'M:/GitHub/Gameplay-Mechanics/PropNavigationGame/Saved/Collections/' took 0.01s
[2018.02.26-15.14.00:712][  0]LogFileCache: Scanning file cache for directory 'M:/GitHub/Gameplay-Mechanics/PropNavigationGame/Content/Developers/1503395/Collections/' took 0.01s
[2018.02.26-15.14.00:712][  0]LogFileCache: Scanning file cache for directory 'M:/GitHub/Gameplay-Mechanics/PropNavigationGame/Content/Collections/' took 0.01s
[2018.02.26-15.14.00:712][  0]LogCollectionManager: Rebuilt the GUID cache for 0 collections in 0.000001 seconds
[2018.02.26-15.14.00:731][  0]LogContentBrowser: Native class hierarchy populated in 0.0187 seconds. Added 2387 classes and 502 folders.
[2018.02.26-15.14.00:920][  0]LogContentBrowser: Native class hierarchy updated for 'WidgetCarousel' in 0.0047 seconds. Added 0 classes and 0 folders.
[2018.02.26-15.14.01:225][  0]LogContentBrowser: Native class hierarchy updated for 'AddContentDialog' in 0.0043 seconds. Added 0 classes and 0 folders.
[2018.02.26-15.14.01:337][  0]LogContentBrowser: Native class hierarchy updated for 'SceneOutliner' in 0.0043 seconds. Added 1 classes and 2 folders.
[2018.02.26-15.14.01:373][  0]LogSlate: Took 0.000313 seconds to synchronously load lazily loaded font '../../../Engine/Content/Slate/Fonts/Roboto-Bold.ttf' (160K)
[2018.02.26-15.14.01:384][  0]LogSlate: Took 0.005108 seconds to synchronously load lazily loaded font '../../../Engine/Content/Editor/Slate/Fonts/FontAwesome.ttf' (139K)
[2018.02.26-15.14.01:593][  0]LogRenderer: Reallocating scene render targets to support 1208x576 Format 10 NumSamples 1 (Frame:1).
[2018.02.26-15.14.02:152][  0]LogContentBrowser: Native class hierarchy updated for 'HierarchicalLODOutliner' in 0.0252 seconds. Added 1 classes and 2 folders.
[2018.02.26-15.14.02:152][  0]LogLoad: (Engine Initialization) Total time: 65.13 seconds
[2018.02.26-15.14.02:152][  0]LogLoad: (Engine Initialization) Total Blueprint compile time: 0.00 seconds
[2018.02.26-15.14.02:153][  0]LogExternalProfiler: Found external profiler: VSPerf
[2018.02.26-15.14.02:153][  0]LogExternalProfiler: Using external profiler: VSPerf
[2018.02.26-15.14.02:509][  0]LogDirectoryWatcher: A directory notification failed for 'M:/GitHub/Gameplay-Mechanics/PropNavigationGame/Content/' because it was empty or there was a buffer overflow. Attemping another request...
[2018.02.26-15.14.02:511][  0]LogDirectoryWatcher: A directory notification failed for 'M:/GitHub/Gameplay-Mechanics/PropNavigationGame/Content/', and we were unable to create a new request.
[2018.02.26-15.14.02:511][  0]LogDirectoryWatcher: A directory notification failed for 'M:/GitHub/Gameplay-Mechanics/PropNavigationGame/Binaries/Win64' because it was empty or there was a buffer overflow. Attemping another request...
[2018.02.26-15.14.02:511][  0]LogDirectoryWatcher: A directory notification failed for 'M:/GitHub/Gameplay-Mechanics/PropNavigationGame/Saved/Collections/' because it was empty or there was a buffer overflow. Attemping another request...
[2018.02.26-15.14.02:511][  0]LogDirectoryWatcher: A directory notification failed for 'M:/GitHub/Gameplay-Mechanics/PropNavigationGame/Content/Developers/1503395/Collections/' because it was empty or there was a buffer overflow. Attemping another request...
[2018.02.26-15.14.02:511][  0]LogDirectoryWatcher: A directory notification failed for 'M:/GitHub/Gameplay-Mechanics/PropNavigationGame/Content/Collections/' because it was empty or there was a buffer overflow. Attemping another request...
[2018.02.26-15.14.02:513][  0]LogContentStreaming: Texture pool size now 1000 MB
[2018.02.26-15.14.02:563][  0]LogSlate: Took 0.004658 seconds to synchronously load lazily loaded font '../../../Engine/Content/Slate/Fonts/Roboto-Light.ttf' (159K)
[2018.02.26-15.14.02:834][  1]LogAssetRegistry: Asset discovery search completed in 36.9883 seconds
[2018.02.26-15.14.02:837][  1]LogCollectionManager: Rebuilt the object cache for 0 collections in 0.000001 seconds (found 0 objects)
[2018.02.26-15.14.02:837][  1]LogCollectionManager: Fixed up redirectors for 0 collections in 0.000050 seconds (updated 0 objects)
[2018.02.26-15.14.03:170][  2]LogDirectoryWatcher: A directory notification failed for 'M:/GitHub/Gameplay-Mechanics/PropNavigationGame/Binaries/Win64' because it was empty or there was a buffer overflow. Attemping another request...
[2018.02.26-15.14.03:171][  2]LogDirectoryWatcher: A directory notification failed for 'M:/GitHub/Gameplay-Mechanics/PropNavigationGame/Binaries/Win64', and we were unable to create a new request.
[2018.02.26-15.14.03:171][  2]LogDirectoryWatcher: A directory notification failed for 'M:/GitHub/Gameplay-Mechanics/PropNavigationGame/Saved/Collections/' because it was empty or there was a buffer overflow. Attemping another request...
[2018.02.26-15.14.03:171][  2]LogDirectoryWatcher: A directory notification failed for 'M:/GitHub/Gameplay-Mechanics/PropNavigationGame/Saved/Collections/', and we were unable to create a new request.
[2018.02.26-15.14.03:171][  2]LogDirectoryWatcher: A directory notification failed for 'M:/GitHub/Gameplay-Mechanics/PropNavigationGame/Content/Collections/' because it was empty or there was a buffer overflow. Attemping another request...
[2018.02.26-15.14.03:172][  2]LogDirectoryWatcher: A directory notification failed for 'M:/GitHub/Gameplay-Mechanics/PropNavigationGame/Content/Collections/', and we were unable to create a new request.
[2018.02.26-15.14.03:172][  2]LogDirectoryWatcher: A directory notification failed for 'M:/GitHub/Gameplay-Mechanics/PropNavigationGame/Content/Developers/1503395/Collections/' because it was empty or there was a buffer overflow. Attemping another request...
[2018.02.26-15.14.03:172][  2]LogDirectoryWatcher: A directory notification failed for 'M:/GitHub/Gameplay-Mechanics/PropNavigationGame/Content/Developers/1503395/Collections/', and we were unable to create a new request.
[2018.02.26-15.14.08:363][486]LogEditorViewport: Clicking on Actor (LMB): PlayerShip (PlayerShip7)
[2018.02.26-15.14.15:428][274]LogSlate: Took 0.000148 seconds to synchronously load lazily loaded font '../../../Engine/Content/Slate/Fonts/Roboto-Light.ttf' (159K)
[2018.02.26-15.14.15:535][274]LogContentBrowser: Native class hierarchy updated for 'SkeletonEditor' in 0.0069 seconds. Added 1 classes and 2 folders.
[2018.02.26-15.14.15:697][274]LogActorComponent: RegisterComponentWithWorld: (/Engine/Transient.World_2:PersistentLevel.Actor_0.DebugSkelMeshComponent_0) Already registered. Aborting.
[2018.02.26-15.14.15:747][274]LogSkeletalMesh: USkeletalMeshComponent::InitArticulated : Bodies already created (/Engine/Transient.World_2:PersistentLevel.Actor_0.DebugSkelMeshComponent_0) - call TermArticulated first.
[2018.02.26-15.14.16:032][274]LogContentBrowser: Native class hierarchy updated for 'ClothingSystemEditorInterface' in 0.0061 seconds. Added 1 classes and 0 folders.
[2018.02.26-15.14.55:965][786]Cmd: MODE GRID=0
[2018.02.26-15.15.55:168][996]Cmd: OBJ SAVEPACKAGE PACKAGE="/Game/StarterContent/SpaceShip_Skeleton" FILE="M:/GitHub/Gameplay-Mechanics/PropNavigationGame/Content/StarterContent/SpaceShip_Skeleton.uasset" SILENT=true
[2018.02.26-15.15.55:244][996]LogSavePackage: Save=22.58ms
[2018.02.26-15.15.55:244][996]LogSavePackage: Moving 'M:/GitHub/Gameplay-Mechanics/PropNavigationGame/Saved/SpaceShip_SkeletonB39E1B4C478ACBA8381BF281911F20EA.tmp' to 'M:/GitHub/Gameplay-Mechanics/PropNavigationGame/Content/StarterContent/SpaceShip_Skeleton.uasset'
[2018.02.26-15.15.55:267][996]LogSavePackage: Display: Finished SavePackage M:/GitHub/Gameplay-Mechanics/PropNavigationGame/Content/StarterContent/SpaceShip_Skeleton.uasset
[2018.02.26-15.16.03:951][871]LogActorComponent: RegisterComponentWithWorld: (/Engine/Transient.World_3:PersistentLevel.Actor_1.DebugSkelMeshComponent_1) Already registered. Aborting.
[2018.02.26-15.16.03:989][871]LogSkeletalMesh: USkeletalMeshComponent::InitArticulated : Bodies already created (/Engine/Transient.World_3:PersistentLevel.Actor_1.DebugSkelMeshComponent_1) - call TermArticulated first.
[2018.02.26-15.16.04:181][871]LogSlate: Took 0.003273 seconds to synchronously load lazily loaded font '../../../Engine/Content/Editor/Slate/Fonts/Roboto-Italic.ttf' (157K)
[2018.02.26-15.16.18:112][172]Cmd: OBJ SAVEPACKAGE PACKAGE="/Game/StarterContent/SpaceShip" FILE="M:/GitHub/Gameplay-Mechanics/PropNavigationGame/Content/StarterContent/SpaceShip.uasset" SILENT=true
[2018.02.26-15.16.18:225][172]LogSavePackage: Save=61.89ms
[2018.02.26-15.16.18:225][172]LogSavePackage: Moving 'M:/GitHub/Gameplay-Mechanics/PropNavigationGame/Saved/SpaceShipF14C13F4442A3501492555A260AE3AA8.tmp' to 'M:/GitHub/Gameplay-Mechanics/PropNavigationGame/Content/StarterContent/SpaceShip.uasset'
[2018.02.26-15.16.18:236][172]LogSavePackage: Display: Finished SavePackage M:/GitHub/Gameplay-Mechanics/PropNavigationGame/Content/StarterContent/SpaceShip.uasset
[2018.02.26-15.16.21:536][454]LogSavePackage: Save=512.73ms
[2018.02.26-15.16.21:537][454]LogSavePackage: Moving 'M:/GitHub/Gameplay-Mechanics/PropNavigationGame/Saved/Minimal_DefaultC54608274107959EF7A8B2980672EC43.tmp' to 'M:/GitHub/Gameplay-Mechanics/PropNavigationGame/Content/StarterContent/Maps/Minimal_Default.umap'
[2018.02.26-15.16.21:555][454]LogSavePackage: Display: Finished SavePackage M:/GitHub/Gameplay-Mechanics/PropNavigationGame/Content/StarterContent/Maps/Minimal_Default.umap
[2018.02.26-15.16.32:035][675]LogSlate: Took 0.014041 seconds to synchronously load lazily loaded font '../../../Engine/Content/Editor/Slate/Fonts/Roboto-BoldCondensed.ttf' (158K)
[2018.02.26-15.16.43:498][ 24]Running C:/Program Files (x86)/Epic Games/UE_4.17/Engine/Binaries/DotNET/UnrealBuildTool.exe  -projectfiles -project="M:/GitHub/Gameplay-Mechanics/PropNavigationGame/PropNavigationGame.uproject" -game -rocket -progress
[2018.02.26-15.16.43:700][ 24]Discovering modules, targets and source code for project...
[2018.02.26-15.16.46:000][ 24]LogSlate: Took 0.000168 seconds to synchronously load lazily loaded font '../../../Engine/Content/Slate/Fonts/Roboto-Regular.ttf' (155K)
[2018.02.26-15.16.48:733][ 24]LogVSAccessor: Warning: Couldn't access Visual Studio
[2018.02.26-15.16.48:743][ 24]Candidate modules for hot reload:
[2018.02.26-15.16.48:743][ 24]  PropNavigationGame
[2018.02.26-15.16.48:745][ 24]Launching UnrealBuildTool... [C:/Program Files (x86)/Epic Games/UE_4.17/Engine/Binaries/DotNET/UnrealBuildTool.exe PropNavigationGame -ModuleWithSuffix PropNavigationGame 9053 Win64 Development -editorrecompile -canskiplink "M:/GitHub/Gameplay-Mechanics/PropNavigationGame/PropNavigationGame.uproject" ]
[2018.02.26-15.17.05:435][ 24]CompilerResultsLog: New page: Compilation - 26 Feb 2018 15:17:05
[2018.02.26-15.17.05:435][ 24]CompilerResultsLog: Performing full C++ include scan (hot reloading a new target)
[2018.02.26-15.17.05:435][ 24]CompilerResultsLog: Compiling game modules for hot reload
[2018.02.26-15.17.05:435][ 24]CompilerResultsLog: Parsing headers for PropNavigationGameEditor
[2018.02.26-15.17.05:436][ 24]CompilerResultsLog:   Running UnrealHeaderTool "M:\GitHub\Gameplay-Mechanics\PropNavigationGame\PropNavigationGame.uproject" "M:\GitHub\Gameplay-Mechanics\PropNavigationGame\Intermediate\Build\Win64\PropNavigationGameEditor\Development\PropNavigationGameEditor.uhtmanifest" -LogCmds="loginit warning, logexit warning, logdatabase error" -Unattended -WarningsAsErrors -installed
[2018.02.26-15.17.05:436][ 24]CompilerResultsLog: Reflection code generated for PropNavigationGameEditor in 6.9977982 seconds
[2018.02.26-15.17.05:436][ 24]CompilerResultsLog: Performing 5 actions (4 in parallel)
[2018.02.26-15.17.05:436][ 24]CompilerResultsLog: PropNavigationGame.init.gen.cpp
[2018.02.26-15.17.05:436][ 24]CompilerResultsLog: FiringComponent.gen.cpp
[2018.02.26-15.17.05:436][ 24]CompilerResultsLog: FiringComponent.cpp
[2018.02.26-15.17.05:436][ 24]CompilerResultsLog: [4/5] Link UE4Editor-PropNavigationGame-9053.dll
[2018.02.26-15.17.05:436][ 24]CompilerResultsLog: [5/5] Link UE4Editor-PropNavigationGame-9053.lib
[2018.02.26-15.17.05:436][ 24]CompilerResultsLog:    Creating library M:\GitHub\Gameplay-Mechanics\PropNavigationGame\Intermediate\Build\Win64\UE4Editor\Development\UE4Editor-PropNavigationGame-9053.lib and object M:\GitHub\Gameplay-Mechanics\PropNavigationGame\Intermediate\Build\Win64\UE4Editor\Development\UE4Editor-PropNavigationGame-9053.exp
[2018.02.26-15.17.05:436][ 24]CompilerResultsLog:    Creating library M:\GitHub\Gameplay-Mechanics\PropNavigationGame\Intermediate\Build\Win64\UE4Editor\Development\UE4Editor-PropNavigationGame-9053.suppressed.lib and object M:\GitHub\Gameplay-Mechanics\PropNavigationGame\Intermediate\Build\Win64\UE4Editor\Development\UE4Editor-PropNavigationGame-9053.suppressed.exp
[2018.02.26-15.17.05:436][ 24]CompilerResultsLog: Total build time: 16.46 seconds (Local executor: 2.95 seconds)
[2018.02.26-15.17.05:436][ 24]LogMainFrame: MainFrame: Module compiling took 16.703 seconds
[2018.02.26-15.17.05:667][ 24]LogClass: Could not find existing class FiringComponent in package /Script/PropNavigationGame for HotReload, assuming new class
[2018.02.26-15.17.05:676][ 24]LogContentBrowser: Native class hierarchy updated for 'PropNavigationGame' in 0.0069 seconds. Added 2 classes and 2 folders.
[2018.02.26-15.17.05:677][ 24]Display: HotReload successful (0 functions remapped  0 scriptstructs remapped)
[2018.02.26-15.17.05:764][ 24]LogContentBrowser: Native class hierarchy populated in 0.0120 seconds. Added 2391 classes and 508 folders.
[2018.02.26-15.17.05:771][ 24]Display: HotReload took 17.0s.
[2018.02.26-15.17.05:773][ 24]Warning: HotReload operation took 17.0s.
[2018.02.26-15.17.07:192][ 28]LogVSAccessor: Warning: Visual Studio is open but could not be queried - it may be blocked by a modal operation
[2018.02.26-15.17.07:211][ 29]LogVSAccessor: Warning: Visual Studio is open but could not be queried - it may be blocked by a modal operation
[2018.02.26-15.17.07:546][ 30]LogVSAccessor: Warning: Visual Studio is open but could not be queried - it may be blocked by a modal operation
[2018.02.26-15.17.07:880][ 31]LogVSAccessor: Warning: Visual Studio is open but could not be queried - it may be blocked by a modal operation
[2018.02.26-15.17.08:213][ 32]LogVSAccessor: Warning: Visual Studio is open but could not be queried - it may be blocked by a modal operation
[2018.02.26-15.17.08:544][ 33]LogVSAccessor: Warning: Visual Studio is open but could not be queried - it may be blocked by a modal operation
[2018.02.26-15.17.08:877][ 34]LogVSAccessor: Warning: Visual Studio is open but could not be queried - it may be blocked by a modal operation
[2018.02.26-15.17.09:210][ 35]LogVSAccessor: Warning: Visual Studio is open but could not be queried - it may be blocked by a modal operation
[2018.02.26-15.17.09:544][ 36]LogVSAccessor: Warning: Visual Studio is open but could not be queried - it may be blocked by a modal operation
[2018.02.26-15.17.09:878][ 37]LogVSAccessor: Warning: Visual Studio is open but could not be queried - it may be blocked by a modal operation
[2018.02.26-15.17.13:518][ 38]LogVSAccessor: Warning: Couldn't goto line number '0' in 'M:/GitHub/Gameplay-Mechanics/PropNavigationGame/Source/PropNavigationGame/FiringComponent.h'
[2018.02.26-15.17.13:759][ 38]LogVSAccessor: Warning: Couldn't goto line number '0' in 'M:/GitHub/Gameplay-Mechanics/PropNavigationGame/Source/PropNavigationGame/FiringComponent.cpp'
[2018.02.26-15.20.08:589][347]LogSavePackage: Save=924.18ms
[2018.02.26-15.20.08:589][347]LogSavePackage: Moving 'M:/GitHub/Gameplay-Mechanics/PropNavigationGame/Saved/Minimal_Default6FC4B9604DDAD8A4A3BE7EB4A8D43D9C.tmp' to 'M:/GitHub/Gameplay-Mechanics/PropNavigationGame/Content/StarterContent/Maps/Minimal_Default.umap'
[2018.02.26-15.20.08:607][347]LogSavePackage: Display: Finished SavePackage M:/GitHub/Gameplay-Mechanics/PropNavigationGame/Content/StarterContent/Maps/Minimal_Default.umap
[2018.02.26-15.21.21:175][111]Candidate modules for hot reload:
[2018.02.26-15.21.21:175][111]  PropNavigationGame
[2018.02.26-15.21.21:176][111]Launching UnrealBuildTool... [C:/Program Files (x86)/Epic Games/UE_4.17/Engine/Binaries/DotNET/UnrealBuildTool.exe PropNavigationGame -ModuleWithSuffix PropNavigationGame 5928 Win64 Development -editorrecompile -canskiplink "M:/GitHub/Gameplay-Mechanics/PropNavigationGame/PropNavigationGame.uproject" ]
[2018.02.26-15.21.21:177][111]Warning: Starting HotReload took  0.0s.
[2018.02.26-15.21.41:527][405]CompilerResultsLog: New page: Compilation - 26 Feb 2018 15:21:41
[2018.02.26-15.21.41:527][405]CompilerResultsLog: Compiling game modules for hot reload
[2018.02.26-15.21.41:527][405]CompilerResultsLog: Parsing headers for PropNavigationGameEditor
[2018.02.26-15.21.41:527][405]CompilerResultsLog:   Running UnrealHeaderTool "M:\GitHub\Gameplay-Mechanics\PropNavigationGame\PropNavigationGame.uproject" "M:\GitHub\Gameplay-Mechanics\PropNavigationGame\Intermediate\Build\Win64\PropNavigationGameEditor\Development\PropNavigationGameEditor.uhtmanifest" -LogCmds="loginit warning, logexit warning, logdatabase error" -Unattended -WarningsAsErrors -installed
[2018.02.26-15.21.41:527][405]CompilerResultsLog: Reflection code generated for PropNavigationGameEditor in 9.7717892 seconds
[2018.02.26-15.21.41:527][405]CompilerResultsLog: Performing 4 actions (4 in parallel)
[2018.02.26-15.21.41:527][405]CompilerResultsLog: FiringComponent.cpp
[2018.02.26-15.21.41:527][405]CompilerResultsLog: FiringComponent.gen.cpp
[2018.02.26-15.21.41:527][405]CompilerResultsLog: [3/4] Link UE4Editor-PropNavigationGame-5928.dll
[2018.02.26-15.21.41:527][405]CompilerResultsLog: [4/4] Link UE4Editor-PropNavigationGame-5928.lib
[2018.02.26-15.21.41:527][405]CompilerResultsLog:    Creating library M:\GitHub\Gameplay-Mechanics\PropNavigationGame\Intermediate\Build\Win64\UE4Editor\Development\UE4Editor-PropNavigationGame-5928.lib and object M:\GitHub\Gameplay-Mechanics\PropNavigationGame\Intermediate\Build\Win64\UE4Editor\Development\UE4Editor-PropNavigationGame-5928.exp
[2018.02.26-15.21.41:527][405]CompilerResultsLog:    Creating library M:\GitHub\Gameplay-Mechanics\PropNavigationGame\Intermediate\Build\Win64\UE4Editor\Development\UE4Editor-PropNavigationGame-5928.suppressed.lib and object M:\GitHub\Gameplay-Mechanics\PropNavigationGame\Intermediate\Build\Win64\UE4Editor\Development\UE4Editor-PropNavigationGame-5928.suppressed.exp
[2018.02.26-15.21.41:527][405]CompilerResultsLog: Total build time: 20.08 seconds (Local executor: 3.20 seconds)
[2018.02.26-15.21.41:527][405]LogMainFrame: MainFrame: Module compiling took 20.356 seconds
[2018.02.26-15.21.41:757][405]LogContentBrowser: Native class hierarchy updated for 'PropNavigationGame' in 0.0064 seconds. Added 2 classes and 2 folders.
[2018.02.26-15.21.41:758][405]Display: HotReload successful (0 functions remapped  0 scriptstructs remapped)
[2018.02.26-15.21.41:788][405]LogContentBrowser: Native class hierarchy populated in 0.0118 seconds. Added 2391 classes and 508 folders.
[2018.02.26-15.21.41:788][405]Display: HotReload took 20.6s.
[2018.02.26-15.22.22:581][924]LogSavePackage: Save=437.84ms
[2018.02.26-15.22.22:581][924]LogSavePackage: Moving 'M:/GitHub/Gameplay-Mechanics/PropNavigationGame/Saved/Minimal_Default9964E13F47E11EF5557F5BBE72728D64.tmp' to 'M:/GitHub/Gameplay-Mechanics/PropNavigationGame/Content/StarterContent/Maps/Minimal_Default.umap'
[2018.02.26-15.22.22:596][924]LogSavePackage: Display: Finished SavePackage M:/GitHub/Gameplay-Mechanics/PropNavigationGame/Content/StarterContent/Maps/Minimal_Default.umap
[2018.02.26-15.22.25:804][270]Candidate modules for hot reload:
[2018.02.26-15.22.25:804][270]  PropNavigationGame
[2018.02.26-15.22.25:805][270]Launching UnrealBuildTool... [C:/Program Files (x86)/Epic Games/UE_4.17/Engine/Binaries/DotNET/UnrealBuildTool.exe PropNavigationGame -ModuleWithSuffix PropNavigationGame 2366 Win64 Development -editorrecompile -canskiplink "M:/GitHub/Gameplay-Mechanics/PropNavigationGame/PropNavigationGame.uproject" ]
[2018.02.26-15.22.25:806][270]Warning: Starting HotReload took  0.0s.
[2018.02.26-15.22.46:332][573]CompilerResultsLog: New page: Compilation - 26 Feb 2018 15:22:46
[2018.02.26-15.22.46:332][573]CompilerResultsLog: Compiling game modules for hot reload
[2018.02.26-15.22.46:332][573]CompilerResultsLog: Parsing headers for PropNavigationGameEditor
[2018.02.26-15.22.46:332][573]CompilerResultsLog:   Running UnrealHeaderTool "M:\GitHub\Gameplay-Mechanics\PropNavigationGame\PropNavigationGame.uproject" "M:\GitHub\Gameplay-Mechanics\PropNavigationGame\Intermediate\Build\Win64\PropNavigationGameEditor\Development\PropNavigationGameEditor.uhtmanifest" -LogCmds="loginit warning, logexit warning, logdatabase error" -Unattended -WarningsAsErrors -installed
[2018.02.26-15.22.46:332][573]CompilerResultsLog: Reflection code generated for PropNavigationGameEditor in 9.9392438 seconds
[2018.02.26-15.22.46:332][573]CompilerResultsLog: Performing 4 actions (4 in parallel)
[2018.02.26-15.22.46:332][573]CompilerResultsLog: FiringComponent.cpp
[2018.02.26-15.22.46:332][573]CompilerResultsLog: FiringComponent.gen.cpp
[2018.02.26-15.22.46:332][573]CompilerResultsLog: [3/4] Link UE4Editor-PropNavigationGame-2366.dll
[2018.02.26-15.22.46:332][573]CompilerResultsLog: [4/4] Link UE4Editor-PropNavigationGame-2366.lib
[2018.02.26-15.22.46:332][573]CompilerResultsLog:    Creating library M:\GitHub\Gameplay-Mechanics\PropNavigationGame\Intermediate\Build\Win64\UE4Editor\Development\UE4Editor-PropNavigationGame-2366.lib and object M:\GitHub\Gameplay-Mechanics\PropNavigationGame\Intermediate\Build\Win64\UE4Editor\Development\UE4Editor-PropNavigationGame-2366.exp
[2018.02.26-15.22.46:332][573]CompilerResultsLog:    Creating library M:\GitHub\Gameplay-Mechanics\PropNavigationGame\Intermediate\Build\Win64\UE4Editor\Development\UE4Editor-PropNavigationGame-2366.suppressed.lib and object M:\GitHub\Gameplay-Mechanics\PropNavigationGame\Intermediate\Build\Win64\UE4Editor\Development\UE4Editor-PropNavigationGame-2366.suppressed.exp
[2018.02.26-15.22.46:332][573]CompilerResultsLog: Total build time: 20.30 seconds (Local executor: 3.27 seconds)
[2018.02.26-15.22.46:332][573]LogMainFrame: MainFrame: Module compiling took 20.531 seconds
[2018.02.26-15.22.46:521][573]LogClass: Could not find existing class FiringComponent in package /Script/PropNavigationGame for HotReload, assuming new class
[2018.02.26-15.22.46:523][573]LogHotReload: Re-instancing FiringComponent after hot-reload.
[2018.02.26-15.22.46:564][573]LogContentBrowser: Native class hierarchy updated for 'PropNavigationGame' in 0.0078 seconds. Added 2 classes and 2 folders.
[2018.02.26-15.22.46:565][573]Display: HotReload successful (0 functions remapped  0 scriptstructs remapped)
[2018.02.26-15.22.46:595][573]LogContentBrowser: Native class hierarchy populated in 0.0116 seconds. Added 2391 classes and 508 folders.
[2018.02.26-15.22.46:595][573]Display: HotReload took 20.8s.
[2018.02.26-15.23.05:787][ 13]Candidate modules for hot reload:
[2018.02.26-15.23.05:787][ 13]  PropNavigationGame
[2018.02.26-15.23.05:788][ 13]Launching UnrealBuildTool... [C:/Program Files (x86)/Epic Games/UE_4.17/Engine/Binaries/DotNET/UnrealBuildTool.exe PropNavigationGame -ModuleWithSuffix PropNavigationGame 6827 Win64 Development -editorrecompile -canskiplink "M:/GitHub/Gameplay-Mechanics/PropNavigationGame/PropNavigationGame.uproject" ]
[2018.02.26-15.23.05:790][ 13]Warning: Starting HotReload took  0.0s.
[2018.02.26-15.23.26:257][317]CompilerResultsLog: New page: Compilation - 26 Feb 2018 15:23:26
[2018.02.26-15.23.26:257][317]CompilerResultsLog: Compiling game modules for hot reload
[2018.02.26-15.23.26:257][317]CompilerResultsLog: Parsing headers for PropNavigationGameEditor
[2018.02.26-15.23.26:257][317]CompilerResultsLog:   Running UnrealHeaderTool "M:\GitHub\Gameplay-Mechanics\PropNavigationGame\PropNavigationGame.uproject" "M:\GitHub\Gameplay-Mechanics\PropNavigationGame\Intermediate\Build\Win64\PropNavigationGameEditor\Development\PropNavigationGameEditor.uhtmanifest" -LogCmds="loginit warning, logexit warning, logdatabase error" -Unattended -WarningsAsErrors -installed
[2018.02.26-15.23.26:257][317]CompilerResultsLog: Reflection code generated for PropNavigationGameEditor in 9.7815899 seconds
[2018.02.26-15.23.26:257][317]CompilerResultsLog: Performing 3 actions (4 in parallel)
[2018.02.26-15.23.26:257][317]CompilerResultsLog: FiringComponent.cpp
[2018.02.26-15.23.26:257][317]CompilerResultsLog: [2/3] Link UE4Editor-PropNavigationGame-6827.dll
[2018.02.26-15.23.26:257][317]CompilerResultsLog: [3/3] Link UE4Editor-PropNavigationGame-6827.lib
[2018.02.26-15.23.26:257][317]CompilerResultsLog:    Creating library M:\GitHub\Gameplay-Mechanics\PropNavigationGame\Intermediate\Build\Win64\UE4Editor\Development\UE4Editor-PropNavigationGame-6827.lib and object M:\GitHub\Gameplay-Mechanics\PropNavigationGame\Intermediate\Build\Win64\UE4Editor\Development\UE4Editor-PropNavigationGame-6827.exp
[2018.02.26-15.23.26:257][317]CompilerResultsLog:    Creating library M:\GitHub\Gameplay-Mechanics\PropNavigationGame\Intermediate\Build\Win64\UE4Editor\Development\UE4Editor-PropNavigationGame-6827.suppressed.lib and object M:\GitHub\Gameplay-Mechanics\PropNavigationGame\Intermediate\Build\Win64\UE4Editor\Development\UE4Editor-PropNavigationGame-6827.suppressed.exp
[2018.02.26-15.23.26:257][317]CompilerResultsLog: Total build time: 20.24 seconds (Local executor: 3.45 seconds)
[2018.02.26-15.23.26:257][317]LogMainFrame: MainFrame: Module compiling took 20.475 seconds
[2018.02.26-15.23.28:261][317]LogWindows: Error: === Critical error: ===
[2018.02.26-15.23.28:261][317]LogWindows: Error: 
[2018.02.26-15.23.28:261][317]LogWindows: Error: Unhandled Exception: EXCEPTION_ACCESS_VIOLATION reading address 0x00000340
[2018.02.26-15.23.28:261][317]LogWindows: Error: 
[2018.02.26-15.23.28:261][317]LogWindows: Error: UE4Editor-PropNavigationGame-6827.dll!AActor::GetComponents<USkeletalMeshComponent,FDefaultAllocator>() [c:\program files (x86)\epic games\ue_4.17\engine\source\runtime\engine\classes\gameframework\actor.h:2734]
[2018.02.26-15.23.28:261][317]LogWindows: Error: UE4Editor-PropNavigationGame-6827.dll!UFiringComponent::UFiringComponent() [m:\github\gameplay-mechanics\propnavigationgame\source\propnavigationgame\firingcomponent.cpp:16]
[2018.02.26-15.23.28:261][317]LogWindows: Error: UE4Editor-HotReload.dll!0x00000000CA61946E
[2018.02.26-15.23.28:261][317]LogWindows: Error: UE4Editor-HotReload.dll!0x00000000CA619EFE
[2018.02.26-15.23.28:261][317]LogWindows: Error: UE4Editor-HotReload.dll!0x00000000CA606FBA
[2018.02.26-15.23.28:261][317]LogWindows: Error: UE4Editor-HotReload.dll!0x00000000CA611502
[2018.02.26-15.23.28:261][317]LogWindows: Error: UE4Editor-HotReload.dll!0x00000000CA61B94B
[2018.02.26-15.23.28:261][317]LogWindows: Error: UE4Editor-HotReload.dll!0x00000000CA61BD45
[2018.02.26-15.23.28:261][317]LogWindows: Error: UE4Editor-HotReload.dll!0x00000000CA6144C6
[2018.02.26-15.23.28:261][317]LogWindows: Error: UE4Editor-CoreUObject.dll!0x00000000E20731F5
[2018.02.26-15.23.28:261][317]LogWindows: Error: UE4Editor-CoreUObject.dll!0x00000000E23620B8
[2018.02.26-15.23.28:262][317]LogWindows: Error: UE4Editor-CoreUObject.dll!0x00000000E2346C7A
[2018.02.26-15.23.28:262][317]LogWindows: Error: UE4Editor-CoreUObject.dll!0x00000000E20FC157
[2018.02.26-15.23.28:262][317]LogWindows: Error: UE4Editor-Core.dll!0x00000000DFC28210
[2018.02.26-15.23.28:262][317]LogWindows: Error: UE4Editor-Core.dll!0x00000000DFE768C0
[2018.02.26-15.23.28:262][317]LogWindows: Error: UE4Editor-Core.dll!0x00000000DFE75BD3
[2018.02.26-15.23.28:262][317]LogWindows: Error: UE4Editor-HotReload.dll!0x00000000CA61275E
[2018.02.26-15.23.28:262][317]LogWindows: Error: UE4Editor-HotReload.dll!0x00000000CA60FD54
[2018.02.26-15.23.28:262][317]LogWindows: Error: UE4Editor-HotReload.dll!0x00000000CA610720
[2018.02.26-15.23.28:262][317]LogWindows: Error: UE4Editor-HotReload.dll!0x00000000CA622C1B
[2018.02.26-15.23.28:262][317]LogWindows: Error: UE4Editor-UnrealEd.dll!0x00000000DA01AE4E
[2018.02.26-15.23.28:262][317]LogWindows: Error: UE4Editor-UnrealEd.dll!0x00000000DA8AB0E6
[2018.02.26-15.23.28:262][317]LogWindows: Error: UE4Editor.exe!0x000000003F3B534A
[2018.02.26-15.23.28:262][317]LogWindows: Error: UE4Editor.exe!0x000000003F3C3970
[2018.02.26-15.23.28:262][317]LogWindows: Error: UE4Editor.exe!0x000000003F3C39EA
[2018.02.26-15.23.28:262][317]LogWindows: Error: UE4Editor.exe!0x000000003F3D02D9
[2018.02.26-15.23.28:262][317]LogWindows: Error: UE4Editor.exe!0x000000003F3D1C47
[2018.02.26-15.23.28:262][317]LogWindows: Error: kernel32.dll!0x00000000775C59CD
[2018.02.26-15.23.28:262][317]LogWindows: Error: ntdll.dll!0x000000007782383D
[2018.02.26-15.23.28:262][317]LogWindows: Error: ntdll.dll!0x000000007782383D
[2018.02.26-15.23.28:262][317]LogWindows: Error: 
[2018.02.26-15.23.28:275][317]LogExit: Executing StaticShutdownAfterError
[2018.02.26-15.23.28:278][317]LogWindows: FPlatformMisc::RequestExit(1)
[2018.02.26-15.23.28:285][317]Log file closed, 02/26/18 15:23:28
