Log file open, 02/26/18 13:21:48
LogWindows: LoadLibraryWithSearchPaths failed for file aqProf.dll. GetLastError=0
LogWindows: LoadLibraryWithSearchPaths failed for file VtuneApi.dll. GetLastError=0
LogWindows: LoadLibraryWithSearchPaths failed for file VtuneApi32e.dll. GetLastError=0
LogInit: Display: Running engine for game: PropNavigationGame
LogPlatformFile: Not using cached read wrapper
LogInit: Display: RandInit(-352871807) SRandInit(-352871807).
LogTaskGraph: Started task graph with 5 named threads and 14 total threads with 3 sets of task threads.
LogStats: Stats thread started at 0.169494
LogD3D11RHI: Aftermath initialized
LogPluginManager: Mounting plugin Paper2D
LogPluginManager: Mounting plugin LightPropagationVolume
LogPluginManager: Mounting plugin CodeLiteSourceCodeAccess
LogPluginManager: Mounting plugin GitSourceControl
LogPluginManager: Mounting plugin KDevelopSourceCodeAccess
LogPluginManager: Mounting plugin NullSourceCodeAccess
LogPluginManager: Mounting plugin PerforceSourceControl
LogPluginManager: Mounting plugin SubversionSourceControl
LogPluginManager: Mounting plugin UObjectPlugin
LogPluginManager: Mounting plugin VisualStudioSourceCodeAccess
LogPluginManager: Mounting plugin XCodeSourceCodeAccess
LogPluginManager: Mounting plugin AssetManagerEditor
LogPluginManager: Mounting plugin AudioCapture
LogPluginManager: Mounting plugin FacialAnimation
LogPluginManager: Mounting plugin GameplayTagsEditor
LogPluginManager: Mounting plugin MobileLauncherProfileWizard
LogPluginManager: Mounting plugin PluginBrowser
LogPluginManager: Mounting plugin SpeedTreeImporter
LogPluginManager: Mounting plugin AlembicImporter
LogPluginManager: Mounting plugin CharacterAI
LogPluginManager: Mounting plugin HTML5Networking
LogPluginManager: Mounting plugin AndroidMedia
LogPluginManager: Mounting plugin AvfMedia
LogPluginManager: Mounting plugin MediaPlayerEditor
LogPluginManager: Mounting plugin WmfMedia
LogPluginManager: Mounting plugin TcpMessaging
LogPluginManager: Mounting plugin UdpMessaging
LogPluginManager: Mounting plugin LevelSequenceEditor
LogPluginManager: Mounting plugin MatineeToLevelSequence
LogPluginManager: Mounting plugin OnlineSubsystemGooglePlay
LogPluginManager: Mounting plugin OnlineSubsystemIOS
LogPluginManager: Mounting plugin OnlineSubsystem
LogPluginManager: Mounting plugin OnlineSubsystemNull
LogPluginManager: Mounting plugin OnlineSubsystemUtils
LogPluginManager: Mounting plugin AndroidDeviceProfileSelector
LogPluginManager: Mounting plugin AndroidMoviePlayer
LogPluginManager: Mounting plugin AndroidPermission
LogPluginManager: Mounting plugin AppleMoviePlayer
LogPluginManager: Mounting plugin ArchVisCharacter
LogPluginManager: Mounting plugin CableComponent
LogPluginManager: Mounting plugin CustomMeshComponent
LogPluginManager: Mounting plugin ExampleDeviceProfileSelector
LogPluginManager: Mounting plugin GoogleCloudMessaging
LogPluginManager: Mounting plugin ImmediatePhysics
LogPluginManager: Mounting plugin IOSDeviceProfileSelector
LogPluginManager: Mounting plugin LinuxDeviceProfileSelector
LogPluginManager: Mounting plugin LocationServicesBPLibrary
LogPluginManager: Mounting plugin MobilePatchingUtils
LogPluginManager: Mounting plugin OculusVR
LogPluginManager: Mounting plugin PhysXVehicles
LogPluginManager: Mounting plugin ProceduralMeshComponent
LogPluginManager: Mounting plugin RuntimePhysXCooking
LogPluginManager: Mounting plugin SteamVR
LogPluginManager: Mounting plugin WindowsMoviePlayer
LogInit: Warning: Incompatible or missing module: UE4Editor-PropNavigationGame.dll
Running C:/Program Files (x86)/Epic Games/UE_4.17/Engine/Binaries/DotNET/UnrealBuildTool.exe PropNavigationGame Development Win64 -project="M:/GitHub/Gameplay-Mechanics/PropNavigationGame/PropNavigationGame.uproject" -editorrecompile -progress -NoHotReloadFromIDE
Performing full C++ include scan (building a new target)
Creating makefile for PropNavigationGame (no existing makefile)
@progress push 5%
Parsing headers for PropNavigationGameEditor
  Running UnrealHeaderTool "M:\GitHub\Gameplay-Mechanics\PropNavigationGame\PropNavigationGame.uproject" "M:\GitHub\Gameplay-Mechanics\PropNavigationGame\Intermediate\Build\Win64\PropNavigationGameEditor\Development\PropNavigationGameEditor.uhtmanifest" -LogCmds="loginit warning, logexit warning, logdatabase error" -Unattended -WarningsAsErrors -installed
Reflection code generated for PropNavigationGameEditor in 7.618818 seconds
@progress pop
Performing 8 actions (4 in parallel)
[2/8] Resource PCLaunch.rc
SharedPCH.Engine.cpp
PlayerShip.cpp
PropNavigationGame.cpp
PropNavigationGame.init.gen.cpp
PlayerShip.gen.cpp
[7/8] Link UE4Editor-PropNavigationGame.dll
[8/8] Link UE4Editor-PropNavigationGame.lib
   Creating library M:\GitHub\Gameplay-Mechanics\PropNavigationGame\Intermediate\Build\Win64\UE4Editor\Development\UE4Editor-PropNavigationGame.lib and object M:\GitHub\Gameplay-Mechanics\PropNavigationGame\Intermediate\Build\Win64\UE4Editor\Development\UE4Editor-PropNavigationGame.exp
   Creating library M:\GitHub\Gameplay-Mechanics\PropNavigationGame\Intermediate\Build\Win64\UE4Editor\Development\UE4Editor-PropNavigationGame.suppressed.lib and object M:\GitHub\Gameplay-Mechanics\PropNavigationGame\Intermediate\Build\Win64\UE4Editor\Development\UE4Editor-PropNavigationGame.suppressed.exp
Total build time: 60.85 seconds (Local executor: 15.01 seconds)
LogInit: Using libcurl 7.47.1
LogInit:  - built for x86_64-pc-win32
LogInit:  - supports SSL with OpenSSL/1.0.2g
LogInit:  - supports HTTP deflate (compression) using libz 1.2.8
LogInit:  - other features:
LogInit:      CURL_VERSION_SSL
LogInit:      CURL_VERSION_LIBZ
LogInit:      CURL_VERSION_IPV6
LogInit:      CURL_VERSION_ASYNCHDNS
LogInit:      CURL_VERSION_LARGEFILE
LogInit:      CURL_VERSION_IDN
LogInit:  CurlRequestOptions (configurable via config and command line):
LogInit:  - bVerifyPeer = false  - Libcurl will NOT verify peer certificate
LogInit:  - bUseHttpProxy = false  - Libcurl will NOT use HTTP proxy
LogInit:  - bDontReuseConnections = false  - Libcurl will reuse connections
LogInit:  - CertBundlePath = nullptr  - Libcurl will use whatever was configured at build time.
LogInit: Build: ++UE4+Release-4.17-CL-3573198
LogInit: Engine Version: 4.17.0-3573198+++UE4+Release-4.17
LogInit: Compatible Engine Version: 4.17.0-3573198+++UE4+Release-4.17
LogInit: Net CL: 3573198
LogDevObjectVersion: Number of dev versions registered: 16
LogDevObjectVersion:   Dev-Blueprints (B0D832E4-1F89-4F0D-ACCF-7EB736FD4AA2): 10
LogDevObjectVersion:   Dev-Build (E1C64328-A22C-4D53-A36C-8E866417BD8C): 0
LogDevObjectVersion:   Dev-Core (375EC13C-06E4-48FB-B500-84F0262A717E): 2
LogDevObjectVersion:   Dev-Editor (E4B068ED-F494-42E9-A231-DA0B2E46BB41): 20
LogDevObjectVersion:   Dev-Framework (CFFC743F-43B0-4480-9391-14DF171D2073): 28
LogDevObjectVersion:   Dev-Mobile (B02B49B5-BB20-44E9-A304-32B752E40360): 0
LogDevObjectVersion:   Dev-Networking (A4E4105C-59A1-49B5-A7C5-40C4547EDFEE): 0
LogDevObjectVersion:   Dev-Online (39C831C9-5AE6-47DC-9A44-9C173E1C8E7C): 0
LogDevObjectVersion:   Dev-Physics (78F01B33-EBEA-4F98-B9B4-84EACCB95AA2): 0
LogDevObjectVersion:   Dev-Platform (6631380F-2D4D-43E0-8009-CF276956A95A): 0
LogDevObjectVersion:   Dev-Rendering (12F88B9F-8875-4AFC-A67C-D90C383ABD29): 19
LogDevObjectVersion:   Dev-Sequencer (7B5AE74C-D270-4C10-A958-57980B212A5A): 4
LogDevObjectVersion:   Dev-VR (D7296918-1DD6-4BDD-9DE2-64A83CC13884): 0
LogDevObjectVersion:   Dev-LoadTimes (C2A15278-BFE7-4AFE-6C17-90FF531DF755): 1
LogDevObjectVersion:   Private-Geometry (6EACA3D4-40EC-4CC1-B786-8BED09428FC5): 1
LogDevObjectVersion:   Dev-AnimPhys (29E575DD-E0A3-4627-9D10-D276232CDCEA): 7
LogInit: Compiled (64-bit): Aug  4 2017 16:30:33
LogInit: Compiled with Visual C++: 19.00.24215.01
LogInit: Build Configuration: Development
LogInit: Branch Name: ++UE4+Release-4.17
LogInit: Command line: 
LogInit: Base directory: C:/Program Files (x86)/Epic Games/UE_4.17/Engine/Binaries/Win64/
LogInit: Installed Engine Build: 1
LogInit: Presizing for max 8388607 objects, including 0 objects not considered by GC, pre-allocating 0 bytes for permanent pool.
LogInit: Object subsystem initialized
[2018.02.26-13.22.56:201][  0]LogInit: Selected Device Profile: [Windows]
[2018.02.26-13.22.56:201][  0]LogInit: Applying CVar settings loaded from the selected device profile: [Windows]
[2018.02.26-13.22.56:243][  0]LogInit: Computer: MC11575
[2018.02.26-13.22.56:243][  0]LogInit: User: 1503395
[2018.02.26-13.22.56:243][  0]LogInit: CPU Page size=4096, Cores=4
[2018.02.26-13.22.56:243][  0]LogInit: High frequency timer resolution =3.328164 MHz
[2018.02.26-13.22.56:243][  0]LogMemory: Memory total: Physical=31.9GB (32GB approx)
[2018.02.26-13.22.56:243][  0]LogMemory: Platform Memory Stats for Windows
[2018.02.26-13.22.56:243][  0]LogMemory: Process Physical Memory: 229.06 MB used, 229.06 MB peak
[2018.02.26-13.22.56:243][  0]LogMemory: Process Virtual Memory: 285.78 MB used, 285.78 MB peak
[2018.02.26-13.22.56:243][  0]LogMemory: Physical Memory: 3907.96 MB used,  28800.41 MB free, 32708.37 MB total
[2018.02.26-13.22.56:243][  0]LogMemory: Virtual Memory: 674.70 MB used,  28800.41 MB free, 8388608.00 MB total
[2018.02.26-13.22.56:572][  0]LogInit: Using OS detected language (en-GB).
[2018.02.26-13.22.56:572][  0]LogInit: Using OS detected locale (en-GB).
[2018.02.26-13.22.56:575][  0]LogTextLocalizationManager: No specific localization for 'en-GB' exists, so the 'en' localization will be used.
[2018.02.26-13.22.57:237][  0]LogD3D11RHI: D3D11 adapters:
[2018.02.26-13.22.57:272][  0]LogD3D11RHI:    0. 'NVIDIA GeForce GTX 1070' (Feature Level 11_0)
[2018.02.26-13.22.57:272][  0]LogD3D11RHI:       8077/0/16098 MB DedicatedVideo/DedicatedSystem/SharedSystem, Outputs:1, VendorId:0x10de
[2018.02.26-13.22.57:272][  0]LogD3D11RHI: Chosen D3D11 Adapter: 0
[2018.02.26-13.22.57:276][  0]LogD3D11RHI: Creating new Direct3DDevice
[2018.02.26-13.22.57:276][  0]LogD3D11RHI:     GPU DeviceId: 0x1b81 (for the marketing name, search the web for "GPU Device Id")
[2018.02.26-13.22.57:276][  0]LogWindows: EnumDisplayDevices:
[2018.02.26-13.22.57:277][  0]LogWindows:    0. 'NVIDIA GeForce GTX 1070' (P:1 D:1)
[2018.02.26-13.22.57:277][  0]LogWindows:    1. 'NVIDIA GeForce GTX 1070' (P:0 D:0)
[2018.02.26-13.22.57:277][  0]LogWindows:    2. 'NVIDIA GeForce GTX 1070' (P:0 D:0)
[2018.02.26-13.22.57:277][  0]LogWindows:    3. 'NVIDIA GeForce GTX 1070' (P:0 D:0)
[2018.02.26-13.22.57:277][  0]LogWindows:    4. 'RDPDD Chained DD' (P:0 D:0)
[2018.02.26-13.22.57:277][  0]LogWindows:    5. 'RDP Encoder Mirror Driver' (P:0 D:0)
[2018.02.26-13.22.57:277][  0]LogWindows:    6. 'RDP Reflector Display Driver' (P:0 D:0)
[2018.02.26-13.22.57:277][  0]LogWindows: DebugString: GetVideoDriverDetailsInvalid PrimaryIsNotTheChoosenAdapter GetVideoDriverDetailsInvalid PrimaryIsNotTheChoosenAdapter GetVideoDriverDetailsInvalid PrimaryIsNotTheChoosenAdapter FoundDriverCount:4 
[2018.02.26-13.22.57:277][  0]LogD3D11RHI:     Adapter Name: NVIDIA GeForce GTX 1070
[2018.02.26-13.22.57:277][  0]LogD3D11RHI:   Driver Version: 390.65 (internal:23.21.13.9065, unified:390.65)
[2018.02.26-13.22.57:278][  0]LogD3D11RHI:      Driver Date: 1-3-2018
[2018.02.26-13.22.57:278][  0]LogRHI: Texture pool is 1361 MB (70% of 1945 MB)
[2018.02.26-13.22.57:289][  0]LogD3D11RHI: Async texture creation enabled
[2018.02.26-13.22.57:304][  0]LogD3D11RHI: GPU Timing Frequency: 1000.000000 (Debug: 2 2)
[2018.02.26-13.22.57:348][  0]LogShaderCompilers: Guid format shader working directory is 1 characters bigger than the processId version (M:/GitHub/Gameplay-Mechanics/PropNavigationGame/Intermediate/Shaders/WorkingDirectory/6900/).
[2018.02.26-13.22.57:348][  0]LogShaderCompilers: Cleaned the shader compiler working directory 'C:/Users/1503395/AppData/Local/Temp/UnrealShaderWorkingDir/13C1D0B4452A9A1BC1BCE188AD31279F/'.
[2018.02.26-13.22.57:348][  0]LogShaderCompilers: Display: Using Local Shader Compiler.
[2018.02.26-13.22.58:411][  0]LogTemp: Display: Loaded TP AllDesktopTargetPlatform
[2018.02.26-13.22.58:507][  0]LogTemp: Display: Loaded TP MacClientTargetPlatform
[2018.02.26-13.22.58:602][  0]LogTemp: Display: Loaded TP MacNoEditorTargetPlatform
[2018.02.26-13.22.58:693][  0]LogTemp: Display: Loaded TP MacServerTargetPlatform
[2018.02.26-13.22.58:784][  0]LogTemp: Display: Loaded TP MacTargetPlatform
[2018.02.26-13.22.58:875][  0]LogTemp: Display: Loaded TP WindowsClientTargetPlatform
[2018.02.26-13.22.58:967][  0]LogTemp: Display: Loaded TP WindowsNoEditorTargetPlatform
[2018.02.26-13.22.59:061][  0]LogTemp: Display: Loaded TP WindowsServerTargetPlatform
[2018.02.26-13.22.59:142][  0]LogTemp: Display: Loaded TP WindowsTargetPlatform
[2018.02.26-13.22.59:235][  0]LogTemp: Display: Loaded TP AndroidTargetPlatform
[2018.02.26-13.22.59:327][  0]LogTemp: Display: Loaded TP Android_ASTCTargetPlatform
[2018.02.26-13.22.59:416][  0]LogTemp: Display: Loaded TP Android_ATCTargetPlatform
[2018.02.26-13.22.59:505][  0]LogTemp: Display: Loaded TP Android_DXTTargetPlatform
[2018.02.26-13.22.59:596][  0]LogTemp: Display: Loaded TP Android_ETC1TargetPlatform
[2018.02.26-13.22.59:685][  0]LogTemp: Display: Loaded TP Android_ETC2TargetPlatform
[2018.02.26-13.22.59:861][  0]LogTemp: Display: Loaded TP Android_MultiTargetPlatform
[2018.02.26-13.22.59:861][  0]LogTemp: Display: Loaded TP Android_PVRTCTargetPlatform
[2018.02.26-13.22.59:941][  0]LogTemp: Display: Loaded TP HTML5TargetPlatform
[2018.02.26-13.23.00:095][  0]LogTemp: Display: Loaded TP IOSTargetPlatform
[2018.02.26-13.23.00:152][  0]LogTemp: Display: Loaded TP TVOSTargetPlatform
[2018.02.26-13.23.00:253][  0]LogTemp: Display: Loaded TP LinuxClientTargetPlatform
[2018.02.26-13.23.00:349][  0]LogTemp: Display: Loaded TP LinuxNoEditorTargetPlatform
[2018.02.26-13.23.00:437][  0]LogTemp: Display: Loaded TP LinuxServerTargetPlatform
[2018.02.26-13.23.00:526][  0]LogTemp: Display: Loaded TP LinuxTargetPlatform
[2018.02.26-13.23.00:526][  0]LogTargetPlatformManager: Display: Building Assets For Windows
[2018.02.26-13.23.01:368][  0]LogDerivedDataCache: Display: Max Cache Size: 512 MB
[2018.02.26-13.23.01:466][  0]LogDerivedDataCache: Loaded boot cache 0.10s 93MB C:/Users/1503395/AppData/Local/UnrealEngine/4.17/DerivedDataCache/Boot.ddc.
[2018.02.26-13.23.01:466][  0]LogDerivedDataCache: Display: Loaded Boot cache: C:/Users/1503395/AppData/Local/UnrealEngine/4.17/DerivedDataCache/Boot.ddc
[2018.02.26-13.23.01:467][  0]LogDerivedDataCache: FDerivedDataBackendGraph:  Pak pak cache file M:/GitHub/Gameplay-Mechanics/PropNavigationGame/DerivedDataCache/DDC.ddp not found, will not use a pak cache.
[2018.02.26-13.23.01:467][  0]LogDerivedDataCache: Unable to find inner node Pak for hierarchical cache Hierarchy.
[2018.02.26-13.23.01:468][  0]LogDerivedDataCache: FDerivedDataBackendGraph:  CompressedPak pak cache file M:/GitHub/Gameplay-Mechanics/PropNavigationGame/DerivedDataCache/Compressed.ddp not found, will not use a pak cache.
[2018.02.26-13.23.01:468][  0]LogDerivedDataCache: Unable to find inner node CompressedPak for hierarchical cache Hierarchy.
[2018.02.26-13.23.01:484][  0]LogDerivedDataCache: Display: Pak cache opened for reading ../../../Engine/DerivedDataCache/Compressed.ddp.
[2018.02.26-13.23.01:496][  0]LogDerivedDataCache: Using Local data cache path C:/Users/1503395/AppData/Local/UnrealEngine/Common/DerivedDataCache: Writable
[2018.02.26-13.23.01:505][  0]LogMaterial: Verifying Global Shaders for PCD3D_SM5
[2018.02.26-13.23.01:506][  0]LogSlate: Using Freetype 2.6.0
[2018.02.26-13.23.01:506][  0]LogSlate: SlateFontCache - WITH_FREETYPE: 1, WITH_HARFBUZZ: 1
[2018.02.26-13.23.01:506][  0]LogSlate: SlateFontCache - WITH_FREETYPE: 1, WITH_HARFBUZZ: 1
[2018.02.26-13.23.01:793][  0]LogAssetRegistry: FAssetRegistry took 0.0254 seconds to start up
[2018.02.26-13.23.02:049][  0]LogInit: Selected Device Profile: [Windows]
[2018.02.26-13.23.02:053][  0]LogContentStreaming: Texture pool size is 0.00 MB
[2018.02.26-13.23.02:703][  0]LogSimplygon: Simplygon DLL not present - disabling.
[2018.02.26-13.23.02:783][  0]LogMeshReduction: Using SimplygonSwarm for distributed automatic mesh merging
[2018.02.26-13.23.02:783][  0]LogMeshReduction: Using QuadricMeshReduction for automatic static mesh reduction
[2018.02.26-13.23.02:783][  0]LogMeshReduction: No automatic skeletal mesh reduction module available
[2018.02.26-13.23.02:783][  0]LogMeshReduction: No automatic mesh merging module available
[2018.02.26-13.23.02:783][  0]LogMeshMerging: No automatic mesh merging module available
[2018.02.26-13.23.03:194][  0]LogNetVersion: PropNavigationGame , NetCL: 3573198, EngineNetVer: 2, GameNetVer: 0 (Checksum: 1685960384)
[2018.02.26-13.23.03:682][  0]LogPackageLocalizationCache: Processed 5 localized package path(s) for 2 prioritized culture(s) in 0.273783 seconds
[2018.02.26-13.23.03:687][  0]LogUObjectArray: 35825 objects as part of root set at end of initial load.
[2018.02.26-13.23.03:687][  0]LogUObjectAllocator: 7529104 out of 0 bytes used by permanent object pool.
[2018.02.26-13.23.03:687][  0]LogUObjectArray: CloseDisregardForGC: 0/0 objects in disregard for GC pool
[2018.02.26-13.23.03:817][  0]LogInit: WinSock: version 1.1 (2.2), MaxSocks=32767, MaxUdp=65467
[2018.02.26-13.23.07:611][  0]LogTcpMessaging: Initializing TcpMessaging bridge
[2018.02.26-13.23.07:669][  0]LogUdpMessaging: Initializing bridge on interface 0.0.0.0:0 to multicast group 230.0.0.1:6666.
[2018.02.26-13.23.07:670][  0]LogDirectoryWatcher: A directory notification failed for 'M:/GitHub/Gameplay-Mechanics/PropNavigationGame/Content/' because it was empty or there was a buffer overflow. Attemping another request...
[2018.02.26-13.23.08:643][  0]LogStats: FPlatformStackWalk::StackWalkAndDump -  0.193 s
[2018.02.26-13.23.08:643][  0]LogOutputDevice: Error: === Handled ensure: ===
[2018.02.26-13.23.08:643][  0]LogOutputDevice: Error: 
[2018.02.26-13.23.08:643][  0]LogOutputDevice: Error: Ensure condition failed: AttachmentRules.LocationRule == EAttachmentRule::KeepRelative && AttachmentRules.RotationRule == EAttachmentRule::KeepRelative && AttachmentRules.ScaleRule == EAttachmentRule::KeepRelative [File:D:\Build\++UE4+Release-4.17+Compile\Sync\Engine\Source\Runtime\Engine\Private\Components\SceneComponent.cpp] [Line: 1672]
[2018.02.26-13.23.08:643][  0]LogOutputDevice: Error: AttachToComponent when called from a constructor is only setting up attachment and will always be treated as KeepRelative. Consider calling SetupAttachment directly instead.
[2018.02.26-13.23.08:643][  0]LogOutputDevice: Error: Stack: 
[2018.02.26-13.23.08:643][  0]LogOutputDevice: Error: UE4Editor-Core.dll!0x00000000E47F35F6
[2018.02.26-13.23.08:643][  0]LogOutputDevice: Error: UE4Editor-Core.dll!0x00000000E457C2C2
[2018.02.26-13.23.08:643][  0]LogOutputDevice: Error: UE4Editor-Core.dll!0x00000000E4594736
[2018.02.26-13.23.08:643][  0]LogOutputDevice: Error: UE4Editor-Engine.dll!0x00000000E0E92438
[2018.02.26-13.23.08:643][  0]LogOutputDevice: Error: UE4Editor-PropNavigationGame.dll!APlayerShip::APlayerShip() [m:\github\gameplay-mechanics\propnavigationgame\source\propnavigationgame\playership.cpp:21]
[2018.02.26-13.23.08:643][  0]LogOutputDevice: Error: UE4Editor-CoreUObject.dll!0x00000000E3EAA442
[2018.02.26-13.23.08:643][  0]LogOutputDevice: Error: UE4Editor-CoreUObject.dll!0x00000000E411324B
[2018.02.26-13.23.08:643][  0]LogOutputDevice: Error: UE4Editor-CoreUObject.dll!0x00000000E40F6C73
[2018.02.26-13.23.08:643][  0]LogOutputDevice: Error: UE4Editor-CoreUObject.dll!0x00000000E3EAC157
[2018.02.26-13.23.08:643][  0]LogOutputDevice: Error: UE4Editor-Core.dll!0x00000000E4418210
[2018.02.26-13.23.08:643][  0]LogOutputDevice: Error: UE4Editor-Core.dll!0x00000000E46668C0
[2018.02.26-13.23.08:643][  0]LogOutputDevice: Error: UE4Editor-Projects.dll!0x00000000EB57E06D
[2018.02.26-13.23.08:643][  0]LogOutputDevice: Error: UE4Editor-Projects.dll!0x00000000EB57E37E
[2018.02.26-13.23.08:643][  0]LogOutputDevice: Error: UE4Editor.exe!0x000000003FDB64B1
[2018.02.26-13.23.08:643][  0]LogOutputDevice: Error: UE4Editor.exe!0x000000003FDBA7BD
[2018.02.26-13.23.08:643][  0]LogOutputDevice: Error: UE4Editor.exe!0x000000003FDB379A
[2018.02.26-13.23.08:643][  0]LogOutputDevice: Error: UE4Editor.exe!0x000000003FDB39EA
[2018.02.26-13.23.08:643][  0]LogOutputDevice: Error: UE4Editor.exe!0x000000003FDC02D9
[2018.02.26-13.23.08:644][  0]LogOutputDevice: Error: UE4Editor.exe!0x000000003FDC1C47
[2018.02.26-13.23.08:644][  0]LogOutputDevice: Error: kernel32.dll!0x00000000773759CD
[2018.02.26-13.23.08:644][  0]LogOutputDevice: Error: ntdll.dll!0x00000000774D383D
[2018.02.26-13.23.08:644][  0]LogOutputDevice: Error: 
[2018.02.26-13.23.08:648][  0]LogStats:                SubmitErrorReport -  0.000 s
[2018.02.26-13.23.10:035][  0]LogStats:                    SendNewReport -  1.387 s
[2018.02.26-13.23.10:035][  0]LogStats:             FDebug::EnsureFailed -  1.585 s
[2018.02.26-13.23.10:463][  0]LogMaterial: Uniform references updated for custom material expression Custom.
[2018.02.26-13.23.11:192][  0]SourceControl: Source control is disabled
[2018.02.26-13.23.11:192][  0]SourceControl: Source control is disabled
[2018.02.26-13.23.11:275][  0]SourceControl: Source control is disabled
[2018.02.26-13.23.11:358][  0]SourceControl: Source control is disabled
[2018.02.26-13.23.12:334][  0]LogAndroidPermission: UAndroidPermissionCallbackProxy::GetInstance
[2018.02.26-13.23.12:758][  0]LogOcInput: OculusInput pre-init called
[2018.02.26-13.23.13:180][  0]LogEngine: Initializing Engine...
[2018.02.26-13.23.13:182][  0]LogHMD: Failed to initialize OpenVR with code 110
[2018.02.26-13.23.13:402][  0]LogStats: UGameplayTagsManager::ConstructGameplayTagTree: Construct from data asset -  0.000 s
[2018.02.26-13.23.13:402][  0]LogStats: UGameplayTagsManager::ConstructGameplayTagTree: GameplayTagTreeChangedEvent.Broadcast -  0.000 s
[2018.02.26-13.23.13:647][  0]LogAIModule: Creating AISystem for world Untitled
[2018.02.26-13.23.13:658][  0]LogInit: XAudio2 using 'Speakers (Realtek High Definition Audio)' : 2 channels at 48 kHz using 32 bits per sample (channel mask 0x3)
[2018.02.26-13.23.13:703][  0]LogInit: FAudioDevice initialized.
[2018.02.26-13.23.13:802][  0]LogDerivedDataCache: Saved boot cache 0.10s 93MB C:/Users/1503395/AppData/Local/UnrealEngine/4.17/DerivedDataCache/Boot.ddc.
[2018.02.26-13.23.13:814][  0]LogInit: Texture streaming: Enabled
[2018.02.26-13.23.14:014][  0]LogEngineSessionManager: EngineSessionManager initialized
[2018.02.26-13.23.14:408][  0]LogInit: Transaction tracking system initialized
[2018.02.26-13.23.15:003][  0]BlueprintLog: New page: Editor Load
[2018.02.26-13.23.16:726][  0]LocalizationService: Localization service is disabled
[2018.02.26-13.23.17:980][  0]LogConsoleResponse: Display: 
[2018.02.26-13.23.18:196][  0]LogCook: Display: Max memory allowance for cook 16384mb min free memory 0mb
[2018.02.26-13.23.18:196][  0]LogCook: Display: Mobile HDR setting 1
[2018.02.26-13.23.18:196][  0]LogGameplayTags: Display: UGameplayTagsManager::DoneAddingNativeTags. DelegateIsBound: 0
[2018.02.26-13.23.19:194][  0]LogFileCache: Scanning file cache for directory 'M:/GitHub/Gameplay-Mechanics/PropNavigationGame/Content/' took 0.05s
[2018.02.26-13.23.20:211][  0]SourceControl: Source control is disabled
[2018.02.26-13.23.20:320][  0]LogSlate: Took 0.000483 seconds to synchronously load lazily loaded font '../../../Engine/Content/Slate/Fonts/Roboto-Regular.ttf' (155K)
[2018.02.26-13.23.26:416][  0]Cmd: MAP LOAD FILE="M:/GitHub/Gameplay-Mechanics/PropNavigationGame/Content/StarterContent/Maps/Minimal_Default.umap" TEMPLATE=0 SHOWPROGRESS=1 FEATURELEVEL=3
[2018.02.26-13.23.26:426][  0]LightingResults: New page: Lighting Build
[2018.02.26-13.23.26:552][  0]MapCheck: New page: Map Check
[2018.02.26-13.23.26:552][  0]LightingResults: New page: Lighting Build
[2018.02.26-13.23.26:651][  0]LogLinker: Warning: Can't find file '/Game/StarterContent/Maps/Minimal_Default_BuiltData'
[2018.02.26-13.23.26:652][  0]LogLinker: Warning: Can't find file for asset '/Game/StarterContent/Maps/Minimal_Default_BuiltData' while loading M:/GitHub/Gameplay-Mechanics/PropNavigationGame/Content/StarterContent/Maps/Minimal_Default.umap.
[2018.02.26-13.23.26:652][  0]LoadErrors: Error: /Game/StarterContent/Maps/Minimal_Default : Can't find file for asset. /Game/StarterContent/Maps/Minimal_Default_BuiltData
[2018.02.26-13.23.26:727][  0]LogLinker: Warning: Can't find file '/Game/StarterContent/Maps/Minimal_Default_BuiltData'
[2018.02.26-13.23.26:727][  0]LogLinker: Warning: Can't find file for asset '/Game/StarterContent/Maps/Minimal_Default_BuiltData' while loading M:/GitHub/Gameplay-Mechanics/PropNavigationGame/Content/StarterContent/Maps/Minimal_Default.umap.
[2018.02.26-13.23.26:727][  0]LoadErrors: Error: /Game/StarterContent/Maps/Minimal_Default : Can't find file for asset. /Game/StarterContent/Maps/Minimal_Default_BuiltData
[2018.02.26-13.23.26:745][  0]LogLinker: Warning: Can't find file '/Game/StarterContent/Maps/Minimal_Default_BuiltData'
[2018.02.26-13.23.26:745][  0]LogLinker: Warning: Can't find file for asset '/Game/StarterContent/Maps/Minimal_Default_BuiltData' while loading NULL.
[2018.02.26-13.23.26:745][  0]LogLinker: Warning: Can't find file '/Game/StarterContent/Maps/Minimal_Default_BuiltData'
[2018.02.26-13.23.26:746][  0]LogLinker: Warning: Can't find file for asset '/Game/StarterContent/Maps/Minimal_Default_BuiltData' while loading NULL.
[2018.02.26-13.23.26:749][  0]LogLinker: Warning: Can't find file '/Game/StarterContent/Maps/Minimal_Default_BuiltData'
[2018.02.26-13.23.26:750][  0]LoadErrors: Failed to load /Game/StarterContent/Maps/Minimal_Default_BuiltData.Minimal_Default_BuiltData Referenced by PersistentLevel
[2018.02.26-13.23.26:750][  0]LogLinker: Warning: Can't find file for asset '/Game/StarterContent/Maps/Minimal_Default_BuiltData' while loading NULL.
[2018.02.26-13.23.26:750][  0]LoadErrors: Failed to load /Game/StarterContent/Maps/Minimal_Default_BuiltData.Minimal_Default_BuiltData Referenced by PersistentLevel
[2018.02.26-13.23.26:858][  0]LogMaterial: Missing cached shader map for material Black, compiling. 
[2018.02.26-13.23.26:917][  0]LogMaterial: Missing cached shader map for material Base, compiling. 
[2018.02.26-13.23.27:041][  0]LogAIModule: Creating AISystem for world Minimal_Default
[2018.02.26-13.23.27:082][  0]LogEditorServer: Finished looking for orphan Actors (0.000 secs)
[2018.02.26-13.23.27:095][  0]Cmd: MAP CHECKDEP NOCLEARLOG
[2018.02.26-13.23.27:175][  0]MapCheck: Map check complete: 0 Error(s), 0 Warning(s), took 80.027ms to complete.
[2018.02.26-13.23.27:175][  0]LogFileHelpers: Loading map 'Minimal_Default' took 0.759
[2018.02.26-13.23.27:305][  0]LogStats: Warning: MetaData mismatch. Did you assign a stat to two groups? New //STATGROUP_Threads//SplashScreenThread///Thread_104c_0///####STATCAT_Advanced#### old //STATGROUP_Threads//SplashScreenThread///Thread_11a8_0///####STATCAT_Advanced####
[2018.02.26-13.23.27:305][  0]LogCollectionManager: Loaded 0 collections in 0.003415 seconds
[2018.02.26-13.23.27:449][  0]LogFileCache: Scanning file cache for directory 'M:/GitHub/Gameplay-Mechanics/PropNavigationGame/Saved/Collections/' took 0.01s
[2018.02.26-13.23.27:449][  0]LogFileCache: Scanning file cache for directory 'M:/GitHub/Gameplay-Mechanics/PropNavigationGame/Content/Developers/1503395/Collections/' took 0.01s
[2018.02.26-13.23.27:449][  0]LogFileCache: Scanning file cache for directory 'M:/GitHub/Gameplay-Mechanics/PropNavigationGame/Content/Collections/' took 0.01s
[2018.02.26-13.23.27:449][  0]LogCollectionManager: Rebuilt the GUID cache for 0 collections in 0.000000 seconds
[2018.02.26-13.23.27:464][  0]LogContentBrowser: Native class hierarchy populated in 0.0151 seconds. Added 2387 classes and 502 folders.
[2018.02.26-13.23.27:628][  0]LogContentBrowser: Native class hierarchy updated for 'WidgetCarousel' in 0.0045 seconds. Added 0 classes and 0 folders.
[2018.02.26-13.23.27:702][  0]LogContentBrowser: Native class hierarchy updated for 'AddContentDialog' in 0.0039 seconds. Added 0 classes and 0 folders.
[2018.02.26-13.23.27:820][  0]LogContentBrowser: Native class hierarchy updated for 'SceneOutliner' in 0.0045 seconds. Added 1 classes and 2 folders.
[2018.02.26-13.23.27:851][  0]LogSlate: Took 0.000198 seconds to synchronously load lazily loaded font '../../../Engine/Content/Slate/Fonts/Roboto-Bold.ttf' (160K)
[2018.02.26-13.23.27:856][  0]LogSlate: Took 0.000181 seconds to synchronously load lazily loaded font '../../../Engine/Content/Editor/Slate/Fonts/FontAwesome.ttf' (139K)
[2018.02.26-13.23.28:011][  0]LogRenderer: Reallocating scene render targets to support 1208x576 Format 10 NumSamples 1 (Frame:1).
[2018.02.26-13.23.28:310][  0]LogContentBrowser: Native class hierarchy updated for 'HierarchicalLODOutliner' in 0.0047 seconds. Added 1 classes and 2 folders.
[2018.02.26-13.23.28:310][  0]LogLoad: (Engine Initialization) Total time: 101.25 seconds
[2018.02.26-13.23.28:311][  0]LogLoad: (Engine Initialization) Total Blueprint compile time: 0.00 seconds
[2018.02.26-13.23.28:311][  0]LogExternalProfiler: Found external profiler: VSPerf
[2018.02.26-13.23.28:311][  0]LogExternalProfiler: Using external profiler: VSPerf
[2018.02.26-13.23.28:667][  0]LogDirectoryWatcher: A directory notification failed for 'M:/GitHub/Gameplay-Mechanics/PropNavigationGame/Content/' because it was empty or there was a buffer overflow. Attemping another request...
[2018.02.26-13.23.28:668][  0]LogDirectoryWatcher: A directory notification failed for 'M:/GitHub/Gameplay-Mechanics/PropNavigationGame/Content/', and we were unable to create a new request.
[2018.02.26-13.23.28:668][  0]LogDirectoryWatcher: A directory notification failed for 'M:/GitHub/Gameplay-Mechanics/PropNavigationGame/Binaries/Win64' because it was empty or there was a buffer overflow. Attemping another request...
[2018.02.26-13.23.28:668][  0]LogDirectoryWatcher: A directory notification failed for 'M:/GitHub/Gameplay-Mechanics/PropNavigationGame/Saved/Collections/' because it was empty or there was a buffer overflow. Attemping another request...
[2018.02.26-13.23.28:668][  0]LogDirectoryWatcher: A directory notification failed for 'M:/GitHub/Gameplay-Mechanics/PropNavigationGame/Content/Developers/1503395/Collections/' because it was empty or there was a buffer overflow. Attemping another request...
[2018.02.26-13.23.28:668][  0]LogDirectoryWatcher: A directory notification failed for 'M:/GitHub/Gameplay-Mechanics/PropNavigationGame/Content/Collections/' because it was empty or there was a buffer overflow. Attemping another request...
[2018.02.26-13.23.28:671][  0]LogContentStreaming: Texture pool size now 1000 MB
[2018.02.26-13.23.28:713][  0]LogSlate: Took 0.000338 seconds to synchronously load lazily loaded font '../../../Engine/Content/Slate/Fonts/Roboto-Light.ttf' (159K)
[2018.02.26-13.23.28:991][  1]LogAssetRegistry: Asset discovery search completed in 27.2163 seconds
[2018.02.26-13.23.28:994][  1]LogCollectionManager: Rebuilt the object cache for 0 collections in 0.000001 seconds (found 0 objects)
[2018.02.26-13.23.28:994][  1]LogCollectionManager: Fixed up redirectors for 0 collections in 0.000123 seconds (updated 0 objects)
[2018.02.26-13.23.28:994][  1]LogDirectoryWatcher: A directory notification failed for 'M:/GitHub/Gameplay-Mechanics/PropNavigationGame/Binaries/Win64' because it was empty or there was a buffer overflow. Attemping another request...
[2018.02.26-13.23.28:994][  1]LogDirectoryWatcher: A directory notification failed for 'M:/GitHub/Gameplay-Mechanics/PropNavigationGame/Binaries/Win64', and we were unable to create a new request.
[2018.02.26-13.23.28:994][  1]LogDirectoryWatcher: A directory notification failed for 'M:/GitHub/Gameplay-Mechanics/PropNavigationGame/Saved/Collections/' because it was empty or there was a buffer overflow. Attemping another request...
[2018.02.26-13.23.28:995][  1]LogDirectoryWatcher: A directory notification failed for 'M:/GitHub/Gameplay-Mechanics/PropNavigationGame/Saved/Collections/', and we were unable to create a new request.
[2018.02.26-13.23.28:995][  1]LogDirectoryWatcher: A directory notification failed for 'M:/GitHub/Gameplay-Mechanics/PropNavigationGame/Content/Collections/' because it was empty or there was a buffer overflow. Attemping another request...
[2018.02.26-13.23.28:995][  1]LogDirectoryWatcher: A directory notification failed for 'M:/GitHub/Gameplay-Mechanics/PropNavigationGame/Content/Collections/', and we were unable to create a new request.
[2018.02.26-13.23.28:995][  1]LogDirectoryWatcher: A directory notification failed for 'M:/GitHub/Gameplay-Mechanics/PropNavigationGame/Content/Developers/1503395/Collections/' because it was empty or there was a buffer overflow. Attemping another request...
[2018.02.26-13.23.28:996][  1]LogDirectoryWatcher: A directory notification failed for 'M:/GitHub/Gameplay-Mechanics/PropNavigationGame/Content/Developers/1503395/Collections/', and we were unable to create a new request.
[2018.02.26-13.23.35:272][547]LogTemp: Repeating last play command: Selected Viewport
[2018.02.26-13.23.36:380][547]LogBlueprintUserMessages: Early PlayInEditor Detection: Level '/Game/StarterContent/Maps/Minimal_Default.Minimal_Default:PersistentLevel' has LevelScriptBlueprint '/Game/StarterContent/Maps/Minimal_Default.Minimal_Default:PersistentLevel.Minimal_Default' with GeneratedClass '/Game/StarterContent/Maps/Minimal_Default.Minimal_Default_C' with ClassGeneratedBy '/Game/StarterContent/Maps/Minimal_Default.Minimal_Default:PersistentLevel.Minimal_Default'
[2018.02.26-13.23.36:380][547]LogPlayLevel: PlayLevel: No blueprints needed recompiling
[2018.02.26-13.23.36:380][547]PIE: New page: PIE session: Minimal_Default (26 Feb 2018 13:23:36)
[2018.02.26-13.23.36:380][547]LogPlayLevel: Creating play world package: /Game/StarterContent/Maps/UEDPIE_0_Minimal_Default
[2018.02.26-13.23.36:388][547]LogPlayLevel: PIE: StaticDuplicateObject took: (0.007367s)
[2018.02.26-13.23.36:388][547]LogAIModule: Creating AISystem for world Minimal_Default
[2018.02.26-13.23.36:389][547]LogPlayLevel: PIE: World Init took: (0.000857s)
[2018.02.26-13.23.36:389][547]LogPlayLevel: PIE: Created PIE world by copying editor world from /Game/StarterContent/Maps/Minimal_Default.Minimal_Default to /Game/StarterContent/Maps/UEDPIE_0_Minimal_Default.Minimal_Default (0.008444s)
[2018.02.26-13.23.36:400][547]LogInit: XAudio2 using 'Speakers (Realtek High Definition Audio)' : 2 channels at 48 kHz using 32 bits per sample (channel mask 0x3)
[2018.02.26-13.23.36:443][547]LogInit: FAudioDevice initialized.
[2018.02.26-13.23.36:482][547]LogLoad: Game class is 'GameModeBase'
[2018.02.26-13.23.36:485][547]LogWorld: Bringing World /Game/StarterContent/Maps/UEDPIE_0_Minimal_Default.Minimal_Default up for play (max tick rate 0) at 2018.02.26-13.23.36
[2018.02.26-13.23.36:485][547]LogWorld: Bringing up level for play took: 0.001305
[2018.02.26-13.23.36:593][547]LogContentBrowser: Native class hierarchy updated for 'MovieSceneCapture' in 0.0058 seconds. Added 11 classes and 0 folders.
[2018.02.26-13.23.36:593][547]PIE: Play in editor start time for /Game/StarterContent/Maps/UEDPIE_0_Minimal_Default 0.296
[2018.02.26-13.23.36:593][547]LogBlueprintUserMessages: Late PlayInEditor Detection: Level '/Game/StarterContent/Maps/Minimal_Default.Minimal_Default:PersistentLevel' has LevelScriptBlueprint '/Game/StarterContent/Maps/Minimal_Default.Minimal_Default:PersistentLevel.Minimal_Default' with GeneratedClass '/Game/StarterContent/Maps/Minimal_Default.Minimal_Default_C' with ClassGeneratedBy '/Game/StarterContent/Maps/Minimal_Default.Minimal_Default:PersistentLevel.Minimal_Default'
[2018.02.26-13.23.39:404][875]LogBlueprintUserMessages: Early EndPlayMap Detection: Level '/Game/StarterContent/Maps/Minimal_Default.Minimal_Default:PersistentLevel' has LevelScriptBlueprint '/Game/StarterContent/Maps/Minimal_Default.Minimal_Default:PersistentLevel.Minimal_Default' with GeneratedClass '/Game/StarterContent/Maps/Minimal_Default.Minimal_Default_C' with ClassGeneratedBy '/Game/StarterContent/Maps/Minimal_Default.Minimal_Default:PersistentLevel.Minimal_Default'
[2018.02.26-13.23.39:434][875]LogBlueprintUserMessages: Late EndPlayMap Detection: Level '/Game/StarterContent/Maps/Minimal_Default.Minimal_Default:PersistentLevel' has LevelScriptBlueprint '/Game/StarterContent/Maps/Minimal_Default.Minimal_Default:PersistentLevel.Minimal_Default' with GeneratedClass '/Game/StarterContent/Maps/Minimal_Default.Minimal_Default_C' with ClassGeneratedBy '/Game/StarterContent/Maps/Minimal_Default.Minimal_Default:PersistentLevel.Minimal_Default'
[2018.02.26-13.23.54:586][674]LogSlate: Took 0.000242 seconds to synchronously load lazily loaded font '../../../Engine/Content/Slate/Fonts/Roboto-Light.ttf' (159K)
[2018.02.26-13.23.54:626][674]LogSlate: Took 0.009327 seconds to synchronously load lazily loaded font '../../../Engine/Content/Editor/Slate/Fonts/Roboto-BoldCondensed.ttf' (158K)
[2018.02.26-13.30.09:391][459]Running C:/Program Files (x86)/Epic Games/UE_4.17/Engine/Binaries/DotNET/UnrealBuildTool.exe  -projectfiles -project="M:/GitHub/Gameplay-Mechanics/PropNavigationGame/PropNavigationGame.uproject" -game -rocket -progress
[2018.02.26-13.30.09:693][459]Discovering modules, targets and source code for project...
[2018.02.26-13.30.12:097][459]LogSlate: Took 0.000178 seconds to synchronously load lazily loaded font '../../../Engine/Content/Slate/Fonts/Roboto-Regular.ttf' (155K)
[2018.02.26-13.30.14:731][459]LogVSAccessor: Warning: Couldn't access Visual Studio
[2018.02.26-13.30.14:738][459]Candidate modules for hot reload:
[2018.02.26-13.30.14:738][459]  PropNavigationGame
[2018.02.26-13.30.14:740][459]Launching UnrealBuildTool... [C:/Program Files (x86)/Epic Games/UE_4.17/Engine/Binaries/DotNET/UnrealBuildTool.exe PropNavigationGame -ModuleWithSuffix PropNavigationGame 6240 Win64 Development -editorrecompile -canskiplink "M:/GitHub/Gameplay-Mechanics/PropNavigationGame/PropNavigationGame.uproject" ]
[2018.02.26-13.30.32:632][459]CompilerResultsLog: New page: Compilation - 26 Feb 2018 13:30:32
[2018.02.26-13.30.32:632][459]CompilerResultsLog: Performing full C++ include scan (hot reloading a new target)
[2018.02.26-13.30.32:632][459]CompilerResultsLog: Compiling game modules for hot reload
[2018.02.26-13.30.32:632][459]CompilerResultsLog: Parsing headers for PropNavigationGameEditor
[2018.02.26-13.30.32:633][459]CompilerResultsLog:   Running UnrealHeaderTool "M:\GitHub\Gameplay-Mechanics\PropNavigationGame\PropNavigationGame.uproject" "M:\GitHub\Gameplay-Mechanics\PropNavigationGame\Intermediate\Build\Win64\PropNavigationGameEditor\Development\PropNavigationGameEditor.uhtmanifest" -LogCmds="loginit warning, logexit warning, logdatabase error" -Unattended -WarningsAsErrors -installed
[2018.02.26-13.30.32:633][459]CompilerResultsLog: Reflection code generated for PropNavigationGameEditor in 7.3590772 seconds
[2018.02.26-13.30.32:633][459]CompilerResultsLog: Performing 5 actions (4 in parallel)
[2018.02.26-13.30.32:633][459]CompilerResultsLog: ShootingComponent.cpp
[2018.02.26-13.30.32:633][459]CompilerResultsLog: PropNavigationGame.init.gen.cpp
[2018.02.26-13.30.32:633][459]CompilerResultsLog: ShootingComponent.gen.cpp
[2018.02.26-13.30.32:633][459]CompilerResultsLog: [4/5] Link UE4Editor-PropNavigationGame-6240.dll
[2018.02.26-13.30.32:633][459]CompilerResultsLog: [5/5] Link UE4Editor-PropNavigationGame-6240.lib
[2018.02.26-13.30.32:633][459]CompilerResultsLog:    Creating library M:\GitHub\Gameplay-Mechanics\PropNavigationGame\Intermediate\Build\Win64\UE4Editor\Development\UE4Editor-PropNavigationGame-6240.lib and object M:\GitHub\Gameplay-Mechanics\PropNavigationGame\Intermediate\Build\Win64\UE4Editor\Development\UE4Editor-PropNavigationGame-6240.exp
[2018.02.26-13.30.32:633][459]CompilerResultsLog:    Creating library M:\GitHub\Gameplay-Mechanics\PropNavigationGame\Intermediate\Build\Win64\UE4Editor\Development\UE4Editor-PropNavigationGame-6240.suppressed.lib and object M:\GitHub\Gameplay-Mechanics\PropNavigationGame\Intermediate\Build\Win64\UE4Editor\Development\UE4Editor-PropNavigationGame-6240.suppressed.exp
[2018.02.26-13.30.32:633][459]CompilerResultsLog: Total build time: 17.56 seconds (Local executor: 3.04 seconds)
[2018.02.26-13.30.32:634][459]LogMainFrame: MainFrame: Module compiling took 17.903 seconds
[2018.02.26-13.30.32:971][459]LogClass: Could not find existing class ShootingComponent in package /Script/PropNavigationGame for HotReload, assuming new class
[2018.02.26-13.30.32:975][459]LogContentBrowser: Native class hierarchy updated for 'PropNavigationGame' in 0.0030 seconds. Added 2 classes and 2 folders.
[2018.02.26-13.30.32:976][459]Display: HotReload successful (0 functions remapped  0 scriptstructs remapped)
[2018.02.26-13.30.33:035][459]LogContentBrowser: Native class hierarchy populated in 0.0106 seconds. Added 2390 classes and 506 folders.
[2018.02.26-13.30.33:042][459]Display: HotReload took 18.3s.
[2018.02.26-13.30.33:044][459]Warning: HotReload operation took 18.3s.
[2018.02.26-13.30.35:669][465]LogVSAccessor: Warning: Visual Studio is open but could not be queried - it may be blocked by a modal operation
[2018.02.26-13.30.35:681][466]LogVSAccessor: Warning: Visual Studio is open but could not be queried - it may be blocked by a modal operation
[2018.02.26-13.30.36:014][467]LogVSAccessor: Warning: Visual Studio is open but could not be queried - it may be blocked by a modal operation
[2018.02.26-13.30.36:403][468]LogVSAccessor: Warning: Visual Studio is open but could not be queried - it may be blocked by a modal operation
[2018.02.26-13.30.36:681][469]LogVSAccessor: Warning: Visual Studio is open but could not be queried - it may be blocked by a modal operation
[2018.02.26-13.30.37:014][470]LogVSAccessor: Warning: Visual Studio is open but could not be queried - it may be blocked by a modal operation
[2018.02.26-13.30.37:347][471]LogVSAccessor: Warning: Visual Studio is open but could not be queried - it may be blocked by a modal operation
[2018.02.26-13.30.37:681][472]LogVSAccessor: Warning: Visual Studio is open but could not be queried - it may be blocked by a modal operation
[2018.02.26-13.30.38:014][473]LogVSAccessor: Warning: Visual Studio is open but could not be queried - it may be blocked by a modal operation
[2018.02.26-13.30.38:347][474]LogVSAccessor: Warning: Visual Studio is open but could not be queried - it may be blocked by a modal operation
[2018.02.26-13.30.38:688][475]LogVSAccessor: Warning: Visual Studio is open but could not be queried - it may be blocked by a modal operation
[2018.02.26-13.30.39:014][476]LogVSAccessor: Warning: Visual Studio is open but could not be queried - it may be blocked by a modal operation
[2018.02.26-13.30.39:346][477]LogVSAccessor: Warning: Visual Studio is open but could not be queried - it may be blocked by a modal operation
[2018.02.26-13.30.39:681][478]LogVSAccessor: Warning: Visual Studio is open but could not be queried - it may be blocked by a modal operation
[2018.02.26-13.30.40:014][479]LogVSAccessor: Warning: Visual Studio is open but could not be queried - it may be blocked by a modal operation
[2018.02.26-13.30.40:347][480]LogVSAccessor: Warning: Visual Studio is open but could not be queried - it may be blocked by a modal operation
[2018.02.26-13.30.40:681][481]LogVSAccessor: Warning: Visual Studio is open but could not be queried - it may be blocked by a modal operation
[2018.02.26-13.30.41:014][482]LogVSAccessor: Warning: Visual Studio is open but could not be queried - it may be blocked by a modal operation
[2018.02.26-13.30.41:351][483]LogVSAccessor: Warning: Visual Studio is open but could not be queried - it may be blocked by a modal operation
[2018.02.26-13.30.41:681][484]LogVSAccessor: Warning: Visual Studio is open but could not be queried - it may be blocked by a modal operation
[2018.02.26-13.30.42:014][485]LogVSAccessor: Warning: Visual Studio is open but could not be queried - it may be blocked by a modal operation
[2018.02.26-13.30.42:347][486]LogVSAccessor: Warning: Visual Studio is open but could not be queried - it may be blocked by a modal operation
[2018.02.26-13.30.42:681][487]LogVSAccessor: Warning: Visual Studio is open but could not be queried - it may be blocked by a modal operation
[2018.02.26-13.30.43:014][488]LogVSAccessor: Warning: Visual Studio is open but could not be queried - it may be blocked by a modal operation
[2018.02.26-13.30.43:351][489]LogVSAccessor: Warning: Visual Studio is open but could not be queried - it may be blocked by a modal operation
[2018.02.26-13.30.43:685][490]LogVSAccessor: Warning: Visual Studio is open but could not be queried - it may be blocked by a modal operation
[2018.02.26-13.30.44:015][491]LogVSAccessor: Warning: Visual Studio is open but could not be queried - it may be blocked by a modal operation
[2018.02.26-13.30.44:349][492]LogVSAccessor: Warning: Visual Studio is open but could not be queried - it may be blocked by a modal operation
[2018.02.26-13.30.44:687][493]LogVSAccessor: Warning: Visual Studio is open but could not be queried - it may be blocked by a modal operation
[2018.02.26-13.30.45:017][494]LogVSAccessor: Warning: Visual Studio is open but could not be queried - it may be blocked by a modal operation
[2018.02.26-13.30.45:350][495]LogVSAccessor: Warning: Visual Studio is open but could not be queried - it may be blocked by a modal operation
[2018.02.26-13.30.45:685][496]LogVSAccessor: Warning: Visual Studio is open but could not be queried - it may be blocked by a modal operation
[2018.02.26-13.30.46:019][497]LogVSAccessor: Warning: Visual Studio is open but could not be queried - it may be blocked by a modal operation
[2018.02.26-13.30.46:351][498]LogVSAccessor: Warning: Visual Studio is open but could not be queried - it may be blocked by a modal operation
[2018.02.26-13.30.46:685][499]LogVSAccessor: Warning: Visual Studio is open but could not be queried - it may be blocked by a modal operation
[2018.02.26-13.30.47:018][500]LogVSAccessor: Warning: Visual Studio is open but could not be queried - it may be blocked by a modal operation
[2018.02.26-13.30.47:349][501]LogVSAccessor: Warning: Visual Studio is open but could not be queried - it may be blocked by a modal operation
[2018.02.26-13.30.47:686][502]LogVSAccessor: Warning: Visual Studio is open but could not be queried - it may be blocked by a modal operation
[2018.02.26-13.30.48:019][503]LogVSAccessor: Warning: Visual Studio is open but could not be queried - it may be blocked by a modal operation
[2018.02.26-13.30.48:349][504]LogVSAccessor: Warning: Visual Studio is open but could not be queried - it may be blocked by a modal operation
[2018.02.26-13.30.48:681][505]LogVSAccessor: Warning: Visual Studio is open but could not be queried - it may be blocked by a modal operation
[2018.02.26-13.30.49:017][506]LogVSAccessor: Warning: Visual Studio is open but could not be queried - it may be blocked by a modal operation
[2018.02.26-13.30.49:347][507]LogVSAccessor: Warning: Visual Studio is open but could not be queried - it may be blocked by a modal operation
[2018.02.26-13.30.49:684][508]LogVSAccessor: Warning: Visual Studio is open but could not be queried - it may be blocked by a modal operation
[2018.02.26-13.30.50:019][509]LogVSAccessor: Warning: Visual Studio is open but could not be queried - it may be blocked by a modal operation
[2018.02.26-13.30.50:353][510]LogVSAccessor: Warning: Visual Studio is open but could not be queried - it may be blocked by a modal operation
[2018.02.26-13.30.50:683][511]LogVSAccessor: Warning: Visual Studio is open but could not be queried - it may be blocked by a modal operation
[2018.02.26-13.30.51:016][512]LogVSAccessor: Warning: Visual Studio is open but could not be queried - it may be blocked by a modal operation
[2018.02.26-13.30.51:352][513]LogVSAccessor: Warning: Visual Studio is open but could not be queried - it may be blocked by a modal operation
[2018.02.26-13.30.51:683][514]LogVSAccessor: Warning: Visual Studio is open but could not be queried - it may be blocked by a modal operation
[2018.02.26-13.30.52:019][515]LogVSAccessor: Warning: Visual Studio is open but could not be queried - it may be blocked by a modal operation
[2018.02.26-13.30.52:347][516]LogVSAccessor: Warning: Visual Studio is open but could not be queried - it may be blocked by a modal operation
[2018.02.26-13.30.52:681][517]LogVSAccessor: Warning: Visual Studio is open but could not be queried - it may be blocked by a modal operation
[2018.02.26-13.30.53:014][518]LogVSAccessor: Warning: Visual Studio is open but could not be queried - it may be blocked by a modal operation
[2018.02.26-13.30.53:348][519]LogVSAccessor: Warning: Visual Studio is open but could not be queried - it may be blocked by a modal operation
[2018.02.26-13.30.59:752][520]LogVSAccessor: Warning: Couldn't goto line number '0' in 'M:/GitHub/Gameplay-Mechanics/PropNavigationGame/Source/PropNavigationGame/ShootingComponent.h'
[2018.02.26-13.31.00:036][520]LogVSAccessor: Warning: Couldn't goto line number '0' in 'M:/GitHub/Gameplay-Mechanics/PropNavigationGame/Source/PropNavigationGame/ShootingComponent.cpp'
[2018.02.26-13.32.53:110][175]LogEditorViewport: Clicking on Actor (LMB): BP_Sky_Sphere_C (BP_Sky_Sphere)
[2018.02.26-13.32.53:534][221]LogEditorViewport: Clicking on Actor (LMB): PlayerShip (PlayerShip7)
[2018.02.26-13.32.56:314][544]LogSlate: Took 0.002856 seconds to synchronously load lazily loaded font '../../../Engine/Content/Editor/Slate/Fonts/Roboto-Italic.ttf' (157K)
[2018.02.26-13.34.43:963][567]LogContentBrowser: Native class hierarchy updated for 'SkeletonEditor' in 0.0059 seconds. Added 1 classes and 2 folders.
[2018.02.26-13.34.44:144][567]LogActorComponent: RegisterComponentWithWorld: (/Engine/Transient.World_2:PersistentLevel.Actor_0.DebugSkelMeshComponent_0) Already registered. Aborting.
[2018.02.26-13.34.44:201][567]LogSkeletalMesh: USkeletalMeshComponent::InitArticulated : Bodies already created (/Engine/Transient.World_2:PersistentLevel.Actor_0.DebugSkelMeshComponent_0) - call TermArticulated first.
[2018.02.26-13.34.44:532][567]LogContentBrowser: Native class hierarchy updated for 'ClothingSystemEditorInterface' in 0.0032 seconds. Added 1 classes and 0 folders.
[2018.02.26-13.35.16:979][991]LogSlate: Took 0.000168 seconds to synchronously load lazily loaded font '../../../Engine/Content/Slate/Fonts/Roboto-Light.ttf' (159K)
[2018.02.26-13.35.18:447][142]LogActorComponent: RegisterComponentWithWorld: (/Engine/Transient.World_2:PersistentLevel.Actor_0.DebugSkelMeshComponent_0) Already registered. Aborting.
[2018.02.26-13.35.29:779][307]LogActorComponent: RegisterComponentWithWorld: (/Engine/Transient.World_3:PersistentLevel.Actor_1.DebugSkelMeshComponent_1) Already registered. Aborting.
[2018.02.26-13.35.29:802][307]LogSkeletalMesh: USkeletalMeshComponent::InitArticulated : Bodies already created (/Engine/Transient.World_3:PersistentLevel.Actor_1.DebugSkelMeshComponent_1) - call TermArticulated first.
[2018.02.26-13.37.16:847][237]Cmd: MODE GRID=0
[2018.02.26-13.39.45:044][387]Cmd: OBJ SAVEPACKAGE PACKAGE="/Game/StarterContent/SpaceShip_Skeleton" FILE="M:/GitHub/Gameplay-Mechanics/PropNavigationGame/Content/StarterContent/SpaceShip_Skeleton.uasset" SILENT=true
[2018.02.26-13.39.45:167][387]LogSavePackage: Save=18.95ms
[2018.02.26-13.39.45:167][387]LogSavePackage: Moving 'M:/GitHub/Gameplay-Mechanics/PropNavigationGame/Saved/SpaceShip_Skeleton80B26ABA43BB93BB1A637B85A8F50BC2.tmp' to 'M:/GitHub/Gameplay-Mechanics/PropNavigationGame/Content/StarterContent/SpaceShip_Skeleton.uasset'
[2018.02.26-13.39.45:200][387]LogSavePackage: Display: Finished SavePackage M:/GitHub/Gameplay-Mechanics/PropNavigationGame/Content/StarterContent/SpaceShip_Skeleton.uasset
[2018.02.26-13.39.47:409][599]Cmd: OBJ SAVEPACKAGE PACKAGE="/Game/StarterContent/SpaceShip_Skeleton" FILE="M:/GitHub/Gameplay-Mechanics/PropNavigationGame/Content/StarterContent/SpaceShip_Skeleton.uasset" SILENT=true
[2018.02.26-13.39.47:503][599]LogSavePackage: Save=27.02ms
[2018.02.26-13.39.47:503][599]LogSavePackage: Moving 'M:/GitHub/Gameplay-Mechanics/PropNavigationGame/Saved/SpaceShip_SkeletonC95CC0EB476723D6C3FF478F3E0BEE5E.tmp' to 'M:/GitHub/Gameplay-Mechanics/PropNavigationGame/Content/StarterContent/SpaceShip_Skeleton.uasset'
[2018.02.26-13.39.47:520][599]LogSavePackage: Display: Finished SavePackage M:/GitHub/Gameplay-Mechanics/PropNavigationGame/Content/StarterContent/SpaceShip_Skeleton.uasset
[2018.02.26-13.40.58:438][807]LogTemp: Repeating last play command: Selected Viewport
[2018.02.26-13.40.58:463][807]LogBlueprintUserMessages: Early PlayInEditor Detection: Level '/Game/StarterContent/Maps/Minimal_Default.Minimal_Default:PersistentLevel' has LevelScriptBlueprint '/Game/StarterContent/Maps/Minimal_Default.Minimal_Default:PersistentLevel.Minimal_Default' with GeneratedClass '/Game/StarterContent/Maps/Minimal_Default.Minimal_Default_C' with ClassGeneratedBy '/Game/StarterContent/Maps/Minimal_Default.Minimal_Default:PersistentLevel.Minimal_Default'
[2018.02.26-13.40.58:463][807]LogPlayLevel: PlayLevel: No blueprints needed recompiling
[2018.02.26-13.40.58:463][807]PIE: New page: PIE session: Minimal_Default (26 Feb 2018 13:40:58)
[2018.02.26-13.40.58:463][807]LogPlayLevel: Creating play world package: /Game/StarterContent/Maps/UEDPIE_0_Minimal_Default
[2018.02.26-13.40.58:471][807]LogPlayLevel: PIE: StaticDuplicateObject took: (0.008035s)
[2018.02.26-13.40.58:472][807]LogAIModule: Creating AISystem for world Minimal_Default
[2018.02.26-13.40.58:472][807]LogPlayLevel: PIE: World Init took: (0.000719s)
[2018.02.26-13.40.58:472][807]LogPlayLevel: PIE: Created PIE world by copying editor world from /Game/StarterContent/Maps/Minimal_Default.Minimal_Default to /Game/StarterContent/Maps/UEDPIE_0_Minimal_Default.Minimal_Default (0.008986s)
[2018.02.26-13.40.58:509][807]LogInit: XAudio2 using 'Speakers (Realtek High Definition Audio)' : 2 channels at 48 kHz using 32 bits per sample (channel mask 0x3)
[2018.02.26-13.40.58:557][807]LogInit: FAudioDevice initialized.
[2018.02.26-13.40.58:587][807]LogLoad: Game class is 'GameModeBase'
[2018.02.26-13.40.58:589][807]LogWorld: Bringing World /Game/StarterContent/Maps/UEDPIE_0_Minimal_Default.Minimal_Default up for play (max tick rate 0) at 2018.02.26-13.40.58
[2018.02.26-13.40.58:589][807]LogWorld: Bringing up level for play took: 0.001630
[2018.02.26-13.40.58:590][807]PIE: Play in editor start time for /Game/StarterContent/Maps/UEDPIE_0_Minimal_Default 0.28
[2018.02.26-13.40.58:590][807]LogBlueprintUserMessages: Late PlayInEditor Detection: Level '/Game/StarterContent/Maps/Minimal_Default.Minimal_Default:PersistentLevel' has LevelScriptBlueprint '/Game/StarterContent/Maps/Minimal_Default.Minimal_Default:PersistentLevel.Minimal_Default' with GeneratedClass '/Game/StarterContent/Maps/Minimal_Default.Minimal_Default_C' with ClassGeneratedBy '/Game/StarterContent/Maps/Minimal_Default.Minimal_Default:PersistentLevel.Minimal_Default'
[2018.02.26-13.41.00:489][ 31]LogBlueprintUserMessages: Early EndPlayMap Detection: Level '/Game/StarterContent/Maps/Minimal_Default.Minimal_Default:PersistentLevel' has LevelScriptBlueprint '/Game/StarterContent/Maps/Minimal_Default.Minimal_Default:PersistentLevel.Minimal_Default' with GeneratedClass '/Game/StarterContent/Maps/Minimal_Default.Minimal_Default_C' with ClassGeneratedBy '/Game/StarterContent/Maps/Minimal_Default.Minimal_Default:PersistentLevel.Minimal_Default'
[2018.02.26-13.41.00:537][ 31]LogBlueprintUserMessages: Late EndPlayMap Detection: Level '/Game/StarterContent/Maps/Minimal_Default.Minimal_Default:PersistentLevel' has LevelScriptBlueprint '/Game/StarterContent/Maps/Minimal_Default.Minimal_Default:PersistentLevel.Minimal_Default' with GeneratedClass '/Game/StarterContent/Maps/Minimal_Default.Minimal_Default_C' with ClassGeneratedBy '/Game/StarterContent/Maps/Minimal_Default.Minimal_Default:PersistentLevel.Minimal_Default'
[2018.02.26-13.41.10:066][152]LogTemp: Repeating last play command: Selected Viewport
[2018.02.26-13.41.10:080][152]LogBlueprintUserMessages: Early PlayInEditor Detection: Level '/Game/StarterContent/Maps/Minimal_Default.Minimal_Default:PersistentLevel' has LevelScriptBlueprint '/Game/StarterContent/Maps/Minimal_Default.Minimal_Default:PersistentLevel.Minimal_Default' with GeneratedClass '/Game/StarterContent/Maps/Minimal_Default.Minimal_Default_C' with ClassGeneratedBy '/Game/StarterContent/Maps/Minimal_Default.Minimal_Default:PersistentLevel.Minimal_Default'
[2018.02.26-13.41.10:080][152]LogPlayLevel: PlayLevel: No blueprints needed recompiling
[2018.02.26-13.41.10:080][152]PIE: New page: PIE session: Minimal_Default (26 Feb 2018 13:41:10)
[2018.02.26-13.41.10:080][152]LogPlayLevel: Creating play world package: /Game/StarterContent/Maps/UEDPIE_0_Minimal_Default
[2018.02.26-13.41.10:087][152]LogPlayLevel: PIE: StaticDuplicateObject took: (0.006769s)
[2018.02.26-13.41.10:088][152]LogAIModule: Creating AISystem for world Minimal_Default
[2018.02.26-13.41.10:088][152]LogPlayLevel: PIE: World Init took: (0.000786s)
[2018.02.26-13.41.10:088][152]LogPlayLevel: PIE: Created PIE world by copying editor world from /Game/StarterContent/Maps/Minimal_Default.Minimal_Default to /Game/StarterContent/Maps/UEDPIE_0_Minimal_Default.Minimal_Default (0.007810s)
[2018.02.26-13.41.10:123][152]LogInit: XAudio2 using 'Speakers (Realtek High Definition Audio)' : 2 channels at 48 kHz using 32 bits per sample (channel mask 0x3)
[2018.02.26-13.41.10:170][152]LogInit: FAudioDevice initialized.
[2018.02.26-13.41.10:202][152]LogLoad: Game class is 'GameModeBase'
[2018.02.26-13.41.10:203][152]LogWorld: Bringing World /Game/StarterContent/Maps/UEDPIE_0_Minimal_Default.Minimal_Default up for play (max tick rate 0) at 2018.02.26-13.41.10
[2018.02.26-13.41.10:204][152]LogWorld: Bringing up level for play took: 0.001316
[2018.02.26-13.41.10:204][152]PIE: Play in editor start time for /Game/StarterContent/Maps/UEDPIE_0_Minimal_Default -0.106
[2018.02.26-13.41.10:205][152]LogBlueprintUserMessages: Late PlayInEditor Detection: Level '/Game/StarterContent/Maps/Minimal_Default.Minimal_Default:PersistentLevel' has LevelScriptBlueprint '/Game/StarterContent/Maps/Minimal_Default.Minimal_Default:PersistentLevel.Minimal_Default' with GeneratedClass '/Game/StarterContent/Maps/Minimal_Default.Minimal_Default_C' with ClassGeneratedBy '/Game/StarterContent/Maps/Minimal_Default.Minimal_Default:PersistentLevel.Minimal_Default'
[2018.02.26-13.41.19:743][293]LogBlueprintUserMessages: Early EndPlayMap Detection: Level '/Game/StarterContent/Maps/Minimal_Default.Minimal_Default:PersistentLevel' has LevelScriptBlueprint '/Game/StarterContent/Maps/Minimal_Default.Minimal_Default:PersistentLevel.Minimal_Default' with GeneratedClass '/Game/StarterContent/Maps/Minimal_Default.Minimal_Default_C' with ClassGeneratedBy '/Game/StarterContent/Maps/Minimal_Default.Minimal_Default:PersistentLevel.Minimal_Default'
[2018.02.26-13.41.19:788][293]LogBlueprintUserMessages: Late EndPlayMap Detection: Level '/Game/StarterContent/Maps/Minimal_Default.Minimal_Default:PersistentLevel' has LevelScriptBlueprint '/Game/StarterContent/Maps/Minimal_Default.Minimal_Default:PersistentLevel.Minimal_Default' with GeneratedClass '/Game/StarterContent/Maps/Minimal_Default.Minimal_Default_C' with ClassGeneratedBy '/Game/StarterContent/Maps/Minimal_Default.Minimal_Default:PersistentLevel.Minimal_Default'
[2018.02.26-14.08.33:566][721]LogActorComponent: RegisterComponentWithWorld: (/Engine/Transient.World_4:PersistentLevel.Actor_2.DebugSkelMeshComponent_2) Already registered. Aborting.
[2018.02.26-14.08.33:597][721]LogSkeletalMesh: USkeletalMeshComponent::InitArticulated : Bodies already created (/Engine/Transient.World_4:PersistentLevel.Actor_2.DebugSkelMeshComponent_2) - call TermArticulated first.
[2018.02.26-14.13.23:375][367]Running C:/Program Files (x86)/Epic Games/UE_4.17/Engine/Binaries/DotNET/UnrealBuildTool.exe PropNavigationGame Win64 Development -editorrecompile "M:/GitHub/Gameplay-Mechanics/PropNavigationGame/PropNavigationGame.uproject" -invalidatemakefilesonly
[2018.02.26-14.13.23:876][367]Invalidating makefiles only in this run.
[2018.02.26-14.13.24:023][367]Candidate modules for hot reload:
[2018.02.26-14.13.24:023][367]  PropNavigationGame
[2018.02.26-14.13.24:024][367]Launching UnrealBuildTool... [C:/Program Files (x86)/Epic Games/UE_4.17/Engine/Binaries/DotNET/UnrealBuildTool.exe PropNavigationGame -ModuleWithSuffix PropNavigationGame 197 Win64 Development -editorrecompile -canskiplink "M:/GitHub/Gameplay-Mechanics/PropNavigationGame/PropNavigationGame.uproject" ]
[2018.02.26-14.13.41:678][367]CompilerResultsLog: New page: Compilation - 26 Feb 2018 14:13:41
[2018.02.26-14.13.41:678][367]CompilerResultsLog: Compiling game modules for hot reload
[2018.02.26-14.13.41:678][367]CompilerResultsLog: Parsing headers for PropNavigationGameEditor
[2018.02.26-14.13.41:678][367]CompilerResultsLog:   Running UnrealHeaderTool "M:\GitHub\Gameplay-Mechanics\PropNavigationGame\PropNavigationGame.uproject" "M:\GitHub\Gameplay-Mechanics\PropNavigationGame\Intermediate\Build\Win64\PropNavigationGameEditor\Development\PropNavigationGameEditor.uhtmanifest" -LogCmds="loginit warning, logexit warning, logdatabase error" -Unattended -WarningsAsErrors -installed
[2018.02.26-14.13.41:678][367]CompilerResultsLog: Reflection code generated for PropNavigationGameEditor in 7.9231498 seconds
[2018.02.26-14.13.41:678][367]CompilerResultsLog: Performing 7 actions (4 in parallel)
[2018.02.26-14.13.41:678][367]CompilerResultsLog: ShootingComponent.cpp
[2018.02.26-14.13.41:678][367]CompilerResultsLog: Bullet.cpp
[2018.02.26-14.13.41:678][367]CompilerResultsLog: Bullet.gen.cpp
[2018.02.26-14.13.41:678][367]CompilerResultsLog: PropNavigationGame.init.gen.cpp
[2018.02.26-14.13.41:678][367]CompilerResultsLog: Error: M:\GitHub\Gameplay-Mechanics\PropNavigationGame\Source\PropNavigationGame\ShootingComponent.cpp(60) : error C2065: 'ABullet': undeclared identifier
[2018.02.26-14.13.41:678][367]CompilerResultsLog: Error: M:\GitHub\Gameplay-Mechanics\PropNavigationGame\Source\PropNavigationGame\ShootingComponent.cpp(60) : error C2065: 'bullet': undeclared identifier
[2018.02.26-14.13.41:678][367]CompilerResultsLog: Error: M:\GitHub\Gameplay-Mechanics\PropNavigationGame\Source\PropNavigationGame\ShootingComponent.cpp(60) : error C2065: 'bulletClass': undeclared identifier
[2018.02.26-14.13.41:678][367]CompilerResultsLog: Error: M:\GitHub\Gameplay-Mechanics\PropNavigationGame\Source\PropNavigationGame\ShootingComponent.cpp(60) : error C2065: 'spawnLocation': undeclared identifier
[2018.02.26-14.13.41:678][367]CompilerResultsLog: Error: M:\GitHub\Gameplay-Mechanics\PropNavigationGame\Source\PropNavigationGame\ShootingComponent.cpp(60) : error C2065: 'spawnRotation': undeclared identifier
[2018.02.26-14.13.41:678][367]CompilerResultsLog: ShootingComponent.gen.cpp
[2018.02.26-14.13.41:678][367]CompilerResultsLog: ERROR: UBT ERROR: Failed to produce item: M:\GitHub\Gameplay-Mechanics\PropNavigationGame\Binaries\Win64\UE4Editor-PropNavigationGame-197.dll
[2018.02.26-14.13.41:678][367]CompilerResultsLog: Total build time: 17.43 seconds (Local executor: 0.00 seconds)
[2018.02.26-14.13.41:678][367]LogMainFrame: MainFrame: Module compiling took 17.659 seconds
[2018.02.26-14.13.41:678][367]Warning: HotReload failed, recompile failed
[2018.02.26-14.13.41:687][367]Warning: RebindPackages failed because the compiler could not be started.
[2018.02.26-14.14.01:706][900]Candidate modules for hot reload:
[2018.02.26-14.14.01:706][900]  PropNavigationGame
[2018.02.26-14.14.01:707][900]Launching UnrealBuildTool... [C:/Program Files (x86)/Epic Games/UE_4.17/Engine/Binaries/DotNET/UnrealBuildTool.exe PropNavigationGame -ModuleWithSuffix PropNavigationGame 8510 Win64 Development -editorrecompile -canskiplink "M:/GitHub/Gameplay-Mechanics/PropNavigationGame/PropNavigationGame.uproject" ]
[2018.02.26-14.14.01:708][900]Warning: Starting HotReload took  0.0s.
[2018.02.26-14.14.23:271][410]CompilerResultsLog: New page: Compilation - 26 Feb 2018 14:14:23
[2018.02.26-14.14.23:271][410]CompilerResultsLog: Compiling game modules for hot reload
[2018.02.26-14.14.23:271][410]CompilerResultsLog: Parsing headers for PropNavigationGameEditor
[2018.02.26-14.14.23:271][410]CompilerResultsLog:   Running UnrealHeaderTool "M:\GitHub\Gameplay-Mechanics\PropNavigationGame\PropNavigationGame.uproject" "M:\GitHub\Gameplay-Mechanics\PropNavigationGame\Intermediate\Build\Win64\PropNavigationGameEditor\Development\PropNavigationGameEditor.uhtmanifest" -LogCmds="loginit warning, logexit warning, logdatabase error" -Unattended -WarningsAsErrors -installed
[2018.02.26-14.14.23:271][410]CompilerResultsLog: Reflection code generated for PropNavigationGameEditor in 10.1108512 seconds
[2018.02.26-14.14.23:271][410]CompilerResultsLog: Performing 3 actions (4 in parallel)
[2018.02.26-14.14.23:271][410]CompilerResultsLog: ShootingComponent.cpp
[2018.02.26-14.14.23:271][410]CompilerResultsLog: [2/3] Link UE4Editor-PropNavigationGame-8510.dll
[2018.02.26-14.14.23:271][410]CompilerResultsLog: [3/3] Link UE4Editor-PropNavigationGame-8510.lib
[2018.02.26-14.14.23:271][410]CompilerResultsLog:    Creating library M:\GitHub\Gameplay-Mechanics\PropNavigationGame\Intermediate\Build\Win64\UE4Editor\Development\UE4Editor-PropNavigationGame-8510.lib and object M:\GitHub\Gameplay-Mechanics\PropNavigationGame\Intermediate\Build\Win64\UE4Editor\Development\UE4Editor-PropNavigationGame-8510.exp
[2018.02.26-14.14.23:271][410]CompilerResultsLog:    Creating library M:\GitHub\Gameplay-Mechanics\PropNavigationGame\Intermediate\Build\Win64\UE4Editor\Development\UE4Editor-PropNavigationGame-8510.suppressed.lib and object M:\GitHub\Gameplay-Mechanics\PropNavigationGame\Intermediate\Build\Win64\UE4Editor\Development\UE4Editor-PropNavigationGame-8510.suppressed.exp
[2018.02.26-14.14.23:271][410]CompilerResultsLog: Total build time: 21.31 seconds (Local executor: 3.67 seconds)
[2018.02.26-14.14.23:271][410]LogMainFrame: MainFrame: Module compiling took 21.568 seconds
[2018.02.26-14.14.23:624][410]LogClass: Could not find existing class Bullet in package /Script/PropNavigationGame for HotReload, assuming new class
[2018.02.26-14.14.23:625][410]LogClass: Could not find existing class ShootingComponent in package /Script/PropNavigationGame for HotReload, assuming new class
[2018.02.26-14.14.25:636][410]LogWindows: Error: === Critical error: ===
[2018.02.26-14.14.25:636][410]LogWindows: Error: 
[2018.02.26-14.14.25:636][410]LogWindows: Error: Unhandled Exception: EXCEPTION_ACCESS_VIOLATION reading address 0x00000340
[2018.02.26-14.14.25:636][410]LogWindows: Error: 
[2018.02.26-14.14.25:636][410]LogWindows: Error: UE4Editor-PropNavigationGame-8510.dll!AActor::GetComponents<USkeletalMeshComponent,FDefaultAllocator>() [c:\program files (x86)\epic games\ue_4.17\engine\source\runtime\engine\classes\gameframework\actor.h:2734]
[2018.02.26-14.14.25:636][410]LogWindows: Error: UE4Editor-PropNavigationGame-8510.dll!UShootingComponent::UShootingComponent() [m:\github\gameplay-mechanics\propnavigationgame\source\propnavigationgame\shootingcomponent.cpp:19]
[2018.02.26-14.14.25:636][410]LogWindows: Error: UE4Editor-CoreUObject.dll!0x00000000E3EAA442
[2018.02.26-14.14.25:636][410]LogWindows: Error: UE4Editor-CoreUObject.dll!0x00000000E411324B
[2018.02.26-14.14.25:636][410]LogWindows: Error: UE4Editor-CoreUObject.dll!0x00000000E40F6C73
[2018.02.26-14.14.25:636][410]LogWindows: Error: UE4Editor-CoreUObject.dll!0x00000000E3EAC157
[2018.02.26-14.14.25:636][410]LogWindows: Error: UE4Editor-Core.dll!0x00000000E4418210
[2018.02.26-14.14.25:636][410]LogWindows: Error: UE4Editor-Core.dll!0x00000000E46668C0
[2018.02.26-14.14.25:636][410]LogWindows: Error: UE4Editor-Core.dll!0x00000000E4665BD3
[2018.02.26-14.14.25:637][410]LogWindows: Error: UE4Editor-HotReload.dll!0x00000000CB41275E
[2018.02.26-14.14.25:637][410]LogWindows: Error: UE4Editor-HotReload.dll!0x00000000CB40FD54
[2018.02.26-14.14.25:637][410]LogWindows: Error: UE4Editor-HotReload.dll!0x00000000CB410720
[2018.02.26-14.14.25:637][410]LogWindows: Error: UE4Editor-HotReload.dll!0x00000000CB422C1B
[2018.02.26-14.14.25:637][410]LogWindows: Error: UE4Editor-UnrealEd.dll!0x00000000DD6FAE4E
[2018.02.26-14.14.25:637][410]LogWindows: Error: UE4Editor-UnrealEd.dll!0x00000000DDF8B0E6
[2018.02.26-14.14.25:637][410]LogWindows: Error: UE4Editor.exe!0x000000003FDA534A
[2018.02.26-14.14.25:637][410]LogWindows: Error: UE4Editor.exe!0x000000003FDB3970
[2018.02.26-14.14.25:637][410]LogWindows: Error: UE4Editor.exe!0x000000003FDB39EA
[2018.02.26-14.14.25:637][410]LogWindows: Error: UE4Editor.exe!0x000000003FDC02D9
[2018.02.26-14.14.25:637][410]LogWindows: Error: UE4Editor.exe!0x000000003FDC1C47
[2018.02.26-14.14.25:637][410]LogWindows: Error: kernel32.dll!0x00000000773759CD
[2018.02.26-14.14.25:637][410]LogWindows: Error: ntdll.dll!0x00000000774D383D
[2018.02.26-14.14.25:637][410]LogWindows: Error: ntdll.dll!0x00000000774D383D
[2018.02.26-14.14.25:637][410]LogWindows: Error: 
[2018.02.26-14.14.25:660][410]LogExit: Executing StaticShutdownAfterError
[2018.02.26-14.14.25:663][410]LogWindows: FPlatformMisc::RequestExit(1)
[2018.02.26-14.14.25:664][410]Log file closed, 02/26/18 14:14:25
