Log file open, 03/10/18 23:49:48
LogWindows: Failed to load 'aqProf.dll' (GetLastError=126)
LogWindows: File 'aqProf.dll' does not exist
LogWindows: Failed to load 'VtuneApi.dll' (GetLastError=126)
LogWindows: File 'VtuneApi.dll' does not exist
LogWindows: Failed to load 'VtuneApi32e.dll' (GetLastError=126)
LogWindows: File 'VtuneApi32e.dll' does not exist
LogInit: Display: Running engine for game: PropNavigationGame
LogPlatformFile: Not using cached read wrapper
LogInit: Display: RandInit(2063443237) SRandInit(2063443238).
LogTaskGraph: Started task graph with 5 named threads and 14 total threads with 3 sets of task threads.
LogStats: Stats thread started at 0.162056
LogD3D11RHI: Aftermath initialized
LogPluginManager: Mounting plugin Paper2D
LogPluginManager: Mounting plugin LightPropagationVolume
LogPluginManager: Mounting plugin CodeLiteSourceCodeAccess
LogPluginManager: Mounting plugin GitSourceControl
LogPluginManager: Mounting plugin KDevelopSourceCodeAccess
LogPluginManager: Mounting plugin NullSourceCodeAccess
LogPluginManager: Mounting plugin PerforceSourceControl
LogPluginManager: Mounting plugin SubversionSourceControl
LogPluginManager: Mounting plugin UObjectPlugin
LogPluginManager: Mounting plugin VisualStudioSourceCodeAccess
LogPluginManager: Mounting plugin XCodeSourceCodeAccess
LogPluginManager: Mounting plugin AssetManagerEditor
LogPluginManager: Mounting plugin AudioCapture
LogPluginManager: Mounting plugin FacialAnimation
LogPluginManager: Mounting plugin GameplayTagsEditor
LogPluginManager: Mounting plugin MobileLauncherProfileWizard
LogPluginManager: Mounting plugin PluginBrowser
LogPluginManager: Mounting plugin SpeedTreeImporter
LogPluginManager: Mounting plugin AlembicImporter
LogPluginManager: Mounting plugin CharacterAI
LogPluginManager: Mounting plugin HTML5Networking
LogPluginManager: Mounting plugin AndroidMedia
LogPluginManager: Mounting plugin AvfMedia
LogPluginManager: Mounting plugin MediaPlayerEditor
LogPluginManager: Mounting plugin WmfMedia
LogPluginManager: Mounting plugin TcpMessaging
LogPluginManager: Mounting plugin UdpMessaging
LogPluginManager: Mounting plugin LevelSequenceEditor
LogPluginManager: Mounting plugin MatineeToLevelSequence
LogPluginManager: Mounting plugin OnlineSubsystemGooglePlay
LogPluginManager: Mounting plugin OnlineSubsystemIOS
LogPluginManager: Mounting plugin OnlineSubsystem
LogPluginManager: Mounting plugin OnlineSubsystemNull
LogPluginManager: Mounting plugin OnlineSubsystemUtils
LogPluginManager: Mounting plugin AndroidDeviceProfileSelector
LogPluginManager: Mounting plugin AndroidMoviePlayer
LogPluginManager: Mounting plugin AndroidPermission
LogPluginManager: Mounting plugin AppleMoviePlayer
LogPluginManager: Mounting plugin ArchVisCharacter
LogPluginManager: Mounting plugin CableComponent
LogPluginManager: Mounting plugin CustomMeshComponent
LogPluginManager: Mounting plugin ExampleDeviceProfileSelector
LogPluginManager: Mounting plugin GoogleCloudMessaging
LogPluginManager: Mounting plugin ImmediatePhysics
LogPluginManager: Mounting plugin IOSDeviceProfileSelector
LogPluginManager: Mounting plugin LinuxDeviceProfileSelector
LogPluginManager: Mounting plugin LocationServicesBPLibrary
LogPluginManager: Mounting plugin MobilePatchingUtils
LogPluginManager: Mounting plugin OculusVR
LogPluginManager: Mounting plugin PhysXVehicles
LogPluginManager: Mounting plugin ProceduralMeshComponent
LogPluginManager: Mounting plugin RuntimePhysXCooking
LogPluginManager: Mounting plugin SteamVR
LogPluginManager: Mounting plugin WindowsMoviePlayer
LogInit: Using libcurl 7.47.1
LogInit:  - built for x86_64-pc-win32
LogInit:  - supports SSL with OpenSSL/1.0.2g
LogInit:  - supports HTTP deflate (compression) using libz 1.2.8
LogInit:  - other features:
LogInit:      CURL_VERSION_SSL
LogInit:      CURL_VERSION_LIBZ
LogInit:      CURL_VERSION_IPV6
LogInit:      CURL_VERSION_ASYNCHDNS
LogInit:      CURL_VERSION_LARGEFILE
LogInit:      CURL_VERSION_IDN
LogInit:  CurlRequestOptions (configurable via config and command line):
LogInit:  - bVerifyPeer = false  - Libcurl will NOT verify peer certificate
LogInit:  - bUseHttpProxy = false  - Libcurl will NOT use HTTP proxy
LogInit:  - bDontReuseConnections = false  - Libcurl will reuse connections
LogInit:  - CertBundlePath = nullptr  - Libcurl will use whatever was configured at build time.
LogInit: Build: ++UE4+Release-4.17-CL-3658906
LogInit: Engine Version: 4.17.2-3658906+++UE4+Release-4.17
LogInit: Compatible Engine Version: 4.17.0-3573198+++UE4+Release-4.17
LogInit: Net CL: 3573198
LogDevObjectVersion: Number of dev versions registered: 16
LogDevObjectVersion:   Dev-Blueprints (B0D832E4-1F89-4F0D-ACCF-7EB736FD4AA2): 10
LogDevObjectVersion:   Dev-Build (E1C64328-A22C-4D53-A36C-8E866417BD8C): 0
LogDevObjectVersion:   Dev-Core (375EC13C-06E4-48FB-B500-84F0262A717E): 2
LogDevObjectVersion:   Dev-Editor (E4B068ED-F494-42E9-A231-DA0B2E46BB41): 20
LogDevObjectVersion:   Dev-Framework (CFFC743F-43B0-4480-9391-14DF171D2073): 28
LogDevObjectVersion:   Dev-Mobile (B02B49B5-BB20-44E9-A304-32B752E40360): 0
LogDevObjectVersion:   Dev-Networking (A4E4105C-59A1-49B5-A7C5-40C4547EDFEE): 0
LogDevObjectVersion:   Dev-Online (39C831C9-5AE6-47DC-9A44-9C173E1C8E7C): 0
LogDevObjectVersion:   Dev-Physics (78F01B33-EBEA-4F98-B9B4-84EACCB95AA2): 0
LogDevObjectVersion:   Dev-Platform (6631380F-2D4D-43E0-8009-CF276956A95A): 0
LogDevObjectVersion:   Dev-Rendering (12F88B9F-8875-4AFC-A67C-D90C383ABD29): 19
LogDevObjectVersion:   Dev-Sequencer (7B5AE74C-D270-4C10-A958-57980B212A5A): 4
LogDevObjectVersion:   Dev-VR (D7296918-1DD6-4BDD-9DE2-64A83CC13884): 0
LogDevObjectVersion:   Dev-LoadTimes (C2A15278-BFE7-4AFE-6C17-90FF531DF755): 1
LogDevObjectVersion:   Private-Geometry (6EACA3D4-40EC-4CC1-B786-8BED09428FC5): 1
LogDevObjectVersion:   Dev-AnimPhys (29E575DD-E0A3-4627-9D10-D276232CDCEA): 7
LogInit: Compiled (64-bit): Sep 22 2017 13:47:16
LogInit: Compiled with Visual C++: 19.00.24215.01
LogInit: Build Configuration: Development
LogInit: Branch Name: ++UE4+Release-4.17
LogInit: Command line: 
LogInit: Base directory: C:/Program Files/Epic Games/UE_4.17/Engine/Binaries/Win64/
LogInit: Installed Engine Build: 1
LogInit: Presizing for max 8388607 objects, including 0 objects not considered by GC, pre-allocating 0 bytes for permanent pool.
LogInit: Object subsystem initialized
[2018.03.10-23.49.49:923][  0]LogInit: Selected Device Profile: [Windows]
[2018.03.10-23.49.49:923][  0]LogInit: Applying CVar settings loaded from the selected device profile: [Windows]
[2018.03.10-23.49.49:933][  0]LogInit: Computer: DESKTOP-OEIKC8O
[2018.03.10-23.49.49:933][  0]LogInit: User: LiamMaclean
[2018.03.10-23.49.49:933][  0]LogInit: CPU Page size=4096, Cores=4
[2018.03.10-23.49.49:933][  0]LogInit: High frequency timer resolution =3.906249 MHz
[2018.03.10-23.49.49:934][  0]LogMemory: Memory total: Physical=15.9GB (16GB approx)
[2018.03.10-23.49.49:934][  0]LogMemory: Platform Memory Stats for Windows
[2018.03.10-23.49.49:934][  0]LogMemory: Process Physical Memory: 279.69 MB used, 279.69 MB peak
[2018.03.10-23.49.49:934][  0]LogMemory: Process Virtual Memory: 282.29 MB used, 282.29 MB peak
[2018.03.10-23.49.49:934][  0]LogMemory: Physical Memory: 4979.69 MB used,  11265.42 MB free, 16245.11 MB total
[2018.03.10-23.49.49:934][  0]LogMemory: Virtual Memory: 710.40 MB used,  11265.42 MB free, 134217728.00 MB total
[2018.03.10-23.49.50:066][  0]LogInit: Using OS detected language (en-GB).
[2018.03.10-23.49.50:066][  0]LogInit: Using OS detected locale (en-GB).
[2018.03.10-23.49.50:068][  0]LogTextLocalizationManager: No specific localization for 'en-GB' exists, so the 'en' localization will be used.
[2018.03.10-23.49.50:636][  0]LogD3D11RHI: D3D11 adapters:
[2018.03.10-23.49.50:696][  0]LogD3D11RHI:    0. 'NVIDIA GeForce GTX 1060 3GB' (Feature Level 11_0)
[2018.03.10-23.49.50:696][  0]LogD3D11RHI:       2997/0/8122 MB DedicatedVideo/DedicatedSystem/SharedSystem, Outputs:1, VendorId:0x10de
[2018.03.10-23.49.50:703][  0]LogD3D11RHI:    1. 'Intel(R) HD Graphics 4600' (Feature Level 11_0)
[2018.03.10-23.49.50:703][  0]LogD3D11RHI:       112/0/2048 MB DedicatedVideo/DedicatedSystem/SharedSystem, Outputs:0, VendorId:0x8086
[2018.03.10-23.49.50:706][  0]LogD3D11RHI:    2. 'Microsoft Basic Render Driver' (Feature Level 11_0)
[2018.03.10-23.49.50:706][  0]LogD3D11RHI:       0/0/8122 MB DedicatedVideo/DedicatedSystem/SharedSystem, Outputs:0, VendorId:0x1414
[2018.03.10-23.49.50:706][  0]LogD3D11RHI: Chosen D3D11 Adapter: 0
[2018.03.10-23.49.50:714][  0]LogD3D11RHI: Creating new Direct3DDevice
[2018.03.10-23.49.50:714][  0]LogD3D11RHI:     GPU DeviceId: 0x1c02 (for the marketing name, search the web for "GPU Device Id")
[2018.03.10-23.49.50:714][  0]LogWindows: EnumDisplayDevices:
[2018.03.10-23.49.50:714][  0]LogWindows:    0. 'NVIDIA GeForce GTX 1060 3GB' (P:1 D:1)
[2018.03.10-23.49.50:715][  0]LogWindows:    1. 'NVIDIA GeForce GTX 1060 3GB' (P:0 D:0)
[2018.03.10-23.49.50:715][  0]LogWindows:    2. 'NVIDIA GeForce GTX 1060 3GB' (P:0 D:0)
[2018.03.10-23.49.50:715][  0]LogWindows:    3. 'NVIDIA GeForce GTX 1060 3GB' (P:0 D:0)
[2018.03.10-23.49.50:715][  0]LogWindows:    4. 'Intel(R) HD Graphics 4600' (P:0 D:0)
[2018.03.10-23.49.50:715][  0]LogWindows:    5. 'Intel(R) HD Graphics 4600' (P:0 D:0)
[2018.03.10-23.49.50:715][  0]LogWindows:    6. 'Intel(R) HD Graphics 4600' (P:0 D:0)
[2018.03.10-23.49.50:715][  0]LogWindows: DebugString: GetVideoDriverDetailsInvalid PrimaryIsNotTheChoosenAdapter GetVideoDriverDetailsInvalid PrimaryIsNotTheChoosenAdapter GetVideoDriverDetailsInvalid PrimaryIsNotTheChoosenAdapter GetVideoDriverDetailsInvalid PrimaryIsNotTheChoosenAdapter GetVideoDriverDetailsInvalid PrimaryIsNotTheChoosenAdapter GetVideoDriverDetailsInvalid PrimaryIsNotTheChoosenAdapter GetVideoDriverDetailsInvalid PrimaryIsNotTheChoosenAdapter FoundDriverCount:0 
[2018.03.10-23.49.50:715][  0]LogD3D11RHI:     Adapter Name: NVIDIA GeForce GTX 1060 3GB
[2018.03.10-23.49.50:715][  0]LogD3D11RHI:   Driver Version: Unknown (internal:Unknown, unified:Unknown)
[2018.03.10-23.49.50:715][  0]LogD3D11RHI:      Driver Date: Unknown
[2018.03.10-23.49.50:715][  0]LogRHI: Texture pool is 1361 MB (70% of 1945 MB)
[2018.03.10-23.49.50:747][  0]LogD3D11RHI: Async texture creation enabled
[2018.03.10-23.49.50:760][  0]LogD3D11RHI: GPU Timing Frequency: 1000.000000 (Debug: 2 1)
[2018.03.10-23.49.50:810][  0]LogShaderCompilers: Guid format shader working directory is -38 characters bigger than the processId version (../../../../../../Users/Liam Maclean/Documents/GitHub/Gameplay-Mechanics/PropNavigationGame/Intermediate/Shaders/WorkingDirectory/9292/).
[2018.03.10-23.49.50:810][  0]LogShaderCompilers: Cleaned the shader compiler working directory 'C:/Users/Liam Maclean/AppData/Local/Temp/UnrealShaderWorkingDir/E9F8397F4A8F903FC439B9BC96465781/'.
[2018.03.10-23.49.50:810][  0]LogShaderCompilers: Display: Using Local Shader Compiler.
[2018.03.10-23.49.51:756][  0]LogTemp: Display: Loaded TP AllDesktopTargetPlatform
[2018.03.10-23.49.51:800][  0]LogTemp: Display: Loaded TP MacClientTargetPlatform
[2018.03.10-23.49.51:844][  0]LogTemp: Display: Loaded TP MacNoEditorTargetPlatform
[2018.03.10-23.49.51:888][  0]LogTemp: Display: Loaded TP MacServerTargetPlatform
[2018.03.10-23.49.51:935][  0]LogTemp: Display: Loaded TP MacTargetPlatform
[2018.03.10-23.49.51:981][  0]LogTemp: Display: Loaded TP WindowsClientTargetPlatform
[2018.03.10-23.49.52:027][  0]LogTemp: Display: Loaded TP WindowsNoEditorTargetPlatform
[2018.03.10-23.49.52:073][  0]LogTemp: Display: Loaded TP WindowsServerTargetPlatform
[2018.03.10-23.49.52:111][  0]LogTemp: Display: Loaded TP WindowsTargetPlatform
[2018.03.10-23.49.52:153][  0]LogTemp: Display: Loaded TP AndroidTargetPlatform
[2018.03.10-23.49.52:199][  0]LogTemp: Display: Loaded TP Android_ASTCTargetPlatform
[2018.03.10-23.49.52:241][  0]LogTemp: Display: Loaded TP Android_ATCTargetPlatform
[2018.03.10-23.49.52:287][  0]LogTemp: Display: Loaded TP Android_DXTTargetPlatform
[2018.03.10-23.49.52:331][  0]LogTemp: Display: Loaded TP Android_ETC1TargetPlatform
[2018.03.10-23.49.52:373][  0]LogTemp: Display: Loaded TP Android_ETC2TargetPlatform
[2018.03.10-23.49.52:459][  0]LogTemp: Display: Loaded TP Android_MultiTargetPlatform
[2018.03.10-23.49.52:459][  0]LogTemp: Display: Loaded TP Android_PVRTCTargetPlatform
[2018.03.10-23.49.52:491][  0]LogTemp: Display: Loaded TP HTML5TargetPlatform
[2018.03.10-23.49.52:571][  0]LogTemp: Display: Loaded TP IOSTargetPlatform
[2018.03.10-23.49.52:595][  0]LogTemp: Display: Loaded TP TVOSTargetPlatform
[2018.03.10-23.49.52:636][  0]LogTemp: Display: Loaded TP LinuxClientTargetPlatform
[2018.03.10-23.49.52:677][  0]LogTemp: Display: Loaded TP LinuxNoEditorTargetPlatform
[2018.03.10-23.49.52:718][  0]LogTemp: Display: Loaded TP LinuxServerTargetPlatform
[2018.03.10-23.49.52:763][  0]LogTemp: Display: Loaded TP LinuxTargetPlatform
[2018.03.10-23.49.52:763][  0]LogTargetPlatformManager: Display: Building Assets For Windows
[2018.03.10-23.49.53:192][  0]LogDerivedDataCache: Display: Max Cache Size: 512 MB
[2018.03.10-23.49.53:267][  0]LogDerivedDataCache: Loaded boot cache 0.08s 93MB C:/Users/Liam Maclean/AppData/Local/UnrealEngine/4.17/DerivedDataCache/Boot.ddc.
[2018.03.10-23.49.53:267][  0]LogDerivedDataCache: Display: Loaded Boot cache: C:/Users/Liam Maclean/AppData/Local/UnrealEngine/4.17/DerivedDataCache/Boot.ddc
[2018.03.10-23.49.53:267][  0]LogDerivedDataCache: FDerivedDataBackendGraph:  Pak pak cache file ../../../../../../Users/Liam Maclean/Documents/GitHub/Gameplay-Mechanics/PropNavigationGame/DerivedDataCache/DDC.ddp not found, will not use a pak cache.
[2018.03.10-23.49.53:267][  0]LogDerivedDataCache: Unable to find inner node Pak for hierarchical cache Hierarchy.
[2018.03.10-23.49.53:267][  0]LogDerivedDataCache: FDerivedDataBackendGraph:  CompressedPak pak cache file ../../../../../../Users/Liam Maclean/Documents/GitHub/Gameplay-Mechanics/PropNavigationGame/DerivedDataCache/Compressed.ddp not found, will not use a pak cache.
[2018.03.10-23.49.53:267][  0]LogDerivedDataCache: Unable to find inner node CompressedPak for hierarchical cache Hierarchy.
[2018.03.10-23.49.53:282][  0]LogDerivedDataCache: Display: Pak cache opened for reading ../../../Engine/DerivedDataCache/Compressed.ddp.
[2018.03.10-23.49.53:294][  0]LogDerivedDataCache: Using Local data cache path C:/Users/Liam Maclean/AppData/Local/UnrealEngine/Common/DerivedDataCache: Writable
[2018.03.10-23.49.53:305][  0]LogMaterial: Verifying Global Shaders for PCD3D_SM5
[2018.03.10-23.49.53:305][  0]LogSlate: Using Freetype 2.6.0
[2018.03.10-23.49.53:306][  0]LogSlate: SlateFontCache - WITH_FREETYPE: 1, WITH_HARFBUZZ: 1
[2018.03.10-23.49.53:306][  0]LogSlate: SlateFontCache - WITH_FREETYPE: 1, WITH_HARFBUZZ: 1
[2018.03.10-23.49.53:546][  0]LogAssetRegistry: FAssetRegistry took 0.0249 seconds to start up
[2018.03.10-23.49.53:648][  0]LogInit: Selected Device Profile: [Windows]
[2018.03.10-23.49.53:970][  0]LogSimplygon: Simplygon DLL not present - disabling.
[2018.03.10-23.49.54:004][  0]LogMeshReduction: Using SimplygonSwarm for distributed automatic mesh merging
[2018.03.10-23.49.54:004][  0]LogMeshReduction: Using QuadricMeshReduction for automatic static mesh reduction
[2018.03.10-23.49.54:004][  0]LogMeshReduction: No automatic skeletal mesh reduction module available
[2018.03.10-23.49.54:004][  0]LogMeshReduction: No automatic mesh merging module available
[2018.03.10-23.49.54:004][  0]LogMeshMerging: No automatic mesh merging module available
[2018.03.10-23.49.54:006][  0]LogContentStreaming: Texture pool size is 0.00 MB
[2018.03.10-23.49.54:411][  0]LogNetVersion: PropNavigationGame , NetCL: 3573198, EngineNetVer: 2, GameNetVer: 0 (Checksum: 1685960384)
[2018.03.10-23.49.54:659][  0]LogPackageLocalizationCache: Processed 5 localized package path(s) for 2 prioritized culture(s) in 0.065595 seconds
[2018.03.10-23.49.54:666][  0]LogUObjectArray: 35825 objects as part of root set at end of initial load.
[2018.03.10-23.49.54:666][  0]LogUObjectAllocator: 7529112 out of 0 bytes used by permanent object pool.
[2018.03.10-23.49.54:666][  0]LogUObjectArray: CloseDisregardForGC: 0/0 objects in disregard for GC pool
[2018.03.10-23.49.54:738][  0]LogInit: WinSock: version 1.1 (2.2), MaxSocks=32767, MaxUdp=65467
[2018.03.10-23.49.57:212][  0]LogTcpMessaging: Initializing TcpMessaging bridge
[2018.03.10-23.49.57:253][  0]LogUdpMessaging: Initializing bridge on interface 0.0.0.0:0 to multicast group 230.0.0.1:6666.
[2018.03.10-23.49.57:795][  0]LogScriptCore: Error: Script Msg: A null object was passed as a world context object to UEngine::GetWorldFromContextObject().
[2018.03.10-23.49.57:795][  0]LogScriptCore: Error: Script call stack:
	[Empty] (FFrame::GetScriptCallstack() called from native code)
[2018.03.10-23.49.58:012][  0]LogStats: FPlatformStackWalk::StackWalkAndDump -  0.204 s
[2018.03.10-23.49.58:012][  0]LogOutputDevice: Error: === Handled ensure: ===
[2018.03.10-23.49.58:012][  0]LogOutputDevice: Error: 
[2018.03.10-23.49.58:012][  0]LogOutputDevice: Error: Ensure condition failed: AttachmentRules.LocationRule == EAttachmentRule::KeepRelative && AttachmentRules.RotationRule == EAttachmentRule::KeepRelative && AttachmentRules.ScaleRule == EAttachmentRule::KeepRelative [File:D:\Build\++UE4+Release-4.17+Compile\Sync\Engine\Source\Runtime\Engine\Private\Components\SceneComponent.cpp] [Line: 1672]
[2018.03.10-23.49.58:012][  0]LogOutputDevice: Error: AttachToComponent when called from a constructor is only setting up attachment and will always be treated as KeepRelative. Consider calling SetupAttachment directly instead.
[2018.03.10-23.49.58:012][  0]LogOutputDevice: Error: Stack: 
[2018.03.10-23.49.58:012][  0]LogOutputDevice: Error: UE4Editor-Core.dll!0x00000000F86D3E36
[2018.03.10-23.49.58:012][  0]LogOutputDevice: Error: UE4Editor-Core.dll!0x00000000F845C2D2
[2018.03.10-23.49.58:012][  0]LogOutputDevice: Error: UE4Editor-Core.dll!0x00000000F8474746
[2018.03.10-23.49.58:012][  0]LogOutputDevice: Error: UE4Editor-Engine.dll!0x00000000F53626B8
[2018.03.10-23.49.58:012][  0]LogOutputDevice: Error: UE4Editor-PropNavigationGame-8136.dll!APlayerShip::APlayerShip() [c:\users\liam maclean\documents\github\gameplay-mechanics\propnavigationgame\source\propnavigationgame\playership.cpp:31]
[2018.03.10-23.49.58:012][  0]LogOutputDevice: Error: UE4Editor-CoreUObject.dll!0x0000000009E6A182
[2018.03.10-23.49.58:012][  0]LogOutputDevice: Error: UE4Editor-CoreUObject.dll!0x000000000A0D33DB
[2018.03.10-23.49.58:012][  0]LogOutputDevice: Error: UE4Editor-CoreUObject.dll!0x000000000A0B6E03
[2018.03.10-23.49.58:012][  0]LogOutputDevice: Error: UE4Editor-CoreUObject.dll!0x0000000009E6BE97
[2018.03.10-23.49.58:012][  0]LogOutputDevice: Error: UE4Editor-Core.dll!0x00000000F82F8220
[2018.03.10-23.49.58:012][  0]LogOutputDevice: Error: UE4Editor-Core.dll!0x00000000F85468D0
[2018.03.10-23.49.58:012][  0]LogOutputDevice: Error: UE4Editor-Projects.dll!0x000000001B2DD3CD
[2018.03.10-23.49.58:012][  0]LogOutputDevice: Error: UE4Editor-Projects.dll!0x000000001B2DD6DE
[2018.03.10-23.49.58:012][  0]LogOutputDevice: Error: UE4Editor.exe!0x0000000033F364B1
[2018.03.10-23.49.58:012][  0]LogOutputDevice: Error: UE4Editor.exe!0x0000000033F3A7BD
[2018.03.10-23.49.58:012][  0]LogOutputDevice: Error: UE4Editor.exe!0x0000000033F3379A
[2018.03.10-23.49.58:012][  0]LogOutputDevice: Error: UE4Editor.exe!0x0000000033F339EA
[2018.03.10-23.49.58:012][  0]LogOutputDevice: Error: UE4Editor.exe!0x0000000033F402D9
[2018.03.10-23.49.58:012][  0]LogOutputDevice: Error: UE4Editor.exe!0x0000000033F41C47
[2018.03.10-23.49.58:012][  0]LogOutputDevice: Error: KERNEL32.DLL!0x000000003CEC1FE4
[2018.03.10-23.49.58:012][  0]LogOutputDevice: Error: ntdll.dll!0x000000003D4BEFC1
[2018.03.10-23.49.58:013][  0]LogOutputDevice: Error: 
[2018.03.10-23.49.58:016][  0]LogStats:                SubmitErrorReport -  0.000 s
[2018.03.10-23.49.58:289][  0]LogStats:                    SendNewReport -  0.273 s
[2018.03.10-23.49.58:289][  0]LogStats:             FDebug::EnsureFailed -  0.481 s
[2018.03.10-23.49.58:528][  0]LogMaterial: Uniform references updated for custom material expression Custom.
[2018.03.10-23.49.58:929][  0]SourceControl: Source control is disabled
[2018.03.10-23.49.58:929][  0]SourceControl: Source control is disabled
[2018.03.10-23.49.58:983][  0]SourceControl: Source control is disabled
[2018.03.10-23.49.59:039][  0]SourceControl: Source control is disabled
[2018.03.10-23.49.59:618][  0]LogAndroidPermission: UAndroidPermissionCallbackProxy::GetInstance
[2018.03.10-23.49.59:860][  0]LogOcInput: OculusInput pre-init called
[2018.03.10-23.50.00:098][  0]LogEngine: Initializing Engine...
[2018.03.10-23.50.00:100][  0]LogHMD: Failed to initialize OpenVR with code 110
[2018.03.10-23.50.00:293][  0]LogStats: UGameplayTagsManager::ConstructGameplayTagTree: Construct from data asset -  0.000 s
[2018.03.10-23.50.00:293][  0]LogStats: UGameplayTagsManager::ConstructGameplayTagTree: GameplayTagTreeChangedEvent.Broadcast -  0.000 s
[2018.03.10-23.50.00:402][  0]LogAIModule: Creating AISystem for world Untitled
[2018.03.10-23.50.00:409][  0]LogInit: XAudio2 using 'Speakers (High Definition Audio Device)' : 2 channels at 44.1 kHz using 16 bits per sample (channel mask 0x3)
[2018.03.10-23.50.00:419][  0]LogInit: FAudioDevice initialized.
[2018.03.10-23.50.00:650][  0]LogDerivedDataCache: Saved boot cache 0.23s 93MB C:/Users/Liam Maclean/AppData/Local/UnrealEngine/4.17/DerivedDataCache/Boot.ddc.
[2018.03.10-23.50.00:658][  0]LogInit: Texture streaming: Enabled
[2018.03.10-23.50.00:752][  0]LogEngineSessionManager: EngineSessionManager initialized
[2018.03.10-23.50.00:944][  0]LogInit: Transaction tracking system initialized
[2018.03.10-23.50.01:219][  0]BlueprintLog: New page: Editor Load
[2018.03.10-23.50.01:973][  0]LocalizationService: Localization service is disabled
[2018.03.10-23.50.02:558][  0]LogConsoleResponse: Display: 
[2018.03.10-23.50.02:719][  0]LogCook: Display: Max memory allowance for cook 16384mb min free memory 0mb
[2018.03.10-23.50.02:720][  0]LogCook: Display: Mobile HDR setting 1
[2018.03.10-23.50.02:720][  0]LogGameplayTags: Display: UGameplayTagsManager::DoneAddingNativeTags. DelegateIsBound: 0
[2018.03.10-23.50.03:097][  0]LogFileCache: Scanning file cache for directory 'C:/Users/Liam Maclean/Documents/GitHub/Gameplay-Mechanics/PropNavigationGame/Content/' took 0.01s
[2018.03.10-23.50.03:657][  0]SourceControl: Source control is disabled
[2018.03.10-23.50.03:658][  0]Cmd: MAP LOAD FILE="../../../../../../Users/Liam Maclean/Documents/GitHub/Gameplay-Mechanics/PropNavigationGame/Content/StarterContent/Maps/Minimal_Default.umap" TEMPLATE=0 SHOWPROGRESS=1 FEATURELEVEL=3
[2018.03.10-23.50.03:658][  0]LightingResults: New page: Lighting Build
[2018.03.10-23.50.03:694][  0]MapCheck: New page: Map Check
[2018.03.10-23.50.03:694][  0]LightingResults: New page: Lighting Build
[2018.03.10-23.50.03:990][  0]LogAIModule: Creating AISystem for world Minimal_Default
[2018.03.10-23.50.03:998][  0]LogEditorServer: Finished looking for orphan Actors (0.000 secs)
[2018.03.10-23.50.04:010][  0]Cmd: MAP CHECKDEP NOCLEARLOG
[2018.03.10-23.50.04:057][  0]MapCheck: Map check complete: 0 Error(s), 0 Warning(s), took 47.127ms to complete.
[2018.03.10-23.50.04:057][  0]LogFileHelpers: Loading map 'Minimal_Default' took 0.399
[2018.03.10-23.50.04:191][  0]LogCollectionManager: Loaded 0 collections in 0.001494 seconds
[2018.03.10-23.50.04:261][  0]LogFileCache: Scanning file cache for directory 'C:/Users/Liam Maclean/Documents/GitHub/Gameplay-Mechanics/PropNavigationGame/Saved/Collections/' took 0.01s
[2018.03.10-23.50.04:261][  0]LogFileCache: Scanning file cache for directory 'C:/Users/Liam Maclean/Documents/GitHub/Gameplay-Mechanics/PropNavigationGame/Content/Developers/LiamMaclean/Collections/' took 0.01s
[2018.03.10-23.50.04:261][  0]LogFileCache: Scanning file cache for directory 'C:/Users/Liam Maclean/Documents/GitHub/Gameplay-Mechanics/PropNavigationGame/Content/Collections/' took 0.01s
[2018.03.10-23.50.04:261][  0]LogCollectionManager: Rebuilt the GUID cache for 0 collections in 0.000001 seconds
[2018.03.10-23.50.04:270][  0]LogContentBrowser: Native class hierarchy populated in 0.0085 seconds. Added 2396 classes and 502 folders.
[2018.03.10-23.50.04:325][  0]LogContentBrowser: Native class hierarchy updated for 'WidgetCarousel' in 0.0015 seconds. Added 0 classes and 0 folders.
[2018.03.10-23.50.04:362][  0]LogContentBrowser: Native class hierarchy updated for 'AddContentDialog' in 0.0020 seconds. Added 0 classes and 0 folders.
[2018.03.10-23.50.04:399][  0]LogContentBrowser: Native class hierarchy updated for 'SceneOutliner' in 0.0017 seconds. Added 1 classes and 2 folders.
[2018.03.10-23.50.04:456][  0]LogSlate: Took 0.000252 seconds to synchronously load lazily loaded font '../../../Engine/Content/Slate/Fonts/Roboto-Regular.ttf' (155K)
[2018.03.10-23.50.04:458][  0]LogSlate: Took 0.000156 seconds to synchronously load lazily loaded font '../../../Engine/Content/Slate/Fonts/Roboto-Bold.ttf' (160K)
[2018.03.10-23.50.04:462][  0]LogSlate: Took 0.000167 seconds to synchronously load lazily loaded font '../../../Engine/Content/Editor/Slate/Fonts/FontAwesome.ttf' (139K)
[2018.03.10-23.50.04:554][  0]LogRenderer: Reallocating scene render targets to support 1208x576 Format 10 NumSamples 1 (Frame:1).
[2018.03.10-23.50.04:585][  0]LogSlate: Took 0.000199 seconds to synchronously load lazily loaded font '../../../Engine/Content/Slate/Fonts/Roboto-Light.ttf' (159K)
[2018.03.10-23.50.04:719][  0]LogContentBrowser: Native class hierarchy updated for 'HierarchicalLODOutliner' in 0.0016 seconds. Added 1 classes and 2 folders.
[2018.03.10-23.50.04:719][  0]LogLoad: (Engine Initialization) Total time: 17.38 seconds
[2018.03.10-23.50.04:719][  0]LogLoad: (Engine Initialization) Total Blueprint compile time: 0.00 seconds
[2018.03.10-23.50.04:719][  0]LogExternalProfiler: Found external profiler: VSPerf
[2018.03.10-23.50.04:719][  0]LogExternalProfiler: Using external profiler: VSPerf
[2018.03.10-23.50.05:077][  0]LogAssetRegistry: Asset discovery search completed in 11.5517 seconds
[2018.03.10-23.50.05:079][  0]LogCollectionManager: Rebuilt the object cache for 0 collections in 0.000001 seconds (found 0 objects)
[2018.03.10-23.50.05:079][  0]LogCollectionManager: Fixed up redirectors for 0 collections in 0.000049 seconds (updated 0 objects)
[2018.03.10-23.50.05:081][  0]LogContentStreaming: Texture pool size now 1000 MB
[2018.03.10-23.50.06:060][  3]LogSlate: Took 0.000265 seconds to synchronously load lazily loaded font '../../../Engine/Content/Slate/Fonts/Roboto-Light.ttf' (159K)
[2018.03.10-23.51.01:312][224]LogSlate: Took 0.000172 seconds to synchronously load lazily loaded font '../../../Engine/Content/Slate/Fonts/Roboto-Light.ttf' (159K)
[2018.03.10-23.51.01:366][224]LogAIModule: Creating AISystem for world StarTrekMap
[2018.03.10-23.51.01:382][224]Cmd: MAP LOAD FILE="../../../../../../Users/Liam Maclean/Documents/GitHub/Gameplay-Mechanics/PropNavigationGame/Content/StarTrekMap.umap" TEMPLATE=0 SHOWPROGRESS=1 FEATURELEVEL=3
[2018.03.10-23.51.01:382][224]LightingResults: New page: Lighting Build
[2018.03.10-23.51.01:382][224]LoadErrors: New page: Loading map: StarTrekMap.umap
[2018.03.10-23.51.01:383][224]MapCheck: New page: Map Check
[2018.03.10-23.51.01:383][224]LightingResults: New page: Lighting Build
[2018.03.10-23.51.01:432][224]LogEditorServer: Finished looking for orphan Actors (0.000 secs)
[2018.03.10-23.51.01:464][224]Cmd: MAP CHECKDEP NOCLEARLOG
[2018.03.10-23.51.01:514][224]MapCheck: Map check complete: 0 Error(s), 0 Warning(s), took 48.882ms to complete.
[2018.03.10-23.51.01:514][224]LogFileHelpers: Loading map 'StarTrekMap' took 0.133
[2018.03.10-23.51.03:112][405]LogEditorViewport: Clicking on Actor (LMB): PlayerShip (PlayerShip1)
[2018.03.10-23.51.09:534][ 81]LogTemp: Repeating last play command: Selected Viewport
[2018.03.10-23.51.09:566][ 81]LogPlayLevel: PlayLevel: No blueprints needed recompiling
[2018.03.10-23.51.09:567][ 81]PIE: New page: PIE session: StarTrekMap (10 Mar 2018 23:51:09)
[2018.03.10-23.51.09:567][ 81]LogPlayLevel: Creating play world package: /Game/UEDPIE_0_StarTrekMap
[2018.03.10-23.51.09:569][ 81]LogPlayLevel: PIE: StaticDuplicateObject took: (0.001616s)
[2018.03.10-23.51.09:569][ 81]LogAIModule: Creating AISystem for world StarTrekMap
[2018.03.10-23.51.09:569][ 81]LogPlayLevel: PIE: World Init took: (0.000874s)
[2018.03.10-23.51.09:570][ 81]LogPlayLevel: PIE: Created PIE world by copying editor world from /Game/StarTrekMap.StarTrekMap to /Game/UEDPIE_0_StarTrekMap.StarTrekMap (0.002821s)
[2018.03.10-23.51.09:606][ 81]LogInit: XAudio2 using 'Speakers (High Definition Audio Device)' : 2 channels at 44.1 kHz using 16 bits per sample (channel mask 0x3)
[2018.03.10-23.51.09:612][ 81]LogInit: FAudioDevice initialized.
[2018.03.10-23.51.09:658][ 81]LogLoad: Game class is 'MySpaceGameMode_C'
[2018.03.10-23.51.09:660][ 81]LogWorld: Bringing World /Game/UEDPIE_0_StarTrekMap.StarTrekMap up for play (max tick rate 0) at 2018.03.10-23.51.09
[2018.03.10-23.51.09:661][ 81]LogWorld: Bringing up level for play took: 0.001170
[2018.03.10-23.51.09:697][ 81]LogContentBrowser: Native class hierarchy updated for 'MovieSceneCapture' in 0.0018 seconds. Added 11 classes and 0 folders.
[2018.03.10-23.51.09:699][ 81]PIE: Play in editor start time for /Game/UEDPIE_0_StarTrekMap -0.427
[2018.03.10-23.51.21:149][452]LogTemp: Warning: Targeted Actor: EnemyShip_1.
[2018.03.10-23.51.21:332][474]LogTemp: Warning: Trace Actor EnemyShip_1.
[2018.03.10-23.51.22:340][595]LogTemp: Warning: Trace Actor EnemyShip_1.
[2018.03.10-23.51.22:824][653]LogTemp: Warning: Trace Actor EnemyShip_1.
[2018.03.10-23.51.23:465][730]LogTemp: Warning: Trace Actor EnemyShip_1.
[2018.03.10-23.51.23:899][782]LogTemp: Warning: Trace Actor EnemyShip_1.
[2018.03.10-23.51.24:382][840]LogTemp: Warning: Trace Actor EnemyShip_1.
[2018.03.10-23.51.25:049][920]LogTemp: Warning: Trace Actor EnemyShip_1.
[2018.03.10-23.51.25:316][952]LogTemp: Warning: Trace Actor EnemyShip_1.
[2018.03.10-23.51.25:532][978]LogTemp: Warning: Trace Actor EnemyShip_1.
[2018.03.10-23.51.25:708][999]LogTemp: Warning: Trace Actor EnemyShip_1.
[2018.03.10-23.51.25:858][ 17]LogTemp: Warning: Trace Actor EnemyShip_1.
[2018.03.10-23.51.25:999][ 34]LogTemp: Warning: Trace Actor EnemyShip_1.
[2018.03.10-23.51.26:149][ 52]LogTemp: Warning: Trace Actor EnemyShip_1.
[2018.03.10-23.51.26:291][ 69]LogTemp: Warning: Trace Actor EnemyShip_1.
[2018.03.10-23.51.26:458][ 89]LogTemp: Warning: Trace Actor EnemyShip_1.
[2018.03.10-23.51.26:641][111]LogTemp: Warning: Trace Actor EnemyShip_1.
[2018.03.10-23.51.26:817][132]LogTemp: Warning: Trace Actor EnemyShip_1.
[2018.03.10-23.51.27:050][160]LogTemp: Warning: Trace Actor EnemyShip_1.
[2018.03.10-23.51.27:258][185]LogTemp: Warning: Trace Actor EnemyShip_1.
[2018.03.10-23.51.27:441][207]LogTemp: Warning: Trace Actor EnemyShip_1.
[2018.03.10-23.51.27:624][229]LogTemp: Warning: Trace Actor EnemyShip_1.
[2018.03.10-23.51.27:808][251]LogTemp: Warning: Trace Actor EnemyShip_1.
[2018.03.10-23.51.27:975][271]LogTemp: Warning: Trace Actor EnemyShip_1.
[2018.03.10-23.51.28:141][291]LogTemp: Warning: Trace Actor EnemyShip_1.
[2018.03.10-23.51.28:316][312]LogTemp: Warning: Trace Actor EnemyShip_1.
[2018.03.10-23.51.28:475][331]LogTemp: Warning: Trace Actor EnemyShip_1.
[2018.03.10-23.51.28:633][350]LogTemp: Warning: Trace Actor EnemyShip_1.
[2018.03.10-23.51.28:767][366]LogTemp: Warning: Trace Actor EnemyShip_1.
[2018.03.10-23.51.28:925][385]LogTemp: Warning: Trace Actor EnemyShip_1.
[2018.03.10-23.51.29:241][423]LogTemp: Warning: Trace Actor EnemyShip_1.
[2018.03.10-23.51.29:400][442]LogTemp: Warning: Trace Actor EnemyShip_1.
[2018.03.10-23.51.29:550][460]LogTemp: Warning: Trace Actor EnemyShip_1.
[2018.03.10-23.51.29:708][479]LogTemp: Warning: Trace Actor EnemyShip_1.
[2018.03.10-23.51.29:850][496]LogTemp: Warning: Trace Actor EnemyShip_1.
[2018.03.10-23.51.30:000][514]LogTemp: Warning: Trace Actor EnemyShip_1.
[2018.03.10-23.51.30:142][531]LogTemp: Warning: Trace Actor EnemyShip_1.
[2018.03.10-23.51.30:283][548]LogTemp: Warning: Trace Actor EnemyShip_1.
[2018.03.10-23.51.30:433][566]LogTemp: Warning: Trace Actor EnemyShip_1.
[2018.03.10-23.51.30:647][589]LogTemp: Warning: Trace Actor EnemyShip_1.
[2018.03.10-23.51.30:849][612]LogTemp: Warning: Trace Actor EnemyShip_1.
[2018.03.10-23.51.31:024][633]LogTemp: Warning: Trace Actor EnemyShip_1.
[2018.03.10-23.51.31:257][661]LogTemp: Warning: Trace Actor EnemyShip_1.
[2018.03.10-23.51.31:516][692]LogTemp: Warning: Trace Actor EnemyShip_1.
[2018.03.10-23.51.31:799][726]LogTemp: Warning: Trace Actor EnemyShip_1.
[2018.03.10-23.51.32:032][754]LogTemp: Warning: Trace Actor EnemyShip_1.
[2018.03.10-23.51.32:457][805]LogTemp: Warning: Trace Actor EnemyShip_1.
[2018.03.10-23.51.32:882][856]LogTemp: Warning: Trace Actor EnemyShip_1.
[2018.03.10-23.51.33:124][885]LogTemp: Warning: Trace Actor EnemyShip_1.
[2018.03.10-23.51.33:316][908]LogTemp: Warning: Trace Actor EnemyShip_1.
[2018.03.10-23.51.33:482][928]LogTemp: Warning: Trace Actor EnemyShip_1.
[2018.03.10-23.51.33:649][948]LogTemp: Warning: Trace Actor EnemyShip_1.
[2018.03.10-23.51.33:816][968]LogTemp: Warning: Trace Actor EnemyShip_1.
[2018.03.10-23.51.33:983][988]LogTemp: Warning: Trace Actor EnemyShip_1.
[2018.03.10-23.51.34:149][  8]LogTemp: Warning: Trace Actor EnemyShip_1.
[2018.03.10-23.51.34:307][ 27]LogTemp: Warning: Trace Actor EnemyShip_1.
[2018.03.10-23.51.34:449][ 44]LogTemp: Warning: Trace Actor EnemyShip_1.
[2018.03.10-23.51.34:600][ 62]LogTemp: Warning: Trace Actor EnemyShip_1.
[2018.03.10-23.51.34:741][ 79]LogTemp: Warning: Trace Actor EnemyShip_1.
[2018.03.10-23.51.34:891][ 97]LogTemp: Warning: Trace Actor EnemyShip_1.
[2018.03.10-23.53.14:908][774]LogContentBrowser: Native class hierarchy updated for 'TextureEditor' in 0.0020 seconds. Added 1 classes and 2 folders.
[2018.03.10-23.53.17:773][ 22]LogSavePackage: Save=7.19ms
[2018.03.10-23.53.17:773][ 22]LogSavePackage: Moving '../../../../../../Users/Liam Maclean/Documents/GitHub/Gameplay-Mechanics/PropNavigationGame/Saved/BaseBeam8A3A3F02405C9DA00D90C3A4E0F7173B.tmp' to '../../../../../../Users/Liam Maclean/Documents/GitHub/Gameplay-Mechanics/PropNavigationGame/Content/StarterContent/BaseBeam.uasset'
[2018.03.10-23.53.17:774][ 22]LogSavePackage: Display: Finished SavePackage ../../../../../../Users/Liam Maclean/Documents/GitHub/Gameplay-Mechanics/PropNavigationGame/Content/StarterContent/BaseBeam.uasset
[2018.03.10-23.56.39:412][903]LogContentBrowser: Native class hierarchy updated for 'MaterialEditor' in 0.0018 seconds. Added 1 classes and 0 folders.
[2018.03.10-23.56.39:441][903]LogMaterial: Missing cached shader map for material NewMaterial, compiling. 
[2018.03.10-23.56.39:669][903]LogMaterial: Missing cached shader map for material NewMaterial, compiling. 
[2018.03.10-23.56.39:689][903]LogMaterial: Missing cached shader map for material NewMaterial, compiling. 
[2018.03.10-23.56.39:741][903]LogMaterial: Missing cached shader map for material FMatExpressionPreview MaterialExpressionTextureSample_0, compiling. 
[2018.03.10-23.56.39:745][903]LogMaterial: Missing cached shader map for material FMatExpressionPreview MaterialExpressionDivide_0, compiling. 
[2018.03.10-23.56.39:865][903]LogSlate: Took 0.000310 seconds to synchronously load lazily loaded font '../../../Engine/Content/Editor/Slate/Fonts/Roboto-BoldCondensed.ttf' (158K)
[2018.03.10-23.56.40:297][909]LogSlate: Took 0.000274 seconds to synchronously load lazily loaded font '../../../Engine/Content/Editor/Slate/Fonts/Roboto-Italic.ttf' (157K)
[2018.03.10-23.56.41:612][977]MaterialEditorStats: Base pass shader: 49 instructions
[2018.03.10-23.56.41:612][977]MaterialEditorStats: Vertex shader: 124 instructions
[2018.03.10-23.56.41:612][977]MaterialEditorStats: Texture samplers: 5/16
[2018.03.10-23.56.41:612][977]MaterialEditorStats: User interpolators: 2/4 Scalars (1/4 Vectors) (TexCoords: 2, Custom: 0)
[2018.03.10-23.57.02:717][604]LogMaterialEditor: Saving and Compiling material NewMaterial
[2018.03.10-23.57.03:119][604]LogMaterial: Missing cached shader map for material NewMaterial, compiling. 
[2018.03.10-23.57.03:162][604]LogMaterial: Missing cached shader map for material NewMaterial, compiling. 
[2018.03.10-23.57.03:222][604]LogMaterial: Missing cached shader map for material NewMaterial, compiling. 
[2018.03.10-23.57.03:288][604]LogMaterial: Missing cached shader map for material FDebugViewModeMaterialProxy NewMaterial, compiling. 
[2018.03.10-23.57.04:609][604]TextureStreamingBuild: Display: Compiling optional shaders took 1.326 seconds.
[2018.03.10-23.57.10:253][604]LogSlate: Took 0.000138 seconds to synchronously load lazily loaded font '../../../Engine/Content/Slate/Fonts/Roboto-Regular.ttf' (155K)
[2018.03.10-23.57.10:293][604]LogSavePackage: Save=12.85ms
[2018.03.10-23.57.10:293][604]LogSavePackage: Moving '../../../../../../Users/Liam Maclean/Documents/GitHub/Gameplay-Mechanics/PropNavigationGame/Saved/NewMaterial3ABC1D294D57887C4BACED851EB223B5.tmp' to '../../../../../../Users/Liam Maclean/Documents/GitHub/Gameplay-Mechanics/PropNavigationGame/Content/StarterContent/NewMaterial.uasset'
[2018.03.10-23.57.10:296][604]LogSavePackage: Display: Finished SavePackage ../../../../../../Users/Liam Maclean/Documents/GitHub/Gameplay-Mechanics/PropNavigationGame/Content/StarterContent/NewMaterial.uasset
[2018.03.10-23.57.10:301][604]MaterialEditorStats: Base pass shader: 49 instructions
[2018.03.10-23.57.10:301][604]MaterialEditorStats: Vertex shader: 124 instructions
[2018.03.10-23.57.10:301][604]MaterialEditorStats: Texture samplers: 7/16
[2018.03.10-23.57.10:301][604]MaterialEditorStats: User interpolators: 2/4 Scalars (1/4 Vectors) (TexCoords: 2, Custom: 0)
[2018.03.10-23.57.11:553][665]LogTexture: Display: Building textures: bkg1_back6 (AutoDXT, 1024X1024)
[2018.03.10-23.57.11:554][665]LogMaterial: Missing cached shader map for material EngineTrailMaterial, compiling. 
[2018.03.10-23.57.11:582][665]LogMaterial: Missing cached shader map for material EngineTrailMaterial, compiling. 
[2018.03.10-23.57.11:668][665]LogMaterial: Missing cached shader map for material EngineTrailMaterial, compiling. 
[2018.03.10-23.57.11:686][665]LogMaterial: Missing cached shader map for material EngineTrailMaterial, compiling. 
[2018.03.10-23.57.11:723][665]LogMaterial: Missing cached shader map for material FMatExpressionPreview MaterialExpressionTextureSample_0, compiling. 
[2018.03.10-23.57.13:419][735]LogContentBrowser: Native class hierarchy updated for 'Cascade' in 0.0017 seconds. Added 2 classes and 2 folders.
[2018.03.10-23.57.13:740][735]MaterialEditorStats: Base pass shader: 78 instructions
[2018.03.10-23.57.13:740][735]MaterialEditorStats: Vertex shader: 29 instructions
[2018.03.10-23.57.13:740][735]MaterialEditorStats: Texture samplers: 1/16
[2018.03.10-23.58.13:715][597]LogCascade: Non-seeded module ParticleModuleBeamModifier
[2018.03.10-23.58.43:864][ 29]LogCascade: Non-seeded module ParticleModuleBeamModifier
[2018.03.10-23.58.46:571][250]LogSavePackage: Save=12.18ms
[2018.03.10-23.58.46:571][250]LogSavePackage: Moving '../../../../../../Users/Liam Maclean/Documents/GitHub/Gameplay-Mechanics/PropNavigationGame/Saved/BeamParticleSystemCDA23287408ACE7BFD5B0D8E60E5DE6E.tmp' to '../../../../../../Users/Liam Maclean/Documents/GitHub/Gameplay-Mechanics/PropNavigationGame/Content/StarterContent/BeamParticleSystem.uasset'
[2018.03.10-23.58.46:574][250]LogSavePackage: Display: Finished SavePackage ../../../../../../Users/Liam Maclean/Documents/GitHub/Gameplay-Mechanics/PropNavigationGame/Content/StarterContent/BeamParticleSystem.uasset
[2018.03.10-23.58.48:404][385]LogCascade: Quitting Cascade. FXSystem=0x0000023C0C8A4220
[2018.03.10-23.58.53:243][885]LogWindowsTextInputMethodSystem: Display: IME system now deactivated.
[2018.03.10-23.58.53:445][886]Cmd: QUIT_EDITOR
[2018.03.10-23.58.54:188][886]LogExit: Preparing to exit.
[2018.03.10-23.58.54:575][886]LogDirectoryWatcher: A directory notification for 'C:/Users/Liam Maclean/Documents/GitHub/Gameplay-Mechanics/PropNavigationGame/Content/' was aborted.
[2018.03.10-23.58.54:590][886]LogExit: Editor shut down
[2018.03.10-23.58.54:593][886]LogExit: Transaction tracking system shut down
[2018.03.10-23.58.54:734][886]LogDirectoryWatcher: A directory notification for '../../../Engine/Content/' was aborted.
[2018.03.10-23.58.54:734][886]LogDirectoryWatcher: A directory notification for '../../../../../../Users/Liam Maclean/Documents/GitHub/Gameplay-Mechanics/PropNavigationGame/Content/' was aborted.
[2018.03.10-23.58.54:735][886]LogDirectoryWatcher: A directory notification for '../../../Engine/Plugins/2D/Paper2D/Content/' was aborted.
[2018.03.10-23.58.54:735][886]LogDirectoryWatcher: A directory notification for '../../../Engine/Plugins/Runtime/Oculus/OculusVR/Content/' was aborted.
[2018.03.10-23.58.54:735][886]LogDirectoryWatcher: A directory notification for '../../../Engine/Plugins/Runtime/Steam/SteamVR/Content/' was aborted.
[2018.03.10-23.58.54:772][886]LogExit: Object subsystem successfully closed.
[2018.03.10-23.58.54:784][886]LogD3D11RHI: Shutdown
[2018.03.10-23.58.54:784][886]LogD3D11RHI: CleanupD3DDevice
[2018.03.10-23.58.54:843][886]LogD3D11RHI: ~FD3D11DynamicRHI
[2018.03.10-23.58.54:856][886]LogModuleManager: Shutting down and abandoning module DistCurveEditor (542)
[2018.03.10-23.58.54:856][886]LogModuleManager: Shutting down and abandoning module Cascade (540)
[2018.03.10-23.58.54:856][886]LogModuleManager: Shutting down and abandoning module MaterialEditor (538)
[2018.03.10-23.58.54:856][886]LogModuleManager: Shutting down and abandoning module TextureEditor (536)
[2018.03.10-23.58.54:856][886]LogModuleManager: Shutting down and abandoning module MovieSceneCapture (534)
[2018.03.10-23.58.54:856][886]LogModuleManager: Shutting down and abandoning module HierarchicalLODOutliner (532)
[2018.03.10-23.58.54:856][886]LogModuleManager: Shutting down and abandoning module SceneOutliner (530)
[2018.03.10-23.58.54:856][886]LogModuleManager: Shutting down and abandoning module AddContentDialog (528)
[2018.03.10-23.58.54:856][886]LogDirectoryWatcher: A directory notification for 'C:/Program Files/Epic Games/UE_4.17/FeaturePacks/' was aborted.
[2018.03.10-23.58.54:857][886]LogModuleManager: Shutting down and abandoning module WidgetCarousel (527)
[2018.03.10-23.58.54:857][886]LogModuleManager: Shutting down and abandoning module EditorWidgets (524)
[2018.03.10-23.58.54:857][886]LogModuleManager: Shutting down and abandoning module CollectionManager (522)
[2018.03.10-23.58.54:857][886]LogDirectoryWatcher: A directory notification for 'C:/Users/Liam Maclean/Documents/GitHub/Gameplay-Mechanics/PropNavigationGame/Content/Collections/' was aborted.
[2018.03.10-23.58.54:857][886]LogDirectoryWatcher: A directory notification for 'C:/Users/Liam Maclean/Documents/GitHub/Gameplay-Mechanics/PropNavigationGame/Content/Developers/LiamMaclean/Collections/' was aborted.
[2018.03.10-23.58.54:857][886]LogDirectoryWatcher: A directory notification for 'C:/Users/Liam Maclean/Documents/GitHub/Gameplay-Mechanics/PropNavigationGame/Saved/Collections/' was aborted.
[2018.03.10-23.58.54:857][886]LogModuleManager: Shutting down and abandoning module StatsViewer (520)
[2018.03.10-23.58.54:857][886]LogModuleManager: Shutting down and abandoning module FoliageEdit (518)
[2018.03.10-23.58.54:857][886]LogModuleManager: Shutting down and abandoning module LandscapeEditor (516)
[2018.03.10-23.58.54:858][886]LogModuleManager: Shutting down and abandoning module MeshPaintMode (514)
[2018.03.10-23.58.54:858][886]LogModuleManager: Shutting down and abandoning module SceneDepthPickerMode (512)
[2018.03.10-23.58.54:858][886]LogModuleManager: Shutting down and abandoning module ActorPickerMode (510)
[2018.03.10-23.58.54:858][886]LogModuleManager: Shutting down and abandoning module GeometryMode (508)
[2018.03.10-23.58.54:858][886]LogModuleManager: Shutting down and abandoning module TextureAlignMode (506)
[2018.03.10-23.58.54:858][886]LogModuleManager: Shutting down and abandoning module BspMode (504)
[2018.03.10-23.58.54:858][886]LogModuleManager: Shutting down and abandoning module PIEPreviewDeviceProfileSelector (502)
[2018.03.10-23.58.54:858][886]LogModuleManager: Shutting down and abandoning module HardwareSurvey (500)
[2018.03.10-23.58.54:858][886]LogModuleManager: Shutting down and abandoning module SequenceRecorderSections (498)
[2018.03.10-23.58.54:858][886]LogModuleManager: Shutting down and abandoning module AutomationWorker (496)
[2018.03.10-23.58.54:858][886]LogModuleManager: Shutting down and abandoning module MatineeToLevelSequence (494)
[2018.03.10-23.58.54:858][886]LogModuleManager: Shutting down and abandoning module LevelSequenceEditor (492)
[2018.03.10-23.58.54:858][886]LogModuleManager: Shutting down and abandoning module PlacementMode (491)
[2018.03.10-23.58.54:858][886]LogModuleManager: Shutting down and abandoning module WmfMediaFactory (488)
[2018.03.10-23.58.54:858][886]LogModuleManager: Shutting down and abandoning module WmfMediaEditor (486)
[2018.03.10-23.58.54:858][886]LogModuleManager: Shutting down and abandoning module AvfMediaFactory (484)
[2018.03.10-23.58.54:858][886]LogModuleManager: Shutting down and abandoning module AvfMediaEditor (482)
[2018.03.10-23.58.54:858][886]LogModuleManager: Shutting down and abandoning module AndroidMediaFactory (480)
[2018.03.10-23.58.54:858][886]LogModuleManager: Shutting down and abandoning module Media (479)
[2018.03.10-23.58.54:858][886]LogModuleManager: Shutting down and abandoning module AndroidMediaEditor (476)
[2018.03.10-23.58.54:858][886]LogModuleManager: Shutting down and abandoning module CharacterAI (474)
[2018.03.10-23.58.54:858][886]LogModuleManager: Shutting down and abandoning module AudioCapture (472)
[2018.03.10-23.58.54:858][886]LogModuleManager: Shutting down and abandoning module SequenceRecorder (471)
[2018.03.10-23.58.54:858][886]LogModuleManager: Shutting down and abandoning module SmartSnapping (468)
[2018.03.10-23.58.54:858][886]LogModuleManager: Shutting down and abandoning module SessionServices (466)
[2018.03.10-23.58.54:858][886]LogModuleManager: Shutting down and abandoning module ViewportSnapping (464)
[2018.03.10-23.58.54:858][886]LogModuleManager: Shutting down and abandoning module ViewportInteraction (462)
[2018.03.10-23.58.54:858][886]LogModuleManager: Shutting down and abandoning module ClothPainter (460)
[2018.03.10-23.58.54:858][886]LogModuleManager: Shutting down and abandoning module LogVisualizer (458)
[2018.03.10-23.58.54:858][886]LogModuleManager: Shutting down and abandoning module IntroTutorials (456)
[2018.03.10-23.58.54:858][886]LogModuleManager: Shutting down and abandoning module GameProjectGeneration (455)
[2018.03.10-23.58.54:858][886]LogModuleManager: Shutting down and abandoning module IOSPlatformEditor (452)
[2018.03.10-23.58.54:858][886]LogModuleManager: Shutting down and abandoning module HTML5PlatformEditor (450)
[2018.03.10-23.58.54:858][886]LogModuleManager: Shutting down and abandoning module AndroidPlatformEditor (448)
[2018.03.10-23.58.54:858][886]LogModuleManager: Shutting down and abandoning module AndroidDeviceDetection (447)
[2018.03.10-23.58.55:534][886]LogModuleManager: Shutting down and abandoning module WindowsPlatformEditor (444)
[2018.03.10-23.58.55:534][886]LogModuleManager: Shutting down and abandoning module IOSRuntimeSettings (442)
[2018.03.10-23.58.55:534][886]LogModuleManager: Shutting down and abandoning module AndroidRuntimeSettings (440)
[2018.03.10-23.58.55:534][886]LogModuleManager: Shutting down and abandoning module InputBindingEditor (438)
[2018.03.10-23.58.55:534][886]LogModuleManager: Shutting down and abandoning module MergeActors (436)
[2018.03.10-23.58.55:534][886]LogModuleManager: Shutting down and abandoning module SizeMap (434)
[2018.03.10-23.58.55:534][886]LogModuleManager: Shutting down and abandoning module TreeMap (432)
[2018.03.10-23.58.55:534][886]LogModuleManager: Shutting down and abandoning module ReferenceViewer (430)
[2018.03.10-23.58.55:534][886]LogModuleManager: Shutting down and abandoning module LocalizationDashboard (428)
[2018.03.10-23.58.55:534][886]LogModuleManager: Shutting down and abandoning module LocalizationService (427)
[2018.03.10-23.58.55:534][886]LogModuleManager: Shutting down and abandoning module HardwareTargeting (424)
[2018.03.10-23.58.55:534][886]LogModuleManager: Shutting down and abandoning module DeviceProfileEditor (422)
[2018.03.10-23.58.55:534][886]LogModuleManager: Shutting down and abandoning module UndoHistory (420)
[2018.03.10-23.58.55:534][886]LogModuleManager: Shutting down and abandoning module XmlParser (418)
[2018.03.10-23.58.55:534][886]LogModuleManager: Shutting down and abandoning module Blutility (416)
[2018.03.10-23.58.55:534][886]LogModuleManager: Shutting down and abandoning module ProjectSettingsViewer (414)
[2018.03.10-23.58.55:535][886]LogModuleManager: Shutting down and abandoning module ProjectTargetPlatformEditor (413)
[2018.03.10-23.58.55:535][886]LogModuleManager: Shutting down and abandoning module EditorSettingsViewer (410)
[2018.03.10-23.58.55:535][886]LogModuleManager: Shutting down and abandoning module SettingsEditor (408)
[2018.03.10-23.58.55:535][886]LogModuleManager: Shutting down and abandoning module ProjectLauncher (406)
[2018.03.10-23.58.55:535][886]LogModuleManager: Shutting down and abandoning module SessionFrontend (404)
[2018.03.10-23.58.55:535][886]LogModuleManager: Shutting down and abandoning module ProfilerClient (402)
[2018.03.10-23.58.55:535][886]LogModuleManager: Shutting down and abandoning module DeviceManager (400)
[2018.03.10-23.58.55:535][886]LogModuleManager: Shutting down and abandoning module TargetDeviceServices (399)
[2018.03.10-23.58.55:587][886]LogModuleManager: Shutting down and abandoning module AutomationController (396)
[2018.03.10-23.58.55:587][886]LogModuleManager: Shutting down and abandoning module AutomationWindow (394)
[2018.03.10-23.58.55:587][886]LogModuleManager: Shutting down and abandoning module Layers (392)
[2018.03.10-23.58.55:587][886]LogModuleManager: Shutting down and abandoning module ComponentVisualizers (390)
[2018.03.10-23.58.55:587][886]LogModuleManager: Shutting down and abandoning module DetailCustomizations (388)
[2018.03.10-23.58.55:587][886]LogModuleManager: Shutting down and abandoning module PackagesDialog (386)
[2018.03.10-23.58.55:587][886]LogModuleManager: Shutting down and abandoning module Persona (384)
[2018.03.10-23.58.55:587][886]LogModuleManager: Shutting down and abandoning module AdvancedPreviewScene (383)
[2018.03.10-23.58.55:587][886]LogModuleManager: Shutting down and abandoning module AnimGraph (381)
[2018.03.10-23.58.55:587][886]LogModuleManager: Shutting down and abandoning module Kismet (378)
[2018.03.10-23.58.55:588][886]LogModuleManager: Shutting down and abandoning module ClassViewer (376)
[2018.03.10-23.58.55:588][886]LogModuleManager: Shutting down and abandoning module Toolbox (374)
[2018.03.10-23.58.55:588][886]LogModuleManager: Shutting down and abandoning module ModuleUI (372)
[2018.03.10-23.58.55:588][886]LogModuleManager: Shutting down and abandoning module MovieSceneTools (370)
[2018.03.10-23.58.55:588][886]LogModuleManager: Shutting down and abandoning module OutputLog (368)
[2018.03.10-23.58.55:588][886]LogModuleManager: Shutting down and abandoning module GammaUI (366)
[2018.03.10-23.58.55:588][886]LogModuleManager: Shutting down and abandoning module Documentation (364)
[2018.03.10-23.58.55:588][886]LogModuleManager: Shutting down and abandoning module MovieSceneTracks (362)
[2018.03.10-23.58.55:588][886]LogModuleManager: Shutting down and abandoning module MovieScene (360)
[2018.03.10-23.58.55:588][886]LogModuleManager: Shutting down and abandoning module Niagara (358)
[2018.03.10-23.58.55:588][886]LogModuleManager: Shutting down and abandoning module NiagaraEditor (357)
[2018.03.10-23.58.55:588][886]LogModuleManager: Shutting down and abandoning module StreamingPauseRendering (354)
[2018.03.10-23.58.55:588][886]LogModuleManager: Shutting down and abandoning module LauncherPlatform (352)
[2018.03.10-23.58.55:588][886]LogModuleManager: Shutting down and abandoning module AnalyticsET (350)
[2018.03.10-23.58.55:588][886]LogModuleManager: Shutting down and abandoning module PortalServices (348)
[2018.03.10-23.58.55:588][886]LogModuleManager: Shutting down and abandoning module PortalRpc (346)
[2018.03.10-23.58.55:588][886]LogModuleManager: Shutting down and abandoning module MessagingRpc (344)
[2018.03.10-23.58.55:588][886]LogModuleManager: Shutting down and abandoning module AIModule (342)
[2018.03.10-23.58.55:588][886]LogModuleManager: Shutting down and abandoning module GameplayDebugger (341)
[2018.03.10-23.58.55:588][886]LogModuleManager: Shutting down and abandoning module AITestSuite (339)
[2018.03.10-23.58.55:588][886]LogModuleManager: Shutting down and abandoning module ProfilerService (336)
[2018.03.10-23.58.55:595][886]LogModuleManager: Shutting down and abandoning module TaskGraph (334)
[2018.03.10-23.58.55:595][886]LogModuleManager: Shutting down and abandoning module SteamVRController (332)
[2018.03.10-23.58.55:595][886]LogModuleManager: Shutting down and abandoning module ProceduralMeshComponentEditor (330)
[2018.03.10-23.58.55:595][886]LogModuleManager: Shutting down and abandoning module ProceduralMeshComponent (328)
[2018.03.10-23.58.55:595][886]LogModuleManager: Shutting down and abandoning module OculusInput (326)
[2018.03.10-23.58.55:595][886]LogModuleManager: Shutting down and abandoning module MobilePatchingUtils (324)
[2018.03.10-23.58.55:595][886]LogModuleManager: Shutting down and abandoning module CustomMeshComponent (322)
[2018.03.10-23.58.55:595][886]LogModuleManager: Shutting down and abandoning module CableComponent (320)
[2018.03.10-23.58.55:595][886]LogModuleManager: Shutting down and abandoning module ArchVisCharacter (318)
[2018.03.10-23.58.55:595][886]LogModuleManager: Shutting down and abandoning module AndroidPermission (316)
[2018.03.10-23.58.55:595][886]LogModuleManager: Shutting down and abandoning module MediaPlayerEditor (312)
[2018.03.10-23.58.55:595][886]LogModuleManager: Shutting down and abandoning module HTML5Networking (310)
[2018.03.10-23.58.55:595][886]LogModuleManager: Shutting down and abandoning module AlembicImporter (308)
[2018.03.10-23.58.55:595][886]LogModuleManager: Shutting down and abandoning module AlembicLibrary (307)
[2018.03.10-23.58.55:595][886]LogModuleManager: Shutting down and abandoning module GeometryCache (306)
[2018.03.10-23.58.55:595][886]LogModuleManager: Shutting down and abandoning module GeometryCacheEd (305)
[2018.03.10-23.58.55:595][886]LogModuleManager: Shutting down and abandoning module SpeedTreeImporter (300)
[2018.03.10-23.58.55:595][886]LogModuleManager: Shutting down and abandoning module PluginBrowser (298)
[2018.03.10-23.58.55:595][886]LogModuleManager: Shutting down and abandoning module MobileLauncherProfileWizard (296)
[2018.03.10-23.58.55:595][886]LogModuleManager: Shutting down and abandoning module VisualStudioSourceCodeAccess (294)
[2018.03.10-23.58.55:595][886]LogModuleManager: Shutting down and abandoning module DesktopPlatform (293)
[2018.03.10-23.58.55:595][886]LogModuleManager: Shutting down and abandoning module UObjectPlugin (290)
[2018.03.10-23.58.55:595][886]LogModuleManager: Shutting down and abandoning module SubversionSourceControl (288)
[2018.03.10-23.58.55:595][886]LogModuleManager: Shutting down and abandoning module PerforceSourceControl (286)
[2018.03.10-23.58.55:595][886]LogModuleManager: Shutting down and abandoning module GitSourceControl (284)
[2018.03.10-23.58.55:595][886]LogModuleManager: Shutting down and abandoning module SourceControl (283)
[2018.03.10-23.58.55:595][886]LogModuleManager: Shutting down and abandoning module LightPropagationVolumeEditor (280)
[2018.03.10-23.58.55:595][886]LogModuleManager: Shutting down and abandoning module PaperTiledImporter (278)
[2018.03.10-23.58.55:595][886]LogModuleManager: Shutting down and abandoning module PaperSpriteSheetImporter (276)
[2018.03.10-23.58.55:595][886]LogModuleManager: Shutting down and abandoning module Paper2DEditor (274)
[2018.03.10-23.58.55:595][886]LogModuleManager: Shutting down and abandoning module MeshPaint (273)
[2018.03.10-23.58.55:595][886]LogModuleManager: Shutting down and abandoning module LevelEditor (271)
[2018.03.10-23.58.55:596][886]LogModuleManager: Shutting down and abandoning module PixelInspectorModule (270)
[2018.03.10-23.58.55:596][886]LogModuleManager: Shutting down and abandoning module MainFrame (268)
[2018.03.10-23.58.55:596][886]LogModuleManager: Shutting down and abandoning module HotReload (267)
[2018.03.10-23.58.55:596][886]LogDirectoryWatcher: A directory notification for 'C:/Users/Liam Maclean/Documents/GitHub/Gameplay-Mechanics/PropNavigationGame/Binaries/Win64' was aborted.
[2018.03.10-23.58.55:596][886]LogModuleManager: Shutting down and abandoning module PropNavigationGame (262)
[2018.03.10-23.58.55:596][886]LogModuleManager: Shutting down and abandoning module RuntimePhysXCooking (260)
[2018.03.10-23.58.55:596][886]LogModuleManager: Shutting down and abandoning module PhysXVehiclesEditor (258)
[2018.03.10-23.58.55:596][886]LogModuleManager: Shutting down and abandoning module PhysXVehicles (256)
[2018.03.10-23.58.55:596][886]LogModuleManager: Shutting down and abandoning module OculusEditor (254)
[2018.03.10-23.58.55:596][886]LogModuleManager: Shutting down and abandoning module LocationServicesBPLibrary (252)
[2018.03.10-23.58.55:596][886]LogModuleManager: Shutting down and abandoning module ImmediatePhysicsEditor (250)
[2018.03.10-23.58.55:596][886]LogModuleManager: Shutting down and abandoning module ImmediatePhysics (248)
[2018.03.10-23.58.55:596][886]LogModuleManager: Shutting down and abandoning module UdpMessaging (246)
[2018.03.10-23.58.55:697][886]LogModuleManager: Shutting down and abandoning module TcpMessaging (244)
[2018.03.10-23.58.55:797][886]LogModuleManager: Shutting down and abandoning module GameplayTagsEditor (242)
[2018.03.10-23.58.55:797][886]LogModuleManager: Shutting down and abandoning module FacialAnimationEditor (240)
[2018.03.10-23.58.55:797][886]LogModuleManager: Shutting down and abandoning module FacialAnimation (238)
[2018.03.10-23.58.55:797][886]LogModuleManager: Shutting down and abandoning module AssetManagerEditor (236)
[2018.03.10-23.58.55:797][886]LogModuleManager: Shutting down and abandoning module GraphEditor (235)
[2018.03.10-23.58.55:797][886]LogModuleManager: Shutting down and abandoning module ContentBrowser (233)
[2018.03.10-23.58.55:798][886]LogModuleManager: Shutting down and abandoning module LightPropagationVolumeRuntime (230)
[2018.03.10-23.58.55:798][886]LogModuleManager: Shutting down and abandoning module Paper2D (228)
[2018.03.10-23.58.55:798][886]LogModuleManager: Shutting down and abandoning module WindowsMoviePlayer (226)
[2018.03.10-23.58.55:798][886]LogModuleManager: Shutting down and abandoning module WmfMedia (224)
[2018.03.10-23.58.55:800][886]LogModuleManager: Shutting down and abandoning module PacketHandler (222)
[2018.03.10-23.58.55:800][886]LogModuleManager: Shutting down and abandoning module ClothingSystemEditor (220)
[2018.03.10-23.58.55:800][886]LogModuleManager: Shutting down and abandoning module ClothingSystemRuntime (218)
[2018.03.10-23.58.55:800][886]LogModuleManager: Shutting down and abandoning module Overlay (216)
[2018.03.10-23.58.55:800][886]LogModuleManager: Shutting down and abandoning module OverlayEditor (215)
[2018.03.10-23.58.55:800][886]LogModuleManager: Shutting down and abandoning module MediaAssets (212)
[2018.03.10-23.58.55:800][886]LogModuleManager: Shutting down and abandoning module VREditor (210)
[2018.03.10-23.58.55:800][886]LogModuleManager: Shutting down and abandoning module StringTableEditor (208)
[2018.03.10-23.58.55:801][886]LogModuleManager: Shutting down and abandoning module GameplayTasksEditor (206)
[2018.03.10-23.58.55:801][886]LogModuleManager: Shutting down and abandoning module BehaviorTreeEditor (204)
[2018.03.10-23.58.55:801][886]LogModuleManager: Shutting down and abandoning module FunctionalTesting (202)
[2018.03.10-23.58.55:801][886]LogModuleManager: Shutting down and abandoning module CollisionAnalyzer (200)
[2018.03.10-23.58.55:801][886]LogModuleManager: Shutting down and abandoning module WorkspaceMenuStructure (199)
[2018.03.10-23.58.55:801][886]LogModuleManager: Shutting down and abandoning module UMG (196)
[2018.03.10-23.58.55:801][886]LogModuleManager: Shutting down and abandoning module UMGEditor (195)
[2018.03.10-23.58.55:801][886]LogModuleManager: Shutting down and abandoning module Sequencer (194)
[2018.03.10-23.58.55:801][886]LogModuleManager: Shutting down and abandoning module MessageLog (191)
[2018.03.10-23.58.55:801][886]LogModuleManager: Shutting down and abandoning module SlateReflector (186)
[2018.03.10-23.58.55:801][886]LogModuleManager: Shutting down and abandoning module Slate (184)
[2018.03.10-23.58.55:801][886]LogModuleManager: Shutting down and abandoning module EditorStyle (182)
[2018.03.10-23.58.55:803][886]LogModuleManager: Shutting down and abandoning module MRMesh (180)
[2018.03.10-23.58.55:803][886]LogModuleManager: Shutting down and abandoning module SourceCodeAccess (178)
[2018.03.10-23.58.55:803][886]LogModuleManager: Shutting down and abandoning module HeadMountedDisplay (176)
[2018.03.10-23.58.55:803][886]LogModuleManager: Shutting down and abandoning module XAudio2 (174)
[2018.03.10-23.58.55:803][886]LogModuleManager: Shutting down and abandoning module Networking (172)
[2018.03.10-23.58.55:803][886]LogModuleManager: Shutting down and abandoning module Core (168)
[2018.03.10-23.58.55:803][886]LogModuleManager: Shutting down and abandoning module KismetCompiler (164)
[2018.03.10-23.58.55:803][886]LogModuleManager: Shutting down and abandoning module LevelSequence (162)
[2018.03.10-23.58.55:803][886]LogModuleManager: Shutting down and abandoning module MeshUtilities (160)
[2018.03.10-23.58.55:803][886]LogModuleManager: Shutting down and abandoning module MeshMergeUtilities (159)
[2018.03.10-23.58.55:803][886]LogModuleManager: Shutting down and abandoning module MeshReductionInterface (158)
[2018.03.10-23.58.55:803][886]LogModuleManager: Shutting down and abandoning module SimplygonSwarm (157)
[2018.03.10-23.58.55:803][886]LogModuleManager: Shutting down and abandoning module SimplygonMeshReduction (155)
[2018.03.10-23.58.55:803][886]LogModuleManager: Shutting down and abandoning module QuadricMeshReduction (153)
[2018.03.10-23.58.55:803][886]LogModuleManager: Shutting down and abandoning module MaterialBaking (149)
[2018.03.10-23.58.55:803][886]LogModuleManager: Shutting down and abandoning module DirectoryWatcher (146)
[2018.03.10-23.58.55:804][886]LogModuleManager: Shutting down and abandoning module DerivedDataCache (144)
[2018.03.10-23.58.55:805][886]LogDerivedDataCache: Shutdown
[2018.03.10-23.58.55:805][886]LogModuleManager: Shutting down and abandoning module TargetPlatform (142)
[2018.03.10-23.58.55:806][886]LogModuleManager: Shutting down and abandoning module VulkanShaderFormat (141)
[2018.03.10-23.58.55:806][886]LogModuleManager: Shutting down and abandoning module ShaderFormatVectorVM (139)
[2018.03.10-23.58.55:806][886]LogModuleManager: Shutting down and abandoning module ShaderFormatOpenGL (137)
[2018.03.10-23.58.55:806][886]LogModuleManager: Shutting down and abandoning module ShaderFormatD3D (135)
[2018.03.10-23.58.55:806][886]LogModuleManager: Shutting down and abandoning module MetalShaderFormat (133)
[2018.03.10-23.58.55:806][886]LogModuleManager: Shutting down and abandoning module TextureFormatUncompressed (131)
[2018.03.10-23.58.55:806][886]LogModuleManager: Shutting down and abandoning module TextureFormatPVR (129)
[2018.03.10-23.58.55:806][886]LogModuleManager: Shutting down and abandoning module TextureFormatDXT (127)
[2018.03.10-23.58.55:806][886]LogModuleManager: Shutting down and abandoning module TextureFormatIntelISPCTexComp (125)
[2018.03.10-23.58.55:806][886]LogModuleManager: Shutting down and abandoning module TextureFormatASTC (123)
[2018.03.10-23.58.55:806][886]LogModuleManager: Shutting down and abandoning module ImageWrapper (122)
[2018.03.10-23.58.55:806][886]LogModuleManager: Shutting down and abandoning module TextureFormatAndroid (119)
[2018.03.10-23.58.55:806][886]LogModuleManager: Shutting down and abandoning module AudioFormatOpus (117)
[2018.03.10-23.58.55:806][886]LogModuleManager: Shutting down and abandoning module AudioFormatOgg (115)
[2018.03.10-23.58.55:806][886]LogModuleManager: Shutting down and abandoning module AudioFormatADPCM (113)
[2018.03.10-23.58.55:806][886]LogModuleManager: Shutting down and abandoning module LinuxTargetPlatform (111)
[2018.03.10-23.58.55:806][886]LogModuleManager: Shutting down and abandoning module LinuxServerTargetPlatform (109)
[2018.03.10-23.58.55:806][886]LogModuleManager: Shutting down and abandoning module LinuxNoEditorTargetPlatform (107)
[2018.03.10-23.58.55:806][886]LogModuleManager: Shutting down and abandoning module LinuxClientTargetPlatform (105)
[2018.03.10-23.58.55:806][886]LogModuleManager: Shutting down and abandoning module TVOSTargetPlatform (103)
[2018.03.10-23.58.55:806][886]LogModuleManager: Shutting down and abandoning module Messaging (101)
[2018.03.10-23.58.55:806][886]LogModuleManager: Shutting down and abandoning module IOSTargetPlatform (99)
[2018.03.10-23.58.55:806][886]LogModuleManager: Shutting down and abandoning module HTML5TargetPlatform (97)
[2018.03.10-23.58.55:806][886]LogModuleManager: Shutting down and abandoning module Android_PVRTCTargetPlatform (95)
[2018.03.10-23.58.55:806][886]LogModuleManager: Shutting down and abandoning module Android_MultiTargetPlatform (93)
[2018.03.10-23.58.55:806][886]LogModuleManager: Shutting down and abandoning module Android_ETC2TargetPlatform (91)
[2018.03.10-23.58.55:806][886]LogModuleManager: Shutting down and abandoning module Android_ETC1TargetPlatform (89)
[2018.03.10-23.58.55:806][886]LogModuleManager: Shutting down and abandoning module Android_DXTTargetPlatform (87)
[2018.03.10-23.58.55:806][886]LogModuleManager: Shutting down and abandoning module Android_ATCTargetPlatform (85)
[2018.03.10-23.58.55:806][886]LogModuleManager: Shutting down and abandoning module Android_ASTCTargetPlatform (83)
[2018.03.10-23.58.55:806][886]LogModuleManager: Shutting down and abandoning module AndroidTargetPlatform (81)
[2018.03.10-23.58.55:806][886]LogModuleManager: Shutting down and abandoning module WindowsTargetPlatform (79)
[2018.03.10-23.58.55:806][886]LogModuleManager: Shutting down and abandoning module WindowsServerTargetPlatform (77)
[2018.03.10-23.58.55:806][886]LogModuleManager: Shutting down and abandoning module WindowsNoEditorTargetPlatform (75)
[2018.03.10-23.58.55:806][886]LogModuleManager: Shutting down and abandoning module WindowsClientTargetPlatform (73)
[2018.03.10-23.58.55:806][886]LogModuleManager: Shutting down and abandoning module MacTargetPlatform (71)
[2018.03.10-23.58.55:806][886]LogModuleManager: Shutting down and abandoning module MacServerTargetPlatform (69)
[2018.03.10-23.58.55:806][886]LogModuleManager: Shutting down and abandoning module MacNoEditorTargetPlatform (67)
[2018.03.10-23.58.55:806][886]LogModuleManager: Shutting down and abandoning module MacClientTargetPlatform (65)
[2018.03.10-23.58.55:806][886]LogModuleManager: Shutting down and abandoning module AllDesktopTargetPlatform (63)
[2018.03.10-23.58.55:806][886]LogModuleManager: Shutting down and abandoning module InputCore (60)
[2018.03.10-23.58.55:806][886]LogModuleManager: Shutting down and abandoning module Settings (58)
[2018.03.10-23.58.55:806][886]LogModuleManager: Shutting down and abandoning module PhysXCooking (56)
[2018.03.10-23.58.55:806][886]LogModuleManager: Shutting down and abandoning module SteamVR (54)
[2018.03.10-23.58.55:806][886]LogModuleManager: Shutting down and abandoning module OculusHMD (52)
[2018.03.10-23.58.55:806][886]LogModuleManager: Shutting down and abandoning module ExampleDeviceProfileSelector (50)
[2018.03.10-23.58.55:806][886]LogModuleManager: Shutting down and abandoning module OnlineBlueprintSupport (48)
[2018.03.10-23.58.55:806][886]LogModuleManager: Shutting down and abandoning module OnlineSubsystem (44)
[2018.03.10-23.58.55:806][886]LogOnline: Display: Unloading online subsystem: NULL
[2018.03.10-23.58.55:807][886]LogModuleManager: Shutting down and abandoning module XMPP (43)
[2018.03.10-23.58.55:807][886]LogModuleManager: Shutting down and abandoning module HTTP (41)
[2018.03.10-23.58.55:807][886]LogHttp: Display: Http module shutting down, but needs to wait on 1 outstanding Http requests:
[2018.03.10-23.58.55:807][886]LogHttp: Display: 	verb=[POST] url=[https://datarouter.ol.epicgames.com/datarouter/api/v1/public/data?SessionID=%7BE81A6D7B-4A34-932D-870E-8BA86CB28DC0%7D&AppID=UEEditor.Rocket.Release&AppVersion=4.17.2-3658906%2B%2B%2BUE4%2BRelease-4.17&UserID=cfe05dc747bd10fe6aedafb411e7d223%7C22d71bd8c0ee4dbea653bb42d359cc9a%7Cd0e2da11-6013-4ad9-a0c4-81a56fa96c0d&AppEnvironment=datacollector-binary&UploadType=eteventstream] status=Processing
[2018.03.10-23.58.55:826][886]LogModuleManager: Shutting down and abandoning module SSL (40)
[2018.03.10-23.58.55:827][886]LogModuleManager: Shutting down and abandoning module AnimationModifiers (36)
[2018.03.10-23.58.55:827][886]LogModuleManager: Shutting down and abandoning module PropertyEditor (35)
[2018.03.10-23.58.55:827][886]LogModuleManager: Shutting down and abandoning module AudioEditor (32)
[2018.03.10-23.58.55:827][886]LogModuleManager: Shutting down and abandoning module TextureCompressor (30)
[2018.03.10-23.58.55:827][886]LogModuleManager: Shutting down and abandoning module ShaderCore (28)
[2018.03.10-23.58.55:827][886]LogModuleManager: Shutting down and abandoning module Landscape (26)
[2018.03.10-23.58.55:827][886]LogModuleManager: Shutting down and abandoning module SlateRHIRenderer (24)
[2018.03.10-23.58.55:828][886]LogModuleManager: Shutting down and abandoning module OpenGLDrv (22)
[2018.03.10-23.58.55:828][886]LogModuleManager: Shutting down and abandoning module D3D11RHI (20)
[2018.03.10-23.58.55:828][886]LogModuleManager: Shutting down and abandoning module AnimGraphRuntime (18)
[2018.03.10-23.58.55:828][886]LogModuleManager: Shutting down and abandoning module Renderer (16)
[2018.03.10-23.58.55:828][886]LogModuleManager: Shutting down and abandoning module Engine (14)
[2018.03.10-23.58.55:828][886]LogModuleManager: Shutting down and abandoning module CoreUObject (12)
[2018.03.10-23.58.55:828][886]LogModuleManager: Shutting down and abandoning module NetworkFile (10)
[2018.03.10-23.58.55:828][886]LogModuleManager: Shutting down and abandoning module CookedIterativeFile (8)
[2018.03.10-23.58.55:828][886]LogModuleManager: Shutting down and abandoning module StreamingFile (6)
[2018.03.10-23.58.55:828][886]LogModuleManager: Shutting down and abandoning module SandboxFile (4)
[2018.03.10-23.58.55:828][886]LogModuleManager: Shutting down and abandoning module PakFile (2)
[2018.03.10-23.58.55:831][886]LogExit: Exiting.
[2018.03.10-23.58.55:842][886]Log file closed, 03/10/18 23:58:55
