Log file open, 03/13/18 14:00:06
LogWindows: LoadLibraryWithSearchPaths failed for file aqProf.dll. GetLastError=0
LogWindows: LoadLibraryWithSearchPaths failed for file VSPerf140.dll. GetLastError=0
LogWindows: LoadLibraryWithSearchPaths failed for file VtuneApi.dll. GetLastError=0
LogWindows: LoadLibraryWithSearchPaths failed for file VtuneApi32e.dll. GetLastError=0
LogInit: Display: Running engine for game: PropNavigationGame
LogPlatformFile: Not using cached read wrapper
LogInit: Display: RandInit(-1295492122) SRandInit(-1295492122).
LogTaskGraph: Started task graph with 5 named threads and 14 total threads with 3 sets of task threads.
LogStats: Stats thread started at 0.173074
LogD3D11RHI: Aftermath initialized
LogPluginManager: Mounting plugin Paper2D
LogPluginManager: Mounting plugin LightPropagationVolume
LogPluginManager: Mounting plugin CodeLiteSourceCodeAccess
LogPluginManager: Mounting plugin GitSourceControl
LogPluginManager: Mounting plugin KDevelopSourceCodeAccess
LogPluginManager: Mounting plugin NullSourceCodeAccess
LogPluginManager: Mounting plugin PerforceSourceControl
LogPluginManager: Mounting plugin SubversionSourceControl
LogPluginManager: Mounting plugin UObjectPlugin
LogPluginManager: Mounting plugin VisualStudioSourceCodeAccess
LogPluginManager: Mounting plugin XCodeSourceCodeAccess
LogPluginManager: Mounting plugin AssetManagerEditor
LogPluginManager: Mounting plugin AudioCapture
LogPluginManager: Mounting plugin FacialAnimation
LogPluginManager: Mounting plugin GameplayTagsEditor
LogPluginManager: Mounting plugin MobileLauncherProfileWizard
LogPluginManager: Mounting plugin PluginBrowser
LogPluginManager: Mounting plugin SpeedTreeImporter
LogPluginManager: Mounting plugin AlembicImporter
LogPluginManager: Mounting plugin CharacterAI
LogPluginManager: Mounting plugin HTML5Networking
LogPluginManager: Mounting plugin AndroidMedia
LogPluginManager: Mounting plugin AvfMedia
LogPluginManager: Mounting plugin MediaPlayerEditor
LogPluginManager: Mounting plugin WmfMedia
LogPluginManager: Mounting plugin TcpMessaging
LogPluginManager: Mounting plugin UdpMessaging
LogPluginManager: Mounting plugin LevelSequenceEditor
LogPluginManager: Mounting plugin MatineeToLevelSequence
LogPluginManager: Mounting plugin OnlineSubsystemGooglePlay
LogPluginManager: Mounting plugin OnlineSubsystemIOS
LogPluginManager: Mounting plugin OnlineSubsystem
LogPluginManager: Mounting plugin OnlineSubsystemNull
LogPluginManager: Mounting plugin OnlineSubsystemUtils
LogPluginManager: Mounting plugin AndroidDeviceProfileSelector
LogPluginManager: Mounting plugin AndroidMoviePlayer
LogPluginManager: Mounting plugin AndroidPermission
LogPluginManager: Mounting plugin AppleMoviePlayer
LogPluginManager: Mounting plugin ArchVisCharacter
LogPluginManager: Mounting plugin CableComponent
LogPluginManager: Mounting plugin CustomMeshComponent
LogPluginManager: Mounting plugin ExampleDeviceProfileSelector
LogPluginManager: Mounting plugin GoogleCloudMessaging
LogPluginManager: Mounting plugin ImmediatePhysics
LogPluginManager: Mounting plugin IOSDeviceProfileSelector
LogPluginManager: Mounting plugin LinuxDeviceProfileSelector
LogPluginManager: Mounting plugin LocationServicesBPLibrary
LogPluginManager: Mounting plugin MobilePatchingUtils
LogPluginManager: Mounting plugin OculusVR
LogPluginManager: Mounting plugin PhysXVehicles
LogPluginManager: Mounting plugin ProceduralMeshComponent
LogPluginManager: Mounting plugin RuntimePhysXCooking
LogPluginManager: Mounting plugin SteamVR
LogPluginManager: Mounting plugin WindowsMoviePlayer
LogInit: Using libcurl 7.47.1
LogInit:  - built for x86_64-pc-win32
LogInit:  - supports SSL with OpenSSL/1.0.2g
LogInit:  - supports HTTP deflate (compression) using libz 1.2.8
LogInit:  - other features:
LogInit:      CURL_VERSION_SSL
LogInit:      CURL_VERSION_LIBZ
LogInit:      CURL_VERSION_IPV6
LogInit:      CURL_VERSION_ASYNCHDNS
LogInit:      CURL_VERSION_LARGEFILE
LogInit:      CURL_VERSION_IDN
LogInit:  CurlRequestOptions (configurable via config and command line):
LogInit:  - bVerifyPeer = false  - Libcurl will NOT verify peer certificate
LogInit:  - bUseHttpProxy = false  - Libcurl will NOT use HTTP proxy
LogInit:  - bDontReuseConnections = false  - Libcurl will reuse connections
LogInit:  - CertBundlePath = nullptr  - Libcurl will use whatever was configured at build time.
LogInit: Build: ++UE4+Release-4.17-CL-3573198
LogInit: Engine Version: 4.17.0-3573198+++UE4+Release-4.17
LogInit: Compatible Engine Version: 4.17.0-3573198+++UE4+Release-4.17
LogInit: Net CL: 3573198
LogDevObjectVersion: Number of dev versions registered: 16
LogDevObjectVersion:   Dev-Blueprints (B0D832E4-1F89-4F0D-ACCF-7EB736FD4AA2): 10
LogDevObjectVersion:   Dev-Build (E1C64328-A22C-4D53-A36C-8E866417BD8C): 0
LogDevObjectVersion:   Dev-Core (375EC13C-06E4-48FB-B500-84F0262A717E): 2
LogDevObjectVersion:   Dev-Editor (E4B068ED-F494-42E9-A231-DA0B2E46BB41): 20
LogDevObjectVersion:   Dev-Framework (CFFC743F-43B0-4480-9391-14DF171D2073): 28
LogDevObjectVersion:   Dev-Mobile (B02B49B5-BB20-44E9-A304-32B752E40360): 0
LogDevObjectVersion:   Dev-Networking (A4E4105C-59A1-49B5-A7C5-40C4547EDFEE): 0
LogDevObjectVersion:   Dev-Online (39C831C9-5AE6-47DC-9A44-9C173E1C8E7C): 0
LogDevObjectVersion:   Dev-Physics (78F01B33-EBEA-4F98-B9B4-84EACCB95AA2): 0
LogDevObjectVersion:   Dev-Platform (6631380F-2D4D-43E0-8009-CF276956A95A): 0
LogDevObjectVersion:   Dev-Rendering (12F88B9F-8875-4AFC-A67C-D90C383ABD29): 19
LogDevObjectVersion:   Dev-Sequencer (7B5AE74C-D270-4C10-A958-57980B212A5A): 4
LogDevObjectVersion:   Dev-VR (D7296918-1DD6-4BDD-9DE2-64A83CC13884): 0
LogDevObjectVersion:   Dev-LoadTimes (C2A15278-BFE7-4AFE-6C17-90FF531DF755): 1
LogDevObjectVersion:   Private-Geometry (6EACA3D4-40EC-4CC1-B786-8BED09428FC5): 1
LogDevObjectVersion:   Dev-AnimPhys (29E575DD-E0A3-4627-9D10-D276232CDCEA): 7
LogInit: Compiled (64-bit): Aug  4 2017 16:30:33
LogInit: Compiled with Visual C++: 19.00.24215.01
LogInit: Build Configuration: Development
LogInit: Branch Name: ++UE4+Release-4.17
LogInit: Command line: 
LogInit: Base directory: C:/Program Files (x86)/Epic Games/UE_4.17/Engine/Binaries/Win64/
LogInit: Installed Engine Build: 1
LogInit: Presizing for max 8388607 objects, including 0 objects not considered by GC, pre-allocating 0 bytes for permanent pool.
LogInit: Object subsystem initialized
[2018.03.13-14.00.08:105][  0]LogInit: Selected Device Profile: [Windows]
[2018.03.13-14.00.08:105][  0]LogInit: Applying CVar settings loaded from the selected device profile: [Windows]
[2018.03.13-14.00.08:132][  0]LogInit: Computer: MC11594
[2018.03.13-14.00.08:132][  0]LogInit: User: 1503395
[2018.03.13-14.00.08:132][  0]LogInit: CPU Page size=4096, Cores=4
[2018.03.13-14.00.08:132][  0]LogInit: High frequency timer resolution =3.328120 MHz
[2018.03.13-14.00.08:133][  0]LogMemory: Memory total: Physical=31.9GB (32GB approx)
[2018.03.13-14.00.08:133][  0]LogMemory: Platform Memory Stats for Windows
[2018.03.13-14.00.08:133][  0]LogMemory: Process Physical Memory: 277.39 MB used, 277.39 MB peak
[2018.03.13-14.00.08:133][  0]LogMemory: Process Virtual Memory: 274.28 MB used, 274.28 MB peak
[2018.03.13-14.00.08:133][  0]LogMemory: Physical Memory: 5062.14 MB used,  27646.15 MB free, 32708.29 MB total
[2018.03.13-14.00.08:133][  0]LogMemory: Virtual Memory: 701.63 MB used,  27646.15 MB free, 134217728.00 MB total
[2018.03.13-14.00.08:434][  0]LogInit: Using OS detected language (en-US).
[2018.03.13-14.00.08:434][  0]LogInit: Using OS detected locale (en-GB).
[2018.03.13-14.00.08:437][  0]LogTextLocalizationManager: No specific localization for 'en-US' exists, so the 'en' localization will be used.
[2018.03.13-14.00.09:129][  0]LogD3D11RHI: D3D11 adapters:
[2018.03.13-14.00.09:173][  0]LogD3D11RHI:    0. 'NVIDIA GeForce GTX 1070' (Feature Level 11_0)
[2018.03.13-14.00.09:173][  0]LogD3D11RHI:       8088/0/16354 MB DedicatedVideo/DedicatedSystem/SharedSystem, Outputs:1, VendorId:0x10de
[2018.03.13-14.00.09:176][  0]LogD3D11RHI:    1. 'Microsoft Basic Render Driver' (Feature Level 11_0)
[2018.03.13-14.00.09:176][  0]LogD3D11RHI:       0/0/16354 MB DedicatedVideo/DedicatedSystem/SharedSystem, Outputs:0, VendorId:0x1414
[2018.03.13-14.00.09:176][  0]LogD3D11RHI: Chosen D3D11 Adapter: 0
[2018.03.13-14.00.09:181][  0]LogD3D11RHI: Creating new Direct3DDevice
[2018.03.13-14.00.09:181][  0]LogD3D11RHI:     GPU DeviceId: 0x1b81 (for the marketing name, search the web for "GPU Device Id")
[2018.03.13-14.00.09:181][  0]LogWindows: EnumDisplayDevices:
[2018.03.13-14.00.09:181][  0]LogWindows:    0. 'NVIDIA GeForce GTX 1070' (P:1 D:1)
[2018.03.13-14.00.09:181][  0]LogWindows:    1. 'NVIDIA GeForce GTX 1070' (P:0 D:0)
[2018.03.13-14.00.09:181][  0]LogWindows:    2. 'NVIDIA GeForce GTX 1070' (P:0 D:0)
[2018.03.13-14.00.09:181][  0]LogWindows:    3. 'NVIDIA GeForce GTX 1070' (P:0 D:0)
[2018.03.13-14.00.09:181][  0]LogWindows: DebugString: GetVideoDriverDetailsInvalid PrimaryIsNotTheChoosenAdapter GetVideoDriverDetailsInvalid PrimaryIsNotTheChoosenAdapter GetVideoDriverDetailsInvalid PrimaryIsNotTheChoosenAdapter GetVideoDriverDetailsInvalid PrimaryIsNotTheChoosenAdapter FoundDriverCount:0 
[2018.03.13-14.00.09:181][  0]LogD3D11RHI:     Adapter Name: NVIDIA GeForce GTX 1070
[2018.03.13-14.00.09:181][  0]LogD3D11RHI:   Driver Version: Unknown (internal:Unknown, unified:Unknown)
[2018.03.13-14.00.09:181][  0]LogD3D11RHI:      Driver Date: Unknown
[2018.03.13-14.00.09:181][  0]LogRHI: Texture pool is 1361 MB (70% of 1945 MB)
[2018.03.13-14.00.09:203][  0]LogD3D11RHI: Async texture creation enabled
[2018.03.13-14.00.09:220][  0]LogD3D11RHI: GPU Timing Frequency: 1000.000000 (Debug: 2 2)
[2018.03.13-14.00.09:261][  0]LogShaderCompilers: Guid format shader working directory is 1 characters bigger than the processId version (M:/GitHub/Gameplay-Mechanics/PropNavigationGame/Intermediate/Shaders/WorkingDirectory/5280/).
[2018.03.13-14.00.09:261][  0]LogShaderCompilers: Cleaned the shader compiler working directory 'C:/Users/1503395/AppData/Local/Temp/UnrealShaderWorkingDir/A0FD59D3478C9C43BEAD018B88AA134F/'.
[2018.03.13-14.00.09:261][  0]LogShaderCompilers: Display: Using Local Shader Compiler.
[2018.03.13-14.00.10:161][  0]LogTemp: Display: Loaded TP AllDesktopTargetPlatform
[2018.03.13-14.00.10:234][  0]LogTemp: Display: Loaded TP MacClientTargetPlatform
[2018.03.13-14.00.10:309][  0]LogTemp: Display: Loaded TP MacNoEditorTargetPlatform
[2018.03.13-14.00.10:385][  0]LogTemp: Display: Loaded TP MacServerTargetPlatform
[2018.03.13-14.00.10:462][  0]LogTemp: Display: Loaded TP MacTargetPlatform
[2018.03.13-14.00.10:541][  0]LogTemp: Display: Loaded TP WindowsClientTargetPlatform
[2018.03.13-14.00.10:618][  0]LogTemp: Display: Loaded TP WindowsNoEditorTargetPlatform
[2018.03.13-14.00.10:703][  0]LogTemp: Display: Loaded TP WindowsServerTargetPlatform
[2018.03.13-14.00.10:792][  0]LogTemp: Display: Loaded TP WindowsTargetPlatform
[2018.03.13-14.00.10:900][  0]LogTemp: Display: Loaded TP AndroidTargetPlatform
[2018.03.13-14.00.10:986][  0]LogTemp: Display: Loaded TP Android_ASTCTargetPlatform
[2018.03.13-14.00.11:072][  0]LogTemp: Display: Loaded TP Android_ATCTargetPlatform
[2018.03.13-14.00.11:161][  0]LogTemp: Display: Loaded TP Android_DXTTargetPlatform
[2018.03.13-14.00.11:246][  0]LogTemp: Display: Loaded TP Android_ETC1TargetPlatform
[2018.03.13-14.00.11:330][  0]LogTemp: Display: Loaded TP Android_ETC2TargetPlatform
[2018.03.13-14.00.11:486][  0]LogTemp: Display: Loaded TP Android_MultiTargetPlatform
[2018.03.13-14.00.11:486][  0]LogTemp: Display: Loaded TP Android_PVRTCTargetPlatform
[2018.03.13-14.00.11:552][  0]LogTemp: Display: Loaded TP HTML5TargetPlatform
[2018.03.13-14.00.11:688][  0]LogTemp: Display: Loaded TP IOSTargetPlatform
[2018.03.13-14.00.11:738][  0]LogTemp: Display: Loaded TP TVOSTargetPlatform
[2018.03.13-14.00.11:839][  0]LogTemp: Display: Loaded TP LinuxClientTargetPlatform
[2018.03.13-14.00.11:926][  0]LogTemp: Display: Loaded TP LinuxNoEditorTargetPlatform
[2018.03.13-14.00.12:016][  0]LogTemp: Display: Loaded TP LinuxServerTargetPlatform
[2018.03.13-14.00.12:100][  0]LogTemp: Display: Loaded TP LinuxTargetPlatform
[2018.03.13-14.00.12:100][  0]LogTargetPlatformManager: Display: Building Assets For Windows
[2018.03.13-14.00.12:999][  0]LogDerivedDataCache: Display: Max Cache Size: 512 MB
[2018.03.13-14.00.13:062][  0]LogDerivedDataCache: Loaded boot cache 0.06s 93MB C:/Users/1503395/AppData/Local/UnrealEngine/4.17/DerivedDataCache/Boot.ddc.
[2018.03.13-14.00.13:063][  0]LogDerivedDataCache: Display: Loaded Boot cache: C:/Users/1503395/AppData/Local/UnrealEngine/4.17/DerivedDataCache/Boot.ddc
[2018.03.13-14.00.13:063][  0]LogDerivedDataCache: FDerivedDataBackendGraph:  Pak pak cache file M:/GitHub/Gameplay-Mechanics/PropNavigationGame/DerivedDataCache/DDC.ddp not found, will not use a pak cache.
[2018.03.13-14.00.13:063][  0]LogDerivedDataCache: Unable to find inner node Pak for hierarchical cache Hierarchy.
[2018.03.13-14.00.13:064][  0]LogDerivedDataCache: FDerivedDataBackendGraph:  CompressedPak pak cache file M:/GitHub/Gameplay-Mechanics/PropNavigationGame/DerivedDataCache/Compressed.ddp not found, will not use a pak cache.
[2018.03.13-14.00.13:064][  0]LogDerivedDataCache: Unable to find inner node CompressedPak for hierarchical cache Hierarchy.
[2018.03.13-14.00.13:077][  0]LogDerivedDataCache: Display: Pak cache opened for reading ../../../Engine/DerivedDataCache/Compressed.ddp.
[2018.03.13-14.00.13:090][  0]LogDerivedDataCache: Using Local data cache path C:/Users/1503395/AppData/Local/UnrealEngine/Common/DerivedDataCache: Writable
[2018.03.13-14.00.13:108][  0]LogMaterial: Verifying Global Shaders for PCD3D_SM5
[2018.03.13-14.00.13:108][  0]LogSlate: Using Freetype 2.6.0
[2018.03.13-14.00.13:110][  0]LogSlate: SlateFontCache - WITH_FREETYPE: 1, WITH_HARFBUZZ: 1
[2018.03.13-14.00.13:110][  0]LogSlate: SlateFontCache - WITH_FREETYPE: 1, WITH_HARFBUZZ: 1
[2018.03.13-14.00.13:412][  0]LogAssetRegistry: FAssetRegistry took 0.0276 seconds to start up
[2018.03.13-14.00.13:604][  0]LogInit: Selected Device Profile: [Windows]
[2018.03.13-14.00.13:765][  0]LogContentStreaming: Texture pool size is 0.00 MB
[2018.03.13-14.00.14:204][  0]LogSimplygon: Simplygon DLL not present - disabling.
[2018.03.13-14.00.14:294][  0]LogMeshReduction: Using SimplygonSwarm for distributed automatic mesh merging
[2018.03.13-14.00.14:294][  0]LogMeshReduction: Using QuadricMeshReduction for automatic static mesh reduction
[2018.03.13-14.00.14:294][  0]LogMeshReduction: No automatic skeletal mesh reduction module available
[2018.03.13-14.00.14:294][  0]LogMeshReduction: No automatic mesh merging module available
[2018.03.13-14.00.14:294][  0]LogMeshMerging: No automatic mesh merging module available
[2018.03.13-14.00.14:655][  0]LogNetVersion: PropNavigationGame , NetCL: 3573198, EngineNetVer: 2, GameNetVer: 0 (Checksum: 1685960384)
[2018.03.13-14.00.15:149][  0]LogPackageLocalizationCache: Processed 5 localized package path(s) for 2 prioritized culture(s) in 0.283380 seconds
[2018.03.13-14.00.15:163][  0]LogUObjectArray: 35825 objects as part of root set at end of initial load.
[2018.03.13-14.00.15:163][  0]LogUObjectAllocator: 7529104 out of 0 bytes used by permanent object pool.
[2018.03.13-14.00.15:163][  0]LogUObjectArray: CloseDisregardForGC: 0/0 objects in disregard for GC pool
[2018.03.13-14.00.15:298][  0]LogInit: WinSock: version 1.1 (2.2), MaxSocks=32767, MaxUdp=65467
[2018.03.13-14.00.18:890][  0]LogTcpMessaging: Initializing TcpMessaging bridge
[2018.03.13-14.00.18:952][  0]LogUdpMessaging: Initializing bridge on interface 0.0.0.0:0 to multicast group 230.0.0.1:6666.
[2018.03.13-14.00.18:953][  0]LogDirectoryWatcher: A directory notification failed for 'M:/GitHub/Gameplay-Mechanics/PropNavigationGame/Content/' because it was empty or there was a buffer overflow. Attemping another request...
[2018.03.13-14.00.19:706][  0]LogScriptCore: Error: Script Msg: A null object was passed as a world context object to UEngine::GetWorldFromContextObject().
[2018.03.13-14.00.19:706][  0]LogScriptCore: Error: Script call stack:
	[Empty] (FFrame::GetScriptCallstack() called from native code)
[2018.03.13-14.00.19:855][  0]LogStats: FPlatformStackWalk::StackWalkAndDump -  0.130 s
[2018.03.13-14.00.19:855][  0]LogOutputDevice: Error: === Handled ensure: ===
[2018.03.13-14.00.19:855][  0]LogOutputDevice: Error: 
[2018.03.13-14.00.19:855][  0]LogOutputDevice: Error: Ensure condition failed: AttachmentRules.LocationRule == EAttachmentRule::KeepRelative && AttachmentRules.RotationRule == EAttachmentRule::KeepRelative && AttachmentRules.ScaleRule == EAttachmentRule::KeepRelative [File:D:\Build\++UE4+Release-4.17+Compile\Sync\Engine\Source\Runtime\Engine\Private\Components\SceneComponent.cpp] [Line: 1672]
[2018.03.13-14.00.19:855][  0]LogOutputDevice: Error: AttachToComponent when called from a constructor is only setting up attachment and will always be treated as KeepRelative. Consider calling SetupAttachment directly instead.
[2018.03.13-14.00.19:855][  0]LogOutputDevice: Error: Stack: 
[2018.03.13-14.00.19:855][  0]LogOutputDevice: Error: UE4Editor-Core.dll!0x00000000750035F6
[2018.03.13-14.00.19:855][  0]LogOutputDevice: Error: UE4Editor-Core.dll!0x0000000074D8C2C2
[2018.03.13-14.00.19:855][  0]LogOutputDevice: Error: UE4Editor-Core.dll!0x0000000074DA4736
[2018.03.13-14.00.19:855][  0]LogOutputDevice: Error: UE4Editor-Engine.dll!0x0000000071C92438
[2018.03.13-14.00.19:855][  0]LogOutputDevice: Error: UE4Editor-PropNavigationGame-4674.dll!APlayerShip::APlayerShip() [m:\github\gameplay-mechanics\propnavigationgame\source\propnavigationgame\playership.cpp:34]
[2018.03.13-14.00.19:855][  0]LogOutputDevice: Error: UE4Editor-CoreUObject.dll!0x000000007F11A442
[2018.03.13-14.00.19:855][  0]LogOutputDevice: Error: UE4Editor-CoreUObject.dll!0x000000007F38324B
[2018.03.13-14.00.19:855][  0]LogOutputDevice: Error: UE4Editor-CoreUObject.dll!0x000000007F366C73
[2018.03.13-14.00.19:855][  0]LogOutputDevice: Error: UE4Editor-CoreUObject.dll!0x000000007F11C157
[2018.03.13-14.00.19:855][  0]LogOutputDevice: Error: UE4Editor-Core.dll!0x0000000074C28210
[2018.03.13-14.00.19:855][  0]LogOutputDevice: Error: UE4Editor-Core.dll!0x0000000074E768C0
[2018.03.13-14.00.19:855][  0]LogOutputDevice: Error: UE4Editor-Projects.dll!0x00000000979DE06D
[2018.03.13-14.00.19:855][  0]LogOutputDevice: Error: UE4Editor-Projects.dll!0x00000000979DE37E
[2018.03.13-14.00.19:855][  0]LogOutputDevice: Error: UE4Editor.exe!0x00000000C94664B1
[2018.03.13-14.00.19:855][  0]LogOutputDevice: Error: UE4Editor.exe!0x00000000C946A7BD
[2018.03.13-14.00.19:855][  0]LogOutputDevice: Error: UE4Editor.exe!0x00000000C946379A
[2018.03.13-14.00.19:855][  0]LogOutputDevice: Error: UE4Editor.exe!0x00000000C94639EA
[2018.03.13-14.00.19:855][  0]LogOutputDevice: Error: UE4Editor.exe!0x00000000C94702D9
[2018.03.13-14.00.19:855][  0]LogOutputDevice: Error: UE4Editor.exe!0x00000000C9471C47
[2018.03.13-14.00.19:855][  0]LogOutputDevice: Error: KERNEL32.DLL!0x00000000A6D31FE4
[2018.03.13-14.00.19:855][  0]LogOutputDevice: Error: ntdll.dll!0x00000000A8BFEF91
[2018.03.13-14.00.19:855][  0]LogOutputDevice: Error: 
[2018.03.13-14.00.19:861][  0]LogStats:                SubmitErrorReport -  0.000 s
[2018.03.13-14.00.20:605][  0]LogStats:                    SendNewReport -  0.745 s
[2018.03.13-14.00.20:605][  0]LogStats:             FDebug::EnsureFailed -  0.881 s
[2018.03.13-14.00.20:993][  0]LogMaterial: Uniform references updated for custom material expression Custom.
[2018.03.13-14.00.21:619][  0]SourceControl: Source control is disabled
[2018.03.13-14.00.21:619][  0]SourceControl: Source control is disabled
[2018.03.13-14.00.21:728][  0]SourceControl: Source control is disabled
[2018.03.13-14.00.21:811][  0]SourceControl: Source control is disabled
[2018.03.13-14.00.22:885][  0]LogAndroidPermission: UAndroidPermissionCallbackProxy::GetInstance
[2018.03.13-14.00.23:259][  0]LogOcInput: OculusInput pre-init called
[2018.03.13-14.00.23:661][  0]LogEngine: Initializing Engine...
[2018.03.13-14.00.23:664][  0]LogHMD: Failed to initialize OpenVR with code 110
[2018.03.13-14.00.23:870][  0]LogStats: UGameplayTagsManager::ConstructGameplayTagTree: Construct from data asset -  0.000 s
[2018.03.13-14.00.23:870][  0]LogStats: UGameplayTagsManager::ConstructGameplayTagTree: GameplayTagTreeChangedEvent.Broadcast -  0.000 s
[2018.03.13-14.00.24:091][  0]LogAIModule: Creating AISystem for world Untitled
[2018.03.13-14.00.24:098][  0]LogInit: XAudio2 using 'Realtek Digital Output (Realtek High Definition Audio)' : 2 channels at 48 kHz using 16 bits per sample (channel mask 0x3)
[2018.03.13-14.00.24:158][  0]LogInit: FAudioDevice initialized.
[2018.03.13-14.00.24:242][  0]LogDerivedDataCache: Saved boot cache 0.08s 93MB C:/Users/1503395/AppData/Local/UnrealEngine/4.17/DerivedDataCache/Boot.ddc.
[2018.03.13-14.00.24:250][  0]LogInit: Texture streaming: Enabled
[2018.03.13-14.00.24:467][  0]LogEngineSessionManager: EngineSessionManager initialized
[2018.03.13-14.00.24:467][  0]LogEngineSessionManager: EngineSessionManager sent abnormal shutdown report. Type=Crashed, SessionId={A5DDAC71-4C26-A8AD-4ABB-EC8F51E856BC}
[2018.03.13-14.00.24:809][  0]LogInit: Transaction tracking system initialized
[2018.03.13-14.00.25:326][  0]BlueprintLog: New page: Editor Load
[2018.03.13-14.00.26:976][  0]LocalizationService: Localization service is disabled
[2018.03.13-14.00.28:224][  0]LogConsoleResponse: Display: 
[2018.03.13-14.00.28:419][  0]LogCook: Display: Max memory allowance for cook 16384mb min free memory 0mb
[2018.03.13-14.00.28:419][  0]LogCook: Display: Mobile HDR setting 1
[2018.03.13-14.00.28:419][  0]LogGameplayTags: Display: UGameplayTagsManager::DoneAddingNativeTags. DelegateIsBound: 0
[2018.03.13-14.00.29:596][  0]LogFileCache: Scanning file cache for directory 'M:/GitHub/Gameplay-Mechanics/PropNavigationGame/Content/' took 0.03s
[2018.03.13-14.00.30:222][  0]SourceControl: Source control is disabled
[2018.03.13-14.00.30:222][  0]Cmd: MAP LOAD FILE="M:/GitHub/Gameplay-Mechanics/PropNavigationGame/Content/StarterContent/Maps/Minimal_Default.umap" TEMPLATE=0 SHOWPROGRESS=1 FEATURELEVEL=3
[2018.03.13-14.00.30:226][  0]LightingResults: New page: Lighting Build
[2018.03.13-14.00.30:292][  0]MapCheck: New page: Map Check
[2018.03.13-14.00.30:292][  0]LightingResults: New page: Lighting Build
[2018.03.13-14.00.30:405][  0]LogLinker: Warning: Can't find file '/Game/StarterContent/Maps/Minimal_Default_BuiltData'
[2018.03.13-14.00.30:405][  0]LogLinker: Warning: Can't find file for asset '/Game/StarterContent/Maps/Minimal_Default_BuiltData' while loading M:/GitHub/Gameplay-Mechanics/PropNavigationGame/Content/StarterContent/Maps/Minimal_Default.umap.
[2018.03.13-14.00.30:405][  0]LoadErrors: Error: /Game/StarterContent/Maps/Minimal_Default : Can't find file for asset. /Game/StarterContent/Maps/Minimal_Default_BuiltData
[2018.03.13-14.00.30:634][  0]LogLinker: Warning: Can't find file '/Game/StarterContent/Maps/Minimal_Default_BuiltData'
[2018.03.13-14.00.30:635][  0]LogLinker: Warning: Can't find file for asset '/Game/StarterContent/Maps/Minimal_Default_BuiltData' while loading M:/GitHub/Gameplay-Mechanics/PropNavigationGame/Content/StarterContent/Maps/Minimal_Default.umap.
[2018.03.13-14.00.30:635][  0]LoadErrors: Error: /Game/StarterContent/Maps/Minimal_Default : Can't find file for asset. /Game/StarterContent/Maps/Minimal_Default_BuiltData
[2018.03.13-14.00.30:786][  0]LogLinker: Warning: Can't find file '/Game/StarterContent/Maps/Minimal_Default_BuiltData'
[2018.03.13-14.00.30:786][  0]LogLinker: Warning: Can't find file for asset '/Game/StarterContent/Maps/Minimal_Default_BuiltData' while loading NULL.
[2018.03.13-14.00.30:787][  0]LogLinker: Warning: Can't find file '/Game/StarterContent/Maps/Minimal_Default_BuiltData'
[2018.03.13-14.00.30:788][  0]LogLinker: Warning: Can't find file for asset '/Game/StarterContent/Maps/Minimal_Default_BuiltData' while loading NULL.
[2018.03.13-14.00.30:796][  0]LogLinker: Warning: Can't find file '/Game/StarterContent/Maps/Minimal_Default_BuiltData'
[2018.03.13-14.00.30:797][  0]LoadErrors: Failed to load /Game/StarterContent/Maps/Minimal_Default_BuiltData.Minimal_Default_BuiltData Referenced by PersistentLevel
[2018.03.13-14.00.30:797][  0]LogLinker: Warning: Can't find file for asset '/Game/StarterContent/Maps/Minimal_Default_BuiltData' while loading NULL.
[2018.03.13-14.00.30:797][  0]LoadErrors: Failed to load /Game/StarterContent/Maps/Minimal_Default_BuiltData.Minimal_Default_BuiltData Referenced by PersistentLevel
[2018.03.13-14.00.31:044][  0]LogAIModule: Creating AISystem for world Minimal_Default
[2018.03.13-14.00.31:051][  0]LogEditorServer: Finished looking for orphan Actors (0.000 secs)
[2018.03.13-14.00.31:063][  0]Cmd: MAP CHECKDEP NOCLEARLOG
[2018.03.13-14.00.31:158][  0]MapCheck: Map check complete: 0 Error(s), 0 Warning(s), took 95.385ms to complete.
[2018.03.13-14.00.31:158][  0]LogFileHelpers: Loading map 'Minimal_Default' took 0.936
[2018.03.13-14.00.31:315][  0]LogCollectionManager: Loaded 0 collections in 0.003628 seconds
[2018.03.13-14.00.31:427][  0]LogFileCache: Scanning file cache for directory 'M:/GitHub/Gameplay-Mechanics/PropNavigationGame/Saved/Collections/' took 0.01s
[2018.03.13-14.00.31:427][  0]LogFileCache: Scanning file cache for directory 'M:/GitHub/Gameplay-Mechanics/PropNavigationGame/Content/Developers/1503395/Collections/' took 0.01s
[2018.03.13-14.00.31:427][  0]LogFileCache: Scanning file cache for directory 'M:/GitHub/Gameplay-Mechanics/PropNavigationGame/Content/Collections/' took 0.01s
[2018.03.13-14.00.31:427][  0]LogCollectionManager: Rebuilt the GUID cache for 0 collections in 0.000015 seconds
[2018.03.13-14.00.31:438][  0]LogContentBrowser: Native class hierarchy populated in 0.0110 seconds. Added 2396 classes and 502 folders.
[2018.03.13-14.00.31:553][  0]LogContentBrowser: Native class hierarchy updated for 'WidgetCarousel' in 0.0031 seconds. Added 0 classes and 0 folders.
[2018.03.13-14.00.31:603][  0]LogContentBrowser: Native class hierarchy updated for 'AddContentDialog' in 0.0026 seconds. Added 0 classes and 0 folders.
[2018.03.13-14.00.31:675][  0]LogContentBrowser: Native class hierarchy updated for 'SceneOutliner' in 0.0029 seconds. Added 1 classes and 2 folders.
[2018.03.13-14.00.31:694][  0]LogSlate: Took 0.000197 seconds to synchronously load lazily loaded font '../../../Engine/Content/Slate/Fonts/Roboto-Regular.ttf' (155K)
[2018.03.13-14.00.31:696][  0]LogSlate: Took 0.000266 seconds to synchronously load lazily loaded font '../../../Engine/Content/Slate/Fonts/Roboto-Bold.ttf' (160K)
[2018.03.13-14.00.31:701][  0]LogSlate: Took 0.000311 seconds to synchronously load lazily loaded font '../../../Engine/Content/Editor/Slate/Fonts/FontAwesome.ttf' (139K)
[2018.03.13-14.00.31:702][  0]LogSlate: Took 0.000179 seconds to synchronously load lazily loaded font '../../../Engine/Content/Editor/Slate/Fonts/DroidSansMono.ttf' (77K)
[2018.03.13-14.00.31:805][  0]LogRenderer: Reallocating scene render targets to support 1208x576 Format 10 NumSamples 1 (Frame:1).
[2018.03.13-14.00.32:001][  0]LogContentBrowser: Native class hierarchy updated for 'HierarchicalLODOutliner' in 0.0031 seconds. Added 1 classes and 2 folders.
[2018.03.13-14.00.32:001][  0]LogLoad: (Engine Initialization) Total time: 27.07 seconds
[2018.03.13-14.00.32:001][  0]LogLoad: (Engine Initialization) Total Blueprint compile time: 0.00 seconds
[2018.03.13-14.00.32:001][  0]LogExternalProfiler: No external profilers were discovered.  External profiling features will not be available.
[2018.03.13-14.00.32:356][  0]LogAssetRegistry: Asset discovery search completed in 18.9668 seconds
[2018.03.13-14.00.32:358][  0]LogCollectionManager: Rebuilt the object cache for 0 collections in 0.000000 seconds (found 0 objects)
[2018.03.13-14.00.32:358][  0]LogCollectionManager: Fixed up redirectors for 0 collections in 0.000233 seconds (updated 0 objects)
[2018.03.13-14.00.32:358][  0]LogDirectoryWatcher: A directory notification failed for 'M:/GitHub/Gameplay-Mechanics/PropNavigationGame/Content/' because it was empty or there was a buffer overflow. Attemping another request...
[2018.03.13-14.00.32:359][  0]LogDirectoryWatcher: A directory notification failed for 'M:/GitHub/Gameplay-Mechanics/PropNavigationGame/Content/', and we were unable to create a new request.
[2018.03.13-14.00.32:359][  0]LogDirectoryWatcher: A directory notification failed for 'M:/GitHub/Gameplay-Mechanics/PropNavigationGame/Binaries/Win64' because it was empty or there was a buffer overflow. Attemping another request...
[2018.03.13-14.00.32:359][  0]LogDirectoryWatcher: A directory notification failed for 'M:/GitHub/Gameplay-Mechanics/PropNavigationGame/Saved/Collections/' because it was empty or there was a buffer overflow. Attemping another request...
[2018.03.13-14.00.32:359][  0]LogDirectoryWatcher: A directory notification failed for 'M:/GitHub/Gameplay-Mechanics/PropNavigationGame/Content/Developers/1503395/Collections/' because it was empty or there was a buffer overflow. Attemping another request...
[2018.03.13-14.00.32:360][  0]LogDirectoryWatcher: A directory notification failed for 'M:/GitHub/Gameplay-Mechanics/PropNavigationGame/Content/Collections/' because it was empty or there was a buffer overflow. Attemping another request...
[2018.03.13-14.00.32:360][  0]LogDirectoryWatcher: A directory notification failed for 'M:/GitHub/Gameplay-Mechanics/PropNavigationGame/Binaries/Win64' because it was empty or there was a buffer overflow. Attemping another request...
[2018.03.13-14.00.32:361][  0]LogDirectoryWatcher: A directory notification failed for 'M:/GitHub/Gameplay-Mechanics/PropNavigationGame/Binaries/Win64', and we were unable to create a new request.
[2018.03.13-14.00.32:361][  0]LogDirectoryWatcher: A directory notification failed for 'M:/GitHub/Gameplay-Mechanics/PropNavigationGame/Saved/Collections/' because it was empty or there was a buffer overflow. Attemping another request...
[2018.03.13-14.00.32:361][  0]LogDirectoryWatcher: A directory notification failed for 'M:/GitHub/Gameplay-Mechanics/PropNavigationGame/Saved/Collections/', and we were unable to create a new request.
[2018.03.13-14.00.32:362][  0]LogDirectoryWatcher: A directory notification failed for 'M:/GitHub/Gameplay-Mechanics/PropNavigationGame/Content/Developers/1503395/Collections/' because it was empty or there was a buffer overflow. Attemping another request...
[2018.03.13-14.00.32:362][  0]LogDirectoryWatcher: A directory notification failed for 'M:/GitHub/Gameplay-Mechanics/PropNavigationGame/Content/Developers/1503395/Collections/', and we were unable to create a new request.
[2018.03.13-14.00.32:362][  0]LogDirectoryWatcher: A directory notification failed for 'M:/GitHub/Gameplay-Mechanics/PropNavigationGame/Content/Collections/' because it was empty or there was a buffer overflow. Attemping another request...
[2018.03.13-14.00.32:363][  0]LogDirectoryWatcher: A directory notification failed for 'M:/GitHub/Gameplay-Mechanics/PropNavigationGame/Content/Collections/', and we were unable to create a new request.
[2018.03.13-14.00.32:366][  0]LogContentStreaming: Texture pool size now 1000 MB
[2018.03.13-14.02.53:170][590]LogSlate: Took 0.000258 seconds to synchronously load lazily loaded font '../../../Engine/Content/Slate/Fonts/Roboto-Light.ttf' (159K)
[2018.03.13-14.02.56:222][923]LogSlate: Took 0.000257 seconds to synchronously load lazily loaded font '../../../Engine/Content/Slate/Fonts/Roboto-Light.ttf' (159K)
[2018.03.13-14.02.56:698][923]LogContentBrowser: Native class hierarchy updated for 'BlueprintGraph' in 0.0038 seconds. Added 113 classes and 0 folders.
[2018.03.13-14.02.57:376][923]LogSlate: Took 0.000151 seconds to synchronously load lazily loaded font '../../../Engine/Content/Slate/Fonts/Roboto-Light.ttf' (159K)
[2018.03.13-14.02.57:379][923]LogSlate: Took 0.003081 seconds to synchronously load lazily loaded font '../../../Engine/Content/Editor/Slate/Fonts/Roboto-BoldCondensed.ttf' (158K)
[2018.03.13-14.03.00:197][144]LogAIModule: Creating AISystem for world StarTrekMap
[2018.03.13-14.03.00:258][144]Cmd: MAP LOAD FILE="M:/GitHub/Gameplay-Mechanics/PropNavigationGame/Content/StarTrekMap.umap" TEMPLATE=0 SHOWPROGRESS=1 FEATURELEVEL=3
[2018.03.13-14.03.00:258][144]LightingResults: New page: Lighting Build
[2018.03.13-14.03.00:259][144]LoadErrors: New page: Loading map: StarTrekMap.umap
[2018.03.13-14.03.00:260][144]MapCheck: New page: Map Check
[2018.03.13-14.03.00:260][144]LightingResults: New page: Lighting Build
[2018.03.13-14.03.00:283][144]LogEditorServer: Finished looking for orphan Actors (0.000 secs)
[2018.03.13-14.03.00:320][144]Cmd: MAP CHECKDEP NOCLEARLOG
[2018.03.13-14.03.00:422][144]MapCheck: Map check complete: 0 Error(s), 0 Warning(s), took 101.983ms to complete.
[2018.03.13-14.03.00:423][144]LogFileHelpers: Loading map 'StarTrekMap' took 0.167
[2018.03.13-14.06.53:912][272]Candidate modules for hot reload:
[2018.03.13-14.06.53:912][272]  PropNavigationGame
[2018.03.13-14.06.53:912][272]Launching UnrealBuildTool... [C:/Program Files (x86)/Epic Games/UE_4.17/Engine/Binaries/DotNET/UnrealBuildTool.exe PropNavigationGame -ModuleWithSuffix PropNavigationGame 7622 Win64 Development -editorrecompile -canskiplink "M:/GitHub/Gameplay-Mechanics/PropNavigationGame/PropNavigationGame.uproject" ]
[2018.03.13-14.06.53:914][272]Warning: Starting HotReload took  0.0s.
[2018.03.13-14.07.13:600][609]CompilerResultsLog: New page: Compilation - 13 Mar 2018 14:07:13
[2018.03.13-14.07.13:601][609]CompilerResultsLog: Compiling game modules for hot reload
[2018.03.13-14.07.13:601][609]CompilerResultsLog: Parsing headers for PropNavigationGameEditor
[2018.03.13-14.07.13:601][609]CompilerResultsLog:   Running UnrealHeaderTool "M:\GitHub\Gameplay-Mechanics\PropNavigationGame\PropNavigationGame.uproject" "M:\GitHub\Gameplay-Mechanics\PropNavigationGame\Intermediate\Build\Win64\PropNavigationGameEditor\Development\PropNavigationGameEditor.uhtmanifest" -LogCmds="loginit warning, logexit warning, logdatabase error" -Unattended -WarningsAsErrors -installed
[2018.03.13-14.07.13:601][609]CompilerResultsLog: Reflection code generated for PropNavigationGameEditor in 8.4439749 seconds
[2018.03.13-14.07.13:601][609]CompilerResultsLog: Performing 3 actions (4 in parallel)
[2018.03.13-14.07.13:602][609]CompilerResultsLog: PlayerShip.cpp
[2018.03.13-14.07.13:602][609]CompilerResultsLog: [2/3] Link UE4Editor-PropNavigationGame-7622.dll
[2018.03.13-14.07.13:602][609]CompilerResultsLog: [3/3] Link UE4Editor-PropNavigationGame-7622.lib
[2018.03.13-14.07.13:602][609]CompilerResultsLog:    Creating library M:\GitHub\Gameplay-Mechanics\PropNavigationGame\Intermediate\Build\Win64\UE4Editor\Development\UE4Editor-PropNavigationGame-7622.lib and object M:\GitHub\Gameplay-Mechanics\PropNavigationGame\Intermediate\Build\Win64\UE4Editor\Development\UE4Editor-PropNavigationGame-7622.exp
[2018.03.13-14.07.13:602][609]CompilerResultsLog:    Creating library M:\GitHub\Gameplay-Mechanics\PropNavigationGame\Intermediate\Build\Win64\UE4Editor\Development\UE4Editor-PropNavigationGame-7622.suppressed.lib and object M:\GitHub\Gameplay-Mechanics\PropNavigationGame\Intermediate\Build\Win64\UE4Editor\Development\UE4Editor-PropNavigationGame-7622.suppressed.exp
[2018.03.13-14.07.13:603][609]CompilerResultsLog: Total build time: 19.46 seconds (Local executor: 3.27 seconds)
[2018.03.13-14.07.13:603][609]LogMainFrame: MainFrame: Module compiling took 19.694 seconds
[2018.03.13-14.07.13:925][609]LogScriptCore: Error: Script Msg: A null object was passed as a world context object to UEngine::GetWorldFromContextObject().
[2018.03.13-14.07.13:926][609]LogScriptCore: Error: Script call stack:
	[Empty] (FFrame::GetScriptCallstack() called from native code)
[2018.03.13-14.07.13:948][609]LogHotReload: Re-instancing EnemyShip after hot-reload.
[2018.03.13-14.07.14:102][609]LogScriptCore: Error: Script Msg: A null object was passed as a world context object to UEngine::GetWorldFromContextObject().
[2018.03.13-14.07.14:102][609]LogScriptCore: Error: Script call stack:
	[Empty] (FFrame::GetScriptCallstack() called from native code)
[2018.03.13-14.07.14:109][609]LogContentBrowser: Native class hierarchy updated for 'PropNavigationGame' in 0.0046 seconds. Added 10 classes and 2 folders.
[2018.03.13-14.07.14:111][609]Display: HotReload successful (5 functions remapped  0 scriptstructs remapped)
[2018.03.13-14.07.14:407][609]LogContentBrowser: Native class hierarchy populated in 0.0104 seconds. Added 2398 classes and 506 folders.
[2018.03.13-14.07.14:407][609]Display: HotReload took 20.5s.
[2018.03.13-14.07.17:632][991]LogTemp: Repeating last play command: Selected Viewport
[2018.03.13-14.07.17:747][991]LogPlayLevel: PlayLevel: No blueprints needed recompiling
[2018.03.13-14.07.17:748][991]PIE: New page: PIE session: StarTrekMap (13 Mar 2018 14:07:17)
[2018.03.13-14.07.17:748][991]LogPlayLevel: Creating play world package: /Game/UEDPIE_0_StarTrekMap
[2018.03.13-14.07.17:751][991]LogPlayLevel: PIE: StaticDuplicateObject took: (0.003162s)
[2018.03.13-14.07.17:752][991]LogAIModule: Creating AISystem for world StarTrekMap
[2018.03.13-14.07.17:753][991]LogPlayLevel: PIE: World Init took: (0.001347s)
[2018.03.13-14.07.17:753][991]LogPlayLevel: PIE: Created PIE world by copying editor world from /Game/StarTrekMap.StarTrekMap to /Game/UEDPIE_0_StarTrekMap.StarTrekMap (0.005337s)
[2018.03.13-14.07.17:813][991]LogInit: XAudio2 using 'Realtek Digital Output (Realtek High Definition Audio)' : 2 channels at 48 kHz using 16 bits per sample (channel mask 0x3)
[2018.03.13-14.07.17:855][991]LogInit: FAudioDevice initialized.
[2018.03.13-14.07.17:899][991]LogLoad: Game class is 'MySpaceGameMode_C'
[2018.03.13-14.07.17:900][991]LogWorld: Bringing World /Game/UEDPIE_0_StarTrekMap.StarTrekMap up for play (max tick rate 0) at 2018.03.13-14.07.17
[2018.03.13-14.07.17:901][991]LogWorld: Bringing up level for play took: 0.001565
[2018.03.13-14.07.18:002][991]LogContentBrowser: Native class hierarchy updated for 'MovieSceneCapture' in 0.0027 seconds. Added 11 classes and 0 folders.
[2018.03.13-14.07.18:002][991]LogTemp: Warning: Doesn't Contain: 0.000000.
[2018.03.13-14.07.18:002][991]LogTemp: Warning: Doesn't Contain: FiringSocketLeft.
[2018.03.13-14.07.18:152][991]LogStats: FPlatformStackWalk::StackWalkAndDump -  0.149 s
[2018.03.13-14.07.18:152][991]LogOutputDevice: Error: === Handled ensure: ===
[2018.03.13-14.07.18:153][991]LogOutputDevice: Error: 
[2018.03.13-14.07.18:153][991]LogOutputDevice: Error: Ensure condition failed: MyOwnerWorld [File:D:\Build\++UE4+Release-4.17+Compile\Sync\Engine\Source\Runtime\Engine\Private\Components\ActorComponent.cpp] [Line: 1022]
[2018.03.13-14.07.18:153][991]LogOutputDevice: Error: 
[2018.03.13-14.07.18:153][991]LogOutputDevice: Error: Stack: 
[2018.03.13-14.07.18:153][991]LogOutputDevice: Error: UE4Editor-Core.dll!0x00000000750035F6
[2018.03.13-14.07.18:153][991]LogOutputDevice: Error: UE4Editor-Core.dll!0x0000000074D8C2C2
[2018.03.13-14.07.18:154][991]LogOutputDevice: Error: UE4Editor-Core.dll!0x0000000074DA4736
[2018.03.13-14.07.18:154][991]LogOutputDevice: Error: UE4Editor-Engine.dll!0x0000000071BF987B
[2018.03.13-14.07.18:154][991]LogOutputDevice: Error: UE4Editor-PropNavigationGame-7622.dll!APlayerShip::SendSocketsToFireComponents() [m:\github\gameplay-mechanics\propnavigationgame\source\propnavigationgame\playership.cpp:156]
[2018.03.13-14.07.18:154][991]LogOutputDevice: Error: UE4Editor-PropNavigationGame-7622.dll!APlayerShip::BeginPlay() [m:\github\gameplay-mechanics\propnavigationgame\source\propnavigationgame\playership.cpp:174]
[2018.03.13-14.07.18:155][991]LogOutputDevice: Error: UE4Editor-Engine.dll!0x00000000717AABAB
[2018.03.13-14.07.18:155][991]LogOutputDevice: Error: UE4Editor-Engine.dll!0x000000007296A421
[2018.03.13-14.07.18:155][991]LogOutputDevice: Error: UE4Editor-Engine.dll!0x0000000071EE4761
[2018.03.13-14.07.18:155][991]LogOutputDevice: Error: UE4Editor-Engine.dll!0x0000000072955BCE
[2018.03.13-14.07.18:155][991]LogOutputDevice: Error: UE4Editor-Engine.dll!0x0000000071F07AC6
[2018.03.13-14.07.18:156][991]LogOutputDevice: Error: UE4Editor-UnrealEd.dll!0x000000007073A39C
[2018.03.13-14.07.18:156][991]LogOutputDevice: Error: UE4Editor-UnrealEd.dll!0x0000000070764CFE
[2018.03.13-14.07.18:156][991]LogOutputDevice: Error: UE4Editor-UnrealEd.dll!0x0000000070780864
[2018.03.13-14.07.18:156][991]LogOutputDevice: Error: UE4Editor-UnrealEd.dll!0x00000000701EBAA8
[2018.03.13-14.07.18:156][991]LogOutputDevice: Error: UE4Editor-UnrealEd.dll!0x0000000070A7B0E6
[2018.03.13-14.07.18:157][991]LogOutputDevice: Error: UE4Editor.exe!0x00000000C945534A
[2018.03.13-14.07.18:157][991]LogOutputDevice: Error: UE4Editor.exe!0x00000000C9463970
[2018.03.13-14.07.18:157][991]LogOutputDevice: Error: UE4Editor.exe!0x00000000C94639EA
[2018.03.13-14.07.18:157][991]LogOutputDevice: Error: UE4Editor.exe!0x00000000C94702D9
[2018.03.13-14.07.18:157][991]LogOutputDevice: Error: UE4Editor.exe!0x00000000C9471C47
[2018.03.13-14.07.18:157][991]LogOutputDevice: Error: KERNEL32.DLL!0x00000000A6D31FE4
[2018.03.13-14.07.18:158][991]LogOutputDevice: Error: ntdll.dll!0x00000000A8BFEF91
[2018.03.13-14.07.18:158][991]LogOutputDevice: Error: 
[2018.03.13-14.07.18:161][991]LogStats:                SubmitErrorReport -  0.000 s
[2018.03.13-14.07.19:377][991]LogStats:                    SendNewReport -  1.216 s
[2018.03.13-14.07.19:377][991]LogStats:             FDebug::EnsureFailed -  1.375 s
[2018.03.13-14.07.19:378][991]LogTemp: Warning: Targeted Actor: Phaser.
[2018.03.13-14.07.19:378][991]LogTemp: Warning: Targeted Actor: Phaser2.
[2018.03.13-14.07.19:378][991]LogTemp: Warning: Doesn't Contain: EngineLeftSocket.
[2018.03.13-14.07.19:378][991]LogTemp: Warning: Doesn't Contain: EngineRightSocket.
[2018.03.13-14.07.19:378][991]LogTemp: Warning: Doesn't Contain: ImpTop1.
[2018.03.13-14.07.19:379][991]PIE: Play in editor start time for /Game/UEDPIE_0_StarTrekMap 1.313
[2018.03.13-14.07.23:206][440]LogTemp: Warning: Targeted Actor: EnemyShip_1.
[2018.03.13-14.07.24:731][623]LogTemp: Warning: Trace Actor EnemyShip_1.
[2018.03.13-14.07.25:056][662]LogTemp: Warning: Trace Actor EnemyShip_1.
[2018.03.13-14.08.00:978][935]LogSlate: Took 0.000622 seconds to synchronously load lazily loaded font '../../../Engine/Content/Editor/Slate/Fonts/Roboto-Italic.ttf' (157K)
[2018.03.13-14.14.26:503][293]Candidate modules for hot reload:
[2018.03.13-14.14.26:503][293]  PropNavigationGame
[2018.03.13-14.14.26:504][293]Launching UnrealBuildTool... [C:/Program Files (x86)/Epic Games/UE_4.17/Engine/Binaries/DotNET/UnrealBuildTool.exe PropNavigationGame -ModuleWithSuffix PropNavigationGame 5193 Win64 Development -editorrecompile -canskiplink "M:/GitHub/Gameplay-Mechanics/PropNavigationGame/PropNavigationGame.uproject" ]
[2018.03.13-14.14.26:506][293]Warning: Starting HotReload took  0.0s.
[2018.03.13-14.14.43:928][747]CompilerResultsLog: New page: Compilation - 13 Mar 2018 14:14:43
[2018.03.13-14.14.43:928][747]CompilerResultsLog: Compiling game modules for hot reload
[2018.03.13-14.14.43:929][747]CompilerResultsLog: Parsing headers for PropNavigationGameEditor
[2018.03.13-14.14.43:929][747]CompilerResultsLog:   Running UnrealHeaderTool "M:\GitHub\Gameplay-Mechanics\PropNavigationGame\PropNavigationGame.uproject" "M:\GitHub\Gameplay-Mechanics\PropNavigationGame\Intermediate\Build\Win64\PropNavigationGameEditor\Development\PropNavigationGameEditor.uhtmanifest" -LogCmds="loginit warning, logexit warning, logdatabase error" -Unattended -WarningsAsErrors -installed
[2018.03.13-14.14.43:930][747]CompilerResultsLog: Reflection code generated for PropNavigationGameEditor in 7.397171 seconds
[2018.03.13-14.14.43:931][747]CompilerResultsLog: Performing 3 actions (4 in parallel)
[2018.03.13-14.14.43:931][747]CompilerResultsLog: PlayerShip.cpp
[2018.03.13-14.14.43:931][747]CompilerResultsLog: Error: M:\GitHub\Gameplay-Mechanics\PropNavigationGame\Source\PropNavigationGame\PlayerShip.cpp(158) : error C2039: 'SetupAttachment': is not a member of 'UPhaserComponent'
[2018.03.13-14.14.43:932][747]CompilerResultsLog: Error: m:\github\gameplay-mechanics\propnavigationgame\source\propnavigationgame\PhaserComponent.h(14) : note: see declaration of 'UPhaserComponent'
[2018.03.13-14.14.43:933][747]CompilerResultsLog: ERROR: UBT ERROR: Failed to produce item: M:\GitHub\Gameplay-Mechanics\PropNavigationGame\Binaries\Win64\UE4Editor-PropNavigationGame-5193.dll
[2018.03.13-14.14.43:934][747]CompilerResultsLog: Total build time: 16.90 seconds (Local executor: 0.00 seconds)
[2018.03.13-14.14.43:934][747]LogMainFrame: MainFrame: Module compiling took 17.436 seconds
[2018.03.13-14.14.43:934][747]Warning: HotReload failed, recompile failed
[2018.03.13-14.20.05:526][215]Candidate modules for hot reload:
[2018.03.13-14.20.05:526][215]  PropNavigationGame
[2018.03.13-14.20.05:528][215]Launching UnrealBuildTool... [C:/Program Files (x86)/Epic Games/UE_4.17/Engine/Binaries/DotNET/UnrealBuildTool.exe PropNavigationGame -ModuleWithSuffix PropNavigationGame 4839 Win64 Development -editorrecompile -canskiplink "M:/GitHub/Gameplay-Mechanics/PropNavigationGame/PropNavigationGame.uproject" ]
[2018.03.13-14.20.05:530][215]Warning: Starting HotReload took  0.0s.
[2018.03.13-14.20.25:595][417]CompilerResultsLog: New page: Compilation - 13 Mar 2018 14:20:25
[2018.03.13-14.20.25:595][417]CompilerResultsLog: Compiling game modules for hot reload
[2018.03.13-14.20.25:595][417]CompilerResultsLog: Parsing headers for PropNavigationGameEditor
[2018.03.13-14.20.25:595][417]CompilerResultsLog:   Running UnrealHeaderTool "M:\GitHub\Gameplay-Mechanics\PropNavigationGame\PropNavigationGame.uproject" "M:\GitHub\Gameplay-Mechanics\PropNavigationGame\Intermediate\Build\Win64\PropNavigationGameEditor\Development\PropNavigationGameEditor.uhtmanifest" -LogCmds="loginit warning, logexit warning, logdatabase error" -Unattended -WarningsAsErrors -installed
[2018.03.13-14.20.25:596][417]CompilerResultsLog: Reflection code generated for PropNavigationGameEditor in 9.0383072 seconds
[2018.03.13-14.20.25:596][417]CompilerResultsLog: Performing 3 actions (4 in parallel)
[2018.03.13-14.20.25:596][417]CompilerResultsLog: PlayerShip.cpp
[2018.03.13-14.20.25:596][417]CompilerResultsLog: [2/3] Link UE4Editor-PropNavigationGame-4839.dll
[2018.03.13-14.20.25:596][417]CompilerResultsLog: [3/3] Link UE4Editor-PropNavigationGame-4839.lib
[2018.03.13-14.20.25:596][417]CompilerResultsLog:    Creating library M:\GitHub\Gameplay-Mechanics\PropNavigationGame\Intermediate\Build\Win64\UE4Editor\Development\UE4Editor-PropNavigationGame-4839.lib and object M:\GitHub\Gameplay-Mechanics\PropNavigationGame\Intermediate\Build\Win64\UE4Editor\Development\UE4Editor-PropNavigationGame-4839.exp
[2018.03.13-14.20.25:597][417]CompilerResultsLog:    Creating library M:\GitHub\Gameplay-Mechanics\PropNavigationGame\Intermediate\Build\Win64\UE4Editor\Development\UE4Editor-PropNavigationGame-4839.suppressed.lib and object M:\GitHub\Gameplay-Mechanics\PropNavigationGame\Intermediate\Build\Win64\UE4Editor\Development\UE4Editor-PropNavigationGame-4839.suppressed.exp
[2018.03.13-14.20.25:597][417]CompilerResultsLog: Total build time: 19.86 seconds (Local executor: 3.36 seconds)
[2018.03.13-14.20.25:597][417]LogMainFrame: MainFrame: Module compiling took 20.076 seconds
[2018.03.13-14.20.25:842][417]LogScriptCore: Error: Script Msg: A null object was passed as a world context object to UEngine::GetWorldFromContextObject().
[2018.03.13-14.20.25:842][417]LogScriptCore: Error: Script call stack:
	[Empty] (FFrame::GetScriptCallstack() called from native code)
[2018.03.13-14.20.25:853][417]LogHotReload: Re-instancing EnemyShip after hot-reload.
[2018.03.13-14.20.25:989][417]LogScriptCore: Error: Script Msg: A null object was passed as a world context object to UEngine::GetWorldFromContextObject().
[2018.03.13-14.20.25:989][417]LogScriptCore: Error: Script call stack:
	[Empty] (FFrame::GetScriptCallstack() called from native code)
[2018.03.13-14.20.25:994][417]LogContentBrowser: Native class hierarchy updated for 'PropNavigationGame' in 0.0040 seconds. Added 10 classes and 2 folders.
[2018.03.13-14.20.25:996][417]Display: HotReload successful (5 functions remapped  0 scriptstructs remapped)
[2018.03.13-14.20.26:251][417]LogContentBrowser: Native class hierarchy populated in 0.0218 seconds. Added 2398 classes and 506 folders.
[2018.03.13-14.20.26:251][417]Display: HotReload took 20.7s.
[2018.03.13-14.20.27:046][502]LogTemp: Repeating last play command: Selected Viewport
[2018.03.13-14.20.27:061][502]LogPlayLevel: PlayLevel: No blueprints needed recompiling
[2018.03.13-14.20.27:061][502]PIE: New page: PIE session: StarTrekMap (13 Mar 2018 14:20:27)
[2018.03.13-14.20.27:061][502]LogPlayLevel: Creating play world package: /Game/UEDPIE_0_StarTrekMap
[2018.03.13-14.20.27:064][502]LogPlayLevel: PIE: StaticDuplicateObject took: (0.002563s)
[2018.03.13-14.20.27:065][502]LogAIModule: Creating AISystem for world StarTrekMap
[2018.03.13-14.20.27:066][502]LogPlayLevel: PIE: World Init took: (0.001300s)
[2018.03.13-14.20.27:066][502]LogPlayLevel: PIE: Created PIE world by copying editor world from /Game/StarTrekMap.StarTrekMap to /Game/UEDPIE_0_StarTrekMap.StarTrekMap (0.004388s)
[2018.03.13-14.20.27:132][502]LogInit: XAudio2 using 'Realtek Digital Output (Realtek High Definition Audio)' : 2 channels at 48 kHz using 16 bits per sample (channel mask 0x3)
[2018.03.13-14.20.27:271][502]LogInit: FAudioDevice initialized.
[2018.03.13-14.20.27:305][502]LogLoad: Game class is 'MySpaceGameMode_C'
[2018.03.13-14.20.27:307][502]LogWorld: Bringing World /Game/UEDPIE_0_StarTrekMap.StarTrekMap up for play (max tick rate 0) at 2018.03.13-14.20.27
[2018.03.13-14.20.27:307][502]LogWorld: Bringing up level for play took: 0.001803
[2018.03.13-14.20.27:308][502]LogTemp: Warning: Doesn't Contain: 0.000000.
[2018.03.13-14.20.27:309][502]LogTemp: Warning: Doesn't Contain: FiringSocketLeft.
[2018.03.13-14.20.27:309][502]LogTemp: Warning: Targeted Actor: Phaser.
[2018.03.13-14.20.27:309][502]LogTemp: Warning: Targeted Actor: Phaser2.
[2018.03.13-14.20.27:309][502]LogTemp: Warning: Doesn't Contain: EngineLeftSocket.
[2018.03.13-14.20.27:309][502]LogTemp: Warning: Doesn't Contain: EngineRightSocket.
[2018.03.13-14.20.27:309][502]LogTemp: Warning: Doesn't Contain: ImpTop1.
[2018.03.13-14.20.27:310][502]PIE: Play in editor start time for /Game/UEDPIE_0_StarTrekMap -0.737
[2018.03.13-14.20.39:567][934]LogTemp: Warning: Targeted Actor: EnemyShip_1.
[2018.03.13-14.20.39:826][965]LogTemp: Warning: Trace Actor EnemyShip_1.
[2018.03.13-14.20.40:094][997]LogTemp: Warning: Trace Actor EnemyShip_1.
[2018.03.13-14.20.40:346][ 27]LogTemp: Warning: Trace Actor EnemyShip_1.
[2018.03.13-14.20.40:564][ 53]LogTemp: Warning: Trace Actor EnemyShip_1.
[2018.03.13-14.20.40:731][ 73]LogTemp: Warning: Trace Actor EnemyShip_1.
[2018.03.13-14.20.40:906][ 94]LogTemp: Warning: Trace Actor EnemyShip_1.
[2018.03.13-14.21.04:502][803]Candidate modules for hot reload:
[2018.03.13-14.21.04:503][803]  PropNavigationGame
[2018.03.13-14.21.04:504][803]Launching UnrealBuildTool... [C:/Program Files (x86)/Epic Games/UE_4.17/Engine/Binaries/DotNET/UnrealBuildTool.exe PropNavigationGame -ModuleWithSuffix PropNavigationGame 5068 Win64 Development -editorrecompile -canskiplink "M:/GitHub/Gameplay-Mechanics/PropNavigationGame/PropNavigationGame.uproject" ]
[2018.03.13-14.21.04:506][803]Warning: Starting HotReload took  0.0s.
[2018.03.13-14.21.22:063][975]CompilerResultsLog: New page: Compilation - 13 Mar 2018 14:21:22
[2018.03.13-14.21.22:063][975]CompilerResultsLog: Compiling game modules for hot reload
[2018.03.13-14.21.22:063][975]CompilerResultsLog: Parsing headers for PropNavigationGameEditor
[2018.03.13-14.21.22:063][975]CompilerResultsLog:   Running UnrealHeaderTool "M:\GitHub\Gameplay-Mechanics\PropNavigationGame\PropNavigationGame.uproject" "M:\GitHub\Gameplay-Mechanics\PropNavigationGame\Intermediate\Build\Win64\PropNavigationGameEditor\Development\PropNavigationGameEditor.uhtmanifest" -LogCmds="loginit warning, logexit warning, logdatabase error" -Unattended -WarningsAsErrors -installed
[2018.03.13-14.21.22:064][975]CompilerResultsLog: Reflection code generated for PropNavigationGameEditor in 7.2059901 seconds
[2018.03.13-14.21.22:064][975]CompilerResultsLog: Performing 3 actions (4 in parallel)
[2018.03.13-14.21.22:064][975]CompilerResultsLog: PlayerShip.cpp
[2018.03.13-14.21.22:064][975]CompilerResultsLog: [2/3] Link UE4Editor-PropNavigationGame-5068.dll
[2018.03.13-14.21.22:064][975]CompilerResultsLog: [3/3] Link UE4Editor-PropNavigationGame-5068.lib
[2018.03.13-14.21.22:064][975]CompilerResultsLog:    Creating library M:\GitHub\Gameplay-Mechanics\PropNavigationGame\Intermediate\Build\Win64\UE4Editor\Development\UE4Editor-PropNavigationGame-5068.lib and object M:\GitHub\Gameplay-Mechanics\PropNavigationGame\Intermediate\Build\Win64\UE4Editor\Development\UE4Editor-PropNavigationGame-5068.exp
[2018.03.13-14.21.22:065][975]CompilerResultsLog:    Creating library M:\GitHub\Gameplay-Mechanics\PropNavigationGame\Intermediate\Build\Win64\UE4Editor\Development\UE4Editor-PropNavigationGame-5068.suppressed.lib and object M:\GitHub\Gameplay-Mechanics\PropNavigationGame\Intermediate\Build\Win64\UE4Editor\Development\UE4Editor-PropNavigationGame-5068.suppressed.exp
[2018.03.13-14.21.22:065][975]CompilerResultsLog: Total build time: 17.06 seconds (Local executor: 3.27 seconds)
[2018.03.13-14.21.22:065][975]LogMainFrame: MainFrame: Module compiling took 17.568 seconds
[2018.03.13-14.21.22:247][975]LogScriptCore: Error: Script Msg: A null object was passed as a world context object to UEngine::GetWorldFromContextObject().
[2018.03.13-14.21.22:247][975]LogScriptCore: Error: Script call stack:
	[Empty] (FFrame::GetScriptCallstack() called from native code)
[2018.03.13-14.21.22:258][975]LogHotReload: Re-instancing EnemyShip after hot-reload.
[2018.03.13-14.21.22:388][975]LogScriptCore: Error: Script Msg: A null object was passed as a world context object to UEngine::GetWorldFromContextObject().
[2018.03.13-14.21.22:388][975]LogScriptCore: Error: Script call stack:
	[Empty] (FFrame::GetScriptCallstack() called from native code)
[2018.03.13-14.21.22:393][975]LogContentBrowser: Native class hierarchy updated for 'PropNavigationGame' in 0.0030 seconds. Added 10 classes and 2 folders.
[2018.03.13-14.21.22:395][975]Display: HotReload successful (5 functions remapped  0 scriptstructs remapped)
[2018.03.13-14.21.22:647][975]LogContentBrowser: Native class hierarchy populated in 0.0101 seconds. Added 2398 classes and 506 folders.
[2018.03.13-14.21.22:648][975]Display: HotReload took 18.2s.
[2018.03.13-14.21.39:599][232]LogTemp: Repeating last play command: Selected Viewport
[2018.03.13-14.21.39:611][232]LogPlayLevel: PlayLevel: No blueprints needed recompiling
[2018.03.13-14.21.39:612][232]PIE: New page: PIE session: StarTrekMap (13 Mar 2018 14:21:39)
[2018.03.13-14.21.39:612][232]LogPlayLevel: Creating play world package: /Game/UEDPIE_0_StarTrekMap
[2018.03.13-14.21.39:614][232]LogPlayLevel: PIE: StaticDuplicateObject took: (0.002246s)
[2018.03.13-14.21.39:615][232]LogAIModule: Creating AISystem for world StarTrekMap
[2018.03.13-14.21.39:615][232]LogPlayLevel: PIE: World Init took: (0.001285s)
[2018.03.13-14.21.39:616][232]LogPlayLevel: PIE: Created PIE world by copying editor world from /Game/StarTrekMap.StarTrekMap to /Game/UEDPIE_0_StarTrekMap.StarTrekMap (0.004095s)
[2018.03.13-14.21.39:675][232]LogInit: XAudio2 using 'Realtek Digital Output (Realtek High Definition Audio)' : 2 channels at 48 kHz using 16 bits per sample (channel mask 0x3)
[2018.03.13-14.21.39:737][232]LogInit: FAudioDevice initialized.
[2018.03.13-14.21.39:776][232]LogLoad: Game class is 'MySpaceGameMode_C'
[2018.03.13-14.21.39:782][232]LogWorld: Bringing World /Game/UEDPIE_0_StarTrekMap.StarTrekMap up for play (max tick rate 0) at 2018.03.13-14.21.39
[2018.03.13-14.21.39:783][232]LogWorld: Bringing up level for play took: 0.003562
[2018.03.13-14.21.39:786][232]LogTemp: Warning: Doesn't Contain: 0.000000.
[2018.03.13-14.21.39:787][232]LogTemp: Warning: Doesn't Contain: FiringSocketLeft.
[2018.03.13-14.21.39:792][232]LogWindows: Windows GetLastError: The operation completed successfully. (0)
[2018.03.13-14.21.41:209][232]LogWindows: Error: === Critical error: ===
[2018.03.13-14.21.41:209][232]LogWindows: Error: 
[2018.03.13-14.21.41:209][232]LogWindows: Error: Fatal error: [File:D:\Build\++UE4+Release-4.17+Compile\Sync\Engine\Source\Runtime\CoreUObject\Private\UObject\UObjectGlobals.cpp] [Line: 2174] 
[2018.03.13-14.21.41:209][232]LogWindows: Error: Object is not packaged: PhaserComponent Phaser
[2018.03.13-14.21.41:210][232]LogWindows: Error: 
[2018.03.13-14.21.41:210][232]LogWindows: Error: 
[2018.03.13-14.21.41:210][232]LogWindows: Error: KERNELBASE.dll!0x00000000A5193FB8
[2018.03.13-14.21.41:210][232]LogWindows: Error: UE4Editor-Core.dll!0x00000000750014A4
[2018.03.13-14.21.41:210][232]LogWindows: Error: UE4Editor-Core.dll!0x0000000074DEAD4B
[2018.03.13-14.21.41:210][232]LogWindows: Error: UE4Editor-Core.dll!0x0000000074D80169
[2018.03.13-14.21.41:210][232]LogWindows: Error: UE4Editor-CoreUObject.dll!0x000000007F379CD8
[2018.03.13-14.21.41:210][232]LogWindows: Error: UE4Editor-CoreUObject.dll!0x000000007F3778FB
[2018.03.13-14.21.41:210][232]LogWindows: Error: UE4Editor-CoreUObject.dll!0x000000007F37A537
[2018.03.13-14.21.41:210][232]LogWindows: Error: UE4Editor-PropNavigationGame-5068.dll!APlayerShip::SendSocketsToFireComponents() [m:\github\gameplay-mechanics\propnavigationgame\source\propnavigationgame\playership.cpp:151]
[2018.03.13-14.21.41:210][232]LogWindows: Error: UE4Editor-PropNavigationGame-5068.dll!APlayerShip::BeginPlay() [m:\github\gameplay-mechanics\propnavigationgame\source\propnavigationgame\playership.cpp:173]
[2018.03.13-14.21.41:210][232]LogWindows: Error: UE4Editor-Engine.dll!0x00000000717AABAB
[2018.03.13-14.21.41:210][232]LogWindows: Error: UE4Editor-Engine.dll!0x000000007296A421
[2018.03.13-14.21.41:211][232]LogWindows: Error: UE4Editor-Engine.dll!0x0000000071EE4761
[2018.03.13-14.21.41:211][232]LogWindows: Error: UE4Editor-Engine.dll!0x0000000072955BCE
[2018.03.13-14.21.41:211][232]LogWindows: Error: UE4Editor-Engine.dll!0x0000000071F07AC6
[2018.03.13-14.21.41:211][232]LogWindows: Error: UE4Editor-UnrealEd.dll!0x000000007073A39C
[2018.03.13-14.21.41:211][232]LogWindows: Error: UE4Editor-UnrealEd.dll!0x0000000070764CFE
[2018.03.13-14.21.41:211][232]LogWindows: Error: UE4Editor-UnrealEd.dll!0x0000000070780864
[2018.03.13-14.21.41:211][232]LogWindows: Error: UE4Editor-UnrealEd.dll!0x00000000701EBAA8
[2018.03.13-14.21.41:211][232]LogWindows: Error: UE4Editor-UnrealEd.dll!0x0000000070A7B0E6
[2018.03.13-14.21.41:211][232]LogWindows: Error: UE4Editor.exe!0x00000000C945534A
[2018.03.13-14.21.41:211][232]LogWindows: Error: UE4Editor.exe!0x00000000C9463970
[2018.03.13-14.21.41:211][232]LogWindows: Error: UE4Editor.exe!0x00000000C94639EA
[2018.03.13-14.21.41:211][232]LogWindows: Error: UE4Editor.exe!0x00000000C94702D9
[2018.03.13-14.21.41:211][232]LogWindows: Error: UE4Editor.exe!0x00000000C9471C47
[2018.03.13-14.21.41:211][232]LogWindows: Error: KERNEL32.DLL!0x00000000A6D31FE4
[2018.03.13-14.21.41:211][232]LogWindows: Error: ntdll.dll!0x00000000A8BFEF91
[2018.03.13-14.21.41:211][232]LogWindows: Error: ntdll.dll!0x00000000A8BFEF91
[2018.03.13-14.21.41:212][232]LogWindows: Error: 
[2018.03.13-14.21.41:227][232]LogExit: Executing StaticShutdownAfterError
[2018.03.13-14.21.41:230][232]LogWindows: FPlatformMisc::RequestExit(1)
[2018.03.13-14.21.41:230][232]Log file closed, 03/13/18 14:21:41
