Log file open, 02/26/18 15:39:41
LogWindows: LoadLibraryWithSearchPaths failed for file aqProf.dll. GetLastError=0
LogWindows: LoadLibraryWithSearchPaths failed for file VtuneApi.dll. GetLastError=0
LogWindows: LoadLibraryWithSearchPaths failed for file VtuneApi32e.dll. GetLastError=0
LogInit: Display: Running engine for game: PropNavigationGame
LogPlatformFile: Not using cached read wrapper
LogInit: Display: RandInit(1412788482) SRandInit(1412788482).
LogTaskGraph: Started task graph with 5 named threads and 14 total threads with 3 sets of task threads.
LogStats: Stats thread started at 0.178274
LogD3D11RHI: Aftermath initialized
LogPluginManager: Mounting plugin Paper2D
LogPluginManager: Mounting plugin LightPropagationVolume
LogPluginManager: Mounting plugin CodeLiteSourceCodeAccess
LogPluginManager: Mounting plugin GitSourceControl
LogPluginManager: Mounting plugin KDevelopSourceCodeAccess
LogPluginManager: Mounting plugin NullSourceCodeAccess
LogPluginManager: Mounting plugin PerforceSourceControl
LogPluginManager: Mounting plugin SubversionSourceControl
LogPluginManager: Mounting plugin UObjectPlugin
LogPluginManager: Mounting plugin VisualStudioSourceCodeAccess
LogPluginManager: Mounting plugin XCodeSourceCodeAccess
LogPluginManager: Mounting plugin AssetManagerEditor
LogPluginManager: Mounting plugin AudioCapture
LogPluginManager: Mounting plugin FacialAnimation
LogPluginManager: Mounting plugin GameplayTagsEditor
LogPluginManager: Mounting plugin MobileLauncherProfileWizard
LogPluginManager: Mounting plugin PluginBrowser
LogPluginManager: Mounting plugin SpeedTreeImporter
LogPluginManager: Mounting plugin AlembicImporter
LogPluginManager: Mounting plugin CharacterAI
LogPluginManager: Mounting plugin HTML5Networking
LogPluginManager: Mounting plugin AndroidMedia
LogPluginManager: Mounting plugin AvfMedia
LogPluginManager: Mounting plugin MediaPlayerEditor
LogPluginManager: Mounting plugin WmfMedia
LogPluginManager: Mounting plugin TcpMessaging
LogPluginManager: Mounting plugin UdpMessaging
LogPluginManager: Mounting plugin LevelSequenceEditor
LogPluginManager: Mounting plugin MatineeToLevelSequence
LogPluginManager: Mounting plugin OnlineSubsystemGooglePlay
LogPluginManager: Mounting plugin OnlineSubsystemIOS
LogPluginManager: Mounting plugin OnlineSubsystem
LogPluginManager: Mounting plugin OnlineSubsystemNull
LogPluginManager: Mounting plugin OnlineSubsystemUtils
LogPluginManager: Mounting plugin AndroidDeviceProfileSelector
LogPluginManager: Mounting plugin AndroidMoviePlayer
LogPluginManager: Mounting plugin AndroidPermission
LogPluginManager: Mounting plugin AppleMoviePlayer
LogPluginManager: Mounting plugin ArchVisCharacter
LogPluginManager: Mounting plugin CableComponent
LogPluginManager: Mounting plugin CustomMeshComponent
LogPluginManager: Mounting plugin ExampleDeviceProfileSelector
LogPluginManager: Mounting plugin GoogleCloudMessaging
LogPluginManager: Mounting plugin ImmediatePhysics
LogPluginManager: Mounting plugin IOSDeviceProfileSelector
LogPluginManager: Mounting plugin LinuxDeviceProfileSelector
LogPluginManager: Mounting plugin LocationServicesBPLibrary
LogPluginManager: Mounting plugin MobilePatchingUtils
LogPluginManager: Mounting plugin OculusVR
LogPluginManager: Mounting plugin PhysXVehicles
LogPluginManager: Mounting plugin ProceduralMeshComponent
LogPluginManager: Mounting plugin RuntimePhysXCooking
LogPluginManager: Mounting plugin SteamVR
LogPluginManager: Mounting plugin WindowsMoviePlayer
LogInit: Using libcurl 7.47.1
LogInit:  - built for x86_64-pc-win32
LogInit:  - supports SSL with OpenSSL/1.0.2g
LogInit:  - supports HTTP deflate (compression) using libz 1.2.8
LogInit:  - other features:
LogInit:      CURL_VERSION_SSL
LogInit:      CURL_VERSION_LIBZ
LogInit:      CURL_VERSION_IPV6
LogInit:      CURL_VERSION_ASYNCHDNS
LogInit:      CURL_VERSION_LARGEFILE
LogInit:      CURL_VERSION_IDN
LogInit:  CurlRequestOptions (configurable via config and command line):
LogInit:  - bVerifyPeer = false  - Libcurl will NOT verify peer certificate
LogInit:  - bUseHttpProxy = false  - Libcurl will NOT use HTTP proxy
LogInit:  - bDontReuseConnections = false  - Libcurl will reuse connections
LogInit:  - CertBundlePath = nullptr  - Libcurl will use whatever was configured at build time.
LogInit: Build: ++UE4+Release-4.17-CL-3573198
LogInit: Engine Version: 4.17.0-3573198+++UE4+Release-4.17
LogInit: Compatible Engine Version: 4.17.0-3573198+++UE4+Release-4.17
LogInit: Net CL: 3573198
LogDevObjectVersion: Number of dev versions registered: 16
LogDevObjectVersion:   Dev-Blueprints (B0D832E4-1F89-4F0D-ACCF-7EB736FD4AA2): 10
LogDevObjectVersion:   Dev-Build (E1C64328-A22C-4D53-A36C-8E866417BD8C): 0
LogDevObjectVersion:   Dev-Core (375EC13C-06E4-48FB-B500-84F0262A717E): 2
LogDevObjectVersion:   Dev-Editor (E4B068ED-F494-42E9-A231-DA0B2E46BB41): 20
LogDevObjectVersion:   Dev-Framework (CFFC743F-43B0-4480-9391-14DF171D2073): 28
LogDevObjectVersion:   Dev-Mobile (B02B49B5-BB20-44E9-A304-32B752E40360): 0
LogDevObjectVersion:   Dev-Networking (A4E4105C-59A1-49B5-A7C5-40C4547EDFEE): 0
LogDevObjectVersion:   Dev-Online (39C831C9-5AE6-47DC-9A44-9C173E1C8E7C): 0
LogDevObjectVersion:   Dev-Physics (78F01B33-EBEA-4F98-B9B4-84EACCB95AA2): 0
LogDevObjectVersion:   Dev-Platform (6631380F-2D4D-43E0-8009-CF276956A95A): 0
LogDevObjectVersion:   Dev-Rendering (12F88B9F-8875-4AFC-A67C-D90C383ABD29): 19
LogDevObjectVersion:   Dev-Sequencer (7B5AE74C-D270-4C10-A958-57980B212A5A): 4
LogDevObjectVersion:   Dev-VR (D7296918-1DD6-4BDD-9DE2-64A83CC13884): 0
LogDevObjectVersion:   Dev-LoadTimes (C2A15278-BFE7-4AFE-6C17-90FF531DF755): 1
LogDevObjectVersion:   Private-Geometry (6EACA3D4-40EC-4CC1-B786-8BED09428FC5): 1
LogDevObjectVersion:   Dev-AnimPhys (29E575DD-E0A3-4627-9D10-D276232CDCEA): 7
LogInit: Compiled (64-bit): Aug  4 2017 16:30:33
LogInit: Compiled with Visual C++: 19.00.24215.01
LogInit: Build Configuration: Development
LogInit: Branch Name: ++UE4+Release-4.17
LogInit: Command line: 
LogInit: Base directory: C:/Program Files (x86)/Epic Games/UE_4.17/Engine/Binaries/Win64/
LogInit: Installed Engine Build: 1
LogInit: Presizing for max 8388607 objects, including 0 objects not considered by GC, pre-allocating 0 bytes for permanent pool.
LogInit: Object subsystem initialized
[2018.02.26-15.39.43:941][  0]LogInit: Selected Device Profile: [Windows]
[2018.02.26-15.39.43:941][  0]LogInit: Applying CVar settings loaded from the selected device profile: [Windows]
[2018.02.26-15.39.43:967][  0]LogInit: Computer: MC11576
[2018.02.26-15.39.43:967][  0]LogInit: User: 1503395
[2018.02.26-15.39.43:967][  0]LogInit: CPU Page size=4096, Cores=4
[2018.02.26-15.39.43:967][  0]LogInit: High frequency timer resolution =3.328222 MHz
[2018.02.26-15.39.43:967][  0]LogMemory: Memory total: Physical=31.9GB (32GB approx)
[2018.02.26-15.39.43:967][  0]LogMemory: Platform Memory Stats for Windows
[2018.02.26-15.39.43:967][  0]LogMemory: Process Physical Memory: 281.10 MB used, 281.10 MB peak
[2018.02.26-15.39.43:967][  0]LogMemory: Process Virtual Memory: 285.68 MB used, 285.68 MB peak
[2018.02.26-15.39.43:967][  0]LogMemory: Physical Memory: 5954.07 MB used,  26754.30 MB free, 32708.37 MB total
[2018.02.26-15.39.43:967][  0]LogMemory: Virtual Memory: 663.66 MB used,  26754.30 MB free, 8388608.00 MB total
[2018.02.26-15.39.44:343][  0]LogInit: Using OS detected language (en-GB).
[2018.02.26-15.39.44:343][  0]LogInit: Using OS detected locale (en-GB).
[2018.02.26-15.39.44:349][  0]LogTextLocalizationManager: No specific localization for 'en-GB' exists, so the 'en' localization will be used.
[2018.02.26-15.39.45:110][  0]LogD3D11RHI: D3D11 adapters:
[2018.02.26-15.39.45:146][  0]LogD3D11RHI:    0. 'NVIDIA GeForce GTX 1070' (Feature Level 11_0)
[2018.02.26-15.39.45:147][  0]LogD3D11RHI:       8077/0/16098 MB DedicatedVideo/DedicatedSystem/SharedSystem, Outputs:1, VendorId:0x10de
[2018.02.26-15.39.45:147][  0]LogD3D11RHI: Chosen D3D11 Adapter: 0
[2018.02.26-15.39.45:151][  0]LogD3D11RHI: Creating new Direct3DDevice
[2018.02.26-15.39.45:151][  0]LogD3D11RHI:     GPU DeviceId: 0x1b81 (for the marketing name, search the web for "GPU Device Id")
[2018.02.26-15.39.45:151][  0]LogWindows: EnumDisplayDevices:
[2018.02.26-15.39.45:152][  0]LogWindows:    0. 'NVIDIA GeForce GTX 1070' (P:1 D:1)
[2018.02.26-15.39.45:152][  0]LogWindows:    1. 'NVIDIA GeForce GTX 1070' (P:0 D:0)
[2018.02.26-15.39.45:152][  0]LogWindows:    2. 'NVIDIA GeForce GTX 1070' (P:0 D:0)
[2018.02.26-15.39.45:152][  0]LogWindows:    3. 'NVIDIA GeForce GTX 1070' (P:0 D:0)
[2018.02.26-15.39.45:152][  0]LogWindows:    4. 'RDPDD Chained DD' (P:0 D:0)
[2018.02.26-15.39.45:152][  0]LogWindows:    5. 'RDP Encoder Mirror Driver' (P:0 D:0)
[2018.02.26-15.39.45:153][  0]LogWindows:    6. 'RDP Reflector Display Driver' (P:0 D:0)
[2018.02.26-15.39.45:153][  0]LogWindows: DebugString: GetVideoDriverDetailsInvalid PrimaryIsNotTheChoosenAdapter GetVideoDriverDetailsInvalid PrimaryIsNotTheChoosenAdapter GetVideoDriverDetailsInvalid PrimaryIsNotTheChoosenAdapter FoundDriverCount:4 
[2018.02.26-15.39.45:153][  0]LogD3D11RHI:     Adapter Name: NVIDIA GeForce GTX 1070
[2018.02.26-15.39.45:153][  0]LogD3D11RHI:   Driver Version: 390.65 (internal:23.21.13.9065, unified:390.65)
[2018.02.26-15.39.45:153][  0]LogD3D11RHI:      Driver Date: 1-3-2018
[2018.02.26-15.39.45:153][  0]LogRHI: Texture pool is 1361 MB (70% of 1945 MB)
[2018.02.26-15.39.45:164][  0]LogD3D11RHI: Async texture creation enabled
[2018.02.26-15.39.45:178][  0]LogD3D11RHI: GPU Timing Frequency: 1000.000000 (Debug: 2 2)
[2018.02.26-15.39.45:220][  0]LogShaderCompilers: Guid format shader working directory is 1 characters bigger than the processId version (M:/GitHub/Gameplay-Mechanics/PropNavigationGame/Intermediate/Shaders/WorkingDirectory/6268/).
[2018.02.26-15.39.45:221][  0]LogShaderCompilers: Cleaned the shader compiler working directory 'C:/Users/1503395/AppData/Local/Temp/UnrealShaderWorkingDir/050040984DFD418AADDA969B0E8DC137/'.
[2018.02.26-15.39.45:221][  0]LogShaderCompilers: Display: Using Local Shader Compiler.
[2018.02.26-15.39.46:629][  0]LogTemp: Display: Loaded TP AllDesktopTargetPlatform
[2018.02.26-15.39.46:739][  0]LogTemp: Display: Loaded TP MacClientTargetPlatform
[2018.02.26-15.39.46:851][  0]LogTemp: Display: Loaded TP MacNoEditorTargetPlatform
[2018.02.26-15.39.46:946][  0]LogTemp: Display: Loaded TP MacServerTargetPlatform
[2018.02.26-15.39.47:041][  0]LogTemp: Display: Loaded TP MacTargetPlatform
[2018.02.26-15.39.47:137][  0]LogTemp: Display: Loaded TP WindowsClientTargetPlatform
[2018.02.26-15.39.47:232][  0]LogTemp: Display: Loaded TP WindowsNoEditorTargetPlatform
[2018.02.26-15.39.47:326][  0]LogTemp: Display: Loaded TP WindowsServerTargetPlatform
[2018.02.26-15.39.47:409][  0]LogTemp: Display: Loaded TP WindowsTargetPlatform
[2018.02.26-15.39.47:504][  0]LogTemp: Display: Loaded TP AndroidTargetPlatform
[2018.02.26-15.39.47:602][  0]LogTemp: Display: Loaded TP Android_ASTCTargetPlatform
[2018.02.26-15.39.47:697][  0]LogTemp: Display: Loaded TP Android_ATCTargetPlatform
[2018.02.26-15.39.47:792][  0]LogTemp: Display: Loaded TP Android_DXTTargetPlatform
[2018.02.26-15.39.47:894][  0]LogTemp: Display: Loaded TP Android_ETC1TargetPlatform
[2018.02.26-15.39.47:993][  0]LogTemp: Display: Loaded TP Android_ETC2TargetPlatform
[2018.02.26-15.39.48:208][  0]LogTemp: Display: Loaded TP Android_MultiTargetPlatform
[2018.02.26-15.39.48:208][  0]LogTemp: Display: Loaded TP Android_PVRTCTargetPlatform
[2018.02.26-15.39.48:297][  0]LogTemp: Display: Loaded TP HTML5TargetPlatform
[2018.02.26-15.39.48:462][  0]LogTemp: Display: Loaded TP IOSTargetPlatform
[2018.02.26-15.39.48:521][  0]LogTemp: Display: Loaded TP TVOSTargetPlatform
[2018.02.26-15.39.48:622][  0]LogTemp: Display: Loaded TP LinuxClientTargetPlatform
[2018.02.26-15.39.48:713][  0]LogTemp: Display: Loaded TP LinuxNoEditorTargetPlatform
[2018.02.26-15.39.48:802][  0]LogTemp: Display: Loaded TP LinuxServerTargetPlatform
[2018.02.26-15.39.48:899][  0]LogTemp: Display: Loaded TP LinuxTargetPlatform
[2018.02.26-15.39.48:899][  0]LogTargetPlatformManager: Display: Building Assets For Windows
[2018.02.26-15.39.49:782][  0]LogDerivedDataCache: Display: Max Cache Size: 512 MB
[2018.02.26-15.39.49:892][  0]LogDerivedDataCache: Loaded boot cache 0.11s 93MB C:/Users/1503395/AppData/Local/UnrealEngine/4.17/DerivedDataCache/Boot.ddc.
[2018.02.26-15.39.49:892][  0]LogDerivedDataCache: Display: Loaded Boot cache: C:/Users/1503395/AppData/Local/UnrealEngine/4.17/DerivedDataCache/Boot.ddc
[2018.02.26-15.39.49:893][  0]LogDerivedDataCache: FDerivedDataBackendGraph:  Pak pak cache file M:/GitHub/Gameplay-Mechanics/PropNavigationGame/DerivedDataCache/DDC.ddp not found, will not use a pak cache.
[2018.02.26-15.39.49:893][  0]LogDerivedDataCache: Unable to find inner node Pak for hierarchical cache Hierarchy.
[2018.02.26-15.39.49:893][  0]LogDerivedDataCache: FDerivedDataBackendGraph:  CompressedPak pak cache file M:/GitHub/Gameplay-Mechanics/PropNavigationGame/DerivedDataCache/Compressed.ddp not found, will not use a pak cache.
[2018.02.26-15.39.49:893][  0]LogDerivedDataCache: Unable to find inner node CompressedPak for hierarchical cache Hierarchy.
[2018.02.26-15.39.49:909][  0]LogDerivedDataCache: Display: Pak cache opened for reading ../../../Engine/DerivedDataCache/Compressed.ddp.
[2018.02.26-15.39.49:921][  0]LogDerivedDataCache: Using Local data cache path C:/Users/1503395/AppData/Local/UnrealEngine/Common/DerivedDataCache: Writable
[2018.02.26-15.39.49:933][  0]LogMaterial: Verifying Global Shaders for PCD3D_SM5
[2018.02.26-15.39.49:934][  0]LogSlate: Using Freetype 2.6.0
[2018.02.26-15.39.49:935][  0]LogSlate: SlateFontCache - WITH_FREETYPE: 1, WITH_HARFBUZZ: 1
[2018.02.26-15.39.49:935][  0]LogSlate: SlateFontCache - WITH_FREETYPE: 1, WITH_HARFBUZZ: 1
[2018.02.26-15.39.50:375][  0]LogAssetRegistry: FAssetRegistry took 0.0250 seconds to start up
[2018.02.26-15.39.50:647][  0]LogInit: Selected Device Profile: [Windows]
[2018.02.26-15.39.50:650][  0]LogContentStreaming: Texture pool size is 0.00 MB
[2018.02.26-15.39.51:318][  0]LogSimplygon: Simplygon DLL not present - disabling.
[2018.02.26-15.39.51:403][  0]LogMeshReduction: Using SimplygonSwarm for distributed automatic mesh merging
[2018.02.26-15.39.51:404][  0]LogMeshReduction: Using QuadricMeshReduction for automatic static mesh reduction
[2018.02.26-15.39.51:404][  0]LogMeshReduction: No automatic skeletal mesh reduction module available
[2018.02.26-15.39.51:404][  0]LogMeshReduction: No automatic mesh merging module available
[2018.02.26-15.39.51:404][  0]LogMeshMerging: No automatic mesh merging module available
[2018.02.26-15.39.51:850][  0]LogNetVersion: PropNavigationGame , NetCL: 3573198, EngineNetVer: 2, GameNetVer: 0 (Checksum: 1685960384)
[2018.02.26-15.39.52:329][  0]LogPackageLocalizationCache: Processed 5 localized package path(s) for 2 prioritized culture(s) in 0.239676 seconds
[2018.02.26-15.39.52:334][  0]LogUObjectArray: 35825 objects as part of root set at end of initial load.
[2018.02.26-15.39.52:334][  0]LogUObjectAllocator: 7529104 out of 0 bytes used by permanent object pool.
[2018.02.26-15.39.52:334][  0]LogUObjectArray: CloseDisregardForGC: 0/0 objects in disregard for GC pool
[2018.02.26-15.39.52:451][  0]LogInit: WinSock: version 1.1 (2.2), MaxSocks=32767, MaxUdp=65467
[2018.02.26-15.39.56:599][  0]LogTcpMessaging: Initializing TcpMessaging bridge
[2018.02.26-15.39.56:658][  0]LogUdpMessaging: Initializing bridge on interface 0.0.0.0:0 to multicast group 230.0.0.1:6666.
[2018.02.26-15.39.56:659][  0]LogDirectoryWatcher: A directory notification failed for 'M:/GitHub/Gameplay-Mechanics/PropNavigationGame/Content/' because it was empty or there was a buffer overflow. Attemping another request...
[2018.02.26-15.39.57:584][  0]LogStats: FPlatformStackWalk::StackWalkAndDump -  0.137 s
[2018.02.26-15.39.57:584][  0]LogOutputDevice: Error: === Handled ensure: ===
[2018.02.26-15.39.57:584][  0]LogOutputDevice: Error: 
[2018.02.26-15.39.57:584][  0]LogOutputDevice: Error: Ensure condition failed: AttachmentRules.LocationRule == EAttachmentRule::KeepRelative && AttachmentRules.RotationRule == EAttachmentRule::KeepRelative && AttachmentRules.ScaleRule == EAttachmentRule::KeepRelative [File:D:\Build\++UE4+Release-4.17+Compile\Sync\Engine\Source\Runtime\Engine\Private\Components\SceneComponent.cpp] [Line: 1672]
[2018.02.26-15.39.57:584][  0]LogOutputDevice: Error: AttachToComponent when called from a constructor is only setting up attachment and will always be treated as KeepRelative. Consider calling SetupAttachment directly instead.
[2018.02.26-15.39.57:584][  0]LogOutputDevice: Error: Stack: 
[2018.02.26-15.39.57:584][  0]LogOutputDevice: Error: UE4Editor-Core.dll!0x00000000DFA235F6
[2018.02.26-15.39.57:584][  0]LogOutputDevice: Error: UE4Editor-Core.dll!0x00000000DF7AC2C2
[2018.02.26-15.39.57:584][  0]LogOutputDevice: Error: UE4Editor-Core.dll!0x00000000DF7C4736
[2018.02.26-15.39.57:584][  0]LogOutputDevice: Error: UE4Editor-Engine.dll!0x00000000DC6B2438
[2018.02.26-15.39.57:584][  0]LogOutputDevice: Error: UE4Editor-PropNavigationGame-6509.dll!APlayerShip::APlayerShip() [m:\github\gameplay-mechanics\propnavigationgame\source\propnavigationgame\playership.cpp:21]
[2018.02.26-15.39.57:584][  0]LogOutputDevice: Error: UE4Editor-CoreUObject.dll!0x00000000E1B1A442
[2018.02.26-15.39.57:584][  0]LogOutputDevice: Error: UE4Editor-CoreUObject.dll!0x00000000E1D8324B
[2018.02.26-15.39.57:584][  0]LogOutputDevice: Error: UE4Editor-CoreUObject.dll!0x00000000E1D66C73
[2018.02.26-15.39.57:584][  0]LogOutputDevice: Error: UE4Editor-CoreUObject.dll!0x00000000E1B1C157
[2018.02.26-15.39.57:584][  0]LogOutputDevice: Error: UE4Editor-Core.dll!0x00000000DF648210
[2018.02.26-15.39.57:584][  0]LogOutputDevice: Error: UE4Editor-Core.dll!0x00000000DF8968C0
[2018.02.26-15.39.57:584][  0]LogOutputDevice: Error: UE4Editor-Projects.dll!0x00000000EE2EE06D
[2018.02.26-15.39.57:584][  0]LogOutputDevice: Error: UE4Editor-Projects.dll!0x00000000EE2EE37E
[2018.02.26-15.39.57:585][  0]LogOutputDevice: Error: UE4Editor.exe!0x000000003FB364B1
[2018.02.26-15.39.57:585][  0]LogOutputDevice: Error: UE4Editor.exe!0x000000003FB3A7BD
[2018.02.26-15.39.57:585][  0]LogOutputDevice: Error: UE4Editor.exe!0x000000003FB3379A
[2018.02.26-15.39.57:585][  0]LogOutputDevice: Error: UE4Editor.exe!0x000000003FB339EA
[2018.02.26-15.39.57:585][  0]LogOutputDevice: Error: UE4Editor.exe!0x000000003FB402D9
[2018.02.26-15.39.57:585][  0]LogOutputDevice: Error: UE4Editor.exe!0x000000003FB41C47
[2018.02.26-15.39.57:585][  0]LogOutputDevice: Error: kernel32.dll!0x00000000775C59CD
[2018.02.26-15.39.57:585][  0]LogOutputDevice: Error: ntdll.dll!0x000000007782383D
[2018.02.26-15.39.57:585][  0]LogOutputDevice: Error: 
[2018.02.26-15.39.57:589][  0]LogStats:                SubmitErrorReport -  0.000 s
[2018.02.26-15.39.58:673][  0]LogStats:                    SendNewReport -  1.084 s
[2018.02.26-15.39.58:674][  0]LogStats:             FDebug::EnsureFailed -  1.227 s
[2018.02.26-15.39.59:189][  0]LogMaterial: Uniform references updated for custom material expression Custom.
[2018.02.26-15.39.59:921][  0]SourceControl: Source control is disabled
[2018.02.26-15.39.59:922][  0]SourceControl: Source control is disabled
[2018.02.26-15.40.00:010][  0]SourceControl: Source control is disabled
[2018.02.26-15.40.00:112][  0]SourceControl: Source control is disabled
[2018.02.26-15.40.01:154][  0]LogAndroidPermission: UAndroidPermissionCallbackProxy::GetInstance
[2018.02.26-15.40.01:597][  0]LogOcInput: OculusInput pre-init called
[2018.02.26-15.40.02:038][  0]LogEngine: Initializing Engine...
[2018.02.26-15.40.02:039][  0]LogHMD: Failed to initialize OpenVR with code 110
[2018.02.26-15.40.02:260][  0]LogStats: UGameplayTagsManager::ConstructGameplayTagTree: Construct from data asset -  0.000 s
[2018.02.26-15.40.02:260][  0]LogStats: UGameplayTagsManager::ConstructGameplayTagTree: GameplayTagTreeChangedEvent.Broadcast -  0.000 s
[2018.02.26-15.40.02:538][  0]LogAIModule: Creating AISystem for world Untitled
[2018.02.26-15.40.02:549][  0]LogInit: XAudio2 using 'Realtek Digital Output (Realtek High Definition Audio)' : 2 channels at 48 kHz using 16 bits per sample (channel mask 0x3)
[2018.02.26-15.40.02:599][  0]LogInit: FAudioDevice initialized.
[2018.02.26-15.40.02:695][  0]LogDerivedDataCache: Saved boot cache 0.10s 93MB C:/Users/1503395/AppData/Local/UnrealEngine/4.17/DerivedDataCache/Boot.ddc.
[2018.02.26-15.40.02:708][  0]LogInit: Texture streaming: Enabled
[2018.02.26-15.40.02:923][  0]LogEngineSessionManager: EngineSessionManager initialized
[2018.02.26-15.40.03:339][  0]LogInit: Transaction tracking system initialized
[2018.02.26-15.40.03:925][  0]BlueprintLog: New page: Editor Load
[2018.02.26-15.40.05:623][  0]LocalizationService: Localization service is disabled
[2018.02.26-15.40.06:971][  0]LogConsoleResponse: Display: 
[2018.02.26-15.40.07:171][  0]LogCook: Display: Max memory allowance for cook 16384mb min free memory 0mb
[2018.02.26-15.40.07:171][  0]LogCook: Display: Mobile HDR setting 1
[2018.02.26-15.40.07:171][  0]LogGameplayTags: Display: UGameplayTagsManager::DoneAddingNativeTags. DelegateIsBound: 0
[2018.02.26-15.40.07:862][  0]LogFileCache: Scanning file cache for directory 'M:/GitHub/Gameplay-Mechanics/PropNavigationGame/Content/' took 0.05s
[2018.02.26-15.40.09:080][  0]SourceControl: Source control is disabled
[2018.02.26-15.40.09:080][  0]Cmd: MAP LOAD FILE="M:/GitHub/Gameplay-Mechanics/PropNavigationGame/Content/StarterContent/Maps/Minimal_Default.umap" TEMPLATE=0 SHOWPROGRESS=1 FEATURELEVEL=3
[2018.02.26-15.40.09:083][  0]LightingResults: New page: Lighting Build
[2018.02.26-15.40.09:165][  0]MapCheck: New page: Map Check
[2018.02.26-15.40.09:165][  0]LightingResults: New page: Lighting Build
[2018.02.26-15.40.09:605][  0]LogAIModule: Creating AISystem for world Minimal_Default
[2018.02.26-15.40.09:613][  0]LogEditorServer: Finished looking for orphan Actors (0.000 secs)
[2018.02.26-15.40.09:626][  0]Cmd: MAP CHECKDEP NOCLEARLOG
[2018.02.26-15.40.09:702][  0]MapCheck: Map check complete: 0 Error(s), 0 Warning(s), took 76.188ms to complete.
[2018.02.26-15.40.09:702][  0]LogFileHelpers: Loading map 'Minimal_Default' took 0.622
[2018.02.26-15.40.09:864][  0]LogCollectionManager: Loaded 0 collections in 0.001329 seconds
[2018.02.26-15.40.09:984][  0]LogFileCache: Scanning file cache for directory 'M:/GitHub/Gameplay-Mechanics/PropNavigationGame/Saved/Collections/' took 0.01s
[2018.02.26-15.40.09:984][  0]LogFileCache: Scanning file cache for directory 'M:/GitHub/Gameplay-Mechanics/PropNavigationGame/Content/Developers/1503395/Collections/' took 0.01s
[2018.02.26-15.40.09:984][  0]LogFileCache: Scanning file cache for directory 'M:/GitHub/Gameplay-Mechanics/PropNavigationGame/Content/Collections/' took 0.01s
[2018.02.26-15.40.09:984][  0]LogCollectionManager: Rebuilt the GUID cache for 0 collections in 0.000001 seconds
[2018.02.26-15.40.09:996][  0]LogContentBrowser: Native class hierarchy populated in 0.0118 seconds. Added 2389 classes and 502 folders.
[2018.02.26-15.40.10:118][  0]LogContentBrowser: Native class hierarchy updated for 'WidgetCarousel' in 0.0037 seconds. Added 0 classes and 0 folders.
[2018.02.26-15.40.10:174][  0]LogContentBrowser: Native class hierarchy updated for 'AddContentDialog' in 0.0043 seconds. Added 0 classes and 0 folders.
[2018.02.26-15.40.10:268][  0]LogContentBrowser: Native class hierarchy updated for 'SceneOutliner' in 0.0030 seconds. Added 1 classes and 2 folders.
[2018.02.26-15.40.10:291][  0]LogSlate: Took 0.000437 seconds to synchronously load lazily loaded font '../../../Engine/Content/Slate/Fonts/Roboto-Regular.ttf' (155K)
[2018.02.26-15.40.10:293][  0]LogSlate: Took 0.000238 seconds to synchronously load lazily loaded font '../../../Engine/Content/Slate/Fonts/Roboto-Bold.ttf' (160K)
[2018.02.26-15.40.10:298][  0]LogSlate: Took 0.000225 seconds to synchronously load lazily loaded font '../../../Engine/Content/Editor/Slate/Fonts/FontAwesome.ttf' (139K)
[2018.02.26-15.40.10:400][  0]LogRenderer: Reallocating scene render targets to support 1208x576 Format 10 NumSamples 1 (Frame:1).
[2018.02.26-15.40.10:456][  0]LogSlate: Took 0.000250 seconds to synchronously load lazily loaded font '../../../Engine/Content/Slate/Fonts/Roboto-Light.ttf' (159K)
[2018.02.26-15.40.10:658][  0]LogContentBrowser: Native class hierarchy updated for 'HierarchicalLODOutliner' in 0.0040 seconds. Added 1 classes and 2 folders.
[2018.02.26-15.40.10:658][  0]LogLoad: (Engine Initialization) Total time: 30.85 seconds
[2018.02.26-15.40.10:658][  0]LogLoad: (Engine Initialization) Total Blueprint compile time: 0.00 seconds
[2018.02.26-15.40.10:658][  0]LogExternalProfiler: Found external profiler: VSPerf
[2018.02.26-15.40.10:658][  0]LogExternalProfiler: Using external profiler: VSPerf
[2018.02.26-15.40.11:014][  0]LogDirectoryWatcher: A directory notification failed for 'M:/GitHub/Gameplay-Mechanics/PropNavigationGame/Content/' because it was empty or there was a buffer overflow. Attemping another request...
[2018.02.26-15.40.11:014][  0]LogDirectoryWatcher: A directory notification failed for 'M:/GitHub/Gameplay-Mechanics/PropNavigationGame/Content/', and we were unable to create a new request.
[2018.02.26-15.40.11:014][  0]LogDirectoryWatcher: A directory notification failed for 'M:/GitHub/Gameplay-Mechanics/PropNavigationGame/Binaries/Win64' because it was empty or there was a buffer overflow. Attemping another request...
[2018.02.26-15.40.11:014][  0]LogDirectoryWatcher: A directory notification failed for 'M:/GitHub/Gameplay-Mechanics/PropNavigationGame/Saved/Collections/' because it was empty or there was a buffer overflow. Attemping another request...
[2018.02.26-15.40.11:014][  0]LogDirectoryWatcher: A directory notification failed for 'M:/GitHub/Gameplay-Mechanics/PropNavigationGame/Content/Developers/1503395/Collections/' because it was empty or there was a buffer overflow. Attemping another request...
[2018.02.26-15.40.11:014][  0]LogDirectoryWatcher: A directory notification failed for 'M:/GitHub/Gameplay-Mechanics/PropNavigationGame/Content/Collections/' because it was empty or there was a buffer overflow. Attemping another request...
[2018.02.26-15.40.11:017][  0]LogContentStreaming: Texture pool size now 1000 MB
[2018.02.26-15.40.11:335][  1]LogAssetRegistry: Asset discovery search completed in 20.9802 seconds
[2018.02.26-15.40.11:337][  1]LogCollectionManager: Rebuilt the object cache for 0 collections in 0.000000 seconds (found 0 objects)
[2018.02.26-15.40.11:337][  1]LogCollectionManager: Fixed up redirectors for 0 collections in 0.000049 seconds (updated 0 objects)
[2018.02.26-15.40.11:337][  1]LogDirectoryWatcher: A directory notification failed for 'M:/GitHub/Gameplay-Mechanics/PropNavigationGame/Binaries/Win64' because it was empty or there was a buffer overflow. Attemping another request...
[2018.02.26-15.40.11:338][  1]LogDirectoryWatcher: A directory notification failed for 'M:/GitHub/Gameplay-Mechanics/PropNavigationGame/Binaries/Win64', and we were unable to create a new request.
[2018.02.26-15.40.11:338][  1]LogDirectoryWatcher: A directory notification failed for 'M:/GitHub/Gameplay-Mechanics/PropNavigationGame/Content/Developers/1503395/Collections/' because it was empty or there was a buffer overflow. Attemping another request...
[2018.02.26-15.40.11:338][  1]LogDirectoryWatcher: A directory notification failed for 'M:/GitHub/Gameplay-Mechanics/PropNavigationGame/Content/Developers/1503395/Collections/', and we were unable to create a new request.
[2018.02.26-15.40.11:338][  1]LogDirectoryWatcher: A directory notification failed for 'M:/GitHub/Gameplay-Mechanics/PropNavigationGame/Saved/Collections/' because it was empty or there was a buffer overflow. Attemping another request...
[2018.02.26-15.40.11:339][  1]LogDirectoryWatcher: A directory notification failed for 'M:/GitHub/Gameplay-Mechanics/PropNavigationGame/Saved/Collections/', and we were unable to create a new request.
[2018.02.26-15.40.11:339][  1]LogDirectoryWatcher: A directory notification failed for 'M:/GitHub/Gameplay-Mechanics/PropNavigationGame/Content/Collections/' because it was empty or there was a buffer overflow. Attemping another request...
[2018.02.26-15.40.11:339][  1]LogDirectoryWatcher: A directory notification failed for 'M:/GitHub/Gameplay-Mechanics/PropNavigationGame/Content/Collections/', and we were unable to create a new request.
[2018.02.26-15.40.29:353][709]LogSlate: Took 0.000155 seconds to synchronously load lazily loaded font '../../../Engine/Content/Slate/Fonts/Roboto-Light.ttf' (159K)
[2018.02.26-15.40.29:489][709]LogVSAccessor: Warning: Couldn't goto line number '0' in 'M:/GitHub/Gameplay-Mechanics/PropNavigationGame/Source/PropNavigationGame/Bullet.h'
[2018.02.26-15.40.29:588][709]LogVSAccessor: Warning: Couldn't goto line number '0' in 'M:/GitHub/Gameplay-Mechanics/PropNavigationGame/Source/PropNavigationGame/Bullet.cpp'
[2018.02.26-15.49.44:467][ 85]LogSavePackage: Save=494.63ms
[2018.02.26-15.49.44:467][ 85]LogSavePackage: Moving 'M:/GitHub/Gameplay-Mechanics/PropNavigationGame/Saved/Minimal_DefaultAD09E0154253067CEB948DBE68EA3100.tmp' to 'M:/GitHub/Gameplay-Mechanics/PropNavigationGame/Content/StarterContent/Maps/Minimal_Default.umap'
[2018.02.26-15.49.44:508][ 85]LogSavePackage: Display: Finished SavePackage M:/GitHub/Gameplay-Mechanics/PropNavigationGame/Content/StarterContent/Maps/Minimal_Default.umap
[2018.02.26-15.49.48:104][490]Candidate modules for hot reload:
[2018.02.26-15.49.48:104][490]  PropNavigationGame
[2018.02.26-15.49.48:105][490]Launching UnrealBuildTool... [C:/Program Files (x86)/Epic Games/UE_4.17/Engine/Binaries/DotNET/UnrealBuildTool.exe PropNavigationGame -ModuleWithSuffix PropNavigationGame 2233 Win64 Development -editorrecompile -canskiplink "M:/GitHub/Gameplay-Mechanics/PropNavigationGame/PropNavigationGame.uproject" ]
[2018.02.26-15.49.48:106][490]Warning: Starting HotReload took  0.0s.
[2018.02.26-15.50.08:146][867]CompilerResultsLog: New page: Compilation - 26 Feb 2018 15:50:08
[2018.02.26-15.50.08:146][867]CompilerResultsLog: Compiling game modules for hot reload
[2018.02.26-15.50.08:146][867]CompilerResultsLog: Parsing headers for PropNavigationGameEditor
[2018.02.26-15.50.08:146][867]CompilerResultsLog:   Running UnrealHeaderTool "M:\GitHub\Gameplay-Mechanics\PropNavigationGame\PropNavigationGame.uproject" "M:\GitHub\Gameplay-Mechanics\PropNavigationGame\Intermediate\Build\Win64\PropNavigationGameEditor\Development\PropNavigationGameEditor.uhtmanifest" -LogCmds="loginit warning, logexit warning, logdatabase error" -Unattended -WarningsAsErrors -installed
[2018.02.26-15.50.08:146][867]CompilerResultsLog: Reflection code generated for PropNavigationGameEditor in 9.0769888 seconds
[2018.02.26-15.50.08:146][867]CompilerResultsLog: Performing 5 actions (4 in parallel)
[2018.02.26-15.50.08:147][867]CompilerResultsLog: PropNavigationGame.init.gen.cpp
[2018.02.26-15.50.08:147][867]CompilerResultsLog: Bullet.cpp
[2018.02.26-15.50.08:147][867]CompilerResultsLog: Bullet.gen.cpp
[2018.02.26-15.50.08:147][867]CompilerResultsLog: [4/5] Link UE4Editor-PropNavigationGame-2233.dll
[2018.02.26-15.50.08:147][867]CompilerResultsLog: [5/5] Link UE4Editor-PropNavigationGame-2233.lib
[2018.02.26-15.50.08:147][867]CompilerResultsLog:    Creating library M:\GitHub\Gameplay-Mechanics\PropNavigationGame\Intermediate\Build\Win64\UE4Editor\Development\UE4Editor-PropNavigationGame-2233.lib and object M:\GitHub\Gameplay-Mechanics\PropNavigationGame\Intermediate\Build\Win64\UE4Editor\Development\UE4Editor-PropNavigationGame-2233.exp
[2018.02.26-15.50.08:147][867]CompilerResultsLog:    Creating library M:\GitHub\Gameplay-Mechanics\PropNavigationGame\Intermediate\Build\Win64\UE4Editor\Development\UE4Editor-PropNavigationGame-2233.suppressed.lib and object M:\GitHub\Gameplay-Mechanics\PropNavigationGame\Intermediate\Build\Win64\UE4Editor\Development\UE4Editor-PropNavigationGame-2233.suppressed.exp
[2018.02.26-15.50.08:147][867]CompilerResultsLog: Total build time: 19.52 seconds (Local executor: 3.26 seconds)
[2018.02.26-15.50.08:147][867]LogMainFrame: MainFrame: Module compiling took 20.046 seconds
[2018.02.26-15.50.08:342][867]LogClass: Could not find existing class Bullet in package /Script/PropNavigationGame for HotReload, assuming new class
[2018.02.26-15.50.08:345][867]LogHotReload: Re-instancing Bullet after hot-reload.
[2018.02.26-15.50.08:388][867]LogContentBrowser: Native class hierarchy updated for 'PropNavigationGame' in 0.0036 seconds. Added 3 classes and 2 folders.
[2018.02.26-15.50.08:389][867]Display: HotReload successful (0 functions remapped  0 scriptstructs remapped)
[2018.02.26-15.50.08:452][867]LogContentBrowser: Native class hierarchy populated in 0.0116 seconds. Added 2391 classes and 506 folders.
[2018.02.26-15.50.08:452][867]Display: HotReload took 20.4s.
[2018.02.26-15.58.02:422][483]LogSavePackage: Save=472.36ms
[2018.02.26-15.58.02:422][483]LogSavePackage: Moving 'M:/GitHub/Gameplay-Mechanics/PropNavigationGame/Saved/Minimal_Default84EAE6C842F4B2E765531C8C76320E48.tmp' to 'M:/GitHub/Gameplay-Mechanics/PropNavigationGame/Content/StarterContent/Maps/Minimal_Default.umap'
[2018.02.26-15.58.02:447][483]LogSavePackage: Display: Finished SavePackage M:/GitHub/Gameplay-Mechanics/PropNavigationGame/Content/StarterContent/Maps/Minimal_Default.umap
[2018.02.26-15.58.28:199][206]LogVSAccessor: Warning: Couldn't access Visual Studio
[2018.02.26-15.58.28:203][206]Candidate modules for hot reload:
[2018.02.26-15.58.28:203][206]  PropNavigationGame
[2018.02.26-15.58.28:204][206]Launching UnrealBuildTool... [C:/Program Files (x86)/Epic Games/UE_4.17/Engine/Binaries/DotNET/UnrealBuildTool.exe PropNavigationGame -ModuleWithSuffix PropNavigationGame 4664 Win64 Development -editorrecompile -canskiplink "M:/GitHub/Gameplay-Mechanics/PropNavigationGame/PropNavigationGame.uproject" ]
[2018.02.26-15.58.28:205][206]Warning: Starting HotReload took  0.0s.
[2018.02.26-15.58.45:622][268]CompilerResultsLog: New page: Compilation - 26 Feb 2018 15:58:45
[2018.02.26-15.58.45:622][268]CompilerResultsLog: Compiling game modules for hot reload
[2018.02.26-15.58.45:622][268]CompilerResultsLog: Parsing headers for PropNavigationGameEditor
[2018.02.26-15.58.45:623][268]CompilerResultsLog:   Running UnrealHeaderTool "M:\GitHub\Gameplay-Mechanics\PropNavigationGame\PropNavigationGame.uproject" "M:\GitHub\Gameplay-Mechanics\PropNavigationGame\Intermediate\Build\Win64\PropNavigationGameEditor\Development\PropNavigationGameEditor.uhtmanifest" -LogCmds="loginit warning, logexit warning, logdatabase error" -Unattended -WarningsAsErrors -installed
[2018.02.26-15.58.45:623][268]CompilerResultsLog: Reflection code generated for PropNavigationGameEditor in 8.0551642 seconds
[2018.02.26-15.58.45:623][268]CompilerResultsLog: Performing 6 actions (4 in parallel)
[2018.02.26-15.58.45:623][268]CompilerResultsLog: FiringComponent.gen.cpp
[2018.02.26-15.58.45:623][268]CompilerResultsLog: FiringComponent.cpp
[2018.02.26-15.58.45:623][268]CompilerResultsLog: Bullet.cpp
[2018.02.26-15.58.45:623][268]CompilerResultsLog: Bullet.gen.cpp
[2018.02.26-15.58.45:623][268]CompilerResultsLog: Error: M:\GitHub\Gameplay-Mechanics\PropNavigationGame\Source\PropNavigationGame\FiringComponent.cpp(60) : error C2664: 'T *UWorld::SpawnActor<ABullet>(UClass *,const FTransform &,const FActorSpawnParameters &)': cannot convert argument 1 from 'UClass *(__cdecl *)(void)' to 'const FVector &'
[2018.02.26-15.58.45:623][268]CompilerResultsLog:         with
[2018.02.26-15.58.45:623][268]CompilerResultsLog:         [
[2018.02.26-15.58.45:623][268]CompilerResultsLog:             T=ABullet
[2018.02.26-15.58.45:623][268]CompilerResultsLog:         ]
[2018.02.26-15.58.45:623][268]CompilerResultsLog: Error: M:\GitHub\Gameplay-Mechanics\PropNavigationGame\Source\PropNavigationGame\FiringComponent.cpp(60) : note: Reason: cannot convert from 'overloaded-function' to 'const FVector'
[2018.02.26-15.58.45:623][268]CompilerResultsLog: Error: M:\GitHub\Gameplay-Mechanics\PropNavigationGame\Source\PropNavigationGame\FiringComponent.cpp(60) : note: No constructor could take the source type, or constructor overload resolution was ambiguous
[2018.02.26-15.58.45:623][268]CompilerResultsLog: ERROR: UBT ERROR: Failed to produce item: M:\GitHub\Gameplay-Mechanics\PropNavigationGame\Binaries\Win64\UE4Editor-PropNavigationGame-4664.dll
[2018.02.26-15.58.45:623][268]CompilerResultsLog: Total build time: 16.95 seconds (Local executor: 0.00 seconds)
[2018.02.26-15.58.45:623][268]LogMainFrame: MainFrame: Module compiling took 17.423 seconds
[2018.02.26-15.58.45:623][268]Warning: HotReload failed, recompile failed
[2018.02.26-15.59.17:717][504]LogVSAccessor: Warning: Visual Studio is open but could not be queried - it may be blocked by a modal operation
[2018.02.26-15.59.17:925][505]LogVSAccessor: Warning: Visual Studio is open but could not be queried - it may be blocked by a modal operation
[2018.02.26-15.59.19:726][506]LogVSAccessor: Warning: Couldn't goto line number '0' in 'M:/GitHub/Gameplay-Mechanics/PropNavigationGame/Source/PropNavigationGame/Bullet.h'
[2018.02.26-15.59.20:161][506]LogVSAccessor: Warning: Couldn't goto line number '0' in 'M:/GitHub/Gameplay-Mechanics/PropNavigationGame/Source/PropNavigationGame/Bullet.cpp'
[2018.02.26-16.05.22:593][868]Candidate modules for hot reload:
[2018.02.26-16.05.22:593][868]  PropNavigationGame
[2018.02.26-16.05.22:594][868]Launching UnrealBuildTool... [C:/Program Files (x86)/Epic Games/UE_4.17/Engine/Binaries/DotNET/UnrealBuildTool.exe PropNavigationGame -ModuleWithSuffix PropNavigationGame 5958 Win64 Development -editorrecompile -canskiplink "M:/GitHub/Gameplay-Mechanics/PropNavigationGame/PropNavigationGame.uproject" ]
[2018.02.26-16.05.22:595][868]Warning: Starting HotReload took  0.0s.
[2018.02.26-16.05.41:805][146]CompilerResultsLog: New page: Compilation - 26 Feb 2018 16:05:41
[2018.02.26-16.05.41:805][146]CompilerResultsLog: Compiling game modules for hot reload
[2018.02.26-16.05.41:805][146]CompilerResultsLog: Parsing headers for PropNavigationGameEditor
[2018.02.26-16.05.41:805][146]CompilerResultsLog:   Running UnrealHeaderTool "M:\GitHub\Gameplay-Mechanics\PropNavigationGame\PropNavigationGame.uproject" "M:\GitHub\Gameplay-Mechanics\PropNavigationGame\Intermediate\Build\Win64\PropNavigationGameEditor\Development\PropNavigationGameEditor.uhtmanifest" -LogCmds="loginit warning, logexit warning, logdatabase error" -Unattended -WarningsAsErrors -installed
[2018.02.26-16.05.41:805][146]CompilerResultsLog: Reflection code generated for PropNavigationGameEditor in 8.4016492 seconds
[2018.02.26-16.05.41:805][146]CompilerResultsLog: Performing 3 actions (4 in parallel)
[2018.02.26-16.05.41:805][146]CompilerResultsLog: FiringComponent.cpp
[2018.02.26-16.05.41:805][146]CompilerResultsLog: [2/3] Link UE4Editor-PropNavigationGame-5958.dll
[2018.02.26-16.05.41:805][146]CompilerResultsLog: [3/3] Link UE4Editor-PropNavigationGame-5958.lib
[2018.02.26-16.05.41:805][146]CompilerResultsLog:    Creating library M:\GitHub\Gameplay-Mechanics\PropNavigationGame\Intermediate\Build\Win64\UE4Editor\Development\UE4Editor-PropNavigationGame-5958.lib and object M:\GitHub\Gameplay-Mechanics\PropNavigationGame\Intermediate\Build\Win64\UE4Editor\Development\UE4Editor-PropNavigationGame-5958.exp
[2018.02.26-16.05.41:805][146]CompilerResultsLog:    Creating library M:\GitHub\Gameplay-Mechanics\PropNavigationGame\Intermediate\Build\Win64\UE4Editor\Development\UE4Editor-PropNavigationGame-5958.suppressed.lib and object M:\GitHub\Gameplay-Mechanics\PropNavigationGame\Intermediate\Build\Win64\UE4Editor\Development\UE4Editor-PropNavigationGame-5958.suppressed.exp
[2018.02.26-16.05.41:805][146]CompilerResultsLog: Total build time: 18.70 seconds (Local executor: 3.33 seconds)
[2018.02.26-16.05.41:805][146]LogMainFrame: MainFrame: Module compiling took 19.218 seconds
[2018.02.26-16.05.42:002][146]LogHotReload: Re-instancing Bullet after hot-reload.
[2018.02.26-16.05.42:047][146]LogContentBrowser: Native class hierarchy updated for 'PropNavigationGame' in 0.0100 seconds. Added 3 classes and 2 folders.
[2018.02.26-16.05.42:049][146]Display: HotReload successful (0 functions remapped  0 scriptstructs remapped)
[2018.02.26-16.05.42:076][146]LogContentBrowser: Native class hierarchy populated in 0.0112 seconds. Added 2391 classes and 506 folders.
[2018.02.26-16.05.42:076][146]Display: HotReload took 19.5s.
