Log file open, 02/28/18 14:49:39
LogWindows: LoadLibraryWithSearchPaths failed for file aqProf.dll. GetLastError=0
LogWindows: LoadLibraryWithSearchPaths failed for file VSPerf140.dll. GetLastError=0
LogWindows: LoadLibraryWithSearchPaths failed for file VtuneApi.dll. GetLastError=0
LogWindows: LoadLibraryWithSearchPaths failed for file VtuneApi32e.dll. GetLastError=0
LogInit: Display: Running engine for game: PropNavigationGame
LogPlatformFile: Not using cached read wrapper
LogInit: Display: RandInit(15584789) SRandInit(15584789).
LogTaskGraph: Started task graph with 5 named threads and 14 total threads with 3 sets of task threads.
LogStats: Stats thread started at 0.168161
LogD3D11RHI: Aftermath initialized
LogPluginManager: Mounting plugin Paper2D
LogPluginManager: Mounting plugin LightPropagationVolume
LogPluginManager: Mounting plugin CodeLiteSourceCodeAccess
LogPluginManager: Mounting plugin GitSourceControl
LogPluginManager: Mounting plugin KDevelopSourceCodeAccess
LogPluginManager: Mounting plugin NullSourceCodeAccess
LogPluginManager: Mounting plugin PerforceSourceControl
LogPluginManager: Mounting plugin SubversionSourceControl
LogPluginManager: Mounting plugin UObjectPlugin
LogPluginManager: Mounting plugin VisualStudioSourceCodeAccess
LogPluginManager: Mounting plugin XCodeSourceCodeAccess
LogPluginManager: Mounting plugin AssetManagerEditor
LogPluginManager: Mounting plugin AudioCapture
LogPluginManager: Mounting plugin FacialAnimation
LogPluginManager: Mounting plugin GameplayTagsEditor
LogPluginManager: Mounting plugin MobileLauncherProfileWizard
LogPluginManager: Mounting plugin PluginBrowser
LogPluginManager: Mounting plugin SpeedTreeImporter
LogPluginManager: Mounting plugin AlembicImporter
LogPluginManager: Mounting plugin CharacterAI
LogPluginManager: Mounting plugin HTML5Networking
LogPluginManager: Mounting plugin AndroidMedia
LogPluginManager: Mounting plugin AvfMedia
LogPluginManager: Mounting plugin MediaPlayerEditor
LogPluginManager: Mounting plugin WmfMedia
LogPluginManager: Mounting plugin TcpMessaging
LogPluginManager: Mounting plugin UdpMessaging
LogPluginManager: Mounting plugin LevelSequenceEditor
LogPluginManager: Mounting plugin MatineeToLevelSequence
LogPluginManager: Mounting plugin OnlineSubsystemGooglePlay
LogPluginManager: Mounting plugin OnlineSubsystemIOS
LogPluginManager: Mounting plugin OnlineSubsystem
LogPluginManager: Mounting plugin OnlineSubsystemNull
LogPluginManager: Mounting plugin OnlineSubsystemUtils
LogPluginManager: Mounting plugin AndroidDeviceProfileSelector
LogPluginManager: Mounting plugin AndroidMoviePlayer
LogPluginManager: Mounting plugin AndroidPermission
LogPluginManager: Mounting plugin AppleMoviePlayer
LogPluginManager: Mounting plugin ArchVisCharacter
LogPluginManager: Mounting plugin CableComponent
LogPluginManager: Mounting plugin CustomMeshComponent
LogPluginManager: Mounting plugin ExampleDeviceProfileSelector
LogPluginManager: Mounting plugin GoogleCloudMessaging
LogPluginManager: Mounting plugin ImmediatePhysics
LogPluginManager: Mounting plugin IOSDeviceProfileSelector
LogPluginManager: Mounting plugin LinuxDeviceProfileSelector
LogPluginManager: Mounting plugin LocationServicesBPLibrary
LogPluginManager: Mounting plugin MobilePatchingUtils
LogPluginManager: Mounting plugin OculusVR
LogPluginManager: Mounting plugin PhysXVehicles
LogPluginManager: Mounting plugin ProceduralMeshComponent
LogPluginManager: Mounting plugin RuntimePhysXCooking
LogPluginManager: Mounting plugin SteamVR
LogPluginManager: Mounting plugin WindowsMoviePlayer
LogInit: Using libcurl 7.47.1
LogInit:  - built for x86_64-pc-win32
LogInit:  - supports SSL with OpenSSL/1.0.2g
LogInit:  - supports HTTP deflate (compression) using libz 1.2.8
LogInit:  - other features:
LogInit:      CURL_VERSION_SSL
LogInit:      CURL_VERSION_LIBZ
LogInit:      CURL_VERSION_IPV6
LogInit:      CURL_VERSION_ASYNCHDNS
LogInit:      CURL_VERSION_LARGEFILE
LogInit:      CURL_VERSION_IDN
LogInit:  CurlRequestOptions (configurable via config and command line):
LogInit:  - bVerifyPeer = false  - Libcurl will NOT verify peer certificate
LogInit:  - bUseHttpProxy = false  - Libcurl will NOT use HTTP proxy
LogInit:  - bDontReuseConnections = false  - Libcurl will reuse connections
LogInit:  - CertBundlePath = nullptr  - Libcurl will use whatever was configured at build time.
LogInit: Build: ++UE4+Release-4.17-CL-3573198
LogInit: Engine Version: 4.17.0-3573198+++UE4+Release-4.17
LogInit: Compatible Engine Version: 4.17.0-3573198+++UE4+Release-4.17
LogInit: Net CL: 3573198
LogDevObjectVersion: Number of dev versions registered: 16
LogDevObjectVersion:   Dev-Blueprints (B0D832E4-1F89-4F0D-ACCF-7EB736FD4AA2): 10
LogDevObjectVersion:   Dev-Build (E1C64328-A22C-4D53-A36C-8E866417BD8C): 0
LogDevObjectVersion:   Dev-Core (375EC13C-06E4-48FB-B500-84F0262A717E): 2
LogDevObjectVersion:   Dev-Editor (E4B068ED-F494-42E9-A231-DA0B2E46BB41): 20
LogDevObjectVersion:   Dev-Framework (CFFC743F-43B0-4480-9391-14DF171D2073): 28
LogDevObjectVersion:   Dev-Mobile (B02B49B5-BB20-44E9-A304-32B752E40360): 0
LogDevObjectVersion:   Dev-Networking (A4E4105C-59A1-49B5-A7C5-40C4547EDFEE): 0
LogDevObjectVersion:   Dev-Online (39C831C9-5AE6-47DC-9A44-9C173E1C8E7C): 0
LogDevObjectVersion:   Dev-Physics (78F01B33-EBEA-4F98-B9B4-84EACCB95AA2): 0
LogDevObjectVersion:   Dev-Platform (6631380F-2D4D-43E0-8009-CF276956A95A): 0
LogDevObjectVersion:   Dev-Rendering (12F88B9F-8875-4AFC-A67C-D90C383ABD29): 19
LogDevObjectVersion:   Dev-Sequencer (7B5AE74C-D270-4C10-A958-57980B212A5A): 4
LogDevObjectVersion:   Dev-VR (D7296918-1DD6-4BDD-9DE2-64A83CC13884): 0
LogDevObjectVersion:   Dev-LoadTimes (C2A15278-BFE7-4AFE-6C17-90FF531DF755): 1
LogDevObjectVersion:   Private-Geometry (6EACA3D4-40EC-4CC1-B786-8BED09428FC5): 1
LogDevObjectVersion:   Dev-AnimPhys (29E575DD-E0A3-4627-9D10-D276232CDCEA): 7
LogInit: Compiled (64-bit): Aug  4 2017 16:30:33
LogInit: Compiled with Visual C++: 19.00.24215.01
LogInit: Build Configuration: Development
LogInit: Branch Name: ++UE4+Release-4.17
LogInit: Command line: 
LogInit: Base directory: C:/Program Files (x86)/Epic Games/UE_4.17/Engine/Binaries/Win64/
LogInit: Installed Engine Build: 1
LogInit: Presizing for max 8388607 objects, including 0 objects not considered by GC, pre-allocating 0 bytes for permanent pool.
LogInit: Object subsystem initialized
[2018.02.28-14.49.41:331][  0]LogInit: Selected Device Profile: [Windows]
[2018.02.28-14.49.41:331][  0]LogInit: Applying CVar settings loaded from the selected device profile: [Windows]
[2018.02.28-14.49.41:375][  0]LogInit: Computer: MC11610
[2018.02.28-14.49.41:375][  0]LogInit: User: 1503395
[2018.02.28-14.49.41:375][  0]LogInit: CPU Page size=4096, Cores=4
[2018.02.28-14.49.41:375][  0]LogInit: High frequency timer resolution =3.328128 MHz
[2018.02.28-14.49.41:375][  0]LogMemory: Memory total: Physical=31.9GB (32GB approx)
[2018.02.28-14.49.41:376][  0]LogMemory: Platform Memory Stats for Windows
[2018.02.28-14.49.41:376][  0]LogMemory: Process Physical Memory: 279.38 MB used, 279.38 MB peak
[2018.02.28-14.49.41:376][  0]LogMemory: Process Virtual Memory: 282.09 MB used, 282.09 MB peak
[2018.02.28-14.49.41:376][  0]LogMemory: Physical Memory: 4087.89 MB used,  28620.47 MB free, 32708.36 MB total
[2018.02.28-14.49.41:376][  0]LogMemory: Virtual Memory: 709.63 MB used,  28620.47 MB free, 134217728.00 MB total
[2018.02.28-14.49.41:712][  0]LogInit: Using OS detected language (en-US).
[2018.02.28-14.49.41:712][  0]LogInit: Using OS detected locale (en-GB).
[2018.02.28-14.49.41:715][  0]LogTextLocalizationManager: No specific localization for 'en-US' exists, so the 'en' localization will be used.
[2018.02.28-14.49.42:426][  0]LogD3D11RHI: D3D11 adapters:
[2018.02.28-14.49.42:461][  0]LogD3D11RHI:    0. 'NVIDIA GeForce GTX 1070' (Feature Level 11_0)
[2018.02.28-14.49.42:461][  0]LogD3D11RHI:       8088/0/16354 MB DedicatedVideo/DedicatedSystem/SharedSystem, Outputs:1, VendorId:0x10de
[2018.02.28-14.49.42:463][  0]LogD3D11RHI:    1. 'Microsoft Basic Render Driver' (Feature Level 11_0)
[2018.02.28-14.49.42:463][  0]LogD3D11RHI:       0/0/16354 MB DedicatedVideo/DedicatedSystem/SharedSystem, Outputs:0, VendorId:0x1414
[2018.02.28-14.49.42:463][  0]LogD3D11RHI: Chosen D3D11 Adapter: 0
[2018.02.28-14.49.42:468][  0]LogD3D11RHI: Creating new Direct3DDevice
[2018.02.28-14.49.42:468][  0]LogD3D11RHI:     GPU DeviceId: 0x1b81 (for the marketing name, search the web for "GPU Device Id")
[2018.02.28-14.49.42:468][  0]LogWindows: EnumDisplayDevices:
[2018.02.28-14.49.42:468][  0]LogWindows:    0. 'NVIDIA GeForce GTX 1070' (P:1 D:1)
[2018.02.28-14.49.42:468][  0]LogWindows:    1. 'NVIDIA GeForce GTX 1070' (P:0 D:0)
[2018.02.28-14.49.42:468][  0]LogWindows:    2. 'NVIDIA GeForce GTX 1070' (P:0 D:0)
[2018.02.28-14.49.42:468][  0]LogWindows:    3. 'NVIDIA GeForce GTX 1070' (P:0 D:0)
[2018.02.28-14.49.42:469][  0]LogWindows: DebugString: GetVideoDriverDetailsInvalid PrimaryIsNotTheChoosenAdapter GetVideoDriverDetailsInvalid PrimaryIsNotTheChoosenAdapter GetVideoDriverDetailsInvalid PrimaryIsNotTheChoosenAdapter GetVideoDriverDetailsInvalid PrimaryIsNotTheChoosenAdapter FoundDriverCount:0 
[2018.02.28-14.49.42:469][  0]LogD3D11RHI:     Adapter Name: NVIDIA GeForce GTX 1070
[2018.02.28-14.49.42:469][  0]LogD3D11RHI:   Driver Version: Unknown (internal:Unknown, unified:Unknown)
[2018.02.28-14.49.42:469][  0]LogD3D11RHI:      Driver Date: Unknown
[2018.02.28-14.49.42:469][  0]LogRHI: Texture pool is 1361 MB (70% of 1945 MB)
[2018.02.28-14.49.42:489][  0]LogD3D11RHI: Async texture creation enabled
[2018.02.28-14.49.42:504][  0]LogD3D11RHI: GPU Timing Frequency: 1000.000000 (Debug: 2 2)
[2018.02.28-14.49.42:547][  0]LogShaderCompilers: Guid format shader working directory is 1 characters bigger than the processId version (M:/GitHub/Gameplay-Mechanics/PropNavigationGame/Intermediate/Shaders/WorkingDirectory/8440/).
[2018.02.28-14.49.42:547][  0]LogShaderCompilers: Cleaned the shader compiler working directory 'C:/Users/1503395/AppData/Local/Temp/UnrealShaderWorkingDir/CD96F45948676F723E182BB25CD60D2B/'.
[2018.02.28-14.49.42:547][  0]LogShaderCompilers: Display: Using Local Shader Compiler.
[2018.02.28-14.49.43:445][  0]LogTemp: Display: Loaded TP AllDesktopTargetPlatform
[2018.02.28-14.49.43:541][  0]LogTemp: Display: Loaded TP MacClientTargetPlatform
[2018.02.28-14.49.43:618][  0]LogTemp: Display: Loaded TP MacNoEditorTargetPlatform
[2018.02.28-14.49.43:693][  0]LogTemp: Display: Loaded TP MacServerTargetPlatform
[2018.02.28-14.49.43:767][  0]LogTemp: Display: Loaded TP MacTargetPlatform
[2018.02.28-14.49.43:844][  0]LogTemp: Display: Loaded TP WindowsClientTargetPlatform
[2018.02.28-14.49.43:918][  0]LogTemp: Display: Loaded TP WindowsNoEditorTargetPlatform
[2018.02.28-14.49.43:993][  0]LogTemp: Display: Loaded TP WindowsServerTargetPlatform
[2018.02.28-14.49.44:059][  0]LogTemp: Display: Loaded TP WindowsTargetPlatform
[2018.02.28-14.49.44:136][  0]LogTemp: Display: Loaded TP AndroidTargetPlatform
[2018.02.28-14.49.44:210][  0]LogTemp: Display: Loaded TP Android_ASTCTargetPlatform
[2018.02.28-14.49.44:281][  0]LogTemp: Display: Loaded TP Android_ATCTargetPlatform
[2018.02.28-14.49.44:360][  0]LogTemp: Display: Loaded TP Android_DXTTargetPlatform
[2018.02.28-14.49.44:440][  0]LogTemp: Display: Loaded TP Android_ETC1TargetPlatform
[2018.02.28-14.49.44:513][  0]LogTemp: Display: Loaded TP Android_ETC2TargetPlatform
[2018.02.28-14.49.44:661][  0]LogTemp: Display: Loaded TP Android_MultiTargetPlatform
[2018.02.28-14.49.44:661][  0]LogTemp: Display: Loaded TP Android_PVRTCTargetPlatform
[2018.02.28-14.49.44:721][  0]LogTemp: Display: Loaded TP HTML5TargetPlatform
[2018.02.28-14.49.44:850][  0]LogTemp: Display: Loaded TP IOSTargetPlatform
[2018.02.28-14.49.44:897][  0]LogTemp: Display: Loaded TP TVOSTargetPlatform
[2018.02.28-14.49.44:971][  0]LogTemp: Display: Loaded TP LinuxClientTargetPlatform
[2018.02.28-14.49.45:046][  0]LogTemp: Display: Loaded TP LinuxNoEditorTargetPlatform
[2018.02.28-14.49.45:123][  0]LogTemp: Display: Loaded TP LinuxServerTargetPlatform
[2018.02.28-14.49.45:198][  0]LogTemp: Display: Loaded TP LinuxTargetPlatform
[2018.02.28-14.49.45:198][  0]LogTargetPlatformManager: Display: Building Assets For Windows
[2018.02.28-14.49.45:949][  0]LogDerivedDataCache: Display: Max Cache Size: 512 MB
[2018.02.28-14.49.46:011][  0]LogDerivedDataCache: Loaded boot cache 0.06s 93MB C:/Users/1503395/AppData/Local/UnrealEngine/4.17/DerivedDataCache/Boot.ddc.
[2018.02.28-14.49.46:011][  0]LogDerivedDataCache: Display: Loaded Boot cache: C:/Users/1503395/AppData/Local/UnrealEngine/4.17/DerivedDataCache/Boot.ddc
[2018.02.28-14.49.46:012][  0]LogDerivedDataCache: FDerivedDataBackendGraph:  Pak pak cache file M:/GitHub/Gameplay-Mechanics/PropNavigationGame/DerivedDataCache/DDC.ddp not found, will not use a pak cache.
[2018.02.28-14.49.46:012][  0]LogDerivedDataCache: Unable to find inner node Pak for hierarchical cache Hierarchy.
[2018.02.28-14.49.46:012][  0]LogDerivedDataCache: FDerivedDataBackendGraph:  CompressedPak pak cache file M:/GitHub/Gameplay-Mechanics/PropNavigationGame/DerivedDataCache/Compressed.ddp not found, will not use a pak cache.
[2018.02.28-14.49.46:012][  0]LogDerivedDataCache: Unable to find inner node CompressedPak for hierarchical cache Hierarchy.
[2018.02.28-14.49.46:025][  0]LogDerivedDataCache: Display: Pak cache opened for reading ../../../Engine/DerivedDataCache/Compressed.ddp.
[2018.02.28-14.49.46:038][  0]LogDerivedDataCache: Using Local data cache path C:/Users/1503395/AppData/Local/UnrealEngine/Common/DerivedDataCache: Writable
[2018.02.28-14.49.46:046][  0]LogMaterial: Verifying Global Shaders for PCD3D_SM5
[2018.02.28-14.49.46:046][  0]LogSlate: Using Freetype 2.6.0
[2018.02.28-14.49.46:047][  0]LogSlate: SlateFontCache - WITH_FREETYPE: 1, WITH_HARFBUZZ: 1
[2018.02.28-14.49.46:047][  0]LogSlate: SlateFontCache - WITH_FREETYPE: 1, WITH_HARFBUZZ: 1
[2018.02.28-14.49.46:297][  0]LogAssetRegistry: FAssetRegistry took 0.0272 seconds to start up
[2018.02.28-14.49.46:478][  0]LogInit: Selected Device Profile: [Windows]
[2018.02.28-14.49.46:988][  0]LogSimplygon: Simplygon DLL not present - disabling.
[2018.02.28-14.49.47:051][  0]LogMeshReduction: Using SimplygonSwarm for distributed automatic mesh merging
[2018.02.28-14.49.47:051][  0]LogMeshReduction: Using QuadricMeshReduction for automatic static mesh reduction
[2018.02.28-14.49.47:051][  0]LogMeshReduction: No automatic skeletal mesh reduction module available
[2018.02.28-14.49.47:052][  0]LogMeshReduction: No automatic mesh merging module available
[2018.02.28-14.49.47:052][  0]LogMeshMerging: No automatic mesh merging module available
[2018.02.28-14.49.47:060][  0]LogContentStreaming: Texture pool size is 0.00 MB
[2018.02.28-14.49.47:468][  0]LogNetVersion: PropNavigationGame , NetCL: 3573198, EngineNetVer: 2, GameNetVer: 0 (Checksum: 1685960384)
[2018.02.28-14.49.47:859][  0]LogPackageLocalizationCache: Processed 5 localized package path(s) for 2 prioritized culture(s) in 0.193636 seconds
[2018.02.28-14.49.47:863][  0]LogUObjectArray: 35825 objects as part of root set at end of initial load.
[2018.02.28-14.49.47:863][  0]LogUObjectAllocator: 7529112 out of 0 bytes used by permanent object pool.
[2018.02.28-14.49.47:863][  0]LogUObjectArray: CloseDisregardForGC: 0/0 objects in disregard for GC pool
[2018.02.28-14.49.47:964][  0]LogInit: WinSock: version 1.1 (2.2), MaxSocks=32767, MaxUdp=65467
[2018.02.28-14.49.51:297][  0]LogTcpMessaging: Initializing TcpMessaging bridge
[2018.02.28-14.49.51:349][  0]LogUdpMessaging: Initializing bridge on interface 0.0.0.0:0 to multicast group 230.0.0.1:6666.
[2018.02.28-14.49.51:350][  0]LogDirectoryWatcher: A directory notification failed for 'M:/GitHub/Gameplay-Mechanics/PropNavigationGame/Content/' because it was empty or there was a buffer overflow. Attemping another request...
[2018.02.28-14.49.52:249][  0]LogStats: FPlatformStackWalk::StackWalkAndDump -  0.170 s
[2018.02.28-14.49.52:249][  0]LogOutputDevice: Error: === Handled ensure: ===
[2018.02.28-14.49.52:249][  0]LogOutputDevice: Error: 
[2018.02.28-14.49.52:249][  0]LogOutputDevice: Error: Ensure condition failed: AttachmentRules.LocationRule == EAttachmentRule::KeepRelative && AttachmentRules.RotationRule == EAttachmentRule::KeepRelative && AttachmentRules.ScaleRule == EAttachmentRule::KeepRelative [File:D:\Build\++UE4+Release-4.17+Compile\Sync\Engine\Source\Runtime\Engine\Private\Components\SceneComponent.cpp] [Line: 1672]
[2018.02.28-14.49.52:249][  0]LogOutputDevice: Error: AttachToComponent when called from a constructor is only setting up attachment and will always be treated as KeepRelative. Consider calling SetupAttachment directly instead.
[2018.02.28-14.49.52:249][  0]LogOutputDevice: Error: Stack: 
[2018.02.28-14.49.52:249][  0]LogOutputDevice: Error: UE4Editor-Core.dll!0x0000000024CD35F6
[2018.02.28-14.49.52:249][  0]LogOutputDevice: Error: UE4Editor-Core.dll!0x0000000024A5C2C2
[2018.02.28-14.49.52:249][  0]LogOutputDevice: Error: UE4Editor-Core.dll!0x0000000024A74736
[2018.02.28-14.49.52:249][  0]LogOutputDevice: Error: UE4Editor-Engine.dll!0x0000000021962438
[2018.02.28-14.49.52:249][  0]LogOutputDevice: Error: UE4Editor-PropNavigationGame-9353.dll!APlayerShip::APlayerShip() [\\stuhome\homedrive5$\1503395\github\gameplay-mechanics\propnavigationgame\source\propnavigationgame\playership.cpp:23]
[2018.02.28-14.49.52:249][  0]LogOutputDevice: Error: UE4Editor-CoreUObject.dll!0x0000000020DDA442
[2018.02.28-14.49.52:249][  0]LogOutputDevice: Error: UE4Editor-CoreUObject.dll!0x000000002104324B
[2018.02.28-14.49.52:249][  0]LogOutputDevice: Error: UE4Editor-CoreUObject.dll!0x0000000021026C73
[2018.02.28-14.49.52:249][  0]LogOutputDevice: Error: UE4Editor-CoreUObject.dll!0x0000000020DDC157
[2018.02.28-14.49.52:249][  0]LogOutputDevice: Error: UE4Editor-Core.dll!0x00000000248F8210
[2018.02.28-14.49.52:249][  0]LogOutputDevice: Error: UE4Editor-Core.dll!0x0000000024B468C0
[2018.02.28-14.49.52:249][  0]LogOutputDevice: Error: UE4Editor-Projects.dll!0x0000000038A5E06D
[2018.02.28-14.49.52:249][  0]LogOutputDevice: Error: UE4Editor-Projects.dll!0x0000000038A5E37E
[2018.02.28-14.49.52:249][  0]LogOutputDevice: Error: UE4Editor.exe!0x000000002AEB64B1
[2018.02.28-14.49.52:249][  0]LogOutputDevice: Error: UE4Editor.exe!0x000000002AEBA7BD
[2018.02.28-14.49.52:249][  0]LogOutputDevice: Error: UE4Editor.exe!0x000000002AEB379A
[2018.02.28-14.49.52:249][  0]LogOutputDevice: Error: UE4Editor.exe!0x000000002AEB39EA
[2018.02.28-14.49.52:249][  0]LogOutputDevice: Error: UE4Editor.exe!0x000000002AEC02D9
[2018.02.28-14.49.52:250][  0]LogOutputDevice: Error: UE4Editor.exe!0x000000002AEC1C47
[2018.02.28-14.49.52:250][  0]LogOutputDevice: Error: KERNEL32.DLL!0x0000000051041FE4
[2018.02.28-14.49.52:250][  0]LogOutputDevice: Error: ntdll.dll!0x00000000538BEF91
[2018.02.28-14.49.52:250][  0]LogOutputDevice: Error: 
[2018.02.28-14.49.52:256][  0]LogStats:                SubmitErrorReport -  0.000 s
[2018.02.28-14.49.53:146][  0]LogStats:                    SendNewReport -  0.891 s
[2018.02.28-14.49.53:146][  0]LogStats:             FDebug::EnsureFailed -  1.067 s
[2018.02.28-14.49.53:533][  0]LogMaterial: Uniform references updated for custom material expression Custom.
[2018.02.28-14.49.54:169][  0]SourceControl: Source control is disabled
[2018.02.28-14.49.54:169][  0]SourceControl: Source control is disabled
[2018.02.28-14.49.54:239][  0]SourceControl: Source control is disabled
[2018.02.28-14.49.54:313][  0]SourceControl: Source control is disabled
[2018.02.28-14.49.55:219][  0]LogAndroidPermission: UAndroidPermissionCallbackProxy::GetInstance
[2018.02.28-14.49.55:606][  0]LogOcInput: OculusInput pre-init called
[2018.02.28-14.49.55:997][  0]LogEngine: Initializing Engine...
[2018.02.28-14.49.55:999][  0]LogHMD: Failed to initialize OpenVR with code 110
[2018.02.28-14.49.56:194][  0]LogStats: UGameplayTagsManager::ConstructGameplayTagTree: Construct from data asset -  0.000 s
[2018.02.28-14.49.56:194][  0]LogStats: UGameplayTagsManager::ConstructGameplayTagTree: GameplayTagTreeChangedEvent.Broadcast -  0.000 s
[2018.02.28-14.49.56:404][  0]LogAIModule: Creating AISystem for world Untitled
[2018.02.28-14.49.56:411][  0]LogInit: XAudio2 using 'Realtek Digital Output (Realtek High Definition Audio)' : 2 channels at 48 kHz using 16 bits per sample (channel mask 0x3)
[2018.02.28-14.49.56:459][  0]LogInit: FAudioDevice initialized.
[2018.02.28-14.49.56:536][  0]LogDerivedDataCache: Saved boot cache 0.08s 93MB C:/Users/1503395/AppData/Local/UnrealEngine/4.17/DerivedDataCache/Boot.ddc.
[2018.02.28-14.49.56:543][  0]LogInit: Texture streaming: Enabled
[2018.02.28-14.49.56:754][  0]LogEngineSessionManager: EngineSessionManager initialized
[2018.02.28-14.49.57:120][  0]LogInit: Transaction tracking system initialized
[2018.02.28-14.49.57:633][  0]BlueprintLog: New page: Editor Load
[2018.02.28-14.49.59:106][  0]LocalizationService: Localization service is disabled
[2018.02.28-14.50.00:163][  0]LogConsoleResponse: Display: 
[2018.02.28-14.50.00:363][  0]LogCook: Display: Max memory allowance for cook 16384mb min free memory 0mb
[2018.02.28-14.50.00:363][  0]LogCook: Display: Mobile HDR setting 1
[2018.02.28-14.50.00:363][  0]LogGameplayTags: Display: UGameplayTagsManager::DoneAddingNativeTags. DelegateIsBound: 0
[2018.02.28-14.50.01:149][  0]LogFileCache: Scanning file cache for directory 'M:/GitHub/Gameplay-Mechanics/PropNavigationGame/Content/' took 0.01s
[2018.02.28-14.50.01:980][  0]SourceControl: Source control is disabled
[2018.02.28-14.50.01:980][  0]Cmd: MAP LOAD FILE="M:/GitHub/Gameplay-Mechanics/PropNavigationGame/Content/StarterContent/Maps/Minimal_Default.umap" TEMPLATE=0 SHOWPROGRESS=1 FEATURELEVEL=3
[2018.02.28-14.50.01:984][  0]LightingResults: New page: Lighting Build
[2018.02.28-14.50.02:051][  0]MapCheck: New page: Map Check
[2018.02.28-14.50.02:051][  0]LightingResults: New page: Lighting Build
[2018.02.28-14.50.02:148][  0]LogLinker: Warning: Can't find file '/Game/StarterContent/Maps/Minimal_Default_BuiltData'
[2018.02.28-14.50.02:148][  0]LogLinker: Warning: Can't find file for asset '/Game/StarterContent/Maps/Minimal_Default_BuiltData' while loading M:/GitHub/Gameplay-Mechanics/PropNavigationGame/Content/StarterContent/Maps/Minimal_Default.umap.
[2018.02.28-14.50.02:148][  0]LoadErrors: Error: /Game/StarterContent/Maps/Minimal_Default : Can't find file for asset. /Game/StarterContent/Maps/Minimal_Default_BuiltData
[2018.02.28-14.50.02:247][  0]LogLinker: Warning: Can't find file '/Game/StarterContent/Maps/Minimal_Default_BuiltData'
[2018.02.28-14.50.02:247][  0]LogLinker: Warning: Can't find file for asset '/Game/StarterContent/Maps/Minimal_Default_BuiltData' while loading M:/GitHub/Gameplay-Mechanics/PropNavigationGame/Content/StarterContent/Maps/Minimal_Default.umap.
[2018.02.28-14.50.02:247][  0]LoadErrors: Error: /Game/StarterContent/Maps/Minimal_Default : Can't find file for asset. /Game/StarterContent/Maps/Minimal_Default_BuiltData
[2018.02.28-14.50.02:277][  0]LogLinker: Warning: Can't find file '/Game/StarterContent/Maps/Minimal_Default_BuiltData'
[2018.02.28-14.50.02:278][  0]LogLinker: Warning: Can't find file for asset '/Game/StarterContent/Maps/Minimal_Default_BuiltData' while loading NULL.
[2018.02.28-14.50.02:278][  0]LogLinker: Warning: Can't find file '/Game/StarterContent/Maps/Minimal_Default_BuiltData'
[2018.02.28-14.50.02:278][  0]LogLinker: Warning: Can't find file for asset '/Game/StarterContent/Maps/Minimal_Default_BuiltData' while loading NULL.
[2018.02.28-14.50.02:296][  0]LogLinker: Warning: Can't find file '/Game/StarterContent/Maps/Minimal_Default_BuiltData'
[2018.02.28-14.50.02:296][  0]LoadErrors: Failed to load /Game/StarterContent/Maps/Minimal_Default_BuiltData.Minimal_Default_BuiltData Referenced by PersistentLevel
[2018.02.28-14.50.02:296][  0]LogLinker: Warning: Can't find file for asset '/Game/StarterContent/Maps/Minimal_Default_BuiltData' while loading NULL.
[2018.02.28-14.50.02:296][  0]LoadErrors: Failed to load /Game/StarterContent/Maps/Minimal_Default_BuiltData.Minimal_Default_BuiltData Referenced by PersistentLevel
[2018.02.28-14.50.02:456][  0]LogAIModule: Creating AISystem for world Minimal_Default
[2018.02.28-14.50.02:466][  0]LogEditorServer: Finished looking for orphan Actors (0.000 secs)
[2018.02.28-14.50.02:475][  0]Cmd: MAP CHECKDEP NOCLEARLOG
[2018.02.28-14.50.02:539][  0]MapCheck: Map check complete: 0 Error(s), 0 Warning(s), took 63.652ms to complete.
[2018.02.28-14.50.02:539][  0]LogFileHelpers: Loading map 'Minimal_Default' took 0.559
[2018.02.28-14.50.02:681][  0]LogCollectionManager: Loaded 0 collections in 0.001507 seconds
[2018.02.28-14.50.02:821][  0]LogFileCache: Scanning file cache for directory 'M:/GitHub/Gameplay-Mechanics/PropNavigationGame/Saved/Collections/' took 0.01s
[2018.02.28-14.50.02:821][  0]LogFileCache: Scanning file cache for directory 'M:/GitHub/Gameplay-Mechanics/PropNavigationGame/Content/Developers/1503395/Collections/' took 0.01s
[2018.02.28-14.50.02:821][  0]LogFileCache: Scanning file cache for directory 'M:/GitHub/Gameplay-Mechanics/PropNavigationGame/Content/Collections/' took 0.01s
[2018.02.28-14.50.02:821][  0]LogCollectionManager: Rebuilt the GUID cache for 0 collections in 0.000000 seconds
[2018.02.28-14.50.02:831][  0]LogContentBrowser: Native class hierarchy populated in 0.0099 seconds. Added 2392 classes and 502 folders.
[2018.02.28-14.50.02:943][  0]LogContentBrowser: Native class hierarchy updated for 'WidgetCarousel' in 0.0024 seconds. Added 0 classes and 0 folders.
[2018.02.28-14.50.02:987][  0]LogContentBrowser: Native class hierarchy updated for 'AddContentDialog' in 0.0028 seconds. Added 0 classes and 0 folders.
[2018.02.28-14.50.03:063][  0]LogContentBrowser: Native class hierarchy updated for 'SceneOutliner' in 0.0024 seconds. Added 1 classes and 2 folders.
[2018.02.28-14.50.03:084][  0]LogSlate: Took 0.000255 seconds to synchronously load lazily loaded font '../../../Engine/Content/Slate/Fonts/Roboto-Regular.ttf' (155K)
[2018.02.28-14.50.03:086][  0]LogSlate: Took 0.000241 seconds to synchronously load lazily loaded font '../../../Engine/Content/Slate/Fonts/Roboto-Bold.ttf' (160K)
[2018.02.28-14.50.03:092][  0]LogSlate: Took 0.000294 seconds to synchronously load lazily loaded font '../../../Engine/Content/Editor/Slate/Fonts/FontAwesome.ttf' (139K)
[2018.02.28-14.50.03:184][  0]LogRenderer: Reallocating scene render targets to support 1208x576 Format 10 NumSamples 1 (Frame:1).
[2018.02.28-14.50.03:219][  0]LogSlate: Took 0.000207 seconds to synchronously load lazily loaded font '../../../Engine/Content/Slate/Fonts/Roboto-Light.ttf' (159K)
[2018.02.28-14.50.03:391][  0]LogContentBrowser: Native class hierarchy updated for 'HierarchicalLODOutliner' in 0.0038 seconds. Added 1 classes and 2 folders.
[2018.02.28-14.50.03:392][  0]LogLoad: (Engine Initialization) Total time: 24.90 seconds
[2018.02.28-14.50.03:392][  0]LogLoad: (Engine Initialization) Total Blueprint compile time: 0.00 seconds
[2018.02.28-14.50.03:392][  0]LogExternalProfiler: No external profilers were discovered.  External profiling features will not be available.
[2018.02.28-14.50.03:756][  0]LogDirectoryWatcher: A directory notification failed for 'M:/GitHub/Gameplay-Mechanics/PropNavigationGame/Content/' because it was empty or there was a buffer overflow. Attemping another request...
[2018.02.28-14.50.03:758][  0]LogDirectoryWatcher: A directory notification failed for 'M:/GitHub/Gameplay-Mechanics/PropNavigationGame/Content/', and we were unable to create a new request.
[2018.02.28-14.50.03:758][  0]LogDirectoryWatcher: A directory notification failed for 'M:/GitHub/Gameplay-Mechanics/PropNavigationGame/Binaries/Win64' because it was empty or there was a buffer overflow. Attemping another request...
[2018.02.28-14.50.03:758][  0]LogDirectoryWatcher: A directory notification failed for 'M:/GitHub/Gameplay-Mechanics/PropNavigationGame/Saved/Collections/' because it was empty or there was a buffer overflow. Attemping another request...
[2018.02.28-14.50.03:758][  0]LogDirectoryWatcher: A directory notification failed for 'M:/GitHub/Gameplay-Mechanics/PropNavigationGame/Content/Developers/1503395/Collections/' because it was empty or there was a buffer overflow. Attemping another request...
[2018.02.28-14.50.03:759][  0]LogDirectoryWatcher: A directory notification failed for 'M:/GitHub/Gameplay-Mechanics/PropNavigationGame/Content/Collections/' because it was empty or there was a buffer overflow. Attemping another request...
[2018.02.28-14.50.03:759][  0]LogDirectoryWatcher: A directory notification failed for 'M:/GitHub/Gameplay-Mechanics/PropNavigationGame/Saved/Collections/' because it was empty or there was a buffer overflow. Attemping another request...
[2018.02.28-14.50.03:760][  0]LogDirectoryWatcher: A directory notification failed for 'M:/GitHub/Gameplay-Mechanics/PropNavigationGame/Saved/Collections/', and we were unable to create a new request.
[2018.02.28-14.50.03:760][  0]LogDirectoryWatcher: A directory notification failed for 'M:/GitHub/Gameplay-Mechanics/PropNavigationGame/Binaries/Win64' because it was empty or there was a buffer overflow. Attemping another request...
[2018.02.28-14.50.03:761][  0]LogDirectoryWatcher: A directory notification failed for 'M:/GitHub/Gameplay-Mechanics/PropNavigationGame/Binaries/Win64', and we were unable to create a new request.
[2018.02.28-14.50.03:761][  0]LogDirectoryWatcher: A directory notification failed for 'M:/GitHub/Gameplay-Mechanics/PropNavigationGame/Content/Developers/1503395/Collections/' because it was empty or there was a buffer overflow. Attemping another request...
[2018.02.28-14.50.03:762][  0]LogDirectoryWatcher: A directory notification failed for 'M:/GitHub/Gameplay-Mechanics/PropNavigationGame/Content/Developers/1503395/Collections/', and we were unable to create a new request.
[2018.02.28-14.50.03:762][  0]LogDirectoryWatcher: A directory notification failed for 'M:/GitHub/Gameplay-Mechanics/PropNavigationGame/Content/Collections/' because it was empty or there was a buffer overflow. Attemping another request...
[2018.02.28-14.50.03:763][  0]LogDirectoryWatcher: A directory notification failed for 'M:/GitHub/Gameplay-Mechanics/PropNavigationGame/Content/Collections/', and we were unable to create a new request.
[2018.02.28-14.50.03:769][  0]LogContentStreaming: Texture pool size now 1000 MB
[2018.02.28-14.50.04:746][  3]LogAssetRegistry: Asset discovery search completed in 18.4700 seconds
[2018.02.28-14.50.04:750][  3]LogCollectionManager: Rebuilt the object cache for 0 collections in 0.000001 seconds (found 0 objects)
[2018.02.28-14.50.04:750][  3]LogCollectionManager: Fixed up redirectors for 0 collections in 0.000108 seconds (updated 0 objects)
[2018.02.28-14.50.11:699][520]LogSlate: Took 0.000170 seconds to synchronously load lazily loaded font '../../../Engine/Content/Slate/Fonts/Roboto-Light.ttf' (159K)
[2018.02.28-14.50.15:133][876]LogVSAccessor: Warning: Visual Studio is open but could not be queried - it may be blocked by a modal operation
[2018.02.28-14.50.15:432][877]LogVSAccessor: Warning: Visual Studio is open but could not be queried - it may be blocked by a modal operation
[2018.02.28-14.50.15:765][878]LogVSAccessor: Warning: Visual Studio is open but could not be queried - it may be blocked by a modal operation
[2018.02.28-14.50.16:098][879]LogVSAccessor: Warning: Visual Studio is open but could not be queried - it may be blocked by a modal operation
[2018.02.28-14.50.16:433][880]LogVSAccessor: Warning: Visual Studio is open but could not be queried - it may be blocked by a modal operation
[2018.02.28-14.50.16:766][881]LogVSAccessor: Warning: Visual Studio is open but could not be queried - it may be blocked by a modal operation
[2018.02.28-14.50.17:098][882]LogVSAccessor: Warning: Visual Studio is open but could not be queried - it may be blocked by a modal operation
[2018.02.28-14.50.22:498][883]LogVSAccessor: Couldn't get item operations. Visual Studio may still be initializing.
[2018.02.28-14.50.23:473][884]LogVSAccessor: Warning: Couldn't goto line number '0' in 'M:/GitHub/Gameplay-Mechanics/PropNavigationGame/Source/PropNavigationGame/ShieldComponent.h'
[2018.02.28-14.50.23:474][884]LogVSAccessor: Warning: Couldn't open file 'M:/GitHub/Gameplay-Mechanics/PropNavigationGame/Source/PropNavigationGame/ShieldComponent.cpp'.
[2018.02.28-14.54.07:175][ 99]LogSlate: Took 0.000319 seconds to synchronously load lazily loaded font '../../../Engine/Content/Editor/Slate/Fonts/Roboto-BoldCondensed.ttf' (158K)
[2018.02.28-14.57.21:203][597]Candidate modules for hot reload:
[2018.02.28-14.57.21:203][597]  PropNavigationGame
[2018.02.28-14.57.21:203][597]Launching UnrealBuildTool... [C:/Program Files (x86)/Epic Games/UE_4.17/Engine/Binaries/DotNET/UnrealBuildTool.exe PropNavigationGame -ModuleWithSuffix PropNavigationGame 1662 Win64 Development -editorrecompile -canskiplink "M:/GitHub/Gameplay-Mechanics/PropNavigationGame/PropNavigationGame.uproject" ]
[2018.02.28-14.57.21:205][597]Warning: Starting HotReload took  0.2s.
[2018.02.28-14.57.43:606][272]CompilerResultsLog: New page: Compilation - 28 Feb 2018 14:57:43
[2018.02.28-14.57.43:607][272]CompilerResultsLog: Compiling game modules for hot reload
[2018.02.28-14.57.43:607][272]CompilerResultsLog: Parsing headers for PropNavigationGameEditor
[2018.02.28-14.57.43:607][272]CompilerResultsLog:   Running UnrealHeaderTool "M:\GitHub\Gameplay-Mechanics\PropNavigationGame\PropNavigationGame.uproject" "M:\GitHub\Gameplay-Mechanics\PropNavigationGame\Intermediate\Build\Win64\PropNavigationGameEditor\Development\PropNavigationGameEditor.uhtmanifest" -LogCmds="loginit warning, logexit warning, logdatabase error" -Unattended -WarningsAsErrors -installed
[2018.02.28-14.57.43:607][272]CompilerResultsLog: Reflection code generated for PropNavigationGameEditor in 10.1059622 seconds
[2018.02.28-14.57.43:607][272]CompilerResultsLog: Performing 16 actions (4 in parallel)
[2018.02.28-14.57.43:607][272]CompilerResultsLog: Bullet.gen.cpp
[2018.02.28-14.57.43:607][272]CompilerResultsLog: FiringComponent.cpp
[2018.02.28-14.57.43:607][272]CompilerResultsLog: Bullet.cpp
[2018.02.28-14.57.43:607][272]CompilerResultsLog: HealthComponent.cpp
[2018.02.28-14.57.43:607][272]CompilerResultsLog: HomingRocket.cpp
[2018.02.28-14.57.43:607][272]CompilerResultsLog: PlayerShip.cpp
[2018.02.28-14.57.43:607][272]CompilerResultsLog: PropNavigationGame.cpp
[2018.02.28-14.57.43:607][272]CompilerResultsLog: ShieldComponent.cpp
[2018.02.28-14.57.43:607][272]CompilerResultsLog: FiringComponent.gen.cpp
[2018.02.28-14.57.43:607][272]CompilerResultsLog: HealthComponent.gen.cpp
[2018.02.28-14.57.43:607][272]CompilerResultsLog: HomingRocket.gen.cpp
[2018.02.28-14.57.43:607][272]CompilerResultsLog: PlayerShip.gen.cpp
[2018.02.28-14.57.43:607][272]CompilerResultsLog: PropNavigationGame.init.gen.cpp
[2018.02.28-14.57.43:607][272]CompilerResultsLog: ShieldComponent.gen.cpp
[2018.02.28-14.57.43:607][272]CompilerResultsLog: [15/16] Link UE4Editor-PropNavigationGame-1662.dll
[2018.02.28-14.57.43:607][272]CompilerResultsLog: [16/16] Link UE4Editor-PropNavigationGame-1662.lib
[2018.02.28-14.57.43:607][272]CompilerResultsLog:    Creating library M:\GitHub\Gameplay-Mechanics\PropNavigationGame\Intermediate\Build\Win64\UE4Editor\Development\UE4Editor-PropNavigationGame-1662.lib and object M:\GitHub\Gameplay-Mechanics\PropNavigationGame\Intermediate\Build\Win64\UE4Editor\Development\UE4Editor-PropNavigationGame-1662.exp
[2018.02.28-14.57.43:607][272]CompilerResultsLog:    Creating library M:\GitHub\Gameplay-Mechanics\PropNavigationGame\Intermediate\Build\Win64\UE4Editor\Development\UE4Editor-PropNavigationGame-1662.suppressed.lib and object M:\GitHub\Gameplay-Mechanics\PropNavigationGame\Intermediate\Build\Win64\UE4Editor\Development\UE4Editor-PropNavigationGame-1662.suppressed.exp
[2018.02.28-14.57.43:607][272]CompilerResultsLog: Total build time: 22.17 seconds (Local executor: 4.39 seconds)
[2018.02.28-14.57.43:607][272]LogMainFrame: MainFrame: Module compiling took 22.410 seconds
[2018.02.28-14.57.43:782][272]LogClass: Could not find existing class ShieldComponent in package /Script/PropNavigationGame for HotReload, assuming new class
[2018.02.28-14.57.43:785][272]LogHotReload: Re-instancing ShieldComponent after hot-reload.
[2018.02.28-14.57.43:830][272]LogContentBrowser: Native class hierarchy updated for 'PropNavigationGame' in 0.0029 seconds. Added 6 classes and 2 folders.
[2018.02.28-14.57.43:831][272]Display: HotReload successful (0 functions remapped  0 scriptstructs remapped)
[2018.02.28-14.57.43:893][272]LogContentBrowser: Native class hierarchy populated in 0.0107 seconds. Added 2394 classes and 506 folders.
[2018.02.28-14.57.43:893][272]Display: HotReload took 22.9s.
[2018.02.28-14.57.58:273][940]Candidate modules for hot reload:
[2018.02.28-14.57.58:273][940]  PropNavigationGame
[2018.02.28-14.57.58:273][940]Launching UnrealBuildTool... [C:/Program Files (x86)/Epic Games/UE_4.17/Engine/Binaries/DotNET/UnrealBuildTool.exe PropNavigationGame -ModuleWithSuffix PropNavigationGame 6712 Win64 Development -editorrecompile -canskiplink "M:/GitHub/Gameplay-Mechanics/PropNavigationGame/PropNavigationGame.uproject" ]
[2018.02.28-14.57.58:275][940]Warning: Starting HotReload took  0.0s.
[2018.02.28-14.58.17:822][282]CompilerResultsLog: New page: Compilation - 28 Feb 2018 14:58:17
[2018.02.28-14.58.17:822][282]CompilerResultsLog: Compiling game modules for hot reload
[2018.02.28-14.58.17:822][282]CompilerResultsLog: Parsing headers for PropNavigationGameEditor
[2018.02.28-14.58.17:822][282]CompilerResultsLog:   Running UnrealHeaderTool "M:\GitHub\Gameplay-Mechanics\PropNavigationGame\PropNavigationGame.uproject" "M:\GitHub\Gameplay-Mechanics\PropNavigationGame\Intermediate\Build\Win64\PropNavigationGameEditor\Development\PropNavigationGameEditor.uhtmanifest" -LogCmds="loginit warning, logexit warning, logdatabase error" -Unattended -WarningsAsErrors -installed
[2018.02.28-14.58.17:822][282]CompilerResultsLog: Reflection code generated for PropNavigationGameEditor in 9.4858097 seconds
[2018.02.28-14.58.17:822][282]CompilerResultsLog: Performing 3 actions (4 in parallel)
[2018.02.28-14.58.17:822][282]CompilerResultsLog: PropNavigationGame.init.gen.cpp
[2018.02.28-14.58.17:822][282]CompilerResultsLog: [2/3] Link UE4Editor-PropNavigationGame-6712.dll
[2018.02.28-14.58.17:822][282]CompilerResultsLog: [3/3] Link UE4Editor-PropNavigationGame-6712.lib
[2018.02.28-14.58.17:822][282]CompilerResultsLog:    Creating library M:\GitHub\Gameplay-Mechanics\PropNavigationGame\Intermediate\Build\Win64\UE4Editor\Development\UE4Editor-PropNavigationGame-6712.lib and object M:\GitHub\Gameplay-Mechanics\PropNavigationGame\Intermediate\Build\Win64\UE4Editor\Development\UE4Editor-PropNavigationGame-6712.exp
[2018.02.28-14.58.17:822][282]CompilerResultsLog:    Creating library M:\GitHub\Gameplay-Mechanics\PropNavigationGame\Intermediate\Build\Win64\UE4Editor\Development\UE4Editor-PropNavigationGame-6712.suppressed.lib and object M:\GitHub\Gameplay-Mechanics\PropNavigationGame\Intermediate\Build\Win64\UE4Editor\Development\UE4Editor-PropNavigationGame-6712.suppressed.exp
[2018.02.28-14.58.17:822][282]CompilerResultsLog: Total build time: 19.33 seconds (Local executor: 2.56 seconds)
[2018.02.28-14.58.17:822][282]LogMainFrame: MainFrame: Module compiling took 19.555 seconds
[2018.02.28-14.58.18:069][282]LogContentBrowser: Native class hierarchy updated for 'PropNavigationGame' in 0.0029 seconds. Added 6 classes and 2 folders.
[2018.02.28-14.58.18:070][282]Display: HotReload successful (0 functions remapped  0 scriptstructs remapped)
[2018.02.28-14.58.18:101][282]LogContentBrowser: Native class hierarchy populated in 0.0123 seconds. Added 2394 classes and 506 folders.
[2018.02.28-14.58.18:101][282]Display: HotReload took 19.8s.
[2018.02.28-14.58.42:957][892]LogWindowsTextInputMethodSystem: Display: IME system now deactivated.
[2018.02.28-14.58.43:132][893]Cmd: QUIT_EDITOR
[2018.02.28-14.58.43:162][893]LogExit: Preparing to exit.
[2018.02.28-14.58.44:413][893]LogExit: Editor shut down
[2018.02.28-14.58.44:425][893]LogExit: Transaction tracking system shut down
[2018.02.28-14.58.44:710][893]LogDirectoryWatcher: A directory notification for '../../../Engine/Content/' was aborted.
[2018.02.28-14.58.44:710][893]LogDirectoryWatcher: A directory notification for '../../../Engine/Plugins/2D/Paper2D/Content/' was aborted.
[2018.02.28-14.58.44:710][893]LogDirectoryWatcher: A directory notification for '../../../Engine/Plugins/Runtime/Oculus/OculusVR/Content/' was aborted.
[2018.02.28-14.58.44:710][893]LogDirectoryWatcher: A directory notification for '../../../Engine/Plugins/Runtime/Steam/SteamVR/Content/' was aborted.
[2018.02.28-14.58.44:750][893]LogExit: Object subsystem successfully closed.
[2018.02.28-14.58.44:770][893]LogD3D11RHI: Shutdown
[2018.02.28-14.58.44:770][893]LogD3D11RHI: CleanupD3DDevice
[2018.02.28-14.58.44:838][893]LogD3D11RHI: ~FD3D11DynamicRHI
[2018.02.28-14.58.44:858][893]LogModuleManager: Shutting down and abandoning module PropNavigationGame (534)
[2018.02.28-14.58.44:858][893]LogModuleManager: Shutting down and abandoning module HierarchicalLODOutliner (532)
[2018.02.28-14.58.44:858][893]LogModuleManager: Shutting down and abandoning module SceneOutliner (530)
[2018.02.28-14.58.44:858][893]LogModuleManager: Shutting down and abandoning module AddContentDialog (528)
[2018.02.28-14.58.44:858][893]LogDirectoryWatcher: A directory notification for 'C:/Program Files (x86)/Epic Games/UE_4.17/FeaturePacks/' was aborted.
[2018.02.28-14.58.44:860][893]LogModuleManager: Shutting down and abandoning module WidgetCarousel (527)
[2018.02.28-14.58.44:860][893]LogModuleManager: Shutting down and abandoning module EditorWidgets (524)
[2018.02.28-14.58.44:860][893]LogModuleManager: Shutting down and abandoning module CollectionManager (522)
[2018.02.28-14.58.44:860][893]LogModuleManager: Shutting down and abandoning module StatsViewer (520)
[2018.02.28-14.58.44:860][893]LogModuleManager: Shutting down and abandoning module FoliageEdit (518)
[2018.02.28-14.58.44:860][893]LogModuleManager: Shutting down and abandoning module LandscapeEditor (516)
[2018.02.28-14.58.44:860][893]LogModuleManager: Shutting down and abandoning module MeshPaintMode (514)
[2018.02.28-14.58.44:860][893]LogModuleManager: Shutting down and abandoning module SceneDepthPickerMode (512)
[2018.02.28-14.58.44:860][893]LogModuleManager: Shutting down and abandoning module ActorPickerMode (510)
[2018.02.28-14.58.44:860][893]LogModuleManager: Shutting down and abandoning module GeometryMode (508)
[2018.02.28-14.58.44:860][893]LogModuleManager: Shutting down and abandoning module TextureAlignMode (506)
[2018.02.28-14.58.44:860][893]LogModuleManager: Shutting down and abandoning module BspMode (504)
[2018.02.28-14.58.44:860][893]LogModuleManager: Shutting down and abandoning module PIEPreviewDeviceProfileSelector (502)
[2018.02.28-14.58.44:860][893]LogModuleManager: Shutting down and abandoning module HardwareSurvey (500)
[2018.02.28-14.58.44:860][893]LogModuleManager: Shutting down and abandoning module SequenceRecorderSections (498)
[2018.02.28-14.58.44:861][893]LogModuleManager: Shutting down and abandoning module AutomationWorker (496)
[2018.02.28-14.58.44:861][893]LogModuleManager: Shutting down and abandoning module MatineeToLevelSequence (494)
[2018.02.28-14.58.44:861][893]LogModuleManager: Shutting down and abandoning module LevelSequenceEditor (492)
[2018.02.28-14.58.44:861][893]LogModuleManager: Shutting down and abandoning module PlacementMode (491)
[2018.02.28-14.58.44:861][893]LogModuleManager: Shutting down and abandoning module WmfMediaFactory (488)
[2018.02.28-14.58.44:861][893]LogModuleManager: Shutting down and abandoning module WmfMediaEditor (486)
[2018.02.28-14.58.44:861][893]LogModuleManager: Shutting down and abandoning module AvfMediaFactory (484)
[2018.02.28-14.58.44:861][893]LogModuleManager: Shutting down and abandoning module AvfMediaEditor (482)
[2018.02.28-14.58.44:861][893]LogModuleManager: Shutting down and abandoning module AndroidMediaFactory (480)
[2018.02.28-14.58.44:861][893]LogModuleManager: Shutting down and abandoning module Media (479)
[2018.02.28-14.58.44:861][893]LogModuleManager: Shutting down and abandoning module AndroidMediaEditor (476)
[2018.02.28-14.58.44:861][893]LogModuleManager: Shutting down and abandoning module CharacterAI (474)
[2018.02.28-14.58.44:861][893]LogModuleManager: Shutting down and abandoning module AudioCapture (472)
[2018.02.28-14.58.44:861][893]LogModuleManager: Shutting down and abandoning module SequenceRecorder (471)
[2018.02.28-14.58.44:861][893]LogModuleManager: Shutting down and abandoning module SmartSnapping (468)
[2018.02.28-14.58.44:861][893]LogModuleManager: Shutting down and abandoning module SessionServices (466)
[2018.02.28-14.58.44:861][893]LogModuleManager: Shutting down and abandoning module ViewportSnapping (464)
[2018.02.28-14.58.44:861][893]LogModuleManager: Shutting down and abandoning module ViewportInteraction (462)
[2018.02.28-14.58.44:861][893]LogModuleManager: Shutting down and abandoning module ClothPainter (460)
[2018.02.28-14.58.44:861][893]LogModuleManager: Shutting down and abandoning module LogVisualizer (458)
[2018.02.28-14.58.44:861][893]LogModuleManager: Shutting down and abandoning module IntroTutorials (456)
[2018.02.28-14.58.44:861][893]LogModuleManager: Shutting down and abandoning module GameProjectGeneration (455)
[2018.02.28-14.58.44:861][893]LogModuleManager: Shutting down and abandoning module IOSPlatformEditor (452)
[2018.02.28-14.58.44:861][893]LogModuleManager: Shutting down and abandoning module HTML5PlatformEditor (450)
[2018.02.28-14.58.44:861][893]LogModuleManager: Shutting down and abandoning module AndroidPlatformEditor (448)
[2018.02.28-14.58.44:862][893]LogModuleManager: Shutting down and abandoning module AndroidDeviceDetection (447)
[2018.02.28-14.58.45:838][893]LogModuleManager: Shutting down and abandoning module WindowsPlatformEditor (444)
[2018.02.28-14.58.45:838][893]LogModuleManager: Shutting down and abandoning module IOSRuntimeSettings (442)
[2018.02.28-14.58.45:838][893]LogModuleManager: Shutting down and abandoning module AndroidRuntimeSettings (440)
[2018.02.28-14.58.45:838][893]LogModuleManager: Shutting down and abandoning module InputBindingEditor (438)
[2018.02.28-14.58.45:838][893]LogModuleManager: Shutting down and abandoning module MergeActors (436)
[2018.02.28-14.58.45:838][893]LogModuleManager: Shutting down and abandoning module SizeMap (434)
[2018.02.28-14.58.45:838][893]LogModuleManager: Shutting down and abandoning module TreeMap (432)
[2018.02.28-14.58.45:838][893]LogModuleManager: Shutting down and abandoning module ReferenceViewer (430)
[2018.02.28-14.58.45:838][893]LogModuleManager: Shutting down and abandoning module LocalizationDashboard (428)
[2018.02.28-14.58.45:838][893]LogModuleManager: Shutting down and abandoning module LocalizationService (427)
[2018.02.28-14.58.45:838][893]LogModuleManager: Shutting down and abandoning module HardwareTargeting (424)
[2018.02.28-14.58.45:838][893]LogModuleManager: Shutting down and abandoning module DeviceProfileEditor (422)
[2018.02.28-14.58.45:838][893]LogModuleManager: Shutting down and abandoning module UndoHistory (420)
[2018.02.28-14.58.45:839][893]LogModuleManager: Shutting down and abandoning module XmlParser (418)
[2018.02.28-14.58.45:839][893]LogModuleManager: Shutting down and abandoning module Blutility (416)
[2018.02.28-14.58.45:839][893]LogModuleManager: Shutting down and abandoning module ProjectSettingsViewer (414)
[2018.02.28-14.58.45:839][893]LogModuleManager: Shutting down and abandoning module ProjectTargetPlatformEditor (413)
[2018.02.28-14.58.45:839][893]LogModuleManager: Shutting down and abandoning module EditorSettingsViewer (410)
[2018.02.28-14.58.45:839][893]LogModuleManager: Shutting down and abandoning module SettingsEditor (408)
[2018.02.28-14.58.45:839][893]LogModuleManager: Shutting down and abandoning module ProjectLauncher (406)
[2018.02.28-14.58.45:839][893]LogModuleManager: Shutting down and abandoning module SessionFrontend (404)
[2018.02.28-14.58.45:839][893]LogModuleManager: Shutting down and abandoning module ProfilerClient (402)
[2018.02.28-14.58.45:839][893]LogModuleManager: Shutting down and abandoning module DeviceManager (400)
[2018.02.28-14.58.45:839][893]LogModuleManager: Shutting down and abandoning module TargetDeviceServices (399)
[2018.02.28-14.58.45:893][893]LogModuleManager: Shutting down and abandoning module AutomationController (396)
[2018.02.28-14.58.45:893][893]LogModuleManager: Shutting down and abandoning module AutomationWindow (394)
[2018.02.28-14.58.45:893][893]LogModuleManager: Shutting down and abandoning module Layers (392)
[2018.02.28-14.58.45:893][893]LogModuleManager: Shutting down and abandoning module ComponentVisualizers (390)
[2018.02.28-14.58.45:893][893]LogModuleManager: Shutting down and abandoning module DetailCustomizations (388)
[2018.02.28-14.58.45:893][893]LogModuleManager: Shutting down and abandoning module PackagesDialog (386)
[2018.02.28-14.58.45:893][893]LogModuleManager: Shutting down and abandoning module Persona (384)
[2018.02.28-14.58.45:893][893]LogModuleManager: Shutting down and abandoning module AdvancedPreviewScene (383)
[2018.02.28-14.58.45:893][893]LogModuleManager: Shutting down and abandoning module AnimGraph (381)
[2018.02.28-14.58.45:893][893]LogModuleManager: Shutting down and abandoning module Kismet (378)
[2018.02.28-14.58.45:893][893]LogModuleManager: Shutting down and abandoning module ClassViewer (376)
[2018.02.28-14.58.45:894][893]LogModuleManager: Shutting down and abandoning module Toolbox (374)
[2018.02.28-14.58.45:894][893]LogModuleManager: Shutting down and abandoning module ModuleUI (372)
[2018.02.28-14.58.45:894][893]LogModuleManager: Shutting down and abandoning module MovieSceneTools (370)
[2018.02.28-14.58.45:894][893]LogModuleManager: Shutting down and abandoning module OutputLog (368)
[2018.02.28-14.58.45:894][893]LogModuleManager: Shutting down and abandoning module GammaUI (366)
[2018.02.28-14.58.45:894][893]LogModuleManager: Shutting down and abandoning module Documentation (364)
[2018.02.28-14.58.45:894][893]LogModuleManager: Shutting down and abandoning module MovieSceneTracks (362)
[2018.02.28-14.58.45:894][893]LogModuleManager: Shutting down and abandoning module MovieScene (360)
[2018.02.28-14.58.45:894][893]LogModuleManager: Shutting down and abandoning module Niagara (358)
[2018.02.28-14.58.45:894][893]LogModuleManager: Shutting down and abandoning module NiagaraEditor (357)
[2018.02.28-14.58.45:895][893]LogModuleManager: Shutting down and abandoning module StreamingPauseRendering (354)
[2018.02.28-14.58.45:895][893]LogModuleManager: Shutting down and abandoning module LauncherPlatform (352)
[2018.02.28-14.58.45:895][893]LogModuleManager: Shutting down and abandoning module AnalyticsET (350)
[2018.02.28-14.58.45:895][893]LogModuleManager: Shutting down and abandoning module PortalServices (348)
[2018.02.28-14.58.45:895][893]LogModuleManager: Shutting down and abandoning module PortalRpc (346)
[2018.02.28-14.58.45:895][893]LogModuleManager: Shutting down and abandoning module MessagingRpc (344)
[2018.02.28-14.58.45:895][893]LogModuleManager: Shutting down and abandoning module AIModule (342)
[2018.02.28-14.58.45:895][893]LogModuleManager: Shutting down and abandoning module GameplayDebugger (341)
[2018.02.28-14.58.45:895][893]LogModuleManager: Shutting down and abandoning module AITestSuite (339)
[2018.02.28-14.58.45:895][893]LogModuleManager: Shutting down and abandoning module ProfilerService (336)
[2018.02.28-14.58.45:962][893]LogModuleManager: Shutting down and abandoning module TaskGraph (334)
[2018.02.28-14.58.45:962][893]LogModuleManager: Shutting down and abandoning module SteamVRController (332)
[2018.02.28-14.58.45:962][893]LogModuleManager: Shutting down and abandoning module ProceduralMeshComponentEditor (330)
[2018.02.28-14.58.45:962][893]LogModuleManager: Shutting down and abandoning module ProceduralMeshComponent (328)
[2018.02.28-14.58.45:962][893]LogModuleManager: Shutting down and abandoning module OculusInput (326)
[2018.02.28-14.58.45:962][893]LogModuleManager: Shutting down and abandoning module MobilePatchingUtils (324)
[2018.02.28-14.58.45:962][893]LogModuleManager: Shutting down and abandoning module CustomMeshComponent (322)
[2018.02.28-14.58.45:962][893]LogModuleManager: Shutting down and abandoning module CableComponent (320)
[2018.02.28-14.58.45:962][893]LogModuleManager: Shutting down and abandoning module ArchVisCharacter (318)
[2018.02.28-14.58.45:962][893]LogModuleManager: Shutting down and abandoning module AndroidPermission (316)
[2018.02.28-14.58.45:962][893]LogModuleManager: Shutting down and abandoning module MediaPlayerEditor (312)
[2018.02.28-14.58.45:962][893]LogModuleManager: Shutting down and abandoning module HTML5Networking (310)
[2018.02.28-14.58.45:962][893]LogModuleManager: Shutting down and abandoning module AlembicImporter (308)
[2018.02.28-14.58.45:962][893]LogModuleManager: Shutting down and abandoning module AlembicLibrary (307)
[2018.02.28-14.58.45:962][893]LogModuleManager: Shutting down and abandoning module GeometryCache (306)
[2018.02.28-14.58.45:962][893]LogModuleManager: Shutting down and abandoning module GeometryCacheEd (305)
[2018.02.28-14.58.45:962][893]LogModuleManager: Shutting down and abandoning module SpeedTreeImporter (300)
[2018.02.28-14.58.45:962][893]LogModuleManager: Shutting down and abandoning module PluginBrowser (298)
[2018.02.28-14.58.45:962][893]LogModuleManager: Shutting down and abandoning module MobileLauncherProfileWizard (296)
[2018.02.28-14.58.45:963][893]LogModuleManager: Shutting down and abandoning module VisualStudioSourceCodeAccess (294)
[2018.02.28-14.58.45:963][893]LogModuleManager: Shutting down and abandoning module DesktopPlatform (293)
[2018.02.28-14.58.45:963][893]LogModuleManager: Shutting down and abandoning module UObjectPlugin (290)
[2018.02.28-14.58.45:963][893]LogModuleManager: Shutting down and abandoning module SubversionSourceControl (288)
[2018.02.28-14.58.45:963][893]LogModuleManager: Shutting down and abandoning module PerforceSourceControl (286)
[2018.02.28-14.58.45:963][893]LogModuleManager: Shutting down and abandoning module GitSourceControl (284)
[2018.02.28-14.58.45:963][893]LogModuleManager: Shutting down and abandoning module SourceControl (283)
[2018.02.28-14.58.45:963][893]LogModuleManager: Shutting down and abandoning module LightPropagationVolumeEditor (280)
[2018.02.28-14.58.45:963][893]LogModuleManager: Shutting down and abandoning module PaperTiledImporter (278)
[2018.02.28-14.58.45:963][893]LogModuleManager: Shutting down and abandoning module PaperSpriteSheetImporter (276)
[2018.02.28-14.58.45:963][893]LogModuleManager: Shutting down and abandoning module Paper2DEditor (274)
[2018.02.28-14.58.45:963][893]LogModuleManager: Shutting down and abandoning module MeshPaint (273)
[2018.02.28-14.58.45:963][893]LogModuleManager: Shutting down and abandoning module LevelEditor (271)
[2018.02.28-14.58.45:964][893]LogModuleManager: Shutting down and abandoning module PixelInspectorModule (270)
[2018.02.28-14.58.45:964][893]LogModuleManager: Shutting down and abandoning module MainFrame (268)
[2018.02.28-14.58.45:964][893]LogModuleManager: Shutting down and abandoning module HotReload (267)
[2018.02.28-14.58.45:964][893]LogModuleManager: Shutting down and abandoning module RuntimePhysXCooking (260)
[2018.02.28-14.58.45:964][893]LogModuleManager: Shutting down and abandoning module PhysXVehiclesEditor (258)
[2018.02.28-14.58.45:964][893]LogModuleManager: Shutting down and abandoning module PhysXVehicles (256)
[2018.02.28-14.58.45:964][893]LogModuleManager: Shutting down and abandoning module OculusEditor (254)
[2018.02.28-14.58.45:964][893]LogModuleManager: Shutting down and abandoning module LocationServicesBPLibrary (252)
[2018.02.28-14.58.45:964][893]LogModuleManager: Shutting down and abandoning module ImmediatePhysicsEditor (250)
[2018.02.28-14.58.45:964][893]LogModuleManager: Shutting down and abandoning module ImmediatePhysics (248)
[2018.02.28-14.58.45:964][893]LogModuleManager: Shutting down and abandoning module UdpMessaging (246)
[2018.02.28-14.58.46:065][893]LogModuleManager: Shutting down and abandoning module TcpMessaging (244)
[2018.02.28-14.58.46:166][893]LogModuleManager: Shutting down and abandoning module GameplayTagsEditor (242)
[2018.02.28-14.58.46:166][893]LogModuleManager: Shutting down and abandoning module FacialAnimationEditor (240)
[2018.02.28-14.58.46:166][893]LogModuleManager: Shutting down and abandoning module FacialAnimation (238)
[2018.02.28-14.58.46:166][893]LogModuleManager: Shutting down and abandoning module AssetManagerEditor (236)
[2018.02.28-14.58.46:166][893]LogModuleManager: Shutting down and abandoning module GraphEditor (235)
[2018.02.28-14.58.46:166][893]LogModuleManager: Shutting down and abandoning module ContentBrowser (233)
[2018.02.28-14.58.46:167][893]LogModuleManager: Shutting down and abandoning module LightPropagationVolumeRuntime (230)
[2018.02.28-14.58.46:167][893]LogModuleManager: Shutting down and abandoning module Paper2D (228)
[2018.02.28-14.58.46:167][893]LogModuleManager: Shutting down and abandoning module WindowsMoviePlayer (226)
[2018.02.28-14.58.46:167][893]LogModuleManager: Shutting down and abandoning module WmfMedia (224)
[2018.02.28-14.58.46:168][893]LogModuleManager: Shutting down and abandoning module PacketHandler (222)
[2018.02.28-14.58.46:169][893]LogModuleManager: Shutting down and abandoning module ClothingSystemEditor (220)
[2018.02.28-14.58.46:169][893]LogModuleManager: Shutting down and abandoning module ClothingSystemRuntime (218)
[2018.02.28-14.58.46:169][893]LogModuleManager: Shutting down and abandoning module Overlay (216)
[2018.02.28-14.58.46:169][893]LogModuleManager: Shutting down and abandoning module OverlayEditor (215)
[2018.02.28-14.58.46:169][893]LogModuleManager: Shutting down and abandoning module MediaAssets (212)
[2018.02.28-14.58.46:169][893]LogModuleManager: Shutting down and abandoning module VREditor (210)
[2018.02.28-14.58.46:169][893]LogModuleManager: Shutting down and abandoning module StringTableEditor (208)
[2018.02.28-14.58.46:169][893]LogModuleManager: Shutting down and abandoning module GameplayTasksEditor (206)
[2018.02.28-14.58.46:169][893]LogModuleManager: Shutting down and abandoning module BehaviorTreeEditor (204)
[2018.02.28-14.58.46:169][893]LogModuleManager: Shutting down and abandoning module FunctionalTesting (202)
[2018.02.28-14.58.46:169][893]LogModuleManager: Shutting down and abandoning module CollisionAnalyzer (200)
[2018.02.28-14.58.46:169][893]LogModuleManager: Shutting down and abandoning module WorkspaceMenuStructure (199)
[2018.02.28-14.58.46:169][893]LogModuleManager: Shutting down and abandoning module UMG (196)
[2018.02.28-14.58.46:169][893]LogModuleManager: Shutting down and abandoning module UMGEditor (195)
[2018.02.28-14.58.46:169][893]LogModuleManager: Shutting down and abandoning module Sequencer (194)
[2018.02.28-14.58.46:169][893]LogModuleManager: Shutting down and abandoning module MessageLog (191)
[2018.02.28-14.58.46:169][893]LogModuleManager: Shutting down and abandoning module SlateReflector (186)
[2018.02.28-14.58.46:169][893]LogModuleManager: Shutting down and abandoning module Slate (184)
[2018.02.28-14.58.46:169][893]LogModuleManager: Shutting down and abandoning module EditorStyle (182)
[2018.02.28-14.58.46:172][893]LogModuleManager: Shutting down and abandoning module MRMesh (180)
[2018.02.28-14.58.46:172][893]LogModuleManager: Shutting down and abandoning module SourceCodeAccess (178)
[2018.02.28-14.58.46:172][893]LogModuleManager: Shutting down and abandoning module HeadMountedDisplay (176)
[2018.02.28-14.58.46:172][893]LogModuleManager: Shutting down and abandoning module XAudio2 (174)
[2018.02.28-14.58.46:172][893]LogModuleManager: Shutting down and abandoning module Networking (172)
[2018.02.28-14.58.46:172][893]LogModuleManager: Shutting down and abandoning module Core (168)
[2018.02.28-14.58.46:172][893]LogModuleManager: Shutting down and abandoning module KismetCompiler (164)
[2018.02.28-14.58.46:172][893]LogModuleManager: Shutting down and abandoning module LevelSequence (162)
[2018.02.28-14.58.46:172][893]LogModuleManager: Shutting down and abandoning module MeshUtilities (160)
[2018.02.28-14.58.46:172][893]LogModuleManager: Shutting down and abandoning module MeshMergeUtilities (159)
[2018.02.28-14.58.46:172][893]LogModuleManager: Shutting down and abandoning module MeshReductionInterface (158)
[2018.02.28-14.58.46:172][893]LogModuleManager: Shutting down and abandoning module SimplygonSwarm (157)
[2018.02.28-14.58.46:172][893]LogModuleManager: Shutting down and abandoning module SimplygonMeshReduction (155)
[2018.02.28-14.58.46:172][893]LogModuleManager: Shutting down and abandoning module QuadricMeshReduction (153)
[2018.02.28-14.58.46:172][893]LogModuleManager: Shutting down and abandoning module MaterialBaking (149)
[2018.02.28-14.58.46:172][893]LogModuleManager: Shutting down and abandoning module DirectoryWatcher (146)
[2018.02.28-14.58.46:173][893]LogModuleManager: Shutting down and abandoning module DerivedDataCache (144)
[2018.02.28-14.58.46:244][893]LogDerivedDataCache: Shutdown
[2018.02.28-14.58.46:244][893]LogModuleManager: Shutting down and abandoning module TargetPlatform (142)
[2018.02.28-14.58.46:244][893]LogModuleManager: Shutting down and abandoning module VulkanShaderFormat (141)
[2018.02.28-14.58.46:244][893]LogModuleManager: Shutting down and abandoning module ShaderFormatVectorVM (139)
[2018.02.28-14.58.46:244][893]LogModuleManager: Shutting down and abandoning module ShaderFormatOpenGL (137)
[2018.02.28-14.58.46:244][893]LogModuleManager: Shutting down and abandoning module ShaderFormatD3D (135)
[2018.02.28-14.58.46:244][893]LogModuleManager: Shutting down and abandoning module MetalShaderFormat (133)
[2018.02.28-14.58.46:244][893]LogModuleManager: Shutting down and abandoning module TextureFormatUncompressed (131)
[2018.02.28-14.58.46:244][893]LogModuleManager: Shutting down and abandoning module TextureFormatPVR (129)
[2018.02.28-14.58.46:244][893]LogModuleManager: Shutting down and abandoning module TextureFormatDXT (127)
[2018.02.28-14.58.46:244][893]LogModuleManager: Shutting down and abandoning module TextureFormatIntelISPCTexComp (125)
[2018.02.28-14.58.46:244][893]LogModuleManager: Shutting down and abandoning module TextureFormatASTC (123)
[2018.02.28-14.58.46:244][893]LogModuleManager: Shutting down and abandoning module ImageWrapper (122)
[2018.02.28-14.58.46:244][893]LogModuleManager: Shutting down and abandoning module TextureFormatAndroid (119)
[2018.02.28-14.58.46:245][893]LogModuleManager: Shutting down and abandoning module AudioFormatOpus (117)
[2018.02.28-14.58.46:245][893]LogModuleManager: Shutting down and abandoning module AudioFormatOgg (115)
[2018.02.28-14.58.46:245][893]LogModuleManager: Shutting down and abandoning module AudioFormatADPCM (113)
[2018.02.28-14.58.46:245][893]LogModuleManager: Shutting down and abandoning module LinuxTargetPlatform (111)
[2018.02.28-14.58.46:245][893]LogModuleManager: Shutting down and abandoning module LinuxServerTargetPlatform (109)
[2018.02.28-14.58.46:245][893]LogModuleManager: Shutting down and abandoning module LinuxNoEditorTargetPlatform (107)
[2018.02.28-14.58.46:245][893]LogModuleManager: Shutting down and abandoning module LinuxClientTargetPlatform (105)
[2018.02.28-14.58.46:245][893]LogModuleManager: Shutting down and abandoning module TVOSTargetPlatform (103)
[2018.02.28-14.58.46:245][893]LogModuleManager: Shutting down and abandoning module Messaging (101)
[2018.02.28-14.58.46:245][893]LogModuleManager: Shutting down and abandoning module IOSTargetPlatform (99)
[2018.02.28-14.58.46:245][893]LogModuleManager: Shutting down and abandoning module HTML5TargetPlatform (97)
[2018.02.28-14.58.46:245][893]LogModuleManager: Shutting down and abandoning module Android_PVRTCTargetPlatform (95)
[2018.02.28-14.58.46:245][893]LogModuleManager: Shutting down and abandoning module Android_MultiTargetPlatform (93)
[2018.02.28-14.58.46:245][893]LogModuleManager: Shutting down and abandoning module Android_ETC2TargetPlatform (91)
[2018.02.28-14.58.46:245][893]LogModuleManager: Shutting down and abandoning module Android_ETC1TargetPlatform (89)
[2018.02.28-14.58.46:245][893]LogModuleManager: Shutting down and abandoning module Android_DXTTargetPlatform (87)
[2018.02.28-14.58.46:245][893]LogModuleManager: Shutting down and abandoning module Android_ATCTargetPlatform (85)
[2018.02.28-14.58.46:245][893]LogModuleManager: Shutting down and abandoning module Android_ASTCTargetPlatform (83)
[2018.02.28-14.58.46:245][893]LogModuleManager: Shutting down and abandoning module AndroidTargetPlatform (81)
[2018.02.28-14.58.46:245][893]LogModuleManager: Shutting down and abandoning module WindowsTargetPlatform (79)
[2018.02.28-14.58.46:245][893]LogModuleManager: Shutting down and abandoning module WindowsServerTargetPlatform (77)
[2018.02.28-14.58.46:245][893]LogModuleManager: Shutting down and abandoning module WindowsNoEditorTargetPlatform (75)
[2018.02.28-14.58.46:245][893]LogModuleManager: Shutting down and abandoning module WindowsClientTargetPlatform (73)
[2018.02.28-14.58.46:245][893]LogModuleManager: Shutting down and abandoning module MacTargetPlatform (71)
[2018.02.28-14.58.46:245][893]LogModuleManager: Shutting down and abandoning module MacServerTargetPlatform (69)
[2018.02.28-14.58.46:245][893]LogModuleManager: Shutting down and abandoning module MacNoEditorTargetPlatform (67)
[2018.02.28-14.58.46:245][893]LogModuleManager: Shutting down and abandoning module MacClientTargetPlatform (65)
[2018.02.28-14.58.46:245][893]LogModuleManager: Shutting down and abandoning module AllDesktopTargetPlatform (63)
[2018.02.28-14.58.46:245][893]LogModuleManager: Shutting down and abandoning module InputCore (60)
[2018.02.28-14.58.46:245][893]LogModuleManager: Shutting down and abandoning module Settings (58)
[2018.02.28-14.58.46:245][893]LogModuleManager: Shutting down and abandoning module PhysXCooking (56)
[2018.02.28-14.58.46:245][893]LogModuleManager: Shutting down and abandoning module SteamVR (54)
[2018.02.28-14.58.46:245][893]LogModuleManager: Shutting down and abandoning module OculusHMD (52)
[2018.02.28-14.58.46:245][893]LogModuleManager: Shutting down and abandoning module ExampleDeviceProfileSelector (50)
[2018.02.28-14.58.46:245][893]LogModuleManager: Shutting down and abandoning module OnlineBlueprintSupport (48)
[2018.02.28-14.58.46:245][893]LogModuleManager: Shutting down and abandoning module OnlineSubsystem (44)
[2018.02.28-14.58.46:245][893]LogOnline: Display: Unloading online subsystem: NULL
[2018.02.28-14.58.46:245][893]LogModuleManager: Shutting down and abandoning module XMPP (43)
[2018.02.28-14.58.46:245][893]LogModuleManager: Shutting down and abandoning module HTTP (41)
[2018.02.28-14.58.46:245][893]LogHttp: Display: Http module shutting down, but needs to wait on 1 outstanding Http requests:
[2018.02.28-14.58.46:245][893]LogHttp: Display: 	verb=[POST] url=[https://datarouter.ol.epicgames.com/datarouter/api/v1/public/data?SessionID=%7B8362A7E3-457D-F6CA-E61D-75AF653FB276%7D&AppID=UEEditor.Rocket.Release&AppVersion=4.17.0-3573198%2B%2B%2BUE4%2BRelease-4.17&UserID=0b9cbc234c09b0caeff2ad9c38ff3c33%7C%7Cb3bb5595-b62c-4dc8-9233-e71661b596ea&AppEnvironment=datacollector-binary&UploadType=eteventstream] status=Processing
[2018.02.28-14.58.46:255][893]LogModuleManager: Shutting down and abandoning module SSL (40)
[2018.02.28-14.58.46:256][893]LogModuleManager: Shutting down and abandoning module AnimationModifiers (36)
[2018.02.28-14.58.46:256][893]LogModuleManager: Shutting down and abandoning module PropertyEditor (35)
[2018.02.28-14.58.46:256][893]LogModuleManager: Shutting down and abandoning module AudioEditor (32)
[2018.02.28-14.58.46:256][893]LogModuleManager: Shutting down and abandoning module TextureCompressor (30)
[2018.02.28-14.58.46:256][893]LogModuleManager: Shutting down and abandoning module ShaderCore (28)
[2018.02.28-14.58.46:256][893]LogModuleManager: Shutting down and abandoning module Landscape (26)
[2018.02.28-14.58.46:256][893]LogModuleManager: Shutting down and abandoning module SlateRHIRenderer (24)
[2018.02.28-14.58.46:257][893]LogModuleManager: Shutting down and abandoning module OpenGLDrv (22)
[2018.02.28-14.58.46:257][893]LogModuleManager: Shutting down and abandoning module D3D11RHI (20)
[2018.02.28-14.58.46:257][893]LogModuleManager: Shutting down and abandoning module AnimGraphRuntime (18)
[2018.02.28-14.58.46:257][893]LogModuleManager: Shutting down and abandoning module Renderer (16)
[2018.02.28-14.58.46:257][893]LogModuleManager: Shutting down and abandoning module Engine (14)
[2018.02.28-14.58.46:257][893]LogModuleManager: Shutting down and abandoning module CoreUObject (12)
[2018.02.28-14.58.46:257][893]LogModuleManager: Shutting down and abandoning module NetworkFile (10)
[2018.02.28-14.58.46:257][893]LogModuleManager: Shutting down and abandoning module CookedIterativeFile (8)
[2018.02.28-14.58.46:257][893]LogModuleManager: Shutting down and abandoning module StreamingFile (6)
[2018.02.28-14.58.46:257][893]LogModuleManager: Shutting down and abandoning module SandboxFile (4)
[2018.02.28-14.58.46:257][893]LogModuleManager: Shutting down and abandoning module PakFile (2)
[2018.02.28-14.58.46:260][893]LogExit: Exiting.
[2018.02.28-14.58.46:272][893]Log file closed, 02/28/18 14:58:46
