Log file open, 03/02/18 17:30:28
LogWindows: LoadLibraryWithSearchPaths failed for file aqProf.dll. GetLastError=0
LogWindows: LoadLibraryWithSearchPaths failed for file VSPerf140.dll. GetLastError=0
LogWindows: LoadLibraryWithSearchPaths failed for file VtuneApi.dll. GetLastError=0
LogWindows: LoadLibraryWithSearchPaths failed for file VtuneApi32e.dll. GetLastError=0
LogInit: Display: Running engine for game: PropNavigationGame
LogPlatformFile: Not using cached read wrapper
LogInit: Display: RandInit(2058983485) SRandInit(2058983485).
LogTaskGraph: Started task graph with 5 named threads and 14 total threads with 3 sets of task threads.
LogStats: Stats thread started at 0.171742
LogD3D11RHI: Aftermath initialized
LogPluginManager: Mounting plugin Paper2D
LogPluginManager: Mounting plugin LightPropagationVolume
LogPluginManager: Mounting plugin CodeLiteSourceCodeAccess
LogPluginManager: Mounting plugin GitSourceControl
LogPluginManager: Mounting plugin KDevelopSourceCodeAccess
LogPluginManager: Mounting plugin NullSourceCodeAccess
LogPluginManager: Mounting plugin PerforceSourceControl
LogPluginManager: Mounting plugin SubversionSourceControl
LogPluginManager: Mounting plugin UObjectPlugin
LogPluginManager: Mounting plugin VisualStudioSourceCodeAccess
LogPluginManager: Mounting plugin XCodeSourceCodeAccess
LogPluginManager: Mounting plugin AssetManagerEditor
LogPluginManager: Mounting plugin AudioCapture
LogPluginManager: Mounting plugin FacialAnimation
LogPluginManager: Mounting plugin GameplayTagsEditor
LogPluginManager: Mounting plugin MobileLauncherProfileWizard
LogPluginManager: Mounting plugin PluginBrowser
LogPluginManager: Mounting plugin SpeedTreeImporter
LogPluginManager: Mounting plugin AlembicImporter
LogPluginManager: Mounting plugin CharacterAI
LogPluginManager: Mounting plugin HTML5Networking
LogPluginManager: Mounting plugin AndroidMedia
LogPluginManager: Mounting plugin AvfMedia
LogPluginManager: Mounting plugin MediaPlayerEditor
LogPluginManager: Mounting plugin WmfMedia
LogPluginManager: Mounting plugin TcpMessaging
LogPluginManager: Mounting plugin UdpMessaging
LogPluginManager: Mounting plugin LevelSequenceEditor
LogPluginManager: Mounting plugin MatineeToLevelSequence
LogPluginManager: Mounting plugin OnlineSubsystemGooglePlay
LogPluginManager: Mounting plugin OnlineSubsystemIOS
LogPluginManager: Mounting plugin OnlineSubsystem
LogPluginManager: Mounting plugin OnlineSubsystemNull
LogPluginManager: Mounting plugin OnlineSubsystemUtils
LogPluginManager: Mounting plugin AndroidDeviceProfileSelector
LogPluginManager: Mounting plugin AndroidMoviePlayer
LogPluginManager: Mounting plugin AndroidPermission
LogPluginManager: Mounting plugin AppleMoviePlayer
LogPluginManager: Mounting plugin ArchVisCharacter
LogPluginManager: Mounting plugin CableComponent
LogPluginManager: Mounting plugin CustomMeshComponent
LogPluginManager: Mounting plugin ExampleDeviceProfileSelector
LogPluginManager: Mounting plugin GoogleCloudMessaging
LogPluginManager: Mounting plugin ImmediatePhysics
LogPluginManager: Mounting plugin IOSDeviceProfileSelector
LogPluginManager: Mounting plugin LinuxDeviceProfileSelector
LogPluginManager: Mounting plugin LocationServicesBPLibrary
LogPluginManager: Mounting plugin MobilePatchingUtils
LogPluginManager: Mounting plugin OculusVR
LogPluginManager: Mounting plugin PhysXVehicles
LogPluginManager: Mounting plugin ProceduralMeshComponent
LogPluginManager: Mounting plugin RuntimePhysXCooking
LogPluginManager: Mounting plugin SteamVR
LogPluginManager: Mounting plugin WindowsMoviePlayer
LogInit: Using libcurl 7.47.1
LogInit:  - built for x86_64-pc-win32
LogInit:  - supports SSL with OpenSSL/1.0.2g
LogInit:  - supports HTTP deflate (compression) using libz 1.2.8
LogInit:  - other features:
LogInit:      CURL_VERSION_SSL
LogInit:      CURL_VERSION_LIBZ
LogInit:      CURL_VERSION_IPV6
LogInit:      CURL_VERSION_ASYNCHDNS
LogInit:      CURL_VERSION_LARGEFILE
LogInit:      CURL_VERSION_IDN
LogInit:  CurlRequestOptions (configurable via config and command line):
LogInit:  - bVerifyPeer = false  - Libcurl will NOT verify peer certificate
LogInit:  - bUseHttpProxy = false  - Libcurl will NOT use HTTP proxy
LogInit:  - bDontReuseConnections = false  - Libcurl will reuse connections
LogInit:  - CertBundlePath = nullptr  - Libcurl will use whatever was configured at build time.
LogInit: Build: ++UE4+Release-4.17-CL-3573198
LogInit: Engine Version: 4.17.0-3573198+++UE4+Release-4.17
LogInit: Compatible Engine Version: 4.17.0-3573198+++UE4+Release-4.17
LogInit: Net CL: 3573198
LogDevObjectVersion: Number of dev versions registered: 16
LogDevObjectVersion:   Dev-Blueprints (B0D832E4-1F89-4F0D-ACCF-7EB736FD4AA2): 10
LogDevObjectVersion:   Dev-Build (E1C64328-A22C-4D53-A36C-8E866417BD8C): 0
LogDevObjectVersion:   Dev-Core (375EC13C-06E4-48FB-B500-84F0262A717E): 2
LogDevObjectVersion:   Dev-Editor (E4B068ED-F494-42E9-A231-DA0B2E46BB41): 20
LogDevObjectVersion:   Dev-Framework (CFFC743F-43B0-4480-9391-14DF171D2073): 28
LogDevObjectVersion:   Dev-Mobile (B02B49B5-BB20-44E9-A304-32B752E40360): 0
LogDevObjectVersion:   Dev-Networking (A4E4105C-59A1-49B5-A7C5-40C4547EDFEE): 0
LogDevObjectVersion:   Dev-Online (39C831C9-5AE6-47DC-9A44-9C173E1C8E7C): 0
LogDevObjectVersion:   Dev-Physics (78F01B33-EBEA-4F98-B9B4-84EACCB95AA2): 0
LogDevObjectVersion:   Dev-Platform (6631380F-2D4D-43E0-8009-CF276956A95A): 0
LogDevObjectVersion:   Dev-Rendering (12F88B9F-8875-4AFC-A67C-D90C383ABD29): 19
LogDevObjectVersion:   Dev-Sequencer (7B5AE74C-D270-4C10-A958-57980B212A5A): 4
LogDevObjectVersion:   Dev-VR (D7296918-1DD6-4BDD-9DE2-64A83CC13884): 0
LogDevObjectVersion:   Dev-LoadTimes (C2A15278-BFE7-4AFE-6C17-90FF531DF755): 1
LogDevObjectVersion:   Private-Geometry (6EACA3D4-40EC-4CC1-B786-8BED09428FC5): 1
LogDevObjectVersion:   Dev-AnimPhys (29E575DD-E0A3-4627-9D10-D276232CDCEA): 7
LogInit: Compiled (64-bit): Aug  4 2017 16:30:33
LogInit: Compiled with Visual C++: 19.00.24215.01
LogInit: Build Configuration: Development
LogInit: Branch Name: ++UE4+Release-4.17
LogInit: Command line: 
LogInit: Base directory: C:/Program Files (x86)/Epic Games/UE_4.17/Engine/Binaries/Win64/
LogInit: Installed Engine Build: 1
LogInit: Presizing for max 8388607 objects, including 0 objects not considered by GC, pre-allocating 0 bytes for permanent pool.
LogInit: Object subsystem initialized
[2018.03.02-17.30.30:226][  0]LogInit: Selected Device Profile: [Windows]
[2018.03.02-17.30.30:226][  0]LogInit: Applying CVar settings loaded from the selected device profile: [Windows]
[2018.03.02-17.30.30:282][  0]LogInit: Computer: MC11610
[2018.03.02-17.30.30:282][  0]LogInit: User: 1503395
[2018.03.02-17.30.30:282][  0]LogInit: CPU Page size=4096, Cores=4
[2018.03.02-17.30.30:282][  0]LogInit: High frequency timer resolution =3.328126 MHz
[2018.03.02-17.30.30:283][  0]LogMemory: Memory total: Physical=31.9GB (32GB approx)
[2018.03.02-17.30.30:283][  0]LogMemory: Platform Memory Stats for Windows
[2018.03.02-17.30.30:283][  0]LogMemory: Process Physical Memory: 279.63 MB used, 279.63 MB peak
[2018.03.02-17.30.30:283][  0]LogMemory: Process Virtual Memory: 282.15 MB used, 282.15 MB peak
[2018.03.02-17.30.30:283][  0]LogMemory: Physical Memory: 6176.35 MB used,  26532.02 MB free, 32708.36 MB total
[2018.03.02-17.30.30:283][  0]LogMemory: Virtual Memory: 709.63 MB used,  26532.02 MB free, 134217728.00 MB total
[2018.03.02-17.30.30:605][  0]LogInit: Using OS detected language (en-US).
[2018.03.02-17.30.30:605][  0]LogInit: Using OS detected locale (en-GB).
[2018.03.02-17.30.30:609][  0]LogTextLocalizationManager: No specific localization for 'en-US' exists, so the 'en' localization will be used.
[2018.03.02-17.30.31:281][  0]LogD3D11RHI: D3D11 adapters:
[2018.03.02-17.30.31:319][  0]LogD3D11RHI:    0. 'NVIDIA GeForce GTX 1070' (Feature Level 11_0)
[2018.03.02-17.30.31:320][  0]LogD3D11RHI:       8088/0/16354 MB DedicatedVideo/DedicatedSystem/SharedSystem, Outputs:1, VendorId:0x10de
[2018.03.02-17.30.31:322][  0]LogD3D11RHI:    1. 'Microsoft Basic Render Driver' (Feature Level 11_0)
[2018.03.02-17.30.31:322][  0]LogD3D11RHI:       0/0/16354 MB DedicatedVideo/DedicatedSystem/SharedSystem, Outputs:0, VendorId:0x1414
[2018.03.02-17.30.31:322][  0]LogD3D11RHI: Chosen D3D11 Adapter: 0
[2018.03.02-17.30.31:326][  0]LogD3D11RHI: Creating new Direct3DDevice
[2018.03.02-17.30.31:326][  0]LogD3D11RHI:     GPU DeviceId: 0x1b81 (for the marketing name, search the web for "GPU Device Id")
[2018.03.02-17.30.31:326][  0]LogWindows: EnumDisplayDevices:
[2018.03.02-17.30.31:327][  0]LogWindows:    0. 'NVIDIA GeForce GTX 1070' (P:1 D:1)
[2018.03.02-17.30.31:327][  0]LogWindows:    1. 'NVIDIA GeForce GTX 1070' (P:0 D:0)
[2018.03.02-17.30.31:327][  0]LogWindows:    2. 'NVIDIA GeForce GTX 1070' (P:0 D:0)
[2018.03.02-17.30.31:327][  0]LogWindows:    3. 'NVIDIA GeForce GTX 1070' (P:0 D:0)
[2018.03.02-17.30.31:327][  0]LogWindows: DebugString: GetVideoDriverDetailsInvalid PrimaryIsNotTheChoosenAdapter GetVideoDriverDetailsInvalid PrimaryIsNotTheChoosenAdapter GetVideoDriverDetailsInvalid PrimaryIsNotTheChoosenAdapter GetVideoDriverDetailsInvalid PrimaryIsNotTheChoosenAdapter FoundDriverCount:0 
[2018.03.02-17.30.31:327][  0]LogD3D11RHI:     Adapter Name: NVIDIA GeForce GTX 1070
[2018.03.02-17.30.31:327][  0]LogD3D11RHI:   Driver Version: Unknown (internal:Unknown, unified:Unknown)
[2018.03.02-17.30.31:327][  0]LogD3D11RHI:      Driver Date: Unknown
[2018.03.02-17.30.31:327][  0]LogRHI: Texture pool is 1361 MB (70% of 1945 MB)
[2018.03.02-17.30.31:347][  0]LogD3D11RHI: Async texture creation enabled
[2018.03.02-17.30.31:362][  0]LogD3D11RHI: GPU Timing Frequency: 1000.000000 (Debug: 2 2)
[2018.03.02-17.30.31:405][  0]LogShaderCompilers: Guid format shader working directory is 0 characters bigger than the processId version (M:/GitHub/Gameplay-Mechanics/PropNavigationGame/Intermediate/Shaders/WorkingDirectory/16596/).
[2018.03.02-17.30.31:406][  0]LogShaderCompilers: Cleaned the shader compiler working directory 'C:/Users/1503395/AppData/Local/Temp/UnrealShaderWorkingDir/7B5A2C80483454976F23CE9C8737B5BC/'.
[2018.03.02-17.30.31:406][  0]LogShaderCompilers: Display: Using Local Shader Compiler.
[2018.03.02-17.30.32:430][  0]LogTemp: Display: Loaded TP AllDesktopTargetPlatform
[2018.03.02-17.30.32:536][  0]LogTemp: Display: Loaded TP MacClientTargetPlatform
[2018.03.02-17.30.32:629][  0]LogTemp: Display: Loaded TP MacNoEditorTargetPlatform
[2018.03.02-17.30.32:725][  0]LogTemp: Display: Loaded TP MacServerTargetPlatform
[2018.03.02-17.30.32:812][  0]LogTemp: Display: Loaded TP MacTargetPlatform
[2018.03.02-17.30.32:900][  0]LogTemp: Display: Loaded TP WindowsClientTargetPlatform
[2018.03.02-17.30.32:996][  0]LogTemp: Display: Loaded TP WindowsNoEditorTargetPlatform
[2018.03.02-17.30.33:102][  0]LogTemp: Display: Loaded TP WindowsServerTargetPlatform
[2018.03.02-17.30.33:197][  0]LogTemp: Display: Loaded TP WindowsTargetPlatform
[2018.03.02-17.30.33:297][  0]LogTemp: Display: Loaded TP AndroidTargetPlatform
[2018.03.02-17.30.33:398][  0]LogTemp: Display: Loaded TP Android_ASTCTargetPlatform
[2018.03.02-17.30.33:483][  0]LogTemp: Display: Loaded TP Android_ATCTargetPlatform
[2018.03.02-17.30.33:568][  0]LogTemp: Display: Loaded TP Android_DXTTargetPlatform
[2018.03.02-17.30.33:654][  0]LogTemp: Display: Loaded TP Android_ETC1TargetPlatform
[2018.03.02-17.30.33:742][  0]LogTemp: Display: Loaded TP Android_ETC2TargetPlatform
[2018.03.02-17.30.33:911][  0]LogTemp: Display: Loaded TP Android_MultiTargetPlatform
[2018.03.02-17.30.33:911][  0]LogTemp: Display: Loaded TP Android_PVRTCTargetPlatform
[2018.03.02-17.30.33:983][  0]LogTemp: Display: Loaded TP HTML5TargetPlatform
[2018.03.02-17.30.34:130][  0]LogTemp: Display: Loaded TP IOSTargetPlatform
[2018.03.02-17.30.34:189][  0]LogTemp: Display: Loaded TP TVOSTargetPlatform
[2018.03.02-17.30.34:277][  0]LogTemp: Display: Loaded TP LinuxClientTargetPlatform
[2018.03.02-17.30.34:368][  0]LogTemp: Display: Loaded TP LinuxNoEditorTargetPlatform
[2018.03.02-17.30.34:471][  0]LogTemp: Display: Loaded TP LinuxServerTargetPlatform
[2018.03.02-17.30.34:571][  0]LogTemp: Display: Loaded TP LinuxTargetPlatform
[2018.03.02-17.30.34:571][  0]LogTargetPlatformManager: Display: Building Assets For Windows
[2018.03.02-17.30.35:467][  0]LogDerivedDataCache: Display: Max Cache Size: 512 MB
[2018.03.02-17.30.35:538][  0]LogDerivedDataCache: Loaded boot cache 0.07s 93MB C:/Users/1503395/AppData/Local/UnrealEngine/4.17/DerivedDataCache/Boot.ddc.
[2018.03.02-17.30.35:538][  0]LogDerivedDataCache: Display: Loaded Boot cache: C:/Users/1503395/AppData/Local/UnrealEngine/4.17/DerivedDataCache/Boot.ddc
[2018.03.02-17.30.35:539][  0]LogDerivedDataCache: FDerivedDataBackendGraph:  Pak pak cache file M:/GitHub/Gameplay-Mechanics/PropNavigationGame/DerivedDataCache/DDC.ddp not found, will not use a pak cache.
[2018.03.02-17.30.35:539][  0]LogDerivedDataCache: Unable to find inner node Pak for hierarchical cache Hierarchy.
[2018.03.02-17.30.35:540][  0]LogDerivedDataCache: FDerivedDataBackendGraph:  CompressedPak pak cache file M:/GitHub/Gameplay-Mechanics/PropNavigationGame/DerivedDataCache/Compressed.ddp not found, will not use a pak cache.
[2018.03.02-17.30.35:540][  0]LogDerivedDataCache: Unable to find inner node CompressedPak for hierarchical cache Hierarchy.
[2018.03.02-17.30.35:554][  0]LogDerivedDataCache: Display: Pak cache opened for reading ../../../Engine/DerivedDataCache/Compressed.ddp.
[2018.03.02-17.30.35:566][  0]LogDerivedDataCache: Using Local data cache path C:/Users/1503395/AppData/Local/UnrealEngine/Common/DerivedDataCache: Writable
[2018.03.02-17.30.35:575][  0]LogMaterial: Verifying Global Shaders for PCD3D_SM5
[2018.03.02-17.30.35:575][  0]LogSlate: Using Freetype 2.6.0
[2018.03.02-17.30.35:576][  0]LogSlate: SlateFontCache - WITH_FREETYPE: 1, WITH_HARFBUZZ: 1
[2018.03.02-17.30.35:576][  0]LogSlate: SlateFontCache - WITH_FREETYPE: 1, WITH_HARFBUZZ: 1
[2018.03.02-17.30.35:942][  0]LogAssetRegistry: FAssetRegistry took 0.0267 seconds to start up
[2018.03.02-17.30.36:139][  0]LogInit: Selected Device Profile: [Windows]
[2018.03.02-17.30.36:286][  0]LogContentStreaming: Texture pool size is 0.00 MB
[2018.03.02-17.30.36:733][  0]LogSimplygon: Simplygon DLL not present - disabling.
[2018.03.02-17.30.36:802][  0]LogMeshReduction: Using SimplygonSwarm for distributed automatic mesh merging
[2018.03.02-17.30.36:802][  0]LogMeshReduction: Using QuadricMeshReduction for automatic static mesh reduction
[2018.03.02-17.30.36:802][  0]LogMeshReduction: No automatic skeletal mesh reduction module available
[2018.03.02-17.30.36:802][  0]LogMeshReduction: No automatic mesh merging module available
[2018.03.02-17.30.36:802][  0]LogMeshMerging: No automatic mesh merging module available
[2018.03.02-17.30.37:180][  0]LogNetVersion: PropNavigationGame , NetCL: 3573198, EngineNetVer: 2, GameNetVer: 0 (Checksum: 1685960384)
[2018.03.02-17.30.37:603][  0]LogPackageLocalizationCache: Processed 5 localized package path(s) for 2 prioritized culture(s) in 0.205525 seconds
[2018.03.02-17.30.37:612][  0]LogUObjectArray: 35825 objects as part of root set at end of initial load.
[2018.03.02-17.30.37:612][  0]LogUObjectAllocator: 7529104 out of 0 bytes used by permanent object pool.
[2018.03.02-17.30.37:612][  0]LogUObjectArray: CloseDisregardForGC: 0/0 objects in disregard for GC pool
[2018.03.02-17.30.37:760][  0]LogInit: WinSock: version 1.1 (2.2), MaxSocks=32767, MaxUdp=65467
[2018.03.02-17.30.41:419][  0]LogTcpMessaging: Initializing TcpMessaging bridge
[2018.03.02-17.30.41:475][  0]LogUdpMessaging: Initializing bridge on interface 0.0.0.0:0 to multicast group 230.0.0.1:6666.
[2018.03.02-17.30.41:476][  0]LogDirectoryWatcher: A directory notification failed for 'M:/GitHub/Gameplay-Mechanics/PropNavigationGame/Content/' because it was empty or there was a buffer overflow. Attemping another request...
[2018.03.02-17.30.42:405][  0]LogStats: FPlatformStackWalk::StackWalkAndDump -  0.160 s
[2018.03.02-17.30.42:405][  0]LogOutputDevice: Error: === Handled ensure: ===
[2018.03.02-17.30.42:405][  0]LogOutputDevice: Error: 
[2018.03.02-17.30.42:405][  0]LogOutputDevice: Error: Ensure condition failed: AttachmentRules.LocationRule == EAttachmentRule::KeepRelative && AttachmentRules.RotationRule == EAttachmentRule::KeepRelative && AttachmentRules.ScaleRule == EAttachmentRule::KeepRelative [File:D:\Build\++UE4+Release-4.17+Compile\Sync\Engine\Source\Runtime\Engine\Private\Components\SceneComponent.cpp] [Line: 1672]
[2018.03.02-17.30.42:405][  0]LogOutputDevice: Error: AttachToComponent when called from a constructor is only setting up attachment and will always be treated as KeepRelative. Consider calling SetupAttachment directly instead.
[2018.03.02-17.30.42:405][  0]LogOutputDevice: Error: Stack: 
[2018.03.02-17.30.42:405][  0]LogOutputDevice: Error: UE4Editor-Core.dll!0x0000000068B735F6
[2018.03.02-17.30.42:405][  0]LogOutputDevice: Error: UE4Editor-Core.dll!0x00000000688FC2C2
[2018.03.02-17.30.42:405][  0]LogOutputDevice: Error: UE4Editor-Core.dll!0x0000000068914736
[2018.03.02-17.30.42:405][  0]LogOutputDevice: Error: UE4Editor-Engine.dll!0x0000000065802438
[2018.03.02-17.30.42:405][  0]LogOutputDevice: Error: UE4Editor-PropNavigationGame-5718.dll!APlayerShip::APlayerShip() [m:\github\gameplay-mechanics\propnavigationgame\source\propnavigationgame\playership.cpp:23]
[2018.03.02-17.30.42:405][  0]LogOutputDevice: Error: UE4Editor-CoreUObject.dll!0x000000006E33A442
[2018.03.02-17.30.42:405][  0]LogOutputDevice: Error: UE4Editor-CoreUObject.dll!0x000000006E5A324B
[2018.03.02-17.30.42:405][  0]LogOutputDevice: Error: UE4Editor-CoreUObject.dll!0x000000006E586C73
[2018.03.02-17.30.42:405][  0]LogOutputDevice: Error: UE4Editor-CoreUObject.dll!0x000000006E33C157
[2018.03.02-17.30.42:405][  0]LogOutputDevice: Error: UE4Editor-Core.dll!0x0000000068798210
[2018.03.02-17.30.42:405][  0]LogOutputDevice: Error: UE4Editor-Core.dll!0x00000000689E68C0
[2018.03.02-17.30.42:405][  0]LogOutputDevice: Error: UE4Editor-Projects.dll!0x000000007C5AE06D
[2018.03.02-17.30.42:405][  0]LogOutputDevice: Error: UE4Editor-Projects.dll!0x000000007C5AE37E
[2018.03.02-17.30.42:405][  0]LogOutputDevice: Error: UE4Editor.exe!0x00000000B05164B1
[2018.03.02-17.30.42:405][  0]LogOutputDevice: Error: UE4Editor.exe!0x00000000B051A7BD
[2018.03.02-17.30.42:405][  0]LogOutputDevice: Error: UE4Editor.exe!0x00000000B051379A
[2018.03.02-17.30.42:405][  0]LogOutputDevice: Error: UE4Editor.exe!0x00000000B05139EA
[2018.03.02-17.30.42:405][  0]LogOutputDevice: Error: UE4Editor.exe!0x00000000B05202D9
[2018.03.02-17.30.42:405][  0]LogOutputDevice: Error: UE4Editor.exe!0x00000000B0521C47
[2018.03.02-17.30.42:405][  0]LogOutputDevice: Error: KERNEL32.DLL!0x0000000096631FE4
[2018.03.02-17.30.42:405][  0]LogOutputDevice: Error: ntdll.dll!0x0000000097BAEF91
[2018.03.02-17.30.42:405][  0]LogOutputDevice: Error: 
[2018.03.02-17.30.42:407][  0]LogStats:                SubmitErrorReport -  0.000 s
[2018.03.02-17.30.43:308][  0]LogStats:                    SendNewReport -  0.901 s
[2018.03.02-17.30.43:308][  0]LogStats:             FDebug::EnsureFailed -  1.062 s
[2018.03.02-17.30.43:743][  0]LogMaterial: Uniform references updated for custom material expression Custom.
[2018.03.02-17.30.44:491][  0]SourceControl: Source control is disabled
[2018.03.02-17.30.44:491][  0]SourceControl: Source control is disabled
[2018.03.02-17.30.44:581][  0]SourceControl: Source control is disabled
[2018.03.02-17.30.44:669][  0]SourceControl: Source control is disabled
[2018.03.02-17.30.45:720][  0]LogAndroidPermission: UAndroidPermissionCallbackProxy::GetInstance
[2018.03.02-17.30.46:138][  0]LogOcInput: OculusInput pre-init called
[2018.03.02-17.30.46:584][  0]LogEngine: Initializing Engine...
[2018.03.02-17.30.46:586][  0]LogHMD: Failed to initialize OpenVR with code 110
[2018.03.02-17.30.46:785][  0]LogStats: UGameplayTagsManager::ConstructGameplayTagTree: Construct from data asset -  0.000 s
[2018.03.02-17.30.46:785][  0]LogStats: UGameplayTagsManager::ConstructGameplayTagTree: GameplayTagTreeChangedEvent.Broadcast -  0.000 s
[2018.03.02-17.30.47:004][  0]LogAIModule: Creating AISystem for world Untitled
[2018.03.02-17.30.47:011][  0]LogInit: XAudio2 using 'Speakers (Realtek High Definition Audio)' : 2 channels at 48 kHz using 32 bits per sample (channel mask 0x3)
[2018.03.02-17.30.47:061][  0]LogInit: FAudioDevice initialized.
[2018.03.02-17.30.47:160][  0]LogDerivedDataCache: Saved boot cache 0.10s 93MB C:/Users/1503395/AppData/Local/UnrealEngine/4.17/DerivedDataCache/Boot.ddc.
[2018.03.02-17.30.47:169][  0]LogInit: Texture streaming: Enabled
[2018.03.02-17.30.47:392][  0]LogEngineSessionManager: EngineSessionManager initialized
[2018.03.02-17.30.47:826][  0]LogInit: Transaction tracking system initialized
[2018.03.02-17.30.48:440][  0]BlueprintLog: New page: Editor Load
[2018.03.02-17.30.50:155][  0]LocalizationService: Localization service is disabled
[2018.03.02-17.30.51:472][  0]LogConsoleResponse: Display: 
[2018.03.02-17.30.51:678][  0]LogCook: Display: Max memory allowance for cook 16384mb min free memory 0mb
[2018.03.02-17.30.51:678][  0]LogCook: Display: Mobile HDR setting 1
[2018.03.02-17.30.51:678][  0]LogGameplayTags: Display: UGameplayTagsManager::DoneAddingNativeTags. DelegateIsBound: 0
[2018.03.02-17.30.52:369][  0]LogFileCache: Scanning file cache for directory 'M:/GitHub/Gameplay-Mechanics/PropNavigationGame/Content/' took 0.02s
[2018.03.02-17.30.53:523][  0]SourceControl: Source control is disabled
[2018.03.02-17.30.53:523][  0]Cmd: MAP LOAD FILE="M:/GitHub/Gameplay-Mechanics/PropNavigationGame/Content/StarterContent/Maps/Minimal_Default.umap" TEMPLATE=0 SHOWPROGRESS=1 FEATURELEVEL=3
[2018.03.02-17.30.53:527][  0]LightingResults: New page: Lighting Build
[2018.03.02-17.30.53:612][  0]MapCheck: New page: Map Check
[2018.03.02-17.30.53:612][  0]LightingResults: New page: Lighting Build
[2018.03.02-17.30.53:843][  0]LogLinker: Warning: Can't find file '/Game/StarterContent/lambert1'
[2018.03.02-17.30.53:844][  0]LogLinker: Warning: Can't find file for asset '/Game/StarterContent/lambert1' while loading M:/GitHub/Gameplay-Mechanics/PropNavigationGame/Content/StarterContent/Excelsior.uasset.
[2018.03.02-17.30.53:844][  0]LoadErrors: Error: /Game/StarterContent/Excelsior : Can't find file for asset. /Game/StarterContent/lambert1
[2018.03.02-17.30.53:844][  0]LogLinker: Warning: Can't find file '/Game/StarterContent/Excelsior_PhysicsAsset'
[2018.03.02-17.30.53:845][  0]LogLinker: Warning: Can't find file for asset '/Game/StarterContent/Excelsior_PhysicsAsset' while loading M:/GitHub/Gameplay-Mechanics/PropNavigationGame/Content/StarterContent/Excelsior.uasset.
[2018.03.02-17.30.53:845][  0]LoadErrors: Error: /Game/StarterContent/Excelsior : Can't find file for asset. /Game/StarterContent/Excelsior_PhysicsAsset
[2018.03.02-17.30.53:849][  0]LogLinker: Warning: Can't find file '/Game/StarterContent/lambert1'
[2018.03.02-17.30.53:850][  0]LogLinker: Warning: Can't find file for asset '/Game/StarterContent/lambert1' while loading M:/GitHub/Gameplay-Mechanics/PropNavigationGame/Content/StarterContent/Excelsior.uasset.
[2018.03.02-17.30.53:850][  0]LoadErrors: Error: /Game/StarterContent/Excelsior : Can't find file for asset. /Game/StarterContent/lambert1
[2018.03.02-17.30.53:850][  0]LogLinker: Warning: Can't find file '/Game/StarterContent/Excelsior_PhysicsAsset'
[2018.03.02-17.30.53:851][  0]LogLinker: Warning: Can't find file for asset '/Game/StarterContent/Excelsior_PhysicsAsset' while loading M:/GitHub/Gameplay-Mechanics/PropNavigationGame/Content/StarterContent/Excelsior.uasset.
[2018.03.02-17.30.53:851][  0]LoadErrors: Error: /Game/StarterContent/Excelsior : Can't find file for asset. /Game/StarterContent/Excelsior_PhysicsAsset
[2018.03.02-17.30.53:872][  0]LogLinker: Warning: Can't find file '/Game/StarterContent/Excelsior_PhysicsAsset'
[2018.03.02-17.30.53:872][  0]LoadErrors: Failed to load /Game/StarterContent/Excelsior_PhysicsAsset.Excelsior_PhysicsAsset Referenced by Excelsior
[2018.03.02-17.30.53:872][  0]LogLinker: Warning: Can't find file for asset '/Game/StarterContent/Excelsior_PhysicsAsset' while loading NULL.
[2018.03.02-17.30.53:872][  0]LoadErrors: Failed to load /Game/StarterContent/Excelsior_PhysicsAsset.Excelsior_PhysicsAsset Referenced by Excelsior
[2018.03.02-17.30.53:873][  0]LogLinker: Warning: Can't find file '/Game/StarterContent/lambert1'
[2018.03.02-17.30.53:873][  0]LoadErrors: Failed to load /Game/StarterContent/lambert1.lambert1 Referenced by Excelsior
[2018.03.02-17.30.53:873][  0]LogLinker: Warning: Can't find file for asset '/Game/StarterContent/lambert1' while loading NULL.
[2018.03.02-17.30.53:874][  0]LoadErrors: Failed to load /Game/StarterContent/lambert1.lambert1 Referenced by Excelsior
[2018.03.02-17.30.53:971][  0]LogAIModule: Creating AISystem for world Minimal_Default
[2018.03.02-17.30.53:976][  0]LogEditorServer: Finished looking for orphan Actors (0.000 secs)
[2018.03.02-17.30.53:985][  0]Cmd: MAP CHECKDEP NOCLEARLOG
[2018.03.02-17.30.54:056][  0]MapCheck: Map check complete: 0 Error(s), 0 Warning(s), took 71.39ms to complete.
[2018.03.02-17.30.54:056][  0]LogFileHelpers: Loading map 'Minimal_Default' took 0.533
[2018.03.02-17.30.54:129][  0]LogWindowsTextInputMethodSystem: Display: IME system now deactivated.
[2018.03.02-17.30.54:264][  0]LogCollectionManager: Loaded 0 collections in 0.001707 seconds
[2018.03.02-17.30.54:387][  0]LogFileCache: Scanning file cache for directory 'M:/GitHub/Gameplay-Mechanics/PropNavigationGame/Saved/Collections/' took 0.01s
[2018.03.02-17.30.54:387][  0]LogFileCache: Scanning file cache for directory 'M:/GitHub/Gameplay-Mechanics/PropNavigationGame/Content/Developers/1503395/Collections/' took 0.01s
[2018.03.02-17.30.54:387][  0]LogFileCache: Scanning file cache for directory 'M:/GitHub/Gameplay-Mechanics/PropNavigationGame/Content/Collections/' took 0.01s
[2018.03.02-17.30.54:387][  0]LogCollectionManager: Rebuilt the GUID cache for 0 collections in 0.000001 seconds
[2018.03.02-17.30.54:398][  0]LogContentBrowser: Native class hierarchy populated in 0.0113 seconds. Added 2393 classes and 502 folders.
[2018.03.02-17.30.54:519][  0]LogContentBrowser: Native class hierarchy updated for 'WidgetCarousel' in 0.0026 seconds. Added 0 classes and 0 folders.
[2018.03.02-17.30.54:567][  0]LogContentBrowser: Native class hierarchy updated for 'AddContentDialog' in 0.0038 seconds. Added 0 classes and 0 folders.
[2018.03.02-17.30.54:640][  0]LogContentBrowser: Native class hierarchy updated for 'SceneOutliner' in 0.0027 seconds. Added 1 classes and 2 folders.
[2018.03.02-17.30.54:695][  0]LogSlate: Took 0.000234 seconds to synchronously load lazily loaded font '../../../Engine/Content/Slate/Fonts/Roboto-Regular.ttf' (155K)
[2018.03.02-17.30.54:697][  0]LogSlate: Took 0.000317 seconds to synchronously load lazily loaded font '../../../Engine/Content/Slate/Fonts/Roboto-Bold.ttf' (160K)
[2018.03.02-17.30.54:704][  0]LogSlate: Took 0.000216 seconds to synchronously load lazily loaded font '../../../Engine/Content/Editor/Slate/Fonts/FontAwesome.ttf' (139K)
[2018.03.02-17.30.54:792][  0]LogRenderer: Reallocating scene render targets to support 1208x576 Format 10 NumSamples 1 (Frame:1).
[2018.03.02-17.30.54:979][  0]LogContentBrowser: Native class hierarchy updated for 'HierarchicalLODOutliner' in 0.0028 seconds. Added 1 classes and 2 folders.
[2018.03.02-17.30.54:979][  0]LogLoad: (Engine Initialization) Total time: 27.98 seconds
[2018.03.02-17.30.54:979][  0]LogLoad: (Engine Initialization) Total Blueprint compile time: 0.00 seconds
[2018.03.02-17.30.54:979][  0]LogExternalProfiler: No external profilers were discovered.  External profiling features will not be available.
[2018.03.02-17.30.55:003][  0]LogAssetRegistry: Asset discovery search completed in 19.0841 seconds
[2018.03.02-17.30.55:005][  0]LogCollectionManager: Rebuilt the object cache for 0 collections in 0.000000 seconds (found 0 objects)
[2018.03.02-17.30.55:005][  0]LogCollectionManager: Fixed up redirectors for 0 collections in 0.000036 seconds (updated 0 objects)
[2018.03.02-17.30.55:005][  0]LogDirectoryWatcher: A directory notification failed for 'M:/GitHub/Gameplay-Mechanics/PropNavigationGame/Content/' because it was empty or there was a buffer overflow. Attemping another request...
[2018.03.02-17.30.55:006][  0]LogDirectoryWatcher: A directory notification failed for 'M:/GitHub/Gameplay-Mechanics/PropNavigationGame/Content/', and we were unable to create a new request.
[2018.03.02-17.30.55:006][  0]LogDirectoryWatcher: A directory notification failed for 'M:/GitHub/Gameplay-Mechanics/PropNavigationGame/Binaries/Win64' because it was empty or there was a buffer overflow. Attemping another request...
[2018.03.02-17.30.55:006][  0]LogDirectoryWatcher: A directory notification failed for 'M:/GitHub/Gameplay-Mechanics/PropNavigationGame/Saved/Collections/' because it was empty or there was a buffer overflow. Attemping another request...
[2018.03.02-17.30.55:006][  0]LogDirectoryWatcher: A directory notification failed for 'M:/GitHub/Gameplay-Mechanics/PropNavigationGame/Content/Developers/1503395/Collections/' because it was empty or there was a buffer overflow. Attemping another request...
[2018.03.02-17.30.55:006][  0]LogDirectoryWatcher: A directory notification failed for 'M:/GitHub/Gameplay-Mechanics/PropNavigationGame/Content/Collections/' because it was empty or there was a buffer overflow. Attemping another request...
[2018.03.02-17.30.55:008][  0]LogContentStreaming: Texture pool size now 1000 MB
[2018.03.02-17.30.55:055][  0]LogSlate: Took 0.000265 seconds to synchronously load lazily loaded font '../../../Engine/Content/Slate/Fonts/Roboto-Light.ttf' (159K)
[2018.03.02-17.30.55:101][  1]LogDirectoryWatcher: A directory notification failed for 'M:/GitHub/Gameplay-Mechanics/PropNavigationGame/Binaries/Win64' because it was empty or there was a buffer overflow. Attemping another request...
[2018.03.02-17.30.55:102][  1]LogDirectoryWatcher: A directory notification failed for 'M:/GitHub/Gameplay-Mechanics/PropNavigationGame/Binaries/Win64', and we were unable to create a new request.
[2018.03.02-17.30.55:102][  1]LogDirectoryWatcher: A directory notification failed for 'M:/GitHub/Gameplay-Mechanics/PropNavigationGame/Saved/Collections/' because it was empty or there was a buffer overflow. Attemping another request...
[2018.03.02-17.30.55:102][  1]LogDirectoryWatcher: A directory notification failed for 'M:/GitHub/Gameplay-Mechanics/PropNavigationGame/Saved/Collections/', and we were unable to create a new request.
[2018.03.02-17.30.55:102][  1]LogDirectoryWatcher: A directory notification failed for 'M:/GitHub/Gameplay-Mechanics/PropNavigationGame/Content/Developers/1503395/Collections/' because it was empty or there was a buffer overflow. Attemping another request...
[2018.03.02-17.30.55:103][  1]LogDirectoryWatcher: A directory notification failed for 'M:/GitHub/Gameplay-Mechanics/PropNavigationGame/Content/Developers/1503395/Collections/', and we were unable to create a new request.
[2018.03.02-17.30.55:103][  1]LogDirectoryWatcher: A directory notification failed for 'M:/GitHub/Gameplay-Mechanics/PropNavigationGame/Content/Collections/' because it was empty or there was a buffer overflow. Attemping another request...
[2018.03.02-17.30.55:103][  1]LogDirectoryWatcher: A directory notification failed for 'M:/GitHub/Gameplay-Mechanics/PropNavigationGame/Content/Collections/', and we were unable to create a new request.
[2018.03.02-17.31.10:582][249]LogSlate: Took 0.000360 seconds to synchronously load lazily loaded font '../../../Engine/Content/Editor/Slate/Fonts/Roboto-Italic.ttf' (157K)
[2018.03.02-17.31.19:100][964]Candidate modules for hot reload:
[2018.03.02-17.31.19:101][964]  PropNavigationGame
[2018.03.02-17.31.19:101][964]Launching UnrealBuildTool... [C:/Program Files (x86)/Epic Games/UE_4.17/Engine/Binaries/DotNET/UnrealBuildTool.exe PropNavigationGame -ModuleWithSuffix PropNavigationGame 9652 Win64 Development -editorrecompile -canskiplink "M:/GitHub/Gameplay-Mechanics/PropNavigationGame/PropNavigationGame.uproject" ]
[2018.03.02-17.31.19:103][964]Warning: Starting HotReload took  0.0s.
[2018.03.02-17.31.39:825][229]CompilerResultsLog: New page: Compilation - 2 Mar 2018 17:31:39
[2018.03.02-17.31.39:825][229]CompilerResultsLog: Compiling game modules for hot reload
[2018.03.02-17.31.39:825][229]CompilerResultsLog: Parsing headers for PropNavigationGameEditor
[2018.03.02-17.31.39:825][229]CompilerResultsLog:   Running UnrealHeaderTool "M:\GitHub\Gameplay-Mechanics\PropNavigationGame\PropNavigationGame.uproject" "M:\GitHub\Gameplay-Mechanics\PropNavigationGame\Intermediate\Build\Win64\PropNavigationGameEditor\Development\PropNavigationGameEditor.uhtmanifest" -LogCmds="loginit warning, logexit warning, logdatabase error" -Unattended -WarningsAsErrors -installed
[2018.03.02-17.31.39:825][229]CompilerResultsLog: Reflection code generated for PropNavigationGameEditor in 9.5670815 seconds
[2018.03.02-17.31.39:825][229]CompilerResultsLog: Performing 3 actions (4 in parallel)
[2018.03.02-17.31.39:825][229]CompilerResultsLog: PhaserComponent.cpp
[2018.03.02-17.31.39:825][229]CompilerResultsLog: [2/3] Link UE4Editor-PropNavigationGame-9652.dll
[2018.03.02-17.31.39:825][229]CompilerResultsLog: [3/3] Link UE4Editor-PropNavigationGame-9652.lib
[2018.03.02-17.31.39:825][229]CompilerResultsLog:    Creating library M:\GitHub\Gameplay-Mechanics\PropNavigationGame\Intermediate\Build\Win64\UE4Editor\Development\UE4Editor-PropNavigationGame-9652.lib and object M:\GitHub\Gameplay-Mechanics\PropNavigationGame\Intermediate\Build\Win64\UE4Editor\Development\UE4Editor-PropNavigationGame-9652.exp
[2018.03.02-17.31.39:825][229]CompilerResultsLog:    Creating library M:\GitHub\Gameplay-Mechanics\PropNavigationGame\Intermediate\Build\Win64\UE4Editor\Development\UE4Editor-PropNavigationGame-9652.suppressed.lib and object M:\GitHub\Gameplay-Mechanics\PropNavigationGame\Intermediate\Build\Win64\UE4Editor\Development\UE4Editor-PropNavigationGame-9652.suppressed.exp
[2018.03.02-17.31.39:825][229]CompilerResultsLog: Total build time: 20.22 seconds (Local executor: 3.27 seconds)
[2018.03.02-17.31.39:825][229]LogMainFrame: MainFrame: Module compiling took 20.731 seconds
[2018.03.02-17.31.40:116][229]LogContentBrowser: Native class hierarchy updated for 'PropNavigationGame' in 0.0034 seconds. Added 7 classes and 2 folders.
[2018.03.02-17.31.40:117][229]Display: HotReload successful (0 functions remapped  0 scriptstructs remapped)
[2018.03.02-17.31.40:189][229]LogContentBrowser: Native class hierarchy populated in 0.0133 seconds. Added 2395 classes and 506 folders.
[2018.03.02-17.31.40:189][229]Display: HotReload took 21.1s.
[2018.03.02-17.32.01:294][368]Candidate modules for hot reload:
[2018.03.02-17.32.01:294][368]  PropNavigationGame
[2018.03.02-17.32.01:294][368]Launching UnrealBuildTool... [C:/Program Files (x86)/Epic Games/UE_4.17/Engine/Binaries/DotNET/UnrealBuildTool.exe PropNavigationGame -ModuleWithSuffix PropNavigationGame 1905 Win64 Development -editorrecompile -canskiplink "M:/GitHub/Gameplay-Mechanics/PropNavigationGame/PropNavigationGame.uproject" ]
[2018.03.02-17.32.01:296][368]Warning: Starting HotReload took  0.0s.
[2018.03.02-17.32.21:536][676]CompilerResultsLog: New page: Compilation - 2 Mar 2018 17:32:21
[2018.03.02-17.32.21:536][676]CompilerResultsLog: Compiling game modules for hot reload
[2018.03.02-17.32.21:536][676]CompilerResultsLog: Parsing headers for PropNavigationGameEditor
[2018.03.02-17.32.21:536][676]CompilerResultsLog:   Running UnrealHeaderTool "M:\GitHub\Gameplay-Mechanics\PropNavigationGame\PropNavigationGame.uproject" "M:\GitHub\Gameplay-Mechanics\PropNavigationGame\Intermediate\Build\Win64\PropNavigationGameEditor\Development\PropNavigationGameEditor.uhtmanifest" -LogCmds="loginit warning, logexit warning, logdatabase error" -Unattended -WarningsAsErrors -installed
[2018.03.02-17.32.21:536][676]CompilerResultsLog: Reflection code generated for PropNavigationGameEditor in 9.29328 seconds
[2018.03.02-17.32.21:536][676]CompilerResultsLog: Performing 3 actions (4 in parallel)
[2018.03.02-17.32.21:536][676]CompilerResultsLog: PhaserComponent.cpp
[2018.03.02-17.32.21:536][676]CompilerResultsLog: [2/3] Link UE4Editor-PropNavigationGame-1905.dll
[2018.03.02-17.32.21:536][676]CompilerResultsLog: [3/3] Link UE4Editor-PropNavigationGame-1905.lib
[2018.03.02-17.32.21:536][676]CompilerResultsLog:    Creating library M:\GitHub\Gameplay-Mechanics\PropNavigationGame\Intermediate\Build\Win64\UE4Editor\Development\UE4Editor-PropNavigationGame-1905.lib and object M:\GitHub\Gameplay-Mechanics\PropNavigationGame\Intermediate\Build\Win64\UE4Editor\Development\UE4Editor-PropNavigationGame-1905.exp
[2018.03.02-17.32.21:536][676]CompilerResultsLog:    Creating library M:\GitHub\Gameplay-Mechanics\PropNavigationGame\Intermediate\Build\Win64\UE4Editor\Development\UE4Editor-PropNavigationGame-1905.suppressed.lib and object M:\GitHub\Gameplay-Mechanics\PropNavigationGame\Intermediate\Build\Win64\UE4Editor\Development\UE4Editor-PropNavigationGame-1905.suppressed.exp
[2018.03.02-17.32.21:536][676]CompilerResultsLog: Total build time: 20.03 seconds (Local executor: 3.16 seconds)
[2018.03.02-17.32.21:536][676]LogMainFrame: MainFrame: Module compiling took 20.245 seconds
[2018.03.02-17.32.21:780][676]LogContentBrowser: Native class hierarchy updated for 'PropNavigationGame' in 0.0115 seconds. Added 7 classes and 2 folders.
[2018.03.02-17.32.21:781][676]Display: HotReload successful (0 functions remapped  0 scriptstructs remapped)
[2018.03.02-17.32.21:820][676]LogContentBrowser: Native class hierarchy populated in 0.0185 seconds. Added 2395 classes and 506 folders.
[2018.03.02-17.32.21:820][676]Display: HotReload took 20.5s.
[2018.03.02-17.32.22:586][758]LogTemp: Repeating last play command: Selected Viewport
[2018.03.02-17.32.22:692][758]LogBlueprintUserMessages: Early PlayInEditor Detection: Level '/Game/StarterContent/Maps/Minimal_Default.Minimal_Default:PersistentLevel' has LevelScriptBlueprint '/Game/StarterContent/Maps/Minimal_Default.Minimal_Default:PersistentLevel.Minimal_Default' with GeneratedClass '/Game/StarterContent/Maps/Minimal_Default.Minimal_Default_C' with ClassGeneratedBy '/Game/StarterContent/Maps/Minimal_Default.Minimal_Default:PersistentLevel.Minimal_Default'
[2018.03.02-17.32.22:692][758]LogPlayLevel: PlayLevel: No blueprints needed recompiling
[2018.03.02-17.32.22:693][758]PIE: New page: PIE session: Minimal_Default (2 Mar 2018 17:32:22)
[2018.03.02-17.32.22:693][758]LogPlayLevel: Creating play world package: /Game/StarterContent/Maps/UEDPIE_0_Minimal_Default
[2018.03.02-17.32.22:701][758]LogPlayLevel: PIE: StaticDuplicateObject took: (0.008450s)
[2018.03.02-17.32.22:703][758]LogAIModule: Creating AISystem for world Minimal_Default
[2018.03.02-17.32.22:703][758]LogPlayLevel: PIE: World Init took: (0.001961s)
[2018.03.02-17.32.22:704][758]LogPlayLevel: PIE: Created PIE world by copying editor world from /Game/StarterContent/Maps/Minimal_Default.Minimal_Default to /Game/StarterContent/Maps/UEDPIE_0_Minimal_Default.Minimal_Default (0.010806s)
[2018.03.02-17.32.22:749][758]LogInit: XAudio2 using 'Speakers (Realtek High Definition Audio)' : 2 channels at 48 kHz using 32 bits per sample (channel mask 0x3)
[2018.03.02-17.32.22:809][758]LogInit: FAudioDevice initialized.
[2018.03.02-17.32.22:852][758]LogLoad: Game class is 'GameModeBase'
[2018.03.02-17.32.22:858][758]LogWorld: Bringing World /Game/StarterContent/Maps/UEDPIE_0_Minimal_Default.Minimal_Default up for play (max tick rate 0) at 2018.03.02-17.32.22
[2018.03.02-17.32.22:858][758]LogWorld: Bringing up level for play took: 0.003095
[2018.03.02-17.32.22:967][758]LogContentBrowser: Native class hierarchy updated for 'MovieSceneCapture' in 0.0127 seconds. Added 11 classes and 0 folders.
[2018.03.02-17.32.22:968][758]PIE: Play in editor start time for /Game/StarterContent/Maps/UEDPIE_0_Minimal_Default 1.256
[2018.03.02-17.32.22:968][758]LogBlueprintUserMessages: Late PlayInEditor Detection: Level '/Game/StarterContent/Maps/Minimal_Default.Minimal_Default:PersistentLevel' has LevelScriptBlueprint '/Game/StarterContent/Maps/Minimal_Default.Minimal_Default:PersistentLevel.Minimal_Default' with GeneratedClass '/Game/StarterContent/Maps/Minimal_Default.Minimal_Default_C' with ClassGeneratedBy '/Game/StarterContent/Maps/Minimal_Default.Minimal_Default:PersistentLevel.Minimal_Default'
[2018.03.02-17.32.37:636][514]LogBlueprintUserMessages: Early EndPlayMap Detection: Level '/Game/StarterContent/Maps/Minimal_Default.Minimal_Default:PersistentLevel' has LevelScriptBlueprint '/Game/StarterContent/Maps/Minimal_Default.Minimal_Default:PersistentLevel.Minimal_Default' with GeneratedClass '/Game/StarterContent/Maps/Minimal_Default.Minimal_Default_C' with ClassGeneratedBy '/Game/StarterContent/Maps/Minimal_Default.Minimal_Default:PersistentLevel.Minimal_Default'
[2018.03.02-17.32.37:707][514]LogBlueprintUserMessages: Late EndPlayMap Detection: Level '/Game/StarterContent/Maps/Minimal_Default.Minimal_Default:PersistentLevel' has LevelScriptBlueprint '/Game/StarterContent/Maps/Minimal_Default.Minimal_Default:PersistentLevel.Minimal_Default' with GeneratedClass '/Game/StarterContent/Maps/Minimal_Default.Minimal_Default_C' with ClassGeneratedBy '/Game/StarterContent/Maps/Minimal_Default.Minimal_Default:PersistentLevel.Minimal_Default'
[2018.03.02-17.33.35:498][ 84]Candidate modules for hot reload:
[2018.03.02-17.33.35:498][ 84]  PropNavigationGame
[2018.03.02-17.33.35:499][ 84]Launching UnrealBuildTool... [C:/Program Files (x86)/Epic Games/UE_4.17/Engine/Binaries/DotNET/UnrealBuildTool.exe PropNavigationGame -ModuleWithSuffix PropNavigationGame 3391 Win64 Development -editorrecompile -canskiplink "M:/GitHub/Gameplay-Mechanics/PropNavigationGame/PropNavigationGame.uproject" ]
[2018.03.02-17.33.35:500][ 84]Warning: Starting HotReload took  0.0s.
[2018.03.02-17.33.53:456][631]CompilerResultsLog: New page: Compilation - 2 Mar 2018 17:33:53
[2018.03.02-17.33.53:456][631]CompilerResultsLog: Compiling game modules for hot reload
[2018.03.02-17.33.53:456][631]CompilerResultsLog: Parsing headers for PropNavigationGameEditor
[2018.03.02-17.33.53:456][631]CompilerResultsLog:   Running UnrealHeaderTool "M:\GitHub\Gameplay-Mechanics\PropNavigationGame\PropNavigationGame.uproject" "M:\GitHub\Gameplay-Mechanics\PropNavigationGame\Intermediate\Build\Win64\PropNavigationGameEditor\Development\PropNavigationGameEditor.uhtmanifest" -LogCmds="loginit warning, logexit warning, logdatabase error" -Unattended -WarningsAsErrors -installed
[2018.03.02-17.33.53:456][631]CompilerResultsLog: Reflection code generated for PropNavigationGameEditor in 7.9936294 seconds
[2018.03.02-17.33.53:456][631]CompilerResultsLog: Performing 4 actions (4 in parallel)
[2018.03.02-17.33.53:456][631]CompilerResultsLog: PlayerShip.gen.cpp
[2018.03.02-17.33.53:456][631]CompilerResultsLog: PlayerShip.cpp
[2018.03.02-17.33.53:456][631]CompilerResultsLog: [3/4] Link UE4Editor-PropNavigationGame-3391.dll
[2018.03.02-17.33.53:456][631]CompilerResultsLog: [4/4] Link UE4Editor-PropNavigationGame-3391.lib
[2018.03.02-17.33.53:456][631]CompilerResultsLog:    Creating library M:\GitHub\Gameplay-Mechanics\PropNavigationGame\Intermediate\Build\Win64\UE4Editor\Development\UE4Editor-PropNavigationGame-3391.lib and object M:\GitHub\Gameplay-Mechanics\PropNavigationGame\Intermediate\Build\Win64\UE4Editor\Development\UE4Editor-PropNavigationGame-3391.exp
[2018.03.02-17.33.53:456][631]CompilerResultsLog:    Creating library M:\GitHub\Gameplay-Mechanics\PropNavigationGame\Intermediate\Build\Win64\UE4Editor\Development\UE4Editor-PropNavigationGame-3391.suppressed.lib and object M:\GitHub\Gameplay-Mechanics\PropNavigationGame\Intermediate\Build\Win64\UE4Editor\Development\UE4Editor-PropNavigationGame-3391.suppressed.exp
[2018.03.02-17.33.53:456][631]CompilerResultsLog: Total build time: 17.73 seconds (Local executor: 3.06 seconds)
[2018.03.02-17.33.53:456][631]LogMainFrame: MainFrame: Module compiling took 17.962 seconds
[2018.03.02-17.33.53:721][631]LogClass: Could not find existing class PlayerShip in package /Script/PropNavigationGame for HotReload, assuming new class
[2018.03.02-17.33.53:725][631]LogHotReload: Re-instancing PlayerShip after hot-reload.
[2018.03.02-17.33.53:867][631]LogContentBrowser: Native class hierarchy updated for 'PropNavigationGame' in 0.0141 seconds. Added 7 classes and 2 folders.
[2018.03.02-17.33.53:869][631]Display: HotReload successful (0 functions remapped  0 scriptstructs remapped)
[2018.03.02-17.33.53:905][631]LogContentBrowser: Native class hierarchy populated in 0.0189 seconds. Added 2395 classes and 506 folders.
[2018.03.02-17.33.53:905][631]Display: HotReload took 18.4s.
[2018.03.02-17.33.54:934][747]LogTemp: Repeating last play command: Selected Viewport
[2018.03.02-17.33.54:951][747]LogBlueprintUserMessages: Early PlayInEditor Detection: Level '/Game/StarterContent/Maps/Minimal_Default.Minimal_Default:PersistentLevel' has LevelScriptBlueprint '/Game/StarterContent/Maps/Minimal_Default.Minimal_Default:PersistentLevel.Minimal_Default' with GeneratedClass '/Game/StarterContent/Maps/Minimal_Default.Minimal_Default_C' with ClassGeneratedBy '/Game/StarterContent/Maps/Minimal_Default.Minimal_Default:PersistentLevel.Minimal_Default'
[2018.03.02-17.33.54:951][747]LogPlayLevel: PlayLevel: No blueprints needed recompiling
[2018.03.02-17.33.54:951][747]PIE: New page: PIE session: Minimal_Default (2 Mar 2018 17:33:54)
[2018.03.02-17.33.54:951][747]LogPlayLevel: Creating play world package: /Game/StarterContent/Maps/UEDPIE_0_Minimal_Default
[2018.03.02-17.33.54:955][747]LogPlayLevel: PIE: StaticDuplicateObject took: (0.003330s)
[2018.03.02-17.33.54:955][747]LogAIModule: Creating AISystem for world Minimal_Default
[2018.03.02-17.33.54:955][747]LogPlayLevel: PIE: World Init took: (0.000891s)
[2018.03.02-17.33.54:956][747]LogPlayLevel: PIE: Created PIE world by copying editor world from /Game/StarterContent/Maps/Minimal_Default.Minimal_Default to /Game/StarterContent/Maps/UEDPIE_0_Minimal_Default.Minimal_Default (0.004456s)
[2018.03.02-17.33.54:997][747]LogInit: XAudio2 using 'Speakers (Realtek High Definition Audio)' : 2 channels at 48 kHz using 32 bits per sample (channel mask 0x3)
[2018.03.02-17.33.55:041][747]LogInit: FAudioDevice initialized.
[2018.03.02-17.33.55:072][747]LogLoad: Game class is 'GameModeBase'
[2018.03.02-17.33.55:074][747]LogWorld: Bringing World /Game/StarterContent/Maps/UEDPIE_0_Minimal_Default.Minimal_Default up for play (max tick rate 0) at 2018.03.02-17.33.55
[2018.03.02-17.33.55:074][747]LogWorld: Bringing up level for play took: 0.001517
[2018.03.02-17.33.55:075][747]PIE: Play in editor start time for /Game/StarterContent/Maps/UEDPIE_0_Minimal_Default -0.635
[2018.03.02-17.33.55:075][747]LogBlueprintUserMessages: Late PlayInEditor Detection: Level '/Game/StarterContent/Maps/Minimal_Default.Minimal_Default:PersistentLevel' has LevelScriptBlueprint '/Game/StarterContent/Maps/Minimal_Default.Minimal_Default:PersistentLevel.Minimal_Default' with GeneratedClass '/Game/StarterContent/Maps/Minimal_Default.Minimal_Default_C' with ClassGeneratedBy '/Game/StarterContent/Maps/Minimal_Default.Minimal_Default:PersistentLevel.Minimal_Default'
[2018.03.02-17.34.00:271][366]LogBlueprintUserMessages: Early EndPlayMap Detection: Level '/Game/StarterContent/Maps/Minimal_Default.Minimal_Default:PersistentLevel' has LevelScriptBlueprint '/Game/StarterContent/Maps/Minimal_Default.Minimal_Default:PersistentLevel.Minimal_Default' with GeneratedClass '/Game/StarterContent/Maps/Minimal_Default.Minimal_Default_C' with ClassGeneratedBy '/Game/StarterContent/Maps/Minimal_Default.Minimal_Default:PersistentLevel.Minimal_Default'
[2018.03.02-17.34.00:318][366]LogBlueprintUserMessages: Late EndPlayMap Detection: Level '/Game/StarterContent/Maps/Minimal_Default.Minimal_Default:PersistentLevel' has LevelScriptBlueprint '/Game/StarterContent/Maps/Minimal_Default.Minimal_Default:PersistentLevel.Minimal_Default' with GeneratedClass '/Game/StarterContent/Maps/Minimal_Default.Minimal_Default_C' with ClassGeneratedBy '/Game/StarterContent/Maps/Minimal_Default.Minimal_Default:PersistentLevel.Minimal_Default'
[2018.03.02-17.34.23:459][817]Candidate modules for hot reload:
[2018.03.02-17.34.23:459][817]  PropNavigationGame
[2018.03.02-17.34.23:459][817]Launching UnrealBuildTool... [C:/Program Files (x86)/Epic Games/UE_4.17/Engine/Binaries/DotNET/UnrealBuildTool.exe PropNavigationGame -ModuleWithSuffix PropNavigationGame 8600 Win64 Development -editorrecompile -canskiplink "M:/GitHub/Gameplay-Mechanics/PropNavigationGame/PropNavigationGame.uproject" ]
[2018.03.02-17.34.23:461][817]Warning: Starting HotReload took  0.0s.
[2018.03.02-17.34.40:833][ 48]CompilerResultsLog: New page: Compilation - 2 Mar 2018 17:34:40
[2018.03.02-17.34.40:833][ 48]CompilerResultsLog: Compiling game modules for hot reload
[2018.03.02-17.34.40:833][ 48]CompilerResultsLog: Parsing headers for PropNavigationGameEditor
[2018.03.02-17.34.40:833][ 48]CompilerResultsLog:   Running UnrealHeaderTool "M:\GitHub\Gameplay-Mechanics\PropNavigationGame\PropNavigationGame.uproject" "M:\GitHub\Gameplay-Mechanics\PropNavigationGame\Intermediate\Build\Win64\PropNavigationGameEditor\Development\PropNavigationGameEditor.uhtmanifest" -LogCmds="loginit warning, logexit warning, logdatabase error" -Unattended -WarningsAsErrors -installed
[2018.03.02-17.34.40:833][ 48]CompilerResultsLog: Reflection code generated for PropNavigationGameEditor in 7.3278833 seconds
[2018.03.02-17.34.40:833][ 48]CompilerResultsLog: Performing 3 actions (4 in parallel)
[2018.03.02-17.34.40:833][ 48]CompilerResultsLog: PhaserComponent.cpp
[2018.03.02-17.34.40:833][ 48]CompilerResultsLog: [2/3] Link UE4Editor-PropNavigationGame-8600.dll
[2018.03.02-17.34.40:833][ 48]CompilerResultsLog: [3/3] Link UE4Editor-PropNavigationGame-8600.lib
[2018.03.02-17.34.40:833][ 48]CompilerResultsLog:    Creating library M:\GitHub\Gameplay-Mechanics\PropNavigationGame\Intermediate\Build\Win64\UE4Editor\Development\UE4Editor-PropNavigationGame-8600.lib and object M:\GitHub\Gameplay-Mechanics\PropNavigationGame\Intermediate\Build\Win64\UE4Editor\Development\UE4Editor-PropNavigationGame-8600.exp
[2018.03.02-17.34.40:833][ 48]CompilerResultsLog:    Creating library M:\GitHub\Gameplay-Mechanics\PropNavigationGame\Intermediate\Build\Win64\UE4Editor\Development\UE4Editor-PropNavigationGame-8600.suppressed.lib and object M:\GitHub\Gameplay-Mechanics\PropNavigationGame\Intermediate\Build\Win64\UE4Editor\Development\UE4Editor-PropNavigationGame-8600.suppressed.exp
[2018.03.02-17.34.40:834][ 48]CompilerResultsLog: Total build time: 17.09 seconds (Local executor: 3.06 seconds)
[2018.03.02-17.34.40:834][ 48]LogMainFrame: MainFrame: Module compiling took 17.378 seconds
[2018.03.02-17.34.41:059][ 48]LogContentBrowser: Native class hierarchy updated for 'PropNavigationGame' in 0.0121 seconds. Added 7 classes and 2 folders.
[2018.03.02-17.34.41:060][ 48]Display: HotReload successful (0 functions remapped  0 scriptstructs remapped)
[2018.03.02-17.34.41:101][ 48]LogContentBrowser: Native class hierarchy populated in 0.0194 seconds. Added 2395 classes and 506 folders.
[2018.03.02-17.34.41:101][ 48]Display: HotReload took 17.7s.
[2018.03.02-17.34.43:888][213]LogTemp: Repeating last play command: Selected Viewport
[2018.03.02-17.34.43:903][213]LogBlueprintUserMessages: Early PlayInEditor Detection: Level '/Game/StarterContent/Maps/Minimal_Default.Minimal_Default:PersistentLevel' has LevelScriptBlueprint '/Game/StarterContent/Maps/Minimal_Default.Minimal_Default:PersistentLevel.Minimal_Default' with GeneratedClass '/Game/StarterContent/Maps/Minimal_Default.Minimal_Default_C' with ClassGeneratedBy '/Game/StarterContent/Maps/Minimal_Default.Minimal_Default:PersistentLevel.Minimal_Default'
[2018.03.02-17.34.43:903][213]LogPlayLevel: PlayLevel: No blueprints needed recompiling
[2018.03.02-17.34.43:903][213]PIE: New page: PIE session: Minimal_Default (2 Mar 2018 17:34:43)
[2018.03.02-17.34.43:903][213]LogPlayLevel: Creating play world package: /Game/StarterContent/Maps/UEDPIE_0_Minimal_Default
[2018.03.02-17.34.43:907][213]LogPlayLevel: PIE: StaticDuplicateObject took: (0.003571s)
[2018.03.02-17.34.43:907][213]LogAIModule: Creating AISystem for world Minimal_Default
[2018.03.02-17.34.43:907][213]LogPlayLevel: PIE: World Init took: (0.000775s)
[2018.03.02-17.34.43:908][213]LogPlayLevel: PIE: Created PIE world by copying editor world from /Game/StarterContent/Maps/Minimal_Default.Minimal_Default to /Game/StarterContent/Maps/UEDPIE_0_Minimal_Default.Minimal_Default (0.004662s)
[2018.03.02-17.34.43:946][213]LogInit: XAudio2 using 'Speakers (Realtek High Definition Audio)' : 2 channels at 48 kHz using 32 bits per sample (channel mask 0x3)
[2018.03.02-17.34.44:036][213]LogInit: FAudioDevice initialized.
[2018.03.02-17.34.44:073][213]LogLoad: Game class is 'GameModeBase'
[2018.03.02-17.34.44:078][213]LogWorld: Bringing World /Game/StarterContent/Maps/UEDPIE_0_Minimal_Default.Minimal_Default up for play (max tick rate 0) at 2018.03.02-17.34.44
[2018.03.02-17.34.44:079][213]LogWorld: Bringing up level for play took: 0.003347
[2018.03.02-17.34.44:081][213]PIE: Play in editor start time for /Game/StarterContent/Maps/UEDPIE_0_Minimal_Default 0.372
[2018.03.02-17.34.44:082][213]LogBlueprintUserMessages: Late PlayInEditor Detection: Level '/Game/StarterContent/Maps/Minimal_Default.Minimal_Default:PersistentLevel' has LevelScriptBlueprint '/Game/StarterContent/Maps/Minimal_Default.Minimal_Default:PersistentLevel.Minimal_Default' with GeneratedClass '/Game/StarterContent/Maps/Minimal_Default.Minimal_Default_C' with ClassGeneratedBy '/Game/StarterContent/Maps/Minimal_Default.Minimal_Default:PersistentLevel.Minimal_Default'
[2018.03.02-17.34.48:804][772]LogBlueprintUserMessages: Early EndPlayMap Detection: Level '/Game/StarterContent/Maps/Minimal_Default.Minimal_Default:PersistentLevel' has LevelScriptBlueprint '/Game/StarterContent/Maps/Minimal_Default.Minimal_Default:PersistentLevel.Minimal_Default' with GeneratedClass '/Game/StarterContent/Maps/Minimal_Default.Minimal_Default_C' with ClassGeneratedBy '/Game/StarterContent/Maps/Minimal_Default.Minimal_Default:PersistentLevel.Minimal_Default'
[2018.03.02-17.34.48:850][772]LogBlueprintUserMessages: Late EndPlayMap Detection: Level '/Game/StarterContent/Maps/Minimal_Default.Minimal_Default:PersistentLevel' has LevelScriptBlueprint '/Game/StarterContent/Maps/Minimal_Default.Minimal_Default:PersistentLevel.Minimal_Default' with GeneratedClass '/Game/StarterContent/Maps/Minimal_Default.Minimal_Default_C' with ClassGeneratedBy '/Game/StarterContent/Maps/Minimal_Default.Minimal_Default:PersistentLevel.Minimal_Default'
[2018.03.02-17.34.58:379][492]Candidate modules for hot reload:
[2018.03.02-17.34.58:379][492]  PropNavigationGame
[2018.03.02-17.34.58:379][492]Launching UnrealBuildTool... [C:/Program Files (x86)/Epic Games/UE_4.17/Engine/Binaries/DotNET/UnrealBuildTool.exe PropNavigationGame -ModuleWithSuffix PropNavigationGame 3316 Win64 Development -editorrecompile -canskiplink "M:/GitHub/Gameplay-Mechanics/PropNavigationGame/PropNavigationGame.uproject" ]
[2018.03.02-17.34.58:381][492]Warning: Starting HotReload took  0.0s.
[2018.03.02-17.35.17:080][362]CompilerResultsLog: New page: Compilation - 2 Mar 2018 17:35:17
[2018.03.02-17.35.17:080][362]CompilerResultsLog: Compiling game modules for hot reload
[2018.03.02-17.35.17:080][362]CompilerResultsLog: Parsing headers for PropNavigationGameEditor
[2018.03.02-17.35.17:080][362]CompilerResultsLog:   Running UnrealHeaderTool "M:\GitHub\Gameplay-Mechanics\PropNavigationGame\PropNavigationGame.uproject" "M:\GitHub\Gameplay-Mechanics\PropNavigationGame\Intermediate\Build\Win64\PropNavigationGameEditor\Development\PropNavigationGameEditor.uhtmanifest" -LogCmds="loginit warning, logexit warning, logdatabase error" -Unattended -WarningsAsErrors -installed
[2018.03.02-17.35.17:080][362]CompilerResultsLog: Reflection code generated for PropNavigationGameEditor in 7.8632993 seconds
[2018.03.02-17.35.17:080][362]CompilerResultsLog: Performing 3 actions (4 in parallel)
[2018.03.02-17.35.17:080][362]CompilerResultsLog: PhaserComponent.cpp
[2018.03.02-17.35.17:080][362]CompilerResultsLog: [2/3] Link UE4Editor-PropNavigationGame-3316.dll
[2018.03.02-17.35.17:080][362]CompilerResultsLog: [3/3] Link UE4Editor-PropNavigationGame-3316.lib
[2018.03.02-17.35.17:080][362]CompilerResultsLog:    Creating library M:\GitHub\Gameplay-Mechanics\PropNavigationGame\Intermediate\Build\Win64\UE4Editor\Development\UE4Editor-PropNavigationGame-3316.lib and object M:\GitHub\Gameplay-Mechanics\PropNavigationGame\Intermediate\Build\Win64\UE4Editor\Development\UE4Editor-PropNavigationGame-3316.exp
[2018.03.02-17.35.17:080][362]CompilerResultsLog:    Creating library M:\GitHub\Gameplay-Mechanics\PropNavigationGame\Intermediate\Build\Win64\UE4Editor\Development\UE4Editor-PropNavigationGame-3316.suppressed.lib and object M:\GitHub\Gameplay-Mechanics\PropNavigationGame\Intermediate\Build\Win64\UE4Editor\Development\UE4Editor-PropNavigationGame-3316.suppressed.exp
[2018.03.02-17.35.17:080][362]CompilerResultsLog: Total build time: 18.35 seconds (Local executor: 3.15 seconds)
[2018.03.02-17.35.17:080][362]LogMainFrame: MainFrame: Module compiling took 18.706 seconds
[2018.03.02-17.35.17:303][362]LogContentBrowser: Native class hierarchy updated for 'PropNavigationGame' in 0.0032 seconds. Added 7 classes and 2 folders.
[2018.03.02-17.35.17:304][362]Display: HotReload successful (0 functions remapped  0 scriptstructs remapped)
[2018.03.02-17.35.17:331][362]LogContentBrowser: Native class hierarchy populated in 0.0104 seconds. Added 2395 classes and 506 folders.
[2018.03.02-17.35.17:332][362]Display: HotReload took 19.0s.
[2018.03.02-17.35.18:897][489]LogTemp: Repeating last play command: Selected Viewport
[2018.03.02-17.35.18:911][489]LogBlueprintUserMessages: Early PlayInEditor Detection: Level '/Game/StarterContent/Maps/Minimal_Default.Minimal_Default:PersistentLevel' has LevelScriptBlueprint '/Game/StarterContent/Maps/Minimal_Default.Minimal_Default:PersistentLevel.Minimal_Default' with GeneratedClass '/Game/StarterContent/Maps/Minimal_Default.Minimal_Default_C' with ClassGeneratedBy '/Game/StarterContent/Maps/Minimal_Default.Minimal_Default:PersistentLevel.Minimal_Default'
[2018.03.02-17.35.18:911][489]LogPlayLevel: PlayLevel: No blueprints needed recompiling
[2018.03.02-17.35.18:911][489]PIE: New page: PIE session: Minimal_Default (2 Mar 2018 17:35:18)
[2018.03.02-17.35.18:911][489]LogPlayLevel: Creating play world package: /Game/StarterContent/Maps/UEDPIE_0_Minimal_Default
[2018.03.02-17.35.18:914][489]LogPlayLevel: PIE: StaticDuplicateObject took: (0.002868s)
[2018.03.02-17.35.18:915][489]LogAIModule: Creating AISystem for world Minimal_Default
[2018.03.02-17.35.18:915][489]LogPlayLevel: PIE: World Init took: (0.000828s)
[2018.03.02-17.35.18:915][489]LogPlayLevel: PIE: Created PIE world by copying editor world from /Game/StarterContent/Maps/Minimal_Default.Minimal_Default to /Game/StarterContent/Maps/UEDPIE_0_Minimal_Default.Minimal_Default (0.003992s)
[2018.03.02-17.35.18:958][489]LogInit: XAudio2 using 'Speakers (Realtek High Definition Audio)' : 2 channels at 48 kHz using 32 bits per sample (channel mask 0x3)
[2018.03.02-17.35.19:044][489]LogInit: FAudioDevice initialized.
[2018.03.02-17.35.19:077][489]LogLoad: Game class is 'GameModeBase'
[2018.03.02-17.35.19:081][489]LogWorld: Bringing World /Game/StarterContent/Maps/UEDPIE_0_Minimal_Default.Minimal_Default up for play (max tick rate 0) at 2018.03.02-17.35.19
[2018.03.02-17.35.19:081][489]LogWorld: Bringing up level for play took: 0.002477
[2018.03.02-17.35.19:083][489]PIE: Play in editor start time for /Game/StarterContent/Maps/UEDPIE_0_Minimal_Default -0.626
[2018.03.02-17.35.19:083][489]LogBlueprintUserMessages: Late PlayInEditor Detection: Level '/Game/StarterContent/Maps/Minimal_Default.Minimal_Default:PersistentLevel' has LevelScriptBlueprint '/Game/StarterContent/Maps/Minimal_Default.Minimal_Default:PersistentLevel.Minimal_Default' with GeneratedClass '/Game/StarterContent/Maps/Minimal_Default.Minimal_Default_C' with ClassGeneratedBy '/Game/StarterContent/Maps/Minimal_Default.Minimal_Default:PersistentLevel.Minimal_Default'
[2018.03.02-17.35.33:488][212]LogBlueprintUserMessages: Early EndPlayMap Detection: Level '/Game/StarterContent/Maps/Minimal_Default.Minimal_Default:PersistentLevel' has LevelScriptBlueprint '/Game/StarterContent/Maps/Minimal_Default.Minimal_Default:PersistentLevel.Minimal_Default' with GeneratedClass '/Game/StarterContent/Maps/Minimal_Default.Minimal_Default_C' with ClassGeneratedBy '/Game/StarterContent/Maps/Minimal_Default.Minimal_Default:PersistentLevel.Minimal_Default'
[2018.03.02-17.35.33:551][212]LogBlueprintUserMessages: Late EndPlayMap Detection: Level '/Game/StarterContent/Maps/Minimal_Default.Minimal_Default:PersistentLevel' has LevelScriptBlueprint '/Game/StarterContent/Maps/Minimal_Default.Minimal_Default:PersistentLevel.Minimal_Default' with GeneratedClass '/Game/StarterContent/Maps/Minimal_Default.Minimal_Default_C' with ClassGeneratedBy '/Game/StarterContent/Maps/Minimal_Default.Minimal_Default:PersistentLevel.Minimal_Default'
[2018.03.02-17.35.37:148][610]LogSlate: Took 0.000155 seconds to synchronously load lazily loaded font '../../../Engine/Content/Slate/Fonts/Roboto-Light.ttf' (159K)
[2018.03.02-17.35.37:538][610]LogSavePackage: Save=333.55ms
[2018.03.02-17.35.37:538][610]LogSavePackage: Moving 'M:/GitHub/Gameplay-Mechanics/PropNavigationGame/Saved/Minimal_DefaultC5FFF56448A29D4BF7EA4E8338C6C9E3.tmp' to 'M:/GitHub/Gameplay-Mechanics/PropNavigationGame/Content/StarterContent/Maps/Minimal_Default.umap'
[2018.03.02-17.35.37:547][610]LogSavePackage: Display: Finished SavePackage M:/GitHub/Gameplay-Mechanics/PropNavigationGame/Content/StarterContent/Maps/Minimal_Default.umap
[2018.03.02-17.35.41:256][977]LogContentBrowser: Native class hierarchy updated for 'SkeletonEditor' in 0.0040 seconds. Added 1 classes and 2 folders.
[2018.03.02-17.35.41:356][977]LogActorComponent: RegisterComponentWithWorld: (/Engine/Transient.World_1:PersistentLevel.Actor_0.DebugSkelMeshComponent_0) Already registered. Aborting.
[2018.03.02-17.35.41:680][977]LogContentBrowser: Native class hierarchy updated for 'ClothingSystemEditorInterface' in 0.0026 seconds. Added 1 classes and 0 folders.
[2018.03.02-17.35.43:390][108]LogActorComponent: RegisterComponentWithWorld: (/Engine/Transient.World_2:PersistentLevel.Actor_1.DebugSkelMeshComponent_1) Already registered. Aborting.
[2018.03.02-17.36.00:179][631]LogContentBrowser: Native class hierarchy updated for 'Cascade' in 0.0032 seconds. Added 2 classes and 2 folders.
[2018.03.02-17.38.17:191][378]Cmd: OBJ SAVEPACKAGE PACKAGE="/Game/StarterContent/BeamParticleSystem" FILE="M:/GitHub/Gameplay-Mechanics/PropNavigationGame/Content/StarterContent/BeamParticleSystem.uasset" SILENT=true
[2018.03.02-17.38.17:362][378]LogSavePackage: Save=139.61ms
[2018.03.02-17.38.17:362][378]LogSavePackage: Moving 'M:/GitHub/Gameplay-Mechanics/PropNavigationGame/Saved/BeamParticleSystem4D93674042C3642F1808CEA05E13481D.tmp' to 'M:/GitHub/Gameplay-Mechanics/PropNavigationGame/Content/StarterContent/BeamParticleSystem.uasset'
[2018.03.02-17.38.17:372][378]LogSavePackage: Display: Finished SavePackage M:/GitHub/Gameplay-Mechanics/PropNavigationGame/Content/StarterContent/BeamParticleSystem.uasset
[2018.03.02-17.38.19:107][541]LogCascade: Quitting Cascade. FXSystem=0x000001AD01AE1300
[2018.03.02-17.39.00:017][973]Candidate modules for hot reload:
[2018.03.02-17.39.00:017][973]  PropNavigationGame
[2018.03.02-17.39.00:017][973]Launching UnrealBuildTool... [C:/Program Files (x86)/Epic Games/UE_4.17/Engine/Binaries/DotNET/UnrealBuildTool.exe PropNavigationGame -ModuleWithSuffix PropNavigationGame 8010 Win64 Development -editorrecompile -canskiplink "M:/GitHub/Gameplay-Mechanics/PropNavigationGame/PropNavigationGame.uproject" ]
[2018.03.02-17.39.00:019][973]Warning: Starting HotReload took  0.0s.
[2018.03.02-17.39.17:593][262]CompilerResultsLog: New page: Compilation - 2 Mar 2018 17:39:17
[2018.03.02-17.39.17:593][262]CompilerResultsLog: Compiling game modules for hot reload
[2018.03.02-17.39.17:593][262]CompilerResultsLog: Parsing headers for PropNavigationGameEditor
[2018.03.02-17.39.17:593][262]CompilerResultsLog:   Running UnrealHeaderTool "M:\GitHub\Gameplay-Mechanics\PropNavigationGame\PropNavigationGame.uproject" "M:\GitHub\Gameplay-Mechanics\PropNavigationGame\Intermediate\Build\Win64\PropNavigationGameEditor\Development\PropNavigationGameEditor.uhtmanifest" -LogCmds="loginit warning, logexit warning, logdatabase error" -Unattended -WarningsAsErrors -installed
[2018.03.02-17.39.17:593][262]CompilerResultsLog: Reflection code generated for PropNavigationGameEditor in 7.104383 seconds
[2018.03.02-17.39.17:593][262]CompilerResultsLog: Performing 3 actions (4 in parallel)
[2018.03.02-17.39.17:593][262]CompilerResultsLog: PhaserComponent.cpp
[2018.03.02-17.39.17:593][262]CompilerResultsLog: [2/3] Link UE4Editor-PropNavigationGame-8010.dll
[2018.03.02-17.39.17:593][262]CompilerResultsLog: [3/3] Link UE4Editor-PropNavigationGame-8010.lib
[2018.03.02-17.39.17:593][262]CompilerResultsLog:    Creating library M:\GitHub\Gameplay-Mechanics\PropNavigationGame\Intermediate\Build\Win64\UE4Editor\Development\UE4Editor-PropNavigationGame-8010.lib and object M:\GitHub\Gameplay-Mechanics\PropNavigationGame\Intermediate\Build\Win64\UE4Editor\Development\UE4Editor-PropNavigationGame-8010.exp
[2018.03.02-17.39.17:593][262]CompilerResultsLog:    Creating library M:\GitHub\Gameplay-Mechanics\PropNavigationGame\Intermediate\Build\Win64\UE4Editor\Development\UE4Editor-PropNavigationGame-8010.suppressed.lib and object M:\GitHub\Gameplay-Mechanics\PropNavigationGame\Intermediate\Build\Win64\UE4Editor\Development\UE4Editor-PropNavigationGame-8010.suppressed.exp
[2018.03.02-17.39.17:593][262]CompilerResultsLog: Total build time: 17.07 seconds (Local executor: 3.06 seconds)
[2018.03.02-17.39.17:593][262]LogMainFrame: MainFrame: Module compiling took 17.580 seconds
[2018.03.02-17.39.17:837][262]LogContentBrowser: Native class hierarchy updated for 'PropNavigationGame' in 0.0057 seconds. Added 7 classes and 2 folders.
[2018.03.02-17.39.17:839][262]Display: HotReload successful (0 functions remapped  0 scriptstructs remapped)
[2018.03.02-17.39.17:881][262]LogContentBrowser: Native class hierarchy populated in 0.0108 seconds. Added 2398 classes and 510 folders.
[2018.03.02-17.39.17:881][262]Display: HotReload took 17.9s.
[2018.03.02-17.39.24:988][430]LogTemp: Repeating last play command: Selected Viewport
[2018.03.02-17.39.25:003][430]LogBlueprintUserMessages: Early PlayInEditor Detection: Level '/Game/StarterContent/Maps/Minimal_Default.Minimal_Default:PersistentLevel' has LevelScriptBlueprint '/Game/StarterContent/Maps/Minimal_Default.Minimal_Default:PersistentLevel.Minimal_Default' with GeneratedClass '/Game/StarterContent/Maps/Minimal_Default.Minimal_Default_C' with ClassGeneratedBy '/Game/StarterContent/Maps/Minimal_Default.Minimal_Default:PersistentLevel.Minimal_Default'
[2018.03.02-17.39.25:003][430]LogPlayLevel: PlayLevel: No blueprints needed recompiling
[2018.03.02-17.39.25:003][430]PIE: New page: PIE session: Minimal_Default (2 Mar 2018 17:39:25)
[2018.03.02-17.39.25:003][430]LogPlayLevel: Creating play world package: /Game/StarterContent/Maps/UEDPIE_0_Minimal_Default
[2018.03.02-17.39.25:007][430]LogPlayLevel: PIE: StaticDuplicateObject took: (0.003349s)
[2018.03.02-17.39.25:007][430]LogAIModule: Creating AISystem for world Minimal_Default
[2018.03.02-17.39.25:007][430]LogPlayLevel: PIE: World Init took: (0.000819s)
[2018.03.02-17.39.25:008][430]LogPlayLevel: PIE: Created PIE world by copying editor world from /Game/StarterContent/Maps/Minimal_Default.Minimal_Default to /Game/StarterContent/Maps/UEDPIE_0_Minimal_Default.Minimal_Default (0.004405s)
[2018.03.02-17.39.25:048][430]LogInit: XAudio2 using 'Speakers (Realtek High Definition Audio)' : 2 channels at 48 kHz using 32 bits per sample (channel mask 0x3)
[2018.03.02-17.39.25:092][430]LogInit: FAudioDevice initialized.
[2018.03.02-17.39.25:126][430]LogLoad: Game class is 'GameModeBase'
[2018.03.02-17.39.25:128][430]LogWorld: Bringing World /Game/StarterContent/Maps/UEDPIE_0_Minimal_Default.Minimal_Default up for play (max tick rate 0) at 2018.03.02-17.39.25
[2018.03.02-17.39.25:128][430]LogWorld: Bringing up level for play took: 0.001546
[2018.03.02-17.39.25:129][430]PIE: Play in editor start time for /Game/StarterContent/Maps/UEDPIE_0_Minimal_Default -0.575
[2018.03.02-17.39.25:129][430]LogBlueprintUserMessages: Late PlayInEditor Detection: Level '/Game/StarterContent/Maps/Minimal_Default.Minimal_Default:PersistentLevel' has LevelScriptBlueprint '/Game/StarterContent/Maps/Minimal_Default.Minimal_Default:PersistentLevel.Minimal_Default' with GeneratedClass '/Game/StarterContent/Maps/Minimal_Default.Minimal_Default_C' with ClassGeneratedBy '/Game/StarterContent/Maps/Minimal_Default.Minimal_Default:PersistentLevel.Minimal_Default'
[2018.03.02-17.40.04:957][995]LogBlueprintUserMessages: Early EndPlayMap Detection: Level '/Game/StarterContent/Maps/Minimal_Default.Minimal_Default:PersistentLevel' has LevelScriptBlueprint '/Game/StarterContent/Maps/Minimal_Default.Minimal_Default:PersistentLevel.Minimal_Default' with GeneratedClass '/Game/StarterContent/Maps/Minimal_Default.Minimal_Default_C' with ClassGeneratedBy '/Game/StarterContent/Maps/Minimal_Default.Minimal_Default:PersistentLevel.Minimal_Default'
[2018.03.02-17.40.05:062][995]LogBlueprintUserMessages: Late EndPlayMap Detection: Level '/Game/StarterContent/Maps/Minimal_Default.Minimal_Default:PersistentLevel' has LevelScriptBlueprint '/Game/StarterContent/Maps/Minimal_Default.Minimal_Default:PersistentLevel.Minimal_Default' with GeneratedClass '/Game/StarterContent/Maps/Minimal_Default.Minimal_Default_C' with ClassGeneratedBy '/Game/StarterContent/Maps/Minimal_Default.Minimal_Default:PersistentLevel.Minimal_Default'
[2018.03.02-17.41.25:147][400]Candidate modules for hot reload:
[2018.03.02-17.41.25:147][400]  PropNavigationGame
[2018.03.02-17.41.25:147][400]Launching UnrealBuildTool... [C:/Program Files (x86)/Epic Games/UE_4.17/Engine/Binaries/DotNET/UnrealBuildTool.exe PropNavigationGame -ModuleWithSuffix PropNavigationGame 8185 Win64 Development -editorrecompile -canskiplink "M:/GitHub/Gameplay-Mechanics/PropNavigationGame/PropNavigationGame.uproject" ]
[2018.03.02-17.41.25:149][400]Warning: Starting HotReload took  0.0s.
[2018.03.02-17.41.44:121][648]CompilerResultsLog: New page: Compilation - 2 Mar 2018 17:41:44
[2018.03.02-17.41.44:121][648]CompilerResultsLog: Compiling game modules for hot reload
[2018.03.02-17.41.44:121][648]CompilerResultsLog: Parsing headers for PropNavigationGameEditor
[2018.03.02-17.41.44:121][648]CompilerResultsLog:   Running UnrealHeaderTool "M:\GitHub\Gameplay-Mechanics\PropNavigationGame\PropNavigationGame.uproject" "M:\GitHub\Gameplay-Mechanics\PropNavigationGame\Intermediate\Build\Win64\PropNavigationGameEditor\Development\PropNavigationGameEditor.uhtmanifest" -LogCmds="loginit warning, logexit warning, logdatabase error" -Unattended -WarningsAsErrors -installed
[2018.03.02-17.41.44:121][648]CompilerResultsLog: Reflection code generated for PropNavigationGameEditor in 8.7974214 seconds
[2018.03.02-17.41.44:121][648]CompilerResultsLog: Performing 3 actions (4 in parallel)
[2018.03.02-17.41.44:121][648]CompilerResultsLog: PhaserComponent.cpp
[2018.03.02-17.41.44:121][648]CompilerResultsLog: [2/3] Link UE4Editor-PropNavigationGame-8185.dll
[2018.03.02-17.41.44:121][648]CompilerResultsLog: [3/3] Link UE4Editor-PropNavigationGame-8185.lib
[2018.03.02-17.41.44:121][648]CompilerResultsLog:    Creating library M:\GitHub\Gameplay-Mechanics\PropNavigationGame\Intermediate\Build\Win64\UE4Editor\Development\UE4Editor-PropNavigationGame-8185.lib and object M:\GitHub\Gameplay-Mechanics\PropNavigationGame\Intermediate\Build\Win64\UE4Editor\Development\UE4Editor-PropNavigationGame-8185.exp
[2018.03.02-17.41.44:121][648]CompilerResultsLog:    Creating library M:\GitHub\Gameplay-Mechanics\PropNavigationGame\Intermediate\Build\Win64\UE4Editor\Development\UE4Editor-PropNavigationGame-8185.suppressed.lib and object M:\GitHub\Gameplay-Mechanics\PropNavigationGame\Intermediate\Build\Win64\UE4Editor\Development\UE4Editor-PropNavigationGame-8185.suppressed.exp
[2018.03.02-17.41.44:121][648]CompilerResultsLog: Total build time: 18.77 seconds (Local executor: 3.26 seconds)
[2018.03.02-17.41.44:121][648]LogMainFrame: MainFrame: Module compiling took 18.978 seconds
[2018.03.02-17.41.44:359][648]LogContentBrowser: Native class hierarchy updated for 'PropNavigationGame' in 0.0120 seconds. Added 7 classes and 2 folders.
[2018.03.02-17.41.44:360][648]Display: HotReload successful (0 functions remapped  0 scriptstructs remapped)
[2018.03.02-17.41.44:398][648]LogContentBrowser: Native class hierarchy populated in 0.0193 seconds. Added 2398 classes and 510 folders.
[2018.03.02-17.41.44:398][648]Display: HotReload took 19.3s.
[2018.03.02-17.41.45:750][808]LogTemp: Repeating last play command: Selected Viewport
[2018.03.02-17.41.45:764][808]LogBlueprintUserMessages: Early PlayInEditor Detection: Level '/Game/StarterContent/Maps/Minimal_Default.Minimal_Default:PersistentLevel' has LevelScriptBlueprint '/Game/StarterContent/Maps/Minimal_Default.Minimal_Default:PersistentLevel.Minimal_Default' with GeneratedClass '/Game/StarterContent/Maps/Minimal_Default.Minimal_Default_C' with ClassGeneratedBy '/Game/StarterContent/Maps/Minimal_Default.Minimal_Default:PersistentLevel.Minimal_Default'
[2018.03.02-17.41.45:764][808]LogPlayLevel: PlayLevel: No blueprints needed recompiling
[2018.03.02-17.41.45:764][808]PIE: New page: PIE session: Minimal_Default (2 Mar 2018 17:41:45)
[2018.03.02-17.41.45:764][808]LogPlayLevel: Creating play world package: /Game/StarterContent/Maps/UEDPIE_0_Minimal_Default
[2018.03.02-17.41.45:767][808]LogPlayLevel: PIE: StaticDuplicateObject took: (0.002676s)
[2018.03.02-17.41.45:767][808]LogAIModule: Creating AISystem for world Minimal_Default
[2018.03.02-17.41.45:767][808]LogPlayLevel: PIE: World Init took: (0.000648s)
[2018.03.02-17.41.45:768][808]LogPlayLevel: PIE: Created PIE world by copying editor world from /Game/StarterContent/Maps/Minimal_Default.Minimal_Default to /Game/StarterContent/Maps/UEDPIE_0_Minimal_Default.Minimal_Default (0.003565s)
[2018.03.02-17.41.45:804][808]LogInit: XAudio2 using 'Speakers (Realtek High Definition Audio)' : 2 channels at 48 kHz using 32 bits per sample (channel mask 0x3)
[2018.03.02-17.41.45:847][808]LogInit: FAudioDevice initialized.
[2018.03.02-17.41.45:875][808]LogLoad: Game class is 'GameModeBase'
[2018.03.02-17.41.45:877][808]LogWorld: Bringing World /Game/StarterContent/Maps/UEDPIE_0_Minimal_Default.Minimal_Default up for play (max tick rate 0) at 2018.03.02-17.41.45
[2018.03.02-17.41.45:877][808]LogWorld: Bringing up level for play took: 0.001153
[2018.03.02-17.41.45:878][808]PIE: Play in editor start time for /Game/StarterContent/Maps/UEDPIE_0_Minimal_Default 0.177
[2018.03.02-17.41.45:879][808]LogBlueprintUserMessages: Late PlayInEditor Detection: Level '/Game/StarterContent/Maps/Minimal_Default.Minimal_Default:PersistentLevel' has LevelScriptBlueprint '/Game/StarterContent/Maps/Minimal_Default.Minimal_Default:PersistentLevel.Minimal_Default' with GeneratedClass '/Game/StarterContent/Maps/Minimal_Default.Minimal_Default_C' with ClassGeneratedBy '/Game/StarterContent/Maps/Minimal_Default.Minimal_Default:PersistentLevel.Minimal_Default'
[2018.03.02-17.43.31:473][266]LogBlueprintUserMessages: Early EndPlayMap Detection: Level '/Game/StarterContent/Maps/Minimal_Default.Minimal_Default:PersistentLevel' has LevelScriptBlueprint '/Game/StarterContent/Maps/Minimal_Default.Minimal_Default:PersistentLevel.Minimal_Default' with GeneratedClass '/Game/StarterContent/Maps/Minimal_Default.Minimal_Default_C' with ClassGeneratedBy '/Game/StarterContent/Maps/Minimal_Default.Minimal_Default:PersistentLevel.Minimal_Default'
[2018.03.02-17.43.31:550][266]LogBlueprintUserMessages: Late EndPlayMap Detection: Level '/Game/StarterContent/Maps/Minimal_Default.Minimal_Default:PersistentLevel' has LevelScriptBlueprint '/Game/StarterContent/Maps/Minimal_Default.Minimal_Default:PersistentLevel.Minimal_Default' with GeneratedClass '/Game/StarterContent/Maps/Minimal_Default.Minimal_Default_C' with ClassGeneratedBy '/Game/StarterContent/Maps/Minimal_Default.Minimal_Default:PersistentLevel.Minimal_Default'
[2018.03.02-17.43.36:342][778]LogSavePackage: Save=333.03ms
[2018.03.02-17.43.36:343][778]LogSavePackage: Moving 'M:/GitHub/Gameplay-Mechanics/PropNavigationGame/Saved/Minimal_Default484E7B79427F1F64A2D4C9AFCBEF4FD0.tmp' to 'M:/GitHub/Gameplay-Mechanics/PropNavigationGame/Content/StarterContent/Maps/Minimal_Default.umap'
[2018.03.02-17.43.36:360][778]LogSavePackage: Display: Finished SavePackage M:/GitHub/Gameplay-Mechanics/PropNavigationGame/Content/StarterContent/Maps/Minimal_Default.umap
[2018.03.02-17.43.40:215][203]Candidate modules for hot reload:
[2018.03.02-17.43.40:215][203]  PropNavigationGame
[2018.03.02-17.43.40:216][203]Launching UnrealBuildTool... [C:/Program Files (x86)/Epic Games/UE_4.17/Engine/Binaries/DotNET/UnrealBuildTool.exe PropNavigationGame -ModuleWithSuffix PropNavigationGame 4010 Win64 Development -editorrecompile -canskiplink "M:/GitHub/Gameplay-Mechanics/PropNavigationGame/PropNavigationGame.uproject" ]
[2018.03.02-17.43.40:217][203]Warning: Starting HotReload took  0.0s.
[2018.03.02-17.43.59:556][293]CompilerResultsLog: New page: Compilation - 2 Mar 2018 17:43:59
[2018.03.02-17.43.59:556][293]CompilerResultsLog: Compiling game modules for hot reload
[2018.03.02-17.43.59:556][293]CompilerResultsLog: Parsing headers for PropNavigationGameEditor
[2018.03.02-17.43.59:556][293]CompilerResultsLog:   Running UnrealHeaderTool "M:\GitHub\Gameplay-Mechanics\PropNavigationGame\PropNavigationGame.uproject" "M:\GitHub\Gameplay-Mechanics\PropNavigationGame\Intermediate\Build\Win64\PropNavigationGameEditor\Development\PropNavigationGameEditor.uhtmanifest" -LogCmds="loginit warning, logexit warning, logdatabase error" -Unattended -WarningsAsErrors -installed
[2018.03.02-17.43.59:556][293]CompilerResultsLog: Reflection code generated for PropNavigationGameEditor in 9.0823763 seconds
[2018.03.02-17.43.59:556][293]CompilerResultsLog: Performing 3 actions (4 in parallel)
[2018.03.02-17.43.59:556][293]CompilerResultsLog: PlayerShip.cpp
[2018.03.02-17.43.59:556][293]CompilerResultsLog: [2/3] Link UE4Editor-PropNavigationGame-4010.dll
[2018.03.02-17.43.59:556][293]CompilerResultsLog: [3/3] Link UE4Editor-PropNavigationGame-4010.lib
[2018.03.02-17.43.59:556][293]CompilerResultsLog:    Creating library M:\GitHub\Gameplay-Mechanics\PropNavigationGame\Intermediate\Build\Win64\UE4Editor\Development\UE4Editor-PropNavigationGame-4010.lib and object M:\GitHub\Gameplay-Mechanics\PropNavigationGame\Intermediate\Build\Win64\UE4Editor\Development\UE4Editor-PropNavigationGame-4010.exp
[2018.03.02-17.43.59:556][293]CompilerResultsLog:    Creating library M:\GitHub\Gameplay-Mechanics\PropNavigationGame\Intermediate\Build\Win64\UE4Editor\Development\UE4Editor-PropNavigationGame-4010.suppressed.lib and object M:\GitHub\Gameplay-Mechanics\PropNavigationGame\Intermediate\Build\Win64\UE4Editor\Development\UE4Editor-PropNavigationGame-4010.suppressed.exp
[2018.03.02-17.43.59:556][293]CompilerResultsLog: Total build time: 19.14 seconds (Local executor: 2.99 seconds)
[2018.03.02-17.43.59:556][293]LogMainFrame: MainFrame: Module compiling took 19.344 seconds
[2018.03.02-17.43.59:811][293]LogContentBrowser: Native class hierarchy updated for 'PropNavigationGame' in 0.0126 seconds. Added 7 classes and 2 folders.
[2018.03.02-17.43.59:812][293]Display: HotReload successful (0 functions remapped  0 scriptstructs remapped)
[2018.03.02-17.43.59:858][293]LogContentBrowser: Native class hierarchy populated in 0.0195 seconds. Added 2398 classes and 510 folders.
[2018.03.02-17.43.59:858][293]Display: HotReload took 19.7s.
[2018.03.02-17.44.26:642][538]LogTemp: Repeating last play command: Selected Viewport
[2018.03.02-17.44.26:658][538]LogBlueprintUserMessages: Early PlayInEditor Detection: Level '/Game/StarterContent/Maps/Minimal_Default.Minimal_Default:PersistentLevel' has LevelScriptBlueprint '/Game/StarterContent/Maps/Minimal_Default.Minimal_Default:PersistentLevel.Minimal_Default' with GeneratedClass '/Game/StarterContent/Maps/Minimal_Default.Minimal_Default_C' with ClassGeneratedBy '/Game/StarterContent/Maps/Minimal_Default.Minimal_Default:PersistentLevel.Minimal_Default'
[2018.03.02-17.44.26:658][538]LogPlayLevel: PlayLevel: No blueprints needed recompiling
[2018.03.02-17.44.26:658][538]PIE: New page: PIE session: Minimal_Default (2 Mar 2018 17:44:26)
[2018.03.02-17.44.26:659][538]LogPlayLevel: Creating play world package: /Game/StarterContent/Maps/UEDPIE_0_Minimal_Default
[2018.03.02-17.44.26:662][538]LogPlayLevel: PIE: StaticDuplicateObject took: (0.003490s)
[2018.03.02-17.44.26:663][538]LogAIModule: Creating AISystem for world Minimal_Default
[2018.03.02-17.44.26:663][538]LogPlayLevel: PIE: World Init took: (0.000843s)
[2018.03.02-17.44.26:663][538]LogPlayLevel: PIE: Created PIE world by copying editor world from /Game/StarterContent/Maps/Minimal_Default.Minimal_Default to /Game/StarterContent/Maps/UEDPIE_0_Minimal_Default.Minimal_Default (0.004597s)
[2018.03.02-17.44.26:702][538]LogInit: XAudio2 using 'Speakers (Realtek High Definition Audio)' : 2 channels at 48 kHz using 32 bits per sample (channel mask 0x3)
[2018.03.02-17.44.26:746][538]LogInit: FAudioDevice initialized.
[2018.03.02-17.44.26:779][538]LogLoad: Game class is 'GameModeBase'
[2018.03.02-17.44.26:781][538]LogWorld: Bringing World /Game/StarterContent/Maps/UEDPIE_0_Minimal_Default.Minimal_Default up for play (max tick rate 0) at 2018.03.02-17.44.26
[2018.03.02-17.44.26:781][538]LogWorld: Bringing up level for play took: 0.001600
[2018.03.02-17.44.26:785][538]LogWindows: Windows GetLastError: The operation completed successfully. (0)
[2018.03.02-17.44.28:135][538]LogWindows: Error: === Critical error: ===
[2018.03.02-17.44.28:135][538]LogWindows: Error: 
[2018.03.02-17.44.28:135][538]LogWindows: Error: Fatal error: [File:D:\Build\++UE4+Release-4.17+Compile\Sync\Engine\Source\Runtime\CoreUObject\Private\UObject\UObjectGlobals.cpp] [Line: 3225] 
[2018.03.02-17.44.28:135][538]LogWindows: Error: FObjectFinders can't be used outside of constructors to find ParticleSystem'/Game/StarterContent/BeamParticleSystem.BeamParticleSystem'
[2018.03.02-17.44.28:135][538]LogWindows: Error: 
[2018.03.02-17.44.28:135][538]LogWindows: Error: 
[2018.03.02-17.44.28:135][538]LogWindows: Error: KERNELBASE.dll!0x0000000094473FB8
[2018.03.02-17.44.28:135][538]LogWindows: Error: UE4Editor-Core.dll!0x0000000068B714A4
[2018.03.02-17.44.28:135][538]LogWindows: Error: UE4Editor-Core.dll!0x000000006895AD4B
[2018.03.02-17.44.28:135][538]LogWindows: Error: UE4Editor-Core.dll!0x00000000688F0169
[2018.03.02-17.44.28:135][538]LogWindows: Error: UE4Editor-CoreUObject.dll!0x000000006E5637AB
[2018.03.02-17.44.28:135][538]LogWindows: Error: UE4Editor-PropNavigationGame-4010.dll!UPhaserComponent::BeginPlay() [m:\github\gameplay-mechanics\propnavigationgame\source\propnavigationgame\phasercomponent.cpp:57]
[2018.03.02-17.44.28:135][538]LogWindows: Error: UE4Editor-Engine.dll!0x000000006530DBFE
[2018.03.02-17.44.28:135][538]LogWindows: Error: UE4Editor-PropNavigationGame-4010.dll!APlayerShip::BeginPlay() [m:\github\gameplay-mechanics\propnavigationgame\source\propnavigationgame\playership.cpp:38]
[2018.03.02-17.44.28:135][538]LogWindows: Error: UE4Editor-Engine.dll!0x000000006531ABAB
[2018.03.02-17.44.28:135][538]LogWindows: Error: UE4Editor-Engine.dll!0x00000000664DA421
[2018.03.02-17.44.28:135][538]LogWindows: Error: UE4Editor-Engine.dll!0x0000000065A54761
[2018.03.02-17.44.28:135][538]LogWindows: Error: UE4Editor-Engine.dll!0x00000000664C5BCE
[2018.03.02-17.44.28:135][538]LogWindows: Error: UE4Editor-Engine.dll!0x0000000065A77AC6
[2018.03.02-17.44.28:135][538]LogWindows: Error: UE4Editor-UnrealEd.dll!0x00000000639CA39C
[2018.03.02-17.44.28:135][538]LogWindows: Error: UE4Editor-UnrealEd.dll!0x00000000639F4CFE
[2018.03.02-17.44.28:135][538]LogWindows: Error: UE4Editor-UnrealEd.dll!0x0000000063A10864
[2018.03.02-17.44.28:135][538]LogWindows: Error: UE4Editor-UnrealEd.dll!0x000000006347BAA8
[2018.03.02-17.44.28:135][538]LogWindows: Error: UE4Editor-UnrealEd.dll!0x0000000063D0B0E6
[2018.03.02-17.44.28:135][538]LogWindows: Error: UE4Editor.exe!0x00000000B050534A
[2018.03.02-17.44.28:135][538]LogWindows: Error: UE4Editor.exe!0x00000000B0513970
[2018.03.02-17.44.28:135][538]LogWindows: Error: UE4Editor.exe!0x00000000B05139EA
[2018.03.02-17.44.28:135][538]LogWindows: Error: UE4Editor.exe!0x00000000B05202D9
[2018.03.02-17.44.28:135][538]LogWindows: Error: UE4Editor.exe!0x00000000B0521C47
[2018.03.02-17.44.28:135][538]LogWindows: Error: KERNEL32.DLL!0x0000000096631FE4
[2018.03.02-17.44.28:135][538]LogWindows: Error: ntdll.dll!0x0000000097BAEF91
[2018.03.02-17.44.28:135][538]LogWindows: Error: ntdll.dll!0x0000000097BAEF91
[2018.03.02-17.44.28:135][538]LogWindows: Error: 
[2018.03.02-17.44.28:149][538]LogExit: Executing StaticShutdownAfterError
[2018.03.02-17.44.28:156][538]LogWindows: FPlatformMisc::RequestExit(1)
[2018.03.02-17.44.28:156][538]Log file closed, 03/02/18 17:44:28
