Log file open, 02/26/18 15:25:51
LogWindows: LoadLibraryWithSearchPaths failed for file aqProf.dll. GetLastError=0
LogWindows: LoadLibraryWithSearchPaths failed for file VtuneApi.dll. GetLastError=0
LogWindows: LoadLibraryWithSearchPaths failed for file VtuneApi32e.dll. GetLastError=0
LogInit: Display: Running engine for game: PropNavigationGame
LogPlatformFile: Not using cached read wrapper
LogInit: Display: RandInit(-1348616503) SRandInit(-1348616503).
LogTaskGraph: Started task graph with 5 named threads and 14 total threads with 3 sets of task threads.
LogStats: Stats thread started at 0.171782
LogD3D11RHI: Aftermath initialized
LogPluginManager: Mounting plugin Paper2D
LogPluginManager: Mounting plugin LightPropagationVolume
LogPluginManager: Mounting plugin CodeLiteSourceCodeAccess
LogPluginManager: Mounting plugin GitSourceControl
LogPluginManager: Mounting plugin KDevelopSourceCodeAccess
LogPluginManager: Mounting plugin NullSourceCodeAccess
LogPluginManager: Mounting plugin PerforceSourceControl
LogPluginManager: Mounting plugin SubversionSourceControl
LogPluginManager: Mounting plugin UObjectPlugin
LogPluginManager: Mounting plugin VisualStudioSourceCodeAccess
LogPluginManager: Mounting plugin XCodeSourceCodeAccess
LogPluginManager: Mounting plugin AssetManagerEditor
LogPluginManager: Mounting plugin AudioCapture
LogPluginManager: Mounting plugin FacialAnimation
LogPluginManager: Mounting plugin GameplayTagsEditor
LogPluginManager: Mounting plugin MobileLauncherProfileWizard
LogPluginManager: Mounting plugin PluginBrowser
LogPluginManager: Mounting plugin SpeedTreeImporter
LogPluginManager: Mounting plugin AlembicImporter
LogPluginManager: Mounting plugin CharacterAI
LogPluginManager: Mounting plugin HTML5Networking
LogPluginManager: Mounting plugin AndroidMedia
LogPluginManager: Mounting plugin AvfMedia
LogPluginManager: Mounting plugin MediaPlayerEditor
LogPluginManager: Mounting plugin WmfMedia
LogPluginManager: Mounting plugin TcpMessaging
LogPluginManager: Mounting plugin UdpMessaging
LogPluginManager: Mounting plugin LevelSequenceEditor
LogPluginManager: Mounting plugin MatineeToLevelSequence
LogPluginManager: Mounting plugin OnlineSubsystemGooglePlay
LogPluginManager: Mounting plugin OnlineSubsystemIOS
LogPluginManager: Mounting plugin OnlineSubsystem
LogPluginManager: Mounting plugin OnlineSubsystemNull
LogPluginManager: Mounting plugin OnlineSubsystemUtils
LogPluginManager: Mounting plugin AndroidDeviceProfileSelector
LogPluginManager: Mounting plugin AndroidMoviePlayer
LogPluginManager: Mounting plugin AndroidPermission
LogPluginManager: Mounting plugin AppleMoviePlayer
LogPluginManager: Mounting plugin ArchVisCharacter
LogPluginManager: Mounting plugin CableComponent
LogPluginManager: Mounting plugin CustomMeshComponent
LogPluginManager: Mounting plugin ExampleDeviceProfileSelector
LogPluginManager: Mounting plugin GoogleCloudMessaging
LogPluginManager: Mounting plugin ImmediatePhysics
LogPluginManager: Mounting plugin IOSDeviceProfileSelector
LogPluginManager: Mounting plugin LinuxDeviceProfileSelector
LogPluginManager: Mounting plugin LocationServicesBPLibrary
LogPluginManager: Mounting plugin MobilePatchingUtils
LogPluginManager: Mounting plugin OculusVR
LogPluginManager: Mounting plugin PhysXVehicles
LogPluginManager: Mounting plugin ProceduralMeshComponent
LogPluginManager: Mounting plugin RuntimePhysXCooking
LogPluginManager: Mounting plugin SteamVR
LogPluginManager: Mounting plugin WindowsMoviePlayer
LogInit: Using libcurl 7.47.1
LogInit:  - built for x86_64-pc-win32
LogInit:  - supports SSL with OpenSSL/1.0.2g
LogInit:  - supports HTTP deflate (compression) using libz 1.2.8
LogInit:  - other features:
LogInit:      CURL_VERSION_SSL
LogInit:      CURL_VERSION_LIBZ
LogInit:      CURL_VERSION_IPV6
LogInit:      CURL_VERSION_ASYNCHDNS
LogInit:      CURL_VERSION_LARGEFILE
LogInit:      CURL_VERSION_IDN
LogInit:  CurlRequestOptions (configurable via config and command line):
LogInit:  - bVerifyPeer = false  - Libcurl will NOT verify peer certificate
LogInit:  - bUseHttpProxy = false  - Libcurl will NOT use HTTP proxy
LogInit:  - bDontReuseConnections = false  - Libcurl will reuse connections
LogInit:  - CertBundlePath = nullptr  - Libcurl will use whatever was configured at build time.
LogInit: Build: ++UE4+Release-4.17-CL-3573198
LogInit: Engine Version: 4.17.0-3573198+++UE4+Release-4.17
LogInit: Compatible Engine Version: 4.17.0-3573198+++UE4+Release-4.17
LogInit: Net CL: 3573198
LogDevObjectVersion: Number of dev versions registered: 16
LogDevObjectVersion:   Dev-Blueprints (B0D832E4-1F89-4F0D-ACCF-7EB736FD4AA2): 10
LogDevObjectVersion:   Dev-Build (E1C64328-A22C-4D53-A36C-8E866417BD8C): 0
LogDevObjectVersion:   Dev-Core (375EC13C-06E4-48FB-B500-84F0262A717E): 2
LogDevObjectVersion:   Dev-Editor (E4B068ED-F494-42E9-A231-DA0B2E46BB41): 20
LogDevObjectVersion:   Dev-Framework (CFFC743F-43B0-4480-9391-14DF171D2073): 28
LogDevObjectVersion:   Dev-Mobile (B02B49B5-BB20-44E9-A304-32B752E40360): 0
LogDevObjectVersion:   Dev-Networking (A4E4105C-59A1-49B5-A7C5-40C4547EDFEE): 0
LogDevObjectVersion:   Dev-Online (39C831C9-5AE6-47DC-9A44-9C173E1C8E7C): 0
LogDevObjectVersion:   Dev-Physics (78F01B33-EBEA-4F98-B9B4-84EACCB95AA2): 0
LogDevObjectVersion:   Dev-Platform (6631380F-2D4D-43E0-8009-CF276956A95A): 0
LogDevObjectVersion:   Dev-Rendering (12F88B9F-8875-4AFC-A67C-D90C383ABD29): 19
LogDevObjectVersion:   Dev-Sequencer (7B5AE74C-D270-4C10-A958-57980B212A5A): 4
LogDevObjectVersion:   Dev-VR (D7296918-1DD6-4BDD-9DE2-64A83CC13884): 0
LogDevObjectVersion:   Dev-LoadTimes (C2A15278-BFE7-4AFE-6C17-90FF531DF755): 1
LogDevObjectVersion:   Private-Geometry (6EACA3D4-40EC-4CC1-B786-8BED09428FC5): 1
LogDevObjectVersion:   Dev-AnimPhys (29E575DD-E0A3-4627-9D10-D276232CDCEA): 7
LogInit: Compiled (64-bit): Aug  4 2017 16:30:33
LogInit: Compiled with Visual C++: 19.00.24215.01
LogInit: Build Configuration: Development
LogInit: Branch Name: ++UE4+Release-4.17
LogInit: Command line: 
LogInit: Base directory: C:/Program Files (x86)/Epic Games/UE_4.17/Engine/Binaries/Win64/
LogInit: Installed Engine Build: 1
LogInit: Presizing for max 8388607 objects, including 0 objects not considered by GC, pre-allocating 0 bytes for permanent pool.
LogInit: Object subsystem initialized
[2018.02.26-15.25.54:043][  0]LogInit: Selected Device Profile: [Windows]
[2018.02.26-15.25.54:043][  0]LogInit: Applying CVar settings loaded from the selected device profile: [Windows]
[2018.02.26-15.25.54:080][  0]LogInit: Computer: MC11576
[2018.02.26-15.25.54:080][  0]LogInit: User: 1503395
[2018.02.26-15.25.54:080][  0]LogInit: CPU Page size=4096, Cores=4
[2018.02.26-15.25.54:080][  0]LogInit: High frequency timer resolution =3.328222 MHz
[2018.02.26-15.25.54:080][  0]LogMemory: Memory total: Physical=31.9GB (32GB approx)
[2018.02.26-15.25.54:080][  0]LogMemory: Platform Memory Stats for Windows
[2018.02.26-15.25.54:080][  0]LogMemory: Process Physical Memory: 280.72 MB used, 280.72 MB peak
[2018.02.26-15.25.54:080][  0]LogMemory: Process Virtual Memory: 285.34 MB used, 285.34 MB peak
[2018.02.26-15.25.54:080][  0]LogMemory: Physical Memory: 5878.68 MB used,  26829.69 MB free, 32708.37 MB total
[2018.02.26-15.25.54:080][  0]LogMemory: Virtual Memory: 659.66 MB used,  26829.69 MB free, 8388608.00 MB total
[2018.02.26-15.25.54:401][  0]LogInit: Using OS detected language (en-GB).
[2018.02.26-15.25.54:401][  0]LogInit: Using OS detected locale (en-GB).
[2018.02.26-15.25.54:405][  0]LogTextLocalizationManager: No specific localization for 'en-GB' exists, so the 'en' localization will be used.
[2018.02.26-15.25.55:183][  0]LogD3D11RHI: D3D11 adapters:
[2018.02.26-15.25.55:208][  0]LogD3D11RHI:    0. 'NVIDIA GeForce GTX 1070' (Feature Level 11_0)
[2018.02.26-15.25.55:208][  0]LogD3D11RHI:       8077/0/16098 MB DedicatedVideo/DedicatedSystem/SharedSystem, Outputs:1, VendorId:0x10de
[2018.02.26-15.25.55:208][  0]LogD3D11RHI: Chosen D3D11 Adapter: 0
[2018.02.26-15.25.55:212][  0]LogD3D11RHI: Creating new Direct3DDevice
[2018.02.26-15.25.55:213][  0]LogD3D11RHI:     GPU DeviceId: 0x1b81 (for the marketing name, search the web for "GPU Device Id")
[2018.02.26-15.25.55:213][  0]LogWindows: EnumDisplayDevices:
[2018.02.26-15.25.55:213][  0]LogWindows:    0. 'NVIDIA GeForce GTX 1070' (P:1 D:1)
[2018.02.26-15.25.55:213][  0]LogWindows:    1. 'NVIDIA GeForce GTX 1070' (P:0 D:0)
[2018.02.26-15.25.55:213][  0]LogWindows:    2. 'NVIDIA GeForce GTX 1070' (P:0 D:0)
[2018.02.26-15.25.55:213][  0]LogWindows:    3. 'NVIDIA GeForce GTX 1070' (P:0 D:0)
[2018.02.26-15.25.55:214][  0]LogWindows:    4. 'RDPDD Chained DD' (P:0 D:0)
[2018.02.26-15.25.55:214][  0]LogWindows:    5. 'RDP Encoder Mirror Driver' (P:0 D:0)
[2018.02.26-15.25.55:214][  0]LogWindows:    6. 'RDP Reflector Display Driver' (P:0 D:0)
[2018.02.26-15.25.55:214][  0]LogWindows: DebugString: GetVideoDriverDetailsInvalid PrimaryIsNotTheChoosenAdapter GetVideoDriverDetailsInvalid PrimaryIsNotTheChoosenAdapter GetVideoDriverDetailsInvalid PrimaryIsNotTheChoosenAdapter FoundDriverCount:4 
[2018.02.26-15.25.55:214][  0]LogD3D11RHI:     Adapter Name: NVIDIA GeForce GTX 1070
[2018.02.26-15.25.55:214][  0]LogD3D11RHI:   Driver Version: 390.65 (internal:23.21.13.9065, unified:390.65)
[2018.02.26-15.25.55:214][  0]LogD3D11RHI:      Driver Date: 1-3-2018
[2018.02.26-15.25.55:214][  0]LogRHI: Texture pool is 1361 MB (70% of 1945 MB)
[2018.02.26-15.25.55:224][  0]LogD3D11RHI: Async texture creation enabled
[2018.02.26-15.25.55:239][  0]LogD3D11RHI: GPU Timing Frequency: 1000.000000 (Debug: 2 2)
[2018.02.26-15.25.55:281][  0]LogShaderCompilers: Guid format shader working directory is 1 characters bigger than the processId version (M:/GitHub/Gameplay-Mechanics/PropNavigationGame/Intermediate/Shaders/WorkingDirectory/4008/).
[2018.02.26-15.25.55:282][  0]LogShaderCompilers: Cleaned the shader compiler working directory 'C:/Users/1503395/AppData/Local/Temp/UnrealShaderWorkingDir/BFC903BA41CEA791EA06AB97CB4045A1/'.
[2018.02.26-15.25.55:282][  0]LogShaderCompilers: Display: Using Local Shader Compiler.
[2018.02.26-15.25.56:368][  0]LogTemp: Display: Loaded TP AllDesktopTargetPlatform
[2018.02.26-15.25.56:462][  0]LogTemp: Display: Loaded TP MacClientTargetPlatform
[2018.02.26-15.25.56:556][  0]LogTemp: Display: Loaded TP MacNoEditorTargetPlatform
[2018.02.26-15.25.56:649][  0]LogTemp: Display: Loaded TP MacServerTargetPlatform
[2018.02.26-15.25.56:736][  0]LogTemp: Display: Loaded TP MacTargetPlatform
[2018.02.26-15.25.56:824][  0]LogTemp: Display: Loaded TP WindowsClientTargetPlatform
[2018.02.26-15.25.56:913][  0]LogTemp: Display: Loaded TP WindowsNoEditorTargetPlatform
[2018.02.26-15.25.57:005][  0]LogTemp: Display: Loaded TP WindowsServerTargetPlatform
[2018.02.26-15.25.57:086][  0]LogTemp: Display: Loaded TP WindowsTargetPlatform
[2018.02.26-15.25.57:185][  0]LogTemp: Display: Loaded TP AndroidTargetPlatform
[2018.02.26-15.25.57:293][  0]LogTemp: Display: Loaded TP Android_ASTCTargetPlatform
[2018.02.26-15.25.57:406][  0]LogTemp: Display: Loaded TP Android_ATCTargetPlatform
[2018.02.26-15.25.57:513][  0]LogTemp: Display: Loaded TP Android_DXTTargetPlatform
[2018.02.26-15.25.57:625][  0]LogTemp: Display: Loaded TP Android_ETC1TargetPlatform
[2018.02.26-15.25.57:720][  0]LogTemp: Display: Loaded TP Android_ETC2TargetPlatform
[2018.02.26-15.25.57:892][  0]LogTemp: Display: Loaded TP Android_MultiTargetPlatform
[2018.02.26-15.25.57:892][  0]LogTemp: Display: Loaded TP Android_PVRTCTargetPlatform
[2018.02.26-15.25.57:973][  0]LogTemp: Display: Loaded TP HTML5TargetPlatform
[2018.02.26-15.25.58:134][  0]LogTemp: Display: Loaded TP IOSTargetPlatform
[2018.02.26-15.25.58:187][  0]LogTemp: Display: Loaded TP TVOSTargetPlatform
[2018.02.26-15.25.58:271][  0]LogTemp: Display: Loaded TP LinuxClientTargetPlatform
[2018.02.26-15.25.58:357][  0]LogTemp: Display: Loaded TP LinuxNoEditorTargetPlatform
[2018.02.26-15.25.58:448][  0]LogTemp: Display: Loaded TP LinuxServerTargetPlatform
[2018.02.26-15.25.58:550][  0]LogTemp: Display: Loaded TP LinuxTargetPlatform
[2018.02.26-15.25.58:550][  0]LogTargetPlatformManager: Display: Building Assets For Windows
[2018.02.26-15.25.59:467][  0]LogDerivedDataCache: Display: Max Cache Size: 512 MB
[2018.02.26-15.25.59:578][  0]LogDerivedDataCache: Loaded boot cache 0.11s 93MB C:/Users/1503395/AppData/Local/UnrealEngine/4.17/DerivedDataCache/Boot.ddc.
[2018.02.26-15.25.59:578][  0]LogDerivedDataCache: Display: Loaded Boot cache: C:/Users/1503395/AppData/Local/UnrealEngine/4.17/DerivedDataCache/Boot.ddc
[2018.02.26-15.25.59:578][  0]LogDerivedDataCache: FDerivedDataBackendGraph:  Pak pak cache file M:/GitHub/Gameplay-Mechanics/PropNavigationGame/DerivedDataCache/DDC.ddp not found, will not use a pak cache.
[2018.02.26-15.25.59:579][  0]LogDerivedDataCache: Unable to find inner node Pak for hierarchical cache Hierarchy.
[2018.02.26-15.25.59:579][  0]LogDerivedDataCache: FDerivedDataBackendGraph:  CompressedPak pak cache file M:/GitHub/Gameplay-Mechanics/PropNavigationGame/DerivedDataCache/Compressed.ddp not found, will not use a pak cache.
[2018.02.26-15.25.59:579][  0]LogDerivedDataCache: Unable to find inner node CompressedPak for hierarchical cache Hierarchy.
[2018.02.26-15.25.59:596][  0]LogDerivedDataCache: Display: Pak cache opened for reading ../../../Engine/DerivedDataCache/Compressed.ddp.
[2018.02.26-15.25.59:608][  0]LogDerivedDataCache: Using Local data cache path C:/Users/1503395/AppData/Local/UnrealEngine/Common/DerivedDataCache: Writable
[2018.02.26-15.25.59:618][  0]LogMaterial: Verifying Global Shaders for PCD3D_SM5
[2018.02.26-15.25.59:618][  0]LogSlate: Using Freetype 2.6.0
[2018.02.26-15.25.59:619][  0]LogSlate: SlateFontCache - WITH_FREETYPE: 1, WITH_HARFBUZZ: 1
[2018.02.26-15.25.59:619][  0]LogSlate: SlateFontCache - WITH_FREETYPE: 1, WITH_HARFBUZZ: 1
[2018.02.26-15.25.59:922][  0]LogAssetRegistry: FAssetRegistry took 0.0265 seconds to start up
[2018.02.26-15.26.00:230][  0]LogInit: Selected Device Profile: [Windows]
[2018.02.26-15.26.00:235][  0]LogContentStreaming: Texture pool size is 0.00 MB
[2018.02.26-15.26.00:976][  0]LogSimplygon: Simplygon DLL not present - disabling.
[2018.02.26-15.26.01:061][  0]LogMeshReduction: Using SimplygonSwarm for distributed automatic mesh merging
[2018.02.26-15.26.01:061][  0]LogMeshReduction: Using QuadricMeshReduction for automatic static mesh reduction
[2018.02.26-15.26.01:061][  0]LogMeshReduction: No automatic skeletal mesh reduction module available
[2018.02.26-15.26.01:061][  0]LogMeshReduction: No automatic mesh merging module available
[2018.02.26-15.26.01:061][  0]LogMeshMerging: No automatic mesh merging module available
[2018.02.26-15.26.01:449][  0]LogNetVersion: PropNavigationGame , NetCL: 3573198, EngineNetVer: 2, GameNetVer: 0 (Checksum: 1685960384)
[2018.02.26-15.26.01:962][  0]LogPackageLocalizationCache: Processed 5 localized package path(s) for 2 prioritized culture(s) in 0.267237 seconds
[2018.02.26-15.26.01:968][  0]LogUObjectArray: 35825 objects as part of root set at end of initial load.
[2018.02.26-15.26.01:968][  0]LogUObjectAllocator: 7529112 out of 0 bytes used by permanent object pool.
[2018.02.26-15.26.01:968][  0]LogUObjectArray: CloseDisregardForGC: 0/0 objects in disregard for GC pool
[2018.02.26-15.26.02:080][  0]LogInit: WinSock: version 1.1 (2.2), MaxSocks=32767, MaxUdp=65467
[2018.02.26-15.26.06:165][  0]LogTcpMessaging: Initializing TcpMessaging bridge
[2018.02.26-15.26.06:222][  0]LogUdpMessaging: Initializing bridge on interface 0.0.0.0:0 to multicast group 230.0.0.1:6666.
[2018.02.26-15.26.06:223][  0]LogDirectoryWatcher: A directory notification failed for 'M:/GitHub/Gameplay-Mechanics/PropNavigationGame/Content/' because it was empty or there was a buffer overflow. Attemping another request...
[2018.02.26-15.26.07:122][  0]LogStats: FPlatformStackWalk::StackWalkAndDump -  0.136 s
[2018.02.26-15.26.07:122][  0]LogOutputDevice: Error: === Handled ensure: ===
[2018.02.26-15.26.07:122][  0]LogOutputDevice: Error: 
[2018.02.26-15.26.07:122][  0]LogOutputDevice: Error: Ensure condition failed: AttachmentRules.LocationRule == EAttachmentRule::KeepRelative && AttachmentRules.RotationRule == EAttachmentRule::KeepRelative && AttachmentRules.ScaleRule == EAttachmentRule::KeepRelative [File:D:\Build\++UE4+Release-4.17+Compile\Sync\Engine\Source\Runtime\Engine\Private\Components\SceneComponent.cpp] [Line: 1672]
[2018.02.26-15.26.07:122][  0]LogOutputDevice: Error: AttachToComponent when called from a constructor is only setting up attachment and will always be treated as KeepRelative. Consider calling SetupAttachment directly instead.
[2018.02.26-15.26.07:122][  0]LogOutputDevice: Error: Stack: 
[2018.02.26-15.26.07:122][  0]LogOutputDevice: Error: UE4Editor-Core.dll!0x00000000DFA235F6
[2018.02.26-15.26.07:122][  0]LogOutputDevice: Error: UE4Editor-Core.dll!0x00000000DF7AC2C2
[2018.02.26-15.26.07:122][  0]LogOutputDevice: Error: UE4Editor-Core.dll!0x00000000DF7C4736
[2018.02.26-15.26.07:122][  0]LogOutputDevice: Error: UE4Editor-Engine.dll!0x00000000DC6B2438
[2018.02.26-15.26.07:122][  0]LogOutputDevice: Error: UE4Editor-PropNavigationGame.dll!APlayerShip::APlayerShip() [m:\github\gameplay-mechanics\propnavigationgame\source\propnavigationgame\playership.cpp:21]
[2018.02.26-15.26.07:122][  0]LogOutputDevice: Error: UE4Editor-CoreUObject.dll!0x00000000E1B1A442
[2018.02.26-15.26.07:122][  0]LogOutputDevice: Error: UE4Editor-CoreUObject.dll!0x00000000E1D8324B
[2018.02.26-15.26.07:122][  0]LogOutputDevice: Error: UE4Editor-CoreUObject.dll!0x00000000E1D66C73
[2018.02.26-15.26.07:122][  0]LogOutputDevice: Error: UE4Editor-CoreUObject.dll!0x00000000E1B1C157
[2018.02.26-15.26.07:122][  0]LogOutputDevice: Error: UE4Editor-Core.dll!0x00000000DF648210
[2018.02.26-15.26.07:122][  0]LogOutputDevice: Error: UE4Editor-Core.dll!0x00000000DF8968C0
[2018.02.26-15.26.07:122][  0]LogOutputDevice: Error: UE4Editor-Projects.dll!0x00000000EE2EE06D
[2018.02.26-15.26.07:122][  0]LogOutputDevice: Error: UE4Editor-Projects.dll!0x00000000EE2EE37E
[2018.02.26-15.26.07:122][  0]LogOutputDevice: Error: UE4Editor.exe!0x000000003FB364B1
[2018.02.26-15.26.07:122][  0]LogOutputDevice: Error: UE4Editor.exe!0x000000003FB3A7BD
[2018.02.26-15.26.07:122][  0]LogOutputDevice: Error: UE4Editor.exe!0x000000003FB3379A
[2018.02.26-15.26.07:122][  0]LogOutputDevice: Error: UE4Editor.exe!0x000000003FB339EA
[2018.02.26-15.26.07:123][  0]LogOutputDevice: Error: UE4Editor.exe!0x000000003FB402D9
[2018.02.26-15.26.07:123][  0]LogOutputDevice: Error: UE4Editor.exe!0x000000003FB41C47
[2018.02.26-15.26.07:123][  0]LogOutputDevice: Error: kernel32.dll!0x00000000775C59CD
[2018.02.26-15.26.07:123][  0]LogOutputDevice: Error: ntdll.dll!0x000000007782383D
[2018.02.26-15.26.07:123][  0]LogOutputDevice: Error: 
[2018.02.26-15.26.07:131][  0]LogStats:                SubmitErrorReport -  0.000 s
[2018.02.26-15.26.08:194][  0]LogStats:                    SendNewReport -  1.063 s
[2018.02.26-15.26.08:194][  0]LogStats:             FDebug::EnsureFailed -  1.208 s
[2018.02.26-15.26.08:673][  0]LogMaterial: Uniform references updated for custom material expression Custom.
[2018.02.26-15.26.09:386][  0]SourceControl: Source control is disabled
[2018.02.26-15.26.09:386][  0]SourceControl: Source control is disabled
[2018.02.26-15.26.09:481][  0]SourceControl: Source control is disabled
[2018.02.26-15.26.09:567][  0]SourceControl: Source control is disabled
[2018.02.26-15.26.10:665][  0]LogAndroidPermission: UAndroidPermissionCallbackProxy::GetInstance
[2018.02.26-15.26.11:129][  0]LogOcInput: OculusInput pre-init called
[2018.02.26-15.26.11:597][  0]LogEngine: Initializing Engine...
[2018.02.26-15.26.11:599][  0]LogHMD: Failed to initialize OpenVR with code 110
[2018.02.26-15.26.11:817][  0]LogStats: UGameplayTagsManager::ConstructGameplayTagTree: Construct from data asset -  0.000 s
[2018.02.26-15.26.11:817][  0]LogStats: UGameplayTagsManager::ConstructGameplayTagTree: GameplayTagTreeChangedEvent.Broadcast -  0.000 s
[2018.02.26-15.26.12:065][  0]LogAIModule: Creating AISystem for world Untitled
[2018.02.26-15.26.12:078][  0]LogInit: XAudio2 using 'Realtek Digital Output (Realtek High Definition Audio)' : 2 channels at 48 kHz using 16 bits per sample (channel mask 0x3)
[2018.02.26-15.26.12:127][  0]LogInit: FAudioDevice initialized.
[2018.02.26-15.26.12:228][  0]LogDerivedDataCache: Saved boot cache 0.10s 93MB C:/Users/1503395/AppData/Local/UnrealEngine/4.17/DerivedDataCache/Boot.ddc.
[2018.02.26-15.26.12:239][  0]LogInit: Texture streaming: Enabled
[2018.02.26-15.26.12:442][  0]LogEngineSessionManager: EngineSessionManager initialized
[2018.02.26-15.26.12:850][  0]LogInit: Transaction tracking system initialized
[2018.02.26-15.26.13:449][  0]BlueprintLog: New page: Editor Load
[2018.02.26-15.26.15:229][  0]LocalizationService: Localization service is disabled
[2018.02.26-15.26.16:496][  0]LogConsoleResponse: Display: 
[2018.02.26-15.26.16:717][  0]LogCook: Display: Max memory allowance for cook 16384mb min free memory 0mb
[2018.02.26-15.26.16:717][  0]LogCook: Display: Mobile HDR setting 1
[2018.02.26-15.26.16:717][  0]LogGameplayTags: Display: UGameplayTagsManager::DoneAddingNativeTags. DelegateIsBound: 0
[2018.02.26-15.26.17:456][  0]LogFileCache: Scanning file cache for directory 'M:/GitHub/Gameplay-Mechanics/PropNavigationGame/Content/' took 0.03s
[2018.02.26-15.26.18:693][  0]SourceControl: Source control is disabled
[2018.02.26-15.26.18:693][  0]Cmd: MAP LOAD FILE="M:/GitHub/Gameplay-Mechanics/PropNavigationGame/Content/StarterContent/Maps/Minimal_Default.umap" TEMPLATE=0 SHOWPROGRESS=1 FEATURELEVEL=3
[2018.02.26-15.26.18:695][  0]LightingResults: New page: Lighting Build
[2018.02.26-15.26.18:778][  0]MapCheck: New page: Map Check
[2018.02.26-15.26.18:778][  0]LightingResults: New page: Lighting Build
[2018.02.26-15.26.19:217][  0]LogAIModule: Creating AISystem for world Minimal_Default
[2018.02.26-15.26.19:224][  0]LogEditorServer: Finished looking for orphan Actors (0.000 secs)
[2018.02.26-15.26.19:235][  0]Cmd: MAP CHECKDEP NOCLEARLOG
[2018.02.26-15.26.19:317][  0]MapCheck: Map check complete: 0 Error(s), 0 Warning(s), took 81.606ms to complete.
[2018.02.26-15.26.19:317][  0]LogFileHelpers: Loading map 'Minimal_Default' took 0.624
[2018.02.26-15.26.19:481][  0]LogCollectionManager: Loaded 0 collections in 0.003767 seconds
[2018.02.26-15.26.19:614][  0]LogFileCache: Scanning file cache for directory 'M:/GitHub/Gameplay-Mechanics/PropNavigationGame/Saved/Collections/' took 0.01s
[2018.02.26-15.26.19:614][  0]LogFileCache: Scanning file cache for directory 'M:/GitHub/Gameplay-Mechanics/PropNavigationGame/Content/Developers/1503395/Collections/' took 0.01s
[2018.02.26-15.26.19:614][  0]LogFileCache: Scanning file cache for directory 'M:/GitHub/Gameplay-Mechanics/PropNavigationGame/Content/Collections/' took 0.01s
[2018.02.26-15.26.19:614][  0]LogCollectionManager: Rebuilt the GUID cache for 0 collections in 0.000001 seconds
[2018.02.26-15.26.19:625][  0]LogContentBrowser: Native class hierarchy populated in 0.0114 seconds. Added 2388 classes and 502 folders.
[2018.02.26-15.26.19:752][  0]LogContentBrowser: Native class hierarchy updated for 'WidgetCarousel' in 0.0032 seconds. Added 0 classes and 0 folders.
[2018.02.26-15.26.19:803][  0]LogContentBrowser: Native class hierarchy updated for 'AddContentDialog' in 0.0033 seconds. Added 0 classes and 0 folders.
[2018.02.26-15.26.19:886][  0]LogContentBrowser: Native class hierarchy updated for 'SceneOutliner' in 0.0035 seconds. Added 1 classes and 2 folders.
[2018.02.26-15.26.19:910][  0]LogSlate: Took 0.000190 seconds to synchronously load lazily loaded font '../../../Engine/Content/Slate/Fonts/Roboto-Regular.ttf' (155K)
[2018.02.26-15.26.19:912][  0]LogSlate: Took 0.000257 seconds to synchronously load lazily loaded font '../../../Engine/Content/Slate/Fonts/Roboto-Bold.ttf' (160K)
[2018.02.26-15.26.19:918][  0]LogSlate: Took 0.000173 seconds to synchronously load lazily loaded font '../../../Engine/Content/Editor/Slate/Fonts/FontAwesome.ttf' (139K)
[2018.02.26-15.26.20:017][  0]LogRenderer: Reallocating scene render targets to support 1208x576 Format 10 NumSamples 1 (Frame:1).
[2018.02.26-15.26.20:258][  0]LogContentBrowser: Native class hierarchy updated for 'HierarchicalLODOutliner' in 0.0057 seconds. Added 1 classes and 2 folders.
[2018.02.26-15.26.20:258][  0]LogLoad: (Engine Initialization) Total time: 30.17 seconds
[2018.02.26-15.26.20:258][  0]LogLoad: (Engine Initialization) Total Blueprint compile time: 0.00 seconds
[2018.02.26-15.26.20:258][  0]LogExternalProfiler: Found external profiler: VSPerf
[2018.02.26-15.26.20:258][  0]LogExternalProfiler: Using external profiler: VSPerf
[2018.02.26-15.26.20:613][  0]LogDirectoryWatcher: A directory notification failed for 'M:/GitHub/Gameplay-Mechanics/PropNavigationGame/Content/' because it was empty or there was a buffer overflow. Attemping another request...
[2018.02.26-15.26.20:615][  0]LogDirectoryWatcher: A directory notification failed for 'M:/GitHub/Gameplay-Mechanics/PropNavigationGame/Content/', and we were unable to create a new request.
[2018.02.26-15.26.20:615][  0]LogDirectoryWatcher: A directory notification failed for 'M:/GitHub/Gameplay-Mechanics/PropNavigationGame/Binaries/Win64' because it was empty or there was a buffer overflow. Attemping another request...
[2018.02.26-15.26.20:615][  0]LogDirectoryWatcher: A directory notification failed for 'M:/GitHub/Gameplay-Mechanics/PropNavigationGame/Saved/Collections/' because it was empty or there was a buffer overflow. Attemping another request...
[2018.02.26-15.26.20:615][  0]LogDirectoryWatcher: A directory notification failed for 'M:/GitHub/Gameplay-Mechanics/PropNavigationGame/Content/Developers/1503395/Collections/' because it was empty or there was a buffer overflow. Attemping another request...
[2018.02.26-15.26.20:615][  0]LogDirectoryWatcher: A directory notification failed for 'M:/GitHub/Gameplay-Mechanics/PropNavigationGame/Content/Collections/' because it was empty or there was a buffer overflow. Attemping another request...
[2018.02.26-15.26.20:618][  0]LogContentStreaming: Texture pool size now 1000 MB
[2018.02.26-15.26.20:655][  0]LogSlate: Took 0.000205 seconds to synchronously load lazily loaded font '../../../Engine/Content/Slate/Fonts/Roboto-Light.ttf' (159K)
[2018.02.26-15.26.20:934][  1]LogAssetRegistry: Asset discovery search completed in 21.0323 seconds
[2018.02.26-15.26.20:935][  1]LogCollectionManager: Rebuilt the object cache for 0 collections in 0.000000 seconds (found 0 objects)
[2018.02.26-15.26.20:935][  1]LogCollectionManager: Fixed up redirectors for 0 collections in 0.000032 seconds (updated 0 objects)
[2018.02.26-15.26.20:936][  1]LogDirectoryWatcher: A directory notification failed for 'M:/GitHub/Gameplay-Mechanics/PropNavigationGame/Binaries/Win64' because it was empty or there was a buffer overflow. Attemping another request...
[2018.02.26-15.26.20:936][  1]LogDirectoryWatcher: A directory notification failed for 'M:/GitHub/Gameplay-Mechanics/PropNavigationGame/Binaries/Win64', and we were unable to create a new request.
[2018.02.26-15.26.20:936][  1]LogDirectoryWatcher: A directory notification failed for 'M:/GitHub/Gameplay-Mechanics/PropNavigationGame/Content/Collections/' because it was empty or there was a buffer overflow. Attemping another request...
[2018.02.26-15.26.20:937][  1]LogDirectoryWatcher: A directory notification failed for 'M:/GitHub/Gameplay-Mechanics/PropNavigationGame/Content/Collections/', and we were unable to create a new request.
[2018.02.26-15.26.20:937][  1]LogDirectoryWatcher: A directory notification failed for 'M:/GitHub/Gameplay-Mechanics/PropNavigationGame/Saved/Collections/' because it was empty or there was a buffer overflow. Attemping another request...
[2018.02.26-15.26.20:937][  1]LogDirectoryWatcher: A directory notification failed for 'M:/GitHub/Gameplay-Mechanics/PropNavigationGame/Saved/Collections/', and we were unable to create a new request.
[2018.02.26-15.26.20:937][  1]LogDirectoryWatcher: A directory notification failed for 'M:/GitHub/Gameplay-Mechanics/PropNavigationGame/Content/Developers/1503395/Collections/' because it was empty or there was a buffer overflow. Attemping another request...
[2018.02.26-15.26.20:938][  1]LogDirectoryWatcher: A directory notification failed for 'M:/GitHub/Gameplay-Mechanics/PropNavigationGame/Content/Developers/1503395/Collections/', and we were unable to create a new request.
[2018.02.26-15.26.30:742][118]LogSlate: Took 0.000166 seconds to synchronously load lazily loaded font '../../../Engine/Content/Slate/Fonts/Roboto-Light.ttf' (159K)
[2018.02.26-15.26.30:828][118]LogVSAccessor: Warning: Couldn't goto line number '0' in 'M:/GitHub/Gameplay-Mechanics/PropNavigationGame/Source/PropNavigationGame/FiringComponent.h'
[2018.02.26-15.26.30:830][118]LogVSAccessor: Warning: Couldn't open file 'M:/GitHub/Gameplay-Mechanics/PropNavigationGame/Source/PropNavigationGame/FiringComponent.cpp'.
[2018.02.26-15.27.42:945][662]LogSavePackage: Save=785.59ms
[2018.02.26-15.27.42:945][662]LogSavePackage: Moving 'M:/GitHub/Gameplay-Mechanics/PropNavigationGame/Saved/Minimal_Default371FE1A74E187F4B06F02CA6627C7E25.tmp' to 'M:/GitHub/Gameplay-Mechanics/PropNavigationGame/Content/StarterContent/Maps/Minimal_Default.umap'
[2018.02.26-15.27.42:963][662]LogSavePackage: Display: Finished SavePackage M:/GitHub/Gameplay-Mechanics/PropNavigationGame/Content/StarterContent/Maps/Minimal_Default.umap
[2018.02.26-15.27.43:007][662]LogSlate: Took 0.000191 seconds to synchronously load lazily loaded font '../../../Engine/Content/Slate/Fonts/Roboto-Regular.ttf' (155K)
[2018.02.26-15.27.46:907][ 98]Candidate modules for hot reload:
[2018.02.26-15.27.46:907][ 98]  PropNavigationGame
[2018.02.26-15.27.46:908][ 98]Launching UnrealBuildTool... [C:/Program Files (x86)/Epic Games/UE_4.17/Engine/Binaries/DotNET/UnrealBuildTool.exe PropNavigationGame -ModuleWithSuffix PropNavigationGame 1714 Win64 Development -editorrecompile -canskiplink "M:/GitHub/Gameplay-Mechanics/PropNavigationGame/PropNavigationGame.uproject" ]
[2018.02.26-15.27.46:909][ 98]Warning: Starting HotReload took  0.0s.
[2018.02.26-15.28.06:544][429]CompilerResultsLog: New page: Compilation - 26 Feb 2018 15:28:06
[2018.02.26-15.28.06:544][429]CompilerResultsLog: Compiling game modules for hot reload
[2018.02.26-15.28.06:544][429]CompilerResultsLog: Parsing headers for PropNavigationGameEditor
[2018.02.26-15.28.06:544][429]CompilerResultsLog:   Running UnrealHeaderTool "M:\GitHub\Gameplay-Mechanics\PropNavigationGame\PropNavigationGame.uproject" "M:\GitHub\Gameplay-Mechanics\PropNavigationGame\Intermediate\Build\Win64\PropNavigationGameEditor\Development\PropNavigationGameEditor.uhtmanifest" -LogCmds="loginit warning, logexit warning, logdatabase error" -Unattended -WarningsAsErrors -installed
[2018.02.26-15.28.06:544][429]CompilerResultsLog: Reflection code generated for PropNavigationGameEditor in 8.9993005 seconds
[2018.02.26-15.28.06:544][429]CompilerResultsLog: Performing 4 actions (4 in parallel)
[2018.02.26-15.28.06:544][429]CompilerResultsLog: FiringComponent.cpp
[2018.02.26-15.28.06:544][429]CompilerResultsLog: FiringComponent.gen.cpp
[2018.02.26-15.28.06:544][429]CompilerResultsLog: [3/4] Link UE4Editor-PropNavigationGame-1714.dll
[2018.02.26-15.28.06:544][429]CompilerResultsLog: [4/4] Link UE4Editor-PropNavigationGame-1714.lib
[2018.02.26-15.28.06:544][429]CompilerResultsLog:    Creating library M:\GitHub\Gameplay-Mechanics\PropNavigationGame\Intermediate\Build\Win64\UE4Editor\Development\UE4Editor-PropNavigationGame-1714.lib and object M:\GitHub\Gameplay-Mechanics\PropNavigationGame\Intermediate\Build\Win64\UE4Editor\Development\UE4Editor-PropNavigationGame-1714.exp
[2018.02.26-15.28.06:544][429]CompilerResultsLog:    Creating library M:\GitHub\Gameplay-Mechanics\PropNavigationGame\Intermediate\Build\Win64\UE4Editor\Development\UE4Editor-PropNavigationGame-1714.suppressed.lib and object M:\GitHub\Gameplay-Mechanics\PropNavigationGame\Intermediate\Build\Win64\UE4Editor\Development\UE4Editor-PropNavigationGame-1714.suppressed.exp
[2018.02.26-15.28.06:544][429]CompilerResultsLog: Total build time: 19.37 seconds (Local executor: 3.46 seconds)
[2018.02.26-15.28.06:544][429]LogMainFrame: MainFrame: Module compiling took 19.640 seconds
[2018.02.26-15.28.06:720][429]LogHotReload: Re-instancing FiringComponent after hot-reload.
[2018.02.26-15.28.06:767][429]LogContentBrowser: Native class hierarchy updated for 'PropNavigationGame' in 0.0070 seconds. Added 2 classes and 2 folders.
[2018.02.26-15.28.06:769][429]Display: HotReload successful (0 functions remapped  0 scriptstructs remapped)
[2018.02.26-15.28.06:830][429]LogContentBrowser: Native class hierarchy populated in 0.0106 seconds. Added 2390 classes and 506 folders.
[2018.02.26-15.28.06:831][429]Display: HotReload took 19.9s.
[2018.02.26-15.29.47:724][273]LogSavePackage: Save=451.10ms
[2018.02.26-15.29.47:724][273]LogSavePackage: Moving 'M:/GitHub/Gameplay-Mechanics/PropNavigationGame/Saved/Minimal_Default8BAD65814DF4D0AA6285698AFEFA1FAE.tmp' to 'M:/GitHub/Gameplay-Mechanics/PropNavigationGame/Content/StarterContent/Maps/Minimal_Default.umap'
[2018.02.26-15.29.47:742][273]LogSavePackage: Display: Finished SavePackage M:/GitHub/Gameplay-Mechanics/PropNavigationGame/Content/StarterContent/Maps/Minimal_Default.umap
[2018.02.26-15.29.49:118][430]Candidate modules for hot reload:
[2018.02.26-15.29.49:118][430]  PropNavigationGame
[2018.02.26-15.29.49:118][430]Launching UnrealBuildTool... [C:/Program Files (x86)/Epic Games/UE_4.17/Engine/Binaries/DotNET/UnrealBuildTool.exe PropNavigationGame -ModuleWithSuffix PropNavigationGame 9914 Win64 Development -editorrecompile -canskiplink "M:/GitHub/Gameplay-Mechanics/PropNavigationGame/PropNavigationGame.uproject" ]
[2018.02.26-15.29.49:119][430]Warning: Starting HotReload took  0.0s.
[2018.02.26-15.30.07:335][723]CompilerResultsLog: New page: Compilation - 26 Feb 2018 15:30:07
[2018.02.26-15.30.07:336][723]CompilerResultsLog: Compiling game modules for hot reload
[2018.02.26-15.30.07:336][723]CompilerResultsLog: Parsing headers for PropNavigationGameEditor
[2018.02.26-15.30.07:336][723]CompilerResultsLog:   Running UnrealHeaderTool "M:\GitHub\Gameplay-Mechanics\PropNavigationGame\PropNavigationGame.uproject" "M:\GitHub\Gameplay-Mechanics\PropNavigationGame\Intermediate\Build\Win64\PropNavigationGameEditor\Development\PropNavigationGameEditor.uhtmanifest" -LogCmds="loginit warning, logexit warning, logdatabase error" -Unattended -WarningsAsErrors -installed
[2018.02.26-15.30.07:336][723]CompilerResultsLog: Reflection code generated for PropNavigationGameEditor in 7.7476748 seconds
[2018.02.26-15.30.07:336][723]CompilerResultsLog: Performing 3 actions (4 in parallel)
[2018.02.26-15.30.07:336][723]CompilerResultsLog: FiringComponent.cpp
[2018.02.26-15.30.07:336][723]CompilerResultsLog: [2/3] Link UE4Editor-PropNavigationGame-9914.dll
[2018.02.26-15.30.07:336][723]CompilerResultsLog: [3/3] Link UE4Editor-PropNavigationGame-9914.lib
[2018.02.26-15.30.07:336][723]CompilerResultsLog:    Creating library M:\GitHub\Gameplay-Mechanics\PropNavigationGame\Intermediate\Build\Win64\UE4Editor\Development\UE4Editor-PropNavigationGame-9914.lib and object M:\GitHub\Gameplay-Mechanics\PropNavigationGame\Intermediate\Build\Win64\UE4Editor\Development\UE4Editor-PropNavigationGame-9914.exp
[2018.02.26-15.30.07:336][723]CompilerResultsLog:    Creating library M:\GitHub\Gameplay-Mechanics\PropNavigationGame\Intermediate\Build\Win64\UE4Editor\Development\UE4Editor-PropNavigationGame-9914.suppressed.lib and object M:\GitHub\Gameplay-Mechanics\PropNavigationGame\Intermediate\Build\Win64\UE4Editor\Development\UE4Editor-PropNavigationGame-9914.suppressed.exp
[2018.02.26-15.30.07:336][723]CompilerResultsLog: Total build time: 17.62 seconds (Local executor: 3.22 seconds)
[2018.02.26-15.30.07:336][723]LogMainFrame: MainFrame: Module compiling took 18.222 seconds
[2018.02.26-15.30.07:562][723]LogContentBrowser: Native class hierarchy updated for 'PropNavigationGame' in 0.0061 seconds. Added 2 classes and 2 folders.
[2018.02.26-15.30.07:564][723]Display: HotReload successful (0 functions remapped  0 scriptstructs remapped)
[2018.02.26-15.30.07:597][723]LogContentBrowser: Native class hierarchy populated in 0.0106 seconds. Added 2390 classes and 506 folders.
[2018.02.26-15.30.07:597][723]Display: HotReload took 18.5s.
[2018.02.26-15.34.20:453][461]LogContentBrowser: Native class hierarchy updated for 'SkeletonEditor' in 0.0056 seconds. Added 1 classes and 2 folders.
[2018.02.26-15.34.20:587][461]LogActorComponent: RegisterComponentWithWorld: (/Engine/Transient.World_2:PersistentLevel.Actor_0.DebugSkelMeshComponent_0) Already registered. Aborting.
[2018.02.26-15.34.20:620][461]LogSkeletalMesh: USkeletalMeshComponent::InitArticulated : Bodies already created (/Engine/Transient.World_2:PersistentLevel.Actor_0.DebugSkelMeshComponent_0) - call TermArticulated first.
[2018.02.26-15.34.20:939][461]LogContentBrowser: Native class hierarchy updated for 'ClothingSystemEditorInterface' in 0.0059 seconds. Added 1 classes and 0 folders.
[2018.02.26-15.34.54:595][761]LogTemp: Repeating last play command: Selected Viewport
[2018.02.26-15.34.56:476][761]LogBlueprintUserMessages: Early PlayInEditor Detection: Level '/Game/StarterContent/Maps/Minimal_Default.Minimal_Default:PersistentLevel' has LevelScriptBlueprint '/Game/StarterContent/Maps/Minimal_Default.Minimal_Default:PersistentLevel.Minimal_Default' with GeneratedClass '/Game/StarterContent/Maps/Minimal_Default.Minimal_Default_C' with ClassGeneratedBy '/Game/StarterContent/Maps/Minimal_Default.Minimal_Default:PersistentLevel.Minimal_Default'
[2018.02.26-15.34.56:476][761]LogPlayLevel: PlayLevel: No blueprints needed recompiling
[2018.02.26-15.34.56:476][761]PIE: New page: PIE session: Minimal_Default (26 Feb 2018 15:34:56)
[2018.02.26-15.34.56:476][761]LogPlayLevel: Creating play world package: /Game/StarterContent/Maps/UEDPIE_0_Minimal_Default
[2018.02.26-15.34.56:484][761]LogPlayLevel: PIE: StaticDuplicateObject took: (0.007355s)
[2018.02.26-15.34.56:484][761]LogAIModule: Creating AISystem for world Minimal_Default
[2018.02.26-15.34.56:485][761]LogPlayLevel: PIE: World Init took: (0.000684s)
[2018.02.26-15.34.56:485][761]LogPlayLevel: PIE: Created PIE world by copying editor world from /Game/StarterContent/Maps/Minimal_Default.Minimal_Default to /Game/StarterContent/Maps/UEDPIE_0_Minimal_Default.Minimal_Default (0.008341s)
[2018.02.26-15.34.56:496][761]LogInit: XAudio2 using 'Realtek Digital Output (Realtek High Definition Audio)' : 2 channels at 48 kHz using 16 bits per sample (channel mask 0x3)
[2018.02.26-15.34.56:542][761]LogInit: FAudioDevice initialized.
[2018.02.26-15.34.56:581][761]LogLoad: Game class is 'GameModeBase'
[2018.02.26-15.34.56:583][761]LogWorld: Bringing World /Game/StarterContent/Maps/UEDPIE_0_Minimal_Default.Minimal_Default up for play (max tick rate 0) at 2018.02.26-15.34.56
[2018.02.26-15.34.56:590][761]LogWorld: Bringing up level for play took: 0.008080
[2018.02.26-15.34.56:695][761]LogContentBrowser: Native class hierarchy updated for 'MovieSceneCapture' in 0.0051 seconds. Added 11 classes and 0 folders.
[2018.02.26-15.34.56:696][761]PIE: Play in editor start time for /Game/StarterContent/Maps/UEDPIE_0_Minimal_Default 0.573
[2018.02.26-15.34.56:696][761]LogBlueprintUserMessages: Late PlayInEditor Detection: Level '/Game/StarterContent/Maps/Minimal_Default.Minimal_Default:PersistentLevel' has LevelScriptBlueprint '/Game/StarterContent/Maps/Minimal_Default.Minimal_Default:PersistentLevel.Minimal_Default' with GeneratedClass '/Game/StarterContent/Maps/Minimal_Default.Minimal_Default_C' with ClassGeneratedBy '/Game/StarterContent/Maps/Minimal_Default.Minimal_Default:PersistentLevel.Minimal_Default'
[2018.02.26-15.35.07:998][109]LogBlueprintUserMessages: Early EndPlayMap Detection: Level '/Game/StarterContent/Maps/Minimal_Default.Minimal_Default:PersistentLevel' has LevelScriptBlueprint '/Game/StarterContent/Maps/Minimal_Default.Minimal_Default:PersistentLevel.Minimal_Default' with GeneratedClass '/Game/StarterContent/Maps/Minimal_Default.Minimal_Default_C' with ClassGeneratedBy '/Game/StarterContent/Maps/Minimal_Default.Minimal_Default:PersistentLevel.Minimal_Default'
[2018.02.26-15.35.08:026][109]LogBlueprintUserMessages: Late EndPlayMap Detection: Level '/Game/StarterContent/Maps/Minimal_Default.Minimal_Default:PersistentLevel' has LevelScriptBlueprint '/Game/StarterContent/Maps/Minimal_Default.Minimal_Default:PersistentLevel.Minimal_Default' with GeneratedClass '/Game/StarterContent/Maps/Minimal_Default.Minimal_Default_C' with ClassGeneratedBy '/Game/StarterContent/Maps/Minimal_Default.Minimal_Default:PersistentLevel.Minimal_Default'
[2018.02.26-15.35.19:639][486]LogSlate: Took 0.000278 seconds to synchronously load lazily loaded font '../../../Engine/Content/Editor/Slate/Fonts/Roboto-BoldCondensed.ttf' (158K)
[2018.02.26-15.35.26:137][231]Running C:/Program Files (x86)/Epic Games/UE_4.17/Engine/Binaries/DotNET/UnrealBuildTool.exe PropNavigationGame Win64 Development -editorrecompile "M:/GitHub/Gameplay-Mechanics/PropNavigationGame/PropNavigationGame.uproject" -invalidatemakefilesonly
[2018.02.26-15.35.26:639][231]Invalidating makefiles only in this run.
[2018.02.26-15.35.26:776][231]Candidate modules for hot reload:
[2018.02.26-15.35.26:776][231]  PropNavigationGame
[2018.02.26-15.35.26:778][231]Launching UnrealBuildTool... [C:/Program Files (x86)/Epic Games/UE_4.17/Engine/Binaries/DotNET/UnrealBuildTool.exe PropNavigationGame -ModuleWithSuffix PropNavigationGame 7328 Win64 Development -editorrecompile -canskiplink "M:/GitHub/Gameplay-Mechanics/PropNavigationGame/PropNavigationGame.uproject" ]
[2018.02.26-15.35.43:011][231]CompilerResultsLog: New page: Compilation - 26 Feb 2018 15:35:43
[2018.02.26-15.35.43:011][231]CompilerResultsLog: Compiling game modules for hot reload
[2018.02.26-15.35.43:011][231]CompilerResultsLog: Parsing headers for PropNavigationGameEditor
[2018.02.26-15.35.43:011][231]CompilerResultsLog:   Running UnrealHeaderTool "M:\GitHub\Gameplay-Mechanics\PropNavigationGame\PropNavigationGame.uproject" "M:\GitHub\Gameplay-Mechanics\PropNavigationGame\Intermediate\Build\Win64\PropNavigationGameEditor\Development\PropNavigationGameEditor.uhtmanifest" -LogCmds="loginit warning, logexit warning, logdatabase error" -Unattended -WarningsAsErrors -installed
[2018.02.26-15.35.43:011][231]CompilerResultsLog: Reflection code generated for PropNavigationGameEditor in 7.4423686 seconds
[2018.02.26-15.35.43:011][231]CompilerResultsLog: Performing 7 actions (4 in parallel)
[2018.02.26-15.35.43:011][231]CompilerResultsLog: FiringComponent.cpp
[2018.02.26-15.35.43:011][231]CompilerResultsLog: Bullet.cpp
[2018.02.26-15.35.43:011][231]CompilerResultsLog: Bullet.gen.cpp
[2018.02.26-15.35.43:011][231]CompilerResultsLog: FiringComponent.gen.cpp
[2018.02.26-15.35.43:011][231]CompilerResultsLog: Error: M:\GitHub\Gameplay-Mechanics\PropNavigationGame\Source\PropNavigationGame\FiringComponent.cpp(39) : error C2059: syntax error: '...'
[2018.02.26-15.35.43:011][231]CompilerResultsLog: PropNavigationGame.init.gen.cpp
[2018.02.26-15.35.43:011][231]CompilerResultsLog: ERROR: UBT ERROR: Failed to produce item: M:\GitHub\Gameplay-Mechanics\PropNavigationGame\Binaries\Win64\UE4Editor-PropNavigationGame-7328.dll
[2018.02.26-15.35.43:011][231]CompilerResultsLog: Total build time: 16.02 seconds (Local executor: 0.00 seconds)
[2018.02.26-15.35.43:011][231]LogMainFrame: MainFrame: Module compiling took 16.238 seconds
[2018.02.26-15.35.43:011][231]Warning: HotReload failed, recompile failed
[2018.02.26-15.35.43:020][231]Warning: RebindPackages failed because the compiler could not be started.
[2018.02.26-15.35.52:376][231]LogSlate: Took 0.009564 seconds to synchronously load lazily loaded font '../../../Engine/Content/Editor/Slate/Fonts/DroidSansMono.ttf' (77K)
[2018.02.26-15.37.07:193][227]Candidate modules for hot reload:
[2018.02.26-15.37.07:193][227]  PropNavigationGame
[2018.02.26-15.37.07:194][227]Launching UnrealBuildTool... [C:/Program Files (x86)/Epic Games/UE_4.17/Engine/Binaries/DotNET/UnrealBuildTool.exe PropNavigationGame -ModuleWithSuffix PropNavigationGame 685 Win64 Development -editorrecompile -canskiplink "M:/GitHub/Gameplay-Mechanics/PropNavigationGame/PropNavigationGame.uproject" ]
[2018.02.26-15.37.07:196][227]Warning: Starting HotReload took  0.0s.
[2018.02.26-15.37.13:532][383]CompilerResultsLog: New page: Compilation - 26 Feb 2018 15:37:13
[2018.02.26-15.37.13:532][383]CompilerResultsLog: Compiling game modules for hot reload
[2018.02.26-15.37.13:532][383]CompilerResultsLog: Target is up to date
[2018.02.26-15.37.13:532][383]CompilerResultsLog: Total build time: 6.11 seconds (NoActionsToExecute executor: 0.00 seconds)
[2018.02.26-15.37.13:532][383]LogMainFrame: MainFrame: Module compiling took 6.343 seconds
[2018.02.26-15.37.13:562][383]LogContentBrowser: Native class hierarchy populated in 0.0152 seconds. Added 2391 classes and 508 folders.
[2018.02.26-15.37.13:562][383]Display: HotReload took  6.4s.
[2018.02.26-15.37.22:228][686]LogTemp: Repeating last play command: Selected Viewport
[2018.02.26-15.37.22:241][686]LogBlueprintUserMessages: Early PlayInEditor Detection: Level '/Game/StarterContent/Maps/Minimal_Default.Minimal_Default:PersistentLevel' has LevelScriptBlueprint '/Game/StarterContent/Maps/Minimal_Default.Minimal_Default:PersistentLevel.Minimal_Default' with GeneratedClass '/Game/StarterContent/Maps/Minimal_Default.Minimal_Default_C' with ClassGeneratedBy '/Game/StarterContent/Maps/Minimal_Default.Minimal_Default:PersistentLevel.Minimal_Default'
[2018.02.26-15.37.22:241][686]LogPlayLevel: PlayLevel: No blueprints needed recompiling
[2018.02.26-15.37.22:241][686]PIE: New page: PIE session: Minimal_Default (26 Feb 2018 15:37:22)
[2018.02.26-15.37.22:241][686]LogPlayLevel: Creating play world package: /Game/StarterContent/Maps/UEDPIE_0_Minimal_Default
[2018.02.26-15.37.22:249][686]LogPlayLevel: PIE: StaticDuplicateObject took: (0.007585s)
[2018.02.26-15.37.22:249][686]LogAIModule: Creating AISystem for world Minimal_Default
[2018.02.26-15.37.22:249][686]LogPlayLevel: PIE: World Init took: (0.000758s)
[2018.02.26-15.37.22:249][686]LogPlayLevel: PIE: Created PIE world by copying editor world from /Game/StarterContent/Maps/Minimal_Default.Minimal_Default to /Game/StarterContent/Maps/UEDPIE_0_Minimal_Default.Minimal_Default (0.008584s)
[2018.02.26-15.37.22:258][686]LogInit: XAudio2 using 'Realtek Digital Output (Realtek High Definition Audio)' : 2 channels at 48 kHz using 16 bits per sample (channel mask 0x3)
[2018.02.26-15.37.22:310][686]LogInit: FAudioDevice initialized.
[2018.02.26-15.37.22:342][686]LogLoad: Game class is 'GameModeBase'
[2018.02.26-15.37.22:344][686]LogWorld: Bringing World /Game/StarterContent/Maps/UEDPIE_0_Minimal_Default.Minimal_Default up for play (max tick rate 0) at 2018.02.26-15.37.22
[2018.02.26-15.37.22:344][686]LogWorld: Bringing up level for play took: 0.001490
[2018.02.26-15.37.22:345][686]PIE: Play in editor start time for /Game/StarterContent/Maps/UEDPIE_0_Minimal_Default 0.218
[2018.02.26-15.37.22:346][686]LogBlueprintUserMessages: Late PlayInEditor Detection: Level '/Game/StarterContent/Maps/Minimal_Default.Minimal_Default:PersistentLevel' has LevelScriptBlueprint '/Game/StarterContent/Maps/Minimal_Default.Minimal_Default:PersistentLevel.Minimal_Default' with GeneratedClass '/Game/StarterContent/Maps/Minimal_Default.Minimal_Default_C' with ClassGeneratedBy '/Game/StarterContent/Maps/Minimal_Default.Minimal_Default:PersistentLevel.Minimal_Default'
[2018.02.26-15.37.24:589][951]LogBlueprintUserMessages: Early EndPlayMap Detection: Level '/Game/StarterContent/Maps/Minimal_Default.Minimal_Default:PersistentLevel' has LevelScriptBlueprint '/Game/StarterContent/Maps/Minimal_Default.Minimal_Default:PersistentLevel.Minimal_Default' with GeneratedClass '/Game/StarterContent/Maps/Minimal_Default.Minimal_Default_C' with ClassGeneratedBy '/Game/StarterContent/Maps/Minimal_Default.Minimal_Default:PersistentLevel.Minimal_Default'
[2018.02.26-15.37.24:618][951]LogBlueprintUserMessages: Late EndPlayMap Detection: Level '/Game/StarterContent/Maps/Minimal_Default.Minimal_Default:PersistentLevel' has LevelScriptBlueprint '/Game/StarterContent/Maps/Minimal_Default.Minimal_Default:PersistentLevel.Minimal_Default' with GeneratedClass '/Game/StarterContent/Maps/Minimal_Default.Minimal_Default_C' with ClassGeneratedBy '/Game/StarterContent/Maps/Minimal_Default.Minimal_Default:PersistentLevel.Minimal_Default'
[2018.02.26-15.37.26:936][222]Candidate modules for hot reload:
[2018.02.26-15.37.26:936][222]  PropNavigationGame
[2018.02.26-15.37.26:937][222]Launching UnrealBuildTool... [C:/Program Files (x86)/Epic Games/UE_4.17/Engine/Binaries/DotNET/UnrealBuildTool.exe PropNavigationGame -ModuleWithSuffix PropNavigationGame 5315 Win64 Development -editorrecompile -canskiplink "M:/GitHub/Gameplay-Mechanics/PropNavigationGame/PropNavigationGame.uproject" ]
[2018.02.26-15.37.26:938][222]Warning: Starting HotReload took  0.0s.
[2018.02.26-15.37.33:690][ 11]CompilerResultsLog: New page: Compilation - 26 Feb 2018 15:37:33
[2018.02.26-15.37.33:690][ 11]CompilerResultsLog: Compiling game modules for hot reload
[2018.02.26-15.37.33:690][ 11]CompilerResultsLog: Target is up to date
[2018.02.26-15.37.33:690][ 11]CompilerResultsLog: Total build time: 6.25 seconds (NoActionsToExecute executor: 0.00 seconds)
[2018.02.26-15.37.33:690][ 11]LogMainFrame: MainFrame: Module compiling took 6.757 seconds
[2018.02.26-15.37.33:718][ 11]LogContentBrowser: Native class hierarchy populated in 0.0161 seconds. Added 2391 classes and 508 folders.
[2018.02.26-15.37.33:718][ 11]Display: HotReload took  6.8s.
[2018.02.26-15.39.38:268][778]LogUProjectInfo: Found projects:
[2018.02.26-15.39.39:290][899]Cmd: CLOSE_SLATE_MAINFRAME
[2018.02.26-15.39.39:624][900]Cmd: QUIT_EDITOR
[2018.02.26-15.39.39:676][900]LogExit: Preparing to exit.
[2018.02.26-15.39.40:334][900]LogExit: Editor shut down
[2018.02.26-15.39.40:360][900]LogExit: Transaction tracking system shut down
[2018.02.26-15.39.40:836][900]LogDirectoryWatcher: A directory notification for '../../../Engine/Content/' was aborted.
[2018.02.26-15.39.40:836][900]LogDirectoryWatcher: A directory notification for '../../../Engine/Plugins/2D/Paper2D/Content/' was aborted.
[2018.02.26-15.39.40:836][900]LogDirectoryWatcher: A directory notification for '../../../Engine/Plugins/Runtime/Oculus/OculusVR/Content/' was aborted.
[2018.02.26-15.39.40:836][900]LogDirectoryWatcher: A directory notification for '../../../Engine/Plugins/Runtime/Steam/SteamVR/Content/' was aborted.
[2018.02.26-15.39.40:879][900]LogExit: Object subsystem successfully closed.
[2018.02.26-15.39.40:897][900]LogD3D11RHI: Shutdown
[2018.02.26-15.39.40:897][900]LogD3D11RHI: CleanupD3DDevice
[2018.02.26-15.39.41:006][900]LogD3D11RHI: ~FD3D11DynamicRHI
[2018.02.26-15.39.41:037][900]LogModuleManager: Shutting down and abandoning module MovieSceneCapture (540)
[2018.02.26-15.39.41:037][900]LogModuleManager: Shutting down and abandoning module ClothingSystemEditorInterface (538)
[2018.02.26-15.39.41:037][900]LogModuleManager: Shutting down and abandoning module SkeletonEditor (536)
[2018.02.26-15.39.41:038][900]LogModuleManager: Shutting down and abandoning module PropNavigationGame (534)
[2018.02.26-15.39.41:038][900]LogModuleManager: Shutting down and abandoning module HierarchicalLODOutliner (532)
[2018.02.26-15.39.41:038][900]LogModuleManager: Shutting down and abandoning module SceneOutliner (530)
[2018.02.26-15.39.41:038][900]LogModuleManager: Shutting down and abandoning module AddContentDialog (528)
[2018.02.26-15.39.41:038][900]LogDirectoryWatcher: A directory notification for 'C:/Program Files (x86)/Epic Games/UE_4.17/FeaturePacks/' was aborted.
[2018.02.26-15.39.41:040][900]LogModuleManager: Shutting down and abandoning module WidgetCarousel (527)
[2018.02.26-15.39.41:040][900]LogModuleManager: Shutting down and abandoning module EditorWidgets (524)
[2018.02.26-15.39.41:040][900]LogModuleManager: Shutting down and abandoning module CollectionManager (522)
[2018.02.26-15.39.41:040][900]LogModuleManager: Shutting down and abandoning module StatsViewer (520)
[2018.02.26-15.39.41:040][900]LogModuleManager: Shutting down and abandoning module FoliageEdit (518)
[2018.02.26-15.39.41:040][900]LogModuleManager: Shutting down and abandoning module LandscapeEditor (516)
[2018.02.26-15.39.41:040][900]LogModuleManager: Shutting down and abandoning module MeshPaintMode (514)
[2018.02.26-15.39.41:040][900]LogModuleManager: Shutting down and abandoning module SceneDepthPickerMode (512)
[2018.02.26-15.39.41:040][900]LogModuleManager: Shutting down and abandoning module ActorPickerMode (510)
[2018.02.26-15.39.41:040][900]LogModuleManager: Shutting down and abandoning module GeometryMode (508)
[2018.02.26-15.39.41:040][900]LogModuleManager: Shutting down and abandoning module TextureAlignMode (506)
[2018.02.26-15.39.41:040][900]LogModuleManager: Shutting down and abandoning module BspMode (504)
[2018.02.26-15.39.41:040][900]LogModuleManager: Shutting down and abandoning module PIEPreviewDeviceProfileSelector (502)
[2018.02.26-15.39.41:041][900]LogModuleManager: Shutting down and abandoning module HardwareSurvey (500)
[2018.02.26-15.39.41:041][900]LogModuleManager: Shutting down and abandoning module SequenceRecorderSections (498)
[2018.02.26-15.39.41:041][900]LogModuleManager: Shutting down and abandoning module AutomationWorker (496)
[2018.02.26-15.39.41:041][900]LogModuleManager: Shutting down and abandoning module MatineeToLevelSequence (494)
[2018.02.26-15.39.41:041][900]LogModuleManager: Shutting down and abandoning module LevelSequenceEditor (492)
[2018.02.26-15.39.41:041][900]LogModuleManager: Shutting down and abandoning module PlacementMode (491)
[2018.02.26-15.39.41:041][900]LogModuleManager: Shutting down and abandoning module WmfMediaFactory (488)
[2018.02.26-15.39.41:041][900]LogModuleManager: Shutting down and abandoning module WmfMediaEditor (486)
[2018.02.26-15.39.41:041][900]LogModuleManager: Shutting down and abandoning module AvfMediaFactory (484)
[2018.02.26-15.39.41:041][900]LogModuleManager: Shutting down and abandoning module AvfMediaEditor (482)
[2018.02.26-15.39.41:041][900]LogModuleManager: Shutting down and abandoning module AndroidMediaFactory (480)
[2018.02.26-15.39.41:041][900]LogModuleManager: Shutting down and abandoning module Media (479)
[2018.02.26-15.39.41:041][900]LogModuleManager: Shutting down and abandoning module AndroidMediaEditor (476)
[2018.02.26-15.39.41:041][900]LogModuleManager: Shutting down and abandoning module CharacterAI (474)
[2018.02.26-15.39.41:041][900]LogModuleManager: Shutting down and abandoning module AudioCapture (472)
[2018.02.26-15.39.41:041][900]LogModuleManager: Shutting down and abandoning module SequenceRecorder (471)
[2018.02.26-15.39.41:041][900]LogModuleManager: Shutting down and abandoning module SmartSnapping (468)
[2018.02.26-15.39.41:041][900]LogModuleManager: Shutting down and abandoning module SessionServices (466)
[2018.02.26-15.39.41:041][900]LogModuleManager: Shutting down and abandoning module ViewportSnapping (464)
[2018.02.26-15.39.41:041][900]LogModuleManager: Shutting down and abandoning module ViewportInteraction (462)
[2018.02.26-15.39.41:041][900]LogModuleManager: Shutting down and abandoning module ClothPainter (460)
[2018.02.26-15.39.41:041][900]LogModuleManager: Shutting down and abandoning module LogVisualizer (458)
[2018.02.26-15.39.41:041][900]LogModuleManager: Shutting down and abandoning module IntroTutorials (456)
[2018.02.26-15.39.41:041][900]LogModuleManager: Shutting down and abandoning module GameProjectGeneration (455)
[2018.02.26-15.39.41:041][900]LogModuleManager: Shutting down and abandoning module IOSPlatformEditor (452)
[2018.02.26-15.39.41:042][900]LogModuleManager: Shutting down and abandoning module HTML5PlatformEditor (450)
[2018.02.26-15.39.41:042][900]LogModuleManager: Shutting down and abandoning module AndroidPlatformEditor (448)
[2018.02.26-15.39.41:042][900]LogModuleManager: Shutting down and abandoning module AndroidDeviceDetection (447)
[2018.02.26-15.39.41:923][900]LogModuleManager: Shutting down and abandoning module WindowsPlatformEditor (444)
[2018.02.26-15.39.41:923][900]LogModuleManager: Shutting down and abandoning module IOSRuntimeSettings (442)
[2018.02.26-15.39.41:923][900]LogModuleManager: Shutting down and abandoning module AndroidRuntimeSettings (440)
[2018.02.26-15.39.41:923][900]LogModuleManager: Shutting down and abandoning module InputBindingEditor (438)
[2018.02.26-15.39.41:923][900]LogModuleManager: Shutting down and abandoning module MergeActors (436)
[2018.02.26-15.39.41:923][900]LogModuleManager: Shutting down and abandoning module SizeMap (434)
[2018.02.26-15.39.41:923][900]LogModuleManager: Shutting down and abandoning module TreeMap (432)
[2018.02.26-15.39.41:923][900]LogModuleManager: Shutting down and abandoning module ReferenceViewer (430)
[2018.02.26-15.39.41:923][900]LogModuleManager: Shutting down and abandoning module LocalizationDashboard (428)
[2018.02.26-15.39.41:923][900]LogModuleManager: Shutting down and abandoning module LocalizationService (427)
[2018.02.26-15.39.41:923][900]LogModuleManager: Shutting down and abandoning module HardwareTargeting (424)
[2018.02.26-15.39.41:923][900]LogModuleManager: Shutting down and abandoning module DeviceProfileEditor (422)
[2018.02.26-15.39.41:923][900]LogModuleManager: Shutting down and abandoning module UndoHistory (420)
[2018.02.26-15.39.41:923][900]LogModuleManager: Shutting down and abandoning module XmlParser (418)
[2018.02.26-15.39.41:923][900]LogModuleManager: Shutting down and abandoning module Blutility (416)
[2018.02.26-15.39.41:923][900]LogModuleManager: Shutting down and abandoning module ProjectSettingsViewer (414)
[2018.02.26-15.39.41:923][900]LogModuleManager: Shutting down and abandoning module ProjectTargetPlatformEditor (413)
[2018.02.26-15.39.41:924][900]LogModuleManager: Shutting down and abandoning module EditorSettingsViewer (410)
[2018.02.26-15.39.41:924][900]LogModuleManager: Shutting down and abandoning module SettingsEditor (408)
[2018.02.26-15.39.41:924][900]LogModuleManager: Shutting down and abandoning module ProjectLauncher (406)
[2018.02.26-15.39.41:924][900]LogModuleManager: Shutting down and abandoning module SessionFrontend (404)
[2018.02.26-15.39.41:924][900]LogModuleManager: Shutting down and abandoning module ProfilerClient (402)
[2018.02.26-15.39.41:924][900]LogModuleManager: Shutting down and abandoning module DeviceManager (400)
[2018.02.26-15.39.41:924][900]LogModuleManager: Shutting down and abandoning module TargetDeviceServices (399)
[2018.02.26-15.39.41:974][900]LogModuleManager: Shutting down and abandoning module AutomationController (396)
[2018.02.26-15.39.41:974][900]LogModuleManager: Shutting down and abandoning module AutomationWindow (394)
[2018.02.26-15.39.41:974][900]LogModuleManager: Shutting down and abandoning module Layers (392)
[2018.02.26-15.39.41:974][900]LogModuleManager: Shutting down and abandoning module ComponentVisualizers (390)
[2018.02.26-15.39.41:974][900]LogModuleManager: Shutting down and abandoning module DetailCustomizations (388)
[2018.02.26-15.39.41:974][900]LogModuleManager: Shutting down and abandoning module PackagesDialog (386)
[2018.02.26-15.39.41:974][900]LogModuleManager: Shutting down and abandoning module Persona (384)
[2018.02.26-15.39.41:974][900]LogModuleManager: Shutting down and abandoning module AdvancedPreviewScene (383)
[2018.02.26-15.39.41:974][900]LogModuleManager: Shutting down and abandoning module AnimGraph (381)
[2018.02.26-15.39.41:974][900]LogModuleManager: Shutting down and abandoning module Kismet (378)
[2018.02.26-15.39.41:974][900]LogModuleManager: Shutting down and abandoning module ClassViewer (376)
[2018.02.26-15.39.41:975][900]LogModuleManager: Shutting down and abandoning module Toolbox (374)
[2018.02.26-15.39.41:975][900]LogModuleManager: Shutting down and abandoning module ModuleUI (372)
[2018.02.26-15.39.41:975][900]LogModuleManager: Shutting down and abandoning module MovieSceneTools (370)
[2018.02.26-15.39.41:976][900]LogModuleManager: Shutting down and abandoning module OutputLog (368)
[2018.02.26-15.39.41:976][900]LogModuleManager: Shutting down and abandoning module GammaUI (366)
[2018.02.26-15.39.41:976][900]LogModuleManager: Shutting down and abandoning module Documentation (364)
[2018.02.26-15.39.41:976][900]LogModuleManager: Shutting down and abandoning module MovieSceneTracks (362)
[2018.02.26-15.39.41:976][900]LogModuleManager: Shutting down and abandoning module MovieScene (360)
[2018.02.26-15.39.41:976][900]LogModuleManager: Shutting down and abandoning module Niagara (358)
[2018.02.26-15.39.41:976][900]LogModuleManager: Shutting down and abandoning module NiagaraEditor (357)
[2018.02.26-15.39.41:976][900]LogModuleManager: Shutting down and abandoning module StreamingPauseRendering (354)
[2018.02.26-15.39.41:976][900]LogModuleManager: Shutting down and abandoning module LauncherPlatform (352)
[2018.02.26-15.39.41:976][900]LogModuleManager: Shutting down and abandoning module AnalyticsET (350)
[2018.02.26-15.39.41:976][900]LogModuleManager: Shutting down and abandoning module PortalServices (348)
[2018.02.26-15.39.41:976][900]LogModuleManager: Shutting down and abandoning module PortalRpc (346)
[2018.02.26-15.39.41:976][900]LogModuleManager: Shutting down and abandoning module MessagingRpc (344)
[2018.02.26-15.39.41:976][900]LogModuleManager: Shutting down and abandoning module AIModule (342)
[2018.02.26-15.39.41:976][900]LogModuleManager: Shutting down and abandoning module GameplayDebugger (341)
[2018.02.26-15.39.41:976][900]LogModuleManager: Shutting down and abandoning module AITestSuite (339)
[2018.02.26-15.39.41:976][900]LogModuleManager: Shutting down and abandoning module ProfilerService (336)
[2018.02.26-15.39.42:067][900]LogModuleManager: Shutting down and abandoning module TaskGraph (334)
[2018.02.26-15.39.42:067][900]LogModuleManager: Shutting down and abandoning module SteamVRController (332)
[2018.02.26-15.39.42:067][900]LogModuleManager: Shutting down and abandoning module ProceduralMeshComponentEditor (330)
[2018.02.26-15.39.42:067][900]LogModuleManager: Shutting down and abandoning module ProceduralMeshComponent (328)
[2018.02.26-15.39.42:067][900]LogModuleManager: Shutting down and abandoning module OculusInput (326)
[2018.02.26-15.39.42:067][900]LogModuleManager: Shutting down and abandoning module MobilePatchingUtils (324)
[2018.02.26-15.39.42:067][900]LogModuleManager: Shutting down and abandoning module CustomMeshComponent (322)
[2018.02.26-15.39.42:067][900]LogModuleManager: Shutting down and abandoning module CableComponent (320)
[2018.02.26-15.39.42:067][900]LogModuleManager: Shutting down and abandoning module ArchVisCharacter (318)
[2018.02.26-15.39.42:067][900]LogModuleManager: Shutting down and abandoning module AndroidPermission (316)
[2018.02.26-15.39.42:067][900]LogModuleManager: Shutting down and abandoning module MediaPlayerEditor (312)
[2018.02.26-15.39.42:068][900]LogModuleManager: Shutting down and abandoning module HTML5Networking (310)
[2018.02.26-15.39.42:068][900]LogModuleManager: Shutting down and abandoning module AlembicImporter (308)
[2018.02.26-15.39.42:068][900]LogModuleManager: Shutting down and abandoning module AlembicLibrary (307)
[2018.02.26-15.39.42:068][900]LogModuleManager: Shutting down and abandoning module GeometryCache (306)
[2018.02.26-15.39.42:068][900]LogModuleManager: Shutting down and abandoning module GeometryCacheEd (305)
[2018.02.26-15.39.42:068][900]LogModuleManager: Shutting down and abandoning module SpeedTreeImporter (300)
[2018.02.26-15.39.42:068][900]LogModuleManager: Shutting down and abandoning module PluginBrowser (298)
[2018.02.26-15.39.42:068][900]LogModuleManager: Shutting down and abandoning module MobileLauncherProfileWizard (296)
[2018.02.26-15.39.42:068][900]LogModuleManager: Shutting down and abandoning module VisualStudioSourceCodeAccess (294)
[2018.02.26-15.39.42:068][900]LogModuleManager: Shutting down and abandoning module DesktopPlatform (293)
[2018.02.26-15.39.42:068][900]LogModuleManager: Shutting down and abandoning module UObjectPlugin (290)
[2018.02.26-15.39.42:068][900]LogModuleManager: Shutting down and abandoning module SubversionSourceControl (288)
[2018.02.26-15.39.42:068][900]LogModuleManager: Shutting down and abandoning module PerforceSourceControl (286)
[2018.02.26-15.39.42:068][900]LogModuleManager: Shutting down and abandoning module GitSourceControl (284)
[2018.02.26-15.39.42:068][900]LogModuleManager: Shutting down and abandoning module SourceControl (283)
[2018.02.26-15.39.42:068][900]LogModuleManager: Shutting down and abandoning module LightPropagationVolumeEditor (280)
[2018.02.26-15.39.42:068][900]LogModuleManager: Shutting down and abandoning module PaperTiledImporter (278)
[2018.02.26-15.39.42:068][900]LogModuleManager: Shutting down and abandoning module PaperSpriteSheetImporter (276)
[2018.02.26-15.39.42:068][900]LogModuleManager: Shutting down and abandoning module Paper2DEditor (274)
[2018.02.26-15.39.42:068][900]LogModuleManager: Shutting down and abandoning module MeshPaint (273)
[2018.02.26-15.39.42:068][900]LogModuleManager: Shutting down and abandoning module LevelEditor (271)
[2018.02.26-15.39.42:069][900]LogModuleManager: Shutting down and abandoning module PixelInspectorModule (270)
[2018.02.26-15.39.42:069][900]LogModuleManager: Shutting down and abandoning module MainFrame (268)
[2018.02.26-15.39.42:069][900]LogModuleManager: Shutting down and abandoning module HotReload (267)
[2018.02.26-15.39.42:070][900]LogModuleManager: Shutting down and abandoning module RuntimePhysXCooking (260)
[2018.02.26-15.39.42:070][900]LogModuleManager: Shutting down and abandoning module PhysXVehiclesEditor (258)
[2018.02.26-15.39.42:070][900]LogModuleManager: Shutting down and abandoning module PhysXVehicles (256)
[2018.02.26-15.39.42:070][900]LogModuleManager: Shutting down and abandoning module OculusEditor (254)
[2018.02.26-15.39.42:070][900]LogModuleManager: Shutting down and abandoning module LocationServicesBPLibrary (252)
[2018.02.26-15.39.42:070][900]LogModuleManager: Shutting down and abandoning module ImmediatePhysicsEditor (250)
[2018.02.26-15.39.42:070][900]LogModuleManager: Shutting down and abandoning module ImmediatePhysics (248)
[2018.02.26-15.39.42:070][900]LogModuleManager: Shutting down and abandoning module UdpMessaging (246)
[2018.02.26-15.39.42:170][900]LogModuleManager: Shutting down and abandoning module TcpMessaging (244)
[2018.02.26-15.39.42:270][900]LogModuleManager: Shutting down and abandoning module GameplayTagsEditor (242)
[2018.02.26-15.39.42:270][900]LogModuleManager: Shutting down and abandoning module FacialAnimationEditor (240)
[2018.02.26-15.39.42:270][900]LogModuleManager: Shutting down and abandoning module FacialAnimation (238)
[2018.02.26-15.39.42:270][900]LogModuleManager: Shutting down and abandoning module AssetManagerEditor (236)
[2018.02.26-15.39.42:270][900]LogModuleManager: Shutting down and abandoning module GraphEditor (235)
[2018.02.26-15.39.42:270][900]LogModuleManager: Shutting down and abandoning module ContentBrowser (233)
[2018.02.26-15.39.42:271][900]LogModuleManager: Shutting down and abandoning module LightPropagationVolumeRuntime (230)
[2018.02.26-15.39.42:271][900]LogModuleManager: Shutting down and abandoning module Paper2D (228)
[2018.02.26-15.39.42:271][900]LogModuleManager: Shutting down and abandoning module WindowsMoviePlayer (226)
[2018.02.26-15.39.42:271][900]LogModuleManager: Shutting down and abandoning module WmfMedia (224)
[2018.02.26-15.39.42:272][900]LogModuleManager: Shutting down and abandoning module PacketHandler (222)
[2018.02.26-15.39.42:272][900]LogModuleManager: Shutting down and abandoning module ClothingSystemEditor (220)
[2018.02.26-15.39.42:272][900]LogModuleManager: Shutting down and abandoning module ClothingSystemRuntime (218)
[2018.02.26-15.39.42:272][900]LogModuleManager: Shutting down and abandoning module Overlay (216)
[2018.02.26-15.39.42:272][900]LogModuleManager: Shutting down and abandoning module OverlayEditor (215)
[2018.02.26-15.39.42:272][900]LogModuleManager: Shutting down and abandoning module MediaAssets (212)
[2018.02.26-15.39.42:272][900]LogModuleManager: Shutting down and abandoning module VREditor (210)
[2018.02.26-15.39.42:272][900]LogModuleManager: Shutting down and abandoning module StringTableEditor (208)
[2018.02.26-15.39.42:272][900]LogModuleManager: Shutting down and abandoning module GameplayTasksEditor (206)
[2018.02.26-15.39.42:272][900]LogModuleManager: Shutting down and abandoning module BehaviorTreeEditor (204)
[2018.02.26-15.39.42:272][900]LogModuleManager: Shutting down and abandoning module FunctionalTesting (202)
[2018.02.26-15.39.42:272][900]LogModuleManager: Shutting down and abandoning module CollisionAnalyzer (200)
[2018.02.26-15.39.42:272][900]LogModuleManager: Shutting down and abandoning module WorkspaceMenuStructure (199)
[2018.02.26-15.39.42:272][900]LogModuleManager: Shutting down and abandoning module UMG (196)
[2018.02.26-15.39.42:272][900]LogModuleManager: Shutting down and abandoning module UMGEditor (195)
[2018.02.26-15.39.42:272][900]LogModuleManager: Shutting down and abandoning module Sequencer (194)
[2018.02.26-15.39.42:272][900]LogModuleManager: Shutting down and abandoning module MessageLog (191)
[2018.02.26-15.39.42:272][900]LogModuleManager: Shutting down and abandoning module SlateReflector (186)
[2018.02.26-15.39.42:272][900]LogModuleManager: Shutting down and abandoning module Slate (184)
[2018.02.26-15.39.42:272][900]LogModuleManager: Shutting down and abandoning module EditorStyle (182)
[2018.02.26-15.39.42:275][900]LogModuleManager: Shutting down and abandoning module MRMesh (180)
[2018.02.26-15.39.42:275][900]LogModuleManager: Shutting down and abandoning module SourceCodeAccess (178)
[2018.02.26-15.39.42:275][900]LogModuleManager: Shutting down and abandoning module HeadMountedDisplay (176)
[2018.02.26-15.39.42:275][900]LogModuleManager: Shutting down and abandoning module XAudio2 (174)
[2018.02.26-15.39.42:276][900]LogModuleManager: Shutting down and abandoning module Networking (172)
[2018.02.26-15.39.42:276][900]LogModuleManager: Shutting down and abandoning module Core (168)
[2018.02.26-15.39.42:276][900]LogModuleManager: Shutting down and abandoning module KismetCompiler (164)
[2018.02.26-15.39.42:276][900]LogModuleManager: Shutting down and abandoning module MeshUtilities (162)
[2018.02.26-15.39.42:276][900]LogModuleManager: Shutting down and abandoning module MeshMergeUtilities (161)
[2018.02.26-15.39.42:276][900]LogModuleManager: Shutting down and abandoning module MeshReductionInterface (160)
[2018.02.26-15.39.42:276][900]LogModuleManager: Shutting down and abandoning module SimplygonSwarm (159)
[2018.02.26-15.39.42:276][900]LogModuleManager: Shutting down and abandoning module SimplygonMeshReduction (157)
[2018.02.26-15.39.42:276][900]LogModuleManager: Shutting down and abandoning module QuadricMeshReduction (155)
[2018.02.26-15.39.42:276][900]LogModuleManager: Shutting down and abandoning module MaterialBaking (151)
[2018.02.26-15.39.42:276][900]LogModuleManager: Shutting down and abandoning module LevelSequence (148)
[2018.02.26-15.39.42:276][900]LogModuleManager: Shutting down and abandoning module DirectoryWatcher (146)
[2018.02.26-15.39.42:277][900]LogModuleManager: Shutting down and abandoning module DerivedDataCache (144)
[2018.02.26-15.39.42:327][900]LogDerivedDataCache: Shutdown
[2018.02.26-15.39.42:327][900]LogModuleManager: Shutting down and abandoning module TargetPlatform (142)
[2018.02.26-15.39.42:327][900]LogModuleManager: Shutting down and abandoning module VulkanShaderFormat (141)
[2018.02.26-15.39.42:327][900]LogModuleManager: Shutting down and abandoning module ShaderFormatVectorVM (139)
[2018.02.26-15.39.42:327][900]LogModuleManager: Shutting down and abandoning module ShaderFormatOpenGL (137)
[2018.02.26-15.39.42:327][900]LogModuleManager: Shutting down and abandoning module ShaderFormatD3D (135)
[2018.02.26-15.39.42:327][900]LogModuleManager: Shutting down and abandoning module MetalShaderFormat (133)
[2018.02.26-15.39.42:327][900]LogModuleManager: Shutting down and abandoning module TextureFormatUncompressed (131)
[2018.02.26-15.39.42:327][900]LogModuleManager: Shutting down and abandoning module TextureFormatPVR (129)
[2018.02.26-15.39.42:327][900]LogModuleManager: Shutting down and abandoning module TextureFormatDXT (127)
[2018.02.26-15.39.42:327][900]LogModuleManager: Shutting down and abandoning module TextureFormatIntelISPCTexComp (125)
[2018.02.26-15.39.42:327][900]LogModuleManager: Shutting down and abandoning module TextureFormatASTC (123)
[2018.02.26-15.39.42:327][900]LogModuleManager: Shutting down and abandoning module ImageWrapper (122)
[2018.02.26-15.39.42:327][900]LogModuleManager: Shutting down and abandoning module TextureFormatAndroid (119)
[2018.02.26-15.39.42:327][900]LogModuleManager: Shutting down and abandoning module AudioFormatOpus (117)
[2018.02.26-15.39.42:328][900]LogModuleManager: Shutting down and abandoning module AudioFormatOgg (115)
[2018.02.26-15.39.42:328][900]LogModuleManager: Shutting down and abandoning module AudioFormatADPCM (113)
[2018.02.26-15.39.42:328][900]LogModuleManager: Shutting down and abandoning module LinuxTargetPlatform (111)
[2018.02.26-15.39.42:328][900]LogModuleManager: Shutting down and abandoning module LinuxServerTargetPlatform (109)
[2018.02.26-15.39.42:328][900]LogModuleManager: Shutting down and abandoning module LinuxNoEditorTargetPlatform (107)
[2018.02.26-15.39.42:328][900]LogModuleManager: Shutting down and abandoning module LinuxClientTargetPlatform (105)
[2018.02.26-15.39.42:328][900]LogModuleManager: Shutting down and abandoning module TVOSTargetPlatform (103)
[2018.02.26-15.39.42:328][900]LogModuleManager: Shutting down and abandoning module Messaging (101)
[2018.02.26-15.39.42:328][900]LogModuleManager: Shutting down and abandoning module IOSTargetPlatform (99)
[2018.02.26-15.39.42:328][900]LogModuleManager: Shutting down and abandoning module HTML5TargetPlatform (97)
[2018.02.26-15.39.42:328][900]LogModuleManager: Shutting down and abandoning module Android_PVRTCTargetPlatform (95)
[2018.02.26-15.39.42:328][900]LogModuleManager: Shutting down and abandoning module Android_MultiTargetPlatform (93)
[2018.02.26-15.39.42:328][900]LogModuleManager: Shutting down and abandoning module Android_ETC2TargetPlatform (91)
[2018.02.26-15.39.42:328][900]LogModuleManager: Shutting down and abandoning module Android_ETC1TargetPlatform (89)
[2018.02.26-15.39.42:328][900]LogModuleManager: Shutting down and abandoning module Android_DXTTargetPlatform (87)
[2018.02.26-15.39.42:328][900]LogModuleManager: Shutting down and abandoning module Android_ATCTargetPlatform (85)
[2018.02.26-15.39.42:328][900]LogModuleManager: Shutting down and abandoning module Android_ASTCTargetPlatform (83)
[2018.02.26-15.39.42:328][900]LogModuleManager: Shutting down and abandoning module AndroidTargetPlatform (81)
[2018.02.26-15.39.42:328][900]LogModuleManager: Shutting down and abandoning module WindowsTargetPlatform (79)
[2018.02.26-15.39.42:328][900]LogModuleManager: Shutting down and abandoning module WindowsServerTargetPlatform (77)
[2018.02.26-15.39.42:328][900]LogModuleManager: Shutting down and abandoning module WindowsNoEditorTargetPlatform (75)
[2018.02.26-15.39.42:328][900]LogModuleManager: Shutting down and abandoning module WindowsClientTargetPlatform (73)
[2018.02.26-15.39.42:328][900]LogModuleManager: Shutting down and abandoning module MacTargetPlatform (71)
[2018.02.26-15.39.42:328][900]LogModuleManager: Shutting down and abandoning module MacServerTargetPlatform (69)
[2018.02.26-15.39.42:328][900]LogModuleManager: Shutting down and abandoning module MacNoEditorTargetPlatform (67)
[2018.02.26-15.39.42:328][900]LogModuleManager: Shutting down and abandoning module MacClientTargetPlatform (65)
[2018.02.26-15.39.42:328][900]LogModuleManager: Shutting down and abandoning module AllDesktopTargetPlatform (63)
[2018.02.26-15.39.42:328][900]LogModuleManager: Shutting down and abandoning module InputCore (60)
[2018.02.26-15.39.42:328][900]LogModuleManager: Shutting down and abandoning module Settings (58)
[2018.02.26-15.39.42:328][900]LogModuleManager: Shutting down and abandoning module PhysXCooking (56)
[2018.02.26-15.39.42:328][900]LogModuleManager: Shutting down and abandoning module SteamVR (54)
[2018.02.26-15.39.42:328][900]LogModuleManager: Shutting down and abandoning module OculusHMD (52)
[2018.02.26-15.39.42:328][900]LogModuleManager: Shutting down and abandoning module ExampleDeviceProfileSelector (50)
[2018.02.26-15.39.42:328][900]LogModuleManager: Shutting down and abandoning module OnlineBlueprintSupport (48)
[2018.02.26-15.39.42:328][900]LogModuleManager: Shutting down and abandoning module OnlineSubsystem (44)
[2018.02.26-15.39.42:328][900]LogOnline: Display: Unloading online subsystem: NULL
[2018.02.26-15.39.42:328][900]LogModuleManager: Shutting down and abandoning module XMPP (43)
[2018.02.26-15.39.42:329][900]LogModuleManager: Shutting down and abandoning module HTTP (41)
[2018.02.26-15.39.42:329][900]LogHttp: Display: Http module shutting down, but needs to wait on 1 outstanding Http requests:
[2018.02.26-15.39.42:329][900]LogHttp: Display: 	verb=[POST] url=[https://datarouter.ol.epicgames.com/datarouter/api/v1/public/data?SessionID=%7B8A9015DA-4436-61D3-639D-6E8E1C127235%7D&AppID=UEEditor.Rocket.Release&AppVersion=4.17.0-3573198%2B%2B%2BUE4%2BRelease-4.17&UserID=de4150cf441e668205ab2db0aeb3c32c%7C%7C4ba719d2-bf37-443c-b8ae-49b2015437d7&AppEnvironment=datacollector-binary&UploadType=eteventstream] status=Processing
[2018.02.26-15.39.42:363][900]LogModuleManager: Shutting down and abandoning module SSL (40)
[2018.02.26-15.39.42:365][900]LogModuleManager: Shutting down and abandoning module AnimationModifiers (36)
[2018.02.26-15.39.42:366][900]LogModuleManager: Shutting down and abandoning module PropertyEditor (35)
[2018.02.26-15.39.42:366][900]LogModuleManager: Shutting down and abandoning module AudioEditor (32)
[2018.02.26-15.39.42:366][900]LogModuleManager: Shutting down and abandoning module TextureCompressor (30)
[2018.02.26-15.39.42:366][900]LogModuleManager: Shutting down and abandoning module ShaderCore (28)
[2018.02.26-15.39.42:366][900]LogModuleManager: Shutting down and abandoning module Landscape (26)
[2018.02.26-15.39.42:366][900]LogModuleManager: Shutting down and abandoning module SlateRHIRenderer (24)
[2018.02.26-15.39.42:367][900]LogModuleManager: Shutting down and abandoning module OpenGLDrv (22)
[2018.02.26-15.39.42:367][900]LogModuleManager: Shutting down and abandoning module D3D11RHI (20)
[2018.02.26-15.39.42:367][900]LogModuleManager: Shutting down and abandoning module AnimGraphRuntime (18)
[2018.02.26-15.39.42:367][900]LogModuleManager: Shutting down and abandoning module Renderer (16)
[2018.02.26-15.39.42:367][900]LogModuleManager: Shutting down and abandoning module Engine (14)
[2018.02.26-15.39.42:367][900]LogModuleManager: Shutting down and abandoning module CoreUObject (12)
[2018.02.26-15.39.42:367][900]LogModuleManager: Shutting down and abandoning module NetworkFile (10)
[2018.02.26-15.39.42:367][900]LogModuleManager: Shutting down and abandoning module CookedIterativeFile (8)
[2018.02.26-15.39.42:367][900]LogModuleManager: Shutting down and abandoning module StreamingFile (6)
[2018.02.26-15.39.42:367][900]LogModuleManager: Shutting down and abandoning module SandboxFile (4)
[2018.02.26-15.39.42:367][900]LogModuleManager: Shutting down and abandoning module PakFile (2)
[2018.02.26-15.39.42:371][900]LogExit: Exiting.
[2018.02.26-15.39.42:395][900]Log file closed, 02/26/18 15:39:42
