Log file open, 03/02/18 14:40:17
LogWindows: LoadLibraryWithSearchPaths failed for file aqProf.dll. GetLastError=0
LogWindows: LoadLibraryWithSearchPaths failed for file VSPerf140.dll. GetLastError=0
LogWindows: LoadLibraryWithSearchPaths failed for file VtuneApi.dll. GetLastError=0
LogWindows: LoadLibraryWithSearchPaths failed for file VtuneApi32e.dll. GetLastError=0
LogInit: Display: Running engine for game: PropNavigationGame
LogPlatformFile: Not using cached read wrapper
LogInit: Display: RandInit(-1859630179) SRandInit(-1859630179).
LogTaskGraph: Started task graph with 5 named threads and 14 total threads with 3 sets of task threads.
LogStats: Stats thread started at 0.167745
LogD3D11RHI: Aftermath initialized
LogPluginManager: Mounting plugin Paper2D
LogPluginManager: Mounting plugin LightPropagationVolume
LogPluginManager: Mounting plugin CodeLiteSourceCodeAccess
LogPluginManager: Mounting plugin GitSourceControl
LogPluginManager: Mounting plugin KDevelopSourceCodeAccess
LogPluginManager: Mounting plugin NullSourceCodeAccess
LogPluginManager: Mounting plugin PerforceSourceControl
LogPluginManager: Mounting plugin SubversionSourceControl
LogPluginManager: Mounting plugin UObjectPlugin
LogPluginManager: Mounting plugin VisualStudioSourceCodeAccess
LogPluginManager: Mounting plugin XCodeSourceCodeAccess
LogPluginManager: Mounting plugin AssetManagerEditor
LogPluginManager: Mounting plugin AudioCapture
LogPluginManager: Mounting plugin FacialAnimation
LogPluginManager: Mounting plugin GameplayTagsEditor
LogPluginManager: Mounting plugin MobileLauncherProfileWizard
LogPluginManager: Mounting plugin PluginBrowser
LogPluginManager: Mounting plugin SpeedTreeImporter
LogPluginManager: Mounting plugin AlembicImporter
LogPluginManager: Mounting plugin CharacterAI
LogPluginManager: Mounting plugin HTML5Networking
LogPluginManager: Mounting plugin AndroidMedia
LogPluginManager: Mounting plugin AvfMedia
LogPluginManager: Mounting plugin MediaPlayerEditor
LogPluginManager: Mounting plugin WmfMedia
LogPluginManager: Mounting plugin TcpMessaging
LogPluginManager: Mounting plugin UdpMessaging
LogPluginManager: Mounting plugin LevelSequenceEditor
LogPluginManager: Mounting plugin MatineeToLevelSequence
LogPluginManager: Mounting plugin OnlineSubsystemGooglePlay
LogPluginManager: Mounting plugin OnlineSubsystemIOS
LogPluginManager: Mounting plugin OnlineSubsystem
LogPluginManager: Mounting plugin OnlineSubsystemNull
LogPluginManager: Mounting plugin OnlineSubsystemUtils
LogPluginManager: Mounting plugin AndroidDeviceProfileSelector
LogPluginManager: Mounting plugin AndroidMoviePlayer
LogPluginManager: Mounting plugin AndroidPermission
LogPluginManager: Mounting plugin AppleMoviePlayer
LogPluginManager: Mounting plugin ArchVisCharacter
LogPluginManager: Mounting plugin CableComponent
LogPluginManager: Mounting plugin CustomMeshComponent
LogPluginManager: Mounting plugin ExampleDeviceProfileSelector
LogPluginManager: Mounting plugin GoogleCloudMessaging
LogPluginManager: Mounting plugin ImmediatePhysics
LogPluginManager: Mounting plugin IOSDeviceProfileSelector
LogPluginManager: Mounting plugin LinuxDeviceProfileSelector
LogPluginManager: Mounting plugin LocationServicesBPLibrary
LogPluginManager: Mounting plugin MobilePatchingUtils
LogPluginManager: Mounting plugin OculusVR
LogPluginManager: Mounting plugin PhysXVehicles
LogPluginManager: Mounting plugin ProceduralMeshComponent
LogPluginManager: Mounting plugin RuntimePhysXCooking
LogPluginManager: Mounting plugin SteamVR
LogPluginManager: Mounting plugin WindowsMoviePlayer
LogInit: Using libcurl 7.47.1
LogInit:  - built for x86_64-pc-win32
LogInit:  - supports SSL with OpenSSL/1.0.2g
LogInit:  - supports HTTP deflate (compression) using libz 1.2.8
LogInit:  - other features:
LogInit:      CURL_VERSION_SSL
LogInit:      CURL_VERSION_LIBZ
LogInit:      CURL_VERSION_IPV6
LogInit:      CURL_VERSION_ASYNCHDNS
LogInit:      CURL_VERSION_LARGEFILE
LogInit:      CURL_VERSION_IDN
LogInit:  CurlRequestOptions (configurable via config and command line):
LogInit:  - bVerifyPeer = false  - Libcurl will NOT verify peer certificate
LogInit:  - bUseHttpProxy = false  - Libcurl will NOT use HTTP proxy
LogInit:  - bDontReuseConnections = false  - Libcurl will reuse connections
LogInit:  - CertBundlePath = nullptr  - Libcurl will use whatever was configured at build time.
LogInit: Build: ++UE4+Release-4.17-CL-3573198
LogInit: Engine Version: 4.17.0-3573198+++UE4+Release-4.17
LogInit: Compatible Engine Version: 4.17.0-3573198+++UE4+Release-4.17
LogInit: Net CL: 3573198
LogDevObjectVersion: Number of dev versions registered: 16
LogDevObjectVersion:   Dev-Blueprints (B0D832E4-1F89-4F0D-ACCF-7EB736FD4AA2): 10
LogDevObjectVersion:   Dev-Build (E1C64328-A22C-4D53-A36C-8E866417BD8C): 0
LogDevObjectVersion:   Dev-Core (375EC13C-06E4-48FB-B500-84F0262A717E): 2
LogDevObjectVersion:   Dev-Editor (E4B068ED-F494-42E9-A231-DA0B2E46BB41): 20
LogDevObjectVersion:   Dev-Framework (CFFC743F-43B0-4480-9391-14DF171D2073): 28
LogDevObjectVersion:   Dev-Mobile (B02B49B5-BB20-44E9-A304-32B752E40360): 0
LogDevObjectVersion:   Dev-Networking (A4E4105C-59A1-49B5-A7C5-40C4547EDFEE): 0
LogDevObjectVersion:   Dev-Online (39C831C9-5AE6-47DC-9A44-9C173E1C8E7C): 0
LogDevObjectVersion:   Dev-Physics (78F01B33-EBEA-4F98-B9B4-84EACCB95AA2): 0
LogDevObjectVersion:   Dev-Platform (6631380F-2D4D-43E0-8009-CF276956A95A): 0
LogDevObjectVersion:   Dev-Rendering (12F88B9F-8875-4AFC-A67C-D90C383ABD29): 19
LogDevObjectVersion:   Dev-Sequencer (7B5AE74C-D270-4C10-A958-57980B212A5A): 4
LogDevObjectVersion:   Dev-VR (D7296918-1DD6-4BDD-9DE2-64A83CC13884): 0
LogDevObjectVersion:   Dev-LoadTimes (C2A15278-BFE7-4AFE-6C17-90FF531DF755): 1
LogDevObjectVersion:   Private-Geometry (6EACA3D4-40EC-4CC1-B786-8BED09428FC5): 1
LogDevObjectVersion:   Dev-AnimPhys (29E575DD-E0A3-4627-9D10-D276232CDCEA): 7
LogInit: Compiled (64-bit): Aug  4 2017 16:30:33
LogInit: Compiled with Visual C++: 19.00.24215.01
LogInit: Build Configuration: Development
LogInit: Branch Name: ++UE4+Release-4.17
LogInit: Command line: 
LogInit: Base directory: C:/Program Files (x86)/Epic Games/UE_4.17/Engine/Binaries/Win64/
LogInit: Installed Engine Build: 1
LogInit: Presizing for max 8388607 objects, including 0 objects not considered by GC, pre-allocating 0 bytes for permanent pool.
LogInit: Object subsystem initialized
[2018.03.02-14.40.19:505][  0]LogInit: Selected Device Profile: [Windows]
[2018.03.02-14.40.19:505][  0]LogInit: Applying CVar settings loaded from the selected device profile: [Windows]
[2018.03.02-14.40.19:559][  0]LogInit: Computer: MC11610
[2018.03.02-14.40.19:560][  0]LogInit: User: 1503395
[2018.03.02-14.40.19:560][  0]LogInit: CPU Page size=4096, Cores=4
[2018.03.02-14.40.19:560][  0]LogInit: High frequency timer resolution =3.328126 MHz
[2018.03.02-14.40.19:560][  0]LogMemory: Memory total: Physical=31.9GB (32GB approx)
[2018.03.02-14.40.19:561][  0]LogMemory: Platform Memory Stats for Windows
[2018.03.02-14.40.19:561][  0]LogMemory: Process Physical Memory: 279.39 MB used, 279.39 MB peak
[2018.03.02-14.40.19:561][  0]LogMemory: Process Virtual Memory: 282.12 MB used, 282.12 MB peak
[2018.03.02-14.40.19:561][  0]LogMemory: Physical Memory: 5021.16 MB used,  27687.21 MB free, 32708.36 MB total
[2018.03.02-14.40.19:561][  0]LogMemory: Virtual Memory: 709.63 MB used,  27687.21 MB free, 134217728.00 MB total
[2018.03.02-14.40.19:924][  0]LogInit: Using OS detected language (en-US).
[2018.03.02-14.40.19:924][  0]LogInit: Using OS detected locale (en-GB).
[2018.03.02-14.40.19:927][  0]LogTextLocalizationManager: No specific localization for 'en-US' exists, so the 'en' localization will be used.
[2018.03.02-14.40.20:565][  0]LogD3D11RHI: D3D11 adapters:
[2018.03.02-14.40.20:607][  0]LogD3D11RHI:    0. 'NVIDIA GeForce GTX 1070' (Feature Level 11_0)
[2018.03.02-14.40.20:607][  0]LogD3D11RHI:       8088/0/16354 MB DedicatedVideo/DedicatedSystem/SharedSystem, Outputs:1, VendorId:0x10de
[2018.03.02-14.40.20:609][  0]LogD3D11RHI:    1. 'Microsoft Basic Render Driver' (Feature Level 11_0)
[2018.03.02-14.40.20:609][  0]LogD3D11RHI:       0/0/16354 MB DedicatedVideo/DedicatedSystem/SharedSystem, Outputs:0, VendorId:0x1414
[2018.03.02-14.40.20:609][  0]LogD3D11RHI: Chosen D3D11 Adapter: 0
[2018.03.02-14.40.20:614][  0]LogD3D11RHI: Creating new Direct3DDevice
[2018.03.02-14.40.20:614][  0]LogD3D11RHI:     GPU DeviceId: 0x1b81 (for the marketing name, search the web for "GPU Device Id")
[2018.03.02-14.40.20:614][  0]LogWindows: EnumDisplayDevices:
[2018.03.02-14.40.20:614][  0]LogWindows:    0. 'NVIDIA GeForce GTX 1070' (P:1 D:1)
[2018.03.02-14.40.20:614][  0]LogWindows:    1. 'NVIDIA GeForce GTX 1070' (P:0 D:0)
[2018.03.02-14.40.20:614][  0]LogWindows:    2. 'NVIDIA GeForce GTX 1070' (P:0 D:0)
[2018.03.02-14.40.20:614][  0]LogWindows:    3. 'NVIDIA GeForce GTX 1070' (P:0 D:0)
[2018.03.02-14.40.20:614][  0]LogWindows: DebugString: GetVideoDriverDetailsInvalid PrimaryIsNotTheChoosenAdapter GetVideoDriverDetailsInvalid PrimaryIsNotTheChoosenAdapter GetVideoDriverDetailsInvalid PrimaryIsNotTheChoosenAdapter GetVideoDriverDetailsInvalid PrimaryIsNotTheChoosenAdapter FoundDriverCount:0 
[2018.03.02-14.40.20:614][  0]LogD3D11RHI:     Adapter Name: NVIDIA GeForce GTX 1070
[2018.03.02-14.40.20:614][  0]LogD3D11RHI:   Driver Version: Unknown (internal:Unknown, unified:Unknown)
[2018.03.02-14.40.20:614][  0]LogD3D11RHI:      Driver Date: Unknown
[2018.03.02-14.40.20:614][  0]LogRHI: Texture pool is 1361 MB (70% of 1945 MB)
[2018.03.02-14.40.20:635][  0]LogD3D11RHI: Async texture creation enabled
[2018.03.02-14.40.20:650][  0]LogD3D11RHI: GPU Timing Frequency: 1000.000000 (Debug: 2 2)
[2018.03.02-14.40.20:693][  0]LogShaderCompilers: Guid format shader working directory is 1 characters bigger than the processId version (M:/GitHub/Gameplay-Mechanics/PropNavigationGame/Intermediate/Shaders/WorkingDirectory/5176/).
[2018.03.02-14.40.20:694][  0]LogShaderCompilers: Cleaned the shader compiler working directory 'C:/Users/1503395/AppData/Local/Temp/UnrealShaderWorkingDir/7993680C422C826AB2721A98183FAD84/'.
[2018.03.02-14.40.20:694][  0]LogShaderCompilers: Display: Using Local Shader Compiler.
[2018.03.02-14.40.21:638][  0]LogTemp: Display: Loaded TP AllDesktopTargetPlatform
[2018.03.02-14.40.21:715][  0]LogTemp: Display: Loaded TP MacClientTargetPlatform
[2018.03.02-14.40.21:792][  0]LogTemp: Display: Loaded TP MacNoEditorTargetPlatform
[2018.03.02-14.40.21:872][  0]LogTemp: Display: Loaded TP MacServerTargetPlatform
[2018.03.02-14.40.21:954][  0]LogTemp: Display: Loaded TP MacTargetPlatform
[2018.03.02-14.40.22:062][  0]LogTemp: Display: Loaded TP WindowsClientTargetPlatform
[2018.03.02-14.40.22:148][  0]LogTemp: Display: Loaded TP WindowsNoEditorTargetPlatform
[2018.03.02-14.40.22:244][  0]LogTemp: Display: Loaded TP WindowsServerTargetPlatform
[2018.03.02-14.40.22:327][  0]LogTemp: Display: Loaded TP WindowsTargetPlatform
[2018.03.02-14.40.22:419][  0]LogTemp: Display: Loaded TP AndroidTargetPlatform
[2018.03.02-14.40.22:529][  0]LogTemp: Display: Loaded TP Android_ASTCTargetPlatform
[2018.03.02-14.40.22:606][  0]LogTemp: Display: Loaded TP Android_ATCTargetPlatform
[2018.03.02-14.40.22:685][  0]LogTemp: Display: Loaded TP Android_DXTTargetPlatform
[2018.03.02-14.40.22:762][  0]LogTemp: Display: Loaded TP Android_ETC1TargetPlatform
[2018.03.02-14.40.22:840][  0]LogTemp: Display: Loaded TP Android_ETC2TargetPlatform
[2018.03.02-14.40.22:998][  0]LogTemp: Display: Loaded TP Android_MultiTargetPlatform
[2018.03.02-14.40.22:998][  0]LogTemp: Display: Loaded TP Android_PVRTCTargetPlatform
[2018.03.02-14.40.23:064][  0]LogTemp: Display: Loaded TP HTML5TargetPlatform
[2018.03.02-14.40.23:199][  0]LogTemp: Display: Loaded TP IOSTargetPlatform
[2018.03.02-14.40.23:262][  0]LogTemp: Display: Loaded TP TVOSTargetPlatform
[2018.03.02-14.40.23:356][  0]LogTemp: Display: Loaded TP LinuxClientTargetPlatform
[2018.03.02-14.40.23:450][  0]LogTemp: Display: Loaded TP LinuxNoEditorTargetPlatform
[2018.03.02-14.40.23:542][  0]LogTemp: Display: Loaded TP LinuxServerTargetPlatform
[2018.03.02-14.40.23:629][  0]LogTemp: Display: Loaded TP LinuxTargetPlatform
[2018.03.02-14.40.23:629][  0]LogTargetPlatformManager: Display: Building Assets For Windows
[2018.03.02-14.40.24:455][  0]LogDerivedDataCache: Display: Max Cache Size: 512 MB
[2018.03.02-14.40.24:516][  0]LogDerivedDataCache: Loaded boot cache 0.06s 93MB C:/Users/1503395/AppData/Local/UnrealEngine/4.17/DerivedDataCache/Boot.ddc.
[2018.03.02-14.40.24:517][  0]LogDerivedDataCache: Display: Loaded Boot cache: C:/Users/1503395/AppData/Local/UnrealEngine/4.17/DerivedDataCache/Boot.ddc
[2018.03.02-14.40.24:517][  0]LogDerivedDataCache: FDerivedDataBackendGraph:  Pak pak cache file M:/GitHub/Gameplay-Mechanics/PropNavigationGame/DerivedDataCache/DDC.ddp not found, will not use a pak cache.
[2018.03.02-14.40.24:517][  0]LogDerivedDataCache: Unable to find inner node Pak for hierarchical cache Hierarchy.
[2018.03.02-14.40.24:518][  0]LogDerivedDataCache: FDerivedDataBackendGraph:  CompressedPak pak cache file M:/GitHub/Gameplay-Mechanics/PropNavigationGame/DerivedDataCache/Compressed.ddp not found, will not use a pak cache.
[2018.03.02-14.40.24:518][  0]LogDerivedDataCache: Unable to find inner node CompressedPak for hierarchical cache Hierarchy.
[2018.03.02-14.40.24:531][  0]LogDerivedDataCache: Display: Pak cache opened for reading ../../../Engine/DerivedDataCache/Compressed.ddp.
[2018.03.02-14.40.24:543][  0]LogDerivedDataCache: Using Local data cache path C:/Users/1503395/AppData/Local/UnrealEngine/Common/DerivedDataCache: Writable
[2018.03.02-14.40.24:551][  0]LogMaterial: Verifying Global Shaders for PCD3D_SM5
[2018.03.02-14.40.24:552][  0]LogSlate: Using Freetype 2.6.0
[2018.03.02-14.40.24:552][  0]LogSlate: SlateFontCache - WITH_FREETYPE: 1, WITH_HARFBUZZ: 1
[2018.03.02-14.40.24:553][  0]LogSlate: SlateFontCache - WITH_FREETYPE: 1, WITH_HARFBUZZ: 1
[2018.03.02-14.40.24:877][  0]LogAssetRegistry: FAssetRegistry took 0.0254 seconds to start up
[2018.03.02-14.40.25:071][  0]LogInit: Selected Device Profile: [Windows]
[2018.03.02-14.40.25:247][  0]LogContentStreaming: Texture pool size is 0.00 MB
[2018.03.02-14.40.25:691][  0]LogSimplygon: Simplygon DLL not present - disabling.
[2018.03.02-14.40.25:756][  0]LogMeshReduction: Using SimplygonSwarm for distributed automatic mesh merging
[2018.03.02-14.40.25:756][  0]LogMeshReduction: Using QuadricMeshReduction for automatic static mesh reduction
[2018.03.02-14.40.25:756][  0]LogMeshReduction: No automatic skeletal mesh reduction module available
[2018.03.02-14.40.25:756][  0]LogMeshReduction: No automatic mesh merging module available
[2018.03.02-14.40.25:756][  0]LogMeshMerging: No automatic mesh merging module available
[2018.03.02-14.40.26:146][  0]LogNetVersion: PropNavigationGame , NetCL: 3573198, EngineNetVer: 2, GameNetVer: 0 (Checksum: 1685960384)
[2018.03.02-14.40.26:684][  0]LogPackageLocalizationCache: Processed 5 localized package path(s) for 2 prioritized culture(s) in 0.327640 seconds
[2018.03.02-14.40.26:700][  0]LogUObjectArray: 35825 objects as part of root set at end of initial load.
[2018.03.02-14.40.26:700][  0]LogUObjectAllocator: 7529112 out of 0 bytes used by permanent object pool.
[2018.03.02-14.40.26:700][  0]LogUObjectArray: CloseDisregardForGC: 0/0 objects in disregard for GC pool
[2018.03.02-14.40.26:835][  0]LogInit: WinSock: version 1.1 (2.2), MaxSocks=32767, MaxUdp=65467
[2018.03.02-14.40.30:267][  0]LogTcpMessaging: Initializing TcpMessaging bridge
[2018.03.02-14.40.30:323][  0]LogUdpMessaging: Initializing bridge on interface 0.0.0.0:0 to multicast group 230.0.0.1:6666.
[2018.03.02-14.40.30:324][  0]LogDirectoryWatcher: A directory notification failed for 'M:/GitHub/Gameplay-Mechanics/PropNavigationGame/Content/' because it was empty or there was a buffer overflow. Attemping another request...
[2018.03.02-14.40.31:253][  0]LogStats: FPlatformStackWalk::StackWalkAndDump -  0.203 s
[2018.03.02-14.40.31:253][  0]LogOutputDevice: Error: === Handled ensure: ===
[2018.03.02-14.40.31:253][  0]LogOutputDevice: Error: 
[2018.03.02-14.40.31:253][  0]LogOutputDevice: Error: Ensure condition failed: AttachmentRules.LocationRule == EAttachmentRule::KeepRelative && AttachmentRules.RotationRule == EAttachmentRule::KeepRelative && AttachmentRules.ScaleRule == EAttachmentRule::KeepRelative [File:D:\Build\++UE4+Release-4.17+Compile\Sync\Engine\Source\Runtime\Engine\Private\Components\SceneComponent.cpp] [Line: 1672]
[2018.03.02-14.40.31:253][  0]LogOutputDevice: Error: AttachToComponent when called from a constructor is only setting up attachment and will always be treated as KeepRelative. Consider calling SetupAttachment directly instead.
[2018.03.02-14.40.31:253][  0]LogOutputDevice: Error: Stack: 
[2018.03.02-14.40.31:253][  0]LogOutputDevice: Error: UE4Editor-Core.dll!0x0000000064FD35F6
[2018.03.02-14.40.31:253][  0]LogOutputDevice: Error: UE4Editor-Core.dll!0x0000000064D5C2C2
[2018.03.02-14.40.31:253][  0]LogOutputDevice: Error: UE4Editor-Core.dll!0x0000000064D74736
[2018.03.02-14.40.31:253][  0]LogOutputDevice: Error: UE4Editor-Engine.dll!0x0000000066D22438
[2018.03.02-14.40.31:253][  0]LogOutputDevice: Error: UE4Editor-PropNavigationGame-1303.dll!APlayerShip::APlayerShip() [m:\github\gameplay-mechanics\propnavigationgame\source\propnavigationgame\playership.cpp:23]
[2018.03.02-14.40.31:253][  0]LogOutputDevice: Error: UE4Editor-CoreUObject.dll!0x000000006619A442
[2018.03.02-14.40.31:253][  0]LogOutputDevice: Error: UE4Editor-CoreUObject.dll!0x000000006640324B
[2018.03.02-14.40.31:253][  0]LogOutputDevice: Error: UE4Editor-CoreUObject.dll!0x00000000663E6C73
[2018.03.02-14.40.31:253][  0]LogOutputDevice: Error: UE4Editor-CoreUObject.dll!0x000000006619C157
[2018.03.02-14.40.31:254][  0]LogOutputDevice: Error: UE4Editor-Core.dll!0x0000000064BF8210
[2018.03.02-14.40.31:254][  0]LogOutputDevice: Error: UE4Editor-Core.dll!0x0000000064E468C0
[2018.03.02-14.40.31:254][  0]LogOutputDevice: Error: UE4Editor-Projects.dll!0x0000000077FEE06D
[2018.03.02-14.40.31:254][  0]LogOutputDevice: Error: UE4Editor-Projects.dll!0x0000000077FEE37E
[2018.03.02-14.40.31:254][  0]LogOutputDevice: Error: UE4Editor.exe!0x00000000B05164B1
[2018.03.02-14.40.31:254][  0]LogOutputDevice: Error: UE4Editor.exe!0x00000000B051A7BD
[2018.03.02-14.40.31:254][  0]LogOutputDevice: Error: UE4Editor.exe!0x00000000B051379A
[2018.03.02-14.40.31:254][  0]LogOutputDevice: Error: UE4Editor.exe!0x00000000B05139EA
[2018.03.02-14.40.31:254][  0]LogOutputDevice: Error: UE4Editor.exe!0x00000000B05202D9
[2018.03.02-14.40.31:254][  0]LogOutputDevice: Error: UE4Editor.exe!0x00000000B0521C47
[2018.03.02-14.40.31:254][  0]LogOutputDevice: Error: KERNEL32.DLL!0x0000000096631FE4
[2018.03.02-14.40.31:254][  0]LogOutputDevice: Error: ntdll.dll!0x0000000097BAEF91
[2018.03.02-14.40.31:254][  0]LogOutputDevice: Error: 
[2018.03.02-14.40.31:258][  0]LogStats:                SubmitErrorReport -  0.000 s
[2018.03.02-14.40.32:339][  0]LogStats:                    SendNewReport -  1.081 s
[2018.03.02-14.40.32:339][  0]LogStats:             FDebug::EnsureFailed -  1.289 s
[2018.03.02-14.40.32:774][  0]LogMaterial: Uniform references updated for custom material expression Custom.
[2018.03.02-14.40.33:454][  0]SourceControl: Source control is disabled
[2018.03.02-14.40.33:454][  0]SourceControl: Source control is disabled
[2018.03.02-14.40.33:567][  0]SourceControl: Source control is disabled
[2018.03.02-14.40.33:642][  0]SourceControl: Source control is disabled
[2018.03.02-14.40.34:623][  0]LogAndroidPermission: UAndroidPermissionCallbackProxy::GetInstance
[2018.03.02-14.40.35:009][  0]LogOcInput: OculusInput pre-init called
[2018.03.02-14.40.35:466][  0]LogEngine: Initializing Engine...
[2018.03.02-14.40.35:468][  0]LogHMD: Failed to initialize OpenVR with code 110
[2018.03.02-14.40.35:646][  0]LogStats: UGameplayTagsManager::ConstructGameplayTagTree: Construct from data asset -  0.000 s
[2018.03.02-14.40.35:646][  0]LogStats: UGameplayTagsManager::ConstructGameplayTagTree: GameplayTagTreeChangedEvent.Broadcast -  0.000 s
[2018.03.02-14.40.35:852][  0]LogAIModule: Creating AISystem for world Untitled
[2018.03.02-14.40.35:859][  0]LogInit: XAudio2 using 'Speakers (Realtek High Definition Audio)' : 2 channels at 48 kHz using 32 bits per sample (channel mask 0x3)
[2018.03.02-14.40.35:951][  0]LogInit: FAudioDevice initialized.
[2018.03.02-14.40.36:035][  0]LogDerivedDataCache: Saved boot cache 0.08s 93MB C:/Users/1503395/AppData/Local/UnrealEngine/4.17/DerivedDataCache/Boot.ddc.
[2018.03.02-14.40.36:045][  0]LogInit: Texture streaming: Enabled
[2018.03.02-14.40.36:258][  0]LogEngineSessionManager: EngineSessionManager initialized
[2018.03.02-14.40.36:642][  0]LogInit: Transaction tracking system initialized
[2018.03.02-14.40.37:222][  0]BlueprintLog: New page: Editor Load
[2018.03.02-14.40.38:810][  0]LocalizationService: Localization service is disabled
[2018.03.02-14.40.39:993][  0]LogConsoleResponse: Display: 
[2018.03.02-14.40.40:200][  0]LogCook: Display: Max memory allowance for cook 16384mb min free memory 0mb
[2018.03.02-14.40.40:200][  0]LogCook: Display: Mobile HDR setting 1
[2018.03.02-14.40.40:200][  0]LogGameplayTags: Display: UGameplayTagsManager::DoneAddingNativeTags. DelegateIsBound: 0
[2018.03.02-14.40.41:043][  0]LogFileCache: Scanning file cache for directory 'M:/GitHub/Gameplay-Mechanics/PropNavigationGame/Content/' took 0.02s
[2018.03.02-14.40.41:946][  0]SourceControl: Source control is disabled
[2018.03.02-14.40.42:062][  0]LogSlate: Took 0.000956 seconds to synchronously load lazily loaded font '../../../Engine/Content/Slate/Fonts/Roboto-Regular.ttf' (155K)
[2018.03.02-14.40.45:465][  0]LogWindowsTextInputMethodSystem: Display: IME system now deactivated.
[2018.03.02-14.40.45:478][  0]LogWindowsTextInputMethodSystem: Display: IME system now deactivated.
[2018.03.02-14.40.45:479][  0]Cmd: MAP LOAD FILE="M:/GitHub/Gameplay-Mechanics/PropNavigationGame/Content/StarterContent/Maps/Minimal_Default.umap" TEMPLATE=0 SHOWPROGRESS=1 FEATURELEVEL=3
[2018.03.02-14.40.45:483][  0]LightingResults: New page: Lighting Build
[2018.03.02-14.40.45:590][  0]MapCheck: New page: Map Check
[2018.03.02-14.40.45:590][  0]LightingResults: New page: Lighting Build
[2018.03.02-14.40.45:965][  0]LogAIModule: Creating AISystem for world Minimal_Default
[2018.03.02-14.40.45:972][  0]LogEditorServer: Finished looking for orphan Actors (0.000 secs)
[2018.03.02-14.40.45:984][  0]Cmd: MAP CHECKDEP NOCLEARLOG
[2018.03.02-14.40.46:076][  0]MapCheck: Map check complete: 0 Error(s), 0 Warning(s), took 92.285ms to complete.
[2018.03.02-14.40.46:077][  0]LogFileHelpers: Loading map 'Minimal_Default' took 0.597
[2018.03.02-14.40.46:185][  0]LogStats: Warning: MetaData mismatch. Did you assign a stat to two groups? New //STATGROUP_Threads//SplashScreenThread///Thread_2e04_0///####STATCAT_Advanced#### old //STATGROUP_Threads//SplashScreenThread///Thread_2dac_0///####STATCAT_Advanced####
[2018.03.02-14.40.46:185][  0]LogCollectionManager: Loaded 0 collections in 0.001815 seconds
[2018.03.02-14.40.46:304][  0]LogFileCache: Scanning file cache for directory 'M:/GitHub/Gameplay-Mechanics/PropNavigationGame/Saved/Collections/' took 0.01s
[2018.03.02-14.40.46:304][  0]LogFileCache: Scanning file cache for directory 'M:/GitHub/Gameplay-Mechanics/PropNavigationGame/Content/Developers/1503395/Collections/' took 0.01s
[2018.03.02-14.40.46:304][  0]LogFileCache: Scanning file cache for directory 'M:/GitHub/Gameplay-Mechanics/PropNavigationGame/Content/Collections/' took 0.01s
[2018.03.02-14.40.46:304][  0]LogCollectionManager: Rebuilt the GUID cache for 0 collections in 0.000000 seconds
[2018.03.02-14.40.46:316][  0]LogContentBrowser: Native class hierarchy populated in 0.0116 seconds. Added 2392 classes and 502 folders.
[2018.03.02-14.40.46:436][  0]LogContentBrowser: Native class hierarchy updated for 'WidgetCarousel' in 0.0024 seconds. Added 0 classes and 0 folders.
[2018.03.02-14.40.46:483][  0]LogContentBrowser: Native class hierarchy updated for 'AddContentDialog' in 0.0033 seconds. Added 0 classes and 0 folders.
[2018.03.02-14.40.46:559][  0]LogContentBrowser: Native class hierarchy updated for 'SceneOutliner' in 0.0024 seconds. Added 1 classes and 2 folders.
[2018.03.02-14.40.46:612][  0]LogSlate: Took 0.000254 seconds to synchronously load lazily loaded font '../../../Engine/Content/Slate/Fonts/Roboto-Bold.ttf' (160K)
[2018.03.02-14.40.46:617][  0]LogSlate: Took 0.000364 seconds to synchronously load lazily loaded font '../../../Engine/Content/Editor/Slate/Fonts/FontAwesome.ttf' (139K)
[2018.03.02-14.40.46:721][  0]LogRenderer: Reallocating scene render targets to support 1208x576 Format 10 NumSamples 1 (Frame:1).
[2018.03.02-14.40.46:928][  0]LogContentBrowser: Native class hierarchy updated for 'HierarchicalLODOutliner' in 0.0041 seconds. Added 1 classes and 2 folders.
[2018.03.02-14.40.46:928][  0]LogLoad: (Engine Initialization) Total time: 30.73 seconds
[2018.03.02-14.40.46:928][  0]LogLoad: (Engine Initialization) Total Blueprint compile time: 0.00 seconds
[2018.03.02-14.40.46:928][  0]LogExternalProfiler: No external profilers were discovered.  External profiling features will not be available.
[2018.03.02-14.40.46:954][  0]LogAssetRegistry: Asset discovery search completed in 22.0980 seconds
[2018.03.02-14.40.46:955][  0]LogCollectionManager: Rebuilt the object cache for 0 collections in 0.000001 seconds (found 0 objects)
[2018.03.02-14.40.46:955][  0]LogCollectionManager: Fixed up redirectors for 0 collections in 0.000034 seconds (updated 0 objects)
[2018.03.02-14.40.46:957][  0]LogContentStreaming: Texture pool size now 1000 MB
[2018.03.02-14.40.46:984][  0]LogSlate: Took 0.000260 seconds to synchronously load lazily loaded font '../../../Engine/Content/Slate/Fonts/Roboto-Light.ttf' (159K)
[2018.03.02-14.40.47:047][  2]LogDirectoryWatcher: A directory notification failed for 'M:/GitHub/Gameplay-Mechanics/PropNavigationGame/Content/' because it was empty or there was a buffer overflow. Attemping another request...
[2018.03.02-14.40.47:047][  2]LogDirectoryWatcher: A directory notification failed for 'M:/GitHub/Gameplay-Mechanics/PropNavigationGame/Content/', and we were unable to create a new request.
[2018.03.02-14.40.47:047][  2]LogDirectoryWatcher: A directory notification failed for 'M:/GitHub/Gameplay-Mechanics/PropNavigationGame/Binaries/Win64' because it was empty or there was a buffer overflow. Attemping another request...
[2018.03.02-14.40.47:047][  2]LogDirectoryWatcher: A directory notification failed for 'M:/GitHub/Gameplay-Mechanics/PropNavigationGame/Saved/Collections/' because it was empty or there was a buffer overflow. Attemping another request...
[2018.03.02-14.40.47:047][  2]LogDirectoryWatcher: A directory notification failed for 'M:/GitHub/Gameplay-Mechanics/PropNavigationGame/Content/Developers/1503395/Collections/' because it was empty or there was a buffer overflow. Attemping another request...
[2018.03.02-14.40.47:047][  2]LogDirectoryWatcher: A directory notification failed for 'M:/GitHub/Gameplay-Mechanics/PropNavigationGame/Content/Collections/' because it was empty or there was a buffer overflow. Attemping another request...
[2018.03.02-14.40.47:069][  3]LogDirectoryWatcher: A directory notification failed for 'M:/GitHub/Gameplay-Mechanics/PropNavigationGame/Binaries/Win64' because it was empty or there was a buffer overflow. Attemping another request...
[2018.03.02-14.40.47:070][  3]LogDirectoryWatcher: A directory notification failed for 'M:/GitHub/Gameplay-Mechanics/PropNavigationGame/Binaries/Win64', and we were unable to create a new request.
[2018.03.02-14.40.47:070][  3]LogDirectoryWatcher: A directory notification failed for 'M:/GitHub/Gameplay-Mechanics/PropNavigationGame/Content/Developers/1503395/Collections/' because it was empty or there was a buffer overflow. Attemping another request...
[2018.03.02-14.40.47:071][  3]LogDirectoryWatcher: A directory notification failed for 'M:/GitHub/Gameplay-Mechanics/PropNavigationGame/Content/Developers/1503395/Collections/', and we were unable to create a new request.
[2018.03.02-14.40.47:071][  3]LogDirectoryWatcher: A directory notification failed for 'M:/GitHub/Gameplay-Mechanics/PropNavigationGame/Saved/Collections/' because it was empty or there was a buffer overflow. Attemping another request...
[2018.03.02-14.40.47:071][  3]LogDirectoryWatcher: A directory notification failed for 'M:/GitHub/Gameplay-Mechanics/PropNavigationGame/Saved/Collections/', and we were unable to create a new request.
[2018.03.02-14.40.47:071][  3]LogDirectoryWatcher: A directory notification failed for 'M:/GitHub/Gameplay-Mechanics/PropNavigationGame/Content/Collections/' because it was empty or there was a buffer overflow. Attemping another request...
[2018.03.02-14.40.47:072][  3]LogDirectoryWatcher: A directory notification failed for 'M:/GitHub/Gameplay-Mechanics/PropNavigationGame/Content/Collections/', and we were unable to create a new request.
[2018.03.02-14.40.50:229][367]LogTemp: Repeating last play command: Selected Viewport
[2018.03.02-14.40.50:343][367]LogBlueprintUserMessages: Early PlayInEditor Detection: Level '/Game/StarterContent/Maps/Minimal_Default.Minimal_Default:PersistentLevel' has LevelScriptBlueprint '/Game/StarterContent/Maps/Minimal_Default.Minimal_Default:PersistentLevel.Minimal_Default' with GeneratedClass '/Game/StarterContent/Maps/Minimal_Default.Minimal_Default_C' with ClassGeneratedBy '/Game/StarterContent/Maps/Minimal_Default.Minimal_Default:PersistentLevel.Minimal_Default'
[2018.03.02-14.40.50:343][367]LogPlayLevel: PlayLevel: No blueprints needed recompiling
[2018.03.02-14.40.50:345][367]PIE: New page: PIE session: Minimal_Default (2 Mar 2018 14:40:50)
[2018.03.02-14.40.50:345][367]LogPlayLevel: Creating play world package: /Game/StarterContent/Maps/UEDPIE_0_Minimal_Default
[2018.03.02-14.40.50:354][367]LogPlayLevel: PIE: StaticDuplicateObject took: (0.009355s)
[2018.03.02-14.40.50:356][367]LogAIModule: Creating AISystem for world Minimal_Default
[2018.03.02-14.40.50:356][367]LogPlayLevel: PIE: World Init took: (0.001076s)
[2018.03.02-14.40.50:356][367]LogPlayLevel: PIE: Created PIE world by copying editor world from /Game/StarterContent/Maps/Minimal_Default.Minimal_Default to /Game/StarterContent/Maps/UEDPIE_0_Minimal_Default.Minimal_Default (0.010861s)
[2018.03.02-14.40.50:381][367]LogInit: XAudio2 using 'Speakers (Realtek High Definition Audio)' : 2 channels at 48 kHz using 32 bits per sample (channel mask 0x3)
[2018.03.02-14.40.50:424][367]LogInit: FAudioDevice initialized.
[2018.03.02-14.40.50:465][367]LogLoad: Game class is 'GameModeBase'
[2018.03.02-14.40.50:468][367]LogWorld: Bringing World /Game/StarterContent/Maps/UEDPIE_0_Minimal_Default.Minimal_Default up for play (max tick rate 0) at 2018.03.02-14.40.50
[2018.03.02-14.40.50:468][367]LogWorld: Bringing up level for play took: 0.001099
[2018.03.02-14.40.50:537][367]LogContentBrowser: Native class hierarchy updated for 'MovieSceneCapture' in 0.0025 seconds. Added 11 classes and 0 folders.
[2018.03.02-14.40.50:538][367]PIE: Play in editor start time for /Game/StarterContent/Maps/UEDPIE_0_Minimal_Default 0.656
[2018.03.02-14.40.50:538][367]LogBlueprintUserMessages: Late PlayInEditor Detection: Level '/Game/StarterContent/Maps/Minimal_Default.Minimal_Default:PersistentLevel' has LevelScriptBlueprint '/Game/StarterContent/Maps/Minimal_Default.Minimal_Default:PersistentLevel.Minimal_Default' with GeneratedClass '/Game/StarterContent/Maps/Minimal_Default.Minimal_Default_C' with ClassGeneratedBy '/Game/StarterContent/Maps/Minimal_Default.Minimal_Default:PersistentLevel.Minimal_Default'
[2018.03.02-14.40.52:860][643]LogBlueprintUserMessages: Early EndPlayMap Detection: Level '/Game/StarterContent/Maps/Minimal_Default.Minimal_Default:PersistentLevel' has LevelScriptBlueprint '/Game/StarterContent/Maps/Minimal_Default.Minimal_Default:PersistentLevel.Minimal_Default' with GeneratedClass '/Game/StarterContent/Maps/Minimal_Default.Minimal_Default_C' with ClassGeneratedBy '/Game/StarterContent/Maps/Minimal_Default.Minimal_Default:PersistentLevel.Minimal_Default'
[2018.03.02-14.40.52:890][643]LogBlueprintUserMessages: Late EndPlayMap Detection: Level '/Game/StarterContent/Maps/Minimal_Default.Minimal_Default:PersistentLevel' has LevelScriptBlueprint '/Game/StarterContent/Maps/Minimal_Default.Minimal_Default:PersistentLevel.Minimal_Default' with GeneratedClass '/Game/StarterContent/Maps/Minimal_Default.Minimal_Default_C' with ClassGeneratedBy '/Game/StarterContent/Maps/Minimal_Default.Minimal_Default:PersistentLevel.Minimal_Default'
[2018.03.02-14.40.53:907][746]LogSlate: Took 0.000354 seconds to synchronously load lazily loaded font '../../../Engine/Content/Slate/Fonts/Roboto-Light.ttf' (159K)
[2018.03.02-14.40.54:027][746]LogContentBrowser: Native class hierarchy updated for 'TextureEditor' in 0.0028 seconds. Added 1 classes and 2 folders.
[2018.03.02-14.41.08:063][449]LogFactory: FactoryCreateFile: StaticMesh with FbxFactory (0 0 ../../../../../../Users/1503395/Downloads/6xb43ot1kscg-EnterpriseNCC1701D/Enterprise NCC 1701 D/EnterpriseFBX.fbx)
[2018.03.02-14.41.08:122][449]LogFbx: ItemName: GlobalSettings, ItemCount : 1
[2018.03.02-14.41.08:122][449]LogFbx: ItemName: AnimationStack, ItemCount : 1
[2018.03.02-14.41.08:122][449]LogFbx: ItemName: AnimationLayer, ItemCount : 1
[2018.03.02-14.41.08:122][449]LogFbx: ItemName: Geometry, ItemCount : 1
[2018.03.02-14.41.08:122][449]LogFbx: ItemName: Material, ItemCount : 44
[2018.03.02-14.41.08:122][449]LogFbx: ItemName: Texture, ItemCount : 48
[2018.03.02-14.41.08:122][449]LogFbx: ItemName: Model, ItemCount : 1
[2018.03.02-14.41.08:122][449]LogFbx: ItemName: Video, ItemCount : 48
[2018.03.02-14.41.08:126][449]LogFbx: Loading FBX Scene from ../../../../../../Users/1503395/Downloads/6xb43ot1kscg-EnterpriseNCC1701D/Enterprise NCC 1701 D/EnterpriseFBX.fbx
[2018.03.02-14.41.08:466][449]LogFbx: FBX Scene Loaded Succesfully
[2018.03.02-14.41.15:255][449]LogFbx: Loading FBX Scene from ../../../../../../Users/1503395/Downloads/6xb43ot1kscg-EnterpriseNCC1701D/Enterprise NCC 1701 D/EnterpriseFBX.fbx
[2018.03.02-14.41.15:589][449]LogFbx: FBX Scene Loaded Succesfully
[2018.03.02-14.41.15:589][449]LogFbx: =================================================
[2018.03.02-14.41.15:589][449]LogFbx: Dumping Node START [enterprise1701d:Mesh] 
[2018.03.02-14.41.15:589][449]LogFbx: 	Total Deformer Count -937236192.
[2018.03.02-14.41.15:589][449]LogFbx: 	Attribute () Type (4).
[2018.03.02-14.41.15:589][449]LogFbx: 		[Node Attribute Child 1] enterprise1701d:Mesh (Type Mesh).
[2018.03.02-14.41.15:589][449]LogFbx: Dumping Node END [enterprise1701d:Mesh]
[2018.03.02-14.41.15:589][449]LogFbx: =================================================
[2018.03.02-14.41.15:589][449]LogFbx: Dumping Node START [enterprise1701d:Mesh] 
[2018.03.02-14.41.15:589][449]LogFbx: 	Total Deformer Count -937236192.
[2018.03.02-14.41.15:589][449]LogFbx: 	Attribute () Type (4).
[2018.03.02-14.41.15:589][449]LogFbx: 		[Node Attribute Child 1] enterprise1701d:Mesh (Type Mesh).
[2018.03.02-14.41.15:589][449]LogFbx: Dumping Node END [enterprise1701d:Mesh]
[2018.03.02-14.41.15:623][449]LogLinker: Can't find file '/Game/StarterContent/gxmain_gxtop6'
[2018.03.02-14.41.15:623][449]LogLinker: Can't find file '/Game/StarterContent/gxmain_gxtop6'
[2018.03.02-14.41.15:624][449]LogMaterial: Warning: Material /Game/StarterContent/gxmain_gxtop6.gxmain_gxtop6 needed to have new flag set bUsedWithSkeletalMesh !
[2018.03.02-14.41.15:626][449]LogMaterial: Missing cached shader map for material gxmain_gxtop6, compiling. 
[2018.03.02-14.41.15:675][449]LogLinker: Can't find file '/Game/StarterContent/gxtop5'
[2018.03.02-14.41.15:675][449]LogLinker: Can't find file '/Game/StarterContent/gxtop5'
[2018.03.02-14.41.15:732][449]LogTexture: Display: Building textures: gxtop5 (AutoDXT, 1024X1024)
[2018.03.02-14.41.15:884][449]LogMaterial: Missing cached shader map for material gxmain_gxtop6, compiling. 
[2018.03.02-14.41.15:915][449]LogLinker: Can't find file '/Game/StarterContent/gxwhite_gxwhite_jpg1'
[2018.03.02-14.41.15:915][449]LogLinker: Can't find file '/Game/StarterContent/gxwhite_gxwhite_jpg1'
[2018.03.02-14.41.15:916][449]LogMaterial: Warning: Material /Game/StarterContent/gxwhite_gxwhite_jpg1.gxwhite_gxwhite_jpg1 needed to have new flag set bUsedWithSkeletalMesh !
[2018.03.02-14.41.15:918][449]LogMaterial: Missing cached shader map for material gxwhite_gxwhite_jpg1, compiling. 
[2018.03.02-14.41.15:966][449]LogLinker: Can't find file '/Game/StarterContent/gxwhite'
[2018.03.02-14.41.15:966][449]LogLinker: Can't find file '/Game/StarterContent/gxwhite'
[2018.03.02-14.41.16:012][449]LogTexture: Display: Building textures: gxwhite (AutoDXT, 100X100)
[2018.03.02-14.41.16:035][449]LogMaterial: Missing cached shader map for material gxwhite_gxwhite_jpg1, compiling. 
[2018.03.02-14.41.16:071][449]LogSlate: Took 0.000263 seconds to synchronously load lazily loaded font '../../../Engine/Content/Slate/Fonts/Roboto-Regular.ttf' (155K)
[2018.03.02-14.41.16:076][449]LogLinker: Can't find file '/Game/StarterContent/gxmain_gxbottom4_jpg1'
[2018.03.02-14.41.16:077][449]LogLinker: Can't find file '/Game/StarterContent/gxmain_gxbottom4_jpg1'
[2018.03.02-14.41.16:077][449]LogMaterial: Warning: Material /Game/StarterContent/gxmain_gxbottom4_jpg1.gxmain_gxbottom4_jpg1 needed to have new flag set bUsedWithSkeletalMesh !
[2018.03.02-14.41.16:079][449]LogMaterial: Missing cached shader map for material gxmain_gxbottom4_jpg1, compiling. 
[2018.03.02-14.41.16:130][449]LogLinker: Can't find file '/Game/StarterContent/gxbottom4'
[2018.03.02-14.41.16:131][449]LogLinker: Can't find file '/Game/StarterContent/gxbottom4'
[2018.03.02-14.41.16:198][449]LogTexture: Display: Building textures: gxbottom4 (AutoDXT, 1024X1024)
[2018.03.02-14.41.16:473][449]LogMaterial: Missing cached shader map for material gxmain_gxbottom4_jpg1, compiling. 
[2018.03.02-14.41.16:515][449]LogLinker: Can't find file '/Game/StarterContent/gxmain_gxred_jpg1'
[2018.03.02-14.41.16:516][449]LogLinker: Can't find file '/Game/StarterContent/gxmain_gxred_jpg1'
[2018.03.02-14.41.16:516][449]LogMaterial: Warning: Material /Game/StarterContent/gxmain_gxred_jpg1.gxmain_gxred_jpg1 needed to have new flag set bUsedWithSkeletalMesh !
[2018.03.02-14.41.16:518][449]LogMaterial: Missing cached shader map for material gxmain_gxred_jpg1, compiling. 
[2018.03.02-14.41.16:568][449]LogLinker: Can't find file '/Game/StarterContent/gxred'
[2018.03.02-14.41.16:568][449]LogLinker: Can't find file '/Game/StarterContent/gxred'
[2018.03.02-14.41.16:612][449]LogTexture: Display: Building textures: gxred (AutoDXT, 100X100)
[2018.03.02-14.41.16:627][449]LogMaterial: Missing cached shader map for material gxmain_gxred_jpg1, compiling. 
[2018.03.02-14.41.16:673][449]LogLinker: Can't find file '/Game/StarterContent/gxmain_gxtop10_jpg1'
[2018.03.02-14.41.16:673][449]LogLinker: Can't find file '/Game/StarterContent/gxmain_gxtop10_jpg1'
[2018.03.02-14.41.16:673][449]LogMaterial: Warning: Material /Game/StarterContent/gxmain_gxtop10_jpg1.gxmain_gxtop10_jpg1 needed to have new flag set bUsedWithSkeletalMesh !
[2018.03.02-14.41.16:675][449]LogMaterial: Missing cached shader map for material gxmain_gxtop10_jpg1, compiling. 
[2018.03.02-14.41.16:722][449]LogLinker: Can't find file '/Game/StarterContent/gxtop10'
[2018.03.02-14.41.16:722][449]LogLinker: Can't find file '/Game/StarterContent/gxtop10'
[2018.03.02-14.41.16:783][449]LogTexture: Display: Building textures: gxtop10 (AutoDXT, 1024X1024)
[2018.03.02-14.41.16:974][449]LogMaterial: Missing cached shader map for material gxmain_gxtop10_jpg1, compiling. 
[2018.03.02-14.41.17:019][449]LogLinker: Can't find file '/Game/StarterContent/gxmain_gxtop10_1_jpg1'
[2018.03.02-14.41.17:020][449]LogLinker: Can't find file '/Game/StarterContent/gxmain_gxtop10_1_jpg1'
[2018.03.02-14.41.17:020][449]LogMaterial: Warning: Material /Game/StarterContent/gxmain_gxtop10_1_jpg1.gxmain_gxtop10_1_jpg1 needed to have new flag set bUsedWithSkeletalMesh !
[2018.03.02-14.41.17:022][449]LogMaterial: Missing cached shader map for material gxmain_gxtop10_1_jpg1, compiling. 
[2018.03.02-14.41.17:075][449]LogLinker: Can't find file '/Game/StarterContent/gxtop10_1'
[2018.03.02-14.41.17:076][449]LogLinker: Can't find file '/Game/StarterContent/gxtop10_1'
[2018.03.02-14.41.17:139][449]LogTexture: Display: Building textures: gxtop10_1 (AutoDXT, 1024X1024)
[2018.03.02-14.41.17:322][449]LogMaterial: Missing cached shader map for material gxmain_gxtop10_1_jpg1, compiling. 
[2018.03.02-14.41.17:361][449]LogLinker: Can't find file '/Game/StarterContent/gxmain_gxtop13_jpg1'
[2018.03.02-14.41.17:361][449]LogLinker: Can't find file '/Game/StarterContent/gxmain_gxtop13_jpg1'
[2018.03.02-14.41.17:362][449]LogMaterial: Warning: Material /Game/StarterContent/gxmain_gxtop13_jpg1.gxmain_gxtop13_jpg1 needed to have new flag set bUsedWithSkeletalMesh !
[2018.03.02-14.41.17:364][449]LogMaterial: Missing cached shader map for material gxmain_gxtop13_jpg1, compiling. 
[2018.03.02-14.41.17:413][449]LogLinker: Can't find file '/Game/StarterContent/gxtop13'
[2018.03.02-14.41.17:413][449]LogLinker: Can't find file '/Game/StarterContent/gxtop13'
[2018.03.02-14.41.17:473][449]LogTexture: Display: Building textures: gxtop13 (AutoDXT, 1024X1024)
[2018.03.02-14.41.17:674][449]LogMaterial: Missing cached shader map for material gxmain_gxtop13_jpg1, compiling. 
[2018.03.02-14.41.17:714][449]LogLinker: Can't find file '/Game/StarterContent/gxmain1'
[2018.03.02-14.41.17:714][449]LogLinker: Can't find file '/Game/StarterContent/gxmain1'
[2018.03.02-14.41.17:714][449]LogMaterial: Warning: Material /Game/StarterContent/gxmain1.gxmain1 needed to have new flag set bUsedWithSkeletalMesh !
[2018.03.02-14.41.17:716][449]LogMaterial: Missing cached shader map for material gxmain1, compiling. 
[2018.03.02-14.41.17:770][449]LogMaterial: Missing cached shader map for material gxmain1, compiling. 
[2018.03.02-14.41.17:813][449]LogLinker: Can't find file '/Game/StarterContent/gxtop12_gxtop13'
[2018.03.02-14.41.17:814][449]LogLinker: Can't find file '/Game/StarterContent/gxtop12_gxtop13'
[2018.03.02-14.41.17:814][449]LogMaterial: Warning: Material /Game/StarterContent/gxtop12_gxtop13.gxtop12_gxtop13 needed to have new flag set bUsedWithSkeletalMesh !
[2018.03.02-14.41.17:816][449]LogMaterial: Missing cached shader map for material gxtop12_gxtop13, compiling. 
[2018.03.02-14.41.17:873][449]LogLinker: Can't find file '/Game/StarterContent/gxtop12'
[2018.03.02-14.41.17:873][449]LogLinker: Can't find file '/Game/StarterContent/gxtop12'
[2018.03.02-14.41.17:929][449]LogTexture: Display: Building textures: gxtop12 (AutoDXT, 1024X1024)
[2018.03.02-14.41.18:111][449]LogMaterial: Missing cached shader map for material gxtop12_gxtop13, compiling. 
[2018.03.02-14.41.18:156][449]LogLinker: Can't find file '/Game/StarterContent/gxmain_gxcol5_jpg1'
[2018.03.02-14.41.18:157][449]LogLinker: Can't find file '/Game/StarterContent/gxmain_gxcol5_jpg1'
[2018.03.02-14.41.18:157][449]LogMaterial: Warning: Material /Game/StarterContent/gxmain_gxcol5_jpg1.gxmain_gxcol5_jpg1 needed to have new flag set bUsedWithSkeletalMesh !
[2018.03.02-14.41.18:159][449]LogMaterial: Missing cached shader map for material gxmain_gxcol5_jpg1, compiling. 
[2018.03.02-14.41.18:213][449]LogLinker: Can't find file '/Game/StarterContent/gxcol5'
[2018.03.02-14.41.18:214][449]LogLinker: Can't find file '/Game/StarterContent/gxcol5'
[2018.03.02-14.41.18:261][449]LogTexture: Display: Building textures: gxcol5 (AutoDXT, 100X100)
[2018.03.02-14.41.18:279][449]LogMaterial: Missing cached shader map for material gxmain_gxcol5_jpg1, compiling. 
[2018.03.02-14.41.18:322][449]LogLinker: Can't find file '/Game/StarterContent/gxyellow_gxyellow_jpg1'
[2018.03.02-14.41.18:322][449]LogLinker: Can't find file '/Game/StarterContent/gxyellow_gxyellow_jpg1'
[2018.03.02-14.41.18:323][449]LogMaterial: Warning: Material /Game/StarterContent/gxyellow_gxyellow_jpg1.gxyellow_gxyellow_jpg1 needed to have new flag set bUsedWithSkeletalMesh !
[2018.03.02-14.41.18:325][449]LogMaterial: Missing cached shader map for material gxyellow_gxyellow_jpg1, compiling. 
[2018.03.02-14.41.18:381][449]LogLinker: Can't find file '/Game/StarterContent/gxyellow'
[2018.03.02-14.41.18:381][449]LogLinker: Can't find file '/Game/StarterContent/gxyellow'
[2018.03.02-14.41.18:428][449]LogTexture: Display: Building textures: gxyellow (AutoDXT, 100X100)
[2018.03.02-14.41.18:441][449]LogMaterial: Missing cached shader map for material gxyellow_gxyellow_jpg1, compiling. 
[2018.03.02-14.41.18:481][449]LogLinker: Can't find file '/Game/StarterContent/gxmain_gxyellow_jpg1'
[2018.03.02-14.41.18:481][449]LogLinker: Can't find file '/Game/StarterContent/gxmain_gxyellow_jpg1'
[2018.03.02-14.41.18:481][449]LogMaterial: Warning: Material /Game/StarterContent/gxmain_gxyellow_jpg1.gxmain_gxyellow_jpg1 needed to have new flag set bUsedWithSkeletalMesh !
[2018.03.02-14.41.18:484][449]LogMaterial: Missing cached shader map for material gxmain_gxyellow_jpg1, compiling. 
[2018.03.02-14.41.18:575][449]LogTexture: Display: Building textures: gxyellow (AutoDXT, 100X100)
[2018.03.02-14.41.18:581][449]LogMaterial: Missing cached shader map for material gxmain_gxyellow_jpg1, compiling. 
[2018.03.02-14.41.18:625][449]LogLinker: Can't find file '/Game/StarterContent/gxmain_gxoblo_jpg1'
[2018.03.02-14.41.18:625][449]LogLinker: Can't find file '/Game/StarterContent/gxmain_gxoblo_jpg1'
[2018.03.02-14.41.18:626][449]LogMaterial: Warning: Material /Game/StarterContent/gxmain_gxoblo_jpg1.gxmain_gxoblo_jpg1 needed to have new flag set bUsedWithSkeletalMesh !
[2018.03.02-14.41.18:628][449]LogMaterial: Missing cached shader map for material gxmain_gxoblo_jpg1, compiling. 
[2018.03.02-14.41.18:673][449]LogLinker: Can't find file '/Game/StarterContent/gxoblo'
[2018.03.02-14.41.18:673][449]LogLinker: Can't find file '/Game/StarterContent/gxoblo'
[2018.03.02-14.41.18:720][449]LogTexture: Display: Building textures: gxoblo (AutoDXT, 512X512)
[2018.03.02-14.41.18:771][449]LogMaterial: Missing cached shader map for material gxmain_gxoblo_jpg1, compiling. 
[2018.03.02-14.41.18:812][449]LogLinker: Can't find file '/Game/StarterContent/gxmain_gxtop14_jpg1'
[2018.03.02-14.41.18:812][449]LogLinker: Can't find file '/Game/StarterContent/gxmain_gxtop14_jpg1'
[2018.03.02-14.41.18:812][449]LogMaterial: Warning: Material /Game/StarterContent/gxmain_gxtop14_jpg1.gxmain_gxtop14_jpg1 needed to have new flag set bUsedWithSkeletalMesh !
[2018.03.02-14.41.18:814][449]LogMaterial: Missing cached shader map for material gxmain_gxtop14_jpg1, compiling. 
[2018.03.02-14.41.18:866][449]LogLinker: Can't find file '/Game/StarterContent/gxtop14'
[2018.03.02-14.41.18:866][449]LogLinker: Can't find file '/Game/StarterContent/gxtop14'
[2018.03.02-14.41.18:937][449]LogTexture: Display: Building textures: gxtop14 (AutoDXT, 1024X1024)
[2018.03.02-14.41.19:190][449]LogMaterial: Missing cached shader map for material gxmain_gxtop14_jpg1, compiling. 
[2018.03.02-14.41.19:235][449]LogLinker: Can't find file '/Game/StarterContent/gxlight1_gxlight1_jpg1'
[2018.03.02-14.41.19:235][449]LogLinker: Can't find file '/Game/StarterContent/gxlight1_gxlight1_jpg1'
[2018.03.02-14.41.19:235][449]LogMaterial: Warning: Material /Game/StarterContent/gxlight1_gxlight1_jpg1.gxlight1_gxlight1_jpg1 needed to have new flag set bUsedWithSkeletalMesh !
[2018.03.02-14.41.19:238][449]LogMaterial: Missing cached shader map for material gxlight1_gxlight1_jpg1, compiling. 
[2018.03.02-14.41.19:290][449]LogLinker: Can't find file '/Game/StarterContent/gxlight1'
[2018.03.02-14.41.19:290][449]LogLinker: Can't find file '/Game/StarterContent/gxlight1'
[2018.03.02-14.41.19:349][449]LogTexture: Display: Building textures: gxlight1 (AutoDXT, 1024X1024)
[2018.03.02-14.41.19:504][449]LogMaterial: Missing cached shader map for material gxlight1_gxlight1_jpg1, compiling. 
[2018.03.02-14.41.19:550][449]LogLinker: Can't find file '/Game/StarterContent/gxmain_gxcircle_jpg1'
[2018.03.02-14.41.19:550][449]LogLinker: Can't find file '/Game/StarterContent/gxmain_gxcircle_jpg1'
[2018.03.02-14.41.19:550][449]LogMaterial: Warning: Material /Game/StarterContent/gxmain_gxcircle_jpg1.gxmain_gxcircle_jpg1 needed to have new flag set bUsedWithSkeletalMesh !
[2018.03.02-14.41.19:552][449]LogMaterial: Missing cached shader map for material gxmain_gxcircle_jpg1, compiling. 
[2018.03.02-14.41.19:614][449]LogLinker: Can't find file '/Game/StarterContent/gxcircle'
[2018.03.02-14.41.19:614][449]LogLinker: Can't find file '/Game/StarterContent/gxcircle'
[2018.03.02-14.41.19:660][449]LogTexture: Display: Building textures: gxcircle (AutoDXT, 100X100)
[2018.03.02-14.41.19:681][449]LogMaterial: Missing cached shader map for material gxmain_gxcircle_jpg1, compiling. 
[2018.03.02-14.41.19:726][449]LogLinker: Can't find file '/Game/StarterContent/gxmain_gxwhite_jpg1'
[2018.03.02-14.41.19:726][449]LogLinker: Can't find file '/Game/StarterContent/gxmain_gxwhite_jpg1'
[2018.03.02-14.41.19:726][449]LogMaterial: Warning: Material /Game/StarterContent/gxmain_gxwhite_jpg1.gxmain_gxwhite_jpg1 needed to have new flag set bUsedWithSkeletalMesh !
[2018.03.02-14.41.19:728][449]LogMaterial: Missing cached shader map for material gxmain_gxwhite_jpg1, compiling. 
[2018.03.02-14.41.19:826][449]LogTexture: Display: Building textures: gxwhite (AutoDXT, 100X100)
[2018.03.02-14.41.19:835][449]LogMaterial: Missing cached shader map for material gxmain_gxwhite_jpg1, compiling. 
[2018.03.02-14.41.19:876][449]LogLinker: Can't find file '/Game/StarterContent/gxmain_gxbottom6_jpg1'
[2018.03.02-14.41.19:876][449]LogLinker: Can't find file '/Game/StarterContent/gxmain_gxbottom6_jpg1'
[2018.03.02-14.41.19:876][449]LogMaterial: Warning: Material /Game/StarterContent/gxmain_gxbottom6_jpg1.gxmain_gxbottom6_jpg1 needed to have new flag set bUsedWithSkeletalMesh !
[2018.03.02-14.41.19:878][449]LogMaterial: Missing cached shader map for material gxmain_gxbottom6_jpg1, compiling. 
[2018.03.02-14.41.19:942][449]LogLinker: Can't find file '/Game/StarterContent/gxbottom6'
[2018.03.02-14.41.19:943][449]LogLinker: Can't find file '/Game/StarterContent/gxbottom6'
[2018.03.02-14.41.20:006][449]LogTexture: Display: Building textures: gxbottom6 (AutoDXT, 1024X1024)
[2018.03.02-14.41.20:256][449]LogMaterial: Missing cached shader map for material gxmain_gxbottom6_jpg1, compiling. 
[2018.03.02-14.41.20:299][449]LogLinker: Can't find file '/Game/StarterContent/gxmain_gxtop1_1_jpg1'
[2018.03.02-14.41.20:299][449]LogLinker: Can't find file '/Game/StarterContent/gxmain_gxtop1_1_jpg1'
[2018.03.02-14.41.20:299][449]LogMaterial: Warning: Material /Game/StarterContent/gxmain_gxtop1_1_jpg1.gxmain_gxtop1_1_jpg1 needed to have new flag set bUsedWithSkeletalMesh !
[2018.03.02-14.41.20:302][449]LogMaterial: Missing cached shader map for material gxmain_gxtop1_1_jpg1, compiling. 
[2018.03.02-14.41.20:351][449]LogLinker: Can't find file '/Game/StarterContent/gxtop1_1'
[2018.03.02-14.41.20:352][449]LogLinker: Can't find file '/Game/StarterContent/gxtop1_1'
[2018.03.02-14.41.20:415][449]LogTexture: Display: Building textures: gxtop1_1 (BGRA8, 1280X1069)
[2018.03.02-14.41.20:553][449]LogMaterial: Missing cached shader map for material gxmain_gxtop1_1_jpg1, compiling. 
[2018.03.02-14.41.20:592][449]LogLinker: Can't find file '/Game/StarterContent/gxfront2_gxfront2_jpg1'
[2018.03.02-14.41.20:593][449]LogLinker: Can't find file '/Game/StarterContent/gxfront2_gxfront2_jpg1'
[2018.03.02-14.41.20:593][449]LogMaterial: Warning: Material /Game/StarterContent/gxfront2_gxfront2_jpg1.gxfront2_gxfront2_jpg1 needed to have new flag set bUsedWithSkeletalMesh !
[2018.03.02-14.41.20:595][449]LogMaterial: Missing cached shader map for material gxfront2_gxfront2_jpg1, compiling. 
[2018.03.02-14.41.20:644][449]LogLinker: Can't find file '/Game/StarterContent/gxfront2'
[2018.03.02-14.41.20:644][449]LogLinker: Can't find file '/Game/StarterContent/gxfront2'
[2018.03.02-14.41.20:703][449]LogTexture: Display: Building textures: gxfront2 (AutoDXT, 1024X1024)
[2018.03.02-14.41.20:902][449]LogMaterial: Missing cached shader map for material gxfront2_gxfront2_jpg1, compiling. 
[2018.03.02-14.41.20:945][449]LogLinker: Can't find file '/Game/StarterContent/gxmain_gxtop8_jpg1'
[2018.03.02-14.41.20:946][449]LogLinker: Can't find file '/Game/StarterContent/gxmain_gxtop8_jpg1'
[2018.03.02-14.41.20:946][449]LogMaterial: Warning: Material /Game/StarterContent/gxmain_gxtop8_jpg1.gxmain_gxtop8_jpg1 needed to have new flag set bUsedWithSkeletalMesh !
[2018.03.02-14.41.20:949][449]LogMaterial: Missing cached shader map for material gxmain_gxtop8_jpg1, compiling. 
[2018.03.02-14.41.21:007][449]LogLinker: Can't find file '/Game/StarterContent/gxtop8'
[2018.03.02-14.41.21:007][449]LogLinker: Can't find file '/Game/StarterContent/gxtop8'
[2018.03.02-14.41.21:077][449]LogTexture: Display: Building textures: gxtop8 (AutoDXT, 1024X1024)
[2018.03.02-14.41.21:259][449]LogMaterial: Missing cached shader map for material gxmain_gxtop8_jpg1, compiling. 
[2018.03.02-14.41.21:299][449]LogLinker: Can't find file '/Game/StarterContent/gxmain_gxtop8_0_jpg1'
[2018.03.02-14.41.21:299][449]LogLinker: Can't find file '/Game/StarterContent/gxmain_gxtop8_0_jpg1'
[2018.03.02-14.41.21:299][449]LogMaterial: Warning: Material /Game/StarterContent/gxmain_gxtop8_0_jpg1.gxmain_gxtop8_0_jpg1 needed to have new flag set bUsedWithSkeletalMesh !
[2018.03.02-14.41.21:302][449]LogMaterial: Missing cached shader map for material gxmain_gxtop8_0_jpg1, compiling. 
[2018.03.02-14.41.21:352][449]LogLinker: Can't find file '/Game/StarterContent/gxtop8_0'
[2018.03.02-14.41.21:352][449]LogLinker: Can't find file '/Game/StarterContent/gxtop8_0'
[2018.03.02-14.41.21:414][449]LogTexture: Display: Building textures: gxtop8_0 (AutoDXT, 1024X1024)
[2018.03.02-14.41.21:601][449]LogMaterial: Missing cached shader map for material gxmain_gxtop8_0_jpg1, compiling. 
[2018.03.02-14.41.21:644][449]LogLinker: Can't find file '/Game/StarterContent/gxmain_gxtop7_jpg1'
[2018.03.02-14.41.21:644][449]LogLinker: Can't find file '/Game/StarterContent/gxmain_gxtop7_jpg1'
[2018.03.02-14.41.21:644][449]LogMaterial: Warning: Material /Game/StarterContent/gxmain_gxtop7_jpg1.gxmain_gxtop7_jpg1 needed to have new flag set bUsedWithSkeletalMesh !
[2018.03.02-14.41.21:646][449]LogMaterial: Missing cached shader map for material gxmain_gxtop7_jpg1, compiling. 
[2018.03.02-14.41.21:689][449]LogLinker: Can't find file '/Game/StarterContent/gxtop7'
[2018.03.02-14.41.21:689][449]LogLinker: Can't find file '/Game/StarterContent/gxtop7'
[2018.03.02-14.41.21:753][449]LogTexture: Display: Building textures: gxtop7 (AutoDXT, 1024X1024)
[2018.03.02-14.41.21:955][449]LogMaterial: Missing cached shader map for material gxmain_gxtop7_jpg1, compiling. 
[2018.03.02-14.41.21:996][449]LogLinker: Can't find file '/Game/StarterContent/gxmain_gxbottom1_jpg1'
[2018.03.02-14.41.21:997][449]LogLinker: Can't find file '/Game/StarterContent/gxmain_gxbottom1_jpg1'
[2018.03.02-14.41.21:997][449]LogMaterial: Warning: Material /Game/StarterContent/gxmain_gxbottom1_jpg1.gxmain_gxbottom1_jpg1 needed to have new flag set bUsedWithSkeletalMesh !
[2018.03.02-14.41.22:000][449]LogMaterial: Missing cached shader map for material gxmain_gxbottom1_jpg1, compiling. 
[2018.03.02-14.41.22:047][449]LogLinker: Can't find file '/Game/StarterContent/gxbottom1'
[2018.03.02-14.41.22:047][449]LogLinker: Can't find file '/Game/StarterContent/gxbottom1'
[2018.03.02-14.41.22:112][449]LogTexture: Display: Building textures: gxbottom1 (BGRA8, 1029X859)
[2018.03.02-14.41.22:205][449]LogMaterial: Missing cached shader map for material gxmain_gxbottom1_jpg1, compiling. 
[2018.03.02-14.41.22:248][449]LogLinker: Can't find file '/Game/StarterContent/gxmain_gxbottom3_jpg1'
[2018.03.02-14.41.22:248][449]LogLinker: Can't find file '/Game/StarterContent/gxmain_gxbottom3_jpg1'
[2018.03.02-14.41.22:249][449]LogMaterial: Warning: Material /Game/StarterContent/gxmain_gxbottom3_jpg1.gxmain_gxbottom3_jpg1 needed to have new flag set bUsedWithSkeletalMesh !
[2018.03.02-14.41.22:251][449]LogMaterial: Missing cached shader map for material gxmain_gxbottom3_jpg1, compiling. 
[2018.03.02-14.41.22:303][449]LogLinker: Can't find file '/Game/StarterContent/gxbottom3'
[2018.03.02-14.41.22:304][449]LogLinker: Can't find file '/Game/StarterContent/gxbottom3'
[2018.03.02-14.41.22:373][449]LogTexture: Display: Building textures: gxbottom3 (AutoDXT, 1024X1024)
[2018.03.02-14.41.22:625][449]LogMaterial: Missing cached shader map for material gxmain_gxbottom3_jpg1, compiling. 
[2018.03.02-14.41.22:661][449]LogLinker: Can't find file '/Game/StarterContent/gxmain_gxbottom5_jpg1'
[2018.03.02-14.41.22:662][449]LogLinker: Can't find file '/Game/StarterContent/gxmain_gxbottom5_jpg1'
[2018.03.02-14.41.22:662][449]LogMaterial: Warning: Material /Game/StarterContent/gxmain_gxbottom5_jpg1.gxmain_gxbottom5_jpg1 needed to have new flag set bUsedWithSkeletalMesh !
[2018.03.02-14.41.22:664][449]LogMaterial: Missing cached shader map for material gxmain_gxbottom5_jpg1, compiling. 
[2018.03.02-14.41.22:713][449]LogLinker: Can't find file '/Game/StarterContent/gxbottom5'
[2018.03.02-14.41.22:713][449]LogLinker: Can't find file '/Game/StarterContent/gxbottom5'
[2018.03.02-14.41.22:792][449]LogTexture: Display: Building textures: gxbottom5 (AutoDXT, 1280X1280)
[2018.03.02-14.41.23:517][449]LogMaterial: Missing cached shader map for material gxmain_gxbottom5_jpg1, compiling. 
[2018.03.02-14.41.23:570][449]LogLinker: Can't find file '/Game/StarterContent/gxmain_gxbottom7_jpg1'
[2018.03.02-14.41.23:570][449]LogLinker: Can't find file '/Game/StarterContent/gxmain_gxbottom7_jpg1'
[2018.03.02-14.41.23:571][449]LogMaterial: Warning: Material /Game/StarterContent/gxmain_gxbottom7_jpg1.gxmain_gxbottom7_jpg1 needed to have new flag set bUsedWithSkeletalMesh !
[2018.03.02-14.41.23:573][449]LogMaterial: Missing cached shader map for material gxmain_gxbottom7_jpg1, compiling. 
[2018.03.02-14.41.23:628][449]LogLinker: Can't find file '/Game/StarterContent/gxbottom7'
[2018.03.02-14.41.23:629][449]LogLinker: Can't find file '/Game/StarterContent/gxbottom7'
[2018.03.02-14.41.23:698][449]LogTexture: Display: Building textures: gxbottom7 (AutoDXT, 1024X1024)
[2018.03.02-14.41.23:960][449]LogMaterial: Missing cached shader map for material gxmain_gxbottom7_jpg1, compiling. 
[2018.03.02-14.41.24:007][449]LogLinker: Can't find file '/Game/StarterContent/gxmain_gxtop9_jpg1'
[2018.03.02-14.41.24:008][449]LogLinker: Can't find file '/Game/StarterContent/gxmain_gxtop9_jpg1'
[2018.03.02-14.41.24:008][449]LogMaterial: Warning: Material /Game/StarterContent/gxmain_gxtop9_jpg1.gxmain_gxtop9_jpg1 needed to have new flag set bUsedWithSkeletalMesh !
[2018.03.02-14.41.24:010][449]LogMaterial: Missing cached shader map for material gxmain_gxtop9_jpg1, compiling. 
[2018.03.02-14.41.24:067][449]LogLinker: Can't find file '/Game/StarterContent/gxtop9'
[2018.03.02-14.41.24:068][449]LogLinker: Can't find file '/Game/StarterContent/gxtop9'
[2018.03.02-14.41.24:153][449]LogTexture: Display: Building textures: gxtop9 (AutoDXT, 1280X1280)
[2018.03.02-14.41.24:814][449]LogMaterial: Missing cached shader map for material gxmain_gxtop9_jpg1, compiling. 
[2018.03.02-14.41.24:860][449]LogLinker: Can't find file '/Game/StarterContent/gxmain_gxbottom_jpg1'
[2018.03.02-14.41.24:860][449]LogLinker: Can't find file '/Game/StarterContent/gxmain_gxbottom_jpg1'
[2018.03.02-14.41.24:861][449]LogMaterial: Warning: Material /Game/StarterContent/gxmain_gxbottom_jpg1.gxmain_gxbottom_jpg1 needed to have new flag set bUsedWithSkeletalMesh !
[2018.03.02-14.41.24:863][449]LogMaterial: Missing cached shader map for material gxmain_gxbottom_jpg1, compiling. 
[2018.03.02-14.41.24:919][449]LogLinker: Can't find file '/Game/StarterContent/gxbottom'
[2018.03.02-14.41.24:920][449]LogLinker: Can't find file '/Game/StarterContent/gxbottom'
[2018.03.02-14.41.24:990][449]LogTexture: Display: Building textures: gxbottom (BGRA8, 1029X859)
[2018.03.02-14.41.25:081][449]LogMaterial: Missing cached shader map for material gxmain_gxbottom_jpg1, compiling. 
[2018.03.02-14.41.25:132][449]LogLinker: Can't find file '/Game/StarterContent/gxmain_gxlines_jpg1'
[2018.03.02-14.41.25:133][449]LogLinker: Can't find file '/Game/StarterContent/gxmain_gxlines_jpg1'
[2018.03.02-14.41.25:133][449]LogMaterial: Warning: Material /Game/StarterContent/gxmain_gxlines_jpg1.gxmain_gxlines_jpg1 needed to have new flag set bUsedWithSkeletalMesh !
[2018.03.02-14.41.25:136][449]LogMaterial: Missing cached shader map for material gxmain_gxlines_jpg1, compiling. 
[2018.03.02-14.41.25:204][449]LogLinker: Can't find file '/Game/StarterContent/gxlines'
[2018.03.02-14.41.25:205][449]LogLinker: Can't find file '/Game/StarterContent/gxlines'
[2018.03.02-14.41.25:255][449]LogTexture: Display: Building textures: gxlines (AutoDXT, 120X120)
[2018.03.02-14.41.25:305][449]LogMaterial: Missing cached shader map for material gxmain_gxlines_jpg1, compiling. 
[2018.03.02-14.41.25:356][449]LogLinker: Can't find file '/Game/StarterContent/gxmain_gxcol0_jpg1'
[2018.03.02-14.41.25:356][449]LogLinker: Can't find file '/Game/StarterContent/gxmain_gxcol0_jpg1'
[2018.03.02-14.41.25:357][449]LogMaterial: Warning: Material /Game/StarterContent/gxmain_gxcol0_jpg1.gxmain_gxcol0_jpg1 needed to have new flag set bUsedWithSkeletalMesh !
[2018.03.02-14.41.25:359][449]LogMaterial: Missing cached shader map for material gxmain_gxcol0_jpg1, compiling. 
[2018.03.02-14.41.25:428][449]LogLinker: Can't find file '/Game/StarterContent/gxcol0'
[2018.03.02-14.41.25:428][449]LogLinker: Can't find file '/Game/StarterContent/gxcol0'
[2018.03.02-14.41.25:477][449]LogTexture: Display: Building textures: gxcol0 (AutoDXT, 100X100)
[2018.03.02-14.41.25:514][449]LogMaterial: Missing cached shader map for material gxmain_gxcol0_jpg1, compiling. 
[2018.03.02-14.41.25:566][449]LogLinker: Can't find file '/Game/StarterContent/gxmain_gxcol2_jpg1'
[2018.03.02-14.41.25:567][449]LogLinker: Can't find file '/Game/StarterContent/gxmain_gxcol2_jpg1'
[2018.03.02-14.41.25:567][449]LogMaterial: Warning: Material /Game/StarterContent/gxmain_gxcol2_jpg1.gxmain_gxcol2_jpg1 needed to have new flag set bUsedWithSkeletalMesh !
[2018.03.02-14.41.25:569][449]LogMaterial: Missing cached shader map for material gxmain_gxcol2_jpg1, compiling. 
[2018.03.02-14.41.25:642][449]LogLinker: Can't find file '/Game/StarterContent/gxcol2'
[2018.03.02-14.41.25:642][449]LogLinker: Can't find file '/Game/StarterContent/gxcol2'
[2018.03.02-14.41.25:690][449]LogTexture: Display: Building textures: gxcol2 (AutoDXT, 100X100)
[2018.03.02-14.41.25:718][449]LogMaterial: Missing cached shader map for material gxmain_gxcol2_jpg1, compiling. 
[2018.03.02-14.41.25:766][449]LogLinker: Can't find file '/Game/StarterContent/gxmain_gxcol4_jpg1'
[2018.03.02-14.41.25:766][449]LogLinker: Can't find file '/Game/StarterContent/gxmain_gxcol4_jpg1'
[2018.03.02-14.41.25:767][449]LogMaterial: Warning: Material /Game/StarterContent/gxmain_gxcol4_jpg1.gxmain_gxcol4_jpg1 needed to have new flag set bUsedWithSkeletalMesh !
[2018.03.02-14.41.25:769][449]LogMaterial: Missing cached shader map for material gxmain_gxcol4_jpg1, compiling. 
[2018.03.02-14.41.25:836][449]LogLinker: Can't find file '/Game/StarterContent/gxcol4'
[2018.03.02-14.41.25:837][449]LogLinker: Can't find file '/Game/StarterContent/gxcol4'
[2018.03.02-14.41.25:886][449]LogTexture: Display: Building textures: gxcol4 (AutoDXT, 100X100)
[2018.03.02-14.41.25:903][449]LogMaterial: Missing cached shader map for material gxmain_gxcol4_jpg1, compiling. 
[2018.03.02-14.41.25:949][449]LogLinker: Can't find file '/Game/StarterContent/_gxcol4_jpg1'
[2018.03.02-14.41.25:950][449]LogLinker: Can't find file '/Game/StarterContent/_gxcol4_jpg1'
[2018.03.02-14.41.25:950][449]LogMaterial: Warning: Material /Game/StarterContent/_gxcol4_jpg1._gxcol4_jpg1 needed to have new flag set bUsedWithSkeletalMesh !
[2018.03.02-14.41.25:953][449]LogMaterial: Missing cached shader map for material _gxcol4_jpg1, compiling. 
[2018.03.02-14.41.26:059][449]LogTexture: Display: Building textures: gxcol4 (AutoDXT, 100X100)
[2018.03.02-14.41.26:065][449]LogMaterial: Missing cached shader map for material _gxcol4_jpg1, compiling. 
[2018.03.02-14.41.26:110][449]LogLinker: Can't find file '/Game/StarterContent/_gxcol5_jpg1'
[2018.03.02-14.41.26:110][449]LogLinker: Can't find file '/Game/StarterContent/_gxcol5_jpg1'
[2018.03.02-14.41.26:111][449]LogMaterial: Warning: Material /Game/StarterContent/_gxcol5_jpg1._gxcol5_jpg1 needed to have new flag set bUsedWithSkeletalMesh !
[2018.03.02-14.41.26:113][449]LogMaterial: Missing cached shader map for material _gxcol5_jpg1, compiling. 
[2018.03.02-14.41.26:217][449]LogTexture: Display: Building textures: gxcol5 (AutoDXT, 100X100)
[2018.03.02-14.41.26:222][449]LogMaterial: Missing cached shader map for material _gxcol5_jpg1, compiling. 
[2018.03.02-14.41.26:270][449]LogLinker: Can't find file '/Game/StarterContent/gxmain_gxtop15'
[2018.03.02-14.41.26:271][449]LogLinker: Can't find file '/Game/StarterContent/gxmain_gxtop15'
[2018.03.02-14.41.26:271][449]LogMaterial: Warning: Material /Game/StarterContent/gxmain_gxtop15.gxmain_gxtop15 needed to have new flag set bUsedWithSkeletalMesh !
[2018.03.02-14.41.26:274][449]LogMaterial: Missing cached shader map for material gxmain_gxtop15, compiling. 
[2018.03.02-14.41.26:328][449]LogLinker: Can't find file '/Game/StarterContent/gxtop3'
[2018.03.02-14.41.26:329][449]LogLinker: Can't find file '/Game/StarterContent/gxtop3'
[2018.03.02-14.41.26:394][449]LogTexture: Display: Building textures: gxtop3 (AutoDXT, 1024X1024)
[2018.03.02-14.41.26:574][449]LogMaterial: Missing cached shader map for material gxmain_gxtop15, compiling. 
[2018.03.02-14.41.26:618][449]LogLinker: Can't find file '/Game/StarterContent/gxmain_gxtop2_jpg1'
[2018.03.02-14.41.26:618][449]LogLinker: Can't find file '/Game/StarterContent/gxmain_gxtop2_jpg1'
[2018.03.02-14.41.26:618][449]LogMaterial: Warning: Material /Game/StarterContent/gxmain_gxtop2_jpg1.gxmain_gxtop2_jpg1 needed to have new flag set bUsedWithSkeletalMesh !
[2018.03.02-14.41.26:621][449]LogMaterial: Missing cached shader map for material gxmain_gxtop2_jpg1, compiling. 
[2018.03.02-14.41.26:672][449]LogLinker: Can't find file '/Game/StarterContent/gxtop2'
[2018.03.02-14.41.26:673][449]LogLinker: Can't find file '/Game/StarterContent/gxtop2'
[2018.03.02-14.41.26:724][449]LogTexture: Display: Building textures: gxtop2 (BGRA8, 1102X88)
[2018.03.02-14.41.26:747][449]LogMaterial: Missing cached shader map for material gxmain_gxtop2_jpg1, compiling. 
[2018.03.02-14.41.26:794][449]LogLinker: Can't find file '/Game/StarterContent/gxmain_gxtop16'
[2018.03.02-14.41.26:794][449]LogLinker: Can't find file '/Game/StarterContent/gxmain_gxtop16'
[2018.03.02-14.41.26:794][449]LogMaterial: Warning: Material /Game/StarterContent/gxmain_gxtop16.gxmain_gxtop16 needed to have new flag set bUsedWithSkeletalMesh !
[2018.03.02-14.41.26:797][449]LogMaterial: Missing cached shader map for material gxmain_gxtop16, compiling. 
[2018.03.02-14.41.26:852][449]LogLinker: Can't find file '/Game/StarterContent/gxtop4'
[2018.03.02-14.41.26:853][449]LogLinker: Can't find file '/Game/StarterContent/gxtop4'
[2018.03.02-14.41.26:915][449]LogTexture: Display: Building textures: gxtop4 (AutoDXT, 1024X1024)
[2018.03.02-14.41.27:103][449]LogMaterial: Missing cached shader map for material gxmain_gxtop16, compiling. 
[2018.03.02-14.41.27:150][449]LogLinker: Can't find file '/Game/StarterContent/gxmain_gxtop18'
[2018.03.02-14.41.27:151][449]LogLinker: Can't find file '/Game/StarterContent/gxmain_gxtop18'
[2018.03.02-14.41.27:151][449]LogMaterial: Warning: Material /Game/StarterContent/gxmain_gxtop18.gxmain_gxtop18 needed to have new flag set bUsedWithSkeletalMesh !
[2018.03.02-14.41.27:154][449]LogMaterial: Missing cached shader map for material gxmain_gxtop18, compiling. 
[2018.03.02-14.41.27:208][449]LogLinker: Can't find file '/Game/StarterContent/gxtop6'
[2018.03.02-14.41.27:208][449]LogLinker: Can't find file '/Game/StarterContent/gxtop6'
[2018.03.02-14.41.27:279][449]LogTexture: Display: Building textures: gxtop6 (AutoDXT, 1024X1024)
[2018.03.02-14.41.27:500][449]LogMaterial: Missing cached shader map for material gxmain_gxtop18, compiling. 
[2018.03.02-14.41.27:548][449]LogLinker: Can't find file '/Game/StarterContent/gxmain_gxcol1_jpg1'
[2018.03.02-14.41.27:549][449]LogLinker: Can't find file '/Game/StarterContent/gxmain_gxcol1_jpg1'
[2018.03.02-14.41.27:549][449]LogMaterial: Warning: Material /Game/StarterContent/gxmain_gxcol1_jpg1.gxmain_gxcol1_jpg1 needed to have new flag set bUsedWithSkeletalMesh !
[2018.03.02-14.41.27:552][449]LogMaterial: Missing cached shader map for material gxmain_gxcol1_jpg1, compiling. 
[2018.03.02-14.41.27:605][449]LogLinker: Can't find file '/Game/StarterContent/gxcol1'
[2018.03.02-14.41.27:605][449]LogLinker: Can't find file '/Game/StarterContent/gxcol1'
[2018.03.02-14.41.27:656][449]LogTexture: Display: Building textures: gxcol1 (AutoDXT, 100X100)
[2018.03.02-14.41.27:672][449]LogMaterial: Missing cached shader map for material gxmain_gxcol1_jpg1, compiling. 
[2018.03.02-14.41.27:720][449]LogLinker: Can't find file '/Game/StarterContent/gxmain_gxcol3_jpg1'
[2018.03.02-14.41.27:721][449]LogLinker: Can't find file '/Game/StarterContent/gxmain_gxcol3_jpg1'
[2018.03.02-14.41.27:721][449]LogMaterial: Warning: Material /Game/StarterContent/gxmain_gxcol3_jpg1.gxmain_gxcol3_jpg1 needed to have new flag set bUsedWithSkeletalMesh !
[2018.03.02-14.41.27:724][449]LogMaterial: Missing cached shader map for material gxmain_gxcol3_jpg1, compiling. 
[2018.03.02-14.41.27:780][449]LogLinker: Can't find file '/Game/StarterContent/gxcol3'
[2018.03.02-14.41.27:780][449]LogLinker: Can't find file '/Game/StarterContent/gxcol3'
[2018.03.02-14.41.27:829][449]LogTexture: Display: Building textures: gxcol3 (AutoDXT, 100X100)
[2018.03.02-14.41.27:853][449]LogMaterial: Missing cached shader map for material gxmain_gxcol3_jpg1, compiling. 
[2018.03.02-14.41.27:896][449]LogLinker: Can't find file '/Game/StarterContent/gxmain_gxfront1_jpg1'
[2018.03.02-14.41.27:896][449]LogLinker: Can't find file '/Game/StarterContent/gxmain_gxfront1_jpg1'
[2018.03.02-14.41.27:897][449]LogMaterial: Warning: Material /Game/StarterContent/gxmain_gxfront1_jpg1.gxmain_gxfront1_jpg1 needed to have new flag set bUsedWithSkeletalMesh !
[2018.03.02-14.41.27:899][449]LogMaterial: Missing cached shader map for material gxmain_gxfront1_jpg1, compiling. 
[2018.03.02-14.41.27:953][449]LogLinker: Can't find file '/Game/StarterContent/gxfront1'
[2018.03.02-14.41.27:954][449]LogLinker: Can't find file '/Game/StarterContent/gxfront1'
[2018.03.02-14.41.28:017][449]LogTexture: Display: Building textures: gxfront1 (AutoDXT, 1024X1024)
[2018.03.02-14.41.28:197][449]LogMaterial: Missing cached shader map for material gxmain_gxfront1_jpg1, compiling. 
[2018.03.02-14.41.28:242][449]LogLinker: Can't find file '/Game/StarterContent/gxmain_gxtop_jpg1'
[2018.03.02-14.41.28:242][449]LogLinker: Can't find file '/Game/StarterContent/gxmain_gxtop_jpg1'
[2018.03.02-14.41.28:242][449]LogMaterial: Warning: Material /Game/StarterContent/gxmain_gxtop_jpg1.gxmain_gxtop_jpg1 needed to have new flag set bUsedWithSkeletalMesh !
[2018.03.02-14.41.28:245][449]LogMaterial: Missing cached shader map for material gxmain_gxtop_jpg1, compiling. 
[2018.03.02-14.41.28:295][449]LogLinker: Can't find file '/Game/StarterContent/gxtop'
[2018.03.02-14.41.28:295][449]LogLinker: Can't find file '/Game/StarterContent/gxtop'
[2018.03.02-14.41.28:375][449]LogTexture: Display: Building textures: gxtop (BGRA8, 1280X1069)
[2018.03.02-14.41.28:509][449]LogMaterial: Missing cached shader map for material gxmain_gxtop_jpg1, compiling. 
[2018.03.02-14.41.28:556][449]LogLinker: Can't find file '/Game/StarterContent/gxmain_gxtop1_jpg1'
[2018.03.02-14.41.28:557][449]LogLinker: Can't find file '/Game/StarterContent/gxmain_gxtop1_jpg1'
[2018.03.02-14.41.28:557][449]LogMaterial: Warning: Material /Game/StarterContent/gxmain_gxtop1_jpg1.gxmain_gxtop1_jpg1 needed to have new flag set bUsedWithSkeletalMesh !
[2018.03.02-14.41.28:559][449]LogMaterial: Missing cached shader map for material gxmain_gxtop1_jpg1, compiling. 
[2018.03.02-14.41.28:601][449]LogLinker: Can't find file '/Game/StarterContent/gxtop1'
[2018.03.02-14.41.28:602][449]LogLinker: Can't find file '/Game/StarterContent/gxtop1'
[2018.03.02-14.41.28:668][449]LogTexture: Display: Building textures: gxtop1 (BGRA8, 1280X1069)
[2018.03.02-14.41.28:737][449]LogMaterial: Missing cached shader map for material gxmain_gxtop1_jpg1, compiling. 
[2018.03.02-14.41.28:782][449]LogFbx: Triangulating skeletal mesh enterprise1701d:Mesh
[2018.03.02-14.42.08:519][449]LogFbx: Warning: Bones digested - 1  Depth of hierarchy - 1
[2018.03.02-14.43.03:625][449]LogSkeletalMesh: Section 0: 26043 vertices, 1 active bones
[2018.03.02-14.43.03:652][449]LogSkeletalMesh: Section 1: 196024 vertices, 1 active bones
[2018.03.02-14.43.03:652][449]LogSkeletalMesh: Section 2: 1936 vertices, 1 active bones
[2018.03.02-14.43.03:652][449]LogSkeletalMesh: Section 3: 666 vertices, 1 active bones
[2018.03.02-14.43.03:654][449]LogSkeletalMesh: Section 4: 19628 vertices, 1 active bones
[2018.03.02-14.43.03:656][449]LogSkeletalMesh: Section 5: 15512 vertices, 1 active bones
[2018.03.02-14.43.03:656][449]LogSkeletalMesh: Section 6: 230 vertices, 1 active bones
[2018.03.02-14.43.03:657][449]LogSkeletalMesh: Section 7: 14043 vertices, 1 active bones
[2018.03.02-14.43.03:660][449]LogSkeletalMesh: Section 8: 29638 vertices, 1 active bones
[2018.03.02-14.43.03:661][449]LogSkeletalMesh: Section 9: 10546 vertices, 1 active bones
[2018.03.02-14.43.03:661][449]LogSkeletalMesh: Section 10: 6740 vertices, 1 active bones
[2018.03.02-14.43.03:662][449]LogSkeletalMesh: Section 11: 5748 vertices, 1 active bones
[2018.03.02-14.43.03:662][449]LogSkeletalMesh: Section 12: 1358 vertices, 1 active bones
[2018.03.02-14.43.03:662][449]LogSkeletalMesh: Section 13: 4158 vertices, 1 active bones
[2018.03.02-14.43.03:662][449]LogSkeletalMesh: Section 14: 7146 vertices, 1 active bones
[2018.03.02-14.43.03:663][449]LogSkeletalMesh: Section 15: 5427 vertices, 1 active bones
[2018.03.02-14.43.03:664][449]LogSkeletalMesh: Section 16: 16997 vertices, 1 active bones
[2018.03.02-14.43.03:664][449]LogSkeletalMesh: Section 17: 3388 vertices, 1 active bones
[2018.03.02-14.43.03:664][449]LogSkeletalMesh: Section 18: 77 vertices, 1 active bones
[2018.03.02-14.43.03:664][449]LogSkeletalMesh: Section 19: 96 vertices, 1 active bones
[2018.03.02-14.43.03:665][449]LogSkeletalMesh: Section 20: 578 vertices, 1 active bones
[2018.03.02-14.43.03:665][449]LogSkeletalMesh: Section 21: 19 vertices, 1 active bones
[2018.03.02-14.43.03:666][449]LogSkeletalMesh: Section 22: 12672 vertices, 1 active bones
[2018.03.02-14.43.03:666][449]LogSkeletalMesh: Section 23: 65 vertices, 1 active bones
[2018.03.02-14.43.03:666][449]LogSkeletalMesh: Section 24: 190 vertices, 1 active bones
[2018.03.02-14.43.03:666][449]LogSkeletalMesh: Section 25: 7751 vertices, 1 active bones
[2018.03.02-14.43.03:667][449]LogSkeletalMesh: Section 26: 2254 vertices, 1 active bones
[2018.03.02-14.43.03:667][449]LogSkeletalMesh: Section 27: 10343 vertices, 1 active bones
[2018.03.02-14.43.03:669][449]LogSkeletalMesh: Section 28: 21729 vertices, 1 active bones
[2018.03.02-14.43.03:669][449]LogSkeletalMesh: Section 29: 8 vertices, 1 active bones
[2018.03.02-14.43.03:669][449]LogSkeletalMesh: Section 30: 4921 vertices, 1 active bones
[2018.03.02-14.43.03:670][449]LogSkeletalMesh: Section 31: 4149 vertices, 1 active bones
[2018.03.02-14.43.03:670][449]LogSkeletalMesh: Section 32: 3947 vertices, 1 active bones
[2018.03.02-14.43.03:670][449]LogSkeletalMesh: Section 33: 28 vertices, 1 active bones
[2018.03.02-14.43.03:670][449]LogSkeletalMesh: Section 34: 20 vertices, 1 active bones
[2018.03.02-14.43.03:670][449]LogSkeletalMesh: Section 35: 568 vertices, 1 active bones
[2018.03.02-14.43.03:670][449]LogSkeletalMesh: Section 36: 7684 vertices, 1 active bones
[2018.03.02-14.43.03:670][449]LogSkeletalMesh: Section 37: 92 vertices, 1 active bones
[2018.03.02-14.43.03:672][449]LogSkeletalMesh: Section 38: 23316 vertices, 1 active bones
[2018.03.02-14.43.03:672][449]LogSkeletalMesh: Section 39: 3922 vertices, 1 active bones
[2018.03.02-14.43.03:672][449]LogSkeletalMesh: Section 40: 786 vertices, 1 active bones
[2018.03.02-14.43.03:672][449]LogSkeletalMesh: Section 41: 96 vertices, 1 active bones
[2018.03.02-14.43.03:672][449]LogSkeletalMesh: Section 42: 7484 vertices, 1 active bones
[2018.03.02-14.43.03:672][449]LogSkeletalMesh: Section 43: 105 vertices, 1 active bones
