Log file open, 03/17/18 15:51:23
LogWindows: LoadLibraryWithSearchPaths failed for file aqProf.dll. GetLastError=0
LogWindows: LoadLibraryWithSearchPaths failed for file VtuneApi.dll. GetLastError=0
LogWindows: LoadLibraryWithSearchPaths failed for file VtuneApi32e.dll. GetLastError=0
LogInit: Display: Running engine for game: PropNavigationGame
LogPlatformFile: Not using cached read wrapper
LogInit: Display: RandInit(-545278164) SRandInit(-545278164).
LogTaskGraph: Started task graph with 5 named threads and 14 total threads with 3 sets of task threads.
LogStats: Stats thread started at 0.174763
LogD3D11RHI: Aftermath initialized
LogPluginManager: Mounting plugin Paper2D
LogPluginManager: Mounting plugin LightPropagationVolume
LogPluginManager: Mounting plugin CodeLiteSourceCodeAccess
LogPluginManager: Mounting plugin GitSourceControl
LogPluginManager: Mounting plugin KDevelopSourceCodeAccess
LogPluginManager: Mounting plugin NullSourceCodeAccess
LogPluginManager: Mounting plugin PerforceSourceControl
LogPluginManager: Mounting plugin SubversionSourceControl
LogPluginManager: Mounting plugin UObjectPlugin
LogPluginManager: Mounting plugin VisualStudioSourceCodeAccess
LogPluginManager: Mounting plugin XCodeSourceCodeAccess
LogPluginManager: Mounting plugin AssetManagerEditor
LogPluginManager: Mounting plugin AudioCapture
LogPluginManager: Mounting plugin FacialAnimation
LogPluginManager: Mounting plugin GameplayTagsEditor
LogPluginManager: Mounting plugin MobileLauncherProfileWizard
LogPluginManager: Mounting plugin PluginBrowser
LogPluginManager: Mounting plugin SpeedTreeImporter
LogPluginManager: Mounting plugin AlembicImporter
LogPluginManager: Mounting plugin CharacterAI
LogPluginManager: Mounting plugin HTML5Networking
LogPluginManager: Mounting plugin AndroidMedia
LogPluginManager: Mounting plugin AvfMedia
LogPluginManager: Mounting plugin MediaPlayerEditor
LogPluginManager: Mounting plugin WmfMedia
LogPluginManager: Mounting plugin TcpMessaging
LogPluginManager: Mounting plugin UdpMessaging
LogPluginManager: Mounting plugin LevelSequenceEditor
LogPluginManager: Mounting plugin MatineeToLevelSequence
LogPluginManager: Mounting plugin OnlineSubsystemGooglePlay
LogPluginManager: Mounting plugin OnlineSubsystemIOS
LogPluginManager: Mounting plugin OnlineSubsystem
LogPluginManager: Mounting plugin OnlineSubsystemNull
LogPluginManager: Mounting plugin OnlineSubsystemUtils
LogPluginManager: Mounting plugin AndroidDeviceProfileSelector
LogPluginManager: Mounting plugin AndroidMoviePlayer
LogPluginManager: Mounting plugin AndroidPermission
LogPluginManager: Mounting plugin AppleMoviePlayer
LogPluginManager: Mounting plugin ArchVisCharacter
LogPluginManager: Mounting plugin CableComponent
LogPluginManager: Mounting plugin CustomMeshComponent
LogPluginManager: Mounting plugin ExampleDeviceProfileSelector
LogPluginManager: Mounting plugin GoogleCloudMessaging
LogPluginManager: Mounting plugin ImmediatePhysics
LogPluginManager: Mounting plugin IOSDeviceProfileSelector
LogPluginManager: Mounting plugin LinuxDeviceProfileSelector
LogPluginManager: Mounting plugin LocationServicesBPLibrary
LogPluginManager: Mounting plugin MobilePatchingUtils
LogPluginManager: Mounting plugin OculusVR
LogPluginManager: Mounting plugin PhysXVehicles
LogPluginManager: Mounting plugin ProceduralMeshComponent
LogPluginManager: Mounting plugin RuntimePhysXCooking
LogPluginManager: Mounting plugin SteamVR
LogPluginManager: Mounting plugin WindowsMoviePlayer
LogInit: Using libcurl 7.47.1
LogInit:  - built for x86_64-pc-win32
LogInit:  - supports SSL with OpenSSL/1.0.2g
LogInit:  - supports HTTP deflate (compression) using libz 1.2.8
LogInit:  - other features:
LogInit:      CURL_VERSION_SSL
LogInit:      CURL_VERSION_LIBZ
LogInit:      CURL_VERSION_IPV6
LogInit:      CURL_VERSION_ASYNCHDNS
LogInit:      CURL_VERSION_LARGEFILE
LogInit:      CURL_VERSION_IDN
LogInit:  CurlRequestOptions (configurable via config and command line):
LogInit:  - bVerifyPeer = false  - Libcurl will NOT verify peer certificate
LogInit:  - bUseHttpProxy = false  - Libcurl will NOT use HTTP proxy
LogInit:  - bDontReuseConnections = false  - Libcurl will reuse connections
LogInit:  - CertBundlePath = nullptr  - Libcurl will use whatever was configured at build time.
LogInit: Build: ++UE4+Release-4.17-CL-3573198
LogInit: Engine Version: 4.17.0-3573198+++UE4+Release-4.17
LogInit: Compatible Engine Version: 4.17.0-3573198+++UE4+Release-4.17
LogInit: Net CL: 3573198
LogDevObjectVersion: Number of dev versions registered: 16
LogDevObjectVersion:   Dev-Blueprints (B0D832E4-1F89-4F0D-ACCF-7EB736FD4AA2): 10
LogDevObjectVersion:   Dev-Build (E1C64328-A22C-4D53-A36C-8E866417BD8C): 0
LogDevObjectVersion:   Dev-Core (375EC13C-06E4-48FB-B500-84F0262A717E): 2
LogDevObjectVersion:   Dev-Editor (E4B068ED-F494-42E9-A231-DA0B2E46BB41): 20
LogDevObjectVersion:   Dev-Framework (CFFC743F-43B0-4480-9391-14DF171D2073): 28
LogDevObjectVersion:   Dev-Mobile (B02B49B5-BB20-44E9-A304-32B752E40360): 0
LogDevObjectVersion:   Dev-Networking (A4E4105C-59A1-49B5-A7C5-40C4547EDFEE): 0
LogDevObjectVersion:   Dev-Online (39C831C9-5AE6-47DC-9A44-9C173E1C8E7C): 0
LogDevObjectVersion:   Dev-Physics (78F01B33-EBEA-4F98-B9B4-84EACCB95AA2): 0
LogDevObjectVersion:   Dev-Platform (6631380F-2D4D-43E0-8009-CF276956A95A): 0
LogDevObjectVersion:   Dev-Rendering (12F88B9F-8875-4AFC-A67C-D90C383ABD29): 19
LogDevObjectVersion:   Dev-Sequencer (7B5AE74C-D270-4C10-A958-57980B212A5A): 4
LogDevObjectVersion:   Dev-VR (D7296918-1DD6-4BDD-9DE2-64A83CC13884): 0
LogDevObjectVersion:   Dev-LoadTimes (C2A15278-BFE7-4AFE-6C17-90FF531DF755): 1
LogDevObjectVersion:   Private-Geometry (6EACA3D4-40EC-4CC1-B786-8BED09428FC5): 1
LogDevObjectVersion:   Dev-AnimPhys (29E575DD-E0A3-4627-9D10-D276232CDCEA): 7
LogInit: Compiled (64-bit): Aug  4 2017 16:30:33
LogInit: Compiled with Visual C++: 19.00.24215.01
LogInit: Build Configuration: Development
LogInit: Branch Name: ++UE4+Release-4.17
LogInit: Command line: 
LogInit: Base directory: C:/Program Files (x86)/Epic Games/UE_4.17/Engine/Binaries/Win64/
LogInit: Installed Engine Build: 1
LogInit: Presizing for max 8388607 objects, including 0 objects not considered by GC, pre-allocating 0 bytes for permanent pool.
LogInit: Object subsystem initialized
[2018.03.17-15.51.25:333][  0]LogInit: Selected Device Profile: [Windows]
[2018.03.17-15.51.25:333][  0]LogInit: Applying CVar settings loaded from the selected device profile: [Windows]
[2018.03.17-15.51.25:372][  0]LogInit: Computer: MC11575
[2018.03.17-15.51.25:372][  0]LogInit: User: 1503395
[2018.03.17-15.51.25:372][  0]LogInit: CPU Page size=4096, Cores=4
[2018.03.17-15.51.25:372][  0]LogInit: High frequency timer resolution =3.328408 MHz
[2018.03.17-15.51.25:373][  0]LogMemory: Memory total: Physical=31.9GB (32GB approx)
[2018.03.17-15.51.25:373][  0]LogMemory: Platform Memory Stats for Windows
[2018.03.17-15.51.25:373][  0]LogMemory: Process Physical Memory: 280.64 MB used, 280.64 MB peak
[2018.03.17-15.51.25:373][  0]LogMemory: Process Virtual Memory: 277.51 MB used, 277.51 MB peak
[2018.03.17-15.51.25:373][  0]LogMemory: Physical Memory: 6769.93 MB used,  25938.44 MB free, 32708.37 MB total
[2018.03.17-15.51.25:373][  0]LogMemory: Virtual Memory: 656.55 MB used,  25938.44 MB free, 8388608.00 MB total
[2018.03.17-15.51.25:703][  0]LogInit: Using OS detected language (en-GB).
[2018.03.17-15.51.25:703][  0]LogInit: Using OS detected locale (en-GB).
[2018.03.17-15.51.25:706][  0]LogTextLocalizationManager: No specific localization for 'en-GB' exists, so the 'en' localization will be used.
[2018.03.17-15.51.26:367][  0]LogD3D11RHI: D3D11 adapters:
[2018.03.17-15.51.26:397][  0]LogD3D11RHI:    0. 'NVIDIA GeForce GTX 1070' (Feature Level 11_0)
[2018.03.17-15.51.26:397][  0]LogD3D11RHI:       8077/0/16098 MB DedicatedVideo/DedicatedSystem/SharedSystem, Outputs:1, VendorId:0x10de
[2018.03.17-15.51.26:397][  0]LogD3D11RHI: Chosen D3D11 Adapter: 0
[2018.03.17-15.51.26:402][  0]LogD3D11RHI: Creating new Direct3DDevice
[2018.03.17-15.51.26:402][  0]LogD3D11RHI:     GPU DeviceId: 0x1b81 (for the marketing name, search the web for "GPU Device Id")
[2018.03.17-15.51.26:402][  0]LogWindows: EnumDisplayDevices:
[2018.03.17-15.51.26:403][  0]LogWindows:    0. 'NVIDIA GeForce GTX 1070' (P:1 D:1)
[2018.03.17-15.51.26:403][  0]LogWindows:    1. 'NVIDIA GeForce GTX 1070' (P:0 D:0)
[2018.03.17-15.51.26:403][  0]LogWindows:    2. 'NVIDIA GeForce GTX 1070' (P:0 D:0)
[2018.03.17-15.51.26:403][  0]LogWindows:    3. 'NVIDIA GeForce GTX 1070' (P:0 D:0)
[2018.03.17-15.51.26:403][  0]LogWindows:    4. 'RDPDD Chained DD' (P:0 D:0)
[2018.03.17-15.51.26:403][  0]LogWindows:    5. 'RDP Encoder Mirror Driver' (P:0 D:0)
[2018.03.17-15.51.26:403][  0]LogWindows:    6. 'RDP Reflector Display Driver' (P:0 D:0)
[2018.03.17-15.51.26:403][  0]LogWindows: DebugString: GetVideoDriverDetailsInvalid PrimaryIsNotTheChoosenAdapter GetVideoDriverDetailsInvalid PrimaryIsNotTheChoosenAdapter GetVideoDriverDetailsInvalid PrimaryIsNotTheChoosenAdapter FoundDriverCount:4 
[2018.03.17-15.51.26:403][  0]LogD3D11RHI:     Adapter Name: NVIDIA GeForce GTX 1070
[2018.03.17-15.51.26:403][  0]LogD3D11RHI:   Driver Version: 390.65 (internal:23.21.13.9065, unified:390.65)
[2018.03.17-15.51.26:403][  0]LogD3D11RHI:      Driver Date: 1-3-2018
[2018.03.17-15.51.26:403][  0]LogRHI: Texture pool is 1361 MB (70% of 1945 MB)
[2018.03.17-15.51.26:415][  0]LogD3D11RHI: Async texture creation enabled
[2018.03.17-15.51.26:430][  0]LogD3D11RHI: GPU Timing Frequency: 1000.000000 (Debug: 2 2)
[2018.03.17-15.51.26:473][  0]LogShaderCompilers: Guid format shader working directory is -26 characters bigger than the processId version (//StuHome/HomeDrive5$/1503395/GitHub/Gameplay-Mechanics/PropNavigationGame/Intermediate/Shaders/WorkingDirectory/8968/).
[2018.03.17-15.51.26:474][  0]LogShaderCompilers: Cleaned the shader compiler working directory 'C:/Users/1503395/AppData/Local/Temp/UnrealShaderWorkingDir/1AB91C654451649FE4D84C80EFF9B6A1/'.
[2018.03.17-15.51.26:474][  0]LogShaderCompilers: Display: Using Local Shader Compiler.
[2018.03.17-15.51.27:438][  0]LogTemp: Display: Loaded TP AllDesktopTargetPlatform
[2018.03.17-15.51.27:528][  0]LogTemp: Display: Loaded TP MacClientTargetPlatform
[2018.03.17-15.51.27:623][  0]LogTemp: Display: Loaded TP MacNoEditorTargetPlatform
[2018.03.17-15.51.27:728][  0]LogTemp: Display: Loaded TP MacServerTargetPlatform
[2018.03.17-15.51.27:818][  0]LogTemp: Display: Loaded TP MacTargetPlatform
[2018.03.17-15.51.27:910][  0]LogTemp: Display: Loaded TP WindowsClientTargetPlatform
[2018.03.17-15.51.28:002][  0]LogTemp: Display: Loaded TP WindowsNoEditorTargetPlatform
[2018.03.17-15.51.28:093][  0]LogTemp: Display: Loaded TP WindowsServerTargetPlatform
[2018.03.17-15.51.28:179][  0]LogTemp: Display: Loaded TP WindowsTargetPlatform
[2018.03.17-15.51.28:270][  0]LogTemp: Display: Loaded TP AndroidTargetPlatform
[2018.03.17-15.51.28:360][  0]LogTemp: Display: Loaded TP Android_ASTCTargetPlatform
[2018.03.17-15.51.28:449][  0]LogTemp: Display: Loaded TP Android_ATCTargetPlatform
[2018.03.17-15.51.28:540][  0]LogTemp: Display: Loaded TP Android_DXTTargetPlatform
[2018.03.17-15.51.28:633][  0]LogTemp: Display: Loaded TP Android_ETC1TargetPlatform
[2018.03.17-15.51.28:736][  0]LogTemp: Display: Loaded TP Android_ETC2TargetPlatform
[2018.03.17-15.51.28:918][  0]LogTemp: Display: Loaded TP Android_MultiTargetPlatform
[2018.03.17-15.51.28:918][  0]LogTemp: Display: Loaded TP Android_PVRTCTargetPlatform
[2018.03.17-15.51.28:996][  0]LogTemp: Display: Loaded TP HTML5TargetPlatform
[2018.03.17-15.51.29:146][  0]LogTemp: Display: Loaded TP IOSTargetPlatform
[2018.03.17-15.51.29:195][  0]LogTemp: Display: Loaded TP TVOSTargetPlatform
[2018.03.17-15.51.29:286][  0]LogTemp: Display: Loaded TP LinuxClientTargetPlatform
[2018.03.17-15.51.29:377][  0]LogTemp: Display: Loaded TP LinuxNoEditorTargetPlatform
[2018.03.17-15.51.29:488][  0]LogTemp: Display: Loaded TP LinuxServerTargetPlatform
[2018.03.17-15.51.29:578][  0]LogTemp: Display: Loaded TP LinuxTargetPlatform
[2018.03.17-15.51.29:578][  0]LogTargetPlatformManager: Display: Building Assets For Windows
[2018.03.17-15.51.30:434][  0]LogDerivedDataCache: Display: Max Cache Size: 512 MB
[2018.03.17-15.51.30:546][  0]LogDerivedDataCache: Loaded boot cache 0.11s 93MB C:/Users/1503395/AppData/Local/UnrealEngine/4.17/DerivedDataCache/Boot.ddc.
[2018.03.17-15.51.30:547][  0]LogDerivedDataCache: Display: Loaded Boot cache: C:/Users/1503395/AppData/Local/UnrealEngine/4.17/DerivedDataCache/Boot.ddc
[2018.03.17-15.51.30:547][  0]LogDerivedDataCache: FDerivedDataBackendGraph:  Pak pak cache file //StuHome/HomeDrive5$/1503395/GitHub/Gameplay-Mechanics/PropNavigationGame/DerivedDataCache/DDC.ddp not found, will not use a pak cache.
[2018.03.17-15.51.30:547][  0]LogDerivedDataCache: Unable to find inner node Pak for hierarchical cache Hierarchy.
[2018.03.17-15.51.30:548][  0]LogDerivedDataCache: FDerivedDataBackendGraph:  CompressedPak pak cache file //StuHome/HomeDrive5$/1503395/GitHub/Gameplay-Mechanics/PropNavigationGame/DerivedDataCache/Compressed.ddp not found, will not use a pak cache.
[2018.03.17-15.51.30:548][  0]LogDerivedDataCache: Unable to find inner node CompressedPak for hierarchical cache Hierarchy.
[2018.03.17-15.51.30:564][  0]LogDerivedDataCache: Display: Pak cache opened for reading ../../../Engine/DerivedDataCache/Compressed.ddp.
[2018.03.17-15.51.30:576][  0]LogDerivedDataCache: Using Local data cache path C:/Users/1503395/AppData/Local/UnrealEngine/Common/DerivedDataCache: Writable
[2018.03.17-15.51.30:585][  0]LogMaterial: Verifying Global Shaders for PCD3D_SM5
[2018.03.17-15.51.30:585][  0]LogSlate: Using Freetype 2.6.0
[2018.03.17-15.51.30:586][  0]LogSlate: SlateFontCache - WITH_FREETYPE: 1, WITH_HARFBUZZ: 1
[2018.03.17-15.51.30:586][  0]LogSlate: SlateFontCache - WITH_FREETYPE: 1, WITH_HARFBUZZ: 1
[2018.03.17-15.51.30:882][  0]LogAssetRegistry: FAssetRegistry took 0.0247 seconds to start up
[2018.03.17-15.51.31:145][  0]LogInit: Selected Device Profile: [Windows]
[2018.03.17-15.51.31:150][  0]LogContentStreaming: Texture pool size is 0.00 MB
[2018.03.17-15.51.31:850][  0]LogSimplygon: Simplygon DLL not present - disabling.
[2018.03.17-15.51.31:926][  0]LogMeshReduction: Using SimplygonSwarm for distributed automatic mesh merging
[2018.03.17-15.51.31:927][  0]LogMeshReduction: Using QuadricMeshReduction for automatic static mesh reduction
[2018.03.17-15.51.31:927][  0]LogMeshReduction: No automatic skeletal mesh reduction module available
[2018.03.17-15.51.31:927][  0]LogMeshReduction: No automatic mesh merging module available
[2018.03.17-15.51.31:927][  0]LogMeshMerging: No automatic mesh merging module available
[2018.03.17-15.51.32:323][  0]LogNetVersion: PropNavigationGame , NetCL: 3573198, EngineNetVer: 2, GameNetVer: 0 (Checksum: 1685960384)
[2018.03.17-15.51.32:827][  0]LogPackageLocalizationCache: Processed 5 localized package path(s) for 2 prioritized culture(s) in 0.292284 seconds
[2018.03.17-15.51.32:836][  0]LogUObjectArray: 35825 objects as part of root set at end of initial load.
[2018.03.17-15.51.32:836][  0]LogUObjectAllocator: 7529112 out of 0 bytes used by permanent object pool.
[2018.03.17-15.51.32:836][  0]LogUObjectArray: CloseDisregardForGC: 0/0 objects in disregard for GC pool
[2018.03.17-15.51.32:965][  0]LogInit: WinSock: version 1.1 (2.2), MaxSocks=32767, MaxUdp=65467
[2018.03.17-15.51.36:770][  0]LogTcpMessaging: Initializing TcpMessaging bridge
[2018.03.17-15.51.36:828][  0]LogUdpMessaging: Initializing bridge on interface 0.0.0.0:0 to multicast group 230.0.0.1:6666.
[2018.03.17-15.51.36:829][  0]LogDirectoryWatcher: A directory notification failed for '//StuHome/HomeDrive5$/1503395/GitHub/Gameplay-Mechanics/PropNavigationGame/Content/' because it was empty or there was a buffer overflow. Attemping another request...
[2018.03.17-15.51.37:636][  0]LogScriptCore: Error: Script Msg: A null object was passed as a world context object to UEngine::GetWorldFromContextObject().
[2018.03.17-15.51.37:636][  0]LogScriptCore: Error: Script call stack:
	[Empty] (FFrame::GetScriptCallstack() called from native code)
[2018.03.17-15.51.37:852][  0]LogStats: FPlatformStackWalk::StackWalkAndDump -  0.196 s
[2018.03.17-15.51.37:852][  0]LogOutputDevice: Error: === Handled ensure: ===
[2018.03.17-15.51.37:852][  0]LogOutputDevice: Error: 
[2018.03.17-15.51.37:852][  0]LogOutputDevice: Error: Ensure condition failed: MyOwnerWorld [File:D:\Build\++UE4+Release-4.17+Compile\Sync\Engine\Source\Runtime\Engine\Private\Components\ActorComponent.cpp] [Line: 1022]
[2018.03.17-15.51.37:852][  0]LogOutputDevice: Error: 
[2018.03.17-15.51.37:852][  0]LogOutputDevice: Error: Stack: 
[2018.03.17-15.51.37:852][  0]LogOutputDevice: Error: UE4Editor-Core.dll!0x00000000E81935F6
[2018.03.17-15.51.37:852][  0]LogOutputDevice: Error: UE4Editor-Core.dll!0x00000000E7F1C2C2
[2018.03.17-15.51.37:852][  0]LogOutputDevice: Error: UE4Editor-Core.dll!0x00000000E7F34736
[2018.03.17-15.51.37:852][  0]LogOutputDevice: Error: UE4Editor-Engine.dll!0x00000000E479987B
[2018.03.17-15.51.37:852][  0]LogOutputDevice: Error: UE4Editor-PropNavigationGame-220.dll!UPhaserComponent::UPhaserComponent() [\\stuhome\homedrive5$\1503395\github\gameplay-mechanics\propnavigationgame\source\propnavigationgame\phasercomponent.cpp:24]
[2018.03.17-15.51.37:852][  0]LogOutputDevice: Error: UE4Editor-CoreUObject.dll!0x00000000E784A442
[2018.03.17-15.51.37:852][  0]LogOutputDevice: Error: UE4Editor-CoreUObject.dll!0x00000000E7AB324B
[2018.03.17-15.51.37:852][  0]LogOutputDevice: Error: UE4Editor-CoreUObject.dll!0x00000000E7A96C73
[2018.03.17-15.51.37:852][  0]LogOutputDevice: Error: UE4Editor-CoreUObject.dll!0x00000000E784C157
[2018.03.17-15.51.37:852][  0]LogOutputDevice: Error: UE4Editor-Core.dll!0x00000000E7DB8210
[2018.03.17-15.51.37:852][  0]LogOutputDevice: Error: UE4Editor-Core.dll!0x00000000E80068C0
[2018.03.17-15.51.37:852][  0]LogOutputDevice: Error: UE4Editor-Projects.dll!0x00000000F522E06D
[2018.03.17-15.51.37:852][  0]LogOutputDevice: Error: UE4Editor-Projects.dll!0x00000000F522E37E
[2018.03.17-15.51.37:852][  0]LogOutputDevice: Error: UE4Editor.exe!0x000000003F6E64B1
[2018.03.17-15.51.37:852][  0]LogOutputDevice: Error: UE4Editor.exe!0x000000003F6EA7BD
[2018.03.17-15.51.37:852][  0]LogOutputDevice: Error: UE4Editor.exe!0x000000003F6E379A
[2018.03.17-15.51.37:852][  0]LogOutputDevice: Error: UE4Editor.exe!0x000000003F6E39EA
[2018.03.17-15.51.37:852][  0]LogOutputDevice: Error: UE4Editor.exe!0x000000003F6F02D9
[2018.03.17-15.51.37:852][  0]LogOutputDevice: Error: UE4Editor.exe!0x000000003F6F1C47
[2018.03.17-15.51.37:852][  0]LogOutputDevice: Error: kernel32.dll!0x00000000778559CD
[2018.03.17-15.51.37:852][  0]LogOutputDevice: Error: ntdll.dll!0x00000000779B383D
[2018.03.17-15.51.37:852][  0]LogOutputDevice: Error: 
[2018.03.17-15.51.37:862][  0]LogStats:                SubmitErrorReport -  0.000 s
[2018.03.17-15.51.38:960][  0]LogStats:                    SendNewReport -  1.098 s
[2018.03.17-15.51.38:960][  0]LogStats:             FDebug::EnsureFailed -  1.305 s
[2018.03.17-15.51.38:963][  0]LogStats: FPlatformStackWalk::StackWalkAndDump -  0.003 s
[2018.03.17-15.51.38:963][  0]LogOutputDevice: Error: === Handled ensure: ===
[2018.03.17-15.51.38:963][  0]LogOutputDevice: Error: 
[2018.03.17-15.51.38:963][  0]LogOutputDevice: Error: Ensure condition failed: AttachmentRules.LocationRule == EAttachmentRule::KeepRelative && AttachmentRules.RotationRule == EAttachmentRule::KeepRelative && AttachmentRules.ScaleRule == EAttachmentRule::KeepRelative [File:D:\Build\++UE4+Release-4.17+Compile\Sync\Engine\Source\Runtime\Engine\Private\Components\SceneComponent.cpp] [Line: 1672]
[2018.03.17-15.51.38:963][  0]LogOutputDevice: Error: AttachToComponent when called from a constructor is only setting up attachment and will always be treated as KeepRelative. Consider calling SetupAttachment directly instead.
[2018.03.17-15.51.38:963][  0]LogOutputDevice: Error: Stack: 
[2018.03.17-15.51.38:963][  0]LogOutputDevice: Error: UE4Editor-Core.dll!0x00000000E81935F6
[2018.03.17-15.51.38:963][  0]LogOutputDevice: Error: UE4Editor-Core.dll!0x00000000E7F1C2C2
[2018.03.17-15.51.38:963][  0]LogOutputDevice: Error: UE4Editor-Core.dll!0x00000000E7F34736
[2018.03.17-15.51.38:963][  0]LogOutputDevice: Error: UE4Editor-Engine.dll!0x00000000E4832438
[2018.03.17-15.51.38:963][  0]LogOutputDevice: Error: UE4Editor-PropNavigationGame-220.dll!APlayerShip::APlayerShip() [\\stuhome\homedrive5$\1503395\github\gameplay-mechanics\propnavigationgame\source\propnavigationgame\playership.cpp:32]
[2018.03.17-15.51.38:963][  0]LogOutputDevice: Error: UE4Editor-CoreUObject.dll!0x00000000E784A442
[2018.03.17-15.51.38:963][  0]LogOutputDevice: Error: UE4Editor-CoreUObject.dll!0x00000000E7AB324B
[2018.03.17-15.51.38:963][  0]LogOutputDevice: Error: UE4Editor-CoreUObject.dll!0x00000000E7A96C73
[2018.03.17-15.51.38:963][  0]LogOutputDevice: Error: UE4Editor-CoreUObject.dll!0x00000000E784C157
[2018.03.17-15.51.38:963][  0]LogOutputDevice: Error: UE4Editor-Core.dll!0x00000000E7DB8210
[2018.03.17-15.51.38:963][  0]LogOutputDevice: Error: UE4Editor-Core.dll!0x00000000E80068C0
[2018.03.17-15.51.38:963][  0]LogOutputDevice: Error: UE4Editor-Projects.dll!0x00000000F522E06D
[2018.03.17-15.51.38:963][  0]LogOutputDevice: Error: UE4Editor-Projects.dll!0x00000000F522E37E
[2018.03.17-15.51.38:963][  0]LogOutputDevice: Error: UE4Editor.exe!0x000000003F6E64B1
[2018.03.17-15.51.38:963][  0]LogOutputDevice: Error: UE4Editor.exe!0x000000003F6EA7BD
[2018.03.17-15.51.38:963][  0]LogOutputDevice: Error: UE4Editor.exe!0x000000003F6E379A
[2018.03.17-15.51.38:963][  0]LogOutputDevice: Error: UE4Editor.exe!0x000000003F6E39EA
[2018.03.17-15.51.38:963][  0]LogOutputDevice: Error: UE4Editor.exe!0x000000003F6F02D9
[2018.03.17-15.51.38:963][  0]LogOutputDevice: Error: UE4Editor.exe!0x000000003F6F1C47
[2018.03.17-15.51.38:963][  0]LogOutputDevice: Error: kernel32.dll!0x00000000778559CD
[2018.03.17-15.51.38:963][  0]LogOutputDevice: Error: ntdll.dll!0x00000000779B383D
[2018.03.17-15.51.38:963][  0]LogOutputDevice: Error: 
[2018.03.17-15.51.38:970][  0]LogStats:                SubmitErrorReport -  0.000 s
[2018.03.17-15.51.39:936][  0]LogStats:                    SendNewReport -  0.966 s
[2018.03.17-15.51.39:936][  0]LogStats:             FDebug::EnsureFailed -  0.976 s
[2018.03.17-15.51.40:373][  0]LogMaterial: Uniform references updated for custom material expression Custom.
[2018.03.17-15.51.41:082][  0]SourceControl: Source control is disabled
[2018.03.17-15.51.41:082][  0]SourceControl: Source control is disabled
[2018.03.17-15.51.41:170][  0]SourceControl: Source control is disabled
[2018.03.17-15.51.41:260][  0]SourceControl: Source control is disabled
[2018.03.17-15.51.42:359][  0]LogAndroidPermission: UAndroidPermissionCallbackProxy::GetInstance
[2018.03.17-15.51.42:826][  0]LogOcInput: OculusInput pre-init called
[2018.03.17-15.51.43:264][  0]LogEngine: Initializing Engine...
[2018.03.17-15.51.43:266][  0]LogHMD: Failed to initialize OpenVR with code 110
[2018.03.17-15.51.43:492][  0]LogStats: UGameplayTagsManager::ConstructGameplayTagTree: Construct from data asset -  0.000 s
[2018.03.17-15.51.43:492][  0]LogStats: UGameplayTagsManager::ConstructGameplayTagTree: GameplayTagTreeChangedEvent.Broadcast -  0.000 s
[2018.03.17-15.51.43:745][  0]LogAIModule: Creating AISystem for world Untitled
[2018.03.17-15.51.43:755][  0]LogInit: XAudio2 using 'Speakers (Realtek High Definition Audio)' : 2 channels at 48 kHz using 32 bits per sample (channel mask 0x3)
[2018.03.17-15.51.43:799][  0]LogInit: FAudioDevice initialized.
[2018.03.17-15.51.43:894][  0]LogDerivedDataCache: Saved boot cache 0.09s 93MB C:/Users/1503395/AppData/Local/UnrealEngine/4.17/DerivedDataCache/Boot.ddc.
[2018.03.17-15.51.43:903][  0]LogInit: Texture streaming: Enabled
[2018.03.17-15.51.44:111][  0]LogEngineSessionManager: EngineSessionManager initialized
[2018.03.17-15.51.44:517][  0]LogInit: Transaction tracking system initialized
[2018.03.17-15.51.45:124][  0]BlueprintLog: New page: Editor Load
[2018.03.17-15.51.46:813][  0]LocalizationService: Localization service is disabled
[2018.03.17-15.51.48:086][  0]LogConsoleResponse: Display: 
[2018.03.17-15.51.48:295][  0]LogCook: Display: Max memory allowance for cook 16384mb min free memory 0mb
[2018.03.17-15.51.48:295][  0]LogCook: Display: Mobile HDR setting 1
[2018.03.17-15.51.48:295][  0]LogGameplayTags: Display: UGameplayTagsManager::DoneAddingNativeTags. DelegateIsBound: 0
[2018.03.17-15.51.49:039][  0]LogFileCache: Scanning file cache for directory '//StuHome/HomeDrive5$/1503395/GitHub/Gameplay-Mechanics/PropNavigationGame/Content/' took 0.05s
[2018.03.17-15.51.50:280][  0]SourceControl: Source control is disabled
[2018.03.17-15.51.50:280][  0]Cmd: MAP LOAD FILE="//StuHome/HomeDrive5$/1503395/GitHub/Gameplay-Mechanics/PropNavigationGame/Content/StarterContent/Maps/Minimal_Default.umap" TEMPLATE=0 SHOWPROGRESS=1 FEATURELEVEL=3
[2018.03.17-15.51.50:294][  0]LightingResults: New page: Lighting Build
[2018.03.17-15.51.50:386][  0]MapCheck: New page: Map Check
[2018.03.17-15.51.50:386][  0]LightingResults: New page: Lighting Build
[2018.03.17-15.51.50:515][  0]LogLinker: Warning: Can't find file '/Game/StarterContent/Maps/Minimal_Default_BuiltData'
[2018.03.17-15.51.50:515][  0]LogLinker: Warning: Can't find file for asset '/Game/StarterContent/Maps/Minimal_Default_BuiltData' while loading //StuHome/HomeDrive5$/1503395/GitHub/Gameplay-Mechanics/PropNavigationGame/Content/StarterContent/Maps/Minimal_Default.umap.
[2018.03.17-15.51.50:515][  0]LoadErrors: Error: /Game/StarterContent/Maps/Minimal_Default : Can't find file for asset. /Game/StarterContent/Maps/Minimal_Default_BuiltData
[2018.03.17-15.51.50:752][  0]LogLinker: Warning: Can't find file '/Game/StarterContent/Maps/Minimal_Default_BuiltData'
[2018.03.17-15.51.50:752][  0]LogLinker: Warning: Can't find file for asset '/Game/StarterContent/Maps/Minimal_Default_BuiltData' while loading //StuHome/HomeDrive5$/1503395/GitHub/Gameplay-Mechanics/PropNavigationGame/Content/StarterContent/Maps/Minimal_Default.umap.
[2018.03.17-15.51.50:753][  0]LoadErrors: Error: /Game/StarterContent/Maps/Minimal_Default : Can't find file for asset. /Game/StarterContent/Maps/Minimal_Default_BuiltData
[2018.03.17-15.51.50:847][  0]LogLinker: Warning: Can't find file '/Game/StarterContent/Maps/Minimal_Default_BuiltData'
[2018.03.17-15.51.50:848][  0]LogLinker: Warning: Can't find file for asset '/Game/StarterContent/Maps/Minimal_Default_BuiltData' while loading NULL.
[2018.03.17-15.51.50:848][  0]LogLinker: Warning: Can't find file '/Game/StarterContent/Maps/Minimal_Default_BuiltData'
[2018.03.17-15.51.50:848][  0]LogLinker: Warning: Can't find file for asset '/Game/StarterContent/Maps/Minimal_Default_BuiltData' while loading NULL.
[2018.03.17-15.51.50:852][  0]LogLinker: Warning: Can't find file '/Game/StarterContent/Maps/Minimal_Default_BuiltData'
[2018.03.17-15.51.50:852][  0]LoadErrors: Failed to load /Game/StarterContent/Maps/Minimal_Default_BuiltData.Minimal_Default_BuiltData Referenced by PersistentLevel
[2018.03.17-15.51.50:852][  0]LogLinker: Warning: Can't find file for asset '/Game/StarterContent/Maps/Minimal_Default_BuiltData' while loading NULL.
[2018.03.17-15.51.50:852][  0]LoadErrors: Failed to load /Game/StarterContent/Maps/Minimal_Default_BuiltData.Minimal_Default_BuiltData Referenced by PersistentLevel
[2018.03.17-15.51.51:068][  0]LogAIModule: Creating AISystem for world Minimal_Default
[2018.03.17-15.51.51:075][  0]LogEditorServer: Finished looking for orphan Actors (0.000 secs)
[2018.03.17-15.51.51:088][  0]Cmd: MAP CHECKDEP NOCLEARLOG
[2018.03.17-15.51.51:158][  0]MapCheck: Map check complete: 0 Error(s), 0 Warning(s), took 70.158ms to complete.
[2018.03.17-15.51.51:158][  0]LogFileHelpers: Loading map 'Minimal_Default' took 0.878
[2018.03.17-15.51.51:352][  0]LogCollectionManager: Loaded 0 collections in 0.006441 seconds
[2018.03.17-15.51.51:480][  0]LogFileCache: Scanning file cache for directory '//StuHome/HomeDrive5$/1503395/GitHub/Gameplay-Mechanics/PropNavigationGame/Saved/Collections/' took 0.01s
[2018.03.17-15.51.51:481][  0]LogFileCache: Scanning file cache for directory '//StuHome/HomeDrive5$/1503395/GitHub/Gameplay-Mechanics/PropNavigationGame/Content/Developers/1503395/Collections/' took 0.01s
[2018.03.17-15.51.51:481][  0]LogFileCache: Scanning file cache for directory '//StuHome/HomeDrive5$/1503395/GitHub/Gameplay-Mechanics/PropNavigationGame/Content/Collections/' took 0.01s
[2018.03.17-15.51.51:481][  0]LogCollectionManager: Rebuilt the GUID cache for 0 collections in 0.000001 seconds
[2018.03.17-15.51.51:490][  0]LogContentBrowser: Native class hierarchy populated in 0.0097 seconds. Added 2396 classes and 502 folders.
[2018.03.17-15.51.51:618][  0]LogContentBrowser: Native class hierarchy updated for 'WidgetCarousel' in 0.0031 seconds. Added 0 classes and 0 folders.
[2018.03.17-15.51.51:674][  0]LogContentBrowser: Native class hierarchy updated for 'AddContentDialog' in 0.0033 seconds. Added 0 classes and 0 folders.
[2018.03.17-15.51.51:757][  0]LogContentBrowser: Native class hierarchy updated for 'SceneOutliner' in 0.0031 seconds. Added 1 classes and 2 folders.
[2018.03.17-15.51.51:778][  0]LogSlate: Took 0.000205 seconds to synchronously load lazily loaded font '../../../Engine/Content/Slate/Fonts/Roboto-Regular.ttf' (155K)
[2018.03.17-15.51.51:780][  0]LogSlate: Took 0.000209 seconds to synchronously load lazily loaded font '../../../Engine/Content/Slate/Fonts/Roboto-Bold.ttf' (160K)
[2018.03.17-15.51.51:785][  0]LogSlate: Took 0.000223 seconds to synchronously load lazily loaded font '../../../Engine/Content/Editor/Slate/Fonts/FontAwesome.ttf' (139K)
[2018.03.17-15.51.51:879][  0]LogRenderer: Reallocating scene render targets to support 1208x576 Format 10 NumSamples 1 (Frame:1).
[2018.03.17-15.51.52:101][  0]LogContentBrowser: Native class hierarchy updated for 'HierarchicalLODOutliner' in 0.0028 seconds. Added 1 classes and 2 folders.
[2018.03.17-15.51.52:101][  0]LogLoad: (Engine Initialization) Total time: 30.27 seconds
[2018.03.17-15.51.52:101][  0]LogLoad: (Engine Initialization) Total Blueprint compile time: 0.00 seconds
[2018.03.17-15.51.52:102][  0]LogExternalProfiler: Found external profiler: VSPerf
[2018.03.17-15.51.52:102][  0]LogExternalProfiler: Using external profiler: VSPerf
[2018.03.17-15.51.52:462][  0]LogDirectoryWatcher: A directory notification failed for '//StuHome/HomeDrive5$/1503395/GitHub/Gameplay-Mechanics/PropNavigationGame/Content/' because it was empty or there was a buffer overflow. Attemping another request...
[2018.03.17-15.51.52:463][  0]LogDirectoryWatcher: A directory notification failed for '//StuHome/HomeDrive5$/1503395/GitHub/Gameplay-Mechanics/PropNavigationGame/Content/', and we were unable to create a new request.
[2018.03.17-15.51.52:463][  0]LogDirectoryWatcher: A directory notification failed for '//StuHome/HomeDrive5$/1503395/GitHub/Gameplay-Mechanics/PropNavigationGame/Binaries/Win64' because it was empty or there was a buffer overflow. Attemping another request...
[2018.03.17-15.51.52:463][  0]LogDirectoryWatcher: A directory notification failed for '//StuHome/HomeDrive5$/1503395/GitHub/Gameplay-Mechanics/PropNavigationGame/Saved/Collections/' because it was empty or there was a buffer overflow. Attemping another request...
[2018.03.17-15.51.52:463][  0]LogDirectoryWatcher: A directory notification failed for '//StuHome/HomeDrive5$/1503395/GitHub/Gameplay-Mechanics/PropNavigationGame/Content/Developers/1503395/Collections/' because it was empty or there was a buffer overflow. Attemping another request...
[2018.03.17-15.51.52:463][  0]LogDirectoryWatcher: A directory notification failed for '//StuHome/HomeDrive5$/1503395/GitHub/Gameplay-Mechanics/PropNavigationGame/Content/Collections/' because it was empty or there was a buffer overflow. Attemping another request...
[2018.03.17-15.51.52:467][  0]LogContentStreaming: Texture pool size now 1000 MB
[2018.03.17-15.51.52:530][  0]LogSlate: Took 0.000568 seconds to synchronously load lazily loaded font '../../../Engine/Content/Slate/Fonts/Roboto-Light.ttf' (159K)
[2018.03.17-15.51.53:114][  2]LogAssetRegistry: Asset discovery search completed in 22.2522 seconds
[2018.03.17-15.51.53:116][  2]LogCollectionManager: Rebuilt the object cache for 0 collections in 0.000001 seconds (found 0 objects)
[2018.03.17-15.51.53:116][  2]LogCollectionManager: Fixed up redirectors for 0 collections in 0.000074 seconds (updated 0 objects)
[2018.03.17-15.51.53:117][  2]LogDirectoryWatcher: A directory notification failed for '//StuHome/HomeDrive5$/1503395/GitHub/Gameplay-Mechanics/PropNavigationGame/Saved/Collections/' because it was empty or there was a buffer overflow. Attemping another request...
[2018.03.17-15.51.53:117][  2]LogDirectoryWatcher: A directory notification failed for '//StuHome/HomeDrive5$/1503395/GitHub/Gameplay-Mechanics/PropNavigationGame/Saved/Collections/', and we were unable to create a new request.
[2018.03.17-15.51.53:117][  2]LogDirectoryWatcher: A directory notification failed for '//StuHome/HomeDrive5$/1503395/GitHub/Gameplay-Mechanics/PropNavigationGame/Binaries/Win64' because it was empty or there was a buffer overflow. Attemping another request...
[2018.03.17-15.51.53:118][  2]LogDirectoryWatcher: A directory notification failed for '//StuHome/HomeDrive5$/1503395/GitHub/Gameplay-Mechanics/PropNavigationGame/Binaries/Win64', and we were unable to create a new request.
[2018.03.17-15.51.53:118][  2]LogDirectoryWatcher: A directory notification failed for '//StuHome/HomeDrive5$/1503395/GitHub/Gameplay-Mechanics/PropNavigationGame/Content/Developers/1503395/Collections/' because it was empty or there was a buffer overflow. Attemping another request...
[2018.03.17-15.51.53:119][  2]LogDirectoryWatcher: A directory notification failed for '//StuHome/HomeDrive5$/1503395/GitHub/Gameplay-Mechanics/PropNavigationGame/Content/Developers/1503395/Collections/', and we were unable to create a new request.
[2018.03.17-15.51.53:119][  2]LogDirectoryWatcher: A directory notification failed for '//StuHome/HomeDrive5$/1503395/GitHub/Gameplay-Mechanics/PropNavigationGame/Content/Collections/' because it was empty or there was a buffer overflow. Attemping another request...
[2018.03.17-15.51.53:119][  2]LogDirectoryWatcher: A directory notification failed for '//StuHome/HomeDrive5$/1503395/GitHub/Gameplay-Mechanics/PropNavigationGame/Content/Collections/', and we were unable to create a new request.
[2018.03.17-15.52.02:581][387]LogSlate: Took 0.000148 seconds to synchronously load lazily loaded font '../../../Engine/Content/Slate/Fonts/Roboto-Light.ttf' (159K)
[2018.03.17-15.52.03:055][387]LogAIModule: Creating AISystem for world StarTrekMap
[2018.03.17-15.52.03:071][387]Cmd: MAP LOAD FILE="//StuHome/HomeDrive5$/1503395/GitHub/Gameplay-Mechanics/PropNavigationGame/Content/StarTrekMap.umap" TEMPLATE=0 SHOWPROGRESS=1 FEATURELEVEL=3
[2018.03.17-15.52.03:071][387]LightingResults: New page: Lighting Build
[2018.03.17-15.52.03:072][387]LoadErrors: New page: Loading map: StarTrekMap.umap
[2018.03.17-15.52.03:075][387]MapCheck: New page: Map Check
[2018.03.17-15.52.03:075][387]LightingResults: New page: Lighting Build
[2018.03.17-15.52.03:099][387]LogEditorServer: Finished looking for orphan Actors (0.000 secs)
[2018.03.17-15.52.03:140][387]Cmd: MAP CHECKDEP NOCLEARLOG
[2018.03.17-15.52.03:245][387]MapCheck: Map check complete: 0 Error(s), 0 Warning(s), took 104.66ms to complete.
[2018.03.17-15.52.03:245][387]LogFileHelpers: Loading map 'StarTrekMap' took 0.175
[2018.03.17-15.52.04:707][557]LogEditorViewport: Clicking on Actor (LMB): EnemyShip (EnemyShip3)
[2018.03.17-15.52.05:475][644]LogSlate: Took 0.000260 seconds to synchronously load lazily loaded font '../../../Engine/Content/Editor/Slate/Fonts/Roboto-Italic.ttf' (157K)
[2018.03.17-15.53.51:032][782]Candidate modules for hot reload:
[2018.03.17-15.53.51:032][782]  PropNavigationGame
[2018.03.17-15.53.51:034][782]Launching UnrealBuildTool... [C:/Program Files (x86)/Epic Games/UE_4.17/Engine/Binaries/DotNET/UnrealBuildTool.exe PropNavigationGame -ModuleWithSuffix PropNavigationGame 1182 Win64 Development -editorrecompile -canskiplink "//StuHome/HomeDrive5$/1503395/GitHub/Gameplay-Mechanics/PropNavigationGame/PropNavigationGame.uproject" ]
[2018.03.17-15.53.51:035][782]Warning: Starting HotReload took  0.0s.
[2018.03.17-15.54.12:001][619]CompilerResultsLog: New page: Compilation - 17 Mar 2018 15:54:12
[2018.03.17-15.54.12:001][619]CompilerResultsLog: Compiling game modules for hot reload
[2018.03.17-15.54.12:001][619]CompilerResultsLog: Parsing headers for PropNavigationGameEditor
[2018.03.17-15.54.12:001][619]CompilerResultsLog:   Running UnrealHeaderTool "\\StuHome\HomeDrive5$\1503395\GitHub\Gameplay-Mechanics\PropNavigationGame\PropNavigationGame.uproject" "\\StuHome\HomeDrive5$\1503395\GitHub\Gameplay-Mechanics\PropNavigationGame\Intermediate\Build\Win64\PropNavigationGameEditor\Development\PropNavigationGameEditor.uhtmanifest" -LogCmds="loginit warning, logexit warning, logdatabase error" -Unattended -WarningsAsErrors -installed
[2018.03.17-15.54.12:001][619]CompilerResultsLog: Reflection code generated for PropNavigationGameEditor in 8.9364125 seconds
[2018.03.17-15.54.12:002][619]CompilerResultsLog: Performing 11 actions (4 in parallel)
[2018.03.17-15.54.12:002][619]CompilerResultsLog: EnemyShip.gen.cpp
[2018.03.17-15.54.12:002][619]CompilerResultsLog: PhaserComponent.gen.cpp
[2018.03.17-15.54.12:002][619]CompilerResultsLog: HealthComponent.gen.cpp
[2018.03.17-15.54.12:002][619]CompilerResultsLog: PlayerShip.gen.cpp
[2018.03.17-15.54.12:002][619]CompilerResultsLog: PlayerShip.cpp
[2018.03.17-15.54.12:002][619]CompilerResultsLog: PhaserComponent.cpp
[2018.03.17-15.54.12:002][619]CompilerResultsLog: HomingRocket.cpp
[2018.03.17-15.54.12:002][619]CompilerResultsLog: HealthComponent.cpp
[2018.03.17-15.54.12:002][619]CompilerResultsLog: EnemyShip.cpp
[2018.03.17-15.54.12:002][619]CompilerResultsLog: [10/11] Link UE4Editor-PropNavigationGame-1182.dll
[2018.03.17-15.54.12:002][619]CompilerResultsLog: [11/11] Link UE4Editor-PropNavigationGame-1182.lib
[2018.03.17-15.54.12:002][619]CompilerResultsLog:    Creating library \\StuHome\HomeDrive5$\1503395\GitHub\Gameplay-Mechanics\PropNavigationGame\Intermediate\Build\Win64\UE4Editor\Development\UE4Editor-PropNavigationGame-1182.lib and object \\StuHome\HomeDrive5$\1503395\GitHub\Gameplay-Mechanics\PropNavigationGame\Intermediate\Build\Win64\UE4Editor\Development\UE4Editor-PropNavigationGame-1182.exp
[2018.03.17-15.54.12:002][619]CompilerResultsLog:    Creating library \\StuHome\HomeDrive5$\1503395\GitHub\Gameplay-Mechanics\PropNavigationGame\Intermediate\Build\Win64\UE4Editor\Development\UE4Editor-PropNavigationGame-1182.suppressed.lib and object \\StuHome\HomeDrive5$\1503395\GitHub\Gameplay-Mechanics\PropNavigationGame\Intermediate\Build\Win64\UE4Editor\Development\UE4Editor-PropNavigationGame-1182.suppressed.exp
[2018.03.17-15.54.12:002][619]CompilerResultsLog: Total build time: 20.48 seconds (Local executor: 4.71 seconds)
[2018.03.17-15.54.12:002][619]LogMainFrame: MainFrame: Module compiling took 20.976 seconds
[2018.03.17-15.54.12:110][619]LogScriptCore: Error: Script Msg: A null object was passed as a world context object to UEngine::GetWorldFromContextObject().
[2018.03.17-15.54.12:110][619]LogScriptCore: Error: Script call stack:
	[Empty] (FFrame::GetScriptCallstack() called from native code)
[2018.03.17-15.54.12:119][619]LogHotReload: Re-instancing EnemyShip after hot-reload.
[2018.03.17-15.54.12:201][619]LogScriptCore: Error: Script Msg: A null object was passed as a world context object to UEngine::GetWorldFromContextObject().
[2018.03.17-15.54.12:201][619]LogScriptCore: Error: Script call stack:
	[Empty] (FFrame::GetScriptCallstack() called from native code)
[2018.03.17-15.54.12:206][619]LogContentBrowser: Native class hierarchy updated for 'PropNavigationGame' in 0.0035 seconds. Added 10 classes and 2 folders.
[2018.03.17-15.54.12:207][619]Display: HotReload successful (5 functions remapped  0 scriptstructs remapped)
[2018.03.17-15.54.12:268][619]LogContentBrowser: Native class hierarchy populated in 0.0115 seconds. Added 2398 classes and 506 folders.
[2018.03.17-15.54.12:268][619]Display: HotReload took 21.3s.
[2018.03.17-15.55.41:691][  2]Candidate modules for hot reload:
[2018.03.17-15.55.41:691][  2]  PropNavigationGame
[2018.03.17-15.55.41:692][  2]Launching UnrealBuildTool... [C:/Program Files (x86)/Epic Games/UE_4.17/Engine/Binaries/DotNET/UnrealBuildTool.exe PropNavigationGame -ModuleWithSuffix PropNavigationGame 6495 Win64 Development -editorrecompile -canskiplink "//StuHome/HomeDrive5$/1503395/GitHub/Gameplay-Mechanics/PropNavigationGame/PropNavigationGame.uproject" ]
[2018.03.17-15.55.41:693][  2]Warning: Starting HotReload took  0.0s.
[2018.03.17-15.56.01:918][356]CompilerResultsLog: New page: Compilation - 17 Mar 2018 15:56:01
[2018.03.17-15.56.01:918][356]CompilerResultsLog: Compiling game modules for hot reload
[2018.03.17-15.56.01:918][356]CompilerResultsLog: Parsing headers for PropNavigationGameEditor
[2018.03.17-15.56.01:918][356]CompilerResultsLog:   Running UnrealHeaderTool "\\StuHome\HomeDrive5$\1503395\GitHub\Gameplay-Mechanics\PropNavigationGame\PropNavigationGame.uproject" "\\StuHome\HomeDrive5$\1503395\GitHub\Gameplay-Mechanics\PropNavigationGame\Intermediate\Build\Win64\PropNavigationGameEditor\Development\PropNavigationGameEditor.uhtmanifest" -LogCmds="loginit warning, logexit warning, logdatabase error" -Unattended -WarningsAsErrors -installed
[2018.03.17-15.56.01:918][356]CompilerResultsLog: Reflection code generated for PropNavigationGameEditor in 8.9828515 seconds
[2018.03.17-15.56.01:918][356]CompilerResultsLog: Performing 3 actions (4 in parallel)
[2018.03.17-15.56.01:918][356]CompilerResultsLog: PhaserComponent.cpp
[2018.03.17-15.56.01:918][356]CompilerResultsLog: [2/3] Link UE4Editor-PropNavigationGame-6495.dll
[2018.03.17-15.56.01:918][356]CompilerResultsLog: [3/3] Link UE4Editor-PropNavigationGame-6495.lib
[2018.03.17-15.56.01:918][356]CompilerResultsLog:    Creating library \\StuHome\HomeDrive5$\1503395\GitHub\Gameplay-Mechanics\PropNavigationGame\Intermediate\Build\Win64\UE4Editor\Development\UE4Editor-PropNavigationGame-6495.lib and object \\StuHome\HomeDrive5$\1503395\GitHub\Gameplay-Mechanics\PropNavigationGame\Intermediate\Build\Win64\UE4Editor\Development\UE4Editor-PropNavigationGame-6495.exp
[2018.03.17-15.56.01:918][356]CompilerResultsLog:    Creating library \\StuHome\HomeDrive5$\1503395\GitHub\Gameplay-Mechanics\PropNavigationGame\Intermediate\Build\Win64\UE4Editor\Development\UE4Editor-PropNavigationGame-6495.suppressed.lib and object \\StuHome\HomeDrive5$\1503395\GitHub\Gameplay-Mechanics\PropNavigationGame\Intermediate\Build\Win64\UE4Editor\Development\UE4Editor-PropNavigationGame-6495.suppressed.exp
[2018.03.17-15.56.01:918][356]CompilerResultsLog: Total build time: 20.00 seconds (Local executor: 4.08 seconds)
[2018.03.17-15.56.01:918][356]LogMainFrame: MainFrame: Module compiling took 20.232 seconds
[2018.03.17-15.56.02:036][356]LogScriptCore: Error: Script Msg: A null object was passed as a world context object to UEngine::GetWorldFromContextObject().
[2018.03.17-15.56.02:036][356]LogScriptCore: Error: Script call stack:
	[Empty] (FFrame::GetScriptCallstack() called from native code)
[2018.03.17-15.56.02:043][356]LogHotReload: Re-instancing EnemyShip after hot-reload.
[2018.03.17-15.56.02:107][356]LogScriptCore: Error: Script Msg: A null object was passed as a world context object to UEngine::GetWorldFromContextObject().
[2018.03.17-15.56.02:107][356]LogScriptCore: Error: Script call stack:
	[Empty] (FFrame::GetScriptCallstack() called from native code)
[2018.03.17-15.56.02:115][356]LogContentBrowser: Native class hierarchy updated for 'PropNavigationGame' in 0.0066 seconds. Added 10 classes and 2 folders.
[2018.03.17-15.56.02:116][356]Display: HotReload successful (5 functions remapped  0 scriptstructs remapped)
[2018.03.17-15.56.02:143][356]LogContentBrowser: Native class hierarchy populated in 0.0110 seconds. Added 2398 classes and 506 folders.
[2018.03.17-15.56.02:143][356]Display: HotReload took 20.5s.
[2018.03.17-15.56.05:043][687]LogTemp: Repeating last play command: Selected Viewport
[2018.03.17-15.56.05:220][687]LogPlayLevel: PlayLevel: No blueprints needed recompiling
[2018.03.17-15.56.05:221][687]PIE: New page: PIE session: StarTrekMap (17 Mar 2018 15:56:05)
[2018.03.17-15.56.05:221][687]LogPlayLevel: Creating play world package: /Game/UEDPIE_0_StarTrekMap
[2018.03.17-15.56.05:228][687]LogPlayLevel: PIE: StaticDuplicateObject took: (0.007006s)
[2018.03.17-15.56.05:231][687]LogAIModule: Creating AISystem for world StarTrekMap
[2018.03.17-15.56.05:232][687]LogPlayLevel: PIE: World Init took: (0.003401s)
[2018.03.17-15.56.05:232][687]LogPlayLevel: PIE: Created PIE world by copying editor world from /Game/StarTrekMap.StarTrekMap to /Game/UEDPIE_0_StarTrekMap.StarTrekMap (0.010934s)
[2018.03.17-15.56.05:254][687]LogInit: XAudio2 using 'Speakers (Realtek High Definition Audio)' : 2 channels at 48 kHz using 32 bits per sample (channel mask 0x3)
[2018.03.17-15.56.05:308][687]LogInit: FAudioDevice initialized.
[2018.03.17-15.56.05:346][687]LogLoad: Game class is 'MySpaceGameMode_C'
[2018.03.17-15.56.05:350][687]LogWorld: Bringing World /Game/UEDPIE_0_StarTrekMap.StarTrekMap up for play (max tick rate 0) at 2018.03.17-15.56.05
[2018.03.17-15.56.05:351][687]LogWorld: Bringing up level for play took: 0.002356
[2018.03.17-15.56.05:445][687]LogContentBrowser: Native class hierarchy updated for 'MovieSceneCapture' in 0.0062 seconds. Added 11 classes and 0 folders.
[2018.03.17-15.56.05:446][687]LogTemp: Warning: Doesn't Contain: 0.000000.
[2018.03.17-15.56.05:446][687]LogTemp: Warning: Doesn't Contain: FiringSocketLeft.
[2018.03.17-15.56.05:446][687]LogTemp: Warning: Targeted Actor: Phaser.
[2018.03.17-15.56.05:446][687]LogTemp: Warning: Doesn't Contain: EngineLeftSocket.
[2018.03.17-15.56.05:446][687]LogTemp: Warning: Doesn't Contain: EngineRightSocket.
[2018.03.17-15.56.05:446][687]LogTemp: Warning: Targeted Actor: Phaser_0.
[2018.03.17-15.56.05:446][687]LogTemp: Warning: Doesn't Contain: ImpTop1.
[2018.03.17-15.56.05:447][687]PIE: Play in editor start time for /Game/UEDPIE_0_StarTrekMap -0.347
[2018.03.17-15.56.06:995][866]LogTemp: Warning: Targeted Actor: EnemyShip_3.
[2018.03.17-15.56.08:583][866]LogWindows: Error: === Critical error: ===
[2018.03.17-15.56.08:583][866]LogWindows: Error: 
[2018.03.17-15.56.08:583][866]LogWindows: Error: Unhandled Exception: EXCEPTION_INT_DIVIDE_BY_ZERO
[2018.03.17-15.56.08:583][866]LogWindows: Error: 
[2018.03.17-15.56.08:583][866]LogWindows: Error: UE4Editor-PropNavigationGame-6495.dll!UHealthComponent::GetHealthPercentage() [\\stuhome\homedrive5$\1503395\github\gameplay-mechanics\propnavigationgame\source\propnavigationgame\healthcomponent.cpp:32]
[2018.03.17-15.56.08:583][866]LogWindows: Error: UE4Editor-PropNavigationGame-6495.dll!APlayerShip::execGetTargetHealthStrength() [\\stuhome\homedrive5$\1503395\github\gameplay-mechanics\propnavigationgame\source\propnavigationgame\playership.h:16]
[2018.03.17-15.56.08:583][866]LogWindows: Error: UE4Editor-CoreUObject.dll!0x00000000E785EC04
[2018.03.17-15.56.08:583][866]LogWindows: Error: UE4Editor-CoreUObject.dll!0x00000000E7A1DC34
[2018.03.17-15.56.08:583][866]LogWindows: Error: UE4Editor-CoreUObject.dll!0x00000000E7A32F91
[2018.03.17-15.56.08:583][866]LogWindows: Error: UE4Editor-CoreUObject.dll!0x00000000E7A5C790
[2018.03.17-15.56.08:583][866]LogWindows: Error: UE4Editor-CoreUObject.dll!0x00000000E7A35172
[2018.03.17-15.56.08:583][866]LogWindows: Error: UE4Editor-CoreUObject.dll!0x00000000E785EC04
[2018.03.17-15.56.08:583][866]LogWindows: Error: UE4Editor-CoreUObject.dll!0x00000000E7A34505
[2018.03.17-15.56.08:583][866]LogWindows: Error: UE4Editor-UMG.dll!0x00000000DF53A03D
[2018.03.17-15.56.08:583][866]LogWindows: Error: UE4Editor-UMG.dll!0x00000000DF5EED43
[2018.03.17-15.56.08:583][866]LogWindows: Error: UE4Editor-UMG.dll!0x00000000DF675713
[2018.03.17-15.56.08:583][866]LogWindows: Error: UE4Editor-CoreUObject.dll!0x00000000E785EC04
[2018.03.17-15.56.08:583][866]LogWindows: Error: UE4Editor-CoreUObject.dll!0x00000000E7A34505
[2018.03.17-15.56.08:583][866]LogWindows: Error: UE4Editor-UMG.dll!0x00000000DF5D4410
[2018.03.17-15.56.08:583][866]LogWindows: Error: UE4Editor-UMG.dll!0x00000000DF5DDB04
[2018.03.17-15.56.08:583][866]LogWindows: Error: UE4Editor-UMG.dll!0x00000000DF5C4A96
[2018.03.17-15.56.08:583][866]LogWindows: Error: UE4Editor-UMG.dll!0x00000000DF52967E
[2018.03.17-15.56.08:583][866]LogWindows: Error: UE4Editor-UMG.dll!0x00000000DF5D4B89
[2018.03.17-15.56.08:583][866]LogWindows: Error: UE4Editor-SlateCore.dll!0x00000000E357F1FA
[2018.03.17-15.56.08:584][866]LogWindows: Error: UE4Editor-SlateCore.dll!0x00000000E35DB8D4
[2018.03.17-15.56.08:584][866]LogWindows: Error: UE4Editor-SlateCore.dll!0x00000000E35DB90D
[2018.03.17-15.56.08:584][866]LogWindows: Error: UE4Editor-SlateCore.dll!0x00000000E35DB90D
[2018.03.17-15.56.08:584][866]LogWindows: Error: UE4Editor-SlateCore.dll!0x00000000E35DB90D
[2018.03.17-15.56.08:584][866]LogWindows: Error: UE4Editor-SlateCore.dll!0x00000000E35DB90D
[2018.03.17-15.56.08:584][866]LogWindows: Error: UE4Editor-SlateCore.dll!0x00000000E35DB90D
[2018.03.17-15.56.08:584][866]LogWindows: Error: UE4Editor-SlateCore.dll!0x00000000E35DB90D
[2018.03.17-15.56.08:584][866]LogWindows: Error: UE4Editor-SlateCore.dll!0x00000000E35DB90D
[2018.03.17-15.56.08:584][866]LogWindows: Error: UE4Editor-SlateCore.dll!0x00000000E35DB90D
[2018.03.17-15.56.08:584][866]LogWindows: Error: UE4Editor-SlateCore.dll!0x00000000E35DB90D
[2018.03.17-15.56.08:584][866]LogWindows: Error: UE4Editor-SlateCore.dll!0x00000000E35DB90D
[2018.03.17-15.56.08:584][866]LogWindows: Error: UE4Editor-SlateCore.dll!0x00000000E35DB90D
[2018.03.17-15.56.08:584][866]LogWindows: Error: UE4Editor-SlateCore.dll!0x00000000E35DB90D
[2018.03.17-15.56.08:584][866]LogWindows: Error: UE4Editor-SlateCore.dll!0x00000000E35DB90D
[2018.03.17-15.56.08:584][866]LogWindows: Error: UE4Editor-SlateCore.dll!0x00000000E35DB90D
[2018.03.17-15.56.08:584][866]LogWindows: Error: UE4Editor-SlateCore.dll!0x00000000E35DB90D
[2018.03.17-15.56.08:584][866]LogWindows: Error: UE4Editor-SlateCore.dll!0x00000000E35DB90D
[2018.03.17-15.56.08:584][866]LogWindows: Error: UE4Editor-SlateCore.dll!0x00000000E35DB90D
[2018.03.17-15.56.08:584][866]LogWindows: Error: UE4Editor-SlateCore.dll!0x00000000E35DB90D
[2018.03.17-15.56.08:584][866]LogWindows: Error: UE4Editor-SlateCore.dll!0x00000000E35DB90D
[2018.03.17-15.56.08:584][866]LogWindows: Error: UE4Editor-SlateCore.dll!0x00000000E35DB90D
[2018.03.17-15.56.08:584][866]LogWindows: Error: UE4Editor-SlateCore.dll!0x00000000E35DB90D
[2018.03.17-15.56.08:584][866]LogWindows: Error: UE4Editor-SlateCore.dll!0x00000000E35DB90D
[2018.03.17-15.56.08:584][866]LogWindows: Error: UE4Editor-SlateCore.dll!0x00000000E35DB90D
[2018.03.17-15.56.08:584][866]LogWindows: Error: UE4Editor-SlateCore.dll!0x00000000E35DB90D
[2018.03.17-15.56.08:584][866]LogWindows: Error: UE4Editor-SlateCore.dll!0x00000000E35DB90D
[2018.03.17-15.56.08:584][866]LogWindows: Error: UE4Editor-SlateCore.dll!0x00000000E35DB90D
[2018.03.17-15.56.08:584][866]LogWindows: Error: UE4Editor-SlateCore.dll!0x00000000E35DB90D
[2018.03.17-15.56.08:584][866]LogWindows: Error: UE4Editor-SlateCore.dll!0x00000000E35DB90D
[2018.03.17-15.56.08:584][866]LogWindows: Error: UE4Editor-SlateCore.dll!0x00000000E35DB90D
[2018.03.17-15.56.08:584][866]LogWindows: Error: UE4Editor-SlateCore.dll!0x00000000E35DB90D
[2018.03.17-15.56.08:584][866]LogWindows: Error: UE4Editor-SlateCore.dll!0x00000000E35DB90D
[2018.03.17-15.56.08:584][866]LogWindows: Error: UE4Editor-SlateCore.dll!0x00000000E35DB90D
[2018.03.17-15.56.08:584][866]LogWindows: Error: UE4Editor-SlateCore.dll!0x00000000E35DB90D
[2018.03.17-15.56.08:584][866]LogWindows: Error: UE4Editor-SlateCore.dll!0x00000000E35DB90D
[2018.03.17-15.56.08:584][866]LogWindows: Error: UE4Editor-SlateCore.dll!0x00000000E35DB90D
[2018.03.17-15.56.08:584][866]LogWindows: Error: UE4Editor-SlateCore.dll!0x00000000E35DB90D
[2018.03.17-15.56.08:584][866]LogWindows: Error: UE4Editor-SlateCore.dll!0x00000000E35DB90D
[2018.03.17-15.56.08:584][866]LogWindows: Error: UE4Editor-SlateCore.dll!0x00000000E35DB90D
[2018.03.17-15.56.08:584][866]LogWindows: Error: UE4Editor-SlateCore.dll!0x00000000E35DB90D
[2018.03.17-15.56.08:584][866]LogWindows: Error: UE4Editor-SlateCore.dll!0x00000000E35DB90D
[2018.03.17-15.56.08:584][866]LogWindows: Error: UE4Editor-Slate.dll!0x00000000E38C4BC9
[2018.03.17-15.56.08:584][866]LogWindows: Error: UE4Editor-Slate.dll!0x00000000E3890766
[2018.03.17-15.56.08:584][866]LogWindows: Error: UE4Editor-Slate.dll!0x00000000E38C5659
[2018.03.17-15.56.08:584][866]LogWindows: Error: UE4Editor-Slate.dll!0x00000000E3891B50
[2018.03.17-15.56.08:584][866]LogWindows: Error: UE4Editor-Slate.dll!0x00000000E38EC297
[2018.03.17-15.56.08:584][866]LogWindows: Error: UE4Editor-Slate.dll!0x00000000E38EB335
[2018.03.17-15.56.08:584][866]LogWindows: Error: UE4Editor.exe!0x000000003F6D5DFD
[2018.03.17-15.56.08:584][866]LogWindows: Error: UE4Editor.exe!0x000000003F6E3970
[2018.03.17-15.56.08:584][866]LogWindows: Error: UE4Editor.exe!0x000000003F6E39EA
[2018.03.17-15.56.08:584][866]LogWindows: Error: UE4Editor.exe!0x000000003F6F02D9
[2018.03.17-15.56.08:584][866]LogWindows: Error: UE4Editor.exe!0x000000003F6F1C47
[2018.03.17-15.56.08:584][866]LogWindows: Error: kernel32.dll!0x00000000778559CD
[2018.03.17-15.56.08:584][866]LogWindows: Error: ntdll.dll!0x00000000779B383D
[2018.03.17-15.56.08:584][866]LogWindows: Error: ntdll.dll!0x00000000779B383D
[2018.03.17-15.56.08:584][866]LogWindows: Error: 
[2018.03.17-15.56.08:603][866]LogExit: Executing StaticShutdownAfterError
[2018.03.17-15.56.08:606][866]LogWindows: FPlatformMisc::RequestExit(1)
[2018.03.17-15.56.08:606][866]Log file closed, 03/17/18 15:56:08
