Log file open, 03/12/18 16:11:42
LogWindows: LoadLibraryWithSearchPaths failed for file aqProf.dll. GetLastError=0
LogWindows: LoadLibraryWithSearchPaths failed for file VSPerf140.dll. GetLastError=0
LogWindows: LoadLibraryWithSearchPaths failed for file VtuneApi.dll. GetLastError=0
LogWindows: LoadLibraryWithSearchPaths failed for file VtuneApi32e.dll. GetLastError=0
LogInit: Display: Running engine for game: PropNavigationGame
LogPlatformFile: Not using cached read wrapper
LogInit: Display: RandInit(-778778197) SRandInit(-778778197).
LogTaskGraph: Started task graph with 5 named threads and 14 total threads with 3 sets of task threads.
LogStats: Stats thread started at 0.176519
LogD3D11RHI: Aftermath initialized
LogPluginManager: Mounting plugin Paper2D
LogPluginManager: Mounting plugin LightPropagationVolume
LogPluginManager: Mounting plugin CodeLiteSourceCodeAccess
LogPluginManager: Mounting plugin GitSourceControl
LogPluginManager: Mounting plugin KDevelopSourceCodeAccess
LogPluginManager: Mounting plugin NullSourceCodeAccess
LogPluginManager: Mounting plugin PerforceSourceControl
LogPluginManager: Mounting plugin SubversionSourceControl
LogPluginManager: Mounting plugin UObjectPlugin
LogPluginManager: Mounting plugin VisualStudioSourceCodeAccess
LogPluginManager: Mounting plugin XCodeSourceCodeAccess
LogPluginManager: Mounting plugin AssetManagerEditor
LogPluginManager: Mounting plugin AudioCapture
LogPluginManager: Mounting plugin FacialAnimation
LogPluginManager: Mounting plugin GameplayTagsEditor
LogPluginManager: Mounting plugin MobileLauncherProfileWizard
LogPluginManager: Mounting plugin PluginBrowser
LogPluginManager: Mounting plugin SpeedTreeImporter
LogPluginManager: Mounting plugin AlembicImporter
LogPluginManager: Mounting plugin CharacterAI
LogPluginManager: Mounting plugin HTML5Networking
LogPluginManager: Mounting plugin AndroidMedia
LogPluginManager: Mounting plugin AvfMedia
LogPluginManager: Mounting plugin MediaPlayerEditor
LogPluginManager: Mounting plugin WmfMedia
LogPluginManager: Mounting plugin TcpMessaging
LogPluginManager: Mounting plugin UdpMessaging
LogPluginManager: Mounting plugin LevelSequenceEditor
LogPluginManager: Mounting plugin MatineeToLevelSequence
LogPluginManager: Mounting plugin OnlineSubsystemGooglePlay
LogPluginManager: Mounting plugin OnlineSubsystemIOS
LogPluginManager: Mounting plugin OnlineSubsystem
LogPluginManager: Mounting plugin OnlineSubsystemNull
LogPluginManager: Mounting plugin OnlineSubsystemUtils
LogPluginManager: Mounting plugin AndroidDeviceProfileSelector
LogPluginManager: Mounting plugin AndroidMoviePlayer
LogPluginManager: Mounting plugin AndroidPermission
LogPluginManager: Mounting plugin AppleMoviePlayer
LogPluginManager: Mounting plugin ArchVisCharacter
LogPluginManager: Mounting plugin CableComponent
LogPluginManager: Mounting plugin CustomMeshComponent
LogPluginManager: Mounting plugin ExampleDeviceProfileSelector
LogPluginManager: Mounting plugin GoogleCloudMessaging
LogPluginManager: Mounting plugin ImmediatePhysics
LogPluginManager: Mounting plugin IOSDeviceProfileSelector
LogPluginManager: Mounting plugin LinuxDeviceProfileSelector
LogPluginManager: Mounting plugin LocationServicesBPLibrary
LogPluginManager: Mounting plugin MobilePatchingUtils
LogPluginManager: Mounting plugin OculusVR
LogPluginManager: Mounting plugin PhysXVehicles
LogPluginManager: Mounting plugin ProceduralMeshComponent
LogPluginManager: Mounting plugin RuntimePhysXCooking
LogPluginManager: Mounting plugin SteamVR
LogPluginManager: Mounting plugin WindowsMoviePlayer
LogInit: Warning: Incompatible or missing module: UE4Editor-PropNavigationGame.dll
Running C:/Program Files (x86)/Epic Games/UE_4.17/Engine/Binaries/DotNET/UnrealBuildTool.exe PropNavigationGame Development Win64 -project="//StuHome/HomeDrive5$/1503395/GitHub/Gameplay-Mechanics/PropNavigationGame/PropNavigationGame.uproject" -editorrecompile -progress -NoHotReloadFromIDE
@progress push 5%
@progress pop
Performing 2 actions (4 in parallel)
[1/2] Link UE4Editor-PropNavigationGame.dll
[2/2] Link UE4Editor-PropNavigationGame.lib
   Creating library \\StuHome\HomeDrive5$\1503395\GitHub\Gameplay-Mechanics\PropNavigationGame\Intermediate\Build\Win64\UE4Editor\Development\UE4Editor-PropNavigationGame.lib and object \\StuHome\HomeDrive5$\1503395\GitHub\Gameplay-Mechanics\PropNavigationGame\Intermediate\Build\Win64\UE4Editor\Development\UE4Editor-PropNavigationGame.exp
   Creating library \\StuHome\HomeDrive5$\1503395\GitHub\Gameplay-Mechanics\PropNavigationGame\Intermediate\Build\Win64\UE4Editor\Development\UE4Editor-PropNavigationGame.suppressed.lib and object \\StuHome\HomeDrive5$\1503395\GitHub\Gameplay-Mechanics\PropNavigationGame\Intermediate\Build\Win64\UE4Editor\Development\UE4Editor-PropNavigationGame.suppressed.exp
Total build time: 2.81 seconds (Local executor: 1.85 seconds)
LogInit: Using libcurl 7.47.1
LogInit:  - built for x86_64-pc-win32
LogInit:  - supports SSL with OpenSSL/1.0.2g
LogInit:  - supports HTTP deflate (compression) using libz 1.2.8
LogInit:  - other features:
LogInit:      CURL_VERSION_SSL
LogInit:      CURL_VERSION_LIBZ
LogInit:      CURL_VERSION_IPV6
LogInit:      CURL_VERSION_ASYNCHDNS
LogInit:      CURL_VERSION_LARGEFILE
LogInit:      CURL_VERSION_IDN
LogInit:  CurlRequestOptions (configurable via config and command line):
LogInit:  - bVerifyPeer = false  - Libcurl will NOT verify peer certificate
LogInit:  - bUseHttpProxy = false  - Libcurl will NOT use HTTP proxy
LogInit:  - bDontReuseConnections = false  - Libcurl will reuse connections
LogInit:  - CertBundlePath = nullptr  - Libcurl will use whatever was configured at build time.
LogInit: Build: ++UE4+Release-4.17-CL-3573198
LogInit: Engine Version: 4.17.0-3573198+++UE4+Release-4.17
LogInit: Compatible Engine Version: 4.17.0-3573198+++UE4+Release-4.17
LogInit: Net CL: 3573198
LogDevObjectVersion: Number of dev versions registered: 16
LogDevObjectVersion:   Dev-Blueprints (B0D832E4-1F89-4F0D-ACCF-7EB736FD4AA2): 10
LogDevObjectVersion:   Dev-Build (E1C64328-A22C-4D53-A36C-8E866417BD8C): 0
LogDevObjectVersion:   Dev-Core (375EC13C-06E4-48FB-B500-84F0262A717E): 2
LogDevObjectVersion:   Dev-Editor (E4B068ED-F494-42E9-A231-DA0B2E46BB41): 20
LogDevObjectVersion:   Dev-Framework (CFFC743F-43B0-4480-9391-14DF171D2073): 28
LogDevObjectVersion:   Dev-Mobile (B02B49B5-BB20-44E9-A304-32B752E40360): 0
LogDevObjectVersion:   Dev-Networking (A4E4105C-59A1-49B5-A7C5-40C4547EDFEE): 0
LogDevObjectVersion:   Dev-Online (39C831C9-5AE6-47DC-9A44-9C173E1C8E7C): 0
LogDevObjectVersion:   Dev-Physics (78F01B33-EBEA-4F98-B9B4-84EACCB95AA2): 0
LogDevObjectVersion:   Dev-Platform (6631380F-2D4D-43E0-8009-CF276956A95A): 0
LogDevObjectVersion:   Dev-Rendering (12F88B9F-8875-4AFC-A67C-D90C383ABD29): 19
LogDevObjectVersion:   Dev-Sequencer (7B5AE74C-D270-4C10-A958-57980B212A5A): 4
LogDevObjectVersion:   Dev-VR (D7296918-1DD6-4BDD-9DE2-64A83CC13884): 0
LogDevObjectVersion:   Dev-LoadTimes (C2A15278-BFE7-4AFE-6C17-90FF531DF755): 1
LogDevObjectVersion:   Private-Geometry (6EACA3D4-40EC-4CC1-B786-8BED09428FC5): 1
LogDevObjectVersion:   Dev-AnimPhys (29E575DD-E0A3-4627-9D10-D276232CDCEA): 7
LogInit: Compiled (64-bit): Aug  4 2017 16:30:33
LogInit: Compiled with Visual C++: 19.00.24215.01
LogInit: Build Configuration: Development
LogInit: Branch Name: ++UE4+Release-4.17
LogInit: Command line: 
LogInit: Base directory: C:/Program Files (x86)/Epic Games/UE_4.17/Engine/Binaries/Win64/
LogInit: Installed Engine Build: 1
LogInit: Presizing for max 8388607 objects, including 0 objects not considered by GC, pre-allocating 0 bytes for permanent pool.
LogInit: Object subsystem initialized
[2018.03.12-16.11.49:337][  0]LogInit: Selected Device Profile: [Windows]
[2018.03.12-16.11.49:337][  0]LogInit: Applying CVar settings loaded from the selected device profile: [Windows]
[2018.03.12-16.11.49:358][  0]LogInit: Computer: MC11594
[2018.03.12-16.11.49:358][  0]LogInit: User: 1503395
[2018.03.12-16.11.49:358][  0]LogInit: CPU Page size=4096, Cores=4
[2018.03.12-16.11.49:358][  0]LogInit: High frequency timer resolution =3.328128 MHz
[2018.03.12-16.11.49:358][  0]LogMemory: Memory total: Physical=31.9GB (32GB approx)
[2018.03.12-16.11.49:358][  0]LogMemory: Platform Memory Stats for Windows
[2018.03.12-16.11.49:358][  0]LogMemory: Process Physical Memory: 281.99 MB used, 281.99 MB peak
[2018.03.12-16.11.49:358][  0]LogMemory: Process Virtual Memory: 274.71 MB used, 274.71 MB peak
[2018.03.12-16.11.49:358][  0]LogMemory: Physical Memory: 5668.48 MB used,  27039.81 MB free, 32708.29 MB total
[2018.03.12-16.11.49:358][  0]LogMemory: Virtual Memory: 743.95 MB used,  27039.81 MB free, 134217728.00 MB total
[2018.03.12-16.11.49:645][  0]LogInit: Using OS detected language (en-US).
[2018.03.12-16.11.49:645][  0]LogInit: Using OS detected locale (en-GB).
[2018.03.12-16.11.49:648][  0]LogTextLocalizationManager: No specific localization for 'en-US' exists, so the 'en' localization will be used.
[2018.03.12-16.11.50:334][  0]LogD3D11RHI: D3D11 adapters:
[2018.03.12-16.11.50:376][  0]LogD3D11RHI:    0. 'NVIDIA GeForce GTX 1070' (Feature Level 11_0)
[2018.03.12-16.11.50:376][  0]LogD3D11RHI:       8088/0/16354 MB DedicatedVideo/DedicatedSystem/SharedSystem, Outputs:1, VendorId:0x10de
[2018.03.12-16.11.50:379][  0]LogD3D11RHI:    1. 'Microsoft Basic Render Driver' (Feature Level 11_0)
[2018.03.12-16.11.50:379][  0]LogD3D11RHI:       0/0/16354 MB DedicatedVideo/DedicatedSystem/SharedSystem, Outputs:0, VendorId:0x1414
[2018.03.12-16.11.50:379][  0]LogD3D11RHI: Chosen D3D11 Adapter: 0
[2018.03.12-16.11.50:384][  0]LogD3D11RHI: Creating new Direct3DDevice
[2018.03.12-16.11.50:384][  0]LogD3D11RHI:     GPU DeviceId: 0x1b81 (for the marketing name, search the web for "GPU Device Id")
[2018.03.12-16.11.50:384][  0]LogWindows: EnumDisplayDevices:
[2018.03.12-16.11.50:384][  0]LogWindows:    0. 'NVIDIA GeForce GTX 1070' (P:1 D:1)
[2018.03.12-16.11.50:384][  0]LogWindows:    1. 'NVIDIA GeForce GTX 1070' (P:0 D:0)
[2018.03.12-16.11.50:384][  0]LogWindows:    2. 'NVIDIA GeForce GTX 1070' (P:0 D:0)
[2018.03.12-16.11.50:384][  0]LogWindows:    3. 'NVIDIA GeForce GTX 1070' (P:0 D:0)
[2018.03.12-16.11.50:385][  0]LogWindows: DebugString: GetVideoDriverDetailsInvalid PrimaryIsNotTheChoosenAdapter GetVideoDriverDetailsInvalid PrimaryIsNotTheChoosenAdapter GetVideoDriverDetailsInvalid PrimaryIsNotTheChoosenAdapter GetVideoDriverDetailsInvalid PrimaryIsNotTheChoosenAdapter FoundDriverCount:0 
[2018.03.12-16.11.50:385][  0]LogD3D11RHI:     Adapter Name: NVIDIA GeForce GTX 1070
[2018.03.12-16.11.50:385][  0]LogD3D11RHI:   Driver Version: Unknown (internal:Unknown, unified:Unknown)
[2018.03.12-16.11.50:385][  0]LogD3D11RHI:      Driver Date: Unknown
[2018.03.12-16.11.50:385][  0]LogRHI: Texture pool is 1361 MB (70% of 1945 MB)
[2018.03.12-16.11.50:406][  0]LogD3D11RHI: Async texture creation enabled
[2018.03.12-16.11.50:421][  0]LogD3D11RHI: GPU Timing Frequency: 1000.000000 (Debug: 2 2)
[2018.03.12-16.11.50:463][  0]LogShaderCompilers: Guid format shader working directory is -27 characters bigger than the processId version (//StuHome/HomeDrive5$/1503395/GitHub/Gameplay-Mechanics/PropNavigationGame/Intermediate/Shaders/WorkingDirectory/11852/).
[2018.03.12-16.11.50:464][  0]LogShaderCompilers: Cleaned the shader compiler working directory 'C:/Users/1503395/AppData/Local/Temp/UnrealShaderWorkingDir/943995D44D7F6C85C8FE72A2CB9B858A/'.
[2018.03.12-16.11.50:464][  0]LogShaderCompilers: Display: Using Local Shader Compiler.
[2018.03.12-16.11.51:375][  0]LogTemp: Display: Loaded TP AllDesktopTargetPlatform
[2018.03.12-16.11.51:448][  0]LogTemp: Display: Loaded TP MacClientTargetPlatform
[2018.03.12-16.11.51:522][  0]LogTemp: Display: Loaded TP MacNoEditorTargetPlatform
[2018.03.12-16.11.51:602][  0]LogTemp: Display: Loaded TP MacServerTargetPlatform
[2018.03.12-16.11.51:702][  0]LogTemp: Display: Loaded TP MacTargetPlatform
[2018.03.12-16.11.51:801][  0]LogTemp: Display: Loaded TP WindowsClientTargetPlatform
[2018.03.12-16.11.51:893][  0]LogTemp: Display: Loaded TP WindowsNoEditorTargetPlatform
[2018.03.12-16.11.51:978][  0]LogTemp: Display: Loaded TP WindowsServerTargetPlatform
[2018.03.12-16.11.52:049][  0]LogTemp: Display: Loaded TP WindowsTargetPlatform
[2018.03.12-16.11.52:128][  0]LogTemp: Display: Loaded TP AndroidTargetPlatform
[2018.03.12-16.11.52:209][  0]LogTemp: Display: Loaded TP Android_ASTCTargetPlatform
[2018.03.12-16.11.52:286][  0]LogTemp: Display: Loaded TP Android_ATCTargetPlatform
[2018.03.12-16.11.52:358][  0]LogTemp: Display: Loaded TP Android_DXTTargetPlatform
[2018.03.12-16.11.52:431][  0]LogTemp: Display: Loaded TP Android_ETC1TargetPlatform
[2018.03.12-16.11.52:502][  0]LogTemp: Display: Loaded TP Android_ETC2TargetPlatform
[2018.03.12-16.11.52:647][  0]LogTemp: Display: Loaded TP Android_MultiTargetPlatform
[2018.03.12-16.11.52:647][  0]LogTemp: Display: Loaded TP Android_PVRTCTargetPlatform
[2018.03.12-16.11.52:709][  0]LogTemp: Display: Loaded TP HTML5TargetPlatform
[2018.03.12-16.11.52:836][  0]LogTemp: Display: Loaded TP IOSTargetPlatform
[2018.03.12-16.11.52:885][  0]LogTemp: Display: Loaded TP TVOSTargetPlatform
[2018.03.12-16.11.52:960][  0]LogTemp: Display: Loaded TP LinuxClientTargetPlatform
[2018.03.12-16.11.53:033][  0]LogTemp: Display: Loaded TP LinuxNoEditorTargetPlatform
[2018.03.12-16.11.53:104][  0]LogTemp: Display: Loaded TP LinuxServerTargetPlatform
[2018.03.12-16.11.53:178][  0]LogTemp: Display: Loaded TP LinuxTargetPlatform
[2018.03.12-16.11.53:178][  0]LogTargetPlatformManager: Display: Building Assets For Windows
[2018.03.12-16.11.54:000][  0]LogDerivedDataCache: Display: Max Cache Size: 512 MB
[2018.03.12-16.11.54:062][  0]LogDerivedDataCache: Loaded boot cache 0.06s 93MB C:/Users/1503395/AppData/Local/UnrealEngine/4.17/DerivedDataCache/Boot.ddc.
[2018.03.12-16.11.54:062][  0]LogDerivedDataCache: Display: Loaded Boot cache: C:/Users/1503395/AppData/Local/UnrealEngine/4.17/DerivedDataCache/Boot.ddc
[2018.03.12-16.11.54:063][  0]LogDerivedDataCache: FDerivedDataBackendGraph:  Pak pak cache file //StuHome/HomeDrive5$/1503395/GitHub/Gameplay-Mechanics/PropNavigationGame/DerivedDataCache/DDC.ddp not found, will not use a pak cache.
[2018.03.12-16.11.54:063][  0]LogDerivedDataCache: Unable to find inner node Pak for hierarchical cache Hierarchy.
[2018.03.12-16.11.54:064][  0]LogDerivedDataCache: FDerivedDataBackendGraph:  CompressedPak pak cache file //StuHome/HomeDrive5$/1503395/GitHub/Gameplay-Mechanics/PropNavigationGame/DerivedDataCache/Compressed.ddp not found, will not use a pak cache.
[2018.03.12-16.11.54:064][  0]LogDerivedDataCache: Unable to find inner node CompressedPak for hierarchical cache Hierarchy.
[2018.03.12-16.11.54:076][  0]LogDerivedDataCache: Display: Pak cache opened for reading ../../../Engine/DerivedDataCache/Compressed.ddp.
[2018.03.12-16.11.54:088][  0]LogDerivedDataCache: Using Local data cache path C:/Users/1503395/AppData/Local/UnrealEngine/Common/DerivedDataCache: Writable
[2018.03.12-16.11.54:097][  0]LogMaterial: Verifying Global Shaders for PCD3D_SM5
[2018.03.12-16.11.54:097][  0]LogSlate: Using Freetype 2.6.0
[2018.03.12-16.11.54:098][  0]LogSlate: SlateFontCache - WITH_FREETYPE: 1, WITH_HARFBUZZ: 1
[2018.03.12-16.11.54:098][  0]LogSlate: SlateFontCache - WITH_FREETYPE: 1, WITH_HARFBUZZ: 1
[2018.03.12-16.11.54:338][  0]LogAssetRegistry: FAssetRegistry took 0.0255 seconds to start up
[2018.03.12-16.11.54:517][  0]LogInit: Selected Device Profile: [Windows]
[2018.03.12-16.11.54:653][  0]LogContentStreaming: Texture pool size is 0.00 MB
[2018.03.12-16.11.55:086][  0]LogSimplygon: Simplygon DLL not present - disabling.
[2018.03.12-16.11.55:155][  0]LogMeshReduction: Using SimplygonSwarm for distributed automatic mesh merging
[2018.03.12-16.11.55:155][  0]LogMeshReduction: Using QuadricMeshReduction for automatic static mesh reduction
[2018.03.12-16.11.55:155][  0]LogMeshReduction: No automatic skeletal mesh reduction module available
[2018.03.12-16.11.55:155][  0]LogMeshReduction: No automatic mesh merging module available
[2018.03.12-16.11.55:155][  0]LogMeshMerging: No automatic mesh merging module available
[2018.03.12-16.11.55:503][  0]LogNetVersion: PropNavigationGame , NetCL: 3573198, EngineNetVer: 2, GameNetVer: 0 (Checksum: 1685960384)
[2018.03.12-16.11.55:881][  0]LogPackageLocalizationCache: Processed 5 localized package path(s) for 2 prioritized culture(s) in 0.178456 seconds
[2018.03.12-16.11.55:886][  0]LogUObjectArray: 35825 objects as part of root set at end of initial load.
[2018.03.12-16.11.55:886][  0]LogUObjectAllocator: 7529104 out of 0 bytes used by permanent object pool.
[2018.03.12-16.11.55:886][  0]LogUObjectArray: CloseDisregardForGC: 0/0 objects in disregard for GC pool
[2018.03.12-16.11.55:986][  0]LogInit: WinSock: version 1.1 (2.2), MaxSocks=32767, MaxUdp=65467
[2018.03.12-16.11.59:364][  0]LogTcpMessaging: Initializing TcpMessaging bridge
[2018.03.12-16.11.59:425][  0]LogUdpMessaging: Initializing bridge on interface 0.0.0.0:0 to multicast group 230.0.0.1:6666.
[2018.03.12-16.11.59:425][  0]LogDirectoryWatcher: A directory notification failed for '//StuHome/HomeDrive5$/1503395/GitHub/Gameplay-Mechanics/PropNavigationGame/Content/' because it was empty or there was a buffer overflow. Attemping another request...
[2018.03.12-16.12.00:135][  0]LogScriptCore: Error: Script Msg: A null object was passed as a world context object to UEngine::GetWorldFromContextObject().
[2018.03.12-16.12.00:135][  0]LogScriptCore: Error: Script call stack:
	[Empty] (FFrame::GetScriptCallstack() called from native code)
[2018.03.12-16.12.00:332][  0]LogStats: FPlatformStackWalk::StackWalkAndDump -  0.180 s
[2018.03.12-16.12.00:332][  0]LogOutputDevice: Error: === Handled ensure: ===
[2018.03.12-16.12.00:332][  0]LogOutputDevice: Error: 
[2018.03.12-16.12.00:332][  0]LogOutputDevice: Error: Ensure condition failed: AttachmentRules.LocationRule == EAttachmentRule::KeepRelative && AttachmentRules.RotationRule == EAttachmentRule::KeepRelative && AttachmentRules.ScaleRule == EAttachmentRule::KeepRelative [File:D:\Build\++UE4+Release-4.17+Compile\Sync\Engine\Source\Runtime\Engine\Private\Components\SceneComponent.cpp] [Line: 1672]
[2018.03.12-16.12.00:332][  0]LogOutputDevice: Error: AttachToComponent when called from a constructor is only setting up attachment and will always be treated as KeepRelative. Consider calling SetupAttachment directly instead.
[2018.03.12-16.12.00:332][  0]LogOutputDevice: Error: Stack: 
[2018.03.12-16.12.00:332][  0]LogOutputDevice: Error: UE4Editor-Core.dll!0x00000000A47535F6
[2018.03.12-16.12.00:332][  0]LogOutputDevice: Error: UE4Editor-Core.dll!0x00000000A44DC2C2
[2018.03.12-16.12.00:332][  0]LogOutputDevice: Error: UE4Editor-Core.dll!0x00000000A44F4736
[2018.03.12-16.12.00:332][  0]LogOutputDevice: Error: UE4Editor-Engine.dll!0x00000000A13E2438
[2018.03.12-16.12.00:332][  0]LogOutputDevice: Error: UE4Editor-PropNavigationGame.dll!APlayerShip::APlayerShip() [\\stuhome\homedrive5$\1503395\github\gameplay-mechanics\propnavigationgame\source\propnavigationgame\playership.cpp:32]
[2018.03.12-16.12.00:332][  0]LogOutputDevice: Error: UE4Editor-CoreUObject.dll!0x00000000A967A442
[2018.03.12-16.12.00:332][  0]LogOutputDevice: Error: UE4Editor-CoreUObject.dll!0x00000000A98E324B
[2018.03.12-16.12.00:332][  0]LogOutputDevice: Error: UE4Editor-CoreUObject.dll!0x00000000A98C6C73
[2018.03.12-16.12.00:332][  0]LogOutputDevice: Error: UE4Editor-CoreUObject.dll!0x00000000A967C157
[2018.03.12-16.12.00:332][  0]LogOutputDevice: Error: UE4Editor-Core.dll!0x00000000A4378210
[2018.03.12-16.12.00:332][  0]LogOutputDevice: Error: UE4Editor-Core.dll!0x00000000A45C68C0
[2018.03.12-16.12.00:332][  0]LogOutputDevice: Error: UE4Editor-Projects.dll!0x00000000BFC6E06D
[2018.03.12-16.12.00:332][  0]LogOutputDevice: Error: UE4Editor-Projects.dll!0x00000000BFC6E37E
[2018.03.12-16.12.00:332][  0]LogOutputDevice: Error: UE4Editor.exe!0x0000000072F064B1
[2018.03.12-16.12.00:332][  0]LogOutputDevice: Error: UE4Editor.exe!0x0000000072F0A7BD
[2018.03.12-16.12.00:332][  0]LogOutputDevice: Error: UE4Editor.exe!0x0000000072F0379A
[2018.03.12-16.12.00:332][  0]LogOutputDevice: Error: UE4Editor.exe!0x0000000072F039EA
[2018.03.12-16.12.00:332][  0]LogOutputDevice: Error: UE4Editor.exe!0x0000000072F102D9
[2018.03.12-16.12.00:332][  0]LogOutputDevice: Error: UE4Editor.exe!0x0000000072F11C47
[2018.03.12-16.12.00:332][  0]LogOutputDevice: Error: KERNEL32.DLL!0x00000000D2041FE4
[2018.03.12-16.12.00:332][  0]LogOutputDevice: Error: ntdll.dll!0x00000000D217EF91
[2018.03.12-16.12.00:332][  0]LogOutputDevice: Error: 
[2018.03.12-16.12.00:334][  0]LogStats:                SubmitErrorReport -  0.000 s
[2018.03.12-16.12.01:247][  0]LogStats:                    SendNewReport -  0.913 s
[2018.03.12-16.12.01:247][  0]LogStats:             FDebug::EnsureFailed -  1.096 s
[2018.03.12-16.12.01:624][  0]LogMaterial: Uniform references updated for custom material expression Custom.
[2018.03.12-16.12.02:309][  0]SourceControl: Source control is disabled
[2018.03.12-16.12.02:309][  0]SourceControl: Source control is disabled
[2018.03.12-16.12.02:394][  0]SourceControl: Source control is disabled
[2018.03.12-16.12.02:479][  0]SourceControl: Source control is disabled
[2018.03.12-16.12.03:306][  0]LogAndroidPermission: UAndroidPermissionCallbackProxy::GetInstance
[2018.03.12-16.12.03:730][  0]LogOcInput: OculusInput pre-init called
[2018.03.12-16.12.04:138][  0]LogEngine: Initializing Engine...
[2018.03.12-16.12.04:140][  0]LogHMD: Failed to initialize OpenVR with code 110
[2018.03.12-16.12.04:358][  0]LogStats: UGameplayTagsManager::ConstructGameplayTagTree: Construct from data asset -  0.000 s
[2018.03.12-16.12.04:358][  0]LogStats: UGameplayTagsManager::ConstructGameplayTagTree: GameplayTagTreeChangedEvent.Broadcast -  0.000 s
[2018.03.12-16.12.04:575][  0]LogAIModule: Creating AISystem for world Untitled
[2018.03.12-16.12.04:582][  0]LogInit: XAudio2 using 'Speakers (Realtek High Definition Audio)' : 2 channels at 48 kHz using 32 bits per sample (channel mask 0x3)
[2018.03.12-16.12.04:626][  0]LogInit: FAudioDevice initialized.
[2018.03.12-16.12.04:722][  0]LogDerivedDataCache: Saved boot cache 0.10s 93MB C:/Users/1503395/AppData/Local/UnrealEngine/4.17/DerivedDataCache/Boot.ddc.
[2018.03.12-16.12.04:734][  0]LogInit: Texture streaming: Enabled
[2018.03.12-16.12.04:930][  0]LogEngineSessionManager: EngineSessionManager initialized
[2018.03.12-16.12.05:254][  0]LogInit: Transaction tracking system initialized
[2018.03.12-16.12.05:826][  0]BlueprintLog: New page: Editor Load
[2018.03.12-16.12.07:277][  0]LocalizationService: Localization service is disabled
[2018.03.12-16.12.08:377][  0]LogConsoleResponse: Display: 
[2018.03.12-16.12.08:576][  0]LogCook: Display: Max memory allowance for cook 16384mb min free memory 0mb
[2018.03.12-16.12.08:576][  0]LogCook: Display: Mobile HDR setting 1
[2018.03.12-16.12.08:576][  0]LogGameplayTags: Display: UGameplayTagsManager::DoneAddingNativeTags. DelegateIsBound: 0
[2018.03.12-16.12.09:261][  0]LogFileCache: Scanning file cache for directory '//StuHome/HomeDrive5$/1503395/GitHub/Gameplay-Mechanics/PropNavigationGame/Content/' took 0.02s
[2018.03.12-16.12.10:328][  0]SourceControl: Source control is disabled
[2018.03.12-16.12.10:329][  0]Cmd: MAP LOAD FILE="//StuHome/HomeDrive5$/1503395/GitHub/Gameplay-Mechanics/PropNavigationGame/Content/StarterContent/Maps/Minimal_Default.umap" TEMPLATE=0 SHOWPROGRESS=1 FEATURELEVEL=3
[2018.03.12-16.12.10:336][  0]LightingResults: New page: Lighting Build
[2018.03.12-16.12.10:403][  0]MapCheck: New page: Map Check
[2018.03.12-16.12.10:403][  0]LightingResults: New page: Lighting Build
[2018.03.12-16.12.10:513][  0]LogLinker: Warning: Can't find file '/Game/StarterContent/Maps/Minimal_Default_BuiltData'
[2018.03.12-16.12.10:514][  0]LogLinker: Warning: Can't find file for asset '/Game/StarterContent/Maps/Minimal_Default_BuiltData' while loading //StuHome/HomeDrive5$/1503395/GitHub/Gameplay-Mechanics/PropNavigationGame/Content/StarterContent/Maps/Minimal_Default.umap.
[2018.03.12-16.12.10:514][  0]LoadErrors: Error: /Game/StarterContent/Maps/Minimal_Default : Can't find file for asset. /Game/StarterContent/Maps/Minimal_Default_BuiltData
[2018.03.12-16.12.10:795][  0]LogLinker: Warning: Can't find file '/Game/StarterContent/Maps/Minimal_Default_BuiltData'
[2018.03.12-16.12.10:796][  0]LogLinker: Warning: Can't find file for asset '/Game/StarterContent/Maps/Minimal_Default_BuiltData' while loading //StuHome/HomeDrive5$/1503395/GitHub/Gameplay-Mechanics/PropNavigationGame/Content/StarterContent/Maps/Minimal_Default.umap.
[2018.03.12-16.12.10:796][  0]LoadErrors: Error: /Game/StarterContent/Maps/Minimal_Default : Can't find file for asset. /Game/StarterContent/Maps/Minimal_Default_BuiltData
[2018.03.12-16.12.10:934][  0]LogLinker: Warning: Can't find file '/Game/StarterContent/Maps/Minimal_Default_BuiltData'
[2018.03.12-16.12.10:934][  0]LogLinker: Warning: Can't find file for asset '/Game/StarterContent/Maps/Minimal_Default_BuiltData' while loading NULL.
[2018.03.12-16.12.10:935][  0]LogLinker: Warning: Can't find file '/Game/StarterContent/Maps/Minimal_Default_BuiltData'
[2018.03.12-16.12.10:935][  0]LogLinker: Warning: Can't find file for asset '/Game/StarterContent/Maps/Minimal_Default_BuiltData' while loading NULL.
[2018.03.12-16.12.10:945][  0]LogLinker: Warning: Can't find file '/Game/StarterContent/Maps/Minimal_Default_BuiltData'
[2018.03.12-16.12.10:946][  0]LoadErrors: Failed to load /Game/StarterContent/Maps/Minimal_Default_BuiltData.Minimal_Default_BuiltData Referenced by PersistentLevel
[2018.03.12-16.12.10:946][  0]LogLinker: Warning: Can't find file for asset '/Game/StarterContent/Maps/Minimal_Default_BuiltData' while loading NULL.
[2018.03.12-16.12.10:946][  0]LoadErrors: Failed to load /Game/StarterContent/Maps/Minimal_Default_BuiltData.Minimal_Default_BuiltData Referenced by PersistentLevel
[2018.03.12-16.12.11:199][  0]LogAIModule: Creating AISystem for world Minimal_Default
[2018.03.12-16.12.11:206][  0]LogEditorServer: Finished looking for orphan Actors (0.000 secs)
[2018.03.12-16.12.11:218][  0]Cmd: MAP CHECKDEP NOCLEARLOG
[2018.03.12-16.12.11:300][  0]MapCheck: Map check complete: 0 Error(s), 0 Warning(s), took 81.927ms to complete.
[2018.03.12-16.12.11:300][  0]LogFileHelpers: Loading map 'Minimal_Default' took 0.971
[2018.03.12-16.12.11:363][  0]LogWindowsTextInputMethodSystem: Display: IME system now deactivated.
[2018.03.12-16.12.11:458][  0]LogCollectionManager: Loaded 0 collections in 0.001451 seconds
[2018.03.12-16.12.11:571][  0]LogFileCache: Scanning file cache for directory '//StuHome/HomeDrive5$/1503395/GitHub/Gameplay-Mechanics/PropNavigationGame/Saved/Collections/' took 0.01s
[2018.03.12-16.12.11:571][  0]LogFileCache: Scanning file cache for directory '//StuHome/HomeDrive5$/1503395/GitHub/Gameplay-Mechanics/PropNavigationGame/Content/Developers/1503395/Collections/' took 0.01s
[2018.03.12-16.12.11:571][  0]LogFileCache: Scanning file cache for directory '//StuHome/HomeDrive5$/1503395/GitHub/Gameplay-Mechanics/PropNavigationGame/Content/Collections/' took 0.01s
[2018.03.12-16.12.11:571][  0]LogCollectionManager: Rebuilt the GUID cache for 0 collections in 0.000001 seconds
[2018.03.12-16.12.11:581][  0]LogContentBrowser: Native class hierarchy populated in 0.0101 seconds. Added 2396 classes and 502 folders.
[2018.03.12-16.12.11:691][  0]LogContentBrowser: Native class hierarchy updated for 'WidgetCarousel' in 0.0029 seconds. Added 0 classes and 0 folders.
[2018.03.12-16.12.11:735][  0]LogContentBrowser: Native class hierarchy updated for 'AddContentDialog' in 0.0027 seconds. Added 0 classes and 0 folders.
[2018.03.12-16.12.11:801][  0]LogContentBrowser: Native class hierarchy updated for 'SceneOutliner' in 0.0026 seconds. Added 1 classes and 2 folders.
[2018.03.12-16.12.11:823][  0]LogSlate: Took 0.000227 seconds to synchronously load lazily loaded font '../../../Engine/Content/Slate/Fonts/Roboto-Regular.ttf' (155K)
[2018.03.12-16.12.11:825][  0]LogSlate: Took 0.000289 seconds to synchronously load lazily loaded font '../../../Engine/Content/Slate/Fonts/Roboto-Bold.ttf' (160K)
[2018.03.12-16.12.11:832][  0]LogSlate: Took 0.000414 seconds to synchronously load lazily loaded font '../../../Engine/Content/Editor/Slate/Fonts/FontAwesome.ttf' (139K)
[2018.03.12-16.12.11:920][  0]LogRenderer: Reallocating scene render targets to support 1208x576 Format 10 NumSamples 1 (Frame:1).
[2018.03.12-16.12.12:118][  0]LogContentBrowser: Native class hierarchy updated for 'HierarchicalLODOutliner' in 0.0026 seconds. Added 1 classes and 2 folders.
[2018.03.12-16.12.12:118][  0]LogLoad: (Engine Initialization) Total time: 31.48 seconds
[2018.03.12-16.12.12:118][  0]LogLoad: (Engine Initialization) Total Blueprint compile time: 0.00 seconds
[2018.03.12-16.12.12:118][  0]LogExternalProfiler: No external profilers were discovered.  External profiling features will not be available.
[2018.03.12-16.12.12:143][  0]LogAssetRegistry: Asset discovery search completed in 17.8271 seconds
[2018.03.12-16.12.12:144][  0]LogCollectionManager: Rebuilt the object cache for 0 collections in 0.000000 seconds (found 0 objects)
[2018.03.12-16.12.12:144][  0]LogCollectionManager: Fixed up redirectors for 0 collections in 0.000034 seconds (updated 0 objects)
[2018.03.12-16.12.12:146][  0]LogContentStreaming: Texture pool size now 1000 MB
[2018.03.12-16.12.12:190][  0]LogSlate: Took 0.000291 seconds to synchronously load lazily loaded font '../../../Engine/Content/Slate/Fonts/Roboto-Light.ttf' (159K)
[2018.03.12-16.12.12:258][  1]LogDirectoryWatcher: A directory notification failed for '//StuHome/HomeDrive5$/1503395/GitHub/Gameplay-Mechanics/PropNavigationGame/Content/' because it was empty or there was a buffer overflow. Attemping another request...
[2018.03.12-16.12.12:259][  1]LogDirectoryWatcher: A directory notification failed for '//StuHome/HomeDrive5$/1503395/GitHub/Gameplay-Mechanics/PropNavigationGame/Content/', and we were unable to create a new request.
[2018.03.12-16.12.12:259][  1]LogDirectoryWatcher: A directory notification failed for '//StuHome/HomeDrive5$/1503395/GitHub/Gameplay-Mechanics/PropNavigationGame/Binaries/Win64' because it was empty or there was a buffer overflow. Attemping another request...
[2018.03.12-16.12.12:259][  1]LogDirectoryWatcher: A directory notification failed for '//StuHome/HomeDrive5$/1503395/GitHub/Gameplay-Mechanics/PropNavigationGame/Saved/Collections/' because it was empty or there was a buffer overflow. Attemping another request...
[2018.03.12-16.12.12:259][  1]LogDirectoryWatcher: A directory notification failed for '//StuHome/HomeDrive5$/1503395/GitHub/Gameplay-Mechanics/PropNavigationGame/Content/Developers/1503395/Collections/' because it was empty or there was a buffer overflow. Attemping another request...
[2018.03.12-16.12.12:259][  1]LogDirectoryWatcher: A directory notification failed for '//StuHome/HomeDrive5$/1503395/GitHub/Gameplay-Mechanics/PropNavigationGame/Content/Collections/' because it was empty or there was a buffer overflow. Attemping another request...
[2018.03.12-16.12.12:331][  2]LogDirectoryWatcher: A directory notification failed for '//StuHome/HomeDrive5$/1503395/GitHub/Gameplay-Mechanics/PropNavigationGame/Binaries/Win64' because it was empty or there was a buffer overflow. Attemping another request...
[2018.03.12-16.12.12:332][  2]LogDirectoryWatcher: A directory notification failed for '//StuHome/HomeDrive5$/1503395/GitHub/Gameplay-Mechanics/PropNavigationGame/Binaries/Win64', and we were unable to create a new request.
[2018.03.12-16.12.12:332][  2]LogDirectoryWatcher: A directory notification failed for '//StuHome/HomeDrive5$/1503395/GitHub/Gameplay-Mechanics/PropNavigationGame/Saved/Collections/' because it was empty or there was a buffer overflow. Attemping another request...
[2018.03.12-16.12.12:332][  2]LogDirectoryWatcher: A directory notification failed for '//StuHome/HomeDrive5$/1503395/GitHub/Gameplay-Mechanics/PropNavigationGame/Saved/Collections/', and we were unable to create a new request.
[2018.03.12-16.12.12:332][  2]LogDirectoryWatcher: A directory notification failed for '//StuHome/HomeDrive5$/1503395/GitHub/Gameplay-Mechanics/PropNavigationGame/Content/Collections/' because it was empty or there was a buffer overflow. Attemping another request...
[2018.03.12-16.12.12:332][  2]LogDirectoryWatcher: A directory notification failed for '//StuHome/HomeDrive5$/1503395/GitHub/Gameplay-Mechanics/PropNavigationGame/Content/Collections/', and we were unable to create a new request.
[2018.03.12-16.12.12:332][  2]LogDirectoryWatcher: A directory notification failed for '//StuHome/HomeDrive5$/1503395/GitHub/Gameplay-Mechanics/PropNavigationGame/Content/Developers/1503395/Collections/' because it was empty or there was a buffer overflow. Attemping another request...
[2018.03.12-16.12.12:333][  2]LogDirectoryWatcher: A directory notification failed for '//StuHome/HomeDrive5$/1503395/GitHub/Gameplay-Mechanics/PropNavigationGame/Content/Developers/1503395/Collections/', and we were unable to create a new request.
[2018.03.12-16.14.41:031][960]LogSlate: Took 0.000199 seconds to synchronously load lazily loaded font '../../../Engine/Content/Slate/Fonts/Roboto-Light.ttf' (159K)
[2018.03.12-16.14.41:480][960]LogAIModule: Creating AISystem for world StarTrekMap
[2018.03.12-16.14.41:510][960]Cmd: MAP LOAD FILE="//StuHome/HomeDrive5$/1503395/GitHub/Gameplay-Mechanics/PropNavigationGame/Content/StarTrekMap.umap" TEMPLATE=0 SHOWPROGRESS=1 FEATURELEVEL=3
[2018.03.12-16.14.41:511][960]LightingResults: New page: Lighting Build
[2018.03.12-16.14.41:512][960]LoadErrors: New page: Loading map: StarTrekMap.umap
[2018.03.12-16.14.41:515][960]MapCheck: New page: Map Check
[2018.03.12-16.14.41:515][960]LightingResults: New page: Lighting Build
[2018.03.12-16.14.41:530][960]LogEditorServer: Finished looking for orphan Actors (0.000 secs)
[2018.03.12-16.14.41:565][960]Cmd: MAP CHECKDEP NOCLEARLOG
[2018.03.12-16.14.41:670][960]MapCheck: Map check complete: 0 Error(s), 0 Warning(s), took 105.02ms to complete.
[2018.03.12-16.14.41:670][960]LogFileHelpers: Loading map 'StarTrekMap' took 0.161
[2018.03.12-16.14.45:035][339]Candidate modules for hot reload:
[2018.03.12-16.14.45:036][339]  PropNavigationGame
[2018.03.12-16.14.45:036][339]Launching UnrealBuildTool... [C:/Program Files (x86)/Epic Games/UE_4.17/Engine/Binaries/DotNET/UnrealBuildTool.exe PropNavigationGame -ModuleWithSuffix PropNavigationGame 2680 Win64 Development -editorrecompile -canskiplink "//StuHome/HomeDrive5$/1503395/GitHub/Gameplay-Mechanics/PropNavigationGame/PropNavigationGame.uproject" ]
[2018.03.12-16.14.45:038][339]Warning: Starting HotReload took  0.0s.
[2018.03.12-16.15.04:808][683]CompilerResultsLog: New page: Compilation - 12 Mar 2018 16:15:04
[2018.03.12-16.15.04:808][683]CompilerResultsLog: Compiling game modules for hot reload
[2018.03.12-16.15.04:808][683]CompilerResultsLog: Parsing headers for PropNavigationGameEditor
[2018.03.12-16.15.04:808][683]CompilerResultsLog:   Running UnrealHeaderTool "\\StuHome\HomeDrive5$\1503395\GitHub\Gameplay-Mechanics\PropNavigationGame\PropNavigationGame.uproject" "\\StuHome\HomeDrive5$\1503395\GitHub\Gameplay-Mechanics\PropNavigationGame\Intermediate\Build\Win64\PropNavigationGameEditor\Development\PropNavigationGameEditor.uhtmanifest" -LogCmds="loginit warning, logexit warning, logdatabase error" -Unattended -WarningsAsErrors -installed
[2018.03.12-16.15.04:808][683]CompilerResultsLog: Reflection code generated for PropNavigationGameEditor in 9.2484676 seconds
[2018.03.12-16.15.04:808][683]CompilerResultsLog: Performing 3 actions (4 in parallel)
[2018.03.12-16.15.04:808][683]CompilerResultsLog: PlayerShip.cpp
[2018.03.12-16.15.04:808][683]CompilerResultsLog: [2/3] Link UE4Editor-PropNavigationGame-2680.dll
[2018.03.12-16.15.04:808][683]CompilerResultsLog: [3/3] Link UE4Editor-PropNavigationGame-2680.lib
[2018.03.12-16.15.04:808][683]CompilerResultsLog:    Creating library \\StuHome\HomeDrive5$\1503395\GitHub\Gameplay-Mechanics\PropNavigationGame\Intermediate\Build\Win64\UE4Editor\Development\UE4Editor-PropNavigationGame-2680.lib and object \\StuHome\HomeDrive5$\1503395\GitHub\Gameplay-Mechanics\PropNavigationGame\Intermediate\Build\Win64\UE4Editor\Development\UE4Editor-PropNavigationGame-2680.exp
[2018.03.12-16.15.04:808][683]CompilerResultsLog:    Creating library \\StuHome\HomeDrive5$\1503395\GitHub\Gameplay-Mechanics\PropNavigationGame\Intermediate\Build\Win64\UE4Editor\Development\UE4Editor-PropNavigationGame-2680.suppressed.lib and object \\StuHome\HomeDrive5$\1503395\GitHub\Gameplay-Mechanics\PropNavigationGame\Intermediate\Build\Win64\UE4Editor\Development\UE4Editor-PropNavigationGame-2680.suppressed.exp
[2018.03.12-16.15.04:808][683]CompilerResultsLog: Total build time: 19.57 seconds (Local executor: 3.25 seconds)
[2018.03.12-16.15.04:808][683]LogMainFrame: MainFrame: Module compiling took 19.778 seconds
[2018.03.12-16.15.05:242][683]LogScriptCore: Error: Script Msg: A null object was passed as a world context object to UEngine::GetWorldFromContextObject().
[2018.03.12-16.15.05:242][683]LogScriptCore: Error: Script call stack:
	[Empty] (FFrame::GetScriptCallstack() called from native code)
[2018.03.12-16.15.05:247][683]LogHotReload: Re-instancing EnemyShip after hot-reload.
[2018.03.12-16.15.05:316][683]LogScriptCore: Error: Script Msg: A null object was passed as a world context object to UEngine::GetWorldFromContextObject().
[2018.03.12-16.15.05:316][683]LogScriptCore: Error: Script call stack:
	[Empty] (FFrame::GetScriptCallstack() called from native code)
[2018.03.12-16.15.05:321][683]LogContentBrowser: Native class hierarchy updated for 'PropNavigationGame' in 0.0031 seconds. Added 10 classes and 2 folders.
[2018.03.12-16.15.05:322][683]Display: HotReload successful (5 functions remapped  0 scriptstructs remapped)
[2018.03.12-16.15.05:392][683]LogContentBrowser: Native class hierarchy populated in 0.0152 seconds. Added 2398 classes and 506 folders.
[2018.03.12-16.15.05:392][683]Display: HotReload took 20.4s.
[2018.03.12-16.15.09:557][178]LogTemp: Repeating last play command: Selected Viewport
[2018.03.12-16.15.09:673][178]LogPlayLevel: PlayLevel: No blueprints needed recompiling
[2018.03.12-16.15.09:674][178]PIE: New page: PIE session: StarTrekMap (12 Mar 2018 16:15:09)
[2018.03.12-16.15.09:674][178]LogPlayLevel: Creating play world package: /Game/UEDPIE_0_StarTrekMap
[2018.03.12-16.15.09:675][178]LogPlayLevel: PIE: StaticDuplicateObject took: (0.001817s)
[2018.03.12-16.15.09:676][178]LogAIModule: Creating AISystem for world StarTrekMap
[2018.03.12-16.15.09:676][178]LogPlayLevel: PIE: World Init took: (0.000857s)
[2018.03.12-16.15.09:677][178]LogPlayLevel: PIE: Created PIE world by copying editor world from /Game/StarTrekMap.StarTrekMap to /Game/UEDPIE_0_StarTrekMap.StarTrekMap (0.002894s)
[2018.03.12-16.15.09:687][178]LogInit: XAudio2 using 'Speakers (Realtek High Definition Audio)' : 2 channels at 48 kHz using 32 bits per sample (channel mask 0x3)
[2018.03.12-16.15.09:732][178]LogInit: FAudioDevice initialized.
[2018.03.12-16.15.09:774][178]LogLoad: Game class is 'MySpaceGameMode_C'
[2018.03.12-16.15.09:777][178]LogWorld: Bringing World /Game/UEDPIE_0_StarTrekMap.StarTrekMap up for play (max tick rate 0) at 2018.03.12-16.15.09
[2018.03.12-16.15.09:777][178]LogWorld: Bringing up level for play took: 0.001721
[2018.03.12-16.15.09:863][178]LogContentBrowser: Native class hierarchy updated for 'MovieSceneCapture' in 0.0030 seconds. Added 11 classes and 0 folders.
[2018.03.12-16.15.09:867][178]LogWindows: Windows GetLastError: The operation completed successfully. (0)
[2018.03.12-16.15.11:160][178]LogWindows: Error: === Critical error: ===
[2018.03.12-16.15.11:161][178]LogWindows: Error: 
[2018.03.12-16.15.11:161][178]LogWindows: Error: Fatal error: [File:D:\Build\++UE4+Release-4.17+Compile\Sync\Engine\Source\Runtime\CoreUObject\Private\UObject\Obj.cpp] [Line: 102] 
[2018.03.12-16.15.11:161][178]LogWindows: Error: No object initializer found during construction.
[2018.03.12-16.15.11:161][178]LogWindows: Error: 
[2018.03.12-16.15.11:161][178]LogWindows: Error: 
[2018.03.12-16.15.11:161][178]LogWindows: Error: KERNELBASE.dll!0x00000000CF2E3FB8
[2018.03.12-16.15.11:161][178]LogWindows: Error: UE4Editor-Core.dll!0x00000000A47514A4
[2018.03.12-16.15.11:161][178]LogWindows: Error: UE4Editor-Core.dll!0x00000000A453AD4B
[2018.03.12-16.15.11:161][178]LogWindows: Error: UE4Editor-Core.dll!0x00000000A44D0169
[2018.03.12-16.15.11:161][178]LogWindows: Error: UE4Editor-CoreUObject.dll!0x00000000A97F8836
[2018.03.12-16.15.11:161][178]LogWindows: Error: UE4Editor-PropNavigationGame-2680.dll!APlayerShip::SendSocketsToFireComponents() [\\stuhome\homedrive5$\1503395\github\gameplay-mechanics\propnavigationgame\source\propnavigationgame\playership.cpp:145]
[2018.03.12-16.15.11:161][178]LogWindows: Error: UE4Editor-PropNavigationGame-2680.dll!APlayerShip::BeginPlay() [\\stuhome\homedrive5$\1503395\github\gameplay-mechanics\propnavigationgame\source\propnavigationgame\playership.cpp:160]
[2018.03.12-16.15.11:161][178]LogWindows: Error: UE4Editor-Engine.dll!0x00000000A0EFABAB
[2018.03.12-16.15.11:161][178]LogWindows: Error: UE4Editor-Engine.dll!0x00000000A20BA421
[2018.03.12-16.15.11:161][178]LogWindows: Error: UE4Editor-Engine.dll!0x00000000A1634761
[2018.03.12-16.15.11:161][178]LogWindows: Error: UE4Editor-Engine.dll!0x00000000A20A5BCE
[2018.03.12-16.15.11:161][178]LogWindows: Error: UE4Editor-Engine.dll!0x00000000A1657AC6
[2018.03.12-16.15.11:161][178]LogWindows: Error: UE4Editor-UnrealEd.dll!0x000000009FE8A39C
[2018.03.12-16.15.11:161][178]LogWindows: Error: UE4Editor-UnrealEd.dll!0x000000009FEB4CFE
[2018.03.12-16.15.11:161][178]LogWindows: Error: UE4Editor-UnrealEd.dll!0x000000009FED0864
[2018.03.12-16.15.11:161][178]LogWindows: Error: UE4Editor-UnrealEd.dll!0x000000009F93BAA8
[2018.03.12-16.15.11:161][178]LogWindows: Error: UE4Editor-UnrealEd.dll!0x00000000A01CB0E6
[2018.03.12-16.15.11:161][178]LogWindows: Error: UE4Editor.exe!0x0000000072EF534A
[2018.03.12-16.15.11:161][178]LogWindows: Error: UE4Editor.exe!0x0000000072F03970
[2018.03.12-16.15.11:161][178]LogWindows: Error: UE4Editor.exe!0x0000000072F039EA
[2018.03.12-16.15.11:161][178]LogWindows: Error: UE4Editor.exe!0x0000000072F102D9
[2018.03.12-16.15.11:161][178]LogWindows: Error: UE4Editor.exe!0x0000000072F11C47
[2018.03.12-16.15.11:161][178]LogWindows: Error: KERNEL32.DLL!0x00000000D2041FE4
[2018.03.12-16.15.11:161][178]LogWindows: Error: ntdll.dll!0x00000000D217EF91
[2018.03.12-16.15.11:161][178]LogWindows: Error: ntdll.dll!0x00000000D217EF91
[2018.03.12-16.15.11:161][178]LogWindows: Error: 
[2018.03.12-16.15.11:173][178]LogExit: Executing StaticShutdownAfterError
[2018.03.12-16.15.11:176][178]LogWindows: FPlatformMisc::RequestExit(1)
[2018.03.12-16.15.11:176][178]Log file closed, 03/12/18 16:15:11
