Log file open, 03/13/18 14:27:57
LogWindows: LoadLibraryWithSearchPaths failed for file aqProf.dll. GetLastError=0
LogWindows: LoadLibraryWithSearchPaths failed for file VSPerf140.dll. GetLastError=0
LogWindows: LoadLibraryWithSearchPaths failed for file VtuneApi.dll. GetLastError=0
LogWindows: LoadLibraryWithSearchPaths failed for file VtuneApi32e.dll. GetLastError=0
LogInit: Display: Running engine for game: PropNavigationGame
LogPlatformFile: Not using cached read wrapper
LogInit: Display: RandInit(-28994350) SRandInit(-28994350).
LogTaskGraph: Started task graph with 5 named threads and 14 total threads with 3 sets of task threads.
LogStats: Stats thread started at 0.183393
LogD3D11RHI: Aftermath initialized
LogPluginManager: Mounting plugin Paper2D
LogPluginManager: Mounting plugin LightPropagationVolume
LogPluginManager: Mounting plugin CodeLiteSourceCodeAccess
LogPluginManager: Mounting plugin GitSourceControl
LogPluginManager: Mounting plugin KDevelopSourceCodeAccess
LogPluginManager: Mounting plugin NullSourceCodeAccess
LogPluginManager: Mounting plugin PerforceSourceControl
LogPluginManager: Mounting plugin SubversionSourceControl
LogPluginManager: Mounting plugin UObjectPlugin
LogPluginManager: Mounting plugin VisualStudioSourceCodeAccess
LogPluginManager: Mounting plugin XCodeSourceCodeAccess
LogPluginManager: Mounting plugin AssetManagerEditor
LogPluginManager: Mounting plugin AudioCapture
LogPluginManager: Mounting plugin FacialAnimation
LogPluginManager: Mounting plugin GameplayTagsEditor
LogPluginManager: Mounting plugin MobileLauncherProfileWizard
LogPluginManager: Mounting plugin PluginBrowser
LogPluginManager: Mounting plugin SpeedTreeImporter
LogPluginManager: Mounting plugin AlembicImporter
LogPluginManager: Mounting plugin CharacterAI
LogPluginManager: Mounting plugin HTML5Networking
LogPluginManager: Mounting plugin AndroidMedia
LogPluginManager: Mounting plugin AvfMedia
LogPluginManager: Mounting plugin MediaPlayerEditor
LogPluginManager: Mounting plugin WmfMedia
LogPluginManager: Mounting plugin TcpMessaging
LogPluginManager: Mounting plugin UdpMessaging
LogPluginManager: Mounting plugin LevelSequenceEditor
LogPluginManager: Mounting plugin MatineeToLevelSequence
LogPluginManager: Mounting plugin OnlineSubsystemGooglePlay
LogPluginManager: Mounting plugin OnlineSubsystemIOS
LogPluginManager: Mounting plugin OnlineSubsystem
LogPluginManager: Mounting plugin OnlineSubsystemNull
LogPluginManager: Mounting plugin OnlineSubsystemUtils
LogPluginManager: Mounting plugin AndroidDeviceProfileSelector
LogPluginManager: Mounting plugin AndroidMoviePlayer
LogPluginManager: Mounting plugin AndroidPermission
LogPluginManager: Mounting plugin AppleMoviePlayer
LogPluginManager: Mounting plugin ArchVisCharacter
LogPluginManager: Mounting plugin CableComponent
LogPluginManager: Mounting plugin CustomMeshComponent
LogPluginManager: Mounting plugin ExampleDeviceProfileSelector
LogPluginManager: Mounting plugin GoogleCloudMessaging
LogPluginManager: Mounting plugin ImmediatePhysics
LogPluginManager: Mounting plugin IOSDeviceProfileSelector
LogPluginManager: Mounting plugin LinuxDeviceProfileSelector
LogPluginManager: Mounting plugin LocationServicesBPLibrary
LogPluginManager: Mounting plugin MobilePatchingUtils
LogPluginManager: Mounting plugin OculusVR
LogPluginManager: Mounting plugin PhysXVehicles
LogPluginManager: Mounting plugin ProceduralMeshComponent
LogPluginManager: Mounting plugin RuntimePhysXCooking
LogPluginManager: Mounting plugin SteamVR
LogPluginManager: Mounting plugin WindowsMoviePlayer
LogInit: Using libcurl 7.47.1
LogInit:  - built for x86_64-pc-win32
LogInit:  - supports SSL with OpenSSL/1.0.2g
LogInit:  - supports HTTP deflate (compression) using libz 1.2.8
LogInit:  - other features:
LogInit:      CURL_VERSION_SSL
LogInit:      CURL_VERSION_LIBZ
LogInit:      CURL_VERSION_IPV6
LogInit:      CURL_VERSION_ASYNCHDNS
LogInit:      CURL_VERSION_LARGEFILE
LogInit:      CURL_VERSION_IDN
LogInit:  CurlRequestOptions (configurable via config and command line):
LogInit:  - bVerifyPeer = false  - Libcurl will NOT verify peer certificate
LogInit:  - bUseHttpProxy = false  - Libcurl will NOT use HTTP proxy
LogInit:  - bDontReuseConnections = false  - Libcurl will reuse connections
LogInit:  - CertBundlePath = nullptr  - Libcurl will use whatever was configured at build time.
LogInit: Build: ++UE4+Release-4.17-CL-3573198
LogInit: Engine Version: 4.17.0-3573198+++UE4+Release-4.17
LogInit: Compatible Engine Version: 4.17.0-3573198+++UE4+Release-4.17
LogInit: Net CL: 3573198
LogDevObjectVersion: Number of dev versions registered: 16
LogDevObjectVersion:   Dev-Blueprints (B0D832E4-1F89-4F0D-ACCF-7EB736FD4AA2): 10
LogDevObjectVersion:   Dev-Build (E1C64328-A22C-4D53-A36C-8E866417BD8C): 0
LogDevObjectVersion:   Dev-Core (375EC13C-06E4-48FB-B500-84F0262A717E): 2
LogDevObjectVersion:   Dev-Editor (E4B068ED-F494-42E9-A231-DA0B2E46BB41): 20
LogDevObjectVersion:   Dev-Framework (CFFC743F-43B0-4480-9391-14DF171D2073): 28
LogDevObjectVersion:   Dev-Mobile (B02B49B5-BB20-44E9-A304-32B752E40360): 0
LogDevObjectVersion:   Dev-Networking (A4E4105C-59A1-49B5-A7C5-40C4547EDFEE): 0
LogDevObjectVersion:   Dev-Online (39C831C9-5AE6-47DC-9A44-9C173E1C8E7C): 0
LogDevObjectVersion:   Dev-Physics (78F01B33-EBEA-4F98-B9B4-84EACCB95AA2): 0
LogDevObjectVersion:   Dev-Platform (6631380F-2D4D-43E0-8009-CF276956A95A): 0
LogDevObjectVersion:   Dev-Rendering (12F88B9F-8875-4AFC-A67C-D90C383ABD29): 19
LogDevObjectVersion:   Dev-Sequencer (7B5AE74C-D270-4C10-A958-57980B212A5A): 4
LogDevObjectVersion:   Dev-VR (D7296918-1DD6-4BDD-9DE2-64A83CC13884): 0
LogDevObjectVersion:   Dev-LoadTimes (C2A15278-BFE7-4AFE-6C17-90FF531DF755): 1
LogDevObjectVersion:   Private-Geometry (6EACA3D4-40EC-4CC1-B786-8BED09428FC5): 1
LogDevObjectVersion:   Dev-AnimPhys (29E575DD-E0A3-4627-9D10-D276232CDCEA): 7
LogInit: Compiled (64-bit): Aug  4 2017 16:30:33
LogInit: Compiled with Visual C++: 19.00.24215.01
LogInit: Build Configuration: Development
LogInit: Branch Name: ++UE4+Release-4.17
LogInit: Command line: 
LogInit: Base directory: C:/Program Files (x86)/Epic Games/UE_4.17/Engine/Binaries/Win64/
LogInit: Installed Engine Build: 1
LogInit: Presizing for max 8388607 objects, including 0 objects not considered by GC, pre-allocating 0 bytes for permanent pool.
LogInit: Object subsystem initialized
[2018.03.13-14.27.59:145][  0]LogInit: Selected Device Profile: [Windows]
[2018.03.13-14.27.59:145][  0]LogInit: Applying CVar settings loaded from the selected device profile: [Windows]
[2018.03.13-14.27.59:168][  0]LogInit: Computer: MC11594
[2018.03.13-14.27.59:168][  0]LogInit: User: 1503395
[2018.03.13-14.27.59:168][  0]LogInit: CPU Page size=4096, Cores=4
[2018.03.13-14.27.59:168][  0]LogInit: High frequency timer resolution =3.328120 MHz
[2018.03.13-14.27.59:168][  0]LogMemory: Memory total: Physical=31.9GB (32GB approx)
[2018.03.13-14.27.59:168][  0]LogMemory: Platform Memory Stats for Windows
[2018.03.13-14.27.59:168][  0]LogMemory: Process Physical Memory: 277.40 MB used, 277.40 MB peak
[2018.03.13-14.27.59:168][  0]LogMemory: Process Virtual Memory: 274.13 MB used, 274.13 MB peak
[2018.03.13-14.27.59:168][  0]LogMemory: Physical Memory: 5306.30 MB used,  27401.98 MB free, 32708.29 MB total
[2018.03.13-14.27.59:168][  0]LogMemory: Virtual Memory: 701.63 MB used,  27401.98 MB free, 134217728.00 MB total
[2018.03.13-14.27.59:466][  0]LogInit: Using OS detected language (en-US).
[2018.03.13-14.27.59:466][  0]LogInit: Using OS detected locale (en-GB).
[2018.03.13-14.27.59:470][  0]LogTextLocalizationManager: No specific localization for 'en-US' exists, so the 'en' localization will be used.
[2018.03.13-14.28.00:253][  0]LogD3D11RHI: D3D11 adapters:
[2018.03.13-14.28.00:287][  0]LogD3D11RHI:    0. 'NVIDIA GeForce GTX 1070' (Feature Level 11_0)
[2018.03.13-14.28.00:287][  0]LogD3D11RHI:       8088/0/16354 MB DedicatedVideo/DedicatedSystem/SharedSystem, Outputs:1, VendorId:0x10de
[2018.03.13-14.28.00:289][  0]LogD3D11RHI:    1. 'Microsoft Basic Render Driver' (Feature Level 11_0)
[2018.03.13-14.28.00:289][  0]LogD3D11RHI:       0/0/16354 MB DedicatedVideo/DedicatedSystem/SharedSystem, Outputs:0, VendorId:0x1414
[2018.03.13-14.28.00:289][  0]LogD3D11RHI: Chosen D3D11 Adapter: 0
[2018.03.13-14.28.00:295][  0]LogD3D11RHI: Creating new Direct3DDevice
[2018.03.13-14.28.00:295][  0]LogD3D11RHI:     GPU DeviceId: 0x1b81 (for the marketing name, search the web for "GPU Device Id")
[2018.03.13-14.28.00:295][  0]LogWindows: EnumDisplayDevices:
[2018.03.13-14.28.00:295][  0]LogWindows:    0. 'NVIDIA GeForce GTX 1070' (P:1 D:1)
[2018.03.13-14.28.00:295][  0]LogWindows:    1. 'NVIDIA GeForce GTX 1070' (P:0 D:0)
[2018.03.13-14.28.00:295][  0]LogWindows:    2. 'NVIDIA GeForce GTX 1070' (P:0 D:0)
[2018.03.13-14.28.00:296][  0]LogWindows:    3. 'NVIDIA GeForce GTX 1070' (P:0 D:0)
[2018.03.13-14.28.00:296][  0]LogWindows: DebugString: GetVideoDriverDetailsInvalid PrimaryIsNotTheChoosenAdapter GetVideoDriverDetailsInvalid PrimaryIsNotTheChoosenAdapter GetVideoDriverDetailsInvalid PrimaryIsNotTheChoosenAdapter GetVideoDriverDetailsInvalid PrimaryIsNotTheChoosenAdapter FoundDriverCount:0 
[2018.03.13-14.28.00:296][  0]LogD3D11RHI:     Adapter Name: NVIDIA GeForce GTX 1070
[2018.03.13-14.28.00:296][  0]LogD3D11RHI:   Driver Version: Unknown (internal:Unknown, unified:Unknown)
[2018.03.13-14.28.00:296][  0]LogD3D11RHI:      Driver Date: Unknown
[2018.03.13-14.28.00:296][  0]LogRHI: Texture pool is 1361 MB (70% of 1945 MB)
[2018.03.13-14.28.00:317][  0]LogD3D11RHI: Async texture creation enabled
[2018.03.13-14.28.00:333][  0]LogD3D11RHI: GPU Timing Frequency: 1000.000000 (Debug: 2 2)
[2018.03.13-14.28.00:375][  0]LogShaderCompilers: Guid format shader working directory is -26 characters bigger than the processId version (//StuHome/HomeDrive5$/1503395/GitHub/Gameplay-Mechanics/PropNavigationGame/Intermediate/Shaders/WorkingDirectory/2648/).
[2018.03.13-14.28.00:375][  0]LogShaderCompilers: Cleaned the shader compiler working directory 'C:/Users/1503395/AppData/Local/Temp/UnrealShaderWorkingDir/CC58AA194986BFBBCED4F2B656D46CA0/'.
[2018.03.13-14.28.00:375][  0]LogShaderCompilers: Display: Using Local Shader Compiler.
[2018.03.13-14.28.01:312][  0]LogTemp: Display: Loaded TP AllDesktopTargetPlatform
[2018.03.13-14.28.01:393][  0]LogTemp: Display: Loaded TP MacClientTargetPlatform
[2018.03.13-14.28.01:495][  0]LogTemp: Display: Loaded TP MacNoEditorTargetPlatform
[2018.03.13-14.28.01:605][  0]LogTemp: Display: Loaded TP MacServerTargetPlatform
[2018.03.13-14.28.01:689][  0]LogTemp: Display: Loaded TP MacTargetPlatform
[2018.03.13-14.28.01:777][  0]LogTemp: Display: Loaded TP WindowsClientTargetPlatform
[2018.03.13-14.28.01:871][  0]LogTemp: Display: Loaded TP WindowsNoEditorTargetPlatform
[2018.03.13-14.28.01:974][  0]LogTemp: Display: Loaded TP WindowsServerTargetPlatform
[2018.03.13-14.28.02:077][  0]LogTemp: Display: Loaded TP WindowsTargetPlatform
[2018.03.13-14.28.02:162][  0]LogTemp: Display: Loaded TP AndroidTargetPlatform
[2018.03.13-14.28.02:242][  0]LogTemp: Display: Loaded TP Android_ASTCTargetPlatform
[2018.03.13-14.28.02:321][  0]LogTemp: Display: Loaded TP Android_ATCTargetPlatform
[2018.03.13-14.28.02:404][  0]LogTemp: Display: Loaded TP Android_DXTTargetPlatform
[2018.03.13-14.28.02:486][  0]LogTemp: Display: Loaded TP Android_ETC1TargetPlatform
[2018.03.13-14.28.02:572][  0]LogTemp: Display: Loaded TP Android_ETC2TargetPlatform
[2018.03.13-14.28.02:736][  0]LogTemp: Display: Loaded TP Android_MultiTargetPlatform
[2018.03.13-14.28.02:736][  0]LogTemp: Display: Loaded TP Android_PVRTCTargetPlatform
[2018.03.13-14.28.02:804][  0]LogTemp: Display: Loaded TP HTML5TargetPlatform
[2018.03.13-14.28.02:939][  0]LogTemp: Display: Loaded TP IOSTargetPlatform
[2018.03.13-14.28.02:987][  0]LogTemp: Display: Loaded TP TVOSTargetPlatform
[2018.03.13-14.28.03:067][  0]LogTemp: Display: Loaded TP LinuxClientTargetPlatform
[2018.03.13-14.28.03:144][  0]LogTemp: Display: Loaded TP LinuxNoEditorTargetPlatform
[2018.03.13-14.28.03:223][  0]LogTemp: Display: Loaded TP LinuxServerTargetPlatform
[2018.03.13-14.28.03:299][  0]LogTemp: Display: Loaded TP LinuxTargetPlatform
[2018.03.13-14.28.03:300][  0]LogTargetPlatformManager: Display: Building Assets For Windows
[2018.03.13-14.28.04:178][  0]LogDerivedDataCache: Display: Max Cache Size: 512 MB
[2018.03.13-14.28.04:255][  0]LogDerivedDataCache: Loaded boot cache 0.08s 93MB C:/Users/1503395/AppData/Local/UnrealEngine/4.17/DerivedDataCache/Boot.ddc.
[2018.03.13-14.28.04:255][  0]LogDerivedDataCache: Display: Loaded Boot cache: C:/Users/1503395/AppData/Local/UnrealEngine/4.17/DerivedDataCache/Boot.ddc
[2018.03.13-14.28.04:256][  0]LogDerivedDataCache: FDerivedDataBackendGraph:  Pak pak cache file //StuHome/HomeDrive5$/1503395/GitHub/Gameplay-Mechanics/PropNavigationGame/DerivedDataCache/DDC.ddp not found, will not use a pak cache.
[2018.03.13-14.28.04:256][  0]LogDerivedDataCache: Unable to find inner node Pak for hierarchical cache Hierarchy.
[2018.03.13-14.28.04:257][  0]LogDerivedDataCache: FDerivedDataBackendGraph:  CompressedPak pak cache file //StuHome/HomeDrive5$/1503395/GitHub/Gameplay-Mechanics/PropNavigationGame/DerivedDataCache/Compressed.ddp not found, will not use a pak cache.
[2018.03.13-14.28.04:257][  0]LogDerivedDataCache: Unable to find inner node CompressedPak for hierarchical cache Hierarchy.
[2018.03.13-14.28.04:275][  0]LogDerivedDataCache: Display: Pak cache opened for reading ../../../Engine/DerivedDataCache/Compressed.ddp.
[2018.03.13-14.28.04:287][  0]LogDerivedDataCache: Using Local data cache path C:/Users/1503395/AppData/Local/UnrealEngine/Common/DerivedDataCache: Writable
[2018.03.13-14.28.04:297][  0]LogMaterial: Verifying Global Shaders for PCD3D_SM5
[2018.03.13-14.28.04:297][  0]LogSlate: Using Freetype 2.6.0
[2018.03.13-14.28.04:298][  0]LogSlate: SlateFontCache - WITH_FREETYPE: 1, WITH_HARFBUZZ: 1
[2018.03.13-14.28.04:298][  0]LogSlate: SlateFontCache - WITH_FREETYPE: 1, WITH_HARFBUZZ: 1
[2018.03.13-14.28.04:625][  0]LogAssetRegistry: FAssetRegistry took 0.0257 seconds to start up
[2018.03.13-14.28.04:828][  0]LogInit: Selected Device Profile: [Windows]
[2018.03.13-14.28.04:975][  0]LogContentStreaming: Texture pool size is 0.00 MB
[2018.03.13-14.28.05:400][  0]LogSimplygon: Simplygon DLL not present - disabling.
[2018.03.13-14.28.05:471][  0]LogMeshReduction: Using SimplygonSwarm for distributed automatic mesh merging
[2018.03.13-14.28.05:471][  0]LogMeshReduction: Using QuadricMeshReduction for automatic static mesh reduction
[2018.03.13-14.28.05:471][  0]LogMeshReduction: No automatic skeletal mesh reduction module available
[2018.03.13-14.28.05:471][  0]LogMeshReduction: No automatic mesh merging module available
[2018.03.13-14.28.05:471][  0]LogMeshMerging: No automatic mesh merging module available
[2018.03.13-14.28.05:834][  0]LogNetVersion: PropNavigationGame , NetCL: 3573198, EngineNetVer: 2, GameNetVer: 0 (Checksum: 1685960384)
[2018.03.13-14.28.06:292][  0]LogPackageLocalizationCache: Processed 5 localized package path(s) for 2 prioritized culture(s) in 0.194696 seconds
[2018.03.13-14.28.06:299][  0]LogUObjectArray: 35825 objects as part of root set at end of initial load.
[2018.03.13-14.28.06:299][  0]LogUObjectAllocator: 7529104 out of 0 bytes used by permanent object pool.
[2018.03.13-14.28.06:299][  0]LogUObjectArray: CloseDisregardForGC: 0/0 objects in disregard for GC pool
[2018.03.13-14.28.06:433][  0]LogInit: WinSock: version 1.1 (2.2), MaxSocks=32767, MaxUdp=65467
[2018.03.13-14.28.10:267][  0]LogTcpMessaging: Initializing TcpMessaging bridge
[2018.03.13-14.28.10:322][  0]LogUdpMessaging: Initializing bridge on interface 0.0.0.0:0 to multicast group 230.0.0.1:6666.
[2018.03.13-14.28.10:323][  0]LogDirectoryWatcher: A directory notification failed for '//StuHome/HomeDrive5$/1503395/GitHub/Gameplay-Mechanics/PropNavigationGame/Content/' because it was empty or there was a buffer overflow. Attemping another request...
[2018.03.13-14.28.11:085][  0]LogScriptCore: Error: Script Msg: A null object was passed as a world context object to UEngine::GetWorldFromContextObject().
[2018.03.13-14.28.11:085][  0]LogScriptCore: Error: Script call stack:
	[Empty] (FFrame::GetScriptCallstack() called from native code)
[2018.03.13-14.28.11:236][  0]LogStats: FPlatformStackWalk::StackWalkAndDump -  0.135 s
[2018.03.13-14.28.11:236][  0]LogOutputDevice: Error: === Handled ensure: ===
[2018.03.13-14.28.11:236][  0]LogOutputDevice: Error: 
[2018.03.13-14.28.11:236][  0]LogOutputDevice: Error: Ensure condition failed: AttachmentRules.LocationRule == EAttachmentRule::KeepRelative && AttachmentRules.RotationRule == EAttachmentRule::KeepRelative && AttachmentRules.ScaleRule == EAttachmentRule::KeepRelative [File:D:\Build\++UE4+Release-4.17+Compile\Sync\Engine\Source\Runtime\Engine\Private\Components\SceneComponent.cpp] [Line: 1672]
[2018.03.13-14.28.11:236][  0]LogOutputDevice: Error: AttachToComponent when called from a constructor is only setting up attachment and will always be treated as KeepRelative. Consider calling SetupAttachment directly instead.
[2018.03.13-14.28.11:236][  0]LogOutputDevice: Error: Stack: 
[2018.03.13-14.28.11:236][  0]LogOutputDevice: Error: UE4Editor-Core.dll!0x00000000750035F6
[2018.03.13-14.28.11:236][  0]LogOutputDevice: Error: UE4Editor-Core.dll!0x0000000074D8C2C2
[2018.03.13-14.28.11:236][  0]LogOutputDevice: Error: UE4Editor-Core.dll!0x0000000074DA4736
[2018.03.13-14.28.11:236][  0]LogOutputDevice: Error: UE4Editor-Engine.dll!0x0000000071C92438
[2018.03.13-14.28.11:236][  0]LogOutputDevice: Error: UE4Editor-PropNavigationGame-3849.dll!APlayerShip::APlayerShip() [\\stuhome\homedrive5$\1503395\github\gameplay-mechanics\propnavigationgame\source\propnavigationgame\playership.cpp:33]
[2018.03.13-14.28.11:237][  0]LogOutputDevice: Error: UE4Editor-CoreUObject.dll!0x000000007F11A442
[2018.03.13-14.28.11:237][  0]LogOutputDevice: Error: UE4Editor-CoreUObject.dll!0x000000007F38324B
[2018.03.13-14.28.11:237][  0]LogOutputDevice: Error: UE4Editor-CoreUObject.dll!0x000000007F366C73
[2018.03.13-14.28.11:237][  0]LogOutputDevice: Error: UE4Editor-CoreUObject.dll!0x000000007F11C157
[2018.03.13-14.28.11:237][  0]LogOutputDevice: Error: UE4Editor-Core.dll!0x0000000074C28210
[2018.03.13-14.28.11:237][  0]LogOutputDevice: Error: UE4Editor-Core.dll!0x0000000074E768C0
[2018.03.13-14.28.11:237][  0]LogOutputDevice: Error: UE4Editor-Projects.dll!0x00000000979DE06D
[2018.03.13-14.28.11:237][  0]LogOutputDevice: Error: UE4Editor-Projects.dll!0x00000000979DE37E
[2018.03.13-14.28.11:237][  0]LogOutputDevice: Error: UE4Editor.exe!0x00000000C94664B1
[2018.03.13-14.28.11:237][  0]LogOutputDevice: Error: UE4Editor.exe!0x00000000C946A7BD
[2018.03.13-14.28.11:237][  0]LogOutputDevice: Error: UE4Editor.exe!0x00000000C946379A
[2018.03.13-14.28.11:237][  0]LogOutputDevice: Error: UE4Editor.exe!0x00000000C94639EA
[2018.03.13-14.28.11:237][  0]LogOutputDevice: Error: UE4Editor.exe!0x00000000C94702D9
[2018.03.13-14.28.11:237][  0]LogOutputDevice: Error: UE4Editor.exe!0x00000000C9471C47
[2018.03.13-14.28.11:237][  0]LogOutputDevice: Error: KERNEL32.DLL!0x00000000A6D31FE4
[2018.03.13-14.28.11:237][  0]LogOutputDevice: Error: ntdll.dll!0x00000000A8BFEF91
[2018.03.13-14.28.11:237][  0]LogOutputDevice: Error: 
[2018.03.13-14.28.11:241][  0]LogStats:                SubmitErrorReport -  0.000 s
[2018.03.13-14.28.12:092][  0]LogStats:                    SendNewReport -  0.850 s
[2018.03.13-14.28.12:092][  0]LogStats:             FDebug::EnsureFailed -  0.990 s
[2018.03.13-14.28.12:461][  0]LogMaterial: Uniform references updated for custom material expression Custom.
[2018.03.13-14.28.13:122][  0]SourceControl: Source control is disabled
[2018.03.13-14.28.13:122][  0]SourceControl: Source control is disabled
[2018.03.13-14.28.13:264][  0]SourceControl: Source control is disabled
[2018.03.13-14.28.13:353][  0]SourceControl: Source control is disabled
[2018.03.13-14.28.14:390][  0]LogAndroidPermission: UAndroidPermissionCallbackProxy::GetInstance
[2018.03.13-14.28.14:762][  0]LogOcInput: OculusInput pre-init called
[2018.03.13-14.28.15:160][  0]LogEngine: Initializing Engine...
[2018.03.13-14.28.15:162][  0]LogHMD: Failed to initialize OpenVR with code 110
[2018.03.13-14.28.15:378][  0]LogStats: UGameplayTagsManager::ConstructGameplayTagTree: Construct from data asset -  0.000 s
[2018.03.13-14.28.15:378][  0]LogStats: UGameplayTagsManager::ConstructGameplayTagTree: GameplayTagTreeChangedEvent.Broadcast -  0.000 s
[2018.03.13-14.28.15:625][  0]LogAIModule: Creating AISystem for world Untitled
[2018.03.13-14.28.15:631][  0]LogInit: XAudio2 using 'Realtek Digital Output (Realtek High Definition Audio)' : 2 channels at 48 kHz using 16 bits per sample (channel mask 0x3)
[2018.03.13-14.28.15:681][  0]LogInit: FAudioDevice initialized.
[2018.03.13-14.28.15:763][  0]LogDerivedDataCache: Saved boot cache 0.08s 93MB C:/Users/1503395/AppData/Local/UnrealEngine/4.17/DerivedDataCache/Boot.ddc.
[2018.03.13-14.28.15:771][  0]LogInit: Texture streaming: Enabled
[2018.03.13-14.28.15:978][  0]LogEngineSessionManager: EngineSessionManager initialized
[2018.03.13-14.28.15:978][  0]LogEngineSessionManager: EngineSessionManager sent abnormal shutdown report. Type=Crashed, SessionId={68066317-4162-785C-709F-67BA6BA6AE04}
[2018.03.13-14.28.16:347][  0]LogInit: Transaction tracking system initialized
[2018.03.13-14.28.16:888][  0]BlueprintLog: New page: Editor Load
[2018.03.13-14.28.18:485][  0]LocalizationService: Localization service is disabled
[2018.03.13-14.28.19:622][  0]LogConsoleResponse: Display: 
[2018.03.13-14.28.19:833][  0]LogCook: Display: Max memory allowance for cook 16384mb min free memory 0mb
[2018.03.13-14.28.19:833][  0]LogCook: Display: Mobile HDR setting 1
[2018.03.13-14.28.19:833][  0]LogGameplayTags: Display: UGameplayTagsManager::DoneAddingNativeTags. DelegateIsBound: 0
[2018.03.13-14.28.21:460][  0]LogFileCache: Scanning file cache for directory '//StuHome/HomeDrive5$/1503395/GitHub/Gameplay-Mechanics/PropNavigationGame/Content/' took 0.04s
[2018.03.13-14.28.21:537][  0]SourceControl: Source control is disabled
[2018.03.13-14.28.21:537][  0]Cmd: MAP LOAD FILE="//StuHome/HomeDrive5$/1503395/GitHub/Gameplay-Mechanics/PropNavigationGame/Content/StarterContent/Maps/Minimal_Default.umap" TEMPLATE=0 SHOWPROGRESS=1 FEATURELEVEL=3
[2018.03.13-14.28.21:543][  0]LightingResults: New page: Lighting Build
[2018.03.13-14.28.21:628][  0]MapCheck: New page: Map Check
[2018.03.13-14.28.21:628][  0]LightingResults: New page: Lighting Build
[2018.03.13-14.28.21:746][  0]LogLinker: Warning: Can't find file '/Game/StarterContent/Maps/Minimal_Default_BuiltData'
[2018.03.13-14.28.21:747][  0]LogLinker: Warning: Can't find file for asset '/Game/StarterContent/Maps/Minimal_Default_BuiltData' while loading //StuHome/HomeDrive5$/1503395/GitHub/Gameplay-Mechanics/PropNavigationGame/Content/StarterContent/Maps/Minimal_Default.umap.
[2018.03.13-14.28.21:747][  0]LoadErrors: Error: /Game/StarterContent/Maps/Minimal_Default : Can't find file for asset. /Game/StarterContent/Maps/Minimal_Default_BuiltData
[2018.03.13-14.28.21:960][  0]LogLinker: Warning: Can't find file '/Game/StarterContent/Maps/Minimal_Default_BuiltData'
[2018.03.13-14.28.21:960][  0]LogLinker: Warning: Can't find file for asset '/Game/StarterContent/Maps/Minimal_Default_BuiltData' while loading //StuHome/HomeDrive5$/1503395/GitHub/Gameplay-Mechanics/PropNavigationGame/Content/StarterContent/Maps/Minimal_Default.umap.
[2018.03.13-14.28.21:960][  0]LoadErrors: Error: /Game/StarterContent/Maps/Minimal_Default : Can't find file for asset. /Game/StarterContent/Maps/Minimal_Default_BuiltData
[2018.03.13-14.28.22:049][  0]LogLinker: Warning: Can't find file '/Game/StarterContent/Maps/Minimal_Default_BuiltData'
[2018.03.13-14.28.22:050][  0]LogLinker: Warning: Can't find file for asset '/Game/StarterContent/Maps/Minimal_Default_BuiltData' while loading NULL.
[2018.03.13-14.28.22:050][  0]LogLinker: Warning: Can't find file '/Game/StarterContent/Maps/Minimal_Default_BuiltData'
[2018.03.13-14.28.22:050][  0]LogLinker: Warning: Can't find file for asset '/Game/StarterContent/Maps/Minimal_Default_BuiltData' while loading NULL.
[2018.03.13-14.28.22:066][  0]LogLinker: Warning: Can't find file '/Game/StarterContent/Maps/Minimal_Default_BuiltData'
[2018.03.13-14.28.22:066][  0]LoadErrors: Failed to load /Game/StarterContent/Maps/Minimal_Default_BuiltData.Minimal_Default_BuiltData Referenced by PersistentLevel
[2018.03.13-14.28.22:067][  0]LogLinker: Warning: Can't find file for asset '/Game/StarterContent/Maps/Minimal_Default_BuiltData' while loading NULL.
[2018.03.13-14.28.22:067][  0]LoadErrors: Failed to load /Game/StarterContent/Maps/Minimal_Default_BuiltData.Minimal_Default_BuiltData Referenced by PersistentLevel
[2018.03.13-14.28.22:281][  0]LogAIModule: Creating AISystem for world Minimal_Default
[2018.03.13-14.28.22:288][  0]LogEditorServer: Finished looking for orphan Actors (0.000 secs)
[2018.03.13-14.28.22:298][  0]Cmd: MAP CHECKDEP NOCLEARLOG
[2018.03.13-14.28.22:388][  0]MapCheck: Map check complete: 0 Error(s), 0 Warning(s), took 89.326ms to complete.
[2018.03.13-14.28.22:388][  0]LogFileHelpers: Loading map 'Minimal_Default' took 0.851
[2018.03.13-14.28.22:548][  0]LogCollectionManager: Loaded 0 collections in 0.004289 seconds
[2018.03.13-14.28.22:658][  0]LogFileCache: Scanning file cache for directory '//StuHome/HomeDrive5$/1503395/GitHub/Gameplay-Mechanics/PropNavigationGame/Saved/Collections/' took 0.01s
[2018.03.13-14.28.22:658][  0]LogFileCache: Scanning file cache for directory '//StuHome/HomeDrive5$/1503395/GitHub/Gameplay-Mechanics/PropNavigationGame/Content/Developers/1503395/Collections/' took 0.01s
[2018.03.13-14.28.22:658][  0]LogFileCache: Scanning file cache for directory '//StuHome/HomeDrive5$/1503395/GitHub/Gameplay-Mechanics/PropNavigationGame/Content/Collections/' took 0.01s
[2018.03.13-14.28.22:658][  0]LogCollectionManager: Rebuilt the GUID cache for 0 collections in 0.000000 seconds
[2018.03.13-14.28.22:669][  0]LogContentBrowser: Native class hierarchy populated in 0.0105 seconds. Added 2396 classes and 502 folders.
[2018.03.13-14.28.22:778][  0]LogContentBrowser: Native class hierarchy updated for 'WidgetCarousel' in 0.0029 seconds. Added 0 classes and 0 folders.
[2018.03.13-14.28.22:823][  0]LogContentBrowser: Native class hierarchy updated for 'AddContentDialog' in 0.0025 seconds. Added 0 classes and 0 folders.
[2018.03.13-14.28.22:893][  0]LogContentBrowser: Native class hierarchy updated for 'SceneOutliner' in 0.0031 seconds. Added 1 classes and 2 folders.
[2018.03.13-14.28.22:911][  0]LogSlate: Took 0.000193 seconds to synchronously load lazily loaded font '../../../Engine/Content/Slate/Fonts/Roboto-Regular.ttf' (155K)
[2018.03.13-14.28.22:913][  0]LogSlate: Took 0.000241 seconds to synchronously load lazily loaded font '../../../Engine/Content/Slate/Fonts/Roboto-Bold.ttf' (160K)
[2018.03.13-14.28.22:919][  0]LogSlate: Took 0.000264 seconds to synchronously load lazily loaded font '../../../Engine/Content/Editor/Slate/Fonts/FontAwesome.ttf' (139K)
[2018.03.13-14.28.22:919][  0]LogSlate: Took 0.000172 seconds to synchronously load lazily loaded font '../../../Engine/Content/Editor/Slate/Fonts/DroidSansMono.ttf' (77K)
[2018.03.13-14.28.23:022][  0]LogRenderer: Reallocating scene render targets to support 1208x576 Format 10 NumSamples 1 (Frame:1).
[2018.03.13-14.28.23:256][  0]LogContentBrowser: Native class hierarchy updated for 'HierarchicalLODOutliner' in 0.0025 seconds. Added 1 classes and 2 folders.
[2018.03.13-14.28.23:256][  0]LogLoad: (Engine Initialization) Total time: 27.34 seconds
[2018.03.13-14.28.23:256][  0]LogLoad: (Engine Initialization) Total Blueprint compile time: 0.00 seconds
[2018.03.13-14.28.23:257][  0]LogExternalProfiler: No external profilers were discovered.  External profiling features will not be available.
[2018.03.13-14.28.23:615][  0]LogDirectoryWatcher: A directory notification failed for '//StuHome/HomeDrive5$/1503395/GitHub/Gameplay-Mechanics/PropNavigationGame/Content/' because it was empty or there was a buffer overflow. Attemping another request...
[2018.03.13-14.28.23:617][  0]LogDirectoryWatcher: A directory notification failed for '//StuHome/HomeDrive5$/1503395/GitHub/Gameplay-Mechanics/PropNavigationGame/Content/', and we were unable to create a new request.
[2018.03.13-14.28.23:617][  0]LogDirectoryWatcher: A directory notification failed for '//StuHome/HomeDrive5$/1503395/GitHub/Gameplay-Mechanics/PropNavigationGame/Binaries/Win64' because it was empty or there was a buffer overflow. Attemping another request...
[2018.03.13-14.28.23:618][  0]LogDirectoryWatcher: A directory notification failed for '//StuHome/HomeDrive5$/1503395/GitHub/Gameplay-Mechanics/PropNavigationGame/Saved/Collections/' because it was empty or there was a buffer overflow. Attemping another request...
[2018.03.13-14.28.23:619][  0]LogDirectoryWatcher: A directory notification failed for '//StuHome/HomeDrive5$/1503395/GitHub/Gameplay-Mechanics/PropNavigationGame/Content/Developers/1503395/Collections/' because it was empty or there was a buffer overflow. Attemping another request...
[2018.03.13-14.28.23:621][  0]LogDirectoryWatcher: A directory notification failed for '//StuHome/HomeDrive5$/1503395/GitHub/Gameplay-Mechanics/PropNavigationGame/Content/Collections/' because it was empty or there was a buffer overflow. Attemping another request...
[2018.03.13-14.28.23:622][  0]LogDirectoryWatcher: A directory notification failed for '//StuHome/HomeDrive5$/1503395/GitHub/Gameplay-Mechanics/PropNavigationGame/Binaries/Win64' because it was empty or there was a buffer overflow. Attemping another request...
[2018.03.13-14.28.23:623][  0]LogDirectoryWatcher: A directory notification failed for '//StuHome/HomeDrive5$/1503395/GitHub/Gameplay-Mechanics/PropNavigationGame/Binaries/Win64', and we were unable to create a new request.
[2018.03.13-14.28.23:624][  0]LogDirectoryWatcher: A directory notification failed for '//StuHome/HomeDrive5$/1503395/GitHub/Gameplay-Mechanics/PropNavigationGame/Saved/Collections/' because it was empty or there was a buffer overflow. Attemping another request...
[2018.03.13-14.28.23:626][  0]LogDirectoryWatcher: A directory notification failed for '//StuHome/HomeDrive5$/1503395/GitHub/Gameplay-Mechanics/PropNavigationGame/Saved/Collections/', and we were unable to create a new request.
[2018.03.13-14.28.23:627][  0]LogDirectoryWatcher: A directory notification failed for '//StuHome/HomeDrive5$/1503395/GitHub/Gameplay-Mechanics/PropNavigationGame/Content/Developers/1503395/Collections/' because it was empty or there was a buffer overflow. Attemping another request...
[2018.03.13-14.28.23:628][  0]LogDirectoryWatcher: A directory notification failed for '//StuHome/HomeDrive5$/1503395/GitHub/Gameplay-Mechanics/PropNavigationGame/Content/Developers/1503395/Collections/', and we were unable to create a new request.
[2018.03.13-14.28.23:629][  0]LogDirectoryWatcher: A directory notification failed for '//StuHome/HomeDrive5$/1503395/GitHub/Gameplay-Mechanics/PropNavigationGame/Content/Collections/' because it was empty or there was a buffer overflow. Attemping another request...
[2018.03.13-14.28.23:630][  0]LogDirectoryWatcher: A directory notification failed for '//StuHome/HomeDrive5$/1503395/GitHub/Gameplay-Mechanics/PropNavigationGame/Content/Collections/', and we were unable to create a new request.
[2018.03.13-14.28.23:635][  0]LogContentStreaming: Texture pool size now 1000 MB
[2018.03.13-14.28.23:941][  1]LogAssetRegistry: Asset discovery search completed in 19.3385 seconds
[2018.03.13-14.28.23:944][  1]LogCollectionManager: Rebuilt the object cache for 0 collections in 0.000001 seconds (found 0 objects)
[2018.03.13-14.28.23:944][  1]LogCollectionManager: Fixed up redirectors for 0 collections in 0.000214 seconds (updated 0 objects)
[2018.03.13-14.28.58:047][262]LogSlate: Took 0.000286 seconds to synchronously load lazily loaded font '../../../Engine/Content/Slate/Fonts/Roboto-Light.ttf' (159K)
[2018.03.13-14.29.05:619][125]LogSlate: Took 0.000186 seconds to synchronously load lazily loaded font '../../../Engine/Content/Slate/Fonts/Roboto-Light.ttf' (159K)
[2018.03.13-14.29.05:973][125]LogAIModule: Creating AISystem for world StarTrekMap
[2018.03.13-14.29.06:018][125]Cmd: MAP LOAD FILE="//StuHome/HomeDrive5$/1503395/GitHub/Gameplay-Mechanics/PropNavigationGame/Content/StarTrekMap.umap" TEMPLATE=0 SHOWPROGRESS=1 FEATURELEVEL=3
[2018.03.13-14.29.06:018][125]LightingResults: New page: Lighting Build
[2018.03.13-14.29.06:018][125]LoadErrors: New page: Loading map: StarTrekMap.umap
[2018.03.13-14.29.06:021][125]MapCheck: New page: Map Check
[2018.03.13-14.29.06:021][125]LightingResults: New page: Lighting Build
[2018.03.13-14.29.06:034][125]LogEditorServer: Finished looking for orphan Actors (0.000 secs)
[2018.03.13-14.29.06:064][125]Cmd: MAP CHECKDEP NOCLEARLOG
[2018.03.13-14.29.06:163][125]MapCheck: Map check complete: 0 Error(s), 0 Warning(s), took 98.883ms to complete.
[2018.03.13-14.29.06:164][125]LogFileHelpers: Loading map 'StarTrekMap' took 0.146
[2018.03.13-14.33.39:748][657]Candidate modules for hot reload:
[2018.03.13-14.33.39:749][657]  PropNavigationGame
[2018.03.13-14.33.39:756][657]Launching UnrealBuildTool... [C:/Program Files (x86)/Epic Games/UE_4.17/Engine/Binaries/DotNET/UnrealBuildTool.exe PropNavigationGame -ModuleWithSuffix PropNavigationGame 5591 Win64 Development -editorrecompile -canskiplink "//StuHome/HomeDrive5$/1503395/GitHub/Gameplay-Mechanics/PropNavigationGame/PropNavigationGame.uproject" ]
[2018.03.13-14.33.39:757][657]Warning: Starting HotReload took  0.0s.
[2018.03.13-14.33.59:510][  7]CompilerResultsLog: New page: Compilation - 13 Mar 2018 14:33:59
[2018.03.13-14.33.59:511][  7]CompilerResultsLog: Compiling game modules for hot reload
[2018.03.13-14.33.59:511][  7]CompilerResultsLog: Parsing headers for PropNavigationGameEditor
[2018.03.13-14.33.59:511][  7]CompilerResultsLog:   Running UnrealHeaderTool "\\StuHome\HomeDrive5$\1503395\GitHub\Gameplay-Mechanics\PropNavigationGame\PropNavigationGame.uproject" "\\StuHome\HomeDrive5$\1503395\GitHub\Gameplay-Mechanics\PropNavigationGame\Intermediate\Build\Win64\PropNavigationGameEditor\Development\PropNavigationGameEditor.uhtmanifest" -LogCmds="loginit warning, logexit warning, logdatabase error" -Unattended -WarningsAsErrors -installed
[2018.03.13-14.33.59:511][  7]CompilerResultsLog: Reflection code generated for PropNavigationGameEditor in 8.8540659 seconds
[2018.03.13-14.33.59:511][  7]CompilerResultsLog: Performing 3 actions (4 in parallel)
[2018.03.13-14.33.59:511][  7]CompilerResultsLog: PlayerShip.cpp
[2018.03.13-14.33.59:511][  7]CompilerResultsLog: [2/3] Link UE4Editor-PropNavigationGame-5591.dll
[2018.03.13-14.33.59:512][  7]CompilerResultsLog: [3/3] Link UE4Editor-PropNavigationGame-5591.lib
[2018.03.13-14.33.59:512][  7]CompilerResultsLog:    Creating library \\StuHome\HomeDrive5$\1503395\GitHub\Gameplay-Mechanics\PropNavigationGame\Intermediate\Build\Win64\UE4Editor\Development\UE4Editor-PropNavigationGame-5591.lib and object \\StuHome\HomeDrive5$\1503395\GitHub\Gameplay-Mechanics\PropNavigationGame\Intermediate\Build\Win64\UE4Editor\Development\UE4Editor-PropNavigationGame-5591.exp
[2018.03.13-14.33.59:512][  7]CompilerResultsLog:    Creating library \\StuHome\HomeDrive5$\1503395\GitHub\Gameplay-Mechanics\PropNavigationGame\Intermediate\Build\Win64\UE4Editor\Development\UE4Editor-PropNavigationGame-5591.suppressed.lib and object \\StuHome\HomeDrive5$\1503395\GitHub\Gameplay-Mechanics\PropNavigationGame\Intermediate\Build\Win64\UE4Editor\Development\UE4Editor-PropNavigationGame-5591.suppressed.exp
[2018.03.13-14.33.59:512][  7]CompilerResultsLog: Total build time: 19.55 seconds (Local executor: 3.37 seconds)
[2018.03.13-14.33.59:513][  7]LogMainFrame: MainFrame: Module compiling took 19.770 seconds
[2018.03.13-14.33.59:698][  7]LogScriptCore: Error: Script Msg: A null object was passed as a world context object to UEngine::GetWorldFromContextObject().
[2018.03.13-14.33.59:698][  7]LogScriptCore: Error: Script call stack:
	[Empty] (FFrame::GetScriptCallstack() called from native code)
[2018.03.13-14.33.59:706][  7]LogHotReload: Re-instancing EnemyShip after hot-reload.
[2018.03.13-14.33.59:779][  7]LogScriptCore: Error: Script Msg: A null object was passed as a world context object to UEngine::GetWorldFromContextObject().
[2018.03.13-14.33.59:779][  7]LogScriptCore: Error: Script call stack:
	[Empty] (FFrame::GetScriptCallstack() called from native code)
[2018.03.13-14.33.59:783][  7]LogContentBrowser: Native class hierarchy updated for 'PropNavigationGame' in 0.0027 seconds. Added 10 classes and 2 folders.
[2018.03.13-14.33.59:785][  7]Display: HotReload successful (5 functions remapped  0 scriptstructs remapped)
[2018.03.13-14.33.59:869][  7]LogContentBrowser: Native class hierarchy populated in 0.0129 seconds. Added 2398 classes and 506 folders.
[2018.03.13-14.33.59:869][  7]Display: HotReload took 20.1s.
[2018.03.13-14.34.00:571][ 91]LogTemp: Repeating last play command: Selected Viewport
[2018.03.13-14.34.00:747][ 91]LogPlayLevel: PlayLevel: No blueprints needed recompiling
[2018.03.13-14.34.00:748][ 91]PIE: New page: PIE session: StarTrekMap (13 Mar 2018 14:34:00)
[2018.03.13-14.34.00:749][ 91]LogPlayLevel: Creating play world package: /Game/UEDPIE_0_StarTrekMap
[2018.03.13-14.34.00:759][ 91]LogPlayLevel: PIE: StaticDuplicateObject took: (0.009522s)
[2018.03.13-14.34.00:763][ 91]LogAIModule: Creating AISystem for world StarTrekMap
[2018.03.13-14.34.00:764][ 91]LogPlayLevel: PIE: World Init took: (0.004412s)
[2018.03.13-14.34.00:764][ 91]LogPlayLevel: PIE: Created PIE world by copying editor world from /Game/StarTrekMap.StarTrekMap to /Game/UEDPIE_0_StarTrekMap.StarTrekMap (0.015592s)
[2018.03.13-14.34.00:795][ 91]LogInit: XAudio2 using 'Realtek Digital Output (Realtek High Definition Audio)' : 2 channels at 48 kHz using 16 bits per sample (channel mask 0x3)
[2018.03.13-14.34.00:862][ 91]LogInit: FAudioDevice initialized.
[2018.03.13-14.34.00:904][ 91]LogLoad: Game class is 'MySpaceGameMode_C'
[2018.03.13-14.34.00:908][ 91]LogWorld: Bringing World /Game/UEDPIE_0_StarTrekMap.StarTrekMap up for play (max tick rate 0) at 2018.03.13-14.34.00
[2018.03.13-14.34.00:910][ 91]LogWorld: Bringing up level for play took: 0.004077
[2018.03.13-14.34.01:018][ 91]LogContentBrowser: Native class hierarchy updated for 'MovieSceneCapture' in 0.0026 seconds. Added 11 classes and 0 folders.
[2018.03.13-14.34.01:018][ 91]LogTemp: Warning: Doesn't Contain: 0.000000.
[2018.03.13-14.34.01:018][ 91]LogTemp: Warning: Doesn't Contain: FiringSocketLeft.
[2018.03.13-14.34.01:161][ 91]LogStats: FPlatformStackWalk::StackWalkAndDump -  0.143 s
[2018.03.13-14.34.01:161][ 91]LogOutputDevice: Error: === Handled ensure: ===
[2018.03.13-14.34.01:162][ 91]LogOutputDevice: Error: 
[2018.03.13-14.34.01:162][ 91]LogOutputDevice: Error: Ensure condition failed: MyOwnerWorld [File:D:\Build\++UE4+Release-4.17+Compile\Sync\Engine\Source\Runtime\Engine\Private\Components\ActorComponent.cpp] [Line: 1022]
[2018.03.13-14.34.01:162][ 91]LogOutputDevice: Error: 
[2018.03.13-14.34.01:162][ 91]LogOutputDevice: Error: Stack: 
[2018.03.13-14.34.01:162][ 91]LogOutputDevice: Error: UE4Editor-Core.dll!0x00000000750035F6
[2018.03.13-14.34.01:162][ 91]LogOutputDevice: Error: UE4Editor-Core.dll!0x0000000074D8C2C2
[2018.03.13-14.34.01:162][ 91]LogOutputDevice: Error: UE4Editor-Core.dll!0x0000000074DA4736
[2018.03.13-14.34.01:162][ 91]LogOutputDevice: Error: UE4Editor-Engine.dll!0x0000000071BF987B
[2018.03.13-14.34.01:162][ 91]LogOutputDevice: Error: UE4Editor-PropNavigationGame-5591.dll!APlayerShip::SendSocketsToFireComponents() [\\stuhome\homedrive5$\1503395\github\gameplay-mechanics\propnavigationgame\source\propnavigationgame\playership.cpp:155]
[2018.03.13-14.34.01:162][ 91]LogOutputDevice: Error: UE4Editor-PropNavigationGame-5591.dll!APlayerShip::BeginPlay() [\\stuhome\homedrive5$\1503395\github\gameplay-mechanics\propnavigationgame\source\propnavigationgame\playership.cpp:173]
[2018.03.13-14.34.01:162][ 91]LogOutputDevice: Error: UE4Editor-Engine.dll!0x00000000717AABAB
[2018.03.13-14.34.01:163][ 91]LogOutputDevice: Error: UE4Editor-Engine.dll!0x000000007296A421
[2018.03.13-14.34.01:163][ 91]LogOutputDevice: Error: UE4Editor-Engine.dll!0x0000000071EE4761
[2018.03.13-14.34.01:163][ 91]LogOutputDevice: Error: UE4Editor-Engine.dll!0x0000000072955BCE
[2018.03.13-14.34.01:163][ 91]LogOutputDevice: Error: UE4Editor-Engine.dll!0x0000000071F07AC6
[2018.03.13-14.34.01:163][ 91]LogOutputDevice: Error: UE4Editor-UnrealEd.dll!0x000000007073A39C
[2018.03.13-14.34.01:163][ 91]LogOutputDevice: Error: UE4Editor-UnrealEd.dll!0x0000000070764CFE
[2018.03.13-14.34.01:163][ 91]LogOutputDevice: Error: UE4Editor-UnrealEd.dll!0x0000000070780864
[2018.03.13-14.34.01:163][ 91]LogOutputDevice: Error: UE4Editor-UnrealEd.dll!0x00000000701EBAA8
[2018.03.13-14.34.01:163][ 91]LogOutputDevice: Error: UE4Editor-UnrealEd.dll!0x0000000070A7B0E6
[2018.03.13-14.34.01:163][ 91]LogOutputDevice: Error: UE4Editor.exe!0x00000000C945534A
[2018.03.13-14.34.01:163][ 91]LogOutputDevice: Error: UE4Editor.exe!0x00000000C9463970
[2018.03.13-14.34.01:163][ 91]LogOutputDevice: Error: UE4Editor.exe!0x00000000C94639EA
[2018.03.13-14.34.01:163][ 91]LogOutputDevice: Error: UE4Editor.exe!0x00000000C94702D9
[2018.03.13-14.34.01:164][ 91]LogOutputDevice: Error: UE4Editor.exe!0x00000000C9471C47
[2018.03.13-14.34.01:164][ 91]LogOutputDevice: Error: KERNEL32.DLL!0x00000000A6D31FE4
[2018.03.13-14.34.01:164][ 91]LogOutputDevice: Error: ntdll.dll!0x00000000A8BFEF91
[2018.03.13-14.34.01:164][ 91]LogOutputDevice: Error: 
[2018.03.13-14.34.01:172][ 91]LogStats:                SubmitErrorReport -  0.000 s
[2018.03.13-14.34.02:581][ 91]LogStats:                    SendNewReport -  1.410 s
[2018.03.13-14.34.02:582][ 91]LogStats:             FDebug::EnsureFailed -  1.564 s
[2018.03.13-14.34.02:582][ 91]LogTemp: Warning: Targeted Actor: Phaser.
[2018.03.13-14.34.02:582][ 91]LogTemp: Warning: Targeted Actor: Phaser2.
[2018.03.13-14.34.02:583][ 91]LogTemp: Warning: Doesn't Contain: EngineLeftSocket.
[2018.03.13-14.34.02:583][ 91]LogTemp: Warning: Doesn't Contain: EngineRightSocket.
[2018.03.13-14.34.02:584][ 91]LogTemp: Warning: Doesn't Contain: ImpTop1.
[2018.03.13-14.34.02:589][ 91]PIE: Play in editor start time for /Game/UEDPIE_0_StarTrekMap 2.578
[2018.03.13-14.34.05:552][437]LogTemp: Warning: Targeted Actor: EnemyShip_1.
[2018.03.13-14.34.05:944][484]LogTemp: Warning: Trace Actor EnemyShip_1.
[2018.03.13-14.34.06:303][527]LogTemp: Warning: Trace Actor EnemyShip_1.
[2018.03.13-14.34.06:570][559]LogTemp: Warning: Trace Actor EnemyShip_1.
[2018.03.13-14.34.06:745][580]LogTemp: Warning: Trace Actor EnemyShip_1.
[2018.03.13-14.34.06:911][600]LogTemp: Warning: Trace Actor EnemyShip_1.
[2018.03.13-14.34.18:999][ 28]LogSlate: Took 0.000367 seconds to synchronously load lazily loaded font '../../../Engine/Content/Editor/Slate/Fonts/Roboto-Italic.ttf' (157K)
[2018.03.13-14.34.44:124][971]LogTemp: Warning: Targeted Actor: EnemyShip_1.
[2018.03.13-14.34.44:438][  8]LogTemp: Warning: Trace Actor EnemyShip_1.
[2018.03.13-14.34.44:847][ 57]LogTemp: Warning: Trace Actor EnemyShip_1.
[2018.03.13-14.34.45:119][ 89]LogTemp: Warning: Trace Actor EnemyShip_1.
[2018.03.13-14.34.45:389][121]LogTemp: Warning: Trace Actor EnemyShip_1.
[2018.03.13-14.34.49:088][557]LogTemp: Warning: Targeted Actor: EnemyShip_1.
[2018.03.13-14.34.49:312][584]LogTemp: Warning: Trace Actor EnemyShip_1.
[2018.03.13-14.34.49:629][622]LogTemp: Warning: Trace Actor EnemyShip_1.
[2018.03.13-14.34.49:929][658]LogTemp: Warning: Trace Actor EnemyShip_1.
[2018.03.13-14.34.51:071][795]LogTemp: Warning: Trace Actor EnemyShip_1.
[2018.03.13-14.34.51:488][845]LogTemp: Warning: Trace Actor EnemyShip_1.
[2018.03.13-14.34.51:913][896]LogTemp: Warning: Trace Actor EnemyShip_1.
[2018.03.13-14.34.52:255][937]LogTemp: Warning: Trace Actor EnemyShip_1.
[2018.03.13-14.34.52:514][968]LogTemp: Warning: Trace Actor EnemyShip_1.
[2018.03.13-14.34.52:922][ 17]LogTemp: Warning: Trace Actor EnemyShip_1.
[2018.03.13-14.34.53:238][ 55]LogTemp: Warning: Trace Actor EnemyShip_1.
[2018.03.13-14.34.53:564][ 94]LogTemp: Warning: Trace Actor EnemyShip_1.
[2018.03.13-14.34.54:772][239]LogTemp: Warning: Trace Actor EnemyShip_1.
[2018.03.13-14.34.55:289][301]LogTemp: Warning: Trace Actor EnemyShip_1.
[2018.03.13-14.34.55:697][350]LogTemp: Warning: Trace Actor EnemyShip_1.
[2018.03.13-14.34.55:922][377]LogTemp: Warning: Trace Actor EnemyShip_1.
[2018.03.13-14.34.56:114][400]LogTemp: Warning: Trace Actor EnemyShip_1.
[2018.03.13-14.34.56:314][424]LogTemp: Warning: Trace Actor EnemyShip_1.
[2018.03.13-14.38.20:430][855]Candidate modules for hot reload:
[2018.03.13-14.38.20:430][855]  PropNavigationGame
[2018.03.13-14.38.20:432][855]Launching UnrealBuildTool... [C:/Program Files (x86)/Epic Games/UE_4.17/Engine/Binaries/DotNET/UnrealBuildTool.exe PropNavigationGame -ModuleWithSuffix PropNavigationGame 5115 Win64 Development -editorrecompile -canskiplink "//StuHome/HomeDrive5$/1503395/GitHub/Gameplay-Mechanics/PropNavigationGame/PropNavigationGame.uproject" ]
[2018.03.13-14.38.20:433][855]Warning: Starting HotReload took  0.0s.
[2018.03.13-14.38.40:693][233]CompilerResultsLog: New page: Compilation - 13 Mar 2018 14:38:40
[2018.03.13-14.38.40:693][233]CompilerResultsLog: Compiling game modules for hot reload
[2018.03.13-14.38.40:693][233]CompilerResultsLog: Parsing headers for PropNavigationGameEditor
[2018.03.13-14.38.40:693][233]CompilerResultsLog:   Running UnrealHeaderTool "\\StuHome\HomeDrive5$\1503395\GitHub\Gameplay-Mechanics\PropNavigationGame\PropNavigationGame.uproject" "\\StuHome\HomeDrive5$\1503395\GitHub\Gameplay-Mechanics\PropNavigationGame\Intermediate\Build\Win64\PropNavigationGameEditor\Development\PropNavigationGameEditor.uhtmanifest" -LogCmds="loginit warning, logexit warning, logdatabase error" -Unattended -WarningsAsErrors -installed
[2018.03.13-14.38.40:694][233]CompilerResultsLog: Reflection code generated for PropNavigationGameEditor in 9.0774966 seconds
[2018.03.13-14.38.40:694][233]CompilerResultsLog: Performing 4 actions (4 in parallel)
[2018.03.13-14.38.40:694][233]CompilerResultsLog: PlayerShip.cpp
[2018.03.13-14.38.40:694][233]CompilerResultsLog: PhaserComponent.cpp
[2018.03.13-14.38.40:694][233]CompilerResultsLog: [3/4] Link UE4Editor-PropNavigationGame-5115.dll
[2018.03.13-14.38.40:694][233]CompilerResultsLog: [4/4] Link UE4Editor-PropNavigationGame-5115.lib
[2018.03.13-14.38.40:694][233]CompilerResultsLog:    Creating library \\StuHome\HomeDrive5$\1503395\GitHub\Gameplay-Mechanics\PropNavigationGame\Intermediate\Build\Win64\UE4Editor\Development\UE4Editor-PropNavigationGame-5115.lib and object \\StuHome\HomeDrive5$\1503395\GitHub\Gameplay-Mechanics\PropNavigationGame\Intermediate\Build\Win64\UE4Editor\Development\UE4Editor-PropNavigationGame-5115.exp
[2018.03.13-14.38.40:695][233]CompilerResultsLog:    Creating library \\StuHome\HomeDrive5$\1503395\GitHub\Gameplay-Mechanics\PropNavigationGame\Intermediate\Build\Win64\UE4Editor\Development\UE4Editor-PropNavigationGame-5115.suppressed.lib and object \\StuHome\HomeDrive5$\1503395\GitHub\Gameplay-Mechanics\PropNavigationGame\Intermediate\Build\Win64\UE4Editor\Development\UE4Editor-PropNavigationGame-5115.suppressed.exp
[2018.03.13-14.38.40:695][233]CompilerResultsLog: Total build time: 20.05 seconds (Local executor: 3.46 seconds)
[2018.03.13-14.38.40:695][233]LogMainFrame: MainFrame: Module compiling took 20.268 seconds
[2018.03.13-14.38.40:909][233]LogScriptCore: Error: Script Msg: A null object was passed as a world context object to UEngine::GetWorldFromContextObject().
[2018.03.13-14.38.40:910][233]LogScriptCore: Error: Script call stack:
	[Empty] (FFrame::GetScriptCallstack() called from native code)
[2018.03.13-14.38.40:917][233]LogHotReload: Re-instancing EnemyShip after hot-reload.
[2018.03.13-14.38.40:987][233]LogScriptCore: Error: Script Msg: A null object was passed as a world context object to UEngine::GetWorldFromContextObject().
[2018.03.13-14.38.40:987][233]LogScriptCore: Error: Script call stack:
	[Empty] (FFrame::GetScriptCallstack() called from native code)
[2018.03.13-14.38.40:991][233]LogContentBrowser: Native class hierarchy updated for 'PropNavigationGame' in 0.0029 seconds. Added 10 classes and 2 folders.
[2018.03.13-14.38.40:993][233]Display: HotReload successful (5 functions remapped  0 scriptstructs remapped)
[2018.03.13-14.38.41:023][233]LogContentBrowser: Native class hierarchy populated in 0.0102 seconds. Added 2398 classes and 506 folders.
[2018.03.13-14.38.41:023][233]Display: HotReload took 20.6s.
[2018.03.13-14.38.43:039][469]LogTemp: Repeating last play command: Selected Viewport
[2018.03.13-14.38.43:053][469]LogPlayLevel: PlayLevel: No blueprints needed recompiling
[2018.03.13-14.38.43:053][469]PIE: New page: PIE session: StarTrekMap (13 Mar 2018 14:38:43)
[2018.03.13-14.38.43:054][469]LogPlayLevel: Creating play world package: /Game/UEDPIE_0_StarTrekMap
[2018.03.13-14.38.43:056][469]LogPlayLevel: PIE: StaticDuplicateObject took: (0.002421s)
[2018.03.13-14.38.43:057][469]LogAIModule: Creating AISystem for world StarTrekMap
[2018.03.13-14.38.43:057][469]LogPlayLevel: PIE: World Init took: (0.001049s)
[2018.03.13-14.38.43:057][469]LogPlayLevel: PIE: Created PIE world by copying editor world from /Game/StarTrekMap.StarTrekMap to /Game/UEDPIE_0_StarTrekMap.StarTrekMap (0.003987s)
[2018.03.13-14.38.43:092][469]LogInit: XAudio2 using 'Realtek Digital Output (Realtek High Definition Audio)' : 2 channels at 48 kHz using 16 bits per sample (channel mask 0x3)
[2018.03.13-14.38.43:131][469]LogInit: FAudioDevice initialized.
[2018.03.13-14.38.43:164][469]LogLoad: Game class is 'MySpaceGameMode_C'
[2018.03.13-14.38.43:166][469]LogWorld: Bringing World /Game/UEDPIE_0_StarTrekMap.StarTrekMap up for play (max tick rate 0) at 2018.03.13-14.38.43
[2018.03.13-14.38.43:166][469]LogWorld: Bringing up level for play took: 0.001722
[2018.03.13-14.38.43:167][469]LogTemp: Warning: Doesn't Contain: 0.000000.
[2018.03.13-14.38.43:167][469]LogTemp: Warning: Doesn't Contain: FiringSocketLeft.
[2018.03.13-14.38.43:167][469]LogTemp: Warning: Targeted Actor: Phaser.
[2018.03.13-14.38.43:167][469]LogTemp: Warning: Targeted Actor: Phaser2.
[2018.03.13-14.38.43:167][469]LogTemp: Warning: Doesn't Contain: EngineLeftSocket.
[2018.03.13-14.38.43:167][469]LogTemp: Warning: Doesn't Contain: EngineRightSocket.
[2018.03.13-14.38.43:168][469]LogTemp: Warning: Doesn't Contain: ImpTop1.
[2018.03.13-14.38.43:168][469]PIE: Play in editor start time for /Game/UEDPIE_0_StarTrekMap -0.836
[2018.03.13-14.38.44:406][615]LogTemp: Warning: Targeted Actor: EnemyShip_1.
[2018.03.13-14.38.44:855][669]LogTemp: Warning: Trace Actor EnemyShip_1.
[2018.03.13-14.38.45:472][743]LogTemp: Warning: Trace Actor EnemyShip_1.
[2018.03.13-14.38.45:847][788]LogTemp: Warning: Trace Actor EnemyShip_1.
[2018.03.13-14.38.46:139][823]LogTemp: Warning: Trace Actor EnemyShip_1.
[2018.03.13-14.38.46:356][849]LogTemp: Warning: Trace Actor EnemyShip_1.
[2018.03.13-14.38.46:697][890]LogTemp: Warning: Trace Actor EnemyShip_1.
[2018.03.13-14.38.46:856][909]LogTemp: Warning: Trace Actor EnemyShip_1.
[2018.03.13-14.38.47:014][928]LogTemp: Warning: Trace Actor EnemyShip_1.
[2018.03.13-14.38.47:172][947]LogTemp: Warning: Trace Actor EnemyShip_1.
[2018.03.13-14.40.08:333][700]Candidate modules for hot reload:
[2018.03.13-14.40.08:333][700]  PropNavigationGame
[2018.03.13-14.40.08:333][700]Launching UnrealBuildTool... [C:/Program Files (x86)/Epic Games/UE_4.17/Engine/Binaries/DotNET/UnrealBuildTool.exe PropNavigationGame -ModuleWithSuffix PropNavigationGame 390 Win64 Development -editorrecompile -canskiplink "//StuHome/HomeDrive5$/1503395/GitHub/Gameplay-Mechanics/PropNavigationGame/PropNavigationGame.uproject" ]
[2018.03.13-14.40.08:335][700]Warning: Starting HotReload took  0.0s.
[2018.03.13-14.40.29:908][196]CompilerResultsLog: New page: Compilation - 13 Mar 2018 14:40:29
[2018.03.13-14.40.29:908][196]CompilerResultsLog: Compiling game modules for hot reload
[2018.03.13-14.40.29:908][196]CompilerResultsLog: Parsing headers for PropNavigationGameEditor
[2018.03.13-14.40.29:908][196]CompilerResultsLog:   Running UnrealHeaderTool "\\StuHome\HomeDrive5$\1503395\GitHub\Gameplay-Mechanics\PropNavigationGame\PropNavigationGame.uproject" "\\StuHome\HomeDrive5$\1503395\GitHub\Gameplay-Mechanics\PropNavigationGame\Intermediate\Build\Win64\PropNavigationGameEditor\Development\PropNavigationGameEditor.uhtmanifest" -LogCmds="loginit warning, logexit warning, logdatabase error" -Unattended -WarningsAsErrors -installed
[2018.03.13-14.40.29:909][196]CompilerResultsLog: Reflection code generated for PropNavigationGameEditor in 9.5921433 seconds
[2018.03.13-14.40.29:909][196]CompilerResultsLog: Performing 6 actions (4 in parallel)
[2018.03.13-14.40.29:909][196]CompilerResultsLog: PlayerShip.gen.cpp
[2018.03.13-14.40.29:909][196]CompilerResultsLog: PhaserComponent.cpp
[2018.03.13-14.40.29:909][196]CompilerResultsLog: PlayerShip.cpp
[2018.03.13-14.40.29:909][196]CompilerResultsLog: PhaserComponent.gen.cpp
[2018.03.13-14.40.29:909][196]CompilerResultsLog: [5/6] Link UE4Editor-PropNavigationGame-390.dll
[2018.03.13-14.40.29:909][196]CompilerResultsLog: [6/6] Link UE4Editor-PropNavigationGame-390.lib
[2018.03.13-14.40.29:910][196]CompilerResultsLog:    Creating library \\StuHome\HomeDrive5$\1503395\GitHub\Gameplay-Mechanics\PropNavigationGame\Intermediate\Build\Win64\UE4Editor\Development\UE4Editor-PropNavigationGame-390.lib and object \\StuHome\HomeDrive5$\1503395\GitHub\Gameplay-Mechanics\PropNavigationGame\Intermediate\Build\Win64\UE4Editor\Development\UE4Editor-PropNavigationGame-390.exp
[2018.03.13-14.40.29:910][196]CompilerResultsLog:    Creating library \\StuHome\HomeDrive5$\1503395\GitHub\Gameplay-Mechanics\PropNavigationGame\Intermediate\Build\Win64\UE4Editor\Development\UE4Editor-PropNavigationGame-390.suppressed.lib and object \\StuHome\HomeDrive5$\1503395\GitHub\Gameplay-Mechanics\PropNavigationGame\Intermediate\Build\Win64\UE4Editor\Development\UE4Editor-PropNavigationGame-390.suppressed.exp
[2018.03.13-14.40.29:910][196]CompilerResultsLog: Total build time: 21.35 seconds (Local executor: 3.78 seconds)
[2018.03.13-14.40.29:910][196]LogMainFrame: MainFrame: Module compiling took 21.580 seconds
[2018.03.13-14.40.30:105][196]LogScriptCore: Error: Script Msg: A null object was passed as a world context object to UEngine::GetWorldFromContextObject().
[2018.03.13-14.40.30:105][196]LogScriptCore: Error: Script call stack:
	[Empty] (FFrame::GetScriptCallstack() called from native code)
[2018.03.13-14.40.30:113][196]LogHotReload: Re-instancing EnemyShip after hot-reload.
[2018.03.13-14.40.30:181][196]LogScriptCore: Error: Script Msg: A null object was passed as a world context object to UEngine::GetWorldFromContextObject().
[2018.03.13-14.40.30:181][196]LogScriptCore: Error: Script call stack:
	[Empty] (FFrame::GetScriptCallstack() called from native code)
[2018.03.13-14.40.30:186][196]LogContentBrowser: Native class hierarchy updated for 'PropNavigationGame' in 0.0028 seconds. Added 10 classes and 2 folders.
[2018.03.13-14.40.30:187][196]Display: HotReload successful (5 functions remapped  0 scriptstructs remapped)
[2018.03.13-14.40.30:225][196]LogContentBrowser: Native class hierarchy populated in 0.0118 seconds. Added 2398 classes and 506 folders.
[2018.03.13-14.40.30:225][196]Display: HotReload took 21.9s.
[2018.03.13-14.40.30:786][253]LogTemp: Repeating last play command: Selected Viewport
[2018.03.13-14.40.30:802][253]LogPlayLevel: PlayLevel: No blueprints needed recompiling
[2018.03.13-14.40.30:802][253]PIE: New page: PIE session: StarTrekMap (13 Mar 2018 14:40:30)
[2018.03.13-14.40.30:803][253]LogPlayLevel: Creating play world package: /Game/UEDPIE_0_StarTrekMap
[2018.03.13-14.40.30:805][253]LogPlayLevel: PIE: StaticDuplicateObject took: (0.002665s)
[2018.03.13-14.40.30:806][253]LogAIModule: Creating AISystem for world StarTrekMap
[2018.03.13-14.40.30:807][253]LogPlayLevel: PIE: World Init took: (0.000972s)
[2018.03.13-14.40.30:807][253]LogPlayLevel: PIE: Created PIE world by copying editor world from /Game/StarTrekMap.StarTrekMap to /Game/UEDPIE_0_StarTrekMap.StarTrekMap (0.004083s)
[2018.03.13-14.40.30:847][253]LogInit: XAudio2 using 'Realtek Digital Output (Realtek High Definition Audio)' : 2 channels at 48 kHz using 16 bits per sample (channel mask 0x3)
[2018.03.13-14.40.30:902][253]LogInit: FAudioDevice initialized.
[2018.03.13-14.40.30:930][253]LogLoad: Game class is 'MySpaceGameMode_C'
[2018.03.13-14.40.30:935][253]LogWorld: Bringing World /Game/UEDPIE_0_StarTrekMap.StarTrekMap up for play (max tick rate 0) at 2018.03.13-14.40.30
[2018.03.13-14.40.30:936][253]LogWorld: Bringing up level for play took: 0.002919
[2018.03.13-14.40.30:937][253]LogTemp: Warning: Doesn't Contain: 0.000000.
[2018.03.13-14.40.30:938][253]LogTemp: Warning: Doesn't Contain: FiringSocketLeft.
[2018.03.13-14.40.30:938][253]LogTemp: Warning: Targeted Actor: Phaser.
[2018.03.13-14.40.30:938][253]LogTemp: Warning: Targeted Actor: Phaser2.
[2018.03.13-14.40.30:938][253]LogTemp: Warning: Doesn't Contain: EngineLeftSocket.
[2018.03.13-14.40.30:938][253]LogTemp: Warning: Doesn't Contain: EngineRightSocket.
[2018.03.13-14.40.30:939][253]LogTemp: Warning: Doesn't Contain: ImpTop1.
[2018.03.13-14.40.30:940][253]PIE: Play in editor start time for /Game/UEDPIE_0_StarTrekMap 0.936
[2018.03.13-14.40.31:954][371]LogTemp: Warning: Targeted Actor: EnemyShip_1.
[2018.03.13-14.40.32:211][402]LogTemp: Warning: Skeleton mesh=: Skeleton Mesh.
[2018.03.13-14.40.32:211][402]LogTemp: Warning: Skeleton mesh=: Skeleton Mesh.
[2018.03.13-14.40.32:211][402]LogTemp: Warning: Trace Actor EnemyShip_1.
[2018.03.13-14.40.33:728][584]LogTemp: Warning: Skeleton mesh=: Skeleton Mesh.
[2018.03.13-14.40.33:728][584]LogTemp: Warning: Skeleton mesh=: Skeleton Mesh.
[2018.03.13-14.40.33:728][584]LogTemp: Warning: Trace Actor EnemyShip_1.
[2018.03.13-14.40.35:295][772]LogTemp: Warning: Skeleton mesh=: Skeleton Mesh.
[2018.03.13-14.40.35:295][772]LogTemp: Warning: Skeleton mesh=: Skeleton Mesh.
[2018.03.13-14.40.35:295][772]LogTemp: Warning: Trace Actor EnemyShip_1.
[2018.03.13-14.40.36:963][972]LogTemp: Warning: Skeleton mesh=: Skeleton Mesh.
[2018.03.13-14.40.36:963][972]LogTemp: Warning: Skeleton mesh=: Skeleton Mesh.
[2018.03.13-14.40.36:963][972]LogTemp: Warning: Trace Actor EnemyShip_1.
[2018.03.13-14.40.38:055][103]LogTemp: Warning: Skeleton mesh=: Skeleton Mesh.
[2018.03.13-14.40.38:055][103]LogTemp: Warning: Skeleton mesh=: Skeleton Mesh.
[2018.03.13-14.40.38:055][103]LogTemp: Warning: Trace Actor EnemyShip_1.
[2018.03.13-14.40.38:679][178]LogTemp: Warning: Skeleton mesh=: Skeleton Mesh.
[2018.03.13-14.40.38:679][178]LogTemp: Warning: Skeleton mesh=: Skeleton Mesh.
[2018.03.13-14.40.38:679][178]LogTemp: Warning: Trace Actor EnemyShip_1.
[2018.03.13-14.40.39:696][300]LogTemp: Warning: Skeleton mesh=: Skeleton Mesh.
[2018.03.13-14.40.39:696][300]LogTemp: Warning: Skeleton mesh=: Skeleton Mesh.
[2018.03.13-14.40.39:696][300]LogTemp: Warning: Trace Actor EnemyShip_1.
[2018.03.13-14.40.43:642][764]LogTemp: Warning: NO ACTOR TARGETED
[2018.03.13-14.40.44:067][815]LogTemp: Warning: NO ACTOR TARGETED
[2018.03.13-14.40.44:534][871]LogTemp: Warning: NO ACTOR TARGETED
[2018.03.13-14.40.45:184][949]LogTemp: Warning: NO ACTOR TARGETED
[2018.03.13-14.40.45:801][ 23]LogTemp: Warning: NO ACTOR TARGETED
[2018.03.13-14.42.31:407][200]Cmd: OBJ SAVEPACKAGE PACKAGE="/Game/StarTrekMap" FILE="//StuHome/HomeDrive5$/1503395/GitHub/Gameplay-Mechanics/PropNavigationGame/Content/StarTrekMap.umap" SILENT=true AUTOSAVING=false KEEPDIRTY=false
[2018.03.13-14.42.31:684][200]LogSavePackage: Save=212.07ms
[2018.03.13-14.42.31:684][200]LogSavePackage: Moving '//StuHome/HomeDrive5$/1503395/GitHub/Gameplay-Mechanics/PropNavigationGame/Saved/StarTrekMapB1570FCD4036FC5FEE2523A3E8061B14.tmp' to '//StuHome/HomeDrive5$/1503395/GitHub/Gameplay-Mechanics/PropNavigationGame/Content/StarTrekMap.umap'
[2018.03.13-14.42.31:695][200]LogSavePackage: Display: Finished SavePackage //StuHome/HomeDrive5$/1503395/GitHub/Gameplay-Mechanics/PropNavigationGame/Content/StarTrekMap.umap
[2018.03.13-14.42.36:319][721]LogWindowsTextInputMethodSystem: Display: IME system now deactivated.
[2018.03.13-14.42.36:536][722]Cmd: QUIT_EDITOR
[2018.03.13-14.42.37:430][722]LogExit: Preparing to exit.
[2018.03.13-14.42.37:836][722]LogExit: Editor shut down
[2018.03.13-14.42.37:844][722]LogExit: Transaction tracking system shut down
[2018.03.13-14.42.38:324][722]LogDirectoryWatcher: A directory notification for '../../../Engine/Content/' was aborted.
[2018.03.13-14.42.38:324][722]LogDirectoryWatcher: A directory notification for '../../../Engine/Plugins/2D/Paper2D/Content/' was aborted.
[2018.03.13-14.42.38:325][722]LogDirectoryWatcher: A directory notification for '../../../Engine/Plugins/Runtime/Oculus/OculusVR/Content/' was aborted.
[2018.03.13-14.42.38:325][722]LogDirectoryWatcher: A directory notification for '../../../Engine/Plugins/Runtime/Steam/SteamVR/Content/' was aborted.
[2018.03.13-14.42.38:422][722]LogExit: Object subsystem successfully closed.
[2018.03.13-14.42.38:441][722]LogD3D11RHI: Shutdown
[2018.03.13-14.42.38:441][722]LogD3D11RHI: CleanupD3DDevice
[2018.03.13-14.42.38:526][722]LogD3D11RHI: ~FD3D11DynamicRHI
[2018.03.13-14.42.38:553][722]LogModuleManager: Shutting down and abandoning module PropNavigationGame (537)
[2018.03.13-14.42.38:553][722]LogModuleManager: Shutting down and abandoning module MovieSceneCapture (535)
[2018.03.13-14.42.38:553][722]LogModuleManager: Shutting down and abandoning module HierarchicalLODOutliner (532)
[2018.03.13-14.42.38:553][722]LogModuleManager: Shutting down and abandoning module SceneOutliner (530)
[2018.03.13-14.42.38:553][722]LogModuleManager: Shutting down and abandoning module AddContentDialog (528)
[2018.03.13-14.42.38:553][722]LogDirectoryWatcher: A directory notification for 'C:/Program Files (x86)/Epic Games/UE_4.17/FeaturePacks/' was aborted.
[2018.03.13-14.42.38:555][722]LogModuleManager: Shutting down and abandoning module WidgetCarousel (527)
[2018.03.13-14.42.38:555][722]LogModuleManager: Shutting down and abandoning module EditorWidgets (524)
[2018.03.13-14.42.38:555][722]LogModuleManager: Shutting down and abandoning module CollectionManager (522)
[2018.03.13-14.42.38:555][722]LogModuleManager: Shutting down and abandoning module StatsViewer (520)
[2018.03.13-14.42.38:555][722]LogModuleManager: Shutting down and abandoning module FoliageEdit (518)
[2018.03.13-14.42.38:555][722]LogModuleManager: Shutting down and abandoning module LandscapeEditor (516)
[2018.03.13-14.42.38:555][722]LogModuleManager: Shutting down and abandoning module MeshPaintMode (514)
[2018.03.13-14.42.38:555][722]LogModuleManager: Shutting down and abandoning module SceneDepthPickerMode (512)
[2018.03.13-14.42.38:555][722]LogModuleManager: Shutting down and abandoning module ActorPickerMode (510)
[2018.03.13-14.42.38:555][722]LogModuleManager: Shutting down and abandoning module GeometryMode (508)
[2018.03.13-14.42.38:555][722]LogModuleManager: Shutting down and abandoning module TextureAlignMode (506)
[2018.03.13-14.42.38:555][722]LogModuleManager: Shutting down and abandoning module BspMode (504)
[2018.03.13-14.42.38:555][722]LogModuleManager: Shutting down and abandoning module PIEPreviewDeviceProfileSelector (502)
[2018.03.13-14.42.38:555][722]LogModuleManager: Shutting down and abandoning module HardwareSurvey (500)
[2018.03.13-14.42.38:555][722]LogModuleManager: Shutting down and abandoning module SequenceRecorderSections (498)
[2018.03.13-14.42.38:555][722]LogModuleManager: Shutting down and abandoning module AutomationWorker (496)
[2018.03.13-14.42.38:555][722]LogModuleManager: Shutting down and abandoning module MatineeToLevelSequence (494)
[2018.03.13-14.42.38:555][722]LogModuleManager: Shutting down and abandoning module LevelSequenceEditor (492)
[2018.03.13-14.42.38:555][722]LogModuleManager: Shutting down and abandoning module PlacementMode (491)
[2018.03.13-14.42.38:555][722]LogModuleManager: Shutting down and abandoning module WmfMediaFactory (488)
[2018.03.13-14.42.38:555][722]LogModuleManager: Shutting down and abandoning module WmfMediaEditor (486)
[2018.03.13-14.42.38:555][722]LogModuleManager: Shutting down and abandoning module AvfMediaFactory (484)
[2018.03.13-14.42.38:556][722]LogModuleManager: Shutting down and abandoning module AvfMediaEditor (482)
[2018.03.13-14.42.38:556][722]LogModuleManager: Shutting down and abandoning module AndroidMediaFactory (480)
[2018.03.13-14.42.38:556][722]LogModuleManager: Shutting down and abandoning module Media (479)
[2018.03.13-14.42.38:556][722]LogModuleManager: Shutting down and abandoning module AndroidMediaEditor (476)
[2018.03.13-14.42.38:556][722]LogModuleManager: Shutting down and abandoning module CharacterAI (474)
[2018.03.13-14.42.38:556][722]LogModuleManager: Shutting down and abandoning module AudioCapture (472)
[2018.03.13-14.42.38:556][722]LogModuleManager: Shutting down and abandoning module SequenceRecorder (471)
[2018.03.13-14.42.38:556][722]LogModuleManager: Shutting down and abandoning module SmartSnapping (468)
[2018.03.13-14.42.38:556][722]LogModuleManager: Shutting down and abandoning module SessionServices (466)
[2018.03.13-14.42.38:556][722]LogModuleManager: Shutting down and abandoning module ViewportSnapping (464)
[2018.03.13-14.42.38:556][722]LogModuleManager: Shutting down and abandoning module ViewportInteraction (462)
[2018.03.13-14.42.38:556][722]LogModuleManager: Shutting down and abandoning module ClothPainter (460)
[2018.03.13-14.42.38:556][722]LogModuleManager: Shutting down and abandoning module LogVisualizer (458)
[2018.03.13-14.42.38:556][722]LogModuleManager: Shutting down and abandoning module IntroTutorials (456)
[2018.03.13-14.42.38:556][722]LogModuleManager: Shutting down and abandoning module GameProjectGeneration (455)
[2018.03.13-14.42.38:556][722]LogModuleManager: Shutting down and abandoning module IOSPlatformEditor (452)
[2018.03.13-14.42.38:556][722]LogModuleManager: Shutting down and abandoning module HTML5PlatformEditor (450)
[2018.03.13-14.42.38:556][722]LogModuleManager: Shutting down and abandoning module AndroidPlatformEditor (448)
[2018.03.13-14.42.38:556][722]LogModuleManager: Shutting down and abandoning module AndroidDeviceDetection (447)
[2018.03.13-14.42.38:687][722]LogModuleManager: Shutting down and abandoning module WindowsPlatformEditor (444)
[2018.03.13-14.42.38:687][722]LogModuleManager: Shutting down and abandoning module IOSRuntimeSettings (442)
[2018.03.13-14.42.38:687][722]LogModuleManager: Shutting down and abandoning module AndroidRuntimeSettings (440)
[2018.03.13-14.42.38:687][722]LogModuleManager: Shutting down and abandoning module InputBindingEditor (438)
[2018.03.13-14.42.38:687][722]LogModuleManager: Shutting down and abandoning module MergeActors (436)
[2018.03.13-14.42.38:687][722]LogModuleManager: Shutting down and abandoning module SizeMap (434)
[2018.03.13-14.42.38:687][722]LogModuleManager: Shutting down and abandoning module TreeMap (432)
[2018.03.13-14.42.38:687][722]LogModuleManager: Shutting down and abandoning module ReferenceViewer (430)
[2018.03.13-14.42.38:687][722]LogModuleManager: Shutting down and abandoning module LocalizationDashboard (428)
[2018.03.13-14.42.38:687][722]LogModuleManager: Shutting down and abandoning module LocalizationService (427)
[2018.03.13-14.42.38:687][722]LogModuleManager: Shutting down and abandoning module HardwareTargeting (424)
[2018.03.13-14.42.38:687][722]LogModuleManager: Shutting down and abandoning module DeviceProfileEditor (422)
[2018.03.13-14.42.38:687][722]LogModuleManager: Shutting down and abandoning module UndoHistory (420)
[2018.03.13-14.42.38:687][722]LogModuleManager: Shutting down and abandoning module XmlParser (418)
[2018.03.13-14.42.38:687][722]LogModuleManager: Shutting down and abandoning module Blutility (416)
[2018.03.13-14.42.38:687][722]LogModuleManager: Shutting down and abandoning module ProjectSettingsViewer (414)
[2018.03.13-14.42.38:688][722]LogModuleManager: Shutting down and abandoning module ProjectTargetPlatformEditor (413)
[2018.03.13-14.42.38:688][722]LogModuleManager: Shutting down and abandoning module EditorSettingsViewer (410)
[2018.03.13-14.42.38:688][722]LogModuleManager: Shutting down and abandoning module SettingsEditor (408)
[2018.03.13-14.42.38:688][722]LogModuleManager: Shutting down and abandoning module ProjectLauncher (406)
[2018.03.13-14.42.38:688][722]LogModuleManager: Shutting down and abandoning module SessionFrontend (404)
[2018.03.13-14.42.38:688][722]LogModuleManager: Shutting down and abandoning module ProfilerClient (402)
[2018.03.13-14.42.38:688][722]LogModuleManager: Shutting down and abandoning module DeviceManager (400)
[2018.03.13-14.42.38:688][722]LogModuleManager: Shutting down and abandoning module TargetDeviceServices (399)
[2018.03.13-14.42.38:739][722]LogModuleManager: Shutting down and abandoning module AutomationController (396)
[2018.03.13-14.42.38:739][722]LogModuleManager: Shutting down and abandoning module AutomationWindow (394)
[2018.03.13-14.42.38:739][722]LogModuleManager: Shutting down and abandoning module Layers (392)
[2018.03.13-14.42.38:739][722]LogModuleManager: Shutting down and abandoning module ComponentVisualizers (390)
[2018.03.13-14.42.38:739][722]LogModuleManager: Shutting down and abandoning module DetailCustomizations (388)
[2018.03.13-14.42.38:739][722]LogModuleManager: Shutting down and abandoning module PackagesDialog (386)
[2018.03.13-14.42.38:739][722]LogModuleManager: Shutting down and abandoning module Persona (384)
[2018.03.13-14.42.38:739][722]LogModuleManager: Shutting down and abandoning module AdvancedPreviewScene (383)
[2018.03.13-14.42.38:739][722]LogModuleManager: Shutting down and abandoning module AnimGraph (381)
[2018.03.13-14.42.38:739][722]LogModuleManager: Shutting down and abandoning module Kismet (378)
[2018.03.13-14.42.38:739][722]LogModuleManager: Shutting down and abandoning module ClassViewer (376)
[2018.03.13-14.42.38:741][722]LogModuleManager: Shutting down and abandoning module Toolbox (374)
[2018.03.13-14.42.38:741][722]LogModuleManager: Shutting down and abandoning module ModuleUI (372)
[2018.03.13-14.42.38:741][722]LogModuleManager: Shutting down and abandoning module MovieSceneTools (370)
[2018.03.13-14.42.38:741][722]LogModuleManager: Shutting down and abandoning module OutputLog (368)
[2018.03.13-14.42.38:741][722]LogModuleManager: Shutting down and abandoning module GammaUI (366)
[2018.03.13-14.42.38:741][722]LogModuleManager: Shutting down and abandoning module Documentation (364)
[2018.03.13-14.42.38:741][722]LogModuleManager: Shutting down and abandoning module MovieSceneTracks (362)
[2018.03.13-14.42.38:741][722]LogModuleManager: Shutting down and abandoning module MovieScene (360)
[2018.03.13-14.42.38:741][722]LogModuleManager: Shutting down and abandoning module Niagara (358)
[2018.03.13-14.42.38:741][722]LogModuleManager: Shutting down and abandoning module NiagaraEditor (357)
[2018.03.13-14.42.38:741][722]LogModuleManager: Shutting down and abandoning module StreamingPauseRendering (354)
[2018.03.13-14.42.38:741][722]LogModuleManager: Shutting down and abandoning module LauncherPlatform (352)
[2018.03.13-14.42.38:741][722]LogModuleManager: Shutting down and abandoning module AnalyticsET (350)
[2018.03.13-14.42.38:741][722]LogModuleManager: Shutting down and abandoning module PortalServices (348)
[2018.03.13-14.42.38:741][722]LogModuleManager: Shutting down and abandoning module PortalRpc (346)
[2018.03.13-14.42.38:741][722]LogModuleManager: Shutting down and abandoning module MessagingRpc (344)
[2018.03.13-14.42.38:741][722]LogModuleManager: Shutting down and abandoning module AIModule (342)
[2018.03.13-14.42.38:741][722]LogModuleManager: Shutting down and abandoning module GameplayDebugger (341)
[2018.03.13-14.42.38:741][722]LogModuleManager: Shutting down and abandoning module AITestSuite (339)
[2018.03.13-14.42.38:741][722]LogModuleManager: Shutting down and abandoning module ProfilerService (336)
[2018.03.13-14.42.38:866][722]LogModuleManager: Shutting down and abandoning module TaskGraph (334)
[2018.03.13-14.42.38:866][722]LogModuleManager: Shutting down and abandoning module SteamVRController (332)
[2018.03.13-14.42.38:866][722]LogModuleManager: Shutting down and abandoning module ProceduralMeshComponentEditor (330)
[2018.03.13-14.42.38:866][722]LogModuleManager: Shutting down and abandoning module ProceduralMeshComponent (328)
[2018.03.13-14.42.38:866][722]LogModuleManager: Shutting down and abandoning module OculusInput (326)
[2018.03.13-14.42.38:866][722]LogModuleManager: Shutting down and abandoning module MobilePatchingUtils (324)
[2018.03.13-14.42.38:866][722]LogModuleManager: Shutting down and abandoning module CustomMeshComponent (322)
[2018.03.13-14.42.38:866][722]LogModuleManager: Shutting down and abandoning module CableComponent (320)
[2018.03.13-14.42.38:866][722]LogModuleManager: Shutting down and abandoning module ArchVisCharacter (318)
[2018.03.13-14.42.38:866][722]LogModuleManager: Shutting down and abandoning module AndroidPermission (316)
[2018.03.13-14.42.38:866][722]LogModuleManager: Shutting down and abandoning module MediaPlayerEditor (312)
[2018.03.13-14.42.38:866][722]LogModuleManager: Shutting down and abandoning module HTML5Networking (310)
[2018.03.13-14.42.38:866][722]LogModuleManager: Shutting down and abandoning module AlembicImporter (308)
[2018.03.13-14.42.38:866][722]LogModuleManager: Shutting down and abandoning module AlembicLibrary (307)
[2018.03.13-14.42.38:866][722]LogModuleManager: Shutting down and abandoning module GeometryCache (306)
[2018.03.13-14.42.38:866][722]LogModuleManager: Shutting down and abandoning module GeometryCacheEd (305)
[2018.03.13-14.42.38:866][722]LogModuleManager: Shutting down and abandoning module SpeedTreeImporter (300)
[2018.03.13-14.42.38:866][722]LogModuleManager: Shutting down and abandoning module PluginBrowser (298)
[2018.03.13-14.42.38:866][722]LogModuleManager: Shutting down and abandoning module MobileLauncherProfileWizard (296)
[2018.03.13-14.42.38:866][722]LogModuleManager: Shutting down and abandoning module VisualStudioSourceCodeAccess (294)
[2018.03.13-14.42.38:867][722]LogModuleManager: Shutting down and abandoning module DesktopPlatform (293)
[2018.03.13-14.42.38:867][722]LogModuleManager: Shutting down and abandoning module UObjectPlugin (290)
[2018.03.13-14.42.38:867][722]LogModuleManager: Shutting down and abandoning module SubversionSourceControl (288)
[2018.03.13-14.42.38:867][722]LogModuleManager: Shutting down and abandoning module PerforceSourceControl (286)
[2018.03.13-14.42.38:867][722]LogModuleManager: Shutting down and abandoning module GitSourceControl (284)
[2018.03.13-14.42.38:867][722]LogModuleManager: Shutting down and abandoning module SourceControl (283)
[2018.03.13-14.42.38:867][722]LogModuleManager: Shutting down and abandoning module LightPropagationVolumeEditor (280)
[2018.03.13-14.42.38:867][722]LogModuleManager: Shutting down and abandoning module PaperTiledImporter (278)
[2018.03.13-14.42.38:867][722]LogModuleManager: Shutting down and abandoning module PaperSpriteSheetImporter (276)
[2018.03.13-14.42.38:867][722]LogModuleManager: Shutting down and abandoning module Paper2DEditor (274)
[2018.03.13-14.42.38:867][722]LogModuleManager: Shutting down and abandoning module MeshPaint (273)
[2018.03.13-14.42.38:867][722]LogModuleManager: Shutting down and abandoning module LevelEditor (271)
[2018.03.13-14.42.38:868][722]LogModuleManager: Shutting down and abandoning module PixelInspectorModule (270)
[2018.03.13-14.42.38:868][722]LogModuleManager: Shutting down and abandoning module MainFrame (268)
[2018.03.13-14.42.38:868][722]LogModuleManager: Shutting down and abandoning module HotReload (267)
[2018.03.13-14.42.38:869][722]LogModuleManager: Shutting down and abandoning module RuntimePhysXCooking (260)
[2018.03.13-14.42.38:869][722]LogModuleManager: Shutting down and abandoning module PhysXVehiclesEditor (258)
[2018.03.13-14.42.38:869][722]LogModuleManager: Shutting down and abandoning module PhysXVehicles (256)
[2018.03.13-14.42.38:869][722]LogModuleManager: Shutting down and abandoning module OculusEditor (254)
[2018.03.13-14.42.38:869][722]LogModuleManager: Shutting down and abandoning module LocationServicesBPLibrary (252)
[2018.03.13-14.42.38:869][722]LogModuleManager: Shutting down and abandoning module ImmediatePhysicsEditor (250)
[2018.03.13-14.42.38:869][722]LogModuleManager: Shutting down and abandoning module ImmediatePhysics (248)
[2018.03.13-14.42.38:869][722]LogModuleManager: Shutting down and abandoning module UdpMessaging (246)
[2018.03.13-14.42.38:970][722]LogModuleManager: Shutting down and abandoning module TcpMessaging (244)
[2018.03.13-14.42.39:070][722]LogModuleManager: Shutting down and abandoning module GameplayTagsEditor (242)
[2018.03.13-14.42.39:070][722]LogModuleManager: Shutting down and abandoning module FacialAnimationEditor (240)
[2018.03.13-14.42.39:070][722]LogModuleManager: Shutting down and abandoning module FacialAnimation (238)
[2018.03.13-14.42.39:070][722]LogModuleManager: Shutting down and abandoning module AssetManagerEditor (236)
[2018.03.13-14.42.39:070][722]LogModuleManager: Shutting down and abandoning module GraphEditor (235)
[2018.03.13-14.42.39:070][722]LogModuleManager: Shutting down and abandoning module ContentBrowser (233)
[2018.03.13-14.42.39:071][722]LogModuleManager: Shutting down and abandoning module LightPropagationVolumeRuntime (230)
[2018.03.13-14.42.39:071][722]LogModuleManager: Shutting down and abandoning module Paper2D (228)
[2018.03.13-14.42.39:071][722]LogModuleManager: Shutting down and abandoning module WindowsMoviePlayer (226)
[2018.03.13-14.42.39:071][722]LogModuleManager: Shutting down and abandoning module WmfMedia (224)
[2018.03.13-14.42.39:072][722]LogModuleManager: Shutting down and abandoning module PacketHandler (222)
[2018.03.13-14.42.39:072][722]LogModuleManager: Shutting down and abandoning module ClothingSystemEditor (220)
[2018.03.13-14.42.39:072][722]LogModuleManager: Shutting down and abandoning module ClothingSystemRuntime (218)
[2018.03.13-14.42.39:072][722]LogModuleManager: Shutting down and abandoning module Overlay (216)
[2018.03.13-14.42.39:072][722]LogModuleManager: Shutting down and abandoning module OverlayEditor (215)
[2018.03.13-14.42.39:072][722]LogModuleManager: Shutting down and abandoning module MediaAssets (212)
[2018.03.13-14.42.39:072][722]LogModuleManager: Shutting down and abandoning module VREditor (210)
[2018.03.13-14.42.39:073][722]LogModuleManager: Shutting down and abandoning module StringTableEditor (208)
[2018.03.13-14.42.39:073][722]LogModuleManager: Shutting down and abandoning module GameplayTasksEditor (206)
[2018.03.13-14.42.39:073][722]LogModuleManager: Shutting down and abandoning module BehaviorTreeEditor (204)
[2018.03.13-14.42.39:073][722]LogModuleManager: Shutting down and abandoning module FunctionalTesting (202)
[2018.03.13-14.42.39:073][722]LogModuleManager: Shutting down and abandoning module CollisionAnalyzer (200)
[2018.03.13-14.42.39:073][722]LogModuleManager: Shutting down and abandoning module WorkspaceMenuStructure (199)
[2018.03.13-14.42.39:073][722]LogModuleManager: Shutting down and abandoning module UMG (196)
[2018.03.13-14.42.39:073][722]LogModuleManager: Shutting down and abandoning module UMGEditor (195)
[2018.03.13-14.42.39:073][722]LogModuleManager: Shutting down and abandoning module Sequencer (194)
[2018.03.13-14.42.39:073][722]LogModuleManager: Shutting down and abandoning module MessageLog (191)
[2018.03.13-14.42.39:073][722]LogModuleManager: Shutting down and abandoning module SlateReflector (186)
[2018.03.13-14.42.39:073][722]LogModuleManager: Shutting down and abandoning module Slate (184)
[2018.03.13-14.42.39:073][722]LogModuleManager: Shutting down and abandoning module EditorStyle (182)
[2018.03.13-14.42.39:075][722]LogModuleManager: Shutting down and abandoning module MRMesh (180)
[2018.03.13-14.42.39:075][722]LogModuleManager: Shutting down and abandoning module SourceCodeAccess (178)
[2018.03.13-14.42.39:075][722]LogModuleManager: Shutting down and abandoning module HeadMountedDisplay (176)
[2018.03.13-14.42.39:075][722]LogModuleManager: Shutting down and abandoning module XAudio2 (174)
[2018.03.13-14.42.39:075][722]LogModuleManager: Shutting down and abandoning module Networking (172)
[2018.03.13-14.42.39:075][722]LogModuleManager: Shutting down and abandoning module Core (168)
[2018.03.13-14.42.39:075][722]LogModuleManager: Shutting down and abandoning module KismetCompiler (164)
[2018.03.13-14.42.39:075][722]LogModuleManager: Shutting down and abandoning module LevelSequence (162)
[2018.03.13-14.42.39:075][722]LogModuleManager: Shutting down and abandoning module MeshUtilities (160)
[2018.03.13-14.42.39:075][722]LogModuleManager: Shutting down and abandoning module MeshMergeUtilities (159)
[2018.03.13-14.42.39:075][722]LogModuleManager: Shutting down and abandoning module MeshReductionInterface (158)
[2018.03.13-14.42.39:075][722]LogModuleManager: Shutting down and abandoning module SimplygonSwarm (157)
[2018.03.13-14.42.39:075][722]LogModuleManager: Shutting down and abandoning module SimplygonMeshReduction (155)
[2018.03.13-14.42.39:075][722]LogModuleManager: Shutting down and abandoning module QuadricMeshReduction (153)
[2018.03.13-14.42.39:076][722]LogModuleManager: Shutting down and abandoning module MaterialBaking (149)
[2018.03.13-14.42.39:076][722]LogModuleManager: Shutting down and abandoning module DirectoryWatcher (146)
[2018.03.13-14.42.39:076][722]LogModuleManager: Shutting down and abandoning module DerivedDataCache (144)
[2018.03.13-14.42.39:119][722]LogDerivedDataCache: Shutdown
[2018.03.13-14.42.39:119][722]LogModuleManager: Shutting down and abandoning module TargetPlatform (142)
[2018.03.13-14.42.39:119][722]LogModuleManager: Shutting down and abandoning module VulkanShaderFormat (141)
[2018.03.13-14.42.39:119][722]LogModuleManager: Shutting down and abandoning module ShaderFormatVectorVM (139)
[2018.03.13-14.42.39:119][722]LogModuleManager: Shutting down and abandoning module ShaderFormatOpenGL (137)
[2018.03.13-14.42.39:119][722]LogModuleManager: Shutting down and abandoning module ShaderFormatD3D (135)
[2018.03.13-14.42.39:119][722]LogModuleManager: Shutting down and abandoning module MetalShaderFormat (133)
[2018.03.13-14.42.39:119][722]LogModuleManager: Shutting down and abandoning module TextureFormatUncompressed (131)
[2018.03.13-14.42.39:119][722]LogModuleManager: Shutting down and abandoning module TextureFormatPVR (129)
[2018.03.13-14.42.39:119][722]LogModuleManager: Shutting down and abandoning module TextureFormatDXT (127)
[2018.03.13-14.42.39:119][722]LogModuleManager: Shutting down and abandoning module TextureFormatIntelISPCTexComp (125)
[2018.03.13-14.42.39:119][722]LogModuleManager: Shutting down and abandoning module TextureFormatASTC (123)
[2018.03.13-14.42.39:119][722]LogModuleManager: Shutting down and abandoning module ImageWrapper (122)
[2018.03.13-14.42.39:119][722]LogModuleManager: Shutting down and abandoning module TextureFormatAndroid (119)
[2018.03.13-14.42.39:119][722]LogModuleManager: Shutting down and abandoning module AudioFormatOpus (117)
[2018.03.13-14.42.39:119][722]LogModuleManager: Shutting down and abandoning module AudioFormatOgg (115)
[2018.03.13-14.42.39:119][722]LogModuleManager: Shutting down and abandoning module AudioFormatADPCM (113)
[2018.03.13-14.42.39:119][722]LogModuleManager: Shutting down and abandoning module LinuxTargetPlatform (111)
[2018.03.13-14.42.39:119][722]LogModuleManager: Shutting down and abandoning module LinuxServerTargetPlatform (109)
[2018.03.13-14.42.39:119][722]LogModuleManager: Shutting down and abandoning module LinuxNoEditorTargetPlatform (107)
[2018.03.13-14.42.39:119][722]LogModuleManager: Shutting down and abandoning module LinuxClientTargetPlatform (105)
[2018.03.13-14.42.39:119][722]LogModuleManager: Shutting down and abandoning module TVOSTargetPlatform (103)
[2018.03.13-14.42.39:119][722]LogModuleManager: Shutting down and abandoning module Messaging (101)
[2018.03.13-14.42.39:119][722]LogModuleManager: Shutting down and abandoning module IOSTargetPlatform (99)
[2018.03.13-14.42.39:119][722]LogModuleManager: Shutting down and abandoning module HTML5TargetPlatform (97)
[2018.03.13-14.42.39:119][722]LogModuleManager: Shutting down and abandoning module Android_PVRTCTargetPlatform (95)
[2018.03.13-14.42.39:119][722]LogModuleManager: Shutting down and abandoning module Android_MultiTargetPlatform (93)
[2018.03.13-14.42.39:119][722]LogModuleManager: Shutting down and abandoning module Android_ETC2TargetPlatform (91)
[2018.03.13-14.42.39:119][722]LogModuleManager: Shutting down and abandoning module Android_ETC1TargetPlatform (89)
[2018.03.13-14.42.39:119][722]LogModuleManager: Shutting down and abandoning module Android_DXTTargetPlatform (87)
[2018.03.13-14.42.39:119][722]LogModuleManager: Shutting down and abandoning module Android_ATCTargetPlatform (85)
[2018.03.13-14.42.39:119][722]LogModuleManager: Shutting down and abandoning module Android_ASTCTargetPlatform (83)
[2018.03.13-14.42.39:119][722]LogModuleManager: Shutting down and abandoning module AndroidTargetPlatform (81)
[2018.03.13-14.42.39:119][722]LogModuleManager: Shutting down and abandoning module WindowsTargetPlatform (79)
[2018.03.13-14.42.39:119][722]LogModuleManager: Shutting down and abandoning module WindowsServerTargetPlatform (77)
[2018.03.13-14.42.39:119][722]LogModuleManager: Shutting down and abandoning module WindowsNoEditorTargetPlatform (75)
[2018.03.13-14.42.39:119][722]LogModuleManager: Shutting down and abandoning module WindowsClientTargetPlatform (73)
[2018.03.13-14.42.39:119][722]LogModuleManager: Shutting down and abandoning module MacTargetPlatform (71)
[2018.03.13-14.42.39:119][722]LogModuleManager: Shutting down and abandoning module MacServerTargetPlatform (69)
[2018.03.13-14.42.39:119][722]LogModuleManager: Shutting down and abandoning module MacNoEditorTargetPlatform (67)
[2018.03.13-14.42.39:119][722]LogModuleManager: Shutting down and abandoning module MacClientTargetPlatform (65)
[2018.03.13-14.42.39:119][722]LogModuleManager: Shutting down and abandoning module AllDesktopTargetPlatform (63)
[2018.03.13-14.42.39:119][722]LogModuleManager: Shutting down and abandoning module InputCore (60)
[2018.03.13-14.42.39:119][722]LogModuleManager: Shutting down and abandoning module Settings (58)
[2018.03.13-14.42.39:119][722]LogModuleManager: Shutting down and abandoning module PhysXCooking (56)
[2018.03.13-14.42.39:119][722]LogModuleManager: Shutting down and abandoning module SteamVR (54)
[2018.03.13-14.42.39:120][722]LogModuleManager: Shutting down and abandoning module OculusHMD (52)
[2018.03.13-14.42.39:120][722]LogModuleManager: Shutting down and abandoning module ExampleDeviceProfileSelector (50)
[2018.03.13-14.42.39:120][722]LogModuleManager: Shutting down and abandoning module OnlineBlueprintSupport (48)
[2018.03.13-14.42.39:120][722]LogModuleManager: Shutting down and abandoning module OnlineSubsystem (44)
[2018.03.13-14.42.39:120][722]LogOnline: Display: Unloading online subsystem: NULL
[2018.03.13-14.42.39:120][722]LogModuleManager: Shutting down and abandoning module XMPP (43)
[2018.03.13-14.42.39:120][722]LogModuleManager: Shutting down and abandoning module HTTP (41)
[2018.03.13-14.42.39:120][722]LogHttp: Display: Http module shutting down, but needs to wait on 1 outstanding Http requests:
[2018.03.13-14.42.39:120][722]LogHttp: Display: 	verb=[POST] url=[https://datarouter.ol.epicgames.com/datarouter/api/v1/public/data?SessionID=%7B004997F4-44D7-7310-52CC-8AB555EE00F4%7D&AppID=UEEditor.Rocket.Release&AppVersion=4.17.0-3573198%2B%2B%2BUE4%2BRelease-4.17&UserID=6eebddb64fa1a0ddae57beb12db38d37%7C%7C1b560120-6a73-4e26-9c43-3a66c01d4c06&AppEnvironment=datacollector-binary&UploadType=eteventstream] status=Processing
[2018.03.13-14.42.39:154][722]LogModuleManager: Shutting down and abandoning module SSL (40)
[2018.03.13-14.42.39:155][722]LogModuleManager: Shutting down and abandoning module AnimationModifiers (36)
[2018.03.13-14.42.39:155][722]LogModuleManager: Shutting down and abandoning module PropertyEditor (35)
[2018.03.13-14.42.39:155][722]LogModuleManager: Shutting down and abandoning module AudioEditor (32)
[2018.03.13-14.42.39:155][722]LogModuleManager: Shutting down and abandoning module TextureCompressor (30)
[2018.03.13-14.42.39:155][722]LogModuleManager: Shutting down and abandoning module ShaderCore (28)
[2018.03.13-14.42.39:155][722]LogModuleManager: Shutting down and abandoning module Landscape (26)
[2018.03.13-14.42.39:155][722]LogModuleManager: Shutting down and abandoning module SlateRHIRenderer (24)
[2018.03.13-14.42.39:157][722]LogModuleManager: Shutting down and abandoning module OpenGLDrv (22)
[2018.03.13-14.42.39:157][722]LogModuleManager: Shutting down and abandoning module D3D11RHI (20)
[2018.03.13-14.42.39:158][722]LogModuleManager: Shutting down and abandoning module AnimGraphRuntime (18)
[2018.03.13-14.42.39:158][722]LogModuleManager: Shutting down and abandoning module Renderer (16)
[2018.03.13-14.42.39:158][722]LogModuleManager: Shutting down and abandoning module Engine (14)
[2018.03.13-14.42.39:158][722]LogModuleManager: Shutting down and abandoning module CoreUObject (12)
[2018.03.13-14.42.39:158][722]LogModuleManager: Shutting down and abandoning module NetworkFile (10)
[2018.03.13-14.42.39:158][722]LogModuleManager: Shutting down and abandoning module CookedIterativeFile (8)
[2018.03.13-14.42.39:158][722]LogModuleManager: Shutting down and abandoning module StreamingFile (6)
[2018.03.13-14.42.39:158][722]LogModuleManager: Shutting down and abandoning module SandboxFile (4)
[2018.03.13-14.42.39:158][722]LogModuleManager: Shutting down and abandoning module PakFile (2)
[2018.03.13-14.42.39:161][722]LogExit: Exiting.
[2018.03.13-14.42.39:174][722]Log file closed, 03/13/18 14:42:39
