Log file open, 03/02/18 17:46:20
LogWindows: LoadLibraryWithSearchPaths failed for file aqProf.dll. GetLastError=0
LogWindows: LoadLibraryWithSearchPaths failed for file VSPerf140.dll. GetLastError=0
LogWindows: LoadLibraryWithSearchPaths failed for file VtuneApi.dll. GetLastError=0
LogWindows: LoadLibraryWithSearchPaths failed for file VtuneApi32e.dll. GetLastError=0
LogInit: Display: Running engine for game: PropNavigationGame
LogPlatformFile: Not using cached read wrapper
LogInit: Display: RandInit(933029965) SRandInit(933029965).
LogTaskGraph: Started task graph with 5 named threads and 14 total threads with 3 sets of task threads.
LogStats: Stats thread started at 0.165164
LogD3D11RHI: Aftermath initialized
LogPluginManager: Mounting plugin Paper2D
LogPluginManager: Mounting plugin LightPropagationVolume
LogPluginManager: Mounting plugin CodeLiteSourceCodeAccess
LogPluginManager: Mounting plugin GitSourceControl
LogPluginManager: Mounting plugin KDevelopSourceCodeAccess
LogPluginManager: Mounting plugin NullSourceCodeAccess
LogPluginManager: Mounting plugin PerforceSourceControl
LogPluginManager: Mounting plugin SubversionSourceControl
LogPluginManager: Mounting plugin UObjectPlugin
LogPluginManager: Mounting plugin VisualStudioSourceCodeAccess
LogPluginManager: Mounting plugin XCodeSourceCodeAccess
LogPluginManager: Mounting plugin AssetManagerEditor
LogPluginManager: Mounting plugin AudioCapture
LogPluginManager: Mounting plugin FacialAnimation
LogPluginManager: Mounting plugin GameplayTagsEditor
LogPluginManager: Mounting plugin MobileLauncherProfileWizard
LogPluginManager: Mounting plugin PluginBrowser
LogPluginManager: Mounting plugin SpeedTreeImporter
LogPluginManager: Mounting plugin AlembicImporter
LogPluginManager: Mounting plugin CharacterAI
LogPluginManager: Mounting plugin HTML5Networking
LogPluginManager: Mounting plugin AndroidMedia
LogPluginManager: Mounting plugin AvfMedia
LogPluginManager: Mounting plugin MediaPlayerEditor
LogPluginManager: Mounting plugin WmfMedia
LogPluginManager: Mounting plugin TcpMessaging
LogPluginManager: Mounting plugin UdpMessaging
LogPluginManager: Mounting plugin LevelSequenceEditor
LogPluginManager: Mounting plugin MatineeToLevelSequence
LogPluginManager: Mounting plugin OnlineSubsystemGooglePlay
LogPluginManager: Mounting plugin OnlineSubsystemIOS
LogPluginManager: Mounting plugin OnlineSubsystem
LogPluginManager: Mounting plugin OnlineSubsystemNull
LogPluginManager: Mounting plugin OnlineSubsystemUtils
LogPluginManager: Mounting plugin AndroidDeviceProfileSelector
LogPluginManager: Mounting plugin AndroidMoviePlayer
LogPluginManager: Mounting plugin AndroidPermission
LogPluginManager: Mounting plugin AppleMoviePlayer
LogPluginManager: Mounting plugin ArchVisCharacter
LogPluginManager: Mounting plugin CableComponent
LogPluginManager: Mounting plugin CustomMeshComponent
LogPluginManager: Mounting plugin ExampleDeviceProfileSelector
LogPluginManager: Mounting plugin GoogleCloudMessaging
LogPluginManager: Mounting plugin ImmediatePhysics
LogPluginManager: Mounting plugin IOSDeviceProfileSelector
LogPluginManager: Mounting plugin LinuxDeviceProfileSelector
LogPluginManager: Mounting plugin LocationServicesBPLibrary
LogPluginManager: Mounting plugin MobilePatchingUtils
LogPluginManager: Mounting plugin OculusVR
LogPluginManager: Mounting plugin PhysXVehicles
LogPluginManager: Mounting plugin ProceduralMeshComponent
LogPluginManager: Mounting plugin RuntimePhysXCooking
LogPluginManager: Mounting plugin SteamVR
LogPluginManager: Mounting plugin WindowsMoviePlayer
LogInit: Using libcurl 7.47.1
LogInit:  - built for x86_64-pc-win32
LogInit:  - supports SSL with OpenSSL/1.0.2g
LogInit:  - supports HTTP deflate (compression) using libz 1.2.8
LogInit:  - other features:
LogInit:      CURL_VERSION_SSL
LogInit:      CURL_VERSION_LIBZ
LogInit:      CURL_VERSION_IPV6
LogInit:      CURL_VERSION_ASYNCHDNS
LogInit:      CURL_VERSION_LARGEFILE
LogInit:      CURL_VERSION_IDN
LogInit:  CurlRequestOptions (configurable via config and command line):
LogInit:  - bVerifyPeer = false  - Libcurl will NOT verify peer certificate
LogInit:  - bUseHttpProxy = false  - Libcurl will NOT use HTTP proxy
LogInit:  - bDontReuseConnections = false  - Libcurl will reuse connections
LogInit:  - CertBundlePath = nullptr  - Libcurl will use whatever was configured at build time.
LogInit: Build: ++UE4+Release-4.17-CL-3573198
LogInit: Engine Version: 4.17.0-3573198+++UE4+Release-4.17
LogInit: Compatible Engine Version: 4.17.0-3573198+++UE4+Release-4.17
LogInit: Net CL: 3573198
LogDevObjectVersion: Number of dev versions registered: 16
LogDevObjectVersion:   Dev-Blueprints (B0D832E4-1F89-4F0D-ACCF-7EB736FD4AA2): 10
LogDevObjectVersion:   Dev-Build (E1C64328-A22C-4D53-A36C-8E866417BD8C): 0
LogDevObjectVersion:   Dev-Core (375EC13C-06E4-48FB-B500-84F0262A717E): 2
LogDevObjectVersion:   Dev-Editor (E4B068ED-F494-42E9-A231-DA0B2E46BB41): 20
LogDevObjectVersion:   Dev-Framework (CFFC743F-43B0-4480-9391-14DF171D2073): 28
LogDevObjectVersion:   Dev-Mobile (B02B49B5-BB20-44E9-A304-32B752E40360): 0
LogDevObjectVersion:   Dev-Networking (A4E4105C-59A1-49B5-A7C5-40C4547EDFEE): 0
LogDevObjectVersion:   Dev-Online (39C831C9-5AE6-47DC-9A44-9C173E1C8E7C): 0
LogDevObjectVersion:   Dev-Physics (78F01B33-EBEA-4F98-B9B4-84EACCB95AA2): 0
LogDevObjectVersion:   Dev-Platform (6631380F-2D4D-43E0-8009-CF276956A95A): 0
LogDevObjectVersion:   Dev-Rendering (12F88B9F-8875-4AFC-A67C-D90C383ABD29): 19
LogDevObjectVersion:   Dev-Sequencer (7B5AE74C-D270-4C10-A958-57980B212A5A): 4
LogDevObjectVersion:   Dev-VR (D7296918-1DD6-4BDD-9DE2-64A83CC13884): 0
LogDevObjectVersion:   Dev-LoadTimes (C2A15278-BFE7-4AFE-6C17-90FF531DF755): 1
LogDevObjectVersion:   Private-Geometry (6EACA3D4-40EC-4CC1-B786-8BED09428FC5): 1
LogDevObjectVersion:   Dev-AnimPhys (29E575DD-E0A3-4627-9D10-D276232CDCEA): 7
LogInit: Compiled (64-bit): Aug  4 2017 16:30:33
LogInit: Compiled with Visual C++: 19.00.24215.01
LogInit: Build Configuration: Development
LogInit: Branch Name: ++UE4+Release-4.17
LogInit: Command line: 
LogInit: Base directory: C:/Program Files (x86)/Epic Games/UE_4.17/Engine/Binaries/Win64/
LogInit: Installed Engine Build: 1
LogInit: Presizing for max 8388607 objects, including 0 objects not considered by GC, pre-allocating 0 bytes for permanent pool.
LogInit: Object subsystem initialized
[2018.03.02-17.46.22:566][  0]LogInit: Selected Device Profile: [Windows]
[2018.03.02-17.46.22:566][  0]LogInit: Applying CVar settings loaded from the selected device profile: [Windows]
[2018.03.02-17.46.22:586][  0]LogInit: Computer: MC11610
[2018.03.02-17.46.22:586][  0]LogInit: User: 1503395
[2018.03.02-17.46.22:586][  0]LogInit: CPU Page size=4096, Cores=4
[2018.03.02-17.46.22:586][  0]LogInit: High frequency timer resolution =3.328126 MHz
[2018.03.02-17.46.22:586][  0]LogMemory: Memory total: Physical=31.9GB (32GB approx)
[2018.03.02-17.46.22:586][  0]LogMemory: Platform Memory Stats for Windows
[2018.03.02-17.46.22:586][  0]LogMemory: Process Physical Memory: 279.64 MB used, 279.64 MB peak
[2018.03.02-17.46.22:586][  0]LogMemory: Process Virtual Memory: 282.17 MB used, 282.17 MB peak
[2018.03.02-17.46.22:586][  0]LogMemory: Physical Memory: 6269.13 MB used,  26439.23 MB free, 32708.36 MB total
[2018.03.02-17.46.22:586][  0]LogMemory: Virtual Memory: 709.63 MB used,  26439.23 MB free, 134217728.00 MB total
[2018.03.02-17.46.22:863][  0]LogInit: Using OS detected language (en-US).
[2018.03.02-17.46.22:863][  0]LogInit: Using OS detected locale (en-GB).
[2018.03.02-17.46.22:867][  0]LogTextLocalizationManager: No specific localization for 'en-US' exists, so the 'en' localization will be used.
[2018.03.02-17.46.23:566][  0]LogD3D11RHI: D3D11 adapters:
[2018.03.02-17.46.23:610][  0]LogD3D11RHI:    0. 'NVIDIA GeForce GTX 1070' (Feature Level 11_0)
[2018.03.02-17.46.23:610][  0]LogD3D11RHI:       8088/0/16354 MB DedicatedVideo/DedicatedSystem/SharedSystem, Outputs:1, VendorId:0x10de
[2018.03.02-17.46.23:612][  0]LogD3D11RHI:    1. 'Microsoft Basic Render Driver' (Feature Level 11_0)
[2018.03.02-17.46.23:612][  0]LogD3D11RHI:       0/0/16354 MB DedicatedVideo/DedicatedSystem/SharedSystem, Outputs:0, VendorId:0x1414
[2018.03.02-17.46.23:612][  0]LogD3D11RHI: Chosen D3D11 Adapter: 0
[2018.03.02-17.46.23:617][  0]LogD3D11RHI: Creating new Direct3DDevice
[2018.03.02-17.46.23:617][  0]LogD3D11RHI:     GPU DeviceId: 0x1b81 (for the marketing name, search the web for "GPU Device Id")
[2018.03.02-17.46.23:617][  0]LogWindows: EnumDisplayDevices:
[2018.03.02-17.46.23:617][  0]LogWindows:    0. 'NVIDIA GeForce GTX 1070' (P:1 D:1)
[2018.03.02-17.46.23:617][  0]LogWindows:    1. 'NVIDIA GeForce GTX 1070' (P:0 D:0)
[2018.03.02-17.46.23:617][  0]LogWindows:    2. 'NVIDIA GeForce GTX 1070' (P:0 D:0)
[2018.03.02-17.46.23:617][  0]LogWindows:    3. 'NVIDIA GeForce GTX 1070' (P:0 D:0)
[2018.03.02-17.46.23:617][  0]LogWindows: DebugString: GetVideoDriverDetailsInvalid PrimaryIsNotTheChoosenAdapter GetVideoDriverDetailsInvalid PrimaryIsNotTheChoosenAdapter GetVideoDriverDetailsInvalid PrimaryIsNotTheChoosenAdapter GetVideoDriverDetailsInvalid PrimaryIsNotTheChoosenAdapter FoundDriverCount:0 
[2018.03.02-17.46.23:617][  0]LogD3D11RHI:     Adapter Name: NVIDIA GeForce GTX 1070
[2018.03.02-17.46.23:617][  0]LogD3D11RHI:   Driver Version: Unknown (internal:Unknown, unified:Unknown)
[2018.03.02-17.46.23:617][  0]LogD3D11RHI:      Driver Date: Unknown
[2018.03.02-17.46.23:617][  0]LogRHI: Texture pool is 1361 MB (70% of 1945 MB)
[2018.03.02-17.46.23:638][  0]LogD3D11RHI: Async texture creation enabled
[2018.03.02-17.46.23:653][  0]LogD3D11RHI: GPU Timing Frequency: 1000.000000 (Debug: 2 2)
[2018.03.02-17.46.23:696][  0]LogShaderCompilers: Guid format shader working directory is 0 characters bigger than the processId version (M:/GitHub/Gameplay-Mechanics/PropNavigationGame/Intermediate/Shaders/WorkingDirectory/17584/).
[2018.03.02-17.46.23:697][  0]LogShaderCompilers: Cleaned the shader compiler working directory 'C:/Users/1503395/AppData/Local/Temp/UnrealShaderWorkingDir/2597B9BA4AF9647D147A8EA629DF88D9/'.
[2018.03.02-17.46.23:697][  0]LogShaderCompilers: Display: Using Local Shader Compiler.
[2018.03.02-17.46.24:648][  0]LogTemp: Display: Loaded TP AllDesktopTargetPlatform
[2018.03.02-17.46.24:727][  0]LogTemp: Display: Loaded TP MacClientTargetPlatform
[2018.03.02-17.46.24:808][  0]LogTemp: Display: Loaded TP MacNoEditorTargetPlatform
[2018.03.02-17.46.24:887][  0]LogTemp: Display: Loaded TP MacServerTargetPlatform
[2018.03.02-17.46.24:965][  0]LogTemp: Display: Loaded TP MacTargetPlatform
[2018.03.02-17.46.25:046][  0]LogTemp: Display: Loaded TP WindowsClientTargetPlatform
[2018.03.02-17.46.25:125][  0]LogTemp: Display: Loaded TP WindowsNoEditorTargetPlatform
[2018.03.02-17.46.25:203][  0]LogTemp: Display: Loaded TP WindowsServerTargetPlatform
[2018.03.02-17.46.25:274][  0]LogTemp: Display: Loaded TP WindowsTargetPlatform
[2018.03.02-17.46.25:355][  0]LogTemp: Display: Loaded TP AndroidTargetPlatform
[2018.03.02-17.46.25:441][  0]LogTemp: Display: Loaded TP Android_ASTCTargetPlatform
[2018.03.02-17.46.25:542][  0]LogTemp: Display: Loaded TP Android_ATCTargetPlatform
[2018.03.02-17.46.25:637][  0]LogTemp: Display: Loaded TP Android_DXTTargetPlatform
[2018.03.02-17.46.25:725][  0]LogTemp: Display: Loaded TP Android_ETC1TargetPlatform
[2018.03.02-17.46.25:804][  0]LogTemp: Display: Loaded TP Android_ETC2TargetPlatform
[2018.03.02-17.46.25:958][  0]LogTemp: Display: Loaded TP Android_MultiTargetPlatform
[2018.03.02-17.46.25:958][  0]LogTemp: Display: Loaded TP Android_PVRTCTargetPlatform
[2018.03.02-17.46.26:024][  0]LogTemp: Display: Loaded TP HTML5TargetPlatform
[2018.03.02-17.46.26:167][  0]LogTemp: Display: Loaded TP IOSTargetPlatform
[2018.03.02-17.46.26:214][  0]LogTemp: Display: Loaded TP TVOSTargetPlatform
[2018.03.02-17.46.26:292][  0]LogTemp: Display: Loaded TP LinuxClientTargetPlatform
[2018.03.02-17.46.26:374][  0]LogTemp: Display: Loaded TP LinuxNoEditorTargetPlatform
[2018.03.02-17.46.26:455][  0]LogTemp: Display: Loaded TP LinuxServerTargetPlatform
[2018.03.02-17.46.26:532][  0]LogTemp: Display: Loaded TP LinuxTargetPlatform
[2018.03.02-17.46.26:532][  0]LogTargetPlatformManager: Display: Building Assets For Windows
[2018.03.02-17.46.27:398][  0]LogDerivedDataCache: Display: Max Cache Size: 512 MB
[2018.03.02-17.46.27:460][  0]LogDerivedDataCache: Loaded boot cache 0.06s 93MB C:/Users/1503395/AppData/Local/UnrealEngine/4.17/DerivedDataCache/Boot.ddc.
[2018.03.02-17.46.27:460][  0]LogDerivedDataCache: Display: Loaded Boot cache: C:/Users/1503395/AppData/Local/UnrealEngine/4.17/DerivedDataCache/Boot.ddc
[2018.03.02-17.46.27:461][  0]LogDerivedDataCache: FDerivedDataBackendGraph:  Pak pak cache file M:/GitHub/Gameplay-Mechanics/PropNavigationGame/DerivedDataCache/DDC.ddp not found, will not use a pak cache.
[2018.03.02-17.46.27:461][  0]LogDerivedDataCache: Unable to find inner node Pak for hierarchical cache Hierarchy.
[2018.03.02-17.46.27:462][  0]LogDerivedDataCache: FDerivedDataBackendGraph:  CompressedPak pak cache file M:/GitHub/Gameplay-Mechanics/PropNavigationGame/DerivedDataCache/Compressed.ddp not found, will not use a pak cache.
[2018.03.02-17.46.27:462][  0]LogDerivedDataCache: Unable to find inner node CompressedPak for hierarchical cache Hierarchy.
[2018.03.02-17.46.27:475][  0]LogDerivedDataCache: Display: Pak cache opened for reading ../../../Engine/DerivedDataCache/Compressed.ddp.
[2018.03.02-17.46.27:487][  0]LogDerivedDataCache: Using Local data cache path C:/Users/1503395/AppData/Local/UnrealEngine/Common/DerivedDataCache: Writable
[2018.03.02-17.46.27:506][  0]LogMaterial: Verifying Global Shaders for PCD3D_SM5
[2018.03.02-17.46.27:507][  0]LogSlate: Using Freetype 2.6.0
[2018.03.02-17.46.27:508][  0]LogSlate: SlateFontCache - WITH_FREETYPE: 1, WITH_HARFBUZZ: 1
[2018.03.02-17.46.27:508][  0]LogSlate: SlateFontCache - WITH_FREETYPE: 1, WITH_HARFBUZZ: 1
[2018.03.02-17.46.27:864][  0]LogAssetRegistry: FAssetRegistry took 0.0264 seconds to start up
[2018.03.02-17.46.28:067][  0]LogInit: Selected Device Profile: [Windows]
[2018.03.02-17.46.28:584][  0]LogSimplygon: Simplygon DLL not present - disabling.
[2018.03.02-17.46.28:649][  0]LogMeshReduction: Using SimplygonSwarm for distributed automatic mesh merging
[2018.03.02-17.46.28:649][  0]LogMeshReduction: Using QuadricMeshReduction for automatic static mesh reduction
[2018.03.02-17.46.28:649][  0]LogMeshReduction: No automatic skeletal mesh reduction module available
[2018.03.02-17.46.28:649][  0]LogMeshReduction: No automatic mesh merging module available
[2018.03.02-17.46.28:649][  0]LogMeshMerging: No automatic mesh merging module available
[2018.03.02-17.46.28:650][  0]LogContentStreaming: Texture pool size is 0.00 MB
[2018.03.02-17.46.29:063][  0]LogNetVersion: PropNavigationGame , NetCL: 3573198, EngineNetVer: 2, GameNetVer: 0 (Checksum: 1685960384)
[2018.03.02-17.46.29:470][  0]LogPackageLocalizationCache: Processed 5 localized package path(s) for 2 prioritized culture(s) in 0.207097 seconds
[2018.03.02-17.46.29:475][  0]LogUObjectArray: 35825 objects as part of root set at end of initial load.
[2018.03.02-17.46.29:475][  0]LogUObjectAllocator: 7529104 out of 0 bytes used by permanent object pool.
[2018.03.02-17.46.29:475][  0]LogUObjectArray: CloseDisregardForGC: 0/0 objects in disregard for GC pool
[2018.03.02-17.46.29:596][  0]LogInit: WinSock: version 1.1 (2.2), MaxSocks=32767, MaxUdp=65467
[2018.03.02-17.46.33:151][  0]LogTcpMessaging: Initializing TcpMessaging bridge
[2018.03.02-17.46.33:206][  0]LogUdpMessaging: Initializing bridge on interface 0.0.0.0:0 to multicast group 230.0.0.1:6666.
[2018.03.02-17.46.33:207][  0]LogDirectoryWatcher: A directory notification failed for 'M:/GitHub/Gameplay-Mechanics/PropNavigationGame/Content/' because it was empty or there was a buffer overflow. Attemping another request...
[2018.03.02-17.46.34:128][  0]LogStats: FPlatformStackWalk::StackWalkAndDump -  0.172 s
[2018.03.02-17.46.34:128][  0]LogOutputDevice: Error: === Handled ensure: ===
[2018.03.02-17.46.34:128][  0]LogOutputDevice: Error: 
[2018.03.02-17.46.34:128][  0]LogOutputDevice: Error: Ensure condition failed: AttachmentRules.LocationRule == EAttachmentRule::KeepRelative && AttachmentRules.RotationRule == EAttachmentRule::KeepRelative && AttachmentRules.ScaleRule == EAttachmentRule::KeepRelative [File:D:\Build\++UE4+Release-4.17+Compile\Sync\Engine\Source\Runtime\Engine\Private\Components\SceneComponent.cpp] [Line: 1672]
[2018.03.02-17.46.34:128][  0]LogOutputDevice: Error: AttachToComponent when called from a constructor is only setting up attachment and will always be treated as KeepRelative. Consider calling SetupAttachment directly instead.
[2018.03.02-17.46.34:129][  0]LogOutputDevice: Error: Stack: 
[2018.03.02-17.46.34:129][  0]LogOutputDevice: Error: UE4Editor-Core.dll!0x00000000655C35F6
[2018.03.02-17.46.34:129][  0]LogOutputDevice: Error: UE4Editor-Core.dll!0x000000006534C2C2
[2018.03.02-17.46.34:129][  0]LogOutputDevice: Error: UE4Editor-Core.dll!0x0000000065364736
[2018.03.02-17.46.34:129][  0]LogOutputDevice: Error: UE4Editor-Engine.dll!0x0000000066D22438
[2018.03.02-17.46.34:129][  0]LogOutputDevice: Error: UE4Editor-PropNavigationGame-4010.dll!APlayerShip::APlayerShip() [m:\github\gameplay-mechanics\propnavigationgame\source\propnavigationgame\playership.cpp:23]
[2018.03.02-17.46.34:129][  0]LogOutputDevice: Error: UE4Editor-CoreUObject.dll!0x000000006E33A442
[2018.03.02-17.46.34:129][  0]LogOutputDevice: Error: UE4Editor-CoreUObject.dll!0x000000006E5A324B
[2018.03.02-17.46.34:129][  0]LogOutputDevice: Error: UE4Editor-CoreUObject.dll!0x000000006E586C73
[2018.03.02-17.46.34:129][  0]LogOutputDevice: Error: UE4Editor-CoreUObject.dll!0x000000006E33C157
[2018.03.02-17.46.34:129][  0]LogOutputDevice: Error: UE4Editor-Core.dll!0x00000000651E8210
[2018.03.02-17.46.34:129][  0]LogOutputDevice: Error: UE4Editor-Core.dll!0x00000000654368C0
[2018.03.02-17.46.34:129][  0]LogOutputDevice: Error: UE4Editor-Projects.dll!0x000000007C5AE06D
[2018.03.02-17.46.34:129][  0]LogOutputDevice: Error: UE4Editor-Projects.dll!0x000000007C5AE37E
[2018.03.02-17.46.34:129][  0]LogOutputDevice: Error: UE4Editor.exe!0x00000000B05164B1
[2018.03.02-17.46.34:129][  0]LogOutputDevice: Error: UE4Editor.exe!0x00000000B051A7BD
[2018.03.02-17.46.34:129][  0]LogOutputDevice: Error: UE4Editor.exe!0x00000000B051379A
[2018.03.02-17.46.34:129][  0]LogOutputDevice: Error: UE4Editor.exe!0x00000000B05139EA
[2018.03.02-17.46.34:129][  0]LogOutputDevice: Error: UE4Editor.exe!0x00000000B05202D9
[2018.03.02-17.46.34:129][  0]LogOutputDevice: Error: UE4Editor.exe!0x00000000B0521C47
[2018.03.02-17.46.34:129][  0]LogOutputDevice: Error: KERNEL32.DLL!0x0000000096631FE4
[2018.03.02-17.46.34:129][  0]LogOutputDevice: Error: ntdll.dll!0x0000000097BAEF91
[2018.03.02-17.46.34:129][  0]LogOutputDevice: Error: 
[2018.03.02-17.46.34:133][  0]LogStats:                SubmitErrorReport -  0.000 s
[2018.03.02-17.46.34:997][  0]LogStats:                    SendNewReport -  0.863 s
[2018.03.02-17.46.34:997][  0]LogStats:             FDebug::EnsureFailed -  1.040 s
[2018.03.02-17.46.35:404][  0]LogMaterial: Uniform references updated for custom material expression Custom.
[2018.03.02-17.46.36:109][  0]SourceControl: Source control is disabled
[2018.03.02-17.46.36:109][  0]SourceControl: Source control is disabled
[2018.03.02-17.46.36:251][  0]SourceControl: Source control is disabled
[2018.03.02-17.46.36:336][  0]SourceControl: Source control is disabled
[2018.03.02-17.46.37:326][  0]LogAndroidPermission: UAndroidPermissionCallbackProxy::GetInstance
[2018.03.02-17.46.37:705][  0]LogOcInput: OculusInput pre-init called
[2018.03.02-17.46.38:136][  0]LogEngine: Initializing Engine...
[2018.03.02-17.46.38:138][  0]LogHMD: Failed to initialize OpenVR with code 110
[2018.03.02-17.46.38:356][  0]LogStats: UGameplayTagsManager::ConstructGameplayTagTree: Construct from data asset -  0.000 s
[2018.03.02-17.46.38:356][  0]LogStats: UGameplayTagsManager::ConstructGameplayTagTree: GameplayTagTreeChangedEvent.Broadcast -  0.000 s
[2018.03.02-17.46.38:595][  0]LogAIModule: Creating AISystem for world Untitled
[2018.03.02-17.46.38:603][  0]LogInit: XAudio2 using 'Speakers (Realtek High Definition Audio)' : 2 channels at 48 kHz using 32 bits per sample (channel mask 0x3)
[2018.03.02-17.46.38:648][  0]LogInit: FAudioDevice initialized.
[2018.03.02-17.46.38:739][  0]LogDerivedDataCache: Saved boot cache 0.09s 93MB C:/Users/1503395/AppData/Local/UnrealEngine/4.17/DerivedDataCache/Boot.ddc.
[2018.03.02-17.46.38:746][  0]LogInit: Texture streaming: Enabled
[2018.03.02-17.46.38:953][  0]LogEngineSessionManager: EngineSessionManager initialized
[2018.03.02-17.46.39:305][  0]LogInit: Transaction tracking system initialized
[2018.03.02-17.46.39:871][  0]BlueprintLog: New page: Editor Load
[2018.03.02-17.46.41:456][  0]LocalizationService: Localization service is disabled
[2018.03.02-17.46.42:630][  0]LogConsoleResponse: Display: 
[2018.03.02-17.46.42:831][  0]LogCook: Display: Max memory allowance for cook 16384mb min free memory 0mb
[2018.03.02-17.46.42:831][  0]LogCook: Display: Mobile HDR setting 1
[2018.03.02-17.46.42:831][  0]LogGameplayTags: Display: UGameplayTagsManager::DoneAddingNativeTags. DelegateIsBound: 0
[2018.03.02-17.46.43:663][  0]LogFileCache: Scanning file cache for directory 'M:/GitHub/Gameplay-Mechanics/PropNavigationGame/Content/' took 0.02s
[2018.03.02-17.46.44:605][  0]SourceControl: Source control is disabled
[2018.03.02-17.46.44:605][  0]Cmd: MAP LOAD FILE="M:/GitHub/Gameplay-Mechanics/PropNavigationGame/Content/StarterContent/Maps/Minimal_Default.umap" TEMPLATE=0 SHOWPROGRESS=1 FEATURELEVEL=3
[2018.03.02-17.46.44:609][  0]LightingResults: New page: Lighting Build
[2018.03.02-17.46.44:677][  0]MapCheck: New page: Map Check
[2018.03.02-17.46.44:677][  0]LightingResults: New page: Lighting Build
[2018.03.02-17.46.44:900][  0]LogLinker: Warning: Can't find file '/Game/StarterContent/lambert1'
[2018.03.02-17.46.44:900][  0]LogLinker: Warning: Can't find file for asset '/Game/StarterContent/lambert1' while loading M:/GitHub/Gameplay-Mechanics/PropNavigationGame/Content/StarterContent/Excelsior.uasset.
[2018.03.02-17.46.44:900][  0]LoadErrors: Error: /Game/StarterContent/Excelsior : Can't find file for asset. /Game/StarterContent/lambert1
[2018.03.02-17.46.44:900][  0]LogLinker: Warning: Can't find file '/Game/StarterContent/Excelsior_PhysicsAsset'
[2018.03.02-17.46.44:901][  0]LogLinker: Warning: Can't find file for asset '/Game/StarterContent/Excelsior_PhysicsAsset' while loading M:/GitHub/Gameplay-Mechanics/PropNavigationGame/Content/StarterContent/Excelsior.uasset.
[2018.03.02-17.46.44:901][  0]LoadErrors: Error: /Game/StarterContent/Excelsior : Can't find file for asset. /Game/StarterContent/Excelsior_PhysicsAsset
[2018.03.02-17.46.44:904][  0]LogLinker: Warning: Can't find file '/Game/StarterContent/lambert1'
[2018.03.02-17.46.44:904][  0]LogLinker: Warning: Can't find file for asset '/Game/StarterContent/lambert1' while loading M:/GitHub/Gameplay-Mechanics/PropNavigationGame/Content/StarterContent/Excelsior.uasset.
[2018.03.02-17.46.44:904][  0]LoadErrors: Error: /Game/StarterContent/Excelsior : Can't find file for asset. /Game/StarterContent/lambert1
[2018.03.02-17.46.44:905][  0]LogLinker: Warning: Can't find file '/Game/StarterContent/Excelsior_PhysicsAsset'
[2018.03.02-17.46.44:905][  0]LogLinker: Warning: Can't find file for asset '/Game/StarterContent/Excelsior_PhysicsAsset' while loading M:/GitHub/Gameplay-Mechanics/PropNavigationGame/Content/StarterContent/Excelsior.uasset.
[2018.03.02-17.46.44:905][  0]LoadErrors: Error: /Game/StarterContent/Excelsior : Can't find file for asset. /Game/StarterContent/Excelsior_PhysicsAsset
[2018.03.02-17.46.44:916][  0]LogLinker: Warning: Can't find file '/Game/StarterContent/Excelsior_PhysicsAsset'
[2018.03.02-17.46.44:916][  0]LoadErrors: Failed to load /Game/StarterContent/Excelsior_PhysicsAsset.Excelsior_PhysicsAsset Referenced by Excelsior
[2018.03.02-17.46.44:916][  0]LogLinker: Warning: Can't find file for asset '/Game/StarterContent/Excelsior_PhysicsAsset' while loading NULL.
[2018.03.02-17.46.44:917][  0]LoadErrors: Failed to load /Game/StarterContent/Excelsior_PhysicsAsset.Excelsior_PhysicsAsset Referenced by Excelsior
[2018.03.02-17.46.44:917][  0]LogLinker: Warning: Can't find file '/Game/StarterContent/lambert1'
[2018.03.02-17.46.44:917][  0]LoadErrors: Failed to load /Game/StarterContent/lambert1.lambert1 Referenced by Excelsior
[2018.03.02-17.46.44:917][  0]LogLinker: Warning: Can't find file for asset '/Game/StarterContent/lambert1' while loading NULL.
[2018.03.02-17.46.44:917][  0]LoadErrors: Failed to load /Game/StarterContent/lambert1.lambert1 Referenced by Excelsior
[2018.03.02-17.46.45:027][  0]LogAIModule: Creating AISystem for world Minimal_Default
[2018.03.02-17.46.45:033][  0]LogEditorServer: Finished looking for orphan Actors (0.000 secs)
[2018.03.02-17.46.45:044][  0]Cmd: MAP CHECKDEP NOCLEARLOG
[2018.03.02-17.46.45:129][  0]MapCheck: Map check complete: 0 Error(s), 0 Warning(s), took 83.914ms to complete.
[2018.03.02-17.46.45:129][  0]LogFileHelpers: Loading map 'Minimal_Default' took 0.524
[2018.03.02-17.46.45:193][  0]LogWindowsTextInputMethodSystem: Display: IME system now deactivated.
[2018.03.02-17.46.45:302][  0]LogCollectionManager: Loaded 0 collections in 0.001742 seconds
[2018.03.02-17.46.45:409][  0]LogFileCache: Scanning file cache for directory 'M:/GitHub/Gameplay-Mechanics/PropNavigationGame/Saved/Collections/' took 0.01s
[2018.03.02-17.46.45:409][  0]LogFileCache: Scanning file cache for directory 'M:/GitHub/Gameplay-Mechanics/PropNavigationGame/Content/Developers/1503395/Collections/' took 0.01s
[2018.03.02-17.46.45:409][  0]LogFileCache: Scanning file cache for directory 'M:/GitHub/Gameplay-Mechanics/PropNavigationGame/Content/Collections/' took 0.01s
[2018.03.02-17.46.45:409][  0]LogCollectionManager: Rebuilt the GUID cache for 0 collections in 0.000001 seconds
[2018.03.02-17.46.45:419][  0]LogContentBrowser: Native class hierarchy populated in 0.0101 seconds. Added 2393 classes and 502 folders.
[2018.03.02-17.46.45:526][  0]LogContentBrowser: Native class hierarchy updated for 'WidgetCarousel' in 0.0025 seconds. Added 0 classes and 0 folders.
[2018.03.02-17.46.45:572][  0]LogContentBrowser: Native class hierarchy updated for 'AddContentDialog' in 0.0026 seconds. Added 0 classes and 0 folders.
[2018.03.02-17.46.45:645][  0]LogContentBrowser: Native class hierarchy updated for 'SceneOutliner' in 0.0027 seconds. Added 1 classes and 2 folders.
[2018.03.02-17.46.45:712][  0]LogSlate: Took 0.000265 seconds to synchronously load lazily loaded font '../../../Engine/Content/Slate/Fonts/Roboto-Regular.ttf' (155K)
[2018.03.02-17.46.45:715][  0]LogSlate: Took 0.000396 seconds to synchronously load lazily loaded font '../../../Engine/Content/Slate/Fonts/Roboto-Bold.ttf' (160K)
[2018.03.02-17.46.45:721][  0]LogSlate: Took 0.000316 seconds to synchronously load lazily loaded font '../../../Engine/Content/Editor/Slate/Fonts/FontAwesome.ttf' (139K)
[2018.03.02-17.46.45:811][  0]LogRenderer: Reallocating scene render targets to support 1208x576 Format 10 NumSamples 1 (Frame:1).
[2018.03.02-17.46.46:020][  0]LogContentBrowser: Native class hierarchy updated for 'HierarchicalLODOutliner' in 0.0035 seconds. Added 1 classes and 2 folders.
[2018.03.02-17.46.46:020][  0]LogLoad: (Engine Initialization) Total time: 26.85 seconds
[2018.03.02-17.46.46:021][  0]LogLoad: (Engine Initialization) Total Blueprint compile time: 0.00 seconds
[2018.03.02-17.46.46:021][  0]LogExternalProfiler: No external profilers were discovered.  External profiling features will not be available.
[2018.03.02-17.46.46:048][  0]LogAssetRegistry: Asset discovery search completed in 18.2062 seconds
[2018.03.02-17.46.46:049][  0]LogCollectionManager: Rebuilt the object cache for 0 collections in 0.000001 seconds (found 0 objects)
[2018.03.02-17.46.46:049][  0]LogCollectionManager: Fixed up redirectors for 0 collections in 0.000037 seconds (updated 0 objects)
[2018.03.02-17.46.46:049][  0]LogDirectoryWatcher: A directory notification failed for 'M:/GitHub/Gameplay-Mechanics/PropNavigationGame/Content/' because it was empty or there was a buffer overflow. Attemping another request...
[2018.03.02-17.46.46:050][  0]LogDirectoryWatcher: A directory notification failed for 'M:/GitHub/Gameplay-Mechanics/PropNavigationGame/Content/', and we were unable to create a new request.
[2018.03.02-17.46.46:050][  0]LogDirectoryWatcher: A directory notification failed for 'M:/GitHub/Gameplay-Mechanics/PropNavigationGame/Binaries/Win64' because it was empty or there was a buffer overflow. Attemping another request...
[2018.03.02-17.46.46:050][  0]LogDirectoryWatcher: A directory notification failed for 'M:/GitHub/Gameplay-Mechanics/PropNavigationGame/Saved/Collections/' because it was empty or there was a buffer overflow. Attemping another request...
[2018.03.02-17.46.46:050][  0]LogDirectoryWatcher: A directory notification failed for 'M:/GitHub/Gameplay-Mechanics/PropNavigationGame/Content/Developers/1503395/Collections/' because it was empty or there was a buffer overflow. Attemping another request...
[2018.03.02-17.46.46:050][  0]LogDirectoryWatcher: A directory notification failed for 'M:/GitHub/Gameplay-Mechanics/PropNavigationGame/Content/Collections/' because it was empty or there was a buffer overflow. Attemping another request...
[2018.03.02-17.46.46:053][  0]LogContentStreaming: Texture pool size now 1000 MB
[2018.03.02-17.46.46:102][  0]LogSlate: Took 0.000414 seconds to synchronously load lazily loaded font '../../../Engine/Content/Slate/Fonts/Roboto-Light.ttf' (159K)
[2018.03.02-17.46.46:149][  1]LogDirectoryWatcher: A directory notification failed for 'M:/GitHub/Gameplay-Mechanics/PropNavigationGame/Binaries/Win64' because it was empty or there was a buffer overflow. Attemping another request...
[2018.03.02-17.46.46:150][  1]LogDirectoryWatcher: A directory notification failed for 'M:/GitHub/Gameplay-Mechanics/PropNavigationGame/Binaries/Win64', and we were unable to create a new request.
[2018.03.02-17.46.46:150][  1]LogDirectoryWatcher: A directory notification failed for 'M:/GitHub/Gameplay-Mechanics/PropNavigationGame/Saved/Collections/' because it was empty or there was a buffer overflow. Attemping another request...
[2018.03.02-17.46.46:151][  1]LogDirectoryWatcher: A directory notification failed for 'M:/GitHub/Gameplay-Mechanics/PropNavigationGame/Saved/Collections/', and we were unable to create a new request.
[2018.03.02-17.46.46:151][  1]LogDirectoryWatcher: A directory notification failed for 'M:/GitHub/Gameplay-Mechanics/PropNavigationGame/Content/Developers/1503395/Collections/' because it was empty or there was a buffer overflow. Attemping another request...
[2018.03.02-17.46.46:151][  1]LogDirectoryWatcher: A directory notification failed for 'M:/GitHub/Gameplay-Mechanics/PropNavigationGame/Content/Developers/1503395/Collections/', and we were unable to create a new request.
[2018.03.02-17.46.46:151][  1]LogDirectoryWatcher: A directory notification failed for 'M:/GitHub/Gameplay-Mechanics/PropNavigationGame/Content/Collections/' because it was empty or there was a buffer overflow. Attemping another request...
[2018.03.02-17.46.46:152][  1]LogDirectoryWatcher: A directory notification failed for 'M:/GitHub/Gameplay-Mechanics/PropNavigationGame/Content/Collections/', and we were unable to create a new request.
[2018.03.02-17.46.49:302][356]Candidate modules for hot reload:
[2018.03.02-17.46.49:302][356]  PropNavigationGame
[2018.03.02-17.46.49:303][356]Launching UnrealBuildTool... [C:/Program Files (x86)/Epic Games/UE_4.17/Engine/Binaries/DotNET/UnrealBuildTool.exe PropNavigationGame -ModuleWithSuffix PropNavigationGame 2884 Win64 Development -editorrecompile -canskiplink "M:/GitHub/Gameplay-Mechanics/PropNavigationGame/PropNavigationGame.uproject" ]
[2018.03.02-17.46.49:304][356]Warning: Starting HotReload took  0.0s.
[2018.03.02-17.47.06:424][606]CompilerResultsLog: New page: Compilation - 2 Mar 2018 17:47:06
[2018.03.02-17.47.06:424][606]CompilerResultsLog: Compiling game modules for hot reload
[2018.03.02-17.47.06:425][606]CompilerResultsLog: Parsing headers for PropNavigationGameEditor
[2018.03.02-17.47.06:425][606]CompilerResultsLog:   Running UnrealHeaderTool "M:\GitHub\Gameplay-Mechanics\PropNavigationGame\PropNavigationGame.uproject" "M:\GitHub\Gameplay-Mechanics\PropNavigationGame\Intermediate\Build\Win64\PropNavigationGameEditor\Development\PropNavigationGameEditor.uhtmanifest" -LogCmds="loginit warning, logexit warning, logdatabase error" -Unattended -WarningsAsErrors -installed
[2018.03.02-17.47.06:425][606]CompilerResultsLog: Reflection code generated for PropNavigationGameEditor in 7.3053523 seconds
[2018.03.02-17.47.06:425][606]CompilerResultsLog: Performing 3 actions (4 in parallel)
[2018.03.02-17.47.06:425][606]CompilerResultsLog: PhaserComponent.cpp
[2018.03.02-17.47.06:425][606]CompilerResultsLog: [2/3] Link UE4Editor-PropNavigationGame-2884.dll
[2018.03.02-17.47.06:425][606]CompilerResultsLog: [3/3] Link UE4Editor-PropNavigationGame-2884.lib
[2018.03.02-17.47.06:425][606]CompilerResultsLog:    Creating library M:\GitHub\Gameplay-Mechanics\PropNavigationGame\Intermediate\Build\Win64\UE4Editor\Development\UE4Editor-PropNavigationGame-2884.lib and object M:\GitHub\Gameplay-Mechanics\PropNavigationGame\Intermediate\Build\Win64\UE4Editor\Development\UE4Editor-PropNavigationGame-2884.exp
[2018.03.02-17.47.06:425][606]CompilerResultsLog:    Creating library M:\GitHub\Gameplay-Mechanics\PropNavigationGame\Intermediate\Build\Win64\UE4Editor\Development\UE4Editor-PropNavigationGame-2884.suppressed.lib and object M:\GitHub\Gameplay-Mechanics\PropNavigationGame\Intermediate\Build\Win64\UE4Editor\Development\UE4Editor-PropNavigationGame-2884.suppressed.exp
[2018.03.02-17.47.06:425][606]CompilerResultsLog: Total build time: 16.92 seconds (Local executor: 3.06 seconds)
[2018.03.02-17.47.06:425][606]LogMainFrame: MainFrame: Module compiling took 17.127 seconds
[2018.03.02-17.47.06:648][606]LogContentBrowser: Native class hierarchy updated for 'PropNavigationGame' in 0.0035 seconds. Added 7 classes and 2 folders.
[2018.03.02-17.47.06:649][606]Display: HotReload successful (0 functions remapped  0 scriptstructs remapped)
[2018.03.02-17.47.06:713][606]LogContentBrowser: Native class hierarchy populated in 0.0106 seconds. Added 2395 classes and 506 folders.
[2018.03.02-17.47.06:713][606]Display: HotReload took 17.4s.
[2018.03.02-17.47.08:494][819]LogTemp: Repeating last play command: Selected Viewport
[2018.03.02-17.47.08:608][819]LogBlueprintUserMessages: Early PlayInEditor Detection: Level '/Game/StarterContent/Maps/Minimal_Default.Minimal_Default:PersistentLevel' has LevelScriptBlueprint '/Game/StarterContent/Maps/Minimal_Default.Minimal_Default:PersistentLevel.Minimal_Default' with GeneratedClass '/Game/StarterContent/Maps/Minimal_Default.Minimal_Default_C' with ClassGeneratedBy '/Game/StarterContent/Maps/Minimal_Default.Minimal_Default:PersistentLevel.Minimal_Default'
[2018.03.02-17.47.08:608][819]LogPlayLevel: PlayLevel: No blueprints needed recompiling
[2018.03.02-17.47.08:609][819]PIE: New page: PIE session: Minimal_Default (2 Mar 2018 17:47:08)
[2018.03.02-17.47.08:609][819]LogPlayLevel: Creating play world package: /Game/StarterContent/Maps/UEDPIE_0_Minimal_Default
[2018.03.02-17.47.08:619][819]LogPlayLevel: PIE: StaticDuplicateObject took: (0.010354s)
[2018.03.02-17.47.08:621][819]LogAIModule: Creating AISystem for world Minimal_Default
[2018.03.02-17.47.08:621][819]LogPlayLevel: PIE: World Init took: (0.001848s)
[2018.03.02-17.47.08:622][819]LogPlayLevel: PIE: Created PIE world by copying editor world from /Game/StarterContent/Maps/Minimal_Default.Minimal_Default to /Game/StarterContent/Maps/UEDPIE_0_Minimal_Default.Minimal_Default (0.012913s)
[2018.03.02-17.47.08:653][819]LogInit: XAudio2 using 'Speakers (Realtek High Definition Audio)' : 2 channels at 48 kHz using 32 bits per sample (channel mask 0x3)
[2018.03.02-17.47.08:716][819]LogInit: FAudioDevice initialized.
[2018.03.02-17.47.08:763][819]LogLoad: Game class is 'GameModeBase'
[2018.03.02-17.47.08:770][819]LogWorld: Bringing World /Game/StarterContent/Maps/UEDPIE_0_Minimal_Default.Minimal_Default up for play (max tick rate 0) at 2018.03.02-17.47.08
[2018.03.02-17.47.08:771][819]LogWorld: Bringing up level for play took: 0.003650
[2018.03.02-17.47.08:884][819]LogContentBrowser: Native class hierarchy updated for 'MovieSceneCapture' in 0.0025 seconds. Added 11 classes and 0 folders.
[2018.03.02-17.47.08:887][819]LogWindows: Windows GetLastError: The operation completed successfully. (0)
[2018.03.02-17.47.10:297][819]LogWindows: Error: === Critical error: ===
[2018.03.02-17.47.10:297][819]LogWindows: Error: 
[2018.03.02-17.47.10:297][819]LogWindows: Error: Fatal error: [File:D:\Build\++UE4+Release-4.17+Compile\Sync\Engine\Source\Runtime\CoreUObject\Private\UObject\Obj.cpp] [Line: 102] 
[2018.03.02-17.47.10:297][819]LogWindows: Error: No object initializer found during construction.
[2018.03.02-17.47.10:297][819]LogWindows: Error: 
[2018.03.02-17.47.10:297][819]LogWindows: Error: 
[2018.03.02-17.47.10:297][819]LogWindows: Error: KERNELBASE.dll!0x0000000094473FB8
[2018.03.02-17.47.10:297][819]LogWindows: Error: UE4Editor-Core.dll!0x00000000655C14A4
[2018.03.02-17.47.10:297][819]LogWindows: Error: UE4Editor-Core.dll!0x00000000653AAD4B
[2018.03.02-17.47.10:297][819]LogWindows: Error: UE4Editor-Core.dll!0x0000000065340169
[2018.03.02-17.47.10:297][819]LogWindows: Error: UE4Editor-CoreUObject.dll!0x000000006E4B8836
[2018.03.02-17.47.10:297][819]LogWindows: Error: UE4Editor-PropNavigationGame-2884.dll!UPhaserComponent::BeginPlay() [m:\github\gameplay-mechanics\propnavigationgame\source\propnavigationgame\phasercomponent.cpp:58]
[2018.03.02-17.47.10:297][819]LogWindows: Error: UE4Editor-Engine.dll!0x000000006682DBFE
[2018.03.02-17.47.10:297][819]LogWindows: Error: UE4Editor-PropNavigationGame-2884.dll!APlayerShip::BeginPlay() [m:\github\gameplay-mechanics\propnavigationgame\source\propnavigationgame\playership.cpp:38]
[2018.03.02-17.47.10:297][819]LogWindows: Error: UE4Editor-Engine.dll!0x000000006683ABAB
[2018.03.02-17.47.10:297][819]LogWindows: Error: UE4Editor-Engine.dll!0x00000000679FA421
[2018.03.02-17.47.10:297][819]LogWindows: Error: UE4Editor-Engine.dll!0x0000000066F74761
[2018.03.02-17.47.10:297][819]LogWindows: Error: UE4Editor-Engine.dll!0x00000000679E5BCE
[2018.03.02-17.47.10:297][819]LogWindows: Error: UE4Editor-Engine.dll!0x0000000066F97AC6
[2018.03.02-17.47.10:297][819]LogWindows: Error: UE4Editor-UnrealEd.dll!0x00000000639CA39C
[2018.03.02-17.47.10:297][819]LogWindows: Error: UE4Editor-UnrealEd.dll!0x00000000639F4CFE
[2018.03.02-17.47.10:297][819]LogWindows: Error: UE4Editor-UnrealEd.dll!0x0000000063A10864
[2018.03.02-17.47.10:297][819]LogWindows: Error: UE4Editor-UnrealEd.dll!0x000000006347BAA8
[2018.03.02-17.47.10:297][819]LogWindows: Error: UE4Editor-UnrealEd.dll!0x0000000063D0B0E6
[2018.03.02-17.47.10:297][819]LogWindows: Error: UE4Editor.exe!0x00000000B050534A
[2018.03.02-17.47.10:297][819]LogWindows: Error: UE4Editor.exe!0x00000000B0513970
[2018.03.02-17.47.10:297][819]LogWindows: Error: UE4Editor.exe!0x00000000B05139EA
[2018.03.02-17.47.10:297][819]LogWindows: Error: UE4Editor.exe!0x00000000B05202D9
[2018.03.02-17.47.10:297][819]LogWindows: Error: UE4Editor.exe!0x00000000B0521C47
[2018.03.02-17.47.10:297][819]LogWindows: Error: KERNEL32.DLL!0x0000000096631FE4
[2018.03.02-17.47.10:297][819]LogWindows: Error: ntdll.dll!0x0000000097BAEF91
[2018.03.02-17.47.10:297][819]LogWindows: Error: ntdll.dll!0x0000000097BAEF91
[2018.03.02-17.47.10:297][819]LogWindows: Error: 
[2018.03.02-17.47.10:311][819]LogExit: Executing StaticShutdownAfterError
[2018.03.02-17.47.10:313][819]LogWindows: FPlatformMisc::RequestExit(1)
[2018.03.02-17.47.10:313][819]Log file closed, 03/02/18 17:47:10
