Log file open, 03/13/18 13:14:39
LogWindows: LoadLibraryWithSearchPaths failed for file aqProf.dll. GetLastError=0
LogWindows: LoadLibraryWithSearchPaths failed for file VSPerf140.dll. GetLastError=0
LogWindows: LoadLibraryWithSearchPaths failed for file VtuneApi.dll. GetLastError=0
LogWindows: LoadLibraryWithSearchPaths failed for file VtuneApi32e.dll. GetLastError=0
LogInit: Display: Running engine for game: PropNavigationGame
LogPlatformFile: Not using cached read wrapper
LogInit: Display: RandInit(-1780549832) SRandInit(-1780549832).
LogTaskGraph: Started task graph with 5 named threads and 14 total threads with 3 sets of task threads.
LogStats: Stats thread started at 0.177640
LogD3D11RHI: Aftermath initialized
LogPluginManager: Mounting plugin Paper2D
LogPluginManager: Mounting plugin LightPropagationVolume
LogPluginManager: Mounting plugin CodeLiteSourceCodeAccess
LogPluginManager: Mounting plugin GitSourceControl
LogPluginManager: Mounting plugin KDevelopSourceCodeAccess
LogPluginManager: Mounting plugin NullSourceCodeAccess
LogPluginManager: Mounting plugin PerforceSourceControl
LogPluginManager: Mounting plugin SubversionSourceControl
LogPluginManager: Mounting plugin UObjectPlugin
LogPluginManager: Mounting plugin VisualStudioSourceCodeAccess
LogPluginManager: Mounting plugin XCodeSourceCodeAccess
LogPluginManager: Mounting plugin AssetManagerEditor
LogPluginManager: Mounting plugin AudioCapture
LogPluginManager: Mounting plugin FacialAnimation
LogPluginManager: Mounting plugin GameplayTagsEditor
LogPluginManager: Mounting plugin MobileLauncherProfileWizard
LogPluginManager: Mounting plugin PluginBrowser
LogPluginManager: Mounting plugin SpeedTreeImporter
LogPluginManager: Mounting plugin AlembicImporter
LogPluginManager: Mounting plugin CharacterAI
LogPluginManager: Mounting plugin HTML5Networking
LogPluginManager: Mounting plugin AndroidMedia
LogPluginManager: Mounting plugin AvfMedia
LogPluginManager: Mounting plugin MediaPlayerEditor
LogPluginManager: Mounting plugin WmfMedia
LogPluginManager: Mounting plugin TcpMessaging
LogPluginManager: Mounting plugin UdpMessaging
LogPluginManager: Mounting plugin LevelSequenceEditor
LogPluginManager: Mounting plugin MatineeToLevelSequence
LogPluginManager: Mounting plugin OnlineSubsystemGooglePlay
LogPluginManager: Mounting plugin OnlineSubsystemIOS
LogPluginManager: Mounting plugin OnlineSubsystem
LogPluginManager: Mounting plugin OnlineSubsystemNull
LogPluginManager: Mounting plugin OnlineSubsystemUtils
LogPluginManager: Mounting plugin AndroidDeviceProfileSelector
LogPluginManager: Mounting plugin AndroidMoviePlayer
LogPluginManager: Mounting plugin AndroidPermission
LogPluginManager: Mounting plugin AppleMoviePlayer
LogPluginManager: Mounting plugin ArchVisCharacter
LogPluginManager: Mounting plugin CableComponent
LogPluginManager: Mounting plugin CustomMeshComponent
LogPluginManager: Mounting plugin ExampleDeviceProfileSelector
LogPluginManager: Mounting plugin GoogleCloudMessaging
LogPluginManager: Mounting plugin ImmediatePhysics
LogPluginManager: Mounting plugin IOSDeviceProfileSelector
LogPluginManager: Mounting plugin LinuxDeviceProfileSelector
LogPluginManager: Mounting plugin LocationServicesBPLibrary
LogPluginManager: Mounting plugin MobilePatchingUtils
LogPluginManager: Mounting plugin OculusVR
LogPluginManager: Mounting plugin PhysXVehicles
LogPluginManager: Mounting plugin ProceduralMeshComponent
LogPluginManager: Mounting plugin RuntimePhysXCooking
LogPluginManager: Mounting plugin SteamVR
LogPluginManager: Mounting plugin WindowsMoviePlayer
LogInit: Using libcurl 7.47.1
LogInit:  - built for x86_64-pc-win32
LogInit:  - supports SSL with OpenSSL/1.0.2g
LogInit:  - supports HTTP deflate (compression) using libz 1.2.8
LogInit:  - other features:
LogInit:      CURL_VERSION_SSL
LogInit:      CURL_VERSION_LIBZ
LogInit:      CURL_VERSION_IPV6
LogInit:      CURL_VERSION_ASYNCHDNS
LogInit:      CURL_VERSION_LARGEFILE
LogInit:      CURL_VERSION_IDN
LogInit:  CurlRequestOptions (configurable via config and command line):
LogInit:  - bVerifyPeer = false  - Libcurl will NOT verify peer certificate
LogInit:  - bUseHttpProxy = false  - Libcurl will NOT use HTTP proxy
LogInit:  - bDontReuseConnections = false  - Libcurl will reuse connections
LogInit:  - CertBundlePath = nullptr  - Libcurl will use whatever was configured at build time.
LogInit: Build: ++UE4+Release-4.17-CL-3573198
LogInit: Engine Version: 4.17.0-3573198+++UE4+Release-4.17
LogInit: Compatible Engine Version: 4.17.0-3573198+++UE4+Release-4.17
LogInit: Net CL: 3573198
LogDevObjectVersion: Number of dev versions registered: 16
LogDevObjectVersion:   Dev-Blueprints (B0D832E4-1F89-4F0D-ACCF-7EB736FD4AA2): 10
LogDevObjectVersion:   Dev-Build (E1C64328-A22C-4D53-A36C-8E866417BD8C): 0
LogDevObjectVersion:   Dev-Core (375EC13C-06E4-48FB-B500-84F0262A717E): 2
LogDevObjectVersion:   Dev-Editor (E4B068ED-F494-42E9-A231-DA0B2E46BB41): 20
LogDevObjectVersion:   Dev-Framework (CFFC743F-43B0-4480-9391-14DF171D2073): 28
LogDevObjectVersion:   Dev-Mobile (B02B49B5-BB20-44E9-A304-32B752E40360): 0
LogDevObjectVersion:   Dev-Networking (A4E4105C-59A1-49B5-A7C5-40C4547EDFEE): 0
LogDevObjectVersion:   Dev-Online (39C831C9-5AE6-47DC-9A44-9C173E1C8E7C): 0
LogDevObjectVersion:   Dev-Physics (78F01B33-EBEA-4F98-B9B4-84EACCB95AA2): 0
LogDevObjectVersion:   Dev-Platform (6631380F-2D4D-43E0-8009-CF276956A95A): 0
LogDevObjectVersion:   Dev-Rendering (12F88B9F-8875-4AFC-A67C-D90C383ABD29): 19
LogDevObjectVersion:   Dev-Sequencer (7B5AE74C-D270-4C10-A958-57980B212A5A): 4
LogDevObjectVersion:   Dev-VR (D7296918-1DD6-4BDD-9DE2-64A83CC13884): 0
LogDevObjectVersion:   Dev-LoadTimes (C2A15278-BFE7-4AFE-6C17-90FF531DF755): 1
LogDevObjectVersion:   Private-Geometry (6EACA3D4-40EC-4CC1-B786-8BED09428FC5): 1
LogDevObjectVersion:   Dev-AnimPhys (29E575DD-E0A3-4627-9D10-D276232CDCEA): 7
LogInit: Compiled (64-bit): Aug  4 2017 16:30:33
LogInit: Compiled with Visual C++: 19.00.24215.01
LogInit: Build Configuration: Development
LogInit: Branch Name: ++UE4+Release-4.17
LogInit: Command line: 
LogInit: Base directory: C:/Program Files (x86)/Epic Games/UE_4.17/Engine/Binaries/Win64/
LogInit: Installed Engine Build: 1
LogInit: Presizing for max 8388607 objects, including 0 objects not considered by GC, pre-allocating 0 bytes for permanent pool.
LogInit: Object subsystem initialized
[2018.03.13-13.14.41:389][  0]LogInit: Selected Device Profile: [Windows]
[2018.03.13-13.14.41:389][  0]LogInit: Applying CVar settings loaded from the selected device profile: [Windows]
[2018.03.13-13.14.41:463][  0]LogInit: Computer: MC11594
[2018.03.13-13.14.41:463][  0]LogInit: User: 1503395
[2018.03.13-13.14.41:463][  0]LogInit: CPU Page size=4096, Cores=4
[2018.03.13-13.14.41:463][  0]LogInit: High frequency timer resolution =3.328120 MHz
[2018.03.13-13.14.41:463][  0]LogMemory: Memory total: Physical=31.9GB (32GB approx)
[2018.03.13-13.14.41:463][  0]LogMemory: Platform Memory Stats for Windows
[2018.03.13-13.14.41:463][  0]LogMemory: Process Physical Memory: 277.41 MB used, 277.41 MB peak
[2018.03.13-13.14.41:463][  0]LogMemory: Process Virtual Memory: 274.05 MB used, 274.05 MB peak
[2018.03.13-13.14.41:463][  0]LogMemory: Physical Memory: 3694.63 MB used,  29013.66 MB free, 32708.29 MB total
[2018.03.13-13.14.41:463][  0]LogMemory: Virtual Memory: 701.63 MB used,  29013.66 MB free, 134217728.00 MB total
[2018.03.13-13.14.41:727][  0]LogInit: Using OS detected language (en-US).
[2018.03.13-13.14.41:727][  0]LogInit: Using OS detected locale (en-GB).
[2018.03.13-13.14.41:730][  0]LogTextLocalizationManager: No specific localization for 'en-US' exists, so the 'en' localization will be used.
[2018.03.13-13.14.42:369][  0]LogD3D11RHI: D3D11 adapters:
[2018.03.13-13.14.42:413][  0]LogD3D11RHI:    0. 'NVIDIA GeForce GTX 1070' (Feature Level 11_0)
[2018.03.13-13.14.42:413][  0]LogD3D11RHI:       8088/0/16354 MB DedicatedVideo/DedicatedSystem/SharedSystem, Outputs:1, VendorId:0x10de
[2018.03.13-13.14.42:415][  0]LogD3D11RHI:    1. 'Microsoft Basic Render Driver' (Feature Level 11_0)
[2018.03.13-13.14.42:415][  0]LogD3D11RHI:       0/0/16354 MB DedicatedVideo/DedicatedSystem/SharedSystem, Outputs:0, VendorId:0x1414
[2018.03.13-13.14.42:415][  0]LogD3D11RHI: Chosen D3D11 Adapter: 0
[2018.03.13-13.14.42:420][  0]LogD3D11RHI: Creating new Direct3DDevice
[2018.03.13-13.14.42:420][  0]LogD3D11RHI:     GPU DeviceId: 0x1b81 (for the marketing name, search the web for "GPU Device Id")
[2018.03.13-13.14.42:420][  0]LogWindows: EnumDisplayDevices:
[2018.03.13-13.14.42:420][  0]LogWindows:    0. 'NVIDIA GeForce GTX 1070' (P:1 D:1)
[2018.03.13-13.14.42:420][  0]LogWindows:    1. 'NVIDIA GeForce GTX 1070' (P:0 D:0)
[2018.03.13-13.14.42:420][  0]LogWindows:    2. 'NVIDIA GeForce GTX 1070' (P:0 D:0)
[2018.03.13-13.14.42:420][  0]LogWindows:    3. 'NVIDIA GeForce GTX 1070' (P:0 D:0)
[2018.03.13-13.14.42:420][  0]LogWindows: DebugString: GetVideoDriverDetailsInvalid PrimaryIsNotTheChoosenAdapter GetVideoDriverDetailsInvalid PrimaryIsNotTheChoosenAdapter GetVideoDriverDetailsInvalid PrimaryIsNotTheChoosenAdapter GetVideoDriverDetailsInvalid PrimaryIsNotTheChoosenAdapter FoundDriverCount:0 
[2018.03.13-13.14.42:420][  0]LogD3D11RHI:     Adapter Name: NVIDIA GeForce GTX 1070
[2018.03.13-13.14.42:420][  0]LogD3D11RHI:   Driver Version: Unknown (internal:Unknown, unified:Unknown)
[2018.03.13-13.14.42:420][  0]LogD3D11RHI:      Driver Date: Unknown
[2018.03.13-13.14.42:420][  0]LogRHI: Texture pool is 1361 MB (70% of 1945 MB)
[2018.03.13-13.14.42:441][  0]LogD3D11RHI: Async texture creation enabled
[2018.03.13-13.14.42:455][  0]LogD3D11RHI: GPU Timing Frequency: 1000.000000 (Debug: 2 2)
[2018.03.13-13.14.42:499][  0]LogShaderCompilers: Guid format shader working directory is -27 characters bigger than the processId version (//StuHome/HomeDrive5$/1503395/GitHub/Gameplay-Mechanics/PropNavigationGame/Intermediate/Shaders/WorkingDirectory/10904/).
[2018.03.13-13.14.42:499][  0]LogShaderCompilers: Cleaned the shader compiler working directory 'C:/Users/1503395/AppData/Local/Temp/UnrealShaderWorkingDir/211045344B67B7172A703795D793089F/'.
[2018.03.13-13.14.42:499][  0]LogShaderCompilers: Display: Using Local Shader Compiler.
[2018.03.13-13.14.43:388][  0]LogTemp: Display: Loaded TP AllDesktopTargetPlatform
[2018.03.13-13.14.43:463][  0]LogTemp: Display: Loaded TP MacClientTargetPlatform
[2018.03.13-13.14.43:543][  0]LogTemp: Display: Loaded TP MacNoEditorTargetPlatform
[2018.03.13-13.14.43:619][  0]LogTemp: Display: Loaded TP MacServerTargetPlatform
[2018.03.13-13.14.43:694][  0]LogTemp: Display: Loaded TP MacTargetPlatform
[2018.03.13-13.14.43:769][  0]LogTemp: Display: Loaded TP WindowsClientTargetPlatform
[2018.03.13-13.14.43:843][  0]LogTemp: Display: Loaded TP WindowsNoEditorTargetPlatform
[2018.03.13-13.14.43:918][  0]LogTemp: Display: Loaded TP WindowsServerTargetPlatform
[2018.03.13-13.14.43:985][  0]LogTemp: Display: Loaded TP WindowsTargetPlatform
[2018.03.13-13.14.44:067][  0]LogTemp: Display: Loaded TP AndroidTargetPlatform
[2018.03.13-13.14.44:149][  0]LogTemp: Display: Loaded TP Android_ASTCTargetPlatform
[2018.03.13-13.14.44:243][  0]LogTemp: Display: Loaded TP Android_ATCTargetPlatform
[2018.03.13-13.14.44:318][  0]LogTemp: Display: Loaded TP Android_DXTTargetPlatform
[2018.03.13-13.14.44:392][  0]LogTemp: Display: Loaded TP Android_ETC1TargetPlatform
[2018.03.13-13.14.44:483][  0]LogTemp: Display: Loaded TP Android_ETC2TargetPlatform
[2018.03.13-13.14.44:628][  0]LogTemp: Display: Loaded TP Android_MultiTargetPlatform
[2018.03.13-13.14.44:628][  0]LogTemp: Display: Loaded TP Android_PVRTCTargetPlatform
[2018.03.13-13.14.44:688][  0]LogTemp: Display: Loaded TP HTML5TargetPlatform
[2018.03.13-13.14.44:816][  0]LogTemp: Display: Loaded TP IOSTargetPlatform
[2018.03.13-13.14.44:860][  0]LogTemp: Display: Loaded TP TVOSTargetPlatform
[2018.03.13-13.14.44:933][  0]LogTemp: Display: Loaded TP LinuxClientTargetPlatform
[2018.03.13-13.14.45:006][  0]LogTemp: Display: Loaded TP LinuxNoEditorTargetPlatform
[2018.03.13-13.14.45:079][  0]LogTemp: Display: Loaded TP LinuxServerTargetPlatform
[2018.03.13-13.14.45:152][  0]LogTemp: Display: Loaded TP LinuxTargetPlatform
[2018.03.13-13.14.45:152][  0]LogTargetPlatformManager: Display: Building Assets For Windows
[2018.03.13-13.14.45:883][  0]LogDerivedDataCache: Display: Max Cache Size: 512 MB
[2018.03.13-13.14.45:940][  0]LogDerivedDataCache: Loaded boot cache 0.06s 93MB C:/Users/1503395/AppData/Local/UnrealEngine/4.17/DerivedDataCache/Boot.ddc.
[2018.03.13-13.14.45:941][  0]LogDerivedDataCache: Display: Loaded Boot cache: C:/Users/1503395/AppData/Local/UnrealEngine/4.17/DerivedDataCache/Boot.ddc
[2018.03.13-13.14.45:942][  0]LogDerivedDataCache: FDerivedDataBackendGraph:  Pak pak cache file //StuHome/HomeDrive5$/1503395/GitHub/Gameplay-Mechanics/PropNavigationGame/DerivedDataCache/DDC.ddp not found, will not use a pak cache.
[2018.03.13-13.14.45:942][  0]LogDerivedDataCache: Unable to find inner node Pak for hierarchical cache Hierarchy.
[2018.03.13-13.14.45:942][  0]LogDerivedDataCache: FDerivedDataBackendGraph:  CompressedPak pak cache file //StuHome/HomeDrive5$/1503395/GitHub/Gameplay-Mechanics/PropNavigationGame/DerivedDataCache/Compressed.ddp not found, will not use a pak cache.
[2018.03.13-13.14.45:942][  0]LogDerivedDataCache: Unable to find inner node CompressedPak for hierarchical cache Hierarchy.
[2018.03.13-13.14.45:955][  0]LogDerivedDataCache: Display: Pak cache opened for reading ../../../Engine/DerivedDataCache/Compressed.ddp.
[2018.03.13-13.14.45:967][  0]LogDerivedDataCache: Using Local data cache path C:/Users/1503395/AppData/Local/UnrealEngine/Common/DerivedDataCache: Writable
[2018.03.13-13.14.45:975][  0]LogMaterial: Verifying Global Shaders for PCD3D_SM5
[2018.03.13-13.14.45:975][  0]LogSlate: Using Freetype 2.6.0
[2018.03.13-13.14.45:976][  0]LogSlate: SlateFontCache - WITH_FREETYPE: 1, WITH_HARFBUZZ: 1
[2018.03.13-13.14.45:976][  0]LogSlate: SlateFontCache - WITH_FREETYPE: 1, WITH_HARFBUZZ: 1
[2018.03.13-13.14.46:376][  0]LogAssetRegistry: FAssetRegistry took 0.0267 seconds to start up
[2018.03.13-13.14.46:561][  0]LogInit: Selected Device Profile: [Windows]
[2018.03.13-13.14.47:063][  0]LogSimplygon: Simplygon DLL not present - disabling.
[2018.03.13-13.14.47:125][  0]LogMeshReduction: Using SimplygonSwarm for distributed automatic mesh merging
[2018.03.13-13.14.47:125][  0]LogMeshReduction: Using QuadricMeshReduction for automatic static mesh reduction
[2018.03.13-13.14.47:125][  0]LogMeshReduction: No automatic skeletal mesh reduction module available
[2018.03.13-13.14.47:125][  0]LogMeshReduction: No automatic mesh merging module available
[2018.03.13-13.14.47:125][  0]LogMeshMerging: No automatic mesh merging module available
[2018.03.13-13.14.47:126][  0]LogContentStreaming: Texture pool size is 0.00 MB
[2018.03.13-13.14.47:533][  0]LogNetVersion: PropNavigationGame , NetCL: 3573198, EngineNetVer: 2, GameNetVer: 0 (Checksum: 1685960384)
[2018.03.13-13.14.47:984][  0]LogPackageLocalizationCache: Processed 5 localized package path(s) for 2 prioritized culture(s) in 0.256468 seconds
[2018.03.13-13.14.47:993][  0]LogUObjectArray: 35825 objects as part of root set at end of initial load.
[2018.03.13-13.14.47:993][  0]LogUObjectAllocator: 7529104 out of 0 bytes used by permanent object pool.
[2018.03.13-13.14.47:993][  0]LogUObjectArray: CloseDisregardForGC: 0/0 objects in disregard for GC pool
[2018.03.13-13.14.48:104][  0]LogInit: WinSock: version 1.1 (2.2), MaxSocks=32767, MaxUdp=65467
[2018.03.13-13.14.51:264][  0]LogTcpMessaging: Initializing TcpMessaging bridge
[2018.03.13-13.14.51:317][  0]LogUdpMessaging: Initializing bridge on interface 0.0.0.0:0 to multicast group 230.0.0.1:6666.
[2018.03.13-13.14.51:317][  0]LogDirectoryWatcher: A directory notification failed for '//StuHome/HomeDrive5$/1503395/GitHub/Gameplay-Mechanics/PropNavigationGame/Content/' because it was empty or there was a buffer overflow. Attemping another request...
[2018.03.13-13.14.52:104][  0]LogScriptCore: Error: Script Msg: A null object was passed as a world context object to UEngine::GetWorldFromContextObject().
[2018.03.13-13.14.52:104][  0]LogScriptCore: Error: Script call stack:
	[Empty] (FFrame::GetScriptCallstack() called from native code)
[2018.03.13-13.14.52:184][  0]LogPackageName: Error: DoesPackageExist: DoesPackageExist FAILED: 'SkeletalMesh'/Game/StarterContent/Excelsior' is not a standard unreal filename or a long path name. Reason: Path should start with a '/'
[2018.03.13-13.14.52:185][  0]LogLinker: Warning: Can't find file 'SkeletalMesh'/Game/StarterContent/Excelsior'
[2018.03.13-13.14.52:185][  0]LogPackageName: Error: DoesPackageExist: DoesPackageExist FAILED: 'SkeletalMesh'/Game/StarterContent/Excelsior' is not a standard unreal filename or a long path name. Reason: Path should start with a '/'
[2018.03.13-13.14.52:185][  0]LogLinker: Warning: Can't find file 'SkeletalMesh'/Game/StarterContent/Excelsior'
[2018.03.13-13.14.52:185][  0]LogUObjectGlobals: Warning: Failed to find object 'SkeletalMesh SkeletalMesh'/Game/StarterContent/Excelsior.Excelsior'
[2018.03.13-13.14.52:185][  0]LogLinker: Error: AddRedirectList(AddKnownMissing) failed to add redirector from SkeletalMesh'/Game/StarterContent/Excelsior to SkeletalMesh'/Game/StarterContent/Excelsior with invalid characters!
[2018.03.13-13.14.52:185][  0]Error: CDO Constructor (PlayerShip): Failed to find 'SkeletalMesh'/Game/StarterContent/Excelsior.Excelsior'

[2018.03.13-13.14.52:572][  0]LogStats: FPlatformStackWalk::StackWalkAndDump -  0.387 s
[2018.03.13-13.14.52:573][  0]LogOutputDevice: Error: === Handled ensure: ===
[2018.03.13-13.14.52:573][  0]LogOutputDevice: Error: 
[2018.03.13-13.14.52:573][  0]LogOutputDevice: Error: Ensure condition failed: AttachmentRules.LocationRule == EAttachmentRule::KeepRelative && AttachmentRules.RotationRule == EAttachmentRule::KeepRelative && AttachmentRules.ScaleRule == EAttachmentRule::KeepRelative [File:D:\Build\++UE4+Release-4.17+Compile\Sync\Engine\Source\Runtime\Engine\Private\Components\SceneComponent.cpp] [Line: 1672]
[2018.03.13-13.14.52:573][  0]LogOutputDevice: Error: AttachToComponent when called from a constructor is only setting up attachment and will always be treated as KeepRelative. Consider calling SetupAttachment directly instead.
[2018.03.13-13.14.52:573][  0]LogOutputDevice: Error: Stack: 
[2018.03.13-13.14.52:573][  0]LogOutputDevice: Error: UE4Editor-Core.dll!0x0000000075C435F6
[2018.03.13-13.14.52:573][  0]LogOutputDevice: Error: UE4Editor-Core.dll!0x00000000759CC2C2
[2018.03.13-13.14.52:573][  0]LogOutputDevice: Error: UE4Editor-Core.dll!0x00000000759E4736
[2018.03.13-13.14.52:573][  0]LogOutputDevice: Error: UE4Editor-Engine.dll!0x00000000728D2438
[2018.03.13-13.14.52:573][  0]LogOutputDevice: Error: UE4Editor-PropNavigationGame-6178.dll!APlayerShip::APlayerShip() [\\stuhome\homedrive5$\1503395\github\gameplay-mechanics\propnavigationgame\source\propnavigationgame\playership.cpp:34]
[2018.03.13-13.14.52:573][  0]LogOutputDevice: Error: UE4Editor-CoreUObject.dll!0x000000007FC8A442
[2018.03.13-13.14.52:573][  0]LogOutputDevice: Error: UE4Editor-CoreUObject.dll!0x000000007FEF324B
[2018.03.13-13.14.52:573][  0]LogOutputDevice: Error: UE4Editor-CoreUObject.dll!0x000000007FED6C73
[2018.03.13-13.14.52:573][  0]LogOutputDevice: Error: UE4Editor-CoreUObject.dll!0x000000007FC8C157
[2018.03.13-13.14.52:573][  0]LogOutputDevice: Error: UE4Editor-Core.dll!0x0000000075868210
[2018.03.13-13.14.52:573][  0]LogOutputDevice: Error: UE4Editor-Core.dll!0x0000000075AB68C0
[2018.03.13-13.14.52:573][  0]LogOutputDevice: Error: UE4Editor-Projects.dll!0x000000008191E06D
[2018.03.13-13.14.52:573][  0]LogOutputDevice: Error: UE4Editor-Projects.dll!0x000000008191E37E
[2018.03.13-13.14.52:573][  0]LogOutputDevice: Error: UE4Editor.exe!0x00000000C94664B1
[2018.03.13-13.14.52:573][  0]LogOutputDevice: Error: UE4Editor.exe!0x00000000C946A7BD
[2018.03.13-13.14.52:573][  0]LogOutputDevice: Error: UE4Editor.exe!0x00000000C946379A
[2018.03.13-13.14.52:573][  0]LogOutputDevice: Error: UE4Editor.exe!0x00000000C94639EA
[2018.03.13-13.14.52:573][  0]LogOutputDevice: Error: UE4Editor.exe!0x00000000C94702D9
[2018.03.13-13.14.52:573][  0]LogOutputDevice: Error: UE4Editor.exe!0x00000000C9471C47
[2018.03.13-13.14.52:573][  0]LogOutputDevice: Error: KERNEL32.DLL!0x00000000A6D31FE4
[2018.03.13-13.14.52:573][  0]LogOutputDevice: Error: ntdll.dll!0x00000000A8BFEF91
[2018.03.13-13.14.52:573][  0]LogOutputDevice: Error: 
[2018.03.13-13.14.52:578][  0]LogStats:                SubmitErrorReport -  0.000 s
[2018.03.13-13.14.54:115][  0]LogStats:                    SendNewReport -  1.536 s
[2018.03.13-13.14.54:115][  0]LogStats:             FDebug::EnsureFailed -  1.929 s
[2018.03.13-13.14.54:115][  0]LogTemp: Warning: Doesn't Contain: 0.007813.
[2018.03.13-13.14.54:115][  0]LogUObjectBase: Warning: -------------- Default Property warnings and errors:
[2018.03.13-13.14.54:115][  0]LogUObjectBase: Warning: Error: CDO Constructor (PlayerShip): Failed to find 'SkeletalMesh'/Game/StarterContent/Excelsior.Excelsior'

[2018.03.13-13.14.54:125][  0]LogWindowsTextInputMethodSystem: Display: IME system now deactivated.
[2018.03.13-13.14.56:707][  0]LogWindowsTextInputMethodSystem: Display: IME system now deactivated.
[2018.03.13-13.14.56:709][  0]LogWindowsTextInputMethodSystem: Display: IME system now deactivated.
[2018.03.13-13.14.57:105][  0]LogMaterial: Uniform references updated for custom material expression Custom.
[2018.03.13-13.14.57:893][  0]SourceControl: Source control is disabled
[2018.03.13-13.14.57:893][  0]SourceControl: Source control is disabled
[2018.03.13-13.14.57:974][  0]SourceControl: Source control is disabled
[2018.03.13-13.14.58:050][  0]SourceControl: Source control is disabled
[2018.03.13-13.14.59:052][  0]LogAndroidPermission: UAndroidPermissionCallbackProxy::GetInstance
[2018.03.13-13.14.59:412][  0]LogOcInput: OculusInput pre-init called
[2018.03.13-13.14.59:776][  0]LogEngine: Initializing Engine...
[2018.03.13-13.14.59:777][  0]LogHMD: Failed to initialize OpenVR with code 110
[2018.03.13-13.14.59:955][  0]LogStats: UGameplayTagsManager::ConstructGameplayTagTree: Construct from data asset -  0.000 s
[2018.03.13-13.14.59:955][  0]LogStats: UGameplayTagsManager::ConstructGameplayTagTree: GameplayTagTreeChangedEvent.Broadcast -  0.000 s
[2018.03.13-13.15.00:203][  0]LogAIModule: Creating AISystem for world Untitled
[2018.03.13-13.15.00:210][  0]LogInit: XAudio2 using 'Realtek Digital Output (Realtek High Definition Audio)' : 2 channels at 48 kHz using 16 bits per sample (channel mask 0x3)
[2018.03.13-13.15.00:265][  0]LogInit: FAudioDevice initialized.
[2018.03.13-13.15.00:367][  0]LogDerivedDataCache: Saved boot cache 0.10s 93MB C:/Users/1503395/AppData/Local/UnrealEngine/4.17/DerivedDataCache/Boot.ddc.
[2018.03.13-13.15.00:381][  0]LogInit: Texture streaming: Enabled
[2018.03.13-13.15.00:612][  0]LogEngineSessionManager: EngineSessionManager initialized
[2018.03.13-13.15.01:155][  0]LogInit: Transaction tracking system initialized
[2018.03.13-13.15.01:778][  0]BlueprintLog: New page: Editor Load
[2018.03.13-13.15.03:900][  0]LocalizationService: Localization service is disabled
[2018.03.13-13.15.05:185][  0]LogConsoleResponse: Display: 
[2018.03.13-13.15.05:389][  0]LogCook: Display: Max memory allowance for cook 16384mb min free memory 0mb
[2018.03.13-13.15.05:389][  0]LogCook: Display: Mobile HDR setting 1
[2018.03.13-13.15.05:389][  0]LogGameplayTags: Display: UGameplayTagsManager::DoneAddingNativeTags. DelegateIsBound: 0
[2018.03.13-13.15.06:096][  0]LogFileCache: Scanning file cache for directory '//StuHome/HomeDrive5$/1503395/GitHub/Gameplay-Mechanics/PropNavigationGame/Content/' took 0.02s
[2018.03.13-13.15.07:306][  0]SourceControl: Source control is disabled
[2018.03.13-13.15.07:306][  0]Cmd: MAP LOAD FILE="//StuHome/HomeDrive5$/1503395/GitHub/Gameplay-Mechanics/PropNavigationGame/Content/StarterContent/Maps/Minimal_Default.umap" TEMPLATE=0 SHOWPROGRESS=1 FEATURELEVEL=3
[2018.03.13-13.15.07:327][  0]LightingResults: New page: Lighting Build
[2018.03.13-13.15.07:397][  0]MapCheck: New page: Map Check
[2018.03.13-13.15.07:397][  0]LightingResults: New page: Lighting Build
[2018.03.13-13.15.07:498][  0]LogLinker: Warning: Can't find file '/Game/StarterContent/Maps/Minimal_Default_BuiltData'
[2018.03.13-13.15.07:498][  0]LogLinker: Warning: Can't find file for asset '/Game/StarterContent/Maps/Minimal_Default_BuiltData' while loading //StuHome/HomeDrive5$/1503395/GitHub/Gameplay-Mechanics/PropNavigationGame/Content/StarterContent/Maps/Minimal_Default.umap.
[2018.03.13-13.15.07:498][  0]LoadErrors: Error: /Game/StarterContent/Maps/Minimal_Default : Can't find file for asset. /Game/StarterContent/Maps/Minimal_Default_BuiltData
[2018.03.13-13.15.08:221][  0]LogLinker: Warning: Can't find file '/Game/StarterContent/Maps/Minimal_Default_BuiltData'
[2018.03.13-13.15.08:223][  0]LogLinker: Warning: Can't find file for asset '/Game/StarterContent/Maps/Minimal_Default_BuiltData' while loading //StuHome/HomeDrive5$/1503395/GitHub/Gameplay-Mechanics/PropNavigationGame/Content/StarterContent/Maps/Minimal_Default.umap.
[2018.03.13-13.15.08:223][  0]LoadErrors: Error: /Game/StarterContent/Maps/Minimal_Default : Can't find file for asset. /Game/StarterContent/Maps/Minimal_Default_BuiltData
[2018.03.13-13.15.08:611][  0]LogLinker: Warning: Can't find file '/Game/StarterContent/Maps/Minimal_Default_BuiltData'
[2018.03.13-13.15.08:612][  0]LogLinker: Warning: Can't find file for asset '/Game/StarterContent/Maps/Minimal_Default_BuiltData' while loading NULL.
[2018.03.13-13.15.08:613][  0]LogLinker: Warning: Can't find file '/Game/StarterContent/Maps/Minimal_Default_BuiltData'
[2018.03.13-13.15.08:613][  0]LogLinker: Warning: Can't find file for asset '/Game/StarterContent/Maps/Minimal_Default_BuiltData' while loading NULL.
[2018.03.13-13.15.08:631][  0]LogLinker: Warning: Can't find file '/Game/StarterContent/Maps/Minimal_Default_BuiltData'
[2018.03.13-13.15.08:631][  0]LoadErrors: Failed to load /Game/StarterContent/Maps/Minimal_Default_BuiltData.Minimal_Default_BuiltData Referenced by PersistentLevel
[2018.03.13-13.15.08:632][  0]LogLinker: Warning: Can't find file for asset '/Game/StarterContent/Maps/Minimal_Default_BuiltData' while loading NULL.
[2018.03.13-13.15.08:632][  0]LoadErrors: Failed to load /Game/StarterContent/Maps/Minimal_Default_BuiltData.Minimal_Default_BuiltData Referenced by PersistentLevel
[2018.03.13-13.15.09:172][  0]LogAIModule: Creating AISystem for world Minimal_Default
[2018.03.13-13.15.09:185][  0]LogEditorServer: Finished looking for orphan Actors (0.000 secs)
[2018.03.13-13.15.09:197][  0]Cmd: MAP CHECKDEP NOCLEARLOG
[2018.03.13-13.15.09:285][  0]MapCheck: Map check complete: 0 Error(s), 0 Warning(s), took 87.379ms to complete.
[2018.03.13-13.15.09:285][  0]LogFileHelpers: Loading map 'Minimal_Default' took 1.978
[2018.03.13-13.15.09:572][  0]LogCollectionManager: Loaded 0 collections in 0.001525 seconds
[2018.03.13-13.15.09:709][  0]LogFileCache: Scanning file cache for directory '//StuHome/HomeDrive5$/1503395/GitHub/Gameplay-Mechanics/PropNavigationGame/Saved/Collections/' took 0.01s
[2018.03.13-13.15.09:709][  0]LogFileCache: Scanning file cache for directory '//StuHome/HomeDrive5$/1503395/GitHub/Gameplay-Mechanics/PropNavigationGame/Content/Developers/1503395/Collections/' took 0.01s
[2018.03.13-13.15.09:709][  0]LogFileCache: Scanning file cache for directory '//StuHome/HomeDrive5$/1503395/GitHub/Gameplay-Mechanics/PropNavigationGame/Content/Collections/' took 0.01s
[2018.03.13-13.15.09:709][  0]LogCollectionManager: Rebuilt the GUID cache for 0 collections in 0.000000 seconds
[2018.03.13-13.15.09:722][  0]LogContentBrowser: Native class hierarchy populated in 0.0105 seconds. Added 2396 classes and 502 folders.
[2018.03.13-13.15.09:869][  0]LogContentBrowser: Native class hierarchy updated for 'WidgetCarousel' in 0.0039 seconds. Added 0 classes and 0 folders.
[2018.03.13-13.15.10:109][  0]LogContentBrowser: Native class hierarchy updated for 'AddContentDialog' in 0.0033 seconds. Added 0 classes and 0 folders.
[2018.03.13-13.15.10:197][  0]LogContentBrowser: Native class hierarchy updated for 'SceneOutliner' in 0.0031 seconds. Added 1 classes and 2 folders.
[2018.03.13-13.15.10:276][  0]LogSlate: Took 0.000509 seconds to synchronously load lazily loaded font '../../../Engine/Content/Slate/Fonts/Roboto-Regular.ttf' (155K)
[2018.03.13-13.15.10:281][  0]LogSlate: Took 0.000585 seconds to synchronously load lazily loaded font '../../../Engine/Content/Slate/Fonts/Roboto-Bold.ttf' (160K)
[2018.03.13-13.15.10:295][  0]LogSlate: Took 0.004110 seconds to synchronously load lazily loaded font '../../../Engine/Content/Editor/Slate/Fonts/FontAwesome.ttf' (139K)
[2018.03.13-13.15.10:299][  0]LogSlate: Took 0.003489 seconds to synchronously load lazily loaded font '../../../Engine/Content/Editor/Slate/Fonts/DroidSansMono.ttf' (77K)
[2018.03.13-13.15.10:459][  0]LogRenderer: Reallocating scene render targets to support 1208x576 Format 10 NumSamples 1 (Frame:1).
[2018.03.13-13.15.10:701][  0]LogContentBrowser: Native class hierarchy updated for 'HierarchicalLODOutliner' in 0.0028 seconds. Added 1 classes and 2 folders.
[2018.03.13-13.15.10:701][  0]LogLoad: (Engine Initialization) Total time: 33.20 seconds
[2018.03.13-13.15.10:701][  0]LogLoad: (Engine Initialization) Total Blueprint compile time: 0.00 seconds
[2018.03.13-13.15.10:702][  0]LogExternalProfiler: No external profilers were discovered.  External profiling features will not be available.
[2018.03.13-13.15.11:061][  0]LogDirectoryWatcher: A directory notification failed for '//StuHome/HomeDrive5$/1503395/GitHub/Gameplay-Mechanics/PropNavigationGame/Content/' because it was empty or there was a buffer overflow. Attemping another request...
[2018.03.13-13.15.11:063][  0]LogDirectoryWatcher: A directory notification failed for '//StuHome/HomeDrive5$/1503395/GitHub/Gameplay-Mechanics/PropNavigationGame/Content/', and we were unable to create a new request.
[2018.03.13-13.15.11:063][  0]LogDirectoryWatcher: A directory notification failed for '//StuHome/HomeDrive5$/1503395/GitHub/Gameplay-Mechanics/PropNavigationGame/Binaries/Win64' because it was empty or there was a buffer overflow. Attemping another request...
[2018.03.13-13.15.11:064][  0]LogDirectoryWatcher: A directory notification failed for '//StuHome/HomeDrive5$/1503395/GitHub/Gameplay-Mechanics/PropNavigationGame/Saved/Collections/' because it was empty or there was a buffer overflow. Attemping another request...
[2018.03.13-13.15.11:064][  0]LogDirectoryWatcher: A directory notification failed for '//StuHome/HomeDrive5$/1503395/GitHub/Gameplay-Mechanics/PropNavigationGame/Content/Developers/1503395/Collections/' because it was empty or there was a buffer overflow. Attemping another request...
[2018.03.13-13.15.11:065][  0]LogDirectoryWatcher: A directory notification failed for '//StuHome/HomeDrive5$/1503395/GitHub/Gameplay-Mechanics/PropNavigationGame/Content/Collections/' because it was empty or there was a buffer overflow. Attemping another request...
[2018.03.13-13.15.11:066][  0]LogDirectoryWatcher: A directory notification failed for '//StuHome/HomeDrive5$/1503395/GitHub/Gameplay-Mechanics/PropNavigationGame/Binaries/Win64' because it was empty or there was a buffer overflow. Attemping another request...
[2018.03.13-13.15.11:066][  0]LogDirectoryWatcher: A directory notification failed for '//StuHome/HomeDrive5$/1503395/GitHub/Gameplay-Mechanics/PropNavigationGame/Binaries/Win64', and we were unable to create a new request.
[2018.03.13-13.15.11:067][  0]LogDirectoryWatcher: A directory notification failed for '//StuHome/HomeDrive5$/1503395/GitHub/Gameplay-Mechanics/PropNavigationGame/Saved/Collections/' because it was empty or there was a buffer overflow. Attemping another request...
[2018.03.13-13.15.11:068][  0]LogDirectoryWatcher: A directory notification failed for '//StuHome/HomeDrive5$/1503395/GitHub/Gameplay-Mechanics/PropNavigationGame/Saved/Collections/', and we were unable to create a new request.
[2018.03.13-13.15.11:068][  0]LogDirectoryWatcher: A directory notification failed for '//StuHome/HomeDrive5$/1503395/GitHub/Gameplay-Mechanics/PropNavigationGame/Content/Developers/1503395/Collections/' because it was empty or there was a buffer overflow. Attemping another request...
[2018.03.13-13.15.11:069][  0]LogDirectoryWatcher: A directory notification failed for '//StuHome/HomeDrive5$/1503395/GitHub/Gameplay-Mechanics/PropNavigationGame/Content/Developers/1503395/Collections/', and we were unable to create a new request.
[2018.03.13-13.15.11:069][  0]LogDirectoryWatcher: A directory notification failed for '//StuHome/HomeDrive5$/1503395/GitHub/Gameplay-Mechanics/PropNavigationGame/Content/Collections/' because it was empty or there was a buffer overflow. Attemping another request...
[2018.03.13-13.15.11:070][  0]LogDirectoryWatcher: A directory notification failed for '//StuHome/HomeDrive5$/1503395/GitHub/Gameplay-Mechanics/PropNavigationGame/Content/Collections/', and we were unable to create a new request.
[2018.03.13-13.15.11:074][  0]LogContentStreaming: Texture pool size now 1000 MB
[2018.03.13-13.15.11:729][  2]LogAssetRegistry: Asset discovery search completed in 25.3754 seconds
[2018.03.13-13.15.11:732][  2]LogCollectionManager: Rebuilt the object cache for 0 collections in 0.000001 seconds (found 0 objects)
[2018.03.13-13.15.11:733][  2]LogCollectionManager: Fixed up redirectors for 0 collections in 0.000309 seconds (updated 0 objects)
[2018.03.13-13.15.14:487][166]LogSlate: Took 0.003236 seconds to synchronously load lazily loaded font '../../../Engine/Content/Slate/Fonts/Roboto-Light.ttf' (159K)
[2018.03.13-13.15.24:816][155]LogSlate: Took 0.000198 seconds to synchronously load lazily loaded font '../../../Engine/Content/Slate/Fonts/Roboto-Light.ttf' (159K)
[2018.03.13-13.15.25:051][155]LogTemp: Warning: Doesn't Contain: 0.007813.
[2018.03.13-13.15.25:931][155]LogAIModule: Creating AISystem for world StarTrekMap
[2018.03.13-13.15.25:953][155]Cmd: MAP LOAD FILE="//StuHome/HomeDrive5$/1503395/GitHub/Gameplay-Mechanics/PropNavigationGame/Content/StarTrekMap.umap" TEMPLATE=0 SHOWPROGRESS=1 FEATURELEVEL=3
[2018.03.13-13.15.25:954][155]LightingResults: New page: Lighting Build
[2018.03.13-13.15.25:954][155]LoadErrors: New page: Loading map: StarTrekMap.umap
[2018.03.13-13.15.25:955][155]MapCheck: New page: Map Check
[2018.03.13-13.15.25:955][155]LightingResults: New page: Lighting Build
[2018.03.13-13.15.25:981][155]LogEditorServer: Finished looking for orphan Actors (0.000 secs)
[2018.03.13-13.15.26:026][155]Cmd: MAP CHECKDEP NOCLEARLOG
[2018.03.13-13.15.26:105][155]MapCheck: Map check complete: 0 Error(s), 0 Warning(s), took 78.492ms to complete.
[2018.03.13-13.15.26:105][155]LogFileHelpers: Loading map 'StarTrekMap' took 0.152
[2018.03.13-13.15.27:891][354]LogTemp: Repeating last play command: Selected Viewport
[2018.03.13-13.15.28:104][354]LogPlayLevel: PlayLevel: No blueprints needed recompiling
[2018.03.13-13.15.28:105][354]PIE: New page: PIE session: StarTrekMap (13 Mar 2018 13:15:28)
[2018.03.13-13.15.28:106][354]LogPlayLevel: Creating play world package: /Game/UEDPIE_0_StarTrekMap
[2018.03.13-13.15.28:107][354]LogTemp: Warning: Doesn't Contain: 0.007813.
[2018.03.13-13.15.28:120][354]LogPlayLevel: PIE: StaticDuplicateObject took: (0.013939s)
[2018.03.13-13.15.28:122][354]LogAIModule: Creating AISystem for world StarTrekMap
[2018.03.13-13.15.28:122][354]LogPlayLevel: PIE: World Init took: (0.002036s)
[2018.03.13-13.15.28:123][354]LogPlayLevel: PIE: Created PIE world by copying editor world from /Game/StarTrekMap.StarTrekMap to /Game/UEDPIE_0_StarTrekMap.StarTrekMap (0.017550s)
[2018.03.13-13.15.28:153][354]LogInit: XAudio2 using 'Realtek Digital Output (Realtek High Definition Audio)' : 2 channels at 48 kHz using 16 bits per sample (channel mask 0x3)
[2018.03.13-13.15.28:213][354]LogInit: FAudioDevice initialized.
[2018.03.13-13.15.28:258][354]LogLoad: Game class is 'MySpaceGameMode_C'
[2018.03.13-13.15.28:265][354]LogWorld: Bringing World /Game/UEDPIE_0_StarTrekMap.StarTrekMap up for play (max tick rate 0) at 2018.03.13-13.15.28
[2018.03.13-13.15.28:273][354]LogWorld: Bringing up level for play took: 0.010829
[2018.03.13-13.15.28:381][354]LogContentBrowser: Native class hierarchy updated for 'MovieSceneCapture' in 0.0037 seconds. Added 11 classes and 0 folders.
[2018.03.13-13.15.28:391][354]PIE: Play in editor start time for /Game/UEDPIE_0_StarTrekMap 0.975
[2018.03.13-13.15.43:872][206]LogTemp: Warning: Targeted Actor: EnemyShip_1.
[2018.03.13-13.15.44:355][264]LogTemp: Warning: Trace Actor EnemyShip_1.
[2018.03.13-13.17.09:524][871]LogVSAccessor: Warning: Couldn't goto line number '0' in '//StuHome/HomeDrive5$/1503395/GitHub/Gameplay-Mechanics/PropNavigationGame/Source/PropNavigationGame/PlayerShip.h'
[2018.03.13-13.17.09:735][871]LogVSAccessor: Warning: Couldn't goto line number '0' in '//StuHome/HomeDrive5$/1503395/GitHub/Gameplay-Mechanics/PropNavigationGame/Source/PropNavigationGame/PlayerShip.cpp'
[2018.03.13-13.22.33:661][935]Candidate modules for hot reload:
[2018.03.13-13.22.33:661][935]  PropNavigationGame
[2018.03.13-13.22.33:662][935]Launching UnrealBuildTool... [C:/Program Files (x86)/Epic Games/UE_4.17/Engine/Binaries/DotNET/UnrealBuildTool.exe PropNavigationGame -ModuleWithSuffix PropNavigationGame 51 Win64 Development -editorrecompile -canskiplink "//StuHome/HomeDrive5$/1503395/GitHub/Gameplay-Mechanics/PropNavigationGame/PropNavigationGame.uproject" ]
[2018.03.13-13.22.33:664][935]Warning: Starting HotReload took  0.0s.
[2018.03.13-13.23.31:494][646]CompilerResultsLog: New page: Compilation - 13 Mar 2018 13:23:31
[2018.03.13-13.23.31:495][646]CompilerResultsLog: Compiling game modules for hot reload
[2018.03.13-13.23.31:495][646]CompilerResultsLog: Parsing headers for PropNavigationGameEditor
[2018.03.13-13.23.31:495][646]CompilerResultsLog:   Running UnrealHeaderTool "\\StuHome\HomeDrive5$\1503395\GitHub\Gameplay-Mechanics\PropNavigationGame\PropNavigationGame.uproject" "\\StuHome\HomeDrive5$\1503395\GitHub\Gameplay-Mechanics\PropNavigationGame\Intermediate\Build\Win64\PropNavigationGameEditor\Development\PropNavigationGameEditor.uhtmanifest" -LogCmds="loginit warning, logexit warning, logdatabase error" -Unattended -WarningsAsErrors -installed
[2018.03.13-13.23.31:496][646]CompilerResultsLog: Reflection code generated for PropNavigationGameEditor in 7.8588296 seconds
[2018.03.13-13.23.31:496][646]CompilerResultsLog: Performing 3 actions (4 in parallel)
[2018.03.13-13.23.31:496][646]CompilerResultsLog: PlayerShip.cpp
[2018.03.13-13.23.31:496][646]CompilerResultsLog: Error: \\StuHome\HomeDrive5$\1503395\GitHub\Gameplay-Mechanics\PropNavigationGame\Source\PropNavigationGame\PlayerShip.cpp(149) : warning C4996: 'NewNamedObject': NewNamedObject is deprecated. Use NewObject instead Please update your code to the new API before upgrading to the next release, otherwise your project will no longer compile.
[2018.03.13-13.23.31:497][646]CompilerResultsLog: C:\Program Files (x86)\Epic Games\UE_4.17\Engine\Source\Runtime\CoreUObject\Public\UObject/UObjectGlobals.h(1239): note: see declaration of 'NewNamedObject'
[2018.03.13-13.23.31:497][646]CompilerResultsLog: [2/3] Link UE4Editor-PropNavigationGame-51.dll
[2018.03.13-13.23.31:497][646]CompilerResultsLog: [3/3] Link UE4Editor-PropNavigationGame-51.lib
[2018.03.13-13.23.31:497][646]CompilerResultsLog:    Creating library \\StuHome\HomeDrive5$\1503395\GitHub\Gameplay-Mechanics\PropNavigationGame\Intermediate\Build\Win64\UE4Editor\Development\UE4Editor-PropNavigationGame-51.lib and object \\StuHome\HomeDrive5$\1503395\GitHub\Gameplay-Mechanics\PropNavigationGame\Intermediate\Build\Win64\UE4Editor\Development\UE4Editor-PropNavigationGame-51.exp
[2018.03.13-13.23.31:498][646]CompilerResultsLog:    Creating library \\StuHome\HomeDrive5$\1503395\GitHub\Gameplay-Mechanics\PropNavigationGame\Intermediate\Build\Win64\UE4Editor\Development\UE4Editor-PropNavigationGame-51.suppressed.lib and object \\StuHome\HomeDrive5$\1503395\GitHub\Gameplay-Mechanics\PropNavigationGame\Intermediate\Build\Win64\UE4Editor\Development\UE4Editor-PropNavigationGame-51.suppressed.exp
[2018.03.13-13.23.31:498][646]CompilerResultsLog: Total build time: 57.30 seconds (Local executor: 12.07 seconds)
[2018.03.13-13.23.31:499][646]LogMainFrame: MainFrame: Module compiling took 57.842 seconds
[2018.03.13-13.23.31:894][646]LogScriptCore: Error: Script Msg: A null object was passed as a world context object to UEngine::GetWorldFromContextObject().
[2018.03.13-13.23.31:894][646]LogScriptCore: Error: Script call stack:
	[Empty] (FFrame::GetScriptCallstack() called from native code)
[2018.03.13-13.23.31:895][646]LogTemp: Warning: Doesn't Contain: 0.007813.
[2018.03.13-13.23.31:904][646]LogHotReload: Re-instancing EnemyShip after hot-reload.
[2018.03.13-13.23.31:991][646]LogScriptCore: Error: Script Msg: A null object was passed as a world context object to UEngine::GetWorldFromContextObject().
[2018.03.13-13.23.31:991][646]LogScriptCore: Error: Script call stack:
	[Empty] (FFrame::GetScriptCallstack() called from native code)
[2018.03.13-13.23.31:993][646]LogPackageName: Error: DoesPackageExist: DoesPackageExist FAILED: 'SkeletalMesh'/Game/StarterContent/Excelsior' is not a standard unreal filename or a long path name. Reason: Path should start with a '/'
[2018.03.13-13.23.31:993][646]LogLinker: Warning: Can't find file 'SkeletalMesh'/Game/StarterContent/Excelsior'
[2018.03.13-13.23.31:994][646]LogPackageName: Error: DoesPackageExist: DoesPackageExist FAILED: 'SkeletalMesh'/Game/StarterContent/Excelsior' is not a standard unreal filename or a long path name. Reason: Path should start with a '/'
[2018.03.13-13.23.31:994][646]LogLinker: Warning: Can't find file 'SkeletalMesh'/Game/StarterContent/Excelsior'
[2018.03.13-13.23.31:994][646]LogUObjectGlobals: Warning: Failed to find object 'SkeletalMesh SkeletalMesh'/Game/StarterContent/Excelsior.Excelsior'
[2018.03.13-13.23.31:994][646]LogLinker: Error: AddRedirectList(AddKnownMissing) failed to add redirector from SkeletalMesh'/Game/StarterContent/Excelsior to SkeletalMesh'/Game/StarterContent/Excelsior with invalid characters!
[2018.03.13-13.23.31:995][646]Error: CDO Constructor (PlayerShip): Failed to find 'SkeletalMesh'/Game/StarterContent/Excelsior.Excelsior'

[2018.03.13-13.23.31:999][646]LogContentBrowser: Native class hierarchy updated for 'PropNavigationGame' in 0.0029 seconds. Added 10 classes and 2 folders.
[2018.03.13-13.23.31:999][646]Warning: Some classes could not be reloaded:
Error: CDO Constructor (PlayerShip): Failed to find 'SkeletalMesh'/Game/StarterContent/Excelsior.Excelsior'


[2018.03.13-13.23.32:000][646]Display: HotReload successful (5 functions remapped  0 scriptstructs remapped)
[2018.03.13-13.23.32:079][646]LogContentBrowser: Native class hierarchy populated in 0.0114 seconds. Added 2398 classes and 506 folders.
[2018.03.13-13.23.32:080][646]Display: HotReload took 58.4s.
[2018.03.13-13.23.36:147][816]LogTemp: Repeating last play command: Selected Viewport
[2018.03.13-13.23.36:162][816]LogPlayLevel: PlayLevel: No blueprints needed recompiling
[2018.03.13-13.23.36:163][816]PIE: New page: PIE session: StarTrekMap (13 Mar 2018 13:23:36)
[2018.03.13-13.23.36:163][816]LogPlayLevel: Creating play world package: /Game/UEDPIE_0_StarTrekMap
[2018.03.13-13.23.36:168][816]LogPlayLevel: PIE: StaticDuplicateObject took: (0.005335s)
[2018.03.13-13.23.36:170][816]LogAIModule: Creating AISystem for world StarTrekMap
[2018.03.13-13.23.36:170][816]LogPlayLevel: PIE: World Init took: (0.001969s)
[2018.03.13-13.23.36:171][816]LogPlayLevel: PIE: Created PIE world by copying editor world from /Game/StarTrekMap.StarTrekMap to /Game/UEDPIE_0_StarTrekMap.StarTrekMap (0.007863s)
[2018.03.13-13.23.36:181][816]LogInit: XAudio2 using 'Realtek Digital Output (Realtek High Definition Audio)' : 2 channels at 48 kHz using 16 bits per sample (channel mask 0x3)
[2018.03.13-13.23.36:227][816]LogInit: FAudioDevice initialized.
[2018.03.13-13.23.36:257][816]LogLoad: Game class is 'MySpaceGameMode_C'
[2018.03.13-13.23.36:260][816]LogWorld: Bringing World /Game/UEDPIE_0_StarTrekMap.StarTrekMap up for play (max tick rate 0) at 2018.03.13-13.23.36
[2018.03.13-13.23.36:261][816]LogWorld: Bringing up level for play took: 0.001939
[2018.03.13-13.23.36:262][816]LogTemp: Warning: Doesn't Contain: 0.000000.
[2018.03.13-13.23.36:263][816]LogTemp: Warning: Doesn't Contain: FiringSocketLeft.
[2018.03.13-13.23.36:273][816]LogWindows: Windows GetLastError: The operation completed successfully. (0)
[2018.03.13-13.23.37:922][816]LogWindows: Error: === Critical error: ===
[2018.03.13-13.23.37:922][816]LogWindows: Error: 
[2018.03.13-13.23.37:922][816]LogWindows: Error: Assertion failed: (Index >= 0) & (Index < ArrayNum) [File:C:\Program Files (x86)\Epic Games\UE_4.17\Engine\Source\Runtime\Core\Public\Containers/Array.h] [Line: 596] 
[2018.03.13-13.23.37:922][816]LogWindows: Error: Array index out of bounds: 1 from an array of size 1
[2018.03.13-13.23.37:922][816]LogWindows: Error: 
[2018.03.13-13.23.37:922][816]LogWindows: Error: 
[2018.03.13-13.23.37:922][816]LogWindows: Error: KERNELBASE.dll!0x00000000A5193FB8
[2018.03.13-13.23.37:922][816]LogWindows: Error: UE4Editor-Core.dll!0x0000000075C414A4
[2018.03.13-13.23.37:922][816]LogWindows: Error: UE4Editor-Core.dll!0x0000000075A2AD4B
[2018.03.13-13.23.37:922][816]LogWindows: Error: UE4Editor-Core.dll!0x00000000759C0169
[2018.03.13-13.23.37:922][816]LogWindows: Error: UE4Editor-PropNavigationGame-51.dll!APlayerShip::SendSocketsToFireComponents() [\\stuhome\homedrive5$\1503395\github\gameplay-mechanics\propnavigationgame\source\propnavigationgame\playership.cpp:150]
[2018.03.13-13.23.37:923][816]LogWindows: Error: UE4Editor-PropNavigationGame-51.dll!APlayerShip::BeginPlay() [\\stuhome\homedrive5$\1503395\github\gameplay-mechanics\propnavigationgame\source\propnavigationgame\playership.cpp:166]
[2018.03.13-13.23.37:923][816]LogWindows: Error: UE4Editor-Engine.dll!0x00000000723EABAB
[2018.03.13-13.23.37:923][816]LogWindows: Error: UE4Editor-Engine.dll!0x00000000735AA421
[2018.03.13-13.23.37:923][816]LogWindows: Error: UE4Editor-Engine.dll!0x0000000072B24761
[2018.03.13-13.23.37:923][816]LogWindows: Error: UE4Editor-Engine.dll!0x0000000073595BCE
[2018.03.13-13.23.37:923][816]LogWindows: Error: UE4Editor-Engine.dll!0x0000000072B47AC6
[2018.03.13-13.23.37:923][816]LogWindows: Error: UE4Editor-UnrealEd.dll!0x000000007137A39C
[2018.03.13-13.23.37:923][816]LogWindows: Error: UE4Editor-UnrealEd.dll!0x00000000713A4CFE
[2018.03.13-13.23.37:924][816]LogWindows: Error: UE4Editor-UnrealEd.dll!0x00000000713C0864
[2018.03.13-13.23.37:924][816]LogWindows: Error: UE4Editor-UnrealEd.dll!0x0000000070E2BAA8
[2018.03.13-13.23.37:924][816]LogWindows: Error: UE4Editor-UnrealEd.dll!0x00000000716BB0E6
[2018.03.13-13.23.37:924][816]LogWindows: Error: UE4Editor.exe!0x00000000C945534A
[2018.03.13-13.23.37:924][816]LogWindows: Error: UE4Editor.exe!0x00000000C9463970
[2018.03.13-13.23.37:924][816]LogWindows: Error: UE4Editor.exe!0x00000000C94639EA
[2018.03.13-13.23.37:924][816]LogWindows: Error: UE4Editor.exe!0x00000000C94702D9
[2018.03.13-13.23.37:924][816]LogWindows: Error: UE4Editor.exe!0x00000000C9471C47
[2018.03.13-13.23.37:924][816]LogWindows: Error: KERNEL32.DLL!0x00000000A6D31FE4
[2018.03.13-13.23.37:924][816]LogWindows: Error: ntdll.dll!0x00000000A8BFEF91
[2018.03.13-13.23.37:924][816]LogWindows: Error: ntdll.dll!0x00000000A8BFEF91
[2018.03.13-13.23.37:924][816]LogWindows: Error: 
[2018.03.13-13.23.37:943][816]LogExit: Executing StaticShutdownAfterError
[2018.03.13-13.23.37:958][816]LogWindows: FPlatformMisc::RequestExit(1)
[2018.03.13-13.23.37:958][816]Log file closed, 03/13/18 13:23:37
